2024-04-03 11:44:34,409 [INFO] automation Test has started.
2024-04-03 11:44:34,411 [INFO] automation Navigating to the https://chorusqa.cogninelabs.com/
2024-04-03 11:44:40,403 [ERROR] automation Element located by i0116 is not present. Message: no such element: Unable to locate element: {"method":"css selector","selector":"[id="i0116"]"}
  (Session info: chrome=122.0.6261.131); For documentation on this error, please visit: https://www.selenium.dev/documentation/webdriver/troubleshooting/errors#no-such-element-exception
Stacktrace:
	GetHandleVerifier [0x00007FF62CADAD02+56930]
	(No symbol) [0x00007FF62CA4F602]
	(No symbol) [0x00007FF62C9042E5]
	(No symbol) [0x00007FF62C9498ED]
	(No symbol) [0x00007FF62C949A2C]
	(No symbol) [0x00007FF62C98A967]
	(No symbol) [0x00007FF62C96BCDF]
	(No symbol) [0x00007FF62C9881E2]
	(No symbol) [0x00007FF62C96BA43]
	(No symbol) [0x00007FF62C93D438]
	(No symbol) [0x00007FF62C93E4D1]
	GetHandleVerifier [0x00007FF62CE56F8D+3711213]
	GetHandleVerifier [0x00007FF62CEB04CD+4077101]
	GetHandleVerifier [0x00007FF62CEA865F+4044735]
	GetHandleVerifier [0x00007FF62CB79736+706710]
	(No symbol) [0x00007FF62CA5B8DF]
	(No symbol) [0x00007FF62CA56AC4]
	(No symbol) [0x00007FF62CA56C1C]
	(No symbol) [0x00007FF62CA468D4]
	BaseThreadInitThunk [0x00007FF9494C257D+29]
	RtlUserThreadStart [0x00007FF94AC4AA58+40]

2024-04-03 11:44:40,464 [ERROR] automation Element located by i0116 is not present. Message: no such element: Unable to locate element: {"method":"css selector","selector":"[id="i0116"]"}
  (Session info: chrome=122.0.6261.131); For documentation on this error, please visit: https://www.selenium.dev/documentation/webdriver/troubleshooting/errors#no-such-element-exception
Stacktrace:
	GetHandleVerifier [0x00007FF62CADAD02+56930]
	(No symbol) [0x00007FF62CA4F602]
	(No symbol) [0x00007FF62C9042E5]
	(No symbol) [0x00007FF62C9498ED]
	(No symbol) [0x00007FF62C949A2C]
	(No symbol) [0x00007FF62C98A967]
	(No symbol) [0x00007FF62C96BCDF]
	(No symbol) [0x00007FF62C9881E2]
	(No symbol) [0x00007FF62C96BA43]
	(No symbol) [0x00007FF62C93D438]
	(No symbol) [0x00007FF62C93E4D1]
	GetHandleVerifier [0x00007FF62CE56F8D+3711213]
	GetHandleVerifier [0x00007FF62CEB04CD+4077101]
	GetHandleVerifier [0x00007FF62CEA865F+4044735]
	GetHandleVerifier [0x00007FF62CB79736+706710]
	(No symbol) [0x00007FF62CA5B8DF]
	(No symbol) [0x00007FF62CA56AC4]
	(No symbol) [0x00007FF62CA56C1C]
	(No symbol) [0x00007FF62CA468D4]
	BaseThreadInitThunk [0x00007FF9494C257D+29]
	RtlUserThreadStart [0x00007FF94AC4AA58+40]

2024-04-03 11:44:40,527 [ERROR] automation Element located by i0116 is not present. Message: no such element: Unable to locate element: {"method":"css selector","selector":"[id="i0116"]"}
  (Session info: chrome=122.0.6261.131); For documentation on this error, please visit: https://www.selenium.dev/documentation/webdriver/troubleshooting/errors#no-such-element-exception
Stacktrace:
	GetHandleVerifier [0x00007FF62CADAD02+56930]
	(No symbol) [0x00007FF62CA4F602]
	(No symbol) [0x00007FF62C9042E5]
	(No symbol) [0x00007FF62C9498ED]
	(No symbol) [0x00007FF62C949A2C]
	(No symbol) [0x00007FF62C98A967]
	(No symbol) [0x00007FF62C96BCDF]
	(No symbol) [0x00007FF62C9881E2]
	(No symbol) [0x00007FF62C96BA43]
	(No symbol) [0x00007FF62C93D438]
	(No symbol) [0x00007FF62C93E4D1]
	GetHandleVerifier [0x00007FF62CE56F8D+3711213]
	GetHandleVerifier [0x00007FF62CEB04CD+4077101]
	GetHandleVerifier [0x00007FF62CEA865F+4044735]
	GetHandleVerifier [0x00007FF62CB79736+706710]
	(No symbol) [0x00007FF62CA5B8DF]
	(No symbol) [0x00007FF62CA56AC4]
	(No symbol) [0x00007FF62CA56C1C]
	(No symbol) [0x00007FF62CA468D4]
	BaseThreadInitThunk [0x00007FF9494C257D+29]
	RtlUserThreadStart [0x00007FF94AC4AA58+40]

2024-04-03 11:44:40,592 [ERROR] automation Element located by i0116 is not present. Message: no such element: Unable to locate element: {"method":"css selector","selector":"[id="i0116"]"}
  (Session info: chrome=122.0.6261.131); For documentation on this error, please visit: https://www.selenium.dev/documentation/webdriver/troubleshooting/errors#no-such-element-exception
Stacktrace:
	GetHandleVerifier [0x00007FF62CADAD02+56930]
	(No symbol) [0x00007FF62CA4F602]
	(No symbol) [0x00007FF62C9042E5]
	(No symbol) [0x00007FF62C9498ED]
	(No symbol) [0x00007FF62C949A2C]
	(No symbol) [0x00007FF62C98A967]
	(No symbol) [0x00007FF62C96BCDF]
	(No symbol) [0x00007FF62C9881E2]
	(No symbol) [0x00007FF62C96BA43]
	(No symbol) [0x00007FF62C93D438]
	(No symbol) [0x00007FF62C93E4D1]
	GetHandleVerifier [0x00007FF62CE56F8D+3711213]
	GetHandleVerifier [0x00007FF62CEB04CD+4077101]
	GetHandleVerifier [0x00007FF62CEA865F+4044735]
	GetHandleVerifier [0x00007FF62CB79736+706710]
	(No symbol) [0x00007FF62CA5B8DF]
	(No symbol) [0x00007FF62CA56AC4]
	(No symbol) [0x00007FF62CA56C1C]
	(No symbol) [0x00007FF62CA468D4]
	BaseThreadInitThunk [0x00007FF9494C257D+29]
	RtlUserThreadStart [0x00007FF94AC4AA58+40]

2024-04-03 11:44:40,658 [ERROR] automation Element located by i0116 is not present. Message: no such element: Unable to locate element: {"method":"css selector","selector":"[id="i0116"]"}
  (Session info: chrome=122.0.6261.131); For documentation on this error, please visit: https://www.selenium.dev/documentation/webdriver/troubleshooting/errors#no-such-element-exception
Stacktrace:
	GetHandleVerifier [0x00007FF62CADAD02+56930]
	(No symbol) [0x00007FF62CA4F602]
	(No symbol) [0x00007FF62C9042E5]
	(No symbol) [0x00007FF62C9498ED]
	(No symbol) [0x00007FF62C949A2C]
	(No symbol) [0x00007FF62C98A967]
	(No symbol) [0x00007FF62C96BCDF]
	(No symbol) [0x00007FF62C9881E2]
	(No symbol) [0x00007FF62C96BA43]
	(No symbol) [0x00007FF62C93D438]
	(No symbol) [0x00007FF62C93E4D1]
	GetHandleVerifier [0x00007FF62CE56F8D+3711213]
	GetHandleVerifier [0x00007FF62CEB04CD+4077101]
	GetHandleVerifier [0x00007FF62CEA865F+4044735]
	GetHandleVerifier [0x00007FF62CB79736+706710]
	(No symbol) [0x00007FF62CA5B8DF]
	(No symbol) [0x00007FF62CA56AC4]
	(No symbol) [0x00007FF62CA56C1C]
	(No symbol) [0x00007FF62CA468D4]
	BaseThreadInitThunk [0x00007FF9494C257D+29]
	RtlUserThreadStart [0x00007FF94AC4AA58+40]

2024-04-03 11:44:40,723 [ERROR] automation Element located by i0116 is not present. Message: no such element: Unable to locate element: {"method":"css selector","selector":"[id="i0116"]"}
  (Session info: chrome=122.0.6261.131); For documentation on this error, please visit: https://www.selenium.dev/documentation/webdriver/troubleshooting/errors#no-such-element-exception
Stacktrace:
	GetHandleVerifier [0x00007FF62CADAD02+56930]
	(No symbol) [0x00007FF62CA4F602]
	(No symbol) [0x00007FF62C9042E5]
	(No symbol) [0x00007FF62C9498ED]
	(No symbol) [0x00007FF62C949A2C]
	(No symbol) [0x00007FF62C98A967]
	(No symbol) [0x00007FF62C96BCDF]
	(No symbol) [0x00007FF62C9881E2]
	(No symbol) [0x00007FF62C96BA43]
	(No symbol) [0x00007FF62C93D438]
	(No symbol) [0x00007FF62C93E4D1]
	GetHandleVerifier [0x00007FF62CE56F8D+3711213]
	GetHandleVerifier [0x00007FF62CEB04CD+4077101]
	GetHandleVerifier [0x00007FF62CEA865F+4044735]
	GetHandleVerifier [0x00007FF62CB79736+706710]
	(No symbol) [0x00007FF62CA5B8DF]
	(No symbol) [0x00007FF62CA56AC4]
	(No symbol) [0x00007FF62CA56C1C]
	(No symbol) [0x00007FF62CA468D4]
	BaseThreadInitThunk [0x00007FF9494C257D+29]
	RtlUserThreadStart [0x00007FF94AC4AA58+40]

2024-04-03 11:44:40,789 [ERROR] automation Element located by i0116 is not present. Message: no such element: Unable to locate element: {"method":"css selector","selector":"[id="i0116"]"}
  (Session info: chrome=122.0.6261.131); For documentation on this error, please visit: https://www.selenium.dev/documentation/webdriver/troubleshooting/errors#no-such-element-exception
Stacktrace:
	GetHandleVerifier [0x00007FF62CADAD02+56930]
	(No symbol) [0x00007FF62CA4F602]
	(No symbol) [0x00007FF62C9042E5]
	(No symbol) [0x00007FF62C9498ED]
	(No symbol) [0x00007FF62C949A2C]
	(No symbol) [0x00007FF62C98A967]
	(No symbol) [0x00007FF62C96BCDF]
	(No symbol) [0x00007FF62C9881E2]
	(No symbol) [0x00007FF62C96BA43]
	(No symbol) [0x00007FF62C93D438]
	(No symbol) [0x00007FF62C93E4D1]
	GetHandleVerifier [0x00007FF62CE56F8D+3711213]
	GetHandleVerifier [0x00007FF62CEB04CD+4077101]
	GetHandleVerifier [0x00007FF62CEA865F+4044735]
	GetHandleVerifier [0x00007FF62CB79736+706710]
	(No symbol) [0x00007FF62CA5B8DF]
	(No symbol) [0x00007FF62CA56AC4]
	(No symbol) [0x00007FF62CA56C1C]
	(No symbol) [0x00007FF62CA468D4]
	BaseThreadInitThunk [0x00007FF9494C257D+29]
	RtlUserThreadStart [0x00007FF94AC4AA58+40]

2024-04-03 11:44:41,520 [ERROR] automation Element located by i0116 is not present. Message: no such element: Unable to locate element: {"method":"css selector","selector":"[id="i0116"]"}
  (Session info: chrome=122.0.6261.131); For documentation on this error, please visit: https://www.selenium.dev/documentation/webdriver/troubleshooting/errors#no-such-element-exception
Stacktrace:
	GetHandleVerifier [0x00007FF62CADAD02+56930]
	(No symbol) [0x00007FF62CA4F602]
	(No symbol) [0x00007FF62C9042E5]
	(No symbol) [0x00007FF62C9498ED]
	(No symbol) [0x00007FF62C949A2C]
	(No symbol) [0x00007FF62C98A967]
	(No symbol) [0x00007FF62C96BCDF]
	(No symbol) [0x00007FF62C9881E2]
	(No symbol) [0x00007FF62C96BA43]
	(No symbol) [0x00007FF62C93D438]
	(No symbol) [0x00007FF62C93E4D1]
	GetHandleVerifier [0x00007FF62CE56F8D+3711213]
	GetHandleVerifier [0x00007FF62CEB04CD+4077101]
	GetHandleVerifier [0x00007FF62CEA865F+4044735]
	GetHandleVerifier [0x00007FF62CB79736+706710]
	(No symbol) [0x00007FF62CA5B8DF]
	(No symbol) [0x00007FF62CA56AC4]
	(No symbol) [0x00007FF62CA56C1C]
	(No symbol) [0x00007FF62CA468D4]
	BaseThreadInitThunk [0x00007FF9494C257D+29]
	RtlUserThreadStart [0x00007FF94AC4AA58+40]

2024-04-03 11:44:41,580 [ERROR] automation Element located by i0116 is not present. Message: no such element: Unable to locate element: {"method":"css selector","selector":"[id="i0116"]"}
  (Session info: chrome=122.0.6261.131); For documentation on this error, please visit: https://www.selenium.dev/documentation/webdriver/troubleshooting/errors#no-such-element-exception
Stacktrace:
	GetHandleVerifier [0x00007FF62CADAD02+56930]
	(No symbol) [0x00007FF62CA4F602]
	(No symbol) [0x00007FF62C9042E5]
	(No symbol) [0x00007FF62C9498ED]
	(No symbol) [0x00007FF62C949A2C]
	(No symbol) [0x00007FF62C98A967]
	(No symbol) [0x00007FF62C96BCDF]
	(No symbol) [0x00007FF62C9881E2]
	(No symbol) [0x00007FF62C96BA43]
	(No symbol) [0x00007FF62C93D438]
	(No symbol) [0x00007FF62C93E4D1]
	GetHandleVerifier [0x00007FF62CE56F8D+3711213]
	GetHandleVerifier [0x00007FF62CEB04CD+4077101]
	GetHandleVerifier [0x00007FF62CEA865F+4044735]
	GetHandleVerifier [0x00007FF62CB79736+706710]
	(No symbol) [0x00007FF62CA5B8DF]
	(No symbol) [0x00007FF62CA56AC4]
	(No symbol) [0x00007FF62CA56C1C]
	(No symbol) [0x00007FF62CA468D4]
	BaseThreadInitThunk [0x00007FF9494C257D+29]
	RtlUserThreadStart [0x00007FF94AC4AA58+40]

2024-04-03 11:44:41,642 [ERROR] automation Element located by i0116 is not present. Message: no such element: Unable to locate element: {"method":"css selector","selector":"[id="i0116"]"}
  (Session info: chrome=122.0.6261.131); For documentation on this error, please visit: https://www.selenium.dev/documentation/webdriver/troubleshooting/errors#no-such-element-exception
Stacktrace:
	GetHandleVerifier [0x00007FF62CADAD02+56930]
	(No symbol) [0x00007FF62CA4F602]
	(No symbol) [0x00007FF62C9042E5]
	(No symbol) [0x00007FF62C9498ED]
	(No symbol) [0x00007FF62C949A2C]
	(No symbol) [0x00007FF62C98A967]
	(No symbol) [0x00007FF62C96BCDF]
	(No symbol) [0x00007FF62C9881E2]
	(No symbol) [0x00007FF62C96BA43]
	(No symbol) [0x00007FF62C93D438]
	(No symbol) [0x00007FF62C93E4D1]
	GetHandleVerifier [0x00007FF62CE56F8D+3711213]
	GetHandleVerifier [0x00007FF62CEB04CD+4077101]
	GetHandleVerifier [0x00007FF62CEA865F+4044735]
	GetHandleVerifier [0x00007FF62CB79736+706710]
	(No symbol) [0x00007FF62CA5B8DF]
	(No symbol) [0x00007FF62CA56AC4]
	(No symbol) [0x00007FF62CA56C1C]
	(No symbol) [0x00007FF62CA468D4]
	BaseThreadInitThunk [0x00007FF9494C257D+29]
	RtlUserThreadStart [0x00007FF94AC4AA58+40]

2024-04-03 11:44:41,710 [ERROR] automation Element located by i0116 is not present. Message: no such element: Unable to locate element: {"method":"css selector","selector":"[id="i0116"]"}
  (Session info: chrome=122.0.6261.131); For documentation on this error, please visit: https://www.selenium.dev/documentation/webdriver/troubleshooting/errors#no-such-element-exception
Stacktrace:
	GetHandleVerifier [0x00007FF62CADAD02+56930]
	(No symbol) [0x00007FF62CA4F602]
	(No symbol) [0x00007FF62C9042E5]
	(No symbol) [0x00007FF62C9498ED]
	(No symbol) [0x00007FF62C949A2C]
	(No symbol) [0x00007FF62C98A967]
	(No symbol) [0x00007FF62C96BCDF]
	(No symbol) [0x00007FF62C9881E2]
	(No symbol) [0x00007FF62C96BA43]
	(No symbol) [0x00007FF62C93D438]
	(No symbol) [0x00007FF62C93E4D1]
	GetHandleVerifier [0x00007FF62CE56F8D+3711213]
	GetHandleVerifier [0x00007FF62CEB04CD+4077101]
	GetHandleVerifier [0x00007FF62CEA865F+4044735]
	GetHandleVerifier [0x00007FF62CB79736+706710]
	(No symbol) [0x00007FF62CA5B8DF]
	(No symbol) [0x00007FF62CA56AC4]
	(No symbol) [0x00007FF62CA56C1C]
	(No symbol) [0x00007FF62CA468D4]
	BaseThreadInitThunk [0x00007FF9494C257D+29]
	RtlUserThreadStart [0x00007FF94AC4AA58+40]

2024-04-03 11:44:41,835 [ERROR] automation Element located by i0116 is not present. Message: no such element: Unable to locate element: {"method":"css selector","selector":"[id="i0116"]"}
  (Session info: chrome=122.0.6261.131); For documentation on this error, please visit: https://www.selenium.dev/documentation/webdriver/troubleshooting/errors#no-such-element-exception
Stacktrace:
	GetHandleVerifier [0x00007FF62CADAD02+56930]
	(No symbol) [0x00007FF62CA4F602]
	(No symbol) [0x00007FF62C9042E5]
	(No symbol) [0x00007FF62C9498ED]
	(No symbol) [0x00007FF62C949A2C]
	(No symbol) [0x00007FF62C98A967]
	(No symbol) [0x00007FF62C96BCDF]
	(No symbol) [0x00007FF62C9881E2]
	(No symbol) [0x00007FF62C96BA43]
	(No symbol) [0x00007FF62C93D438]
	(No symbol) [0x00007FF62C93E4D1]
	GetHandleVerifier [0x00007FF62CE56F8D+3711213]
	GetHandleVerifier [0x00007FF62CEB04CD+4077101]
	GetHandleVerifier [0x00007FF62CEA865F+4044735]
	GetHandleVerifier [0x00007FF62CB79736+706710]
	(No symbol) [0x00007FF62CA5B8DF]
	(No symbol) [0x00007FF62CA56AC4]
	(No symbol) [0x00007FF62CA56C1C]
	(No symbol) [0x00007FF62CA468D4]
	BaseThreadInitThunk [0x00007FF9494C257D+29]
	RtlUserThreadStart [0x00007FF94AC4AA58+40]

2024-04-03 11:44:41,896 [ERROR] automation Element located by i0116 is not present. Message: no such element: Unable to locate element: {"method":"css selector","selector":"[id="i0116"]"}
  (Session info: chrome=122.0.6261.131); For documentation on this error, please visit: https://www.selenium.dev/documentation/webdriver/troubleshooting/errors#no-such-element-exception
Stacktrace:
	GetHandleVerifier [0x00007FF62CADAD02+56930]
	(No symbol) [0x00007FF62CA4F602]
	(No symbol) [0x00007FF62C9042E5]
	(No symbol) [0x00007FF62C9498ED]
	(No symbol) [0x00007FF62C949A2C]
	(No symbol) [0x00007FF62C98A967]
	(No symbol) [0x00007FF62C96BCDF]
	(No symbol) [0x00007FF62C9881E2]
	(No symbol) [0x00007FF62C96BA43]
	(No symbol) [0x00007FF62C93D438]
	(No symbol) [0x00007FF62C93E4D1]
	GetHandleVerifier [0x00007FF62CE56F8D+3711213]
	GetHandleVerifier [0x00007FF62CEB04CD+4077101]
	GetHandleVerifier [0x00007FF62CEA865F+4044735]
	GetHandleVerifier [0x00007FF62CB79736+706710]
	(No symbol) [0x00007FF62CA5B8DF]
	(No symbol) [0x00007FF62CA56AC4]
	(No symbol) [0x00007FF62CA56C1C]
	(No symbol) [0x00007FF62CA468D4]
	BaseThreadInitThunk [0x00007FF9494C257D+29]
	RtlUserThreadStart [0x00007FF94AC4AA58+40]

2024-04-03 11:44:41,957 [ERROR] automation Element located by i0116 is not present. Message: no such element: Unable to locate element: {"method":"css selector","selector":"[id="i0116"]"}
  (Session info: chrome=122.0.6261.131); For documentation on this error, please visit: https://www.selenium.dev/documentation/webdriver/troubleshooting/errors#no-such-element-exception
Stacktrace:
	GetHandleVerifier [0x00007FF62CADAD02+56930]
	(No symbol) [0x00007FF62CA4F602]
	(No symbol) [0x00007FF62C9042E5]
	(No symbol) [0x00007FF62C9498ED]
	(No symbol) [0x00007FF62C949A2C]
	(No symbol) [0x00007FF62C98A967]
	(No symbol) [0x00007FF62C96BCDF]
	(No symbol) [0x00007FF62C9881E2]
	(No symbol) [0x00007FF62C96BA43]
	(No symbol) [0x00007FF62C93D438]
	(No symbol) [0x00007FF62C93E4D1]
	GetHandleVerifier [0x00007FF62CE56F8D+3711213]
	GetHandleVerifier [0x00007FF62CEB04CD+4077101]
	GetHandleVerifier [0x00007FF62CEA865F+4044735]
	GetHandleVerifier [0x00007FF62CB79736+706710]
	(No symbol) [0x00007FF62CA5B8DF]
	(No symbol) [0x00007FF62CA56AC4]
	(No symbol) [0x00007FF62CA56C1C]
	(No symbol) [0x00007FF62CA468D4]
	BaseThreadInitThunk [0x00007FF9494C257D+29]
	RtlUserThreadStart [0x00007FF94AC4AA58+40]

2024-04-03 11:44:42,021 [ERROR] automation Element located by i0116 is not present. Message: no such element: Unable to locate element: {"method":"css selector","selector":"[id="i0116"]"}
  (Session info: chrome=122.0.6261.131); For documentation on this error, please visit: https://www.selenium.dev/documentation/webdriver/troubleshooting/errors#no-such-element-exception
Stacktrace:
	GetHandleVerifier [0x00007FF62CADAD02+56930]
	(No symbol) [0x00007FF62CA4F602]
	(No symbol) [0x00007FF62C9042E5]
	(No symbol) [0x00007FF62C9498ED]
	(No symbol) [0x00007FF62C949A2C]
	(No symbol) [0x00007FF62C98A967]
	(No symbol) [0x00007FF62C96BCDF]
	(No symbol) [0x00007FF62C9881E2]
	(No symbol) [0x00007FF62C96BA43]
	(No symbol) [0x00007FF62C93D438]
	(No symbol) [0x00007FF62C93E4D1]
	GetHandleVerifier [0x00007FF62CE56F8D+3711213]
	GetHandleVerifier [0x00007FF62CEB04CD+4077101]
	GetHandleVerifier [0x00007FF62CEA865F+4044735]
	GetHandleVerifier [0x00007FF62CB79736+706710]
	(No symbol) [0x00007FF62CA5B8DF]
	(No symbol) [0x00007FF62CA56AC4]
	(No symbol) [0x00007FF62CA56C1C]
	(No symbol) [0x00007FF62CA468D4]
	BaseThreadInitThunk [0x00007FF9494C257D+29]
	RtlUserThreadStart [0x00007FF94AC4AA58+40]

2024-04-03 11:44:42,217 [INFO] automation Element located by i0116 is present.
2024-04-03 11:44:49,487 [INFO] automation Element located by //div[@class='logo'] is present.
2024-04-03 11:44:54,448 [INFO] automation Element located by //div[@class='tableFixHead']/table/tbody/tr[contains(@class,'even_col')][1] is present.
2024-04-03 11:44:56,897 [INFO] automation Element located by //input[@formcontrolname='email'] is present.
2024-04-03 11:44:56,906 [INFO] automation Element located by //input[@formcontrolname='email'] is present.
2024-04-03 11:44:57,313 [ERROR] automation Element located by //span[contains(text(),'Email Address already exists')] is not present. Message: no such element: Unable to locate element: {"method":"xpath","selector":"//span[contains(text(),'Email Address already exists')]"}
  (Session info: chrome=122.0.6261.131); For documentation on this error, please visit: https://www.selenium.dev/documentation/webdriver/troubleshooting/errors#no-such-element-exception
Stacktrace:
	GetHandleVerifier [0x00007FF62CADAD02+56930]
	(No symbol) [0x00007FF62CA4F602]
	(No symbol) [0x00007FF62C9042E5]
	(No symbol) [0x00007FF62C9498ED]
	(No symbol) [0x00007FF62C949A2C]
	(No symbol) [0x00007FF62C98A967]
	(No symbol) [0x00007FF62C96BCDF]
	(No symbol) [0x00007FF62C9881E2]
	(No symbol) [0x00007FF62C96BA43]
	(No symbol) [0x00007FF62C93D438]
	(No symbol) [0x00007FF62C93E4D1]
	GetHandleVerifier [0x00007FF62CE56F8D+3711213]
	GetHandleVerifier [0x00007FF62CEB04CD+4077101]
	GetHandleVerifier [0x00007FF62CEA865F+4044735]
	GetHandleVerifier [0x00007FF62CB79736+706710]
	(No symbol) [0x00007FF62CA5B8DF]
	(No symbol) [0x00007FF62CA56AC4]
	(No symbol) [0x00007FF62CA56C1C]
	(No symbol) [0x00007FF62CA468D4]
	BaseThreadInitThunk [0x00007FF9494C257D+29]
	RtlUserThreadStart [0x00007FF94AC4AA58+40]

2024-04-03 11:44:57,329 [ERROR] automation Element located by //div[@role='alert' and contains(text(),'success') or contains(text(),'Success')] is not present. Message: no such element: Unable to locate element: {"method":"xpath","selector":"//div[@role='alert' and contains(text(),'success') or contains(text(),'Success')]"}
  (Session info: chrome=122.0.6261.131); For documentation on this error, please visit: https://www.selenium.dev/documentation/webdriver/troubleshooting/errors#no-such-element-exception
Stacktrace:
	GetHandleVerifier [0x00007FF62CADAD02+56930]
	(No symbol) [0x00007FF62CA4F602]
	(No symbol) [0x00007FF62C9042E5]
	(No symbol) [0x00007FF62C9498ED]
	(No symbol) [0x00007FF62C949A2C]
	(No symbol) [0x00007FF62C98A967]
	(No symbol) [0x00007FF62C96BCDF]
	(No symbol) [0x00007FF62C9881E2]
	(No symbol) [0x00007FF62C96BA43]
	(No symbol) [0x00007FF62C93D438]
	(No symbol) [0x00007FF62C93E4D1]
	GetHandleVerifier [0x00007FF62CE56F8D+3711213]
	GetHandleVerifier [0x00007FF62CEB04CD+4077101]
	GetHandleVerifier [0x00007FF62CEA865F+4044735]
	GetHandleVerifier [0x00007FF62CB79736+706710]
	(No symbol) [0x00007FF62CA5B8DF]
	(No symbol) [0x00007FF62CA56AC4]
	(No symbol) [0x00007FF62CA56C1C]
	(No symbol) [0x00007FF62CA468D4]
	BaseThreadInitThunk [0x00007FF9494C257D+29]
	RtlUserThreadStart [0x00007FF94AC4AA58+40]

2024-04-03 11:44:57,329 [INFO] automation Test passed.
2024-04-03 11:44:57,337 [INFO] automation Test has started.
2024-04-03 11:44:57,337 [INFO] automation Navigating to the https://chorusqa.cogninelabs.com/
2024-04-03 11:45:04,782 [ERROR] automation Element located by i0116 is not present. Message: no such element: Unable to locate element: {"method":"css selector","selector":"[id="i0116"]"}
  (Session info: chrome=122.0.6261.131); For documentation on this error, please visit: https://www.selenium.dev/documentation/webdriver/troubleshooting/errors#no-such-element-exception
Stacktrace:
	GetHandleVerifier [0x00007FF62CADAD02+56930]
	(No symbol) [0x00007FF62CA4F602]
	(No symbol) [0x00007FF62C9042E5]
	(No symbol) [0x00007FF62C9498ED]
	(No symbol) [0x00007FF62C949A2C]
	(No symbol) [0x00007FF62C98A967]
	(No symbol) [0x00007FF62C96BCDF]
	(No symbol) [0x00007FF62C9881E2]
	(No symbol) [0x00007FF62C96BA43]
	(No symbol) [0x00007FF62C93D438]
	(No symbol) [0x00007FF62C93E4D1]
	GetHandleVerifier [0x00007FF62CE56F8D+3711213]
	GetHandleVerifier [0x00007FF62CEB04CD+4077101]
	GetHandleVerifier [0x00007FF62CEA865F+4044735]
	GetHandleVerifier [0x00007FF62CB79736+706710]
	(No symbol) [0x00007FF62CA5B8DF]
	(No symbol) [0x00007FF62CA56AC4]
	(No symbol) [0x00007FF62CA56C1C]
	(No symbol) [0x00007FF62CA468D4]
	BaseThreadInitThunk [0x00007FF9494C257D+29]
	RtlUserThreadStart [0x00007FF94AC4AA58+40]

2024-04-03 11:45:04,841 [ERROR] automation Element located by i0116 is not present. Message: no such element: Unable to locate element: {"method":"css selector","selector":"[id="i0116"]"}
  (Session info: chrome=122.0.6261.131); For documentation on this error, please visit: https://www.selenium.dev/documentation/webdriver/troubleshooting/errors#no-such-element-exception
Stacktrace:
	GetHandleVerifier [0x00007FF62CADAD02+56930]
	(No symbol) [0x00007FF62CA4F602]
	(No symbol) [0x00007FF62C9042E5]
	(No symbol) [0x00007FF62C9498ED]
	(No symbol) [0x00007FF62C949A2C]
	(No symbol) [0x00007FF62C98A967]
	(No symbol) [0x00007FF62C96BCDF]
	(No symbol) [0x00007FF62C9881E2]
	(No symbol) [0x00007FF62C96BA43]
	(No symbol) [0x00007FF62C93D438]
	(No symbol) [0x00007FF62C93E4D1]
	GetHandleVerifier [0x00007FF62CE56F8D+3711213]
	GetHandleVerifier [0x00007FF62CEB04CD+4077101]
	GetHandleVerifier [0x00007FF62CEA865F+4044735]
	GetHandleVerifier [0x00007FF62CB79736+706710]
	(No symbol) [0x00007FF62CA5B8DF]
	(No symbol) [0x00007FF62CA56AC4]
	(No symbol) [0x00007FF62CA56C1C]
	(No symbol) [0x00007FF62CA468D4]
	BaseThreadInitThunk [0x00007FF9494C257D+29]
	RtlUserThreadStart [0x00007FF94AC4AA58+40]

2024-04-03 11:45:04,901 [ERROR] automation Element located by i0116 is not present. Message: no such element: Unable to locate element: {"method":"css selector","selector":"[id="i0116"]"}
  (Session info: chrome=122.0.6261.131); For documentation on this error, please visit: https://www.selenium.dev/documentation/webdriver/troubleshooting/errors#no-such-element-exception
Stacktrace:
	GetHandleVerifier [0x00007FF62CADAD02+56930]
	(No symbol) [0x00007FF62CA4F602]
	(No symbol) [0x00007FF62C9042E5]
	(No symbol) [0x00007FF62C9498ED]
	(No symbol) [0x00007FF62C949A2C]
	(No symbol) [0x00007FF62C98A967]
	(No symbol) [0x00007FF62C96BCDF]
	(No symbol) [0x00007FF62C9881E2]
	(No symbol) [0x00007FF62C96BA43]
	(No symbol) [0x00007FF62C93D438]
	(No symbol) [0x00007FF62C93E4D1]
	GetHandleVerifier [0x00007FF62CE56F8D+3711213]
	GetHandleVerifier [0x00007FF62CEB04CD+4077101]
	GetHandleVerifier [0x00007FF62CEA865F+4044735]
	GetHandleVerifier [0x00007FF62CB79736+706710]
	(No symbol) [0x00007FF62CA5B8DF]
	(No symbol) [0x00007FF62CA56AC4]
	(No symbol) [0x00007FF62CA56C1C]
	(No symbol) [0x00007FF62CA468D4]
	BaseThreadInitThunk [0x00007FF9494C257D+29]
	RtlUserThreadStart [0x00007FF94AC4AA58+40]

2024-04-03 11:45:04,965 [ERROR] automation Element located by i0116 is not present. Message: no such element: Unable to locate element: {"method":"css selector","selector":"[id="i0116"]"}
  (Session info: chrome=122.0.6261.131); For documentation on this error, please visit: https://www.selenium.dev/documentation/webdriver/troubleshooting/errors#no-such-element-exception
Stacktrace:
	GetHandleVerifier [0x00007FF62CADAD02+56930]
	(No symbol) [0x00007FF62CA4F602]
	(No symbol) [0x00007FF62C9042E5]
	(No symbol) [0x00007FF62C9498ED]
	(No symbol) [0x00007FF62C949A2C]
	(No symbol) [0x00007FF62C98A967]
	(No symbol) [0x00007FF62C96BCDF]
	(No symbol) [0x00007FF62C9881E2]
	(No symbol) [0x00007FF62C96BA43]
	(No symbol) [0x00007FF62C93D438]
	(No symbol) [0x00007FF62C93E4D1]
	GetHandleVerifier [0x00007FF62CE56F8D+3711213]
	GetHandleVerifier [0x00007FF62CEB04CD+4077101]
	GetHandleVerifier [0x00007FF62CEA865F+4044735]
	GetHandleVerifier [0x00007FF62CB79736+706710]
	(No symbol) [0x00007FF62CA5B8DF]
	(No symbol) [0x00007FF62CA56AC4]
	(No symbol) [0x00007FF62CA56C1C]
	(No symbol) [0x00007FF62CA468D4]
	BaseThreadInitThunk [0x00007FF9494C257D+29]
	RtlUserThreadStart [0x00007FF94AC4AA58+40]

2024-04-03 11:45:05,026 [ERROR] automation Element located by i0116 is not present. Message: no such element: Unable to locate element: {"method":"css selector","selector":"[id="i0116"]"}
  (Session info: chrome=122.0.6261.131); For documentation on this error, please visit: https://www.selenium.dev/documentation/webdriver/troubleshooting/errors#no-such-element-exception
Stacktrace:
	GetHandleVerifier [0x00007FF62CADAD02+56930]
	(No symbol) [0x00007FF62CA4F602]
	(No symbol) [0x00007FF62C9042E5]
	(No symbol) [0x00007FF62C9498ED]
	(No symbol) [0x00007FF62C949A2C]
	(No symbol) [0x00007FF62C98A967]
	(No symbol) [0x00007FF62C96BCDF]
	(No symbol) [0x00007FF62C9881E2]
	(No symbol) [0x00007FF62C96BA43]
	(No symbol) [0x00007FF62C93D438]
	(No symbol) [0x00007FF62C93E4D1]
	GetHandleVerifier [0x00007FF62CE56F8D+3711213]
	GetHandleVerifier [0x00007FF62CEB04CD+4077101]
	GetHandleVerifier [0x00007FF62CEA865F+4044735]
	GetHandleVerifier [0x00007FF62CB79736+706710]
	(No symbol) [0x00007FF62CA5B8DF]
	(No symbol) [0x00007FF62CA56AC4]
	(No symbol) [0x00007FF62CA56C1C]
	(No symbol) [0x00007FF62CA468D4]
	BaseThreadInitThunk [0x00007FF9494C257D+29]
	RtlUserThreadStart [0x00007FF94AC4AA58+40]

2024-04-03 11:45:05,087 [ERROR] automation Element located by i0116 is not present. Message: no such element: Unable to locate element: {"method":"css selector","selector":"[id="i0116"]"}
  (Session info: chrome=122.0.6261.131); For documentation on this error, please visit: https://www.selenium.dev/documentation/webdriver/troubleshooting/errors#no-such-element-exception
Stacktrace:
	GetHandleVerifier [0x00007FF62CADAD02+56930]
	(No symbol) [0x00007FF62CA4F602]
	(No symbol) [0x00007FF62C9042E5]
	(No symbol) [0x00007FF62C9498ED]
	(No symbol) [0x00007FF62C949A2C]
	(No symbol) [0x00007FF62C98A967]
	(No symbol) [0x00007FF62C96BCDF]
	(No symbol) [0x00007FF62C9881E2]
	(No symbol) [0x00007FF62C96BA43]
	(No symbol) [0x00007FF62C93D438]
	(No symbol) [0x00007FF62C93E4D1]
	GetHandleVerifier [0x00007FF62CE56F8D+3711213]
	GetHandleVerifier [0x00007FF62CEB04CD+4077101]
	GetHandleVerifier [0x00007FF62CEA865F+4044735]
	GetHandleVerifier [0x00007FF62CB79736+706710]
	(No symbol) [0x00007FF62CA5B8DF]
	(No symbol) [0x00007FF62CA56AC4]
	(No symbol) [0x00007FF62CA56C1C]
	(No symbol) [0x00007FF62CA468D4]
	BaseThreadInitThunk [0x00007FF9494C257D+29]
	RtlUserThreadStart [0x00007FF94AC4AA58+40]

2024-04-03 11:45:05,147 [ERROR] automation Element located by i0116 is not present. Message: no such element: Unable to locate element: {"method":"css selector","selector":"[id="i0116"]"}
  (Session info: chrome=122.0.6261.131); For documentation on this error, please visit: https://www.selenium.dev/documentation/webdriver/troubleshooting/errors#no-such-element-exception
Stacktrace:
	GetHandleVerifier [0x00007FF62CADAD02+56930]
	(No symbol) [0x00007FF62CA4F602]
	(No symbol) [0x00007FF62C9042E5]
	(No symbol) [0x00007FF62C9498ED]
	(No symbol) [0x00007FF62C949A2C]
	(No symbol) [0x00007FF62C98A967]
	(No symbol) [0x00007FF62C96BCDF]
	(No symbol) [0x00007FF62C9881E2]
	(No symbol) [0x00007FF62C96BA43]
	(No symbol) [0x00007FF62C93D438]
	(No symbol) [0x00007FF62C93E4D1]
	GetHandleVerifier [0x00007FF62CE56F8D+3711213]
	GetHandleVerifier [0x00007FF62CEB04CD+4077101]
	GetHandleVerifier [0x00007FF62CEA865F+4044735]
	GetHandleVerifier [0x00007FF62CB79736+706710]
	(No symbol) [0x00007FF62CA5B8DF]
	(No symbol) [0x00007FF62CA56AC4]
	(No symbol) [0x00007FF62CA56C1C]
	(No symbol) [0x00007FF62CA468D4]
	BaseThreadInitThunk [0x00007FF9494C257D+29]
	RtlUserThreadStart [0x00007FF94AC4AA58+40]

2024-04-03 11:45:05,208 [ERROR] automation Element located by i0116 is not present. Message: no such element: Unable to locate element: {"method":"css selector","selector":"[id="i0116"]"}
  (Session info: chrome=122.0.6261.131); For documentation on this error, please visit: https://www.selenium.dev/documentation/webdriver/troubleshooting/errors#no-such-element-exception
Stacktrace:
	GetHandleVerifier [0x00007FF62CADAD02+56930]
	(No symbol) [0x00007FF62CA4F602]
	(No symbol) [0x00007FF62C9042E5]
	(No symbol) [0x00007FF62C9498ED]
	(No symbol) [0x00007FF62C949A2C]
	(No symbol) [0x00007FF62C98A967]
	(No symbol) [0x00007FF62C96BCDF]
	(No symbol) [0x00007FF62C9881E2]
	(No symbol) [0x00007FF62C96BA43]
	(No symbol) [0x00007FF62C93D438]
	(No symbol) [0x00007FF62C93E4D1]
	GetHandleVerifier [0x00007FF62CE56F8D+3711213]
	GetHandleVerifier [0x00007FF62CEB04CD+4077101]
	GetHandleVerifier [0x00007FF62CEA865F+4044735]
	GetHandleVerifier [0x00007FF62CB79736+706710]
	(No symbol) [0x00007FF62CA5B8DF]
	(No symbol) [0x00007FF62CA56AC4]
	(No symbol) [0x00007FF62CA56C1C]
	(No symbol) [0x00007FF62CA468D4]
	BaseThreadInitThunk [0x00007FF9494C257D+29]
	RtlUserThreadStart [0x00007FF94AC4AA58+40]

2024-04-03 11:45:06,418 [ERROR] automation Element located by i0116 is not present. Message: no such element: Unable to locate element: {"method":"css selector","selector":"[id="i0116"]"}
  (Session info: chrome=122.0.6261.131); For documentation on this error, please visit: https://www.selenium.dev/documentation/webdriver/troubleshooting/errors#no-such-element-exception
Stacktrace:
	GetHandleVerifier [0x00007FF62CADAD02+56930]
	(No symbol) [0x00007FF62CA4F602]
	(No symbol) [0x00007FF62C9042E5]
	(No symbol) [0x00007FF62C9498ED]
	(No symbol) [0x00007FF62C949A2C]
	(No symbol) [0x00007FF62C98A967]
	(No symbol) [0x00007FF62C96BCDF]
	(No symbol) [0x00007FF62C9881E2]
	(No symbol) [0x00007FF62C96BA43]
	(No symbol) [0x00007FF62C93D438]
	(No symbol) [0x00007FF62C93E4D1]
	GetHandleVerifier [0x00007FF62CE56F8D+3711213]
	GetHandleVerifier [0x00007FF62CEB04CD+4077101]
	GetHandleVerifier [0x00007FF62CEA865F+4044735]
	GetHandleVerifier [0x00007FF62CB79736+706710]
	(No symbol) [0x00007FF62CA5B8DF]
	(No symbol) [0x00007FF62CA56AC4]
	(No symbol) [0x00007FF62CA56C1C]
	(No symbol) [0x00007FF62CA468D4]
	BaseThreadInitThunk [0x00007FF9494C257D+29]
	RtlUserThreadStart [0x00007FF94AC4AA58+40]

2024-04-03 11:45:06,483 [ERROR] automation Element located by i0116 is not present. Message: no such element: Unable to locate element: {"method":"css selector","selector":"[id="i0116"]"}
  (Session info: chrome=122.0.6261.131); For documentation on this error, please visit: https://www.selenium.dev/documentation/webdriver/troubleshooting/errors#no-such-element-exception
Stacktrace:
	GetHandleVerifier [0x00007FF62CADAD02+56930]
	(No symbol) [0x00007FF62CA4F602]
	(No symbol) [0x00007FF62C9042E5]
	(No symbol) [0x00007FF62C9498ED]
	(No symbol) [0x00007FF62C949A2C]
	(No symbol) [0x00007FF62C98A967]
	(No symbol) [0x00007FF62C96BCDF]
	(No symbol) [0x00007FF62C9881E2]
	(No symbol) [0x00007FF62C96BA43]
	(No symbol) [0x00007FF62C93D438]
	(No symbol) [0x00007FF62C93E4D1]
	GetHandleVerifier [0x00007FF62CE56F8D+3711213]
	GetHandleVerifier [0x00007FF62CEB04CD+4077101]
	GetHandleVerifier [0x00007FF62CEA865F+4044735]
	GetHandleVerifier [0x00007FF62CB79736+706710]
	(No symbol) [0x00007FF62CA5B8DF]
	(No symbol) [0x00007FF62CA56AC4]
	(No symbol) [0x00007FF62CA56C1C]
	(No symbol) [0x00007FF62CA468D4]
	BaseThreadInitThunk [0x00007FF9494C257D+29]
	RtlUserThreadStart [0x00007FF94AC4AA58+40]

2024-04-03 11:45:06,612 [ERROR] automation Element located by i0116 is not present. Message: no such element: Unable to locate element: {"method":"css selector","selector":"[id="i0116"]"}
  (Session info: chrome=122.0.6261.131); For documentation on this error, please visit: https://www.selenium.dev/documentation/webdriver/troubleshooting/errors#no-such-element-exception
Stacktrace:
	GetHandleVerifier [0x00007FF62CADAD02+56930]
	(No symbol) [0x00007FF62CA4F602]
	(No symbol) [0x00007FF62C9042E5]
	(No symbol) [0x00007FF62C9498ED]
	(No symbol) [0x00007FF62C949A2C]
	(No symbol) [0x00007FF62C98A967]
	(No symbol) [0x00007FF62C96BCDF]
	(No symbol) [0x00007FF62C9881E2]
	(No symbol) [0x00007FF62C96BA43]
	(No symbol) [0x00007FF62C93D438]
	(No symbol) [0x00007FF62C93E4D1]
	GetHandleVerifier [0x00007FF62CE56F8D+3711213]
	GetHandleVerifier [0x00007FF62CEB04CD+4077101]
	GetHandleVerifier [0x00007FF62CEA865F+4044735]
	GetHandleVerifier [0x00007FF62CB79736+706710]
	(No symbol) [0x00007FF62CA5B8DF]
	(No symbol) [0x00007FF62CA56AC4]
	(No symbol) [0x00007FF62CA56C1C]
	(No symbol) [0x00007FF62CA468D4]
	BaseThreadInitThunk [0x00007FF9494C257D+29]
	RtlUserThreadStart [0x00007FF94AC4AA58+40]

2024-04-03 11:45:06,703 [INFO] automation Element located by i0116 is present.
2024-04-03 11:45:14,223 [INFO] automation Element located by //div[@class='logo'] is present.
2024-04-03 11:45:18,760 [INFO] automation CPU Percent: 26.9	Virtual Memory: svmem(total=12635017216, available=888934400, percent=93.0, used=11746082816, free=888934400)
2024-04-03 11:45:18,847 [INFO] automation screenshot logged as: C:\Users\Thanusha Kotaprolu\Automation Projects\cognine-crm-automation\RunExecutionScripts\common\logs\screenshots\test_crm_bulk_email_page_smoke_test__fail03114518375b.png
2024-04-03 11:45:18,854 [ERROR] automation Test failed.
