2024-04-03 15:06:38,215 [INFO] automation Test has started.
2024-04-03 15:06:38,215 [INFO] automation Navigating to the https://chorusqa.cogninelabs.com/
2024-04-03 15:06:44,752 [ERROR] automation Element located by i0116 is not present. Message: no such element: Unable to locate element: {"method":"css selector","selector":"[id="i0116"]"}
  (Session info: chrome=122.0.6261.131); For documentation on this error, please visit: https://www.selenium.dev/documentation/webdriver/troubleshooting/errors#no-such-element-exception
Stacktrace:
	GetHandleVerifier [0x00007FF6321CAD02+56930]
	(No symbol) [0x00007FF63213F602]
	(No symbol) [0x00007FF631FF42E5]
	(No symbol) [0x00007FF6320398ED]
	(No symbol) [0x00007FF632039A2C]
	(No symbol) [0x00007FF63207A967]
	(No symbol) [0x00007FF63205BCDF]
	(No symbol) [0x00007FF6320781E2]
	(No symbol) [0x00007FF63205BA43]
	(No symbol) [0x00007FF63202D438]
	(No symbol) [0x00007FF63202E4D1]
	GetHandleVerifier [0x00007FF632546F8D+3711213]
	GetHandleVerifier [0x00007FF6325A04CD+4077101]
	GetHandleVerifier [0x00007FF63259865F+4044735]
	GetHandleVerifier [0x00007FF632269736+706710]
	(No symbol) [0x00007FF63214B8DF]
	(No symbol) [0x00007FF632146AC4]
	(No symbol) [0x00007FF632146C1C]
	(No symbol) [0x00007FF6321368D4]
	BaseThreadInitThunk [0x00007FF9494C257D+29]
	RtlUserThreadStart [0x00007FF94AC4AA58+40]

2024-04-03 15:06:44,818 [ERROR] automation Element located by i0116 is not present. Message: no such element: Unable to locate element: {"method":"css selector","selector":"[id="i0116"]"}
  (Session info: chrome=122.0.6261.131); For documentation on this error, please visit: https://www.selenium.dev/documentation/webdriver/troubleshooting/errors#no-such-element-exception
Stacktrace:
	GetHandleVerifier [0x00007FF6321CAD02+56930]
	(No symbol) [0x00007FF63213F602]
	(No symbol) [0x00007FF631FF42E5]
	(No symbol) [0x00007FF6320398ED]
	(No symbol) [0x00007FF632039A2C]
	(No symbol) [0x00007FF63207A967]
	(No symbol) [0x00007FF63205BCDF]
	(No symbol) [0x00007FF6320781E2]
	(No symbol) [0x00007FF63205BA43]
	(No symbol) [0x00007FF63202D438]
	(No symbol) [0x00007FF63202E4D1]
	GetHandleVerifier [0x00007FF632546F8D+3711213]
	GetHandleVerifier [0x00007FF6325A04CD+4077101]
	GetHandleVerifier [0x00007FF63259865F+4044735]
	GetHandleVerifier [0x00007FF632269736+706710]
	(No symbol) [0x00007FF63214B8DF]
	(No symbol) [0x00007FF632146AC4]
	(No symbol) [0x00007FF632146C1C]
	(No symbol) [0x00007FF6321368D4]
	BaseThreadInitThunk [0x00007FF9494C257D+29]
	RtlUserThreadStart [0x00007FF94AC4AA58+40]

2024-04-03 15:06:44,887 [ERROR] automation Element located by i0116 is not present. Message: no such element: Unable to locate element: {"method":"css selector","selector":"[id="i0116"]"}
  (Session info: chrome=122.0.6261.131); For documentation on this error, please visit: https://www.selenium.dev/documentation/webdriver/troubleshooting/errors#no-such-element-exception
Stacktrace:
	GetHandleVerifier [0x00007FF6321CAD02+56930]
	(No symbol) [0x00007FF63213F602]
	(No symbol) [0x00007FF631FF42E5]
	(No symbol) [0x00007FF6320398ED]
	(No symbol) [0x00007FF632039A2C]
	(No symbol) [0x00007FF63207A967]
	(No symbol) [0x00007FF63205BCDF]
	(No symbol) [0x00007FF6320781E2]
	(No symbol) [0x00007FF63205BA43]
	(No symbol) [0x00007FF63202D438]
	(No symbol) [0x00007FF63202E4D1]
	GetHandleVerifier [0x00007FF632546F8D+3711213]
	GetHandleVerifier [0x00007FF6325A04CD+4077101]
	GetHandleVerifier [0x00007FF63259865F+4044735]
	GetHandleVerifier [0x00007FF632269736+706710]
	(No symbol) [0x00007FF63214B8DF]
	(No symbol) [0x00007FF632146AC4]
	(No symbol) [0x00007FF632146C1C]
	(No symbol) [0x00007FF6321368D4]
	BaseThreadInitThunk [0x00007FF9494C257D+29]
	RtlUserThreadStart [0x00007FF94AC4AA58+40]

2024-04-03 15:06:44,951 [ERROR] automation Element located by i0116 is not present. Message: no such element: Unable to locate element: {"method":"css selector","selector":"[id="i0116"]"}
  (Session info: chrome=122.0.6261.131); For documentation on this error, please visit: https://www.selenium.dev/documentation/webdriver/troubleshooting/errors#no-such-element-exception
Stacktrace:
	GetHandleVerifier [0x00007FF6321CAD02+56930]
	(No symbol) [0x00007FF63213F602]
	(No symbol) [0x00007FF631FF42E5]
	(No symbol) [0x00007FF6320398ED]
	(No symbol) [0x00007FF632039A2C]
	(No symbol) [0x00007FF63207A967]
	(No symbol) [0x00007FF63205BCDF]
	(No symbol) [0x00007FF6320781E2]
	(No symbol) [0x00007FF63205BA43]
	(No symbol) [0x00007FF63202D438]
	(No symbol) [0x00007FF63202E4D1]
	GetHandleVerifier [0x00007FF632546F8D+3711213]
	GetHandleVerifier [0x00007FF6325A04CD+4077101]
	GetHandleVerifier [0x00007FF63259865F+4044735]
	GetHandleVerifier [0x00007FF632269736+706710]
	(No symbol) [0x00007FF63214B8DF]
	(No symbol) [0x00007FF632146AC4]
	(No symbol) [0x00007FF632146C1C]
	(No symbol) [0x00007FF6321368D4]
	BaseThreadInitThunk [0x00007FF9494C257D+29]
	RtlUserThreadStart [0x00007FF94AC4AA58+40]

2024-04-03 15:06:45,020 [ERROR] automation Element located by i0116 is not present. Message: no such element: Unable to locate element: {"method":"css selector","selector":"[id="i0116"]"}
  (Session info: chrome=122.0.6261.131); For documentation on this error, please visit: https://www.selenium.dev/documentation/webdriver/troubleshooting/errors#no-such-element-exception
Stacktrace:
	GetHandleVerifier [0x00007FF6321CAD02+56930]
	(No symbol) [0x00007FF63213F602]
	(No symbol) [0x00007FF631FF42E5]
	(No symbol) [0x00007FF6320398ED]
	(No symbol) [0x00007FF632039A2C]
	(No symbol) [0x00007FF63207A967]
	(No symbol) [0x00007FF63205BCDF]
	(No symbol) [0x00007FF6320781E2]
	(No symbol) [0x00007FF63205BA43]
	(No symbol) [0x00007FF63202D438]
	(No symbol) [0x00007FF63202E4D1]
	GetHandleVerifier [0x00007FF632546F8D+3711213]
	GetHandleVerifier [0x00007FF6325A04CD+4077101]
	GetHandleVerifier [0x00007FF63259865F+4044735]
	GetHandleVerifier [0x00007FF632269736+706710]
	(No symbol) [0x00007FF63214B8DF]
	(No symbol) [0x00007FF632146AC4]
	(No symbol) [0x00007FF632146C1C]
	(No symbol) [0x00007FF6321368D4]
	BaseThreadInitThunk [0x00007FF9494C257D+29]
	RtlUserThreadStart [0x00007FF94AC4AA58+40]

2024-04-03 15:06:45,087 [ERROR] automation Element located by i0116 is not present. Message: no such element: Unable to locate element: {"method":"css selector","selector":"[id="i0116"]"}
  (Session info: chrome=122.0.6261.131); For documentation on this error, please visit: https://www.selenium.dev/documentation/webdriver/troubleshooting/errors#no-such-element-exception
Stacktrace:
	GetHandleVerifier [0x00007FF6321CAD02+56930]
	(No symbol) [0x00007FF63213F602]
	(No symbol) [0x00007FF631FF42E5]
	(No symbol) [0x00007FF6320398ED]
	(No symbol) [0x00007FF632039A2C]
	(No symbol) [0x00007FF63207A967]
	(No symbol) [0x00007FF63205BCDF]
	(No symbol) [0x00007FF6320781E2]
	(No symbol) [0x00007FF63205BA43]
	(No symbol) [0x00007FF63202D438]
	(No symbol) [0x00007FF63202E4D1]
	GetHandleVerifier [0x00007FF632546F8D+3711213]
	GetHandleVerifier [0x00007FF6325A04CD+4077101]
	GetHandleVerifier [0x00007FF63259865F+4044735]
	GetHandleVerifier [0x00007FF632269736+706710]
	(No symbol) [0x00007FF63214B8DF]
	(No symbol) [0x00007FF632146AC4]
	(No symbol) [0x00007FF632146C1C]
	(No symbol) [0x00007FF6321368D4]
	BaseThreadInitThunk [0x00007FF9494C257D+29]
	RtlUserThreadStart [0x00007FF94AC4AA58+40]

2024-04-03 15:06:45,153 [ERROR] automation Element located by i0116 is not present. Message: no such element: Unable to locate element: {"method":"css selector","selector":"[id="i0116"]"}
  (Session info: chrome=122.0.6261.131); For documentation on this error, please visit: https://www.selenium.dev/documentation/webdriver/troubleshooting/errors#no-such-element-exception
Stacktrace:
	GetHandleVerifier [0x00007FF6321CAD02+56930]
	(No symbol) [0x00007FF63213F602]
	(No symbol) [0x00007FF631FF42E5]
	(No symbol) [0x00007FF6320398ED]
	(No symbol) [0x00007FF632039A2C]
	(No symbol) [0x00007FF63207A967]
	(No symbol) [0x00007FF63205BCDF]
	(No symbol) [0x00007FF6320781E2]
	(No symbol) [0x00007FF63205BA43]
	(No symbol) [0x00007FF63202D438]
	(No symbol) [0x00007FF63202E4D1]
	GetHandleVerifier [0x00007FF632546F8D+3711213]
	GetHandleVerifier [0x00007FF6325A04CD+4077101]
	GetHandleVerifier [0x00007FF63259865F+4044735]
	GetHandleVerifier [0x00007FF632269736+706710]
	(No symbol) [0x00007FF63214B8DF]
	(No symbol) [0x00007FF632146AC4]
	(No symbol) [0x00007FF632146C1C]
	(No symbol) [0x00007FF6321368D4]
	BaseThreadInitThunk [0x00007FF9494C257D+29]
	RtlUserThreadStart [0x00007FF94AC4AA58+40]

2024-04-03 15:06:46,010 [ERROR] automation Element located by i0116 is not present. Message: no such element: Unable to locate element: {"method":"css selector","selector":"[id="i0116"]"}
  (Session info: chrome=122.0.6261.131); For documentation on this error, please visit: https://www.selenium.dev/documentation/webdriver/troubleshooting/errors#no-such-element-exception
Stacktrace:
	GetHandleVerifier [0x00007FF6321CAD02+56930]
	(No symbol) [0x00007FF63213F602]
	(No symbol) [0x00007FF631FF42E5]
	(No symbol) [0x00007FF6320398ED]
	(No symbol) [0x00007FF632039A2C]
	(No symbol) [0x00007FF63207A967]
	(No symbol) [0x00007FF63205BCDF]
	(No symbol) [0x00007FF6320781E2]
	(No symbol) [0x00007FF63205BA43]
	(No symbol) [0x00007FF63202D438]
	(No symbol) [0x00007FF63202E4D1]
	GetHandleVerifier [0x00007FF632546F8D+3711213]
	GetHandleVerifier [0x00007FF6325A04CD+4077101]
	GetHandleVerifier [0x00007FF63259865F+4044735]
	GetHandleVerifier [0x00007FF632269736+706710]
	(No symbol) [0x00007FF63214B8DF]
	(No symbol) [0x00007FF632146AC4]
	(No symbol) [0x00007FF632146C1C]
	(No symbol) [0x00007FF6321368D4]
	BaseThreadInitThunk [0x00007FF9494C257D+29]
	RtlUserThreadStart [0x00007FF94AC4AA58+40]

2024-04-03 15:06:46,074 [ERROR] automation Element located by i0116 is not present. Message: no such element: Unable to locate element: {"method":"css selector","selector":"[id="i0116"]"}
  (Session info: chrome=122.0.6261.131); For documentation on this error, please visit: https://www.selenium.dev/documentation/webdriver/troubleshooting/errors#no-such-element-exception
Stacktrace:
	GetHandleVerifier [0x00007FF6321CAD02+56930]
	(No symbol) [0x00007FF63213F602]
	(No symbol) [0x00007FF631FF42E5]
	(No symbol) [0x00007FF6320398ED]
	(No symbol) [0x00007FF632039A2C]
	(No symbol) [0x00007FF63207A967]
	(No symbol) [0x00007FF63205BCDF]
	(No symbol) [0x00007FF6320781E2]
	(No symbol) [0x00007FF63205BA43]
	(No symbol) [0x00007FF63202D438]
	(No symbol) [0x00007FF63202E4D1]
	GetHandleVerifier [0x00007FF632546F8D+3711213]
	GetHandleVerifier [0x00007FF6325A04CD+4077101]
	GetHandleVerifier [0x00007FF63259865F+4044735]
	GetHandleVerifier [0x00007FF632269736+706710]
	(No symbol) [0x00007FF63214B8DF]
	(No symbol) [0x00007FF632146AC4]
	(No symbol) [0x00007FF632146C1C]
	(No symbol) [0x00007FF6321368D4]
	BaseThreadInitThunk [0x00007FF9494C257D+29]
	RtlUserThreadStart [0x00007FF94AC4AA58+40]

2024-04-03 15:06:46,140 [ERROR] automation Element located by i0116 is not present. Message: no such element: Unable to locate element: {"method":"css selector","selector":"[id="i0116"]"}
  (Session info: chrome=122.0.6261.131); For documentation on this error, please visit: https://www.selenium.dev/documentation/webdriver/troubleshooting/errors#no-such-element-exception
Stacktrace:
	GetHandleVerifier [0x00007FF6321CAD02+56930]
	(No symbol) [0x00007FF63213F602]
	(No symbol) [0x00007FF631FF42E5]
	(No symbol) [0x00007FF6320398ED]
	(No symbol) [0x00007FF632039A2C]
	(No symbol) [0x00007FF63207A967]
	(No symbol) [0x00007FF63205BCDF]
	(No symbol) [0x00007FF6320781E2]
	(No symbol) [0x00007FF63205BA43]
	(No symbol) [0x00007FF63202D438]
	(No symbol) [0x00007FF63202E4D1]
	GetHandleVerifier [0x00007FF632546F8D+3711213]
	GetHandleVerifier [0x00007FF6325A04CD+4077101]
	GetHandleVerifier [0x00007FF63259865F+4044735]
	GetHandleVerifier [0x00007FF632269736+706710]
	(No symbol) [0x00007FF63214B8DF]
	(No symbol) [0x00007FF632146AC4]
	(No symbol) [0x00007FF632146C1C]
	(No symbol) [0x00007FF6321368D4]
	BaseThreadInitThunk [0x00007FF9494C257D+29]
	RtlUserThreadStart [0x00007FF94AC4AA58+40]

2024-04-03 15:06:46,205 [ERROR] automation Element located by i0116 is not present. Message: no such element: Unable to locate element: {"method":"css selector","selector":"[id="i0116"]"}
  (Session info: chrome=122.0.6261.131); For documentation on this error, please visit: https://www.selenium.dev/documentation/webdriver/troubleshooting/errors#no-such-element-exception
Stacktrace:
	GetHandleVerifier [0x00007FF6321CAD02+56930]
	(No symbol) [0x00007FF63213F602]
	(No symbol) [0x00007FF631FF42E5]
	(No symbol) [0x00007FF6320398ED]
	(No symbol) [0x00007FF632039A2C]
	(No symbol) [0x00007FF63207A967]
	(No symbol) [0x00007FF63205BCDF]
	(No symbol) [0x00007FF6320781E2]
	(No symbol) [0x00007FF63205BA43]
	(No symbol) [0x00007FF63202D438]
	(No symbol) [0x00007FF63202E4D1]
	GetHandleVerifier [0x00007FF632546F8D+3711213]
	GetHandleVerifier [0x00007FF6325A04CD+4077101]
	GetHandleVerifier [0x00007FF63259865F+4044735]
	GetHandleVerifier [0x00007FF632269736+706710]
	(No symbol) [0x00007FF63214B8DF]
	(No symbol) [0x00007FF632146AC4]
	(No symbol) [0x00007FF632146C1C]
	(No symbol) [0x00007FF6321368D4]
	BaseThreadInitThunk [0x00007FF9494C257D+29]
	RtlUserThreadStart [0x00007FF94AC4AA58+40]

2024-04-03 15:06:46,274 [ERROR] automation Element located by i0116 is not present. Message: no such element: Unable to locate element: {"method":"css selector","selector":"[id="i0116"]"}
  (Session info: chrome=122.0.6261.131); For documentation on this error, please visit: https://www.selenium.dev/documentation/webdriver/troubleshooting/errors#no-such-element-exception
Stacktrace:
	GetHandleVerifier [0x00007FF6321CAD02+56930]
	(No symbol) [0x00007FF63213F602]
	(No symbol) [0x00007FF631FF42E5]
	(No symbol) [0x00007FF6320398ED]
	(No symbol) [0x00007FF632039A2C]
	(No symbol) [0x00007FF63207A967]
	(No symbol) [0x00007FF63205BCDF]
	(No symbol) [0x00007FF6320781E2]
	(No symbol) [0x00007FF63205BA43]
	(No symbol) [0x00007FF63202D438]
	(No symbol) [0x00007FF63202E4D1]
	GetHandleVerifier [0x00007FF632546F8D+3711213]
	GetHandleVerifier [0x00007FF6325A04CD+4077101]
	GetHandleVerifier [0x00007FF63259865F+4044735]
	GetHandleVerifier [0x00007FF632269736+706710]
	(No symbol) [0x00007FF63214B8DF]
	(No symbol) [0x00007FF632146AC4]
	(No symbol) [0x00007FF632146C1C]
	(No symbol) [0x00007FF6321368D4]
	BaseThreadInitThunk [0x00007FF9494C257D+29]
	RtlUserThreadStart [0x00007FF94AC4AA58+40]

2024-04-03 15:06:46,338 [ERROR] automation Element located by i0116 is not present. Message: no such element: Unable to locate element: {"method":"css selector","selector":"[id="i0116"]"}
  (Session info: chrome=122.0.6261.131); For documentation on this error, please visit: https://www.selenium.dev/documentation/webdriver/troubleshooting/errors#no-such-element-exception
Stacktrace:
	GetHandleVerifier [0x00007FF6321CAD02+56930]
	(No symbol) [0x00007FF63213F602]
	(No symbol) [0x00007FF631FF42E5]
	(No symbol) [0x00007FF6320398ED]
	(No symbol) [0x00007FF632039A2C]
	(No symbol) [0x00007FF63207A967]
	(No symbol) [0x00007FF63205BCDF]
	(No symbol) [0x00007FF6320781E2]
	(No symbol) [0x00007FF63205BA43]
	(No symbol) [0x00007FF63202D438]
	(No symbol) [0x00007FF63202E4D1]
	GetHandleVerifier [0x00007FF632546F8D+3711213]
	GetHandleVerifier [0x00007FF6325A04CD+4077101]
	GetHandleVerifier [0x00007FF63259865F+4044735]
	GetHandleVerifier [0x00007FF632269736+706710]
	(No symbol) [0x00007FF63214B8DF]
	(No symbol) [0x00007FF632146AC4]
	(No symbol) [0x00007FF632146C1C]
	(No symbol) [0x00007FF6321368D4]
	BaseThreadInitThunk [0x00007FF9494C257D+29]
	RtlUserThreadStart [0x00007FF94AC4AA58+40]

2024-04-03 15:06:46,403 [ERROR] automation Element located by i0116 is not present. Message: no such element: Unable to locate element: {"method":"css selector","selector":"[id="i0116"]"}
  (Session info: chrome=122.0.6261.131); For documentation on this error, please visit: https://www.selenium.dev/documentation/webdriver/troubleshooting/errors#no-such-element-exception
Stacktrace:
	GetHandleVerifier [0x00007FF6321CAD02+56930]
	(No symbol) [0x00007FF63213F602]
	(No symbol) [0x00007FF631FF42E5]
	(No symbol) [0x00007FF6320398ED]
	(No symbol) [0x00007FF632039A2C]
	(No symbol) [0x00007FF63207A967]
	(No symbol) [0x00007FF63205BCDF]
	(No symbol) [0x00007FF6320781E2]
	(No symbol) [0x00007FF63205BA43]
	(No symbol) [0x00007FF63202D438]
	(No symbol) [0x00007FF63202E4D1]
	GetHandleVerifier [0x00007FF632546F8D+3711213]
	GetHandleVerifier [0x00007FF6325A04CD+4077101]
	GetHandleVerifier [0x00007FF63259865F+4044735]
	GetHandleVerifier [0x00007FF632269736+706710]
	(No symbol) [0x00007FF63214B8DF]
	(No symbol) [0x00007FF632146AC4]
	(No symbol) [0x00007FF632146C1C]
	(No symbol) [0x00007FF6321368D4]
	BaseThreadInitThunk [0x00007FF9494C257D+29]
	RtlUserThreadStart [0x00007FF94AC4AA58+40]

2024-04-03 15:06:46,540 [ERROR] automation Element located by i0116 is not present. Message: no such element: Unable to locate element: {"method":"css selector","selector":"[id="i0116"]"}
  (Session info: chrome=122.0.6261.131); For documentation on this error, please visit: https://www.selenium.dev/documentation/webdriver/troubleshooting/errors#no-such-element-exception
Stacktrace:
	GetHandleVerifier [0x00007FF6321CAD02+56930]
	(No symbol) [0x00007FF63213F602]
	(No symbol) [0x00007FF631FF42E5]
	(No symbol) [0x00007FF6320398ED]
	(No symbol) [0x00007FF632039A2C]
	(No symbol) [0x00007FF63207A967]
	(No symbol) [0x00007FF63205BCDF]
	(No symbol) [0x00007FF6320781E2]
	(No symbol) [0x00007FF63205BA43]
	(No symbol) [0x00007FF63202D438]
	(No symbol) [0x00007FF63202E4D1]
	GetHandleVerifier [0x00007FF632546F8D+3711213]
	GetHandleVerifier [0x00007FF6325A04CD+4077101]
	GetHandleVerifier [0x00007FF63259865F+4044735]
	GetHandleVerifier [0x00007FF632269736+706710]
	(No symbol) [0x00007FF63214B8DF]
	(No symbol) [0x00007FF632146AC4]
	(No symbol) [0x00007FF632146C1C]
	(No symbol) [0x00007FF6321368D4]
	BaseThreadInitThunk [0x00007FF9494C257D+29]
	RtlUserThreadStart [0x00007FF94AC4AA58+40]

2024-04-03 15:06:46,805 [INFO] automation Element located by i0116 is present.
2024-04-03 15:06:53,997 [INFO] automation Element located by //div[@class='logo'] is present.
2024-04-03 15:06:58,764 [INFO] automation Element located by //div[@class='tableFixHead']/table/tbody/tr[contains(@class,'even_col')][1] is present.
2024-04-03 15:07:01,352 [INFO] automation Element located by //input[@formcontrolname='email'] is present.
2024-04-03 15:07:01,368 [INFO] automation Element located by //input[@formcontrolname='email'] is present.
2024-04-03 15:07:02,102 [ERROR] automation Element located by //span[contains(text(),'Email Address already exists')] is not present. Message: no such element: Unable to locate element: {"method":"xpath","selector":"//span[contains(text(),'Email Address already exists')]"}
  (Session info: chrome=122.0.6261.131); For documentation on this error, please visit: https://www.selenium.dev/documentation/webdriver/troubleshooting/errors#no-such-element-exception
Stacktrace:
	GetHandleVerifier [0x00007FF6321CAD02+56930]
	(No symbol) [0x00007FF63213F602]
	(No symbol) [0x00007FF631FF42E5]
	(No symbol) [0x00007FF6320398ED]
	(No symbol) [0x00007FF632039A2C]
	(No symbol) [0x00007FF63207A967]
	(No symbol) [0x00007FF63205BCDF]
	(No symbol) [0x00007FF6320781E2]
	(No symbol) [0x00007FF63205BA43]
	(No symbol) [0x00007FF63202D438]
	(No symbol) [0x00007FF63202E4D1]
	GetHandleVerifier [0x00007FF632546F8D+3711213]
	GetHandleVerifier [0x00007FF6325A04CD+4077101]
	GetHandleVerifier [0x00007FF63259865F+4044735]
	GetHandleVerifier [0x00007FF632269736+706710]
	(No symbol) [0x00007FF63214B8DF]
	(No symbol) [0x00007FF632146AC4]
	(No symbol) [0x00007FF632146C1C]
	(No symbol) [0x00007FF6321368D4]
	BaseThreadInitThunk [0x00007FF9494C257D+29]
	RtlUserThreadStart [0x00007FF94AC4AA58+40]

2024-04-03 15:07:02,121 [ERROR] automation Element located by //div[@role='alert' and contains(text(),'success') or contains(text(),'Success')] is not present. Message: no such element: Unable to locate element: {"method":"xpath","selector":"//div[@role='alert' and contains(text(),'success') or contains(text(),'Success')]"}
  (Session info: chrome=122.0.6261.131); For documentation on this error, please visit: https://www.selenium.dev/documentation/webdriver/troubleshooting/errors#no-such-element-exception
Stacktrace:
	GetHandleVerifier [0x00007FF6321CAD02+56930]
	(No symbol) [0x00007FF63213F602]
	(No symbol) [0x00007FF631FF42E5]
	(No symbol) [0x00007FF6320398ED]
	(No symbol) [0x00007FF632039A2C]
	(No symbol) [0x00007FF63207A967]
	(No symbol) [0x00007FF63205BCDF]
	(No symbol) [0x00007FF6320781E2]
	(No symbol) [0x00007FF63205BA43]
	(No symbol) [0x00007FF63202D438]
	(No symbol) [0x00007FF63202E4D1]
	GetHandleVerifier [0x00007FF632546F8D+3711213]
	GetHandleVerifier [0x00007FF6325A04CD+4077101]
	GetHandleVerifier [0x00007FF63259865F+4044735]
	GetHandleVerifier [0x00007FF632269736+706710]
	(No symbol) [0x00007FF63214B8DF]
	(No symbol) [0x00007FF632146AC4]
	(No symbol) [0x00007FF632146C1C]
	(No symbol) [0x00007FF6321368D4]
	BaseThreadInitThunk [0x00007FF9494C257D+29]
	RtlUserThreadStart [0x00007FF94AC4AA58+40]

2024-04-03 15:07:02,121 [INFO] automation Test passed.
2024-04-03 15:07:02,148 [INFO] automation Test has started.
2024-04-03 15:07:02,148 [INFO] automation Navigating to the https://chorusqa.cogninelabs.com/
2024-04-03 15:07:11,873 [ERROR] automation Element located by i0116 is not present. Message: no such element: Unable to locate element: {"method":"css selector","selector":"[id="i0116"]"}
  (Session info: chrome=122.0.6261.131); For documentation on this error, please visit: https://www.selenium.dev/documentation/webdriver/troubleshooting/errors#no-such-element-exception
Stacktrace:
	GetHandleVerifier [0x00007FF6321CAD02+56930]
	(No symbol) [0x00007FF63213F602]
	(No symbol) [0x00007FF631FF42E5]
	(No symbol) [0x00007FF6320398ED]
	(No symbol) [0x00007FF632039A2C]
	(No symbol) [0x00007FF63207A967]
	(No symbol) [0x00007FF63205BCDF]
	(No symbol) [0x00007FF6320781E2]
	(No symbol) [0x00007FF63205BA43]
	(No symbol) [0x00007FF63202D438]
	(No symbol) [0x00007FF63202E4D1]
	GetHandleVerifier [0x00007FF632546F8D+3711213]
	GetHandleVerifier [0x00007FF6325A04CD+4077101]
	GetHandleVerifier [0x00007FF63259865F+4044735]
	GetHandleVerifier [0x00007FF632269736+706710]
	(No symbol) [0x00007FF63214B8DF]
	(No symbol) [0x00007FF632146AC4]
	(No symbol) [0x00007FF632146C1C]
	(No symbol) [0x00007FF6321368D4]
	BaseThreadInitThunk [0x00007FF9494C257D+29]
	RtlUserThreadStart [0x00007FF94AC4AA58+40]

2024-04-03 15:07:11,937 [ERROR] automation Element located by i0116 is not present. Message: no such element: Unable to locate element: {"method":"css selector","selector":"[id="i0116"]"}
  (Session info: chrome=122.0.6261.131); For documentation on this error, please visit: https://www.selenium.dev/documentation/webdriver/troubleshooting/errors#no-such-element-exception
Stacktrace:
	GetHandleVerifier [0x00007FF6321CAD02+56930]
	(No symbol) [0x00007FF63213F602]
	(No symbol) [0x00007FF631FF42E5]
	(No symbol) [0x00007FF6320398ED]
	(No symbol) [0x00007FF632039A2C]
	(No symbol) [0x00007FF63207A967]
	(No symbol) [0x00007FF63205BCDF]
	(No symbol) [0x00007FF6320781E2]
	(No symbol) [0x00007FF63205BA43]
	(No symbol) [0x00007FF63202D438]
	(No symbol) [0x00007FF63202E4D1]
	GetHandleVerifier [0x00007FF632546F8D+3711213]
	GetHandleVerifier [0x00007FF6325A04CD+4077101]
	GetHandleVerifier [0x00007FF63259865F+4044735]
	GetHandleVerifier [0x00007FF632269736+706710]
	(No symbol) [0x00007FF63214B8DF]
	(No symbol) [0x00007FF632146AC4]
	(No symbol) [0x00007FF632146C1C]
	(No symbol) [0x00007FF6321368D4]
	BaseThreadInitThunk [0x00007FF9494C257D+29]
	RtlUserThreadStart [0x00007FF94AC4AA58+40]

2024-04-03 15:07:12,005 [ERROR] automation Element located by i0116 is not present. Message: no such element: Unable to locate element: {"method":"css selector","selector":"[id="i0116"]"}
  (Session info: chrome=122.0.6261.131); For documentation on this error, please visit: https://www.selenium.dev/documentation/webdriver/troubleshooting/errors#no-such-element-exception
Stacktrace:
	GetHandleVerifier [0x00007FF6321CAD02+56930]
	(No symbol) [0x00007FF63213F602]
	(No symbol) [0x00007FF631FF42E5]
	(No symbol) [0x00007FF6320398ED]
	(No symbol) [0x00007FF632039A2C]
	(No symbol) [0x00007FF63207A967]
	(No symbol) [0x00007FF63205BCDF]
	(No symbol) [0x00007FF6320781E2]
	(No symbol) [0x00007FF63205BA43]
	(No symbol) [0x00007FF63202D438]
	(No symbol) [0x00007FF63202E4D1]
	GetHandleVerifier [0x00007FF632546F8D+3711213]
	GetHandleVerifier [0x00007FF6325A04CD+4077101]
	GetHandleVerifier [0x00007FF63259865F+4044735]
	GetHandleVerifier [0x00007FF632269736+706710]
	(No symbol) [0x00007FF63214B8DF]
	(No symbol) [0x00007FF632146AC4]
	(No symbol) [0x00007FF632146C1C]
	(No symbol) [0x00007FF6321368D4]
	BaseThreadInitThunk [0x00007FF9494C257D+29]
	RtlUserThreadStart [0x00007FF94AC4AA58+40]

2024-04-03 15:07:12,073 [ERROR] automation Element located by i0116 is not present. Message: no such element: Unable to locate element: {"method":"css selector","selector":"[id="i0116"]"}
  (Session info: chrome=122.0.6261.131); For documentation on this error, please visit: https://www.selenium.dev/documentation/webdriver/troubleshooting/errors#no-such-element-exception
Stacktrace:
	GetHandleVerifier [0x00007FF6321CAD02+56930]
	(No symbol) [0x00007FF63213F602]
	(No symbol) [0x00007FF631FF42E5]
	(No symbol) [0x00007FF6320398ED]
	(No symbol) [0x00007FF632039A2C]
	(No symbol) [0x00007FF63207A967]
	(No symbol) [0x00007FF63205BCDF]
	(No symbol) [0x00007FF6320781E2]
	(No symbol) [0x00007FF63205BA43]
	(No symbol) [0x00007FF63202D438]
	(No symbol) [0x00007FF63202E4D1]
	GetHandleVerifier [0x00007FF632546F8D+3711213]
	GetHandleVerifier [0x00007FF6325A04CD+4077101]
	GetHandleVerifier [0x00007FF63259865F+4044735]
	GetHandleVerifier [0x00007FF632269736+706710]
	(No symbol) [0x00007FF63214B8DF]
	(No symbol) [0x00007FF632146AC4]
	(No symbol) [0x00007FF632146C1C]
	(No symbol) [0x00007FF6321368D4]
	BaseThreadInitThunk [0x00007FF9494C257D+29]
	RtlUserThreadStart [0x00007FF94AC4AA58+40]

2024-04-03 15:07:12,138 [ERROR] automation Element located by i0116 is not present. Message: no such element: Unable to locate element: {"method":"css selector","selector":"[id="i0116"]"}
  (Session info: chrome=122.0.6261.131); For documentation on this error, please visit: https://www.selenium.dev/documentation/webdriver/troubleshooting/errors#no-such-element-exception
Stacktrace:
	GetHandleVerifier [0x00007FF6321CAD02+56930]
	(No symbol) [0x00007FF63213F602]
	(No symbol) [0x00007FF631FF42E5]
	(No symbol) [0x00007FF6320398ED]
	(No symbol) [0x00007FF632039A2C]
	(No symbol) [0x00007FF63207A967]
	(No symbol) [0x00007FF63205BCDF]
	(No symbol) [0x00007FF6320781E2]
	(No symbol) [0x00007FF63205BA43]
	(No symbol) [0x00007FF63202D438]
	(No symbol) [0x00007FF63202E4D1]
	GetHandleVerifier [0x00007FF632546F8D+3711213]
	GetHandleVerifier [0x00007FF6325A04CD+4077101]
	GetHandleVerifier [0x00007FF63259865F+4044735]
	GetHandleVerifier [0x00007FF632269736+706710]
	(No symbol) [0x00007FF63214B8DF]
	(No symbol) [0x00007FF632146AC4]
	(No symbol) [0x00007FF632146C1C]
	(No symbol) [0x00007FF6321368D4]
	BaseThreadInitThunk [0x00007FF9494C257D+29]
	RtlUserThreadStart [0x00007FF94AC4AA58+40]

2024-04-03 15:07:12,214 [ERROR] automation Element located by i0116 is not present. Message: no such element: Unable to locate element: {"method":"css selector","selector":"[id="i0116"]"}
  (Session info: chrome=122.0.6261.131); For documentation on this error, please visit: https://www.selenium.dev/documentation/webdriver/troubleshooting/errors#no-such-element-exception
Stacktrace:
	GetHandleVerifier [0x00007FF6321CAD02+56930]
	(No symbol) [0x00007FF63213F602]
	(No symbol) [0x00007FF631FF42E5]
	(No symbol) [0x00007FF6320398ED]
	(No symbol) [0x00007FF632039A2C]
	(No symbol) [0x00007FF63207A967]
	(No symbol) [0x00007FF63205BCDF]
	(No symbol) [0x00007FF6320781E2]
	(No symbol) [0x00007FF63205BA43]
	(No symbol) [0x00007FF63202D438]
	(No symbol) [0x00007FF63202E4D1]
	GetHandleVerifier [0x00007FF632546F8D+3711213]
	GetHandleVerifier [0x00007FF6325A04CD+4077101]
	GetHandleVerifier [0x00007FF63259865F+4044735]
	GetHandleVerifier [0x00007FF632269736+706710]
	(No symbol) [0x00007FF63214B8DF]
	(No symbol) [0x00007FF632146AC4]
	(No symbol) [0x00007FF632146C1C]
	(No symbol) [0x00007FF6321368D4]
	BaseThreadInitThunk [0x00007FF9494C257D+29]
	RtlUserThreadStart [0x00007FF94AC4AA58+40]

2024-04-03 15:07:12,278 [ERROR] automation Element located by i0116 is not present. Message: no such element: Unable to locate element: {"method":"css selector","selector":"[id="i0116"]"}
  (Session info: chrome=122.0.6261.131); For documentation on this error, please visit: https://www.selenium.dev/documentation/webdriver/troubleshooting/errors#no-such-element-exception
Stacktrace:
	GetHandleVerifier [0x00007FF6321CAD02+56930]
	(No symbol) [0x00007FF63213F602]
	(No symbol) [0x00007FF631FF42E5]
	(No symbol) [0x00007FF6320398ED]
	(No symbol) [0x00007FF632039A2C]
	(No symbol) [0x00007FF63207A967]
	(No symbol) [0x00007FF63205BCDF]
	(No symbol) [0x00007FF6320781E2]
	(No symbol) [0x00007FF63205BA43]
	(No symbol) [0x00007FF63202D438]
	(No symbol) [0x00007FF63202E4D1]
	GetHandleVerifier [0x00007FF632546F8D+3711213]
	GetHandleVerifier [0x00007FF6325A04CD+4077101]
	GetHandleVerifier [0x00007FF63259865F+4044735]
	GetHandleVerifier [0x00007FF632269736+706710]
	(No symbol) [0x00007FF63214B8DF]
	(No symbol) [0x00007FF632146AC4]
	(No symbol) [0x00007FF632146C1C]
	(No symbol) [0x00007FF6321368D4]
	BaseThreadInitThunk [0x00007FF9494C257D+29]
	RtlUserThreadStart [0x00007FF94AC4AA58+40]

2024-04-03 15:07:13,166 [ERROR] automation Element located by i0116 is not present. Message: no such element: Unable to locate element: {"method":"css selector","selector":"[id="i0116"]"}
  (Session info: chrome=122.0.6261.131); For documentation on this error, please visit: https://www.selenium.dev/documentation/webdriver/troubleshooting/errors#no-such-element-exception
Stacktrace:
	GetHandleVerifier [0x00007FF6321CAD02+56930]
	(No symbol) [0x00007FF63213F602]
	(No symbol) [0x00007FF631FF42E5]
	(No symbol) [0x00007FF6320398ED]
	(No symbol) [0x00007FF632039A2C]
	(No symbol) [0x00007FF63207A967]
	(No symbol) [0x00007FF63205BCDF]
	(No symbol) [0x00007FF6320781E2]
	(No symbol) [0x00007FF63205BA43]
	(No symbol) [0x00007FF63202D438]
	(No symbol) [0x00007FF63202E4D1]
	GetHandleVerifier [0x00007FF632546F8D+3711213]
	GetHandleVerifier [0x00007FF6325A04CD+4077101]
	GetHandleVerifier [0x00007FF63259865F+4044735]
	GetHandleVerifier [0x00007FF632269736+706710]
	(No symbol) [0x00007FF63214B8DF]
	(No symbol) [0x00007FF632146AC4]
	(No symbol) [0x00007FF632146C1C]
	(No symbol) [0x00007FF6321368D4]
	BaseThreadInitThunk [0x00007FF9494C257D+29]
	RtlUserThreadStart [0x00007FF94AC4AA58+40]

2024-04-03 15:07:13,236 [ERROR] automation Element located by i0116 is not present. Message: no such element: Unable to locate element: {"method":"css selector","selector":"[id="i0116"]"}
  (Session info: chrome=122.0.6261.131); For documentation on this error, please visit: https://www.selenium.dev/documentation/webdriver/troubleshooting/errors#no-such-element-exception
Stacktrace:
	GetHandleVerifier [0x00007FF6321CAD02+56930]
	(No symbol) [0x00007FF63213F602]
	(No symbol) [0x00007FF631FF42E5]
	(No symbol) [0x00007FF6320398ED]
	(No symbol) [0x00007FF632039A2C]
	(No symbol) [0x00007FF63207A967]
	(No symbol) [0x00007FF63205BCDF]
	(No symbol) [0x00007FF6320781E2]
	(No symbol) [0x00007FF63205BA43]
	(No symbol) [0x00007FF63202D438]
	(No symbol) [0x00007FF63202E4D1]
	GetHandleVerifier [0x00007FF632546F8D+3711213]
	GetHandleVerifier [0x00007FF6325A04CD+4077101]
	GetHandleVerifier [0x00007FF63259865F+4044735]
	GetHandleVerifier [0x00007FF632269736+706710]
	(No symbol) [0x00007FF63214B8DF]
	(No symbol) [0x00007FF632146AC4]
	(No symbol) [0x00007FF632146C1C]
	(No symbol) [0x00007FF6321368D4]
	BaseThreadInitThunk [0x00007FF9494C257D+29]
	RtlUserThreadStart [0x00007FF94AC4AA58+40]

2024-04-03 15:07:13,306 [ERROR] automation Element located by i0116 is not present. Message: no such element: Unable to locate element: {"method":"css selector","selector":"[id="i0116"]"}
  (Session info: chrome=122.0.6261.131); For documentation on this error, please visit: https://www.selenium.dev/documentation/webdriver/troubleshooting/errors#no-such-element-exception
Stacktrace:
	GetHandleVerifier [0x00007FF6321CAD02+56930]
	(No symbol) [0x00007FF63213F602]
	(No symbol) [0x00007FF631FF42E5]
	(No symbol) [0x00007FF6320398ED]
	(No symbol) [0x00007FF632039A2C]
	(No symbol) [0x00007FF63207A967]
	(No symbol) [0x00007FF63205BCDF]
	(No symbol) [0x00007FF6320781E2]
	(No symbol) [0x00007FF63205BA43]
	(No symbol) [0x00007FF63202D438]
	(No symbol) [0x00007FF63202E4D1]
	GetHandleVerifier [0x00007FF632546F8D+3711213]
	GetHandleVerifier [0x00007FF6325A04CD+4077101]
	GetHandleVerifier [0x00007FF63259865F+4044735]
	GetHandleVerifier [0x00007FF632269736+706710]
	(No symbol) [0x00007FF63214B8DF]
	(No symbol) [0x00007FF632146AC4]
	(No symbol) [0x00007FF632146C1C]
	(No symbol) [0x00007FF6321368D4]
	BaseThreadInitThunk [0x00007FF9494C257D+29]
	RtlUserThreadStart [0x00007FF94AC4AA58+40]

2024-04-03 15:07:13,380 [ERROR] automation Element located by i0116 is not present. Message: no such element: Unable to locate element: {"method":"css selector","selector":"[id="i0116"]"}
  (Session info: chrome=122.0.6261.131); For documentation on this error, please visit: https://www.selenium.dev/documentation/webdriver/troubleshooting/errors#no-such-element-exception
Stacktrace:
	GetHandleVerifier [0x00007FF6321CAD02+56930]
	(No symbol) [0x00007FF63213F602]
	(No symbol) [0x00007FF631FF42E5]
	(No symbol) [0x00007FF6320398ED]
	(No symbol) [0x00007FF632039A2C]
	(No symbol) [0x00007FF63207A967]
	(No symbol) [0x00007FF63205BCDF]
	(No symbol) [0x00007FF6320781E2]
	(No symbol) [0x00007FF63205BA43]
	(No symbol) [0x00007FF63202D438]
	(No symbol) [0x00007FF63202E4D1]
	GetHandleVerifier [0x00007FF632546F8D+3711213]
	GetHandleVerifier [0x00007FF6325A04CD+4077101]
	GetHandleVerifier [0x00007FF63259865F+4044735]
	GetHandleVerifier [0x00007FF632269736+706710]
	(No symbol) [0x00007FF63214B8DF]
	(No symbol) [0x00007FF632146AC4]
	(No symbol) [0x00007FF632146C1C]
	(No symbol) [0x00007FF6321368D4]
	BaseThreadInitThunk [0x00007FF9494C257D+29]
	RtlUserThreadStart [0x00007FF94AC4AA58+40]

2024-04-03 15:07:13,463 [ERROR] automation Element located by i0116 is not present. Message: no such element: Unable to locate element: {"method":"css selector","selector":"[id="i0116"]"}
  (Session info: chrome=122.0.6261.131); For documentation on this error, please visit: https://www.selenium.dev/documentation/webdriver/troubleshooting/errors#no-such-element-exception
Stacktrace:
	GetHandleVerifier [0x00007FF6321CAD02+56930]
	(No symbol) [0x00007FF63213F602]
	(No symbol) [0x00007FF631FF42E5]
	(No symbol) [0x00007FF6320398ED]
	(No symbol) [0x00007FF632039A2C]
	(No symbol) [0x00007FF63207A967]
	(No symbol) [0x00007FF63205BCDF]
	(No symbol) [0x00007FF6320781E2]
	(No symbol) [0x00007FF63205BA43]
	(No symbol) [0x00007FF63202D438]
	(No symbol) [0x00007FF63202E4D1]
	GetHandleVerifier [0x00007FF632546F8D+3711213]
	GetHandleVerifier [0x00007FF6325A04CD+4077101]
	GetHandleVerifier [0x00007FF63259865F+4044735]
	GetHandleVerifier [0x00007FF632269736+706710]
	(No symbol) [0x00007FF63214B8DF]
	(No symbol) [0x00007FF632146AC4]
	(No symbol) [0x00007FF632146C1C]
	(No symbol) [0x00007FF6321368D4]
	BaseThreadInitThunk [0x00007FF9494C257D+29]
	RtlUserThreadStart [0x00007FF94AC4AA58+40]

2024-04-03 15:07:13,533 [ERROR] automation Element located by i0116 is not present. Message: no such element: Unable to locate element: {"method":"css selector","selector":"[id="i0116"]"}
  (Session info: chrome=122.0.6261.131); For documentation on this error, please visit: https://www.selenium.dev/documentation/webdriver/troubleshooting/errors#no-such-element-exception
Stacktrace:
	GetHandleVerifier [0x00007FF6321CAD02+56930]
	(No symbol) [0x00007FF63213F602]
	(No symbol) [0x00007FF631FF42E5]
	(No symbol) [0x00007FF6320398ED]
	(No symbol) [0x00007FF632039A2C]
	(No symbol) [0x00007FF63207A967]
	(No symbol) [0x00007FF63205BCDF]
	(No symbol) [0x00007FF6320781E2]
	(No symbol) [0x00007FF63205BA43]
	(No symbol) [0x00007FF63202D438]
	(No symbol) [0x00007FF63202E4D1]
	GetHandleVerifier [0x00007FF632546F8D+3711213]
	GetHandleVerifier [0x00007FF6325A04CD+4077101]
	GetHandleVerifier [0x00007FF63259865F+4044735]
	GetHandleVerifier [0x00007FF632269736+706710]
	(No symbol) [0x00007FF63214B8DF]
	(No symbol) [0x00007FF632146AC4]
	(No symbol) [0x00007FF632146C1C]
	(No symbol) [0x00007FF6321368D4]
	BaseThreadInitThunk [0x00007FF9494C257D+29]
	RtlUserThreadStart [0x00007FF94AC4AA58+40]

2024-04-03 15:07:13,599 [ERROR] automation Element located by i0116 is not present. Message: no such element: Unable to locate element: {"method":"css selector","selector":"[id="i0116"]"}
  (Session info: chrome=122.0.6261.131); For documentation on this error, please visit: https://www.selenium.dev/documentation/webdriver/troubleshooting/errors#no-such-element-exception
Stacktrace:
	GetHandleVerifier [0x00007FF6321CAD02+56930]
	(No symbol) [0x00007FF63213F602]
	(No symbol) [0x00007FF631FF42E5]
	(No symbol) [0x00007FF6320398ED]
	(No symbol) [0x00007FF632039A2C]
	(No symbol) [0x00007FF63207A967]
	(No symbol) [0x00007FF63205BCDF]
	(No symbol) [0x00007FF6320781E2]
	(No symbol) [0x00007FF63205BA43]
	(No symbol) [0x00007FF63202D438]
	(No symbol) [0x00007FF63202E4D1]
	GetHandleVerifier [0x00007FF632546F8D+3711213]
	GetHandleVerifier [0x00007FF6325A04CD+4077101]
	GetHandleVerifier [0x00007FF63259865F+4044735]
	GetHandleVerifier [0x00007FF632269736+706710]
	(No symbol) [0x00007FF63214B8DF]
	(No symbol) [0x00007FF632146AC4]
	(No symbol) [0x00007FF632146C1C]
	(No symbol) [0x00007FF6321368D4]
	BaseThreadInitThunk [0x00007FF9494C257D+29]
	RtlUserThreadStart [0x00007FF94AC4AA58+40]

2024-04-03 15:07:13,776 [ERROR] automation Element located by i0116 is not present. Message: no such element: Unable to locate element: {"method":"css selector","selector":"[id="i0116"]"}
  (Session info: chrome=122.0.6261.131); For documentation on this error, please visit: https://www.selenium.dev/documentation/webdriver/troubleshooting/errors#no-such-element-exception
Stacktrace:
	GetHandleVerifier [0x00007FF6321CAD02+56930]
	(No symbol) [0x00007FF63213F602]
	(No symbol) [0x00007FF631FF42E5]
	(No symbol) [0x00007FF6320398ED]
	(No symbol) [0x00007FF632039A2C]
	(No symbol) [0x00007FF63207A967]
	(No symbol) [0x00007FF63205BCDF]
	(No symbol) [0x00007FF6320781E2]
	(No symbol) [0x00007FF63205BA43]
	(No symbol) [0x00007FF63202D438]
	(No symbol) [0x00007FF63202E4D1]
	GetHandleVerifier [0x00007FF632546F8D+3711213]
	GetHandleVerifier [0x00007FF6325A04CD+4077101]
	GetHandleVerifier [0x00007FF63259865F+4044735]
	GetHandleVerifier [0x00007FF632269736+706710]
	(No symbol) [0x00007FF63214B8DF]
	(No symbol) [0x00007FF632146AC4]
	(No symbol) [0x00007FF632146C1C]
	(No symbol) [0x00007FF6321368D4]
	BaseThreadInitThunk [0x00007FF9494C257D+29]
	RtlUserThreadStart [0x00007FF94AC4AA58+40]

2024-04-03 15:07:14,038 [INFO] automation Element located by i0116 is present.
2024-04-03 15:07:22,561 [INFO] automation Element located by //div[@class='logo'] is present.
2024-04-03 15:07:28,390 [INFO] automation Element located by //div[@class='tableFixHead']/table/tbody/tr[contains(@class,'even_col')][1] is present.
2024-04-03 15:07:31,192 [INFO] automation Element located by //input[@formcontrolname='title'] is present.
2024-04-03 15:07:31,204 [INFO] automation Element located by //input[@formcontrolname='title'] is present.
2024-04-03 15:07:33,708 [ERROR] automation Element located by //div[@role='alert' and contains(text(),'success') or contains(text(),'Success')] is not present. Message: no such element: Unable to locate element: {"method":"xpath","selector":"//div[@role='alert' and contains(text(),'success') or contains(text(),'Success')]"}
  (Session info: chrome=122.0.6261.131); For documentation on this error, please visit: https://www.selenium.dev/documentation/webdriver/troubleshooting/errors#no-such-element-exception
Stacktrace:
	GetHandleVerifier [0x00007FF6321CAD02+56930]
	(No symbol) [0x00007FF63213F602]
	(No symbol) [0x00007FF631FF42E5]
	(No symbol) [0x00007FF6320398ED]
	(No symbol) [0x00007FF632039A2C]
	(No symbol) [0x00007FF63207A967]
	(No symbol) [0x00007FF63205BCDF]
	(No symbol) [0x00007FF6320781E2]
	(No symbol) [0x00007FF63205BA43]
	(No symbol) [0x00007FF63202D438]
	(No symbol) [0x00007FF63202E4D1]
	GetHandleVerifier [0x00007FF632546F8D+3711213]
	GetHandleVerifier [0x00007FF6325A04CD+4077101]
	GetHandleVerifier [0x00007FF63259865F+4044735]
	GetHandleVerifier [0x00007FF632269736+706710]
	(No symbol) [0x00007FF63214B8DF]
	(No symbol) [0x00007FF632146AC4]
	(No symbol) [0x00007FF632146C1C]
	(No symbol) [0x00007FF6321368D4]
	BaseThreadInitThunk [0x00007FF9494C257D+29]
	RtlUserThreadStart [0x00007FF94AC4AA58+40]

2024-04-03 15:07:33,802 [INFO] automation Element located by //div[@role='alert' and contains(text(),'success') or contains(text(),'Success')] is present.
2024-04-03 15:07:33,803 [INFO] automation Test passed.
