2024-03-18 13:07:59,454 [INFO] automation Test has started.
2024-03-18 13:07:59,454 [INFO] automation Navigating to the https://chorusqa.cogninelabs.com/
2024-03-18 13:08:05,519 [ERROR] automation Element located by i0116 is not present. Message: no such element: Unable to locate element: {"method":"css selector","selector":"[id="i0116"]"}
  (Session info: chrome=122.0.6261.129); For documentation on this error, please visit: https://www.selenium.dev/documentation/webdriver/troubleshooting/errors#no-such-element-exception
Stacktrace:
	GetHandleVerifier [0x00007FF65110AD02+56930]
	(No symbol) [0x00007FF65107F602]
	(No symbol) [0x00007FF650F342E5]
	(No symbol) [0x00007FF650F798ED]
	(No symbol) [0x00007FF650F79A2C]
	(No symbol) [0x00007FF650FBA967]
	(No symbol) [0x00007FF650F9BCDF]
	(No symbol) [0x00007FF650FB81E2]
	(No symbol) [0x00007FF650F9BA43]
	(No symbol) [0x00007FF650F6D438]
	(No symbol) [0x00007FF650F6E4D1]
	GetHandleVerifier [0x00007FF651486F8D+3711213]
	GetHandleVerifier [0x00007FF6514E04CD+4077101]
	GetHandleVerifier [0x00007FF6514D865F+4044735]
	GetHandleVerifier [0x00007FF6511A9736+706710]
	(No symbol) [0x00007FF65108B8DF]
	(No symbol) [0x00007FF651086AC4]
	(No symbol) [0x00007FF651086C1C]
	(No symbol) [0x00007FF6510768D4]
	BaseThreadInitThunk [0x00007FFC367A257D+29]
	RtlUserThreadStart [0x00007FFC3736AA58+40]

2024-03-18 13:08:05,582 [ERROR] automation Element located by i0116 is not present. Message: no such element: Unable to locate element: {"method":"css selector","selector":"[id="i0116"]"}
  (Session info: chrome=122.0.6261.129); For documentation on this error, please visit: https://www.selenium.dev/documentation/webdriver/troubleshooting/errors#no-such-element-exception
Stacktrace:
	GetHandleVerifier [0x00007FF65110AD02+56930]
	(No symbol) [0x00007FF65107F602]
	(No symbol) [0x00007FF650F342E5]
	(No symbol) [0x00007FF650F798ED]
	(No symbol) [0x00007FF650F79A2C]
	(No symbol) [0x00007FF650FBA967]
	(No symbol) [0x00007FF650F9BCDF]
	(No symbol) [0x00007FF650FB81E2]
	(No symbol) [0x00007FF650F9BA43]
	(No symbol) [0x00007FF650F6D438]
	(No symbol) [0x00007FF650F6E4D1]
	GetHandleVerifier [0x00007FF651486F8D+3711213]
	GetHandleVerifier [0x00007FF6514E04CD+4077101]
	GetHandleVerifier [0x00007FF6514D865F+4044735]
	GetHandleVerifier [0x00007FF6511A9736+706710]
	(No symbol) [0x00007FF65108B8DF]
	(No symbol) [0x00007FF651086AC4]
	(No symbol) [0x00007FF651086C1C]
	(No symbol) [0x00007FF6510768D4]
	BaseThreadInitThunk [0x00007FFC367A257D+29]
	RtlUserThreadStart [0x00007FFC3736AA58+40]

2024-03-18 13:08:05,646 [ERROR] automation Element located by i0116 is not present. Message: no such element: Unable to locate element: {"method":"css selector","selector":"[id="i0116"]"}
  (Session info: chrome=122.0.6261.129); For documentation on this error, please visit: https://www.selenium.dev/documentation/webdriver/troubleshooting/errors#no-such-element-exception
Stacktrace:
	GetHandleVerifier [0x00007FF65110AD02+56930]
	(No symbol) [0x00007FF65107F602]
	(No symbol) [0x00007FF650F342E5]
	(No symbol) [0x00007FF650F798ED]
	(No symbol) [0x00007FF650F79A2C]
	(No symbol) [0x00007FF650FBA967]
	(No symbol) [0x00007FF650F9BCDF]
	(No symbol) [0x00007FF650FB81E2]
	(No symbol) [0x00007FF650F9BA43]
	(No symbol) [0x00007FF650F6D438]
	(No symbol) [0x00007FF650F6E4D1]
	GetHandleVerifier [0x00007FF651486F8D+3711213]
	GetHandleVerifier [0x00007FF6514E04CD+4077101]
	GetHandleVerifier [0x00007FF6514D865F+4044735]
	GetHandleVerifier [0x00007FF6511A9736+706710]
	(No symbol) [0x00007FF65108B8DF]
	(No symbol) [0x00007FF651086AC4]
	(No symbol) [0x00007FF651086C1C]
	(No symbol) [0x00007FF6510768D4]
	BaseThreadInitThunk [0x00007FFC367A257D+29]
	RtlUserThreadStart [0x00007FFC3736AA58+40]

2024-03-18 13:08:05,713 [ERROR] automation Element located by i0116 is not present. Message: no such element: Unable to locate element: {"method":"css selector","selector":"[id="i0116"]"}
  (Session info: chrome=122.0.6261.129); For documentation on this error, please visit: https://www.selenium.dev/documentation/webdriver/troubleshooting/errors#no-such-element-exception
Stacktrace:
	GetHandleVerifier [0x00007FF65110AD02+56930]
	(No symbol) [0x00007FF65107F602]
	(No symbol) [0x00007FF650F342E5]
	(No symbol) [0x00007FF650F798ED]
	(No symbol) [0x00007FF650F79A2C]
	(No symbol) [0x00007FF650FBA967]
	(No symbol) [0x00007FF650F9BCDF]
	(No symbol) [0x00007FF650FB81E2]
	(No symbol) [0x00007FF650F9BA43]
	(No symbol) [0x00007FF650F6D438]
	(No symbol) [0x00007FF650F6E4D1]
	GetHandleVerifier [0x00007FF651486F8D+3711213]
	GetHandleVerifier [0x00007FF6514E04CD+4077101]
	GetHandleVerifier [0x00007FF6514D865F+4044735]
	GetHandleVerifier [0x00007FF6511A9736+706710]
	(No symbol) [0x00007FF65108B8DF]
	(No symbol) [0x00007FF651086AC4]
	(No symbol) [0x00007FF651086C1C]
	(No symbol) [0x00007FF6510768D4]
	BaseThreadInitThunk [0x00007FFC367A257D+29]
	RtlUserThreadStart [0x00007FFC3736AA58+40]

2024-03-18 13:08:05,774 [ERROR] automation Element located by i0116 is not present. Message: no such element: Unable to locate element: {"method":"css selector","selector":"[id="i0116"]"}
  (Session info: chrome=122.0.6261.129); For documentation on this error, please visit: https://www.selenium.dev/documentation/webdriver/troubleshooting/errors#no-such-element-exception
Stacktrace:
	GetHandleVerifier [0x00007FF65110AD02+56930]
	(No symbol) [0x00007FF65107F602]
	(No symbol) [0x00007FF650F342E5]
	(No symbol) [0x00007FF650F798ED]
	(No symbol) [0x00007FF650F79A2C]
	(No symbol) [0x00007FF650FBA967]
	(No symbol) [0x00007FF650F9BCDF]
	(No symbol) [0x00007FF650FB81E2]
	(No symbol) [0x00007FF650F9BA43]
	(No symbol) [0x00007FF650F6D438]
	(No symbol) [0x00007FF650F6E4D1]
	GetHandleVerifier [0x00007FF651486F8D+3711213]
	GetHandleVerifier [0x00007FF6514E04CD+4077101]
	GetHandleVerifier [0x00007FF6514D865F+4044735]
	GetHandleVerifier [0x00007FF6511A9736+706710]
	(No symbol) [0x00007FF65108B8DF]
	(No symbol) [0x00007FF651086AC4]
	(No symbol) [0x00007FF651086C1C]
	(No symbol) [0x00007FF6510768D4]
	BaseThreadInitThunk [0x00007FFC367A257D+29]
	RtlUserThreadStart [0x00007FFC3736AA58+40]

2024-03-18 13:08:05,844 [ERROR] automation Element located by i0116 is not present. Message: no such element: Unable to locate element: {"method":"css selector","selector":"[id="i0116"]"}
  (Session info: chrome=122.0.6261.129); For documentation on this error, please visit: https://www.selenium.dev/documentation/webdriver/troubleshooting/errors#no-such-element-exception
Stacktrace:
	GetHandleVerifier [0x00007FF65110AD02+56930]
	(No symbol) [0x00007FF65107F602]
	(No symbol) [0x00007FF650F342E5]
	(No symbol) [0x00007FF650F798ED]
	(No symbol) [0x00007FF650F79A2C]
	(No symbol) [0x00007FF650FBA967]
	(No symbol) [0x00007FF650F9BCDF]
	(No symbol) [0x00007FF650FB81E2]
	(No symbol) [0x00007FF650F9BA43]
	(No symbol) [0x00007FF650F6D438]
	(No symbol) [0x00007FF650F6E4D1]
	GetHandleVerifier [0x00007FF651486F8D+3711213]
	GetHandleVerifier [0x00007FF6514E04CD+4077101]
	GetHandleVerifier [0x00007FF6514D865F+4044735]
	GetHandleVerifier [0x00007FF6511A9736+706710]
	(No symbol) [0x00007FF65108B8DF]
	(No symbol) [0x00007FF651086AC4]
	(No symbol) [0x00007FF651086C1C]
	(No symbol) [0x00007FF6510768D4]
	BaseThreadInitThunk [0x00007FFC367A257D+29]
	RtlUserThreadStart [0x00007FFC3736AA58+40]

2024-03-18 13:08:05,909 [ERROR] automation Element located by i0116 is not present. Message: no such element: Unable to locate element: {"method":"css selector","selector":"[id="i0116"]"}
  (Session info: chrome=122.0.6261.129); For documentation on this error, please visit: https://www.selenium.dev/documentation/webdriver/troubleshooting/errors#no-such-element-exception
Stacktrace:
	GetHandleVerifier [0x00007FF65110AD02+56930]
	(No symbol) [0x00007FF65107F602]
	(No symbol) [0x00007FF650F342E5]
	(No symbol) [0x00007FF650F798ED]
	(No symbol) [0x00007FF650F79A2C]
	(No symbol) [0x00007FF650FBA967]
	(No symbol) [0x00007FF650F9BCDF]
	(No symbol) [0x00007FF650FB81E2]
	(No symbol) [0x00007FF650F9BA43]
	(No symbol) [0x00007FF650F6D438]
	(No symbol) [0x00007FF650F6E4D1]
	GetHandleVerifier [0x00007FF651486F8D+3711213]
	GetHandleVerifier [0x00007FF6514E04CD+4077101]
	GetHandleVerifier [0x00007FF6514D865F+4044735]
	GetHandleVerifier [0x00007FF6511A9736+706710]
	(No symbol) [0x00007FF65108B8DF]
	(No symbol) [0x00007FF651086AC4]
	(No symbol) [0x00007FF651086C1C]
	(No symbol) [0x00007FF6510768D4]
	BaseThreadInitThunk [0x00007FFC367A257D+29]
	RtlUserThreadStart [0x00007FFC3736AA58+40]

2024-03-18 13:08:07,076 [ERROR] automation Element located by i0116 is not present. Message: no such element: Unable to locate element: {"method":"css selector","selector":"[id="i0116"]"}
  (Session info: chrome=122.0.6261.129); For documentation on this error, please visit: https://www.selenium.dev/documentation/webdriver/troubleshooting/errors#no-such-element-exception
Stacktrace:
	GetHandleVerifier [0x00007FF65110AD02+56930]
	(No symbol) [0x00007FF65107F602]
	(No symbol) [0x00007FF650F342E5]
	(No symbol) [0x00007FF650F798ED]
	(No symbol) [0x00007FF650F79A2C]
	(No symbol) [0x00007FF650FBA967]
	(No symbol) [0x00007FF650F9BCDF]
	(No symbol) [0x00007FF650FB81E2]
	(No symbol) [0x00007FF650F9BA43]
	(No symbol) [0x00007FF650F6D438]
	(No symbol) [0x00007FF650F6E4D1]
	GetHandleVerifier [0x00007FF651486F8D+3711213]
	GetHandleVerifier [0x00007FF6514E04CD+4077101]
	GetHandleVerifier [0x00007FF6514D865F+4044735]
	GetHandleVerifier [0x00007FF6511A9736+706710]
	(No symbol) [0x00007FF65108B8DF]
	(No symbol) [0x00007FF651086AC4]
	(No symbol) [0x00007FF651086C1C]
	(No symbol) [0x00007FF6510768D4]
	BaseThreadInitThunk [0x00007FFC367A257D+29]
	RtlUserThreadStart [0x00007FFC3736AA58+40]

2024-03-18 13:08:07,140 [ERROR] automation Element located by i0116 is not present. Message: no such element: Unable to locate element: {"method":"css selector","selector":"[id="i0116"]"}
  (Session info: chrome=122.0.6261.129); For documentation on this error, please visit: https://www.selenium.dev/documentation/webdriver/troubleshooting/errors#no-such-element-exception
Stacktrace:
	GetHandleVerifier [0x00007FF65110AD02+56930]
	(No symbol) [0x00007FF65107F602]
	(No symbol) [0x00007FF650F342E5]
	(No symbol) [0x00007FF650F798ED]
	(No symbol) [0x00007FF650F79A2C]
	(No symbol) [0x00007FF650FBA967]
	(No symbol) [0x00007FF650F9BCDF]
	(No symbol) [0x00007FF650FB81E2]
	(No symbol) [0x00007FF650F9BA43]
	(No symbol) [0x00007FF650F6D438]
	(No symbol) [0x00007FF650F6E4D1]
	GetHandleVerifier [0x00007FF651486F8D+3711213]
	GetHandleVerifier [0x00007FF6514E04CD+4077101]
	GetHandleVerifier [0x00007FF6514D865F+4044735]
	GetHandleVerifier [0x00007FF6511A9736+706710]
	(No symbol) [0x00007FF65108B8DF]
	(No symbol) [0x00007FF651086AC4]
	(No symbol) [0x00007FF651086C1C]
	(No symbol) [0x00007FF6510768D4]
	BaseThreadInitThunk [0x00007FFC367A257D+29]
	RtlUserThreadStart [0x00007FFC3736AA58+40]

2024-03-18 13:08:07,203 [ERROR] automation Element located by i0116 is not present. Message: no such element: Unable to locate element: {"method":"css selector","selector":"[id="i0116"]"}
  (Session info: chrome=122.0.6261.129); For documentation on this error, please visit: https://www.selenium.dev/documentation/webdriver/troubleshooting/errors#no-such-element-exception
Stacktrace:
	GetHandleVerifier [0x00007FF65110AD02+56930]
	(No symbol) [0x00007FF65107F602]
	(No symbol) [0x00007FF650F342E5]
	(No symbol) [0x00007FF650F798ED]
	(No symbol) [0x00007FF650F79A2C]
	(No symbol) [0x00007FF650FBA967]
	(No symbol) [0x00007FF650F9BCDF]
	(No symbol) [0x00007FF650FB81E2]
	(No symbol) [0x00007FF650F9BA43]
	(No symbol) [0x00007FF650F6D438]
	(No symbol) [0x00007FF650F6E4D1]
	GetHandleVerifier [0x00007FF651486F8D+3711213]
	GetHandleVerifier [0x00007FF6514E04CD+4077101]
	GetHandleVerifier [0x00007FF6514D865F+4044735]
	GetHandleVerifier [0x00007FF6511A9736+706710]
	(No symbol) [0x00007FF65108B8DF]
	(No symbol) [0x00007FF651086AC4]
	(No symbol) [0x00007FF651086C1C]
	(No symbol) [0x00007FF6510768D4]
	BaseThreadInitThunk [0x00007FFC367A257D+29]
	RtlUserThreadStart [0x00007FFC3736AA58+40]

2024-03-18 13:08:07,393 [INFO] automation Element located by i0116 is present.
2024-03-18 13:08:14,871 [INFO] automation Element located by //div[@class='logo'] is present.
2024-03-18 13:08:19,578 [ERROR] automation Element located by //div[@class='tableFixHead']/table/tbody/tr[contains(@class,'even_col')][1] is not present. Message: no such element: Unable to locate element: {"method":"xpath","selector":"//div[@class='tableFixHead']/table/tbody/tr[contains(@class,'even_col')][1]"}
  (Session info: chrome=122.0.6261.129); For documentation on this error, please visit: https://www.selenium.dev/documentation/webdriver/troubleshooting/errors#no-such-element-exception
Stacktrace:
	GetHandleVerifier [0x00007FF65110AD02+56930]
	(No symbol) [0x00007FF65107F602]
	(No symbol) [0x00007FF650F342E5]
	(No symbol) [0x00007FF650F798ED]
	(No symbol) [0x00007FF650F79A2C]
	(No symbol) [0x00007FF650FBA967]
	(No symbol) [0x00007FF650F9BCDF]
	(No symbol) [0x00007FF650FB81E2]
	(No symbol) [0x00007FF650F9BA43]
	(No symbol) [0x00007FF650F6D438]
	(No symbol) [0x00007FF650F6E4D1]
	GetHandleVerifier [0x00007FF651486F8D+3711213]
	GetHandleVerifier [0x00007FF6514E04CD+4077101]
	GetHandleVerifier [0x00007FF6514D865F+4044735]
	GetHandleVerifier [0x00007FF6511A9736+706710]
	(No symbol) [0x00007FF65108B8DF]
	(No symbol) [0x00007FF651086AC4]
	(No symbol) [0x00007FF651086C1C]
	(No symbol) [0x00007FF6510768D4]
	BaseThreadInitThunk [0x00007FFC367A257D+29]
	RtlUserThreadStart [0x00007FFC3736AA58+40]

2024-03-18 13:08:19,654 [ERROR] automation Element located by //div[@class='tableFixHead']/table/tbody/tr[contains(@class,'even_col')][1] is not present. Message: no such element: Unable to locate element: {"method":"xpath","selector":"//div[@class='tableFixHead']/table/tbody/tr[contains(@class,'even_col')][1]"}
  (Session info: chrome=122.0.6261.129); For documentation on this error, please visit: https://www.selenium.dev/documentation/webdriver/troubleshooting/errors#no-such-element-exception
Stacktrace:
	GetHandleVerifier [0x00007FF65110AD02+56930]
	(No symbol) [0x00007FF65107F602]
	(No symbol) [0x00007FF650F342E5]
	(No symbol) [0x00007FF650F798ED]
	(No symbol) [0x00007FF650F79A2C]
	(No symbol) [0x00007FF650FBA967]
	(No symbol) [0x00007FF650F9BCDF]
	(No symbol) [0x00007FF650FB81E2]
	(No symbol) [0x00007FF650F9BA43]
	(No symbol) [0x00007FF650F6D438]
	(No symbol) [0x00007FF650F6E4D1]
	GetHandleVerifier [0x00007FF651486F8D+3711213]
	GetHandleVerifier [0x00007FF6514E04CD+4077101]
	GetHandleVerifier [0x00007FF6514D865F+4044735]
	GetHandleVerifier [0x00007FF6511A9736+706710]
	(No symbol) [0x00007FF65108B8DF]
	(No symbol) [0x00007FF651086AC4]
	(No symbol) [0x00007FF651086C1C]
	(No symbol) [0x00007FF6510768D4]
	BaseThreadInitThunk [0x00007FFC367A257D+29]
	RtlUserThreadStart [0x00007FFC3736AA58+40]

2024-03-18 13:08:19,716 [INFO] automation Element located by //div[@class='tableFixHead']/table/tbody/tr[contains(@class,'even_col')][1] is present.
2024-03-18 13:08:22,209 [INFO] automation Element located by notes is present.
2024-03-18 13:08:22,215 [INFO] automation Element located by notes is present.
2024-03-18 13:08:23,694 [ERROR] automation Element located by //div[@role='alert' and contains(text(),'success') or contains(text(),'Success')] is not present. Message: no such element: Unable to locate element: {"method":"xpath","selector":"//div[@role='alert' and contains(text(),'success') or contains(text(),'Success')]"}
  (Session info: chrome=122.0.6261.129); For documentation on this error, please visit: https://www.selenium.dev/documentation/webdriver/troubleshooting/errors#no-such-element-exception
Stacktrace:
	GetHandleVerifier [0x00007FF65110AD02+56930]
	(No symbol) [0x00007FF65107F602]
	(No symbol) [0x00007FF650F342E5]
	(No symbol) [0x00007FF650F798ED]
	(No symbol) [0x00007FF650F79A2C]
	(No symbol) [0x00007FF650FBA967]
	(No symbol) [0x00007FF650F9BCDF]
	(No symbol) [0x00007FF650FB81E2]
	(No symbol) [0x00007FF650F9BA43]
	(No symbol) [0x00007FF650F6D438]
	(No symbol) [0x00007FF650F6E4D1]
	GetHandleVerifier [0x00007FF651486F8D+3711213]
	GetHandleVerifier [0x00007FF6514E04CD+4077101]
	GetHandleVerifier [0x00007FF6514D865F+4044735]
	GetHandleVerifier [0x00007FF6511A9736+706710]
	(No symbol) [0x00007FF65108B8DF]
	(No symbol) [0x00007FF651086AC4]
	(No symbol) [0x00007FF651086C1C]
	(No symbol) [0x00007FF6510768D4]
	BaseThreadInitThunk [0x00007FFC367A257D+29]
	RtlUserThreadStart [0x00007FFC3736AA58+40]

2024-03-18 13:08:23,854 [INFO] automation Element located by //div[@role='alert' and contains(text(),'success') or contains(text(),'Success')] is present.
2024-03-18 13:08:26,299 [INFO] automation Element located by firstname is present.
2024-03-18 13:08:27,530 [INFO] automation Element located by //div[@role='alert' and contains(text(),'success') or contains(text(),'Success')] is present.
2024-03-18 13:08:29,989 [INFO] automation Element located by fname is present.
2024-03-18 13:08:29,997 [INFO] automation Element located by fname is present.
2024-03-18 13:08:30,243 [INFO] automation Element located by //div[@class='tableFixHead']/table/tbody/tr[1]/td[contains(text(),'ContactFirstName181308164f7b')] is present.
2024-03-18 13:08:30,244 [INFO] automation Test passed.
