2024-04-02 11:21:14,398 [INFO] automation Test has started.
2024-04-02 11:21:14,399 [INFO] automation Navigating to the https://chorusqa.cogninelabs.com/
2024-04-02 11:21:17,656 [ERROR] automation Element located by i0116 is not present. Message: no such element: Unable to locate element: {"method":"css selector","selector":"[id="i0116"]"}
  (Session info: chrome=122.0.6261.131); For documentation on this error, please visit: https://www.selenium.dev/documentation/webdriver/troubleshooting/errors#no-such-element-exception
Stacktrace:
	GetHandleVerifier [0x00007FF63296AD02+56930]
	(No symbol) [0x00007FF6328DF602]
	(No symbol) [0x00007FF6327942E5]
	(No symbol) [0x00007FF6327D98ED]
	(No symbol) [0x00007FF6327D9A2C]
	(No symbol) [0x00007FF63281A967]
	(No symbol) [0x00007FF6327FBCDF]
	(No symbol) [0x00007FF6328181E2]
	(No symbol) [0x00007FF6327FBA43]
	(No symbol) [0x00007FF6327CD438]
	(No symbol) [0x00007FF6327CE4D1]
	GetHandleVerifier [0x00007FF632CE6F8D+3711213]
	GetHandleVerifier [0x00007FF632D404CD+4077101]
	GetHandleVerifier [0x00007FF632D3865F+4044735]
	GetHandleVerifier [0x00007FF632A09736+706710]
	(No symbol) [0x00007FF6328EB8DF]
	(No symbol) [0x00007FF6328E6AC4]
	(No symbol) [0x00007FF6328E6C1C]
	(No symbol) [0x00007FF6328D68D4]
	BaseThreadInitThunk [0x00007FF9494C257D+29]
	RtlUserThreadStart [0x00007FF94AC4AA58+40]

2024-04-02 11:21:17,721 [ERROR] automation Element located by i0116 is not present. Message: no such element: Unable to locate element: {"method":"css selector","selector":"[id="i0116"]"}
  (Session info: chrome=122.0.6261.131); For documentation on this error, please visit: https://www.selenium.dev/documentation/webdriver/troubleshooting/errors#no-such-element-exception
Stacktrace:
	GetHandleVerifier [0x00007FF63296AD02+56930]
	(No symbol) [0x00007FF6328DF602]
	(No symbol) [0x00007FF6327942E5]
	(No symbol) [0x00007FF6327D98ED]
	(No symbol) [0x00007FF6327D9A2C]
	(No symbol) [0x00007FF63281A967]
	(No symbol) [0x00007FF6327FBCDF]
	(No symbol) [0x00007FF6328181E2]
	(No symbol) [0x00007FF6327FBA43]
	(No symbol) [0x00007FF6327CD438]
	(No symbol) [0x00007FF6327CE4D1]
	GetHandleVerifier [0x00007FF632CE6F8D+3711213]
	GetHandleVerifier [0x00007FF632D404CD+4077101]
	GetHandleVerifier [0x00007FF632D3865F+4044735]
	GetHandleVerifier [0x00007FF632A09736+706710]
	(No symbol) [0x00007FF6328EB8DF]
	(No symbol) [0x00007FF6328E6AC4]
	(No symbol) [0x00007FF6328E6C1C]
	(No symbol) [0x00007FF6328D68D4]
	BaseThreadInitThunk [0x00007FF9494C257D+29]
	RtlUserThreadStart [0x00007FF94AC4AA58+40]

2024-04-02 11:21:17,796 [ERROR] automation Element located by i0116 is not present. Message: no such element: Unable to locate element: {"method":"css selector","selector":"[id="i0116"]"}
  (Session info: chrome=122.0.6261.131); For documentation on this error, please visit: https://www.selenium.dev/documentation/webdriver/troubleshooting/errors#no-such-element-exception
Stacktrace:
	GetHandleVerifier [0x00007FF63296AD02+56930]
	(No symbol) [0x00007FF6328DF602]
	(No symbol) [0x00007FF6327942E5]
	(No symbol) [0x00007FF6327D98ED]
	(No symbol) [0x00007FF6327D9A2C]
	(No symbol) [0x00007FF63281A967]
	(No symbol) [0x00007FF6327FBCDF]
	(No symbol) [0x00007FF6328181E2]
	(No symbol) [0x00007FF6327FBA43]
	(No symbol) [0x00007FF6327CD438]
	(No symbol) [0x00007FF6327CE4D1]
	GetHandleVerifier [0x00007FF632CE6F8D+3711213]
	GetHandleVerifier [0x00007FF632D404CD+4077101]
	GetHandleVerifier [0x00007FF632D3865F+4044735]
	GetHandleVerifier [0x00007FF632A09736+706710]
	(No symbol) [0x00007FF6328EB8DF]
	(No symbol) [0x00007FF6328E6AC4]
	(No symbol) [0x00007FF6328E6C1C]
	(No symbol) [0x00007FF6328D68D4]
	BaseThreadInitThunk [0x00007FF9494C257D+29]
	RtlUserThreadStart [0x00007FF94AC4AA58+40]

2024-04-02 11:21:17,858 [ERROR] automation Element located by i0116 is not present. Message: no such element: Unable to locate element: {"method":"css selector","selector":"[id="i0116"]"}
  (Session info: chrome=122.0.6261.131); For documentation on this error, please visit: https://www.selenium.dev/documentation/webdriver/troubleshooting/errors#no-such-element-exception
Stacktrace:
	GetHandleVerifier [0x00007FF63296AD02+56930]
	(No symbol) [0x00007FF6328DF602]
	(No symbol) [0x00007FF6327942E5]
	(No symbol) [0x00007FF6327D98ED]
	(No symbol) [0x00007FF6327D9A2C]
	(No symbol) [0x00007FF63281A967]
	(No symbol) [0x00007FF6327FBCDF]
	(No symbol) [0x00007FF6328181E2]
	(No symbol) [0x00007FF6327FBA43]
	(No symbol) [0x00007FF6327CD438]
	(No symbol) [0x00007FF6327CE4D1]
	GetHandleVerifier [0x00007FF632CE6F8D+3711213]
	GetHandleVerifier [0x00007FF632D404CD+4077101]
	GetHandleVerifier [0x00007FF632D3865F+4044735]
	GetHandleVerifier [0x00007FF632A09736+706710]
	(No symbol) [0x00007FF6328EB8DF]
	(No symbol) [0x00007FF6328E6AC4]
	(No symbol) [0x00007FF6328E6C1C]
	(No symbol) [0x00007FF6328D68D4]
	BaseThreadInitThunk [0x00007FF9494C257D+29]
	RtlUserThreadStart [0x00007FF94AC4AA58+40]

2024-04-02 11:21:17,919 [ERROR] automation Element located by i0116 is not present. Message: no such element: Unable to locate element: {"method":"css selector","selector":"[id="i0116"]"}
  (Session info: chrome=122.0.6261.131); For documentation on this error, please visit: https://www.selenium.dev/documentation/webdriver/troubleshooting/errors#no-such-element-exception
Stacktrace:
	GetHandleVerifier [0x00007FF63296AD02+56930]
	(No symbol) [0x00007FF6328DF602]
	(No symbol) [0x00007FF6327942E5]
	(No symbol) [0x00007FF6327D98ED]
	(No symbol) [0x00007FF6327D9A2C]
	(No symbol) [0x00007FF63281A967]
	(No symbol) [0x00007FF6327FBCDF]
	(No symbol) [0x00007FF6328181E2]
	(No symbol) [0x00007FF6327FBA43]
	(No symbol) [0x00007FF6327CD438]
	(No symbol) [0x00007FF6327CE4D1]
	GetHandleVerifier [0x00007FF632CE6F8D+3711213]
	GetHandleVerifier [0x00007FF632D404CD+4077101]
	GetHandleVerifier [0x00007FF632D3865F+4044735]
	GetHandleVerifier [0x00007FF632A09736+706710]
	(No symbol) [0x00007FF6328EB8DF]
	(No symbol) [0x00007FF6328E6AC4]
	(No symbol) [0x00007FF6328E6C1C]
	(No symbol) [0x00007FF6328D68D4]
	BaseThreadInitThunk [0x00007FF9494C257D+29]
	RtlUserThreadStart [0x00007FF94AC4AA58+40]

2024-04-02 11:21:17,979 [ERROR] automation Element located by i0116 is not present. Message: no such element: Unable to locate element: {"method":"css selector","selector":"[id="i0116"]"}
  (Session info: chrome=122.0.6261.131); For documentation on this error, please visit: https://www.selenium.dev/documentation/webdriver/troubleshooting/errors#no-such-element-exception
Stacktrace:
	GetHandleVerifier [0x00007FF63296AD02+56930]
	(No symbol) [0x00007FF6328DF602]
	(No symbol) [0x00007FF6327942E5]
	(No symbol) [0x00007FF6327D98ED]
	(No symbol) [0x00007FF6327D9A2C]
	(No symbol) [0x00007FF63281A967]
	(No symbol) [0x00007FF6327FBCDF]
	(No symbol) [0x00007FF6328181E2]
	(No symbol) [0x00007FF6327FBA43]
	(No symbol) [0x00007FF6327CD438]
	(No symbol) [0x00007FF6327CE4D1]
	GetHandleVerifier [0x00007FF632CE6F8D+3711213]
	GetHandleVerifier [0x00007FF632D404CD+4077101]
	GetHandleVerifier [0x00007FF632D3865F+4044735]
	GetHandleVerifier [0x00007FF632A09736+706710]
	(No symbol) [0x00007FF6328EB8DF]
	(No symbol) [0x00007FF6328E6AC4]
	(No symbol) [0x00007FF6328E6C1C]
	(No symbol) [0x00007FF6328D68D4]
	BaseThreadInitThunk [0x00007FF9494C257D+29]
	RtlUserThreadStart [0x00007FF94AC4AA58+40]

2024-04-02 11:21:18,038 [ERROR] automation Element located by i0116 is not present. Message: no such element: Unable to locate element: {"method":"css selector","selector":"[id="i0116"]"}
  (Session info: chrome=122.0.6261.131); For documentation on this error, please visit: https://www.selenium.dev/documentation/webdriver/troubleshooting/errors#no-such-element-exception
Stacktrace:
	GetHandleVerifier [0x00007FF63296AD02+56930]
	(No symbol) [0x00007FF6328DF602]
	(No symbol) [0x00007FF6327942E5]
	(No symbol) [0x00007FF6327D98ED]
	(No symbol) [0x00007FF6327D9A2C]
	(No symbol) [0x00007FF63281A967]
	(No symbol) [0x00007FF6327FBCDF]
	(No symbol) [0x00007FF6328181E2]
	(No symbol) [0x00007FF6327FBA43]
	(No symbol) [0x00007FF6327CD438]
	(No symbol) [0x00007FF6327CE4D1]
	GetHandleVerifier [0x00007FF632CE6F8D+3711213]
	GetHandleVerifier [0x00007FF632D404CD+4077101]
	GetHandleVerifier [0x00007FF632D3865F+4044735]
	GetHandleVerifier [0x00007FF632A09736+706710]
	(No symbol) [0x00007FF6328EB8DF]
	(No symbol) [0x00007FF6328E6AC4]
	(No symbol) [0x00007FF6328E6C1C]
	(No symbol) [0x00007FF6328D68D4]
	BaseThreadInitThunk [0x00007FF9494C257D+29]
	RtlUserThreadStart [0x00007FF94AC4AA58+40]

2024-04-02 11:21:18,103 [ERROR] automation Element located by i0116 is not present. Message: no such element: Unable to locate element: {"method":"css selector","selector":"[id="i0116"]"}
  (Session info: chrome=122.0.6261.131); For documentation on this error, please visit: https://www.selenium.dev/documentation/webdriver/troubleshooting/errors#no-such-element-exception
Stacktrace:
	GetHandleVerifier [0x00007FF63296AD02+56930]
	(No symbol) [0x00007FF6328DF602]
	(No symbol) [0x00007FF6327942E5]
	(No symbol) [0x00007FF6327D98ED]
	(No symbol) [0x00007FF6327D9A2C]
	(No symbol) [0x00007FF63281A967]
	(No symbol) [0x00007FF6327FBCDF]
	(No symbol) [0x00007FF6328181E2]
	(No symbol) [0x00007FF6327FBA43]
	(No symbol) [0x00007FF6327CD438]
	(No symbol) [0x00007FF6327CE4D1]
	GetHandleVerifier [0x00007FF632CE6F8D+3711213]
	GetHandleVerifier [0x00007FF632D404CD+4077101]
	GetHandleVerifier [0x00007FF632D3865F+4044735]
	GetHandleVerifier [0x00007FF632A09736+706710]
	(No symbol) [0x00007FF6328EB8DF]
	(No symbol) [0x00007FF6328E6AC4]
	(No symbol) [0x00007FF6328E6C1C]
	(No symbol) [0x00007FF6328D68D4]
	BaseThreadInitThunk [0x00007FF9494C257D+29]
	RtlUserThreadStart [0x00007FF94AC4AA58+40]

2024-04-02 11:21:18,168 [ERROR] automation Element located by i0116 is not present. Message: no such element: Unable to locate element: {"method":"css selector","selector":"[id="i0116"]"}
  (Session info: chrome=122.0.6261.131); For documentation on this error, please visit: https://www.selenium.dev/documentation/webdriver/troubleshooting/errors#no-such-element-exception
Stacktrace:
	GetHandleVerifier [0x00007FF63296AD02+56930]
	(No symbol) [0x00007FF6328DF602]
	(No symbol) [0x00007FF6327942E5]
	(No symbol) [0x00007FF6327D98ED]
	(No symbol) [0x00007FF6327D9A2C]
	(No symbol) [0x00007FF63281A967]
	(No symbol) [0x00007FF6327FBCDF]
	(No symbol) [0x00007FF6328181E2]
	(No symbol) [0x00007FF6327FBA43]
	(No symbol) [0x00007FF6327CD438]
	(No symbol) [0x00007FF6327CE4D1]
	GetHandleVerifier [0x00007FF632CE6F8D+3711213]
	GetHandleVerifier [0x00007FF632D404CD+4077101]
	GetHandleVerifier [0x00007FF632D3865F+4044735]
	GetHandleVerifier [0x00007FF632A09736+706710]
	(No symbol) [0x00007FF6328EB8DF]
	(No symbol) [0x00007FF6328E6AC4]
	(No symbol) [0x00007FF6328E6C1C]
	(No symbol) [0x00007FF6328D68D4]
	BaseThreadInitThunk [0x00007FF9494C257D+29]
	RtlUserThreadStart [0x00007FF94AC4AA58+40]

2024-04-02 11:21:19,530 [ERROR] automation Element located by i0116 is not present. Message: no such element: Unable to locate element: {"method":"css selector","selector":"[id="i0116"]"}
  (Session info: chrome=122.0.6261.131); For documentation on this error, please visit: https://www.selenium.dev/documentation/webdriver/troubleshooting/errors#no-such-element-exception
Stacktrace:
	GetHandleVerifier [0x00007FF63296AD02+56930]
	(No symbol) [0x00007FF6328DF602]
	(No symbol) [0x00007FF6327942E5]
	(No symbol) [0x00007FF6327D98ED]
	(No symbol) [0x00007FF6327D9A2C]
	(No symbol) [0x00007FF63281A967]
	(No symbol) [0x00007FF6327FBCDF]
	(No symbol) [0x00007FF6328181E2]
	(No symbol) [0x00007FF6327FBA43]
	(No symbol) [0x00007FF6327CD438]
	(No symbol) [0x00007FF6327CE4D1]
	GetHandleVerifier [0x00007FF632CE6F8D+3711213]
	GetHandleVerifier [0x00007FF632D404CD+4077101]
	GetHandleVerifier [0x00007FF632D3865F+4044735]
	GetHandleVerifier [0x00007FF632A09736+706710]
	(No symbol) [0x00007FF6328EB8DF]
	(No symbol) [0x00007FF6328E6AC4]
	(No symbol) [0x00007FF6328E6C1C]
	(No symbol) [0x00007FF6328D68D4]
	BaseThreadInitThunk [0x00007FF9494C257D+29]
	RtlUserThreadStart [0x00007FF94AC4AA58+40]

2024-04-02 11:21:19,699 [INFO] automation Element located by i0116 is present.
2024-04-02 11:21:26,515 [INFO] automation Element located by //div[@class='logo'] is present.
2024-04-02 11:21:30,630 [INFO] automation Element located by //div[@class='tableFixHead']/table/tbody/tr[contains(@class,'even_col')][1] is present.
2024-04-02 11:21:33,128 [INFO] automation Element located by //input[@formcontrolname='title'] is present.
2024-04-02 11:21:33,128 [INFO] automation Element located by //input[@formcontrolname='title'] is present.
2024-04-02 11:21:33,880 [INFO] automation CPU Percent: 18.5	Virtual Memory: svmem(total=12635017216, available=1636089856, percent=87.1, used=10998927360, free=1636089856)
2024-04-02 11:21:33,978 [INFO] automation screenshot logged as: C:\Users\Thanusha Kotaprolu\Automation Projects\cognine-crm-automation\RunExecutionScripts\common\logs\screenshots\test_crm_email_drafts_page_smoke_test__fail02112133db11.png
2024-04-02 11:21:33,978 [ERROR] automation Test failed.
