2024-03-05 14:58:54,195 [INFO] automation Test has started.
2024-03-05 14:58:54,196 [INFO] automation Navigating to the https://chorusdevnew.cogninelabs.com/
2024-03-05 14:58:57,009 [INFO] WDM Get LATEST chromedriver version for google-chrome
2024-03-05 14:58:57,471 [INFO] WDM Get LATEST chromedriver version for google-chrome
2024-03-05 14:58:57,906 [INFO] WDM Driver [C:\Users\Thanusha Kotaprolu\.wdm\drivers\chromedriver\win64\122.0.6261.94\chromedriver-win32/chromedriver.exe] found in cache
2024-03-05 14:59:02,139 [ERROR] automation Element located by i0116 is not present. Message: no such element: Unable to locate element: {"method":"css selector","selector":"[id="i0116"]"}
  (Session info: chrome=122.0.6261.95); For documentation on this error, please visit: https://www.selenium.dev/documentation/webdriver/troubleshooting/errors#no-such-element-exception
Stacktrace:
	GetHandleVerifier [0x00B08C93+51395]
	(No symbol) [0x00A75EF1]
	(No symbol) [0x0092E13A]
	(No symbol) [0x009662BB]
	(No symbol) [0x009663EB]
	(No symbol) [0x0099C162]
	(No symbol) [0x00983ED4]
	(No symbol) [0x0099A570]
	(No symbol) [0x00983C26]
	(No symbol) [0x0095C629]
	(No symbol) [0x0095D40D]
	GetHandleVerifier [0x00E86453+3711107]
	GetHandleVerifier [0x00EC583A+3970154]
	GetHandleVerifier [0x00EC0B28+3950424]
	GetHandleVerifier [0x00BB9C99+776393]
	(No symbol) [0x00A816C4]
	(No symbol) [0x00A7C5A8]
	(No symbol) [0x00A7C759]
	(No symbol) [0x00A6DD80]
	BaseThreadInitThunk [0x76667BA9+25]
	RtlInitializeExceptionChain [0x7778BD2B+107]
	RtlClearBits [0x7778BCAF+191]

2024-03-05 14:59:02,221 [ERROR] automation Element located by i0116 is not present. Message: no such element: Unable to locate element: {"method":"css selector","selector":"[id="i0116"]"}
  (Session info: chrome=122.0.6261.95); For documentation on this error, please visit: https://www.selenium.dev/documentation/webdriver/troubleshooting/errors#no-such-element-exception
Stacktrace:
	GetHandleVerifier [0x00B08C93+51395]
	(No symbol) [0x00A75EF1]
	(No symbol) [0x0092E13A]
	(No symbol) [0x009662BB]
	(No symbol) [0x009663EB]
	(No symbol) [0x0099C162]
	(No symbol) [0x00983ED4]
	(No symbol) [0x0099A570]
	(No symbol) [0x00983C26]
	(No symbol) [0x0095C629]
	(No symbol) [0x0095D40D]
	GetHandleVerifier [0x00E86453+3711107]
	GetHandleVerifier [0x00EC583A+3970154]
	GetHandleVerifier [0x00EC0B28+3950424]
	GetHandleVerifier [0x00BB9C99+776393]
	(No symbol) [0x00A816C4]
	(No symbol) [0x00A7C5A8]
	(No symbol) [0x00A7C759]
	(No symbol) [0x00A6DD80]
	BaseThreadInitThunk [0x76667BA9+25]
	RtlInitializeExceptionChain [0x7778BD2B+107]
	RtlClearBits [0x7778BCAF+191]

2024-03-05 14:59:02,288 [ERROR] automation Element located by i0116 is not present. Message: no such element: Unable to locate element: {"method":"css selector","selector":"[id="i0116"]"}
  (Session info: chrome=122.0.6261.95); For documentation on this error, please visit: https://www.selenium.dev/documentation/webdriver/troubleshooting/errors#no-such-element-exception
Stacktrace:
	GetHandleVerifier [0x00B08C93+51395]
	(No symbol) [0x00A75EF1]
	(No symbol) [0x0092E13A]
	(No symbol) [0x009662BB]
	(No symbol) [0x009663EB]
	(No symbol) [0x0099C162]
	(No symbol) [0x00983ED4]
	(No symbol) [0x0099A570]
	(No symbol) [0x00983C26]
	(No symbol) [0x0095C629]
	(No symbol) [0x0095D40D]
	GetHandleVerifier [0x00E86453+3711107]
	GetHandleVerifier [0x00EC583A+3970154]
	GetHandleVerifier [0x00EC0B28+3950424]
	GetHandleVerifier [0x00BB9C99+776393]
	(No symbol) [0x00A816C4]
	(No symbol) [0x00A7C5A8]
	(No symbol) [0x00A7C759]
	(No symbol) [0x00A6DD80]
	BaseThreadInitThunk [0x76667BA9+25]
	RtlInitializeExceptionChain [0x7778BD2B+107]
	RtlClearBits [0x7778BCAF+191]

2024-03-05 14:59:02,355 [ERROR] automation Element located by i0116 is not present. Message: no such element: Unable to locate element: {"method":"css selector","selector":"[id="i0116"]"}
  (Session info: chrome=122.0.6261.95); For documentation on this error, please visit: https://www.selenium.dev/documentation/webdriver/troubleshooting/errors#no-such-element-exception
Stacktrace:
	GetHandleVerifier [0x00B08C93+51395]
	(No symbol) [0x00A75EF1]
	(No symbol) [0x0092E13A]
	(No symbol) [0x009662BB]
	(No symbol) [0x009663EB]
	(No symbol) [0x0099C162]
	(No symbol) [0x00983ED4]
	(No symbol) [0x0099A570]
	(No symbol) [0x00983C26]
	(No symbol) [0x0095C629]
	(No symbol) [0x0095D40D]
	GetHandleVerifier [0x00E86453+3711107]
	GetHandleVerifier [0x00EC583A+3970154]
	GetHandleVerifier [0x00EC0B28+3950424]
	GetHandleVerifier [0x00BB9C99+776393]
	(No symbol) [0x00A816C4]
	(No symbol) [0x00A7C5A8]
	(No symbol) [0x00A7C759]
	(No symbol) [0x00A6DD80]
	BaseThreadInitThunk [0x76667BA9+25]
	RtlInitializeExceptionChain [0x7778BD2B+107]
	RtlClearBits [0x7778BCAF+191]

2024-03-05 14:59:02,424 [ERROR] automation Element located by i0116 is not present. Message: no such element: Unable to locate element: {"method":"css selector","selector":"[id="i0116"]"}
  (Session info: chrome=122.0.6261.95); For documentation on this error, please visit: https://www.selenium.dev/documentation/webdriver/troubleshooting/errors#no-such-element-exception
Stacktrace:
	GetHandleVerifier [0x00B08C93+51395]
	(No symbol) [0x00A75EF1]
	(No symbol) [0x0092E13A]
	(No symbol) [0x009662BB]
	(No symbol) [0x009663EB]
	(No symbol) [0x0099C162]
	(No symbol) [0x00983ED4]
	(No symbol) [0x0099A570]
	(No symbol) [0x00983C26]
	(No symbol) [0x0095C629]
	(No symbol) [0x0095D40D]
	GetHandleVerifier [0x00E86453+3711107]
	GetHandleVerifier [0x00EC583A+3970154]
	GetHandleVerifier [0x00EC0B28+3950424]
	GetHandleVerifier [0x00BB9C99+776393]
	(No symbol) [0x00A816C4]
	(No symbol) [0x00A7C5A8]
	(No symbol) [0x00A7C759]
	(No symbol) [0x00A6DD80]
	BaseThreadInitThunk [0x76667BA9+25]
	RtlInitializeExceptionChain [0x7778BD2B+107]
	RtlClearBits [0x7778BCAF+191]

2024-03-05 14:59:02,494 [ERROR] automation Element located by i0116 is not present. Message: no such element: Unable to locate element: {"method":"css selector","selector":"[id="i0116"]"}
  (Session info: chrome=122.0.6261.95); For documentation on this error, please visit: https://www.selenium.dev/documentation/webdriver/troubleshooting/errors#no-such-element-exception
Stacktrace:
	GetHandleVerifier [0x00B08C93+51395]
	(No symbol) [0x00A75EF1]
	(No symbol) [0x0092E13A]
	(No symbol) [0x009662BB]
	(No symbol) [0x009663EB]
	(No symbol) [0x0099C162]
	(No symbol) [0x00983ED4]
	(No symbol) [0x0099A570]
	(No symbol) [0x00983C26]
	(No symbol) [0x0095C629]
	(No symbol) [0x0095D40D]
	GetHandleVerifier [0x00E86453+3711107]
	GetHandleVerifier [0x00EC583A+3970154]
	GetHandleVerifier [0x00EC0B28+3950424]
	GetHandleVerifier [0x00BB9C99+776393]
	(No symbol) [0x00A816C4]
	(No symbol) [0x00A7C5A8]
	(No symbol) [0x00A7C759]
	(No symbol) [0x00A6DD80]
	BaseThreadInitThunk [0x76667BA9+25]
	RtlInitializeExceptionChain [0x7778BD2B+107]
	RtlClearBits [0x7778BCAF+191]

2024-03-05 14:59:02,562 [ERROR] automation Element located by i0116 is not present. Message: no such element: Unable to locate element: {"method":"css selector","selector":"[id="i0116"]"}
  (Session info: chrome=122.0.6261.95); For documentation on this error, please visit: https://www.selenium.dev/documentation/webdriver/troubleshooting/errors#no-such-element-exception
Stacktrace:
	GetHandleVerifier [0x00B08C93+51395]
	(No symbol) [0x00A75EF1]
	(No symbol) [0x0092E13A]
	(No symbol) [0x009662BB]
	(No symbol) [0x009663EB]
	(No symbol) [0x0099C162]
	(No symbol) [0x00983ED4]
	(No symbol) [0x0099A570]
	(No symbol) [0x00983C26]
	(No symbol) [0x0095C629]
	(No symbol) [0x0095D40D]
	GetHandleVerifier [0x00E86453+3711107]
	GetHandleVerifier [0x00EC583A+3970154]
	GetHandleVerifier [0x00EC0B28+3950424]
	GetHandleVerifier [0x00BB9C99+776393]
	(No symbol) [0x00A816C4]
	(No symbol) [0x00A7C5A8]
	(No symbol) [0x00A7C759]
	(No symbol) [0x00A6DD80]
	BaseThreadInitThunk [0x76667BA9+25]
	RtlInitializeExceptionChain [0x7778BD2B+107]
	RtlClearBits [0x7778BCAF+191]

2024-03-05 14:59:02,633 [ERROR] automation Element located by i0116 is not present. Message: no such element: Unable to locate element: {"method":"css selector","selector":"[id="i0116"]"}
  (Session info: chrome=122.0.6261.95); For documentation on this error, please visit: https://www.selenium.dev/documentation/webdriver/troubleshooting/errors#no-such-element-exception
Stacktrace:
	GetHandleVerifier [0x00B08C93+51395]
	(No symbol) [0x00A75EF1]
	(No symbol) [0x0092E13A]
	(No symbol) [0x009662BB]
	(No symbol) [0x009663EB]
	(No symbol) [0x0099C162]
	(No symbol) [0x00983ED4]
	(No symbol) [0x0099A570]
	(No symbol) [0x00983C26]
	(No symbol) [0x0095C629]
	(No symbol) [0x0095D40D]
	GetHandleVerifier [0x00E86453+3711107]
	GetHandleVerifier [0x00EC583A+3970154]
	GetHandleVerifier [0x00EC0B28+3950424]
	GetHandleVerifier [0x00BB9C99+776393]
	(No symbol) [0x00A816C4]
	(No symbol) [0x00A7C5A8]
	(No symbol) [0x00A7C759]
	(No symbol) [0x00A6DD80]
	BaseThreadInitThunk [0x76667BA9+25]
	RtlInitializeExceptionChain [0x7778BD2B+107]
	RtlClearBits [0x7778BCAF+191]

2024-03-05 14:59:02,704 [ERROR] automation Element located by i0116 is not present. Message: no such element: Unable to locate element: {"method":"css selector","selector":"[id="i0116"]"}
  (Session info: chrome=122.0.6261.95); For documentation on this error, please visit: https://www.selenium.dev/documentation/webdriver/troubleshooting/errors#no-such-element-exception
Stacktrace:
	GetHandleVerifier [0x00B08C93+51395]
	(No symbol) [0x00A75EF1]
	(No symbol) [0x0092E13A]
	(No symbol) [0x009662BB]
	(No symbol) [0x009663EB]
	(No symbol) [0x0099C162]
	(No symbol) [0x00983ED4]
	(No symbol) [0x0099A570]
	(No symbol) [0x00983C26]
	(No symbol) [0x0095C629]
	(No symbol) [0x0095D40D]
	GetHandleVerifier [0x00E86453+3711107]
	GetHandleVerifier [0x00EC583A+3970154]
	GetHandleVerifier [0x00EC0B28+3950424]
	GetHandleVerifier [0x00BB9C99+776393]
	(No symbol) [0x00A816C4]
	(No symbol) [0x00A7C5A8]
	(No symbol) [0x00A7C759]
	(No symbol) [0x00A6DD80]
	BaseThreadInitThunk [0x76667BA9+25]
	RtlInitializeExceptionChain [0x7778BD2B+107]
	RtlClearBits [0x7778BCAF+191]

2024-03-05 14:59:04,128 [ERROR] automation Element located by i0116 is not present. Message: no such element: Unable to locate element: {"method":"css selector","selector":"[id="i0116"]"}
  (Session info: chrome=122.0.6261.95); For documentation on this error, please visit: https://www.selenium.dev/documentation/webdriver/troubleshooting/errors#no-such-element-exception
Stacktrace:
	GetHandleVerifier [0x00B08C93+51395]
	(No symbol) [0x00A75EF1]
	(No symbol) [0x0092E13A]
	(No symbol) [0x009662BB]
	(No symbol) [0x009663EB]
	(No symbol) [0x0099C162]
	(No symbol) [0x00983ED4]
	(No symbol) [0x0099A570]
	(No symbol) [0x00983C26]
	(No symbol) [0x0095C629]
	(No symbol) [0x0095D40D]
	GetHandleVerifier [0x00E86453+3711107]
	GetHandleVerifier [0x00EC583A+3970154]
	GetHandleVerifier [0x00EC0B28+3950424]
	GetHandleVerifier [0x00BB9C99+776393]
	(No symbol) [0x00A816C4]
	(No symbol) [0x00A7C5A8]
	(No symbol) [0x00A7C759]
	(No symbol) [0x00A6DD80]
	BaseThreadInitThunk [0x76667BA9+25]
	RtlInitializeExceptionChain [0x7778BD2B+107]
	RtlClearBits [0x7778BCAF+191]

2024-03-05 14:59:04,192 [ERROR] automation Element located by i0116 is not present. Message: no such element: Unable to locate element: {"method":"css selector","selector":"[id="i0116"]"}
  (Session info: chrome=122.0.6261.95); For documentation on this error, please visit: https://www.selenium.dev/documentation/webdriver/troubleshooting/errors#no-such-element-exception
Stacktrace:
	GetHandleVerifier [0x00B08C93+51395]
	(No symbol) [0x00A75EF1]
	(No symbol) [0x0092E13A]
	(No symbol) [0x009662BB]
	(No symbol) [0x009663EB]
	(No symbol) [0x0099C162]
	(No symbol) [0x00983ED4]
	(No symbol) [0x0099A570]
	(No symbol) [0x00983C26]
	(No symbol) [0x0095C629]
	(No symbol) [0x0095D40D]
	GetHandleVerifier [0x00E86453+3711107]
	GetHandleVerifier [0x00EC583A+3970154]
	GetHandleVerifier [0x00EC0B28+3950424]
	GetHandleVerifier [0x00BB9C99+776393]
	(No symbol) [0x00A816C4]
	(No symbol) [0x00A7C5A8]
	(No symbol) [0x00A7C759]
	(No symbol) [0x00A6DD80]
	BaseThreadInitThunk [0x76667BA9+25]
	RtlInitializeExceptionChain [0x7778BD2B+107]
	RtlClearBits [0x7778BCAF+191]

2024-03-05 14:59:04,391 [INFO] automation Element located by i0116 is present.
2024-03-05 14:59:12,022 [INFO] automation Element located by //div[@class='logo'] is present.
2024-03-05 14:59:14,105 [INFO] automation Test passed.
