2025-01-06 16:04:28,542 [INFO] automation Navigating to the https://chorusdev.cogninelabs.com/
2025-01-06 16:05:21,346 [ERROR] automation Element located by i0116 is not present. Message: no such element: Unable to locate element: {"method":"css selector","selector":"[id="i0116"]"}
  (Session info: chrome=131.0.6778.205); For documentation on this error, please visit: https://www.selenium.dev/documentation/webdriver/troubleshooting/errors#no-such-element-exception
Stacktrace:
	GetHandleVerifier [0x00007FF6AB80FB05+28789]
	(No symbol) [0x00007FF6AB7786E0]
	(No symbol) [0x00007FF6AB61592A]
	(No symbol) [0x00007FF6AB66930E]
	(No symbol) [0x00007FF6AB6695FC]
	(No symbol) [0x00007FF6AB6B28A7]
	(No symbol) [0x00007FF6AB68F47F]
	(No symbol) [0x00007FF6AB6AF654]
	(No symbol) [0x00007FF6AB68F1E3]
	(No symbol) [0x00007FF6AB65A938]
	(No symbol) [0x00007FF6AB65BAA1]
	GetHandleVerifier [0x00007FF6ABB4933D+3410093]
	GetHandleVerifier [0x00007FF6ABB5E7DD+3497293]
	GetHandleVerifier [0x00007FF6ABB52A73+3448803]
	GetHandleVerifier [0x00007FF6AB8D7BBB+848171]
	(No symbol) [0x00007FF6AB783C3F]
	(No symbol) [0x00007FF6AB77F6E4]
	(No symbol) [0x00007FF6AB77F87D]
	(No symbol) [0x00007FF6AB76ED49]
	BaseThreadInitThunk [0x00007FF8A8D47374+20]
	RtlUserThreadStart [0x00007FF8A9CBCC91+33]

2025-01-06 16:05:21,426 [ERROR] automation Element located by i0116 is not present. Message: no such element: Unable to locate element: {"method":"css selector","selector":"[id="i0116"]"}
  (Session info: chrome=131.0.6778.205); For documentation on this error, please visit: https://www.selenium.dev/documentation/webdriver/troubleshooting/errors#no-such-element-exception
Stacktrace:
	GetHandleVerifier [0x00007FF6AB80FB05+28789]
	(No symbol) [0x00007FF6AB7786E0]
	(No symbol) [0x00007FF6AB61592A]
	(No symbol) [0x00007FF6AB66930E]
	(No symbol) [0x00007FF6AB6695FC]
	(No symbol) [0x00007FF6AB6B28A7]
	(No symbol) [0x00007FF6AB68F47F]
	(No symbol) [0x00007FF6AB6AF654]
	(No symbol) [0x00007FF6AB68F1E3]
	(No symbol) [0x00007FF6AB65A938]
	(No symbol) [0x00007FF6AB65BAA1]
	GetHandleVerifier [0x00007FF6ABB4933D+3410093]
	GetHandleVerifier [0x00007FF6ABB5E7DD+3497293]
	GetHandleVerifier [0x00007FF6ABB52A73+3448803]
	GetHandleVerifier [0x00007FF6AB8D7BBB+848171]
	(No symbol) [0x00007FF6AB783C3F]
	(No symbol) [0x00007FF6AB77F6E4]
	(No symbol) [0x00007FF6AB77F87D]
	(No symbol) [0x00007FF6AB76ED49]
	BaseThreadInitThunk [0x00007FF8A8D47374+20]
	RtlUserThreadStart [0x00007FF8A9CBCC91+33]

2025-01-06 16:05:21,492 [ERROR] automation Element located by i0116 is not present. Message: no such element: Unable to locate element: {"method":"css selector","selector":"[id="i0116"]"}
  (Session info: chrome=131.0.6778.205); For documentation on this error, please visit: https://www.selenium.dev/documentation/webdriver/troubleshooting/errors#no-such-element-exception
Stacktrace:
	GetHandleVerifier [0x00007FF6AB80FB05+28789]
	(No symbol) [0x00007FF6AB7786E0]
	(No symbol) [0x00007FF6AB61592A]
	(No symbol) [0x00007FF6AB66930E]
	(No symbol) [0x00007FF6AB6695FC]
	(No symbol) [0x00007FF6AB6B28A7]
	(No symbol) [0x00007FF6AB68F47F]
	(No symbol) [0x00007FF6AB6AF654]
	(No symbol) [0x00007FF6AB68F1E3]
	(No symbol) [0x00007FF6AB65A938]
	(No symbol) [0x00007FF6AB65BAA1]
	GetHandleVerifier [0x00007FF6ABB4933D+3410093]
	GetHandleVerifier [0x00007FF6ABB5E7DD+3497293]
	GetHandleVerifier [0x00007FF6ABB52A73+3448803]
	GetHandleVerifier [0x00007FF6AB8D7BBB+848171]
	(No symbol) [0x00007FF6AB783C3F]
	(No symbol) [0x00007FF6AB77F6E4]
	(No symbol) [0x00007FF6AB77F87D]
	(No symbol) [0x00007FF6AB76ED49]
	BaseThreadInitThunk [0x00007FF8A8D47374+20]
	RtlUserThreadStart [0x00007FF8A9CBCC91+33]

2025-01-06 16:05:21,554 [ERROR] automation Element located by i0116 is not present. Message: no such element: Unable to locate element: {"method":"css selector","selector":"[id="i0116"]"}
  (Session info: chrome=131.0.6778.205); For documentation on this error, please visit: https://www.selenium.dev/documentation/webdriver/troubleshooting/errors#no-such-element-exception
Stacktrace:
	GetHandleVerifier [0x00007FF6AB80FB05+28789]
	(No symbol) [0x00007FF6AB7786E0]
	(No symbol) [0x00007FF6AB61592A]
	(No symbol) [0x00007FF6AB66930E]
	(No symbol) [0x00007FF6AB6695FC]
	(No symbol) [0x00007FF6AB6B28A7]
	(No symbol) [0x00007FF6AB68F47F]
	(No symbol) [0x00007FF6AB6AF654]
	(No symbol) [0x00007FF6AB68F1E3]
	(No symbol) [0x00007FF6AB65A938]
	(No symbol) [0x00007FF6AB65BAA1]
	GetHandleVerifier [0x00007FF6ABB4933D+3410093]
	GetHandleVerifier [0x00007FF6ABB5E7DD+3497293]
	GetHandleVerifier [0x00007FF6ABB52A73+3448803]
	GetHandleVerifier [0x00007FF6AB8D7BBB+848171]
	(No symbol) [0x00007FF6AB783C3F]
	(No symbol) [0x00007FF6AB77F6E4]
	(No symbol) [0x00007FF6AB77F87D]
	(No symbol) [0x00007FF6AB76ED49]
	BaseThreadInitThunk [0x00007FF8A8D47374+20]
	RtlUserThreadStart [0x00007FF8A9CBCC91+33]

2025-01-06 16:05:21,620 [ERROR] automation Element located by i0116 is not present. Message: no such element: Unable to locate element: {"method":"css selector","selector":"[id="i0116"]"}
  (Session info: chrome=131.0.6778.205); For documentation on this error, please visit: https://www.selenium.dev/documentation/webdriver/troubleshooting/errors#no-such-element-exception
Stacktrace:
	GetHandleVerifier [0x00007FF6AB80FB05+28789]
	(No symbol) [0x00007FF6AB7786E0]
	(No symbol) [0x00007FF6AB61592A]
	(No symbol) [0x00007FF6AB66930E]
	(No symbol) [0x00007FF6AB6695FC]
	(No symbol) [0x00007FF6AB6B28A7]
	(No symbol) [0x00007FF6AB68F47F]
	(No symbol) [0x00007FF6AB6AF654]
	(No symbol) [0x00007FF6AB68F1E3]
	(No symbol) [0x00007FF6AB65A938]
	(No symbol) [0x00007FF6AB65BAA1]
	GetHandleVerifier [0x00007FF6ABB4933D+3410093]
	GetHandleVerifier [0x00007FF6ABB5E7DD+3497293]
	GetHandleVerifier [0x00007FF6ABB52A73+3448803]
	GetHandleVerifier [0x00007FF6AB8D7BBB+848171]
	(No symbol) [0x00007FF6AB783C3F]
	(No symbol) [0x00007FF6AB77F6E4]
	(No symbol) [0x00007FF6AB77F87D]
	(No symbol) [0x00007FF6AB76ED49]
	BaseThreadInitThunk [0x00007FF8A8D47374+20]
	RtlUserThreadStart [0x00007FF8A9CBCC91+33]

2025-01-06 16:05:21,688 [ERROR] automation Element located by i0116 is not present. Message: no such element: Unable to locate element: {"method":"css selector","selector":"[id="i0116"]"}
  (Session info: chrome=131.0.6778.205); For documentation on this error, please visit: https://www.selenium.dev/documentation/webdriver/troubleshooting/errors#no-such-element-exception
Stacktrace:
	GetHandleVerifier [0x00007FF6AB80FB05+28789]
	(No symbol) [0x00007FF6AB7786E0]
	(No symbol) [0x00007FF6AB61592A]
	(No symbol) [0x00007FF6AB66930E]
	(No symbol) [0x00007FF6AB6695FC]
	(No symbol) [0x00007FF6AB6B28A7]
	(No symbol) [0x00007FF6AB68F47F]
	(No symbol) [0x00007FF6AB6AF654]
	(No symbol) [0x00007FF6AB68F1E3]
	(No symbol) [0x00007FF6AB65A938]
	(No symbol) [0x00007FF6AB65BAA1]
	GetHandleVerifier [0x00007FF6ABB4933D+3410093]
	GetHandleVerifier [0x00007FF6ABB5E7DD+3497293]
	GetHandleVerifier [0x00007FF6ABB52A73+3448803]
	GetHandleVerifier [0x00007FF6AB8D7BBB+848171]
	(No symbol) [0x00007FF6AB783C3F]
	(No symbol) [0x00007FF6AB77F6E4]
	(No symbol) [0x00007FF6AB77F87D]
	(No symbol) [0x00007FF6AB76ED49]
	BaseThreadInitThunk [0x00007FF8A8D47374+20]
	RtlUserThreadStart [0x00007FF8A9CBCC91+33]

2025-01-06 16:05:22,476 [ERROR] automation Element located by i0116 is not present. Message: no such element: Unable to locate element: {"method":"css selector","selector":"[id="i0116"]"}
  (Session info: chrome=131.0.6778.205); For documentation on this error, please visit: https://www.selenium.dev/documentation/webdriver/troubleshooting/errors#no-such-element-exception
Stacktrace:
	GetHandleVerifier [0x00007FF6AB80FB05+28789]
	(No symbol) [0x00007FF6AB7786E0]
	(No symbol) [0x00007FF6AB61592A]
	(No symbol) [0x00007FF6AB66930E]
	(No symbol) [0x00007FF6AB6695FC]
	(No symbol) [0x00007FF6AB6B28A7]
	(No symbol) [0x00007FF6AB68F47F]
	(No symbol) [0x00007FF6AB6AF654]
	(No symbol) [0x00007FF6AB68F1E3]
	(No symbol) [0x00007FF6AB65A938]
	(No symbol) [0x00007FF6AB65BAA1]
	GetHandleVerifier [0x00007FF6ABB4933D+3410093]
	GetHandleVerifier [0x00007FF6ABB5E7DD+3497293]
	GetHandleVerifier [0x00007FF6ABB52A73+3448803]
	GetHandleVerifier [0x00007FF6AB8D7BBB+848171]
	(No symbol) [0x00007FF6AB783C3F]
	(No symbol) [0x00007FF6AB77F6E4]
	(No symbol) [0x00007FF6AB77F87D]
	(No symbol) [0x00007FF6AB76ED49]
	BaseThreadInitThunk [0x00007FF8A8D47374+20]
	RtlUserThreadStart [0x00007FF8A9CBCC91+33]

2025-01-06 16:05:22,566 [ERROR] automation Element located by i0116 is not present. Message: no such element: Unable to locate element: {"method":"css selector","selector":"[id="i0116"]"}
  (Session info: chrome=131.0.6778.205); For documentation on this error, please visit: https://www.selenium.dev/documentation/webdriver/troubleshooting/errors#no-such-element-exception
Stacktrace:
	GetHandleVerifier [0x00007FF6AB80FB05+28789]
	(No symbol) [0x00007FF6AB7786E0]
	(No symbol) [0x00007FF6AB61592A]
	(No symbol) [0x00007FF6AB66930E]
	(No symbol) [0x00007FF6AB6695FC]
	(No symbol) [0x00007FF6AB6B28A7]
	(No symbol) [0x00007FF6AB68F47F]
	(No symbol) [0x00007FF6AB6AF654]
	(No symbol) [0x00007FF6AB68F1E3]
	(No symbol) [0x00007FF6AB65A938]
	(No symbol) [0x00007FF6AB65BAA1]
	GetHandleVerifier [0x00007FF6ABB4933D+3410093]
	GetHandleVerifier [0x00007FF6ABB5E7DD+3497293]
	GetHandleVerifier [0x00007FF6ABB52A73+3448803]
	GetHandleVerifier [0x00007FF6AB8D7BBB+848171]
	(No symbol) [0x00007FF6AB783C3F]
	(No symbol) [0x00007FF6AB77F6E4]
	(No symbol) [0x00007FF6AB77F87D]
	(No symbol) [0x00007FF6AB76ED49]
	BaseThreadInitThunk [0x00007FF8A8D47374+20]
	RtlUserThreadStart [0x00007FF8A9CBCC91+33]

2025-01-06 16:05:22,632 [ERROR] automation Element located by i0116 is not present. Message: no such element: Unable to locate element: {"method":"css selector","selector":"[id="i0116"]"}
  (Session info: chrome=131.0.6778.205); For documentation on this error, please visit: https://www.selenium.dev/documentation/webdriver/troubleshooting/errors#no-such-element-exception
Stacktrace:
	GetHandleVerifier [0x00007FF6AB80FB05+28789]
	(No symbol) [0x00007FF6AB7786E0]
	(No symbol) [0x00007FF6AB61592A]
	(No symbol) [0x00007FF6AB66930E]
	(No symbol) [0x00007FF6AB6695FC]
	(No symbol) [0x00007FF6AB6B28A7]
	(No symbol) [0x00007FF6AB68F47F]
	(No symbol) [0x00007FF6AB6AF654]
	(No symbol) [0x00007FF6AB68F1E3]
	(No symbol) [0x00007FF6AB65A938]
	(No symbol) [0x00007FF6AB65BAA1]
	GetHandleVerifier [0x00007FF6ABB4933D+3410093]
	GetHandleVerifier [0x00007FF6ABB5E7DD+3497293]
	GetHandleVerifier [0x00007FF6ABB52A73+3448803]
	GetHandleVerifier [0x00007FF6AB8D7BBB+848171]
	(No symbol) [0x00007FF6AB783C3F]
	(No symbol) [0x00007FF6AB77F6E4]
	(No symbol) [0x00007FF6AB77F87D]
	(No symbol) [0x00007FF6AB76ED49]
	BaseThreadInitThunk [0x00007FF8A8D47374+20]
	RtlUserThreadStart [0x00007FF8A9CBCC91+33]

2025-01-06 16:05:22,698 [ERROR] automation Element located by i0116 is not present. Message: no such element: Unable to locate element: {"method":"css selector","selector":"[id="i0116"]"}
  (Session info: chrome=131.0.6778.205); For documentation on this error, please visit: https://www.selenium.dev/documentation/webdriver/troubleshooting/errors#no-such-element-exception
Stacktrace:
	GetHandleVerifier [0x00007FF6AB80FB05+28789]
	(No symbol) [0x00007FF6AB7786E0]
	(No symbol) [0x00007FF6AB61592A]
	(No symbol) [0x00007FF6AB66930E]
	(No symbol) [0x00007FF6AB6695FC]
	(No symbol) [0x00007FF6AB6B28A7]
	(No symbol) [0x00007FF6AB68F47F]
	(No symbol) [0x00007FF6AB6AF654]
	(No symbol) [0x00007FF6AB68F1E3]
	(No symbol) [0x00007FF6AB65A938]
	(No symbol) [0x00007FF6AB65BAA1]
	GetHandleVerifier [0x00007FF6ABB4933D+3410093]
	GetHandleVerifier [0x00007FF6ABB5E7DD+3497293]
	GetHandleVerifier [0x00007FF6ABB52A73+3448803]
	GetHandleVerifier [0x00007FF6AB8D7BBB+848171]
	(No symbol) [0x00007FF6AB783C3F]
	(No symbol) [0x00007FF6AB77F6E4]
	(No symbol) [0x00007FF6AB77F87D]
	(No symbol) [0x00007FF6AB76ED49]
	BaseThreadInitThunk [0x00007FF8A8D47374+20]
	RtlUserThreadStart [0x00007FF8A9CBCC91+33]

2025-01-06 16:05:22,766 [ERROR] automation Element located by i0116 is not present. Message: no such element: Unable to locate element: {"method":"css selector","selector":"[id="i0116"]"}
  (Session info: chrome=131.0.6778.205); For documentation on this error, please visit: https://www.selenium.dev/documentation/webdriver/troubleshooting/errors#no-such-element-exception
Stacktrace:
	GetHandleVerifier [0x00007FF6AB80FB05+28789]
	(No symbol) [0x00007FF6AB7786E0]
	(No symbol) [0x00007FF6AB61592A]
	(No symbol) [0x00007FF6AB66930E]
	(No symbol) [0x00007FF6AB6695FC]
	(No symbol) [0x00007FF6AB6B28A7]
	(No symbol) [0x00007FF6AB68F47F]
	(No symbol) [0x00007FF6AB6AF654]
	(No symbol) [0x00007FF6AB68F1E3]
	(No symbol) [0x00007FF6AB65A938]
	(No symbol) [0x00007FF6AB65BAA1]
	GetHandleVerifier [0x00007FF6ABB4933D+3410093]
	GetHandleVerifier [0x00007FF6ABB5E7DD+3497293]
	GetHandleVerifier [0x00007FF6ABB52A73+3448803]
	GetHandleVerifier [0x00007FF6AB8D7BBB+848171]
	(No symbol) [0x00007FF6AB783C3F]
	(No symbol) [0x00007FF6AB77F6E4]
	(No symbol) [0x00007FF6AB77F87D]
	(No symbol) [0x00007FF6AB76ED49]
	BaseThreadInitThunk [0x00007FF8A8D47374+20]
	RtlUserThreadStart [0x00007FF8A9CBCC91+33]

2025-01-06 16:05:22,834 [ERROR] automation Element located by i0116 is not present. Message: no such element: Unable to locate element: {"method":"css selector","selector":"[id="i0116"]"}
  (Session info: chrome=131.0.6778.205); For documentation on this error, please visit: https://www.selenium.dev/documentation/webdriver/troubleshooting/errors#no-such-element-exception
Stacktrace:
	GetHandleVerifier [0x00007FF6AB80FB05+28789]
	(No symbol) [0x00007FF6AB7786E0]
	(No symbol) [0x00007FF6AB61592A]
	(No symbol) [0x00007FF6AB66930E]
	(No symbol) [0x00007FF6AB6695FC]
	(No symbol) [0x00007FF6AB6B28A7]
	(No symbol) [0x00007FF6AB68F47F]
	(No symbol) [0x00007FF6AB6AF654]
	(No symbol) [0x00007FF6AB68F1E3]
	(No symbol) [0x00007FF6AB65A938]
	(No symbol) [0x00007FF6AB65BAA1]
	GetHandleVerifier [0x00007FF6ABB4933D+3410093]
	GetHandleVerifier [0x00007FF6ABB5E7DD+3497293]
	GetHandleVerifier [0x00007FF6ABB52A73+3448803]
	GetHandleVerifier [0x00007FF6AB8D7BBB+848171]
	(No symbol) [0x00007FF6AB783C3F]
	(No symbol) [0x00007FF6AB77F6E4]
	(No symbol) [0x00007FF6AB77F87D]
	(No symbol) [0x00007FF6AB76ED49]
	BaseThreadInitThunk [0x00007FF8A8D47374+20]
	RtlUserThreadStart [0x00007FF8A9CBCC91+33]

2025-01-06 16:05:22,892 [ERROR] automation Element located by i0116 is not present. Message: no such element: Unable to locate element: {"method":"css selector","selector":"[id="i0116"]"}
  (Session info: chrome=131.0.6778.205); For documentation on this error, please visit: https://www.selenium.dev/documentation/webdriver/troubleshooting/errors#no-such-element-exception
Stacktrace:
	GetHandleVerifier [0x00007FF6AB80FB05+28789]
	(No symbol) [0x00007FF6AB7786E0]
	(No symbol) [0x00007FF6AB61592A]
	(No symbol) [0x00007FF6AB66930E]
	(No symbol) [0x00007FF6AB6695FC]
	(No symbol) [0x00007FF6AB6B28A7]
	(No symbol) [0x00007FF6AB68F47F]
	(No symbol) [0x00007FF6AB6AF654]
	(No symbol) [0x00007FF6AB68F1E3]
	(No symbol) [0x00007FF6AB65A938]
	(No symbol) [0x00007FF6AB65BAA1]
	GetHandleVerifier [0x00007FF6ABB4933D+3410093]
	GetHandleVerifier [0x00007FF6ABB5E7DD+3497293]
	GetHandleVerifier [0x00007FF6ABB52A73+3448803]
	GetHandleVerifier [0x00007FF6AB8D7BBB+848171]
	(No symbol) [0x00007FF6AB783C3F]
	(No symbol) [0x00007FF6AB77F6E4]
	(No symbol) [0x00007FF6AB77F87D]
	(No symbol) [0x00007FF6AB76ED49]
	BaseThreadInitThunk [0x00007FF8A8D47374+20]
	RtlUserThreadStart [0x00007FF8A9CBCC91+33]

2025-01-06 16:05:22,952 [ERROR] automation Element located by i0116 is not present. Message: no such element: Unable to locate element: {"method":"css selector","selector":"[id="i0116"]"}
  (Session info: chrome=131.0.6778.205); For documentation on this error, please visit: https://www.selenium.dev/documentation/webdriver/troubleshooting/errors#no-such-element-exception
Stacktrace:
	GetHandleVerifier [0x00007FF6AB80FB05+28789]
	(No symbol) [0x00007FF6AB7786E0]
	(No symbol) [0x00007FF6AB61592A]
	(No symbol) [0x00007FF6AB66930E]
	(No symbol) [0x00007FF6AB6695FC]
	(No symbol) [0x00007FF6AB6B28A7]
	(No symbol) [0x00007FF6AB68F47F]
	(No symbol) [0x00007FF6AB6AF654]
	(No symbol) [0x00007FF6AB68F1E3]
	(No symbol) [0x00007FF6AB65A938]
	(No symbol) [0x00007FF6AB65BAA1]
	GetHandleVerifier [0x00007FF6ABB4933D+3410093]
	GetHandleVerifier [0x00007FF6ABB5E7DD+3497293]
	GetHandleVerifier [0x00007FF6ABB52A73+3448803]
	GetHandleVerifier [0x00007FF6AB8D7BBB+848171]
	(No symbol) [0x00007FF6AB783C3F]
	(No symbol) [0x00007FF6AB77F6E4]
	(No symbol) [0x00007FF6AB77F87D]
	(No symbol) [0x00007FF6AB76ED49]
	BaseThreadInitThunk [0x00007FF8A8D47374+20]
	RtlUserThreadStart [0x00007FF8A9CBCC91+33]

2025-01-06 16:05:23,025 [ERROR] automation Element located by i0116 is not present. Message: no such element: Unable to locate element: {"method":"css selector","selector":"[id="i0116"]"}
  (Session info: chrome=131.0.6778.205); For documentation on this error, please visit: https://www.selenium.dev/documentation/webdriver/troubleshooting/errors#no-such-element-exception
Stacktrace:
	GetHandleVerifier [0x00007FF6AB80FB05+28789]
	(No symbol) [0x00007FF6AB7786E0]
	(No symbol) [0x00007FF6AB61592A]
	(No symbol) [0x00007FF6AB66930E]
	(No symbol) [0x00007FF6AB6695FC]
	(No symbol) [0x00007FF6AB6B28A7]
	(No symbol) [0x00007FF6AB68F47F]
	(No symbol) [0x00007FF6AB6AF654]
	(No symbol) [0x00007FF6AB68F1E3]
	(No symbol) [0x00007FF6AB65A938]
	(No symbol) [0x00007FF6AB65BAA1]
	GetHandleVerifier [0x00007FF6ABB4933D+3410093]
	GetHandleVerifier [0x00007FF6ABB5E7DD+3497293]
	GetHandleVerifier [0x00007FF6ABB52A73+3448803]
	GetHandleVerifier [0x00007FF6AB8D7BBB+848171]
	(No symbol) [0x00007FF6AB783C3F]
	(No symbol) [0x00007FF6AB77F6E4]
	(No symbol) [0x00007FF6AB77F87D]
	(No symbol) [0x00007FF6AB76ED49]
	BaseThreadInitThunk [0x00007FF8A8D47374+20]
	RtlUserThreadStart [0x00007FF8A9CBCC91+33]

2025-01-06 16:05:23,088 [ERROR] automation Element located by i0116 is not present. Message: no such element: Unable to locate element: {"method":"css selector","selector":"[id="i0116"]"}
  (Session info: chrome=131.0.6778.205); For documentation on this error, please visit: https://www.selenium.dev/documentation/webdriver/troubleshooting/errors#no-such-element-exception
Stacktrace:
	GetHandleVerifier [0x00007FF6AB80FB05+28789]
	(No symbol) [0x00007FF6AB7786E0]
	(No symbol) [0x00007FF6AB61592A]
	(No symbol) [0x00007FF6AB66930E]
	(No symbol) [0x00007FF6AB6695FC]
	(No symbol) [0x00007FF6AB6B28A7]
	(No symbol) [0x00007FF6AB68F47F]
	(No symbol) [0x00007FF6AB6AF654]
	(No symbol) [0x00007FF6AB68F1E3]
	(No symbol) [0x00007FF6AB65A938]
	(No symbol) [0x00007FF6AB65BAA1]
	GetHandleVerifier [0x00007FF6ABB4933D+3410093]
	GetHandleVerifier [0x00007FF6ABB5E7DD+3497293]
	GetHandleVerifier [0x00007FF6ABB52A73+3448803]
	GetHandleVerifier [0x00007FF6AB8D7BBB+848171]
	(No symbol) [0x00007FF6AB783C3F]
	(No symbol) [0x00007FF6AB77F6E4]
	(No symbol) [0x00007FF6AB77F87D]
	(No symbol) [0x00007FF6AB76ED49]
	BaseThreadInitThunk [0x00007FF8A8D47374+20]
	RtlUserThreadStart [0x00007FF8A9CBCC91+33]

2025-01-06 16:05:23,155 [ERROR] automation Element located by i0116 is not present. Message: no such element: Unable to locate element: {"method":"css selector","selector":"[id="i0116"]"}
  (Session info: chrome=131.0.6778.205); For documentation on this error, please visit: https://www.selenium.dev/documentation/webdriver/troubleshooting/errors#no-such-element-exception
Stacktrace:
	GetHandleVerifier [0x00007FF6AB80FB05+28789]
	(No symbol) [0x00007FF6AB7786E0]
	(No symbol) [0x00007FF6AB61592A]
	(No symbol) [0x00007FF6AB66930E]
	(No symbol) [0x00007FF6AB6695FC]
	(No symbol) [0x00007FF6AB6B28A7]
	(No symbol) [0x00007FF6AB68F47F]
	(No symbol) [0x00007FF6AB6AF654]
	(No symbol) [0x00007FF6AB68F1E3]
	(No symbol) [0x00007FF6AB65A938]
	(No symbol) [0x00007FF6AB65BAA1]
	GetHandleVerifier [0x00007FF6ABB4933D+3410093]
	GetHandleVerifier [0x00007FF6ABB5E7DD+3497293]
	GetHandleVerifier [0x00007FF6ABB52A73+3448803]
	GetHandleVerifier [0x00007FF6AB8D7BBB+848171]
	(No symbol) [0x00007FF6AB783C3F]
	(No symbol) [0x00007FF6AB77F6E4]
	(No symbol) [0x00007FF6AB77F87D]
	(No symbol) [0x00007FF6AB76ED49]
	BaseThreadInitThunk [0x00007FF8A8D47374+20]
	RtlUserThreadStart [0x00007FF8A9CBCC91+33]

2025-01-06 16:05:23,221 [ERROR] automation Element located by i0116 is not present. Message: no such element: Unable to locate element: {"method":"css selector","selector":"[id="i0116"]"}
  (Session info: chrome=131.0.6778.205); For documentation on this error, please visit: https://www.selenium.dev/documentation/webdriver/troubleshooting/errors#no-such-element-exception
Stacktrace:
	GetHandleVerifier [0x00007FF6AB80FB05+28789]
	(No symbol) [0x00007FF6AB7786E0]
	(No symbol) [0x00007FF6AB61592A]
	(No symbol) [0x00007FF6AB66930E]
	(No symbol) [0x00007FF6AB6695FC]
	(No symbol) [0x00007FF6AB6B28A7]
	(No symbol) [0x00007FF6AB68F47F]
	(No symbol) [0x00007FF6AB6AF654]
	(No symbol) [0x00007FF6AB68F1E3]
	(No symbol) [0x00007FF6AB65A938]
	(No symbol) [0x00007FF6AB65BAA1]
	GetHandleVerifier [0x00007FF6ABB4933D+3410093]
	GetHandleVerifier [0x00007FF6ABB5E7DD+3497293]
	GetHandleVerifier [0x00007FF6ABB52A73+3448803]
	GetHandleVerifier [0x00007FF6AB8D7BBB+848171]
	(No symbol) [0x00007FF6AB783C3F]
	(No symbol) [0x00007FF6AB77F6E4]
	(No symbol) [0x00007FF6AB77F87D]
	(No symbol) [0x00007FF6AB76ED49]
	BaseThreadInitThunk [0x00007FF8A8D47374+20]
	RtlUserThreadStart [0x00007FF8A9CBCC91+33]

2025-01-06 16:05:23,289 [ERROR] automation Element located by i0116 is not present. Message: no such element: Unable to locate element: {"method":"css selector","selector":"[id="i0116"]"}
  (Session info: chrome=131.0.6778.205); For documentation on this error, please visit: https://www.selenium.dev/documentation/webdriver/troubleshooting/errors#no-such-element-exception
Stacktrace:
	GetHandleVerifier [0x00007FF6AB80FB05+28789]
	(No symbol) [0x00007FF6AB7786E0]
	(No symbol) [0x00007FF6AB61592A]
	(No symbol) [0x00007FF6AB66930E]
	(No symbol) [0x00007FF6AB6695FC]
	(No symbol) [0x00007FF6AB6B28A7]
	(No symbol) [0x00007FF6AB68F47F]
	(No symbol) [0x00007FF6AB6AF654]
	(No symbol) [0x00007FF6AB68F1E3]
	(No symbol) [0x00007FF6AB65A938]
	(No symbol) [0x00007FF6AB65BAA1]
	GetHandleVerifier [0x00007FF6ABB4933D+3410093]
	GetHandleVerifier [0x00007FF6ABB5E7DD+3497293]
	GetHandleVerifier [0x00007FF6ABB52A73+3448803]
	GetHandleVerifier [0x00007FF6AB8D7BBB+848171]
	(No symbol) [0x00007FF6AB783C3F]
	(No symbol) [0x00007FF6AB77F6E4]
	(No symbol) [0x00007FF6AB77F87D]
	(No symbol) [0x00007FF6AB76ED49]
	BaseThreadInitThunk [0x00007FF8A8D47374+20]
	RtlUserThreadStart [0x00007FF8A9CBCC91+33]

2025-01-06 16:05:23,357 [ERROR] automation Element located by i0116 is not present. Message: no such element: Unable to locate element: {"method":"css selector","selector":"[id="i0116"]"}
  (Session info: chrome=131.0.6778.205); For documentation on this error, please visit: https://www.selenium.dev/documentation/webdriver/troubleshooting/errors#no-such-element-exception
Stacktrace:
	GetHandleVerifier [0x00007FF6AB80FB05+28789]
	(No symbol) [0x00007FF6AB7786E0]
	(No symbol) [0x00007FF6AB61592A]
	(No symbol) [0x00007FF6AB66930E]
	(No symbol) [0x00007FF6AB6695FC]
	(No symbol) [0x00007FF6AB6B28A7]
	(No symbol) [0x00007FF6AB68F47F]
	(No symbol) [0x00007FF6AB6AF654]
	(No symbol) [0x00007FF6AB68F1E3]
	(No symbol) [0x00007FF6AB65A938]
	(No symbol) [0x00007FF6AB65BAA1]
	GetHandleVerifier [0x00007FF6ABB4933D+3410093]
	GetHandleVerifier [0x00007FF6ABB5E7DD+3497293]
	GetHandleVerifier [0x00007FF6ABB52A73+3448803]
	GetHandleVerifier [0x00007FF6AB8D7BBB+848171]
	(No symbol) [0x00007FF6AB783C3F]
	(No symbol) [0x00007FF6AB77F6E4]
	(No symbol) [0x00007FF6AB77F87D]
	(No symbol) [0x00007FF6AB76ED49]
	BaseThreadInitThunk [0x00007FF8A8D47374+20]
	RtlUserThreadStart [0x00007FF8A9CBCC91+33]

2025-01-06 16:05:23,425 [ERROR] automation Element located by i0116 is not present. Message: no such element: Unable to locate element: {"method":"css selector","selector":"[id="i0116"]"}
  (Session info: chrome=131.0.6778.205); For documentation on this error, please visit: https://www.selenium.dev/documentation/webdriver/troubleshooting/errors#no-such-element-exception
Stacktrace:
	GetHandleVerifier [0x00007FF6AB80FB05+28789]
	(No symbol) [0x00007FF6AB7786E0]
	(No symbol) [0x00007FF6AB61592A]
	(No symbol) [0x00007FF6AB66930E]
	(No symbol) [0x00007FF6AB6695FC]
	(No symbol) [0x00007FF6AB6B28A7]
	(No symbol) [0x00007FF6AB68F47F]
	(No symbol) [0x00007FF6AB6AF654]
	(No symbol) [0x00007FF6AB68F1E3]
	(No symbol) [0x00007FF6AB65A938]
	(No symbol) [0x00007FF6AB65BAA1]
	GetHandleVerifier [0x00007FF6ABB4933D+3410093]
	GetHandleVerifier [0x00007FF6ABB5E7DD+3497293]
	GetHandleVerifier [0x00007FF6ABB52A73+3448803]
	GetHandleVerifier [0x00007FF6AB8D7BBB+848171]
	(No symbol) [0x00007FF6AB783C3F]
	(No symbol) [0x00007FF6AB77F6E4]
	(No symbol) [0x00007FF6AB77F87D]
	(No symbol) [0x00007FF6AB76ED49]
	BaseThreadInitThunk [0x00007FF8A8D47374+20]
	RtlUserThreadStart [0x00007FF8A9CBCC91+33]

2025-01-06 16:05:23,524 [INFO] automation Element located by i0116 is present.
2025-01-06 16:05:29,951 [INFO] automation Element located by //div[@class='logo'] is present.
