2024-03-18 11:44:58,635 [INFO] automation Test has started.
2024-03-18 11:44:58,636 [INFO] automation Navigating to the https://chorusqa.cogninelabs.com/
2024-03-18 11:45:05,025 [ERROR] automation Element located by i0116 is not present. Message: no such element: Unable to locate element: {"method":"css selector","selector":"[id="i0116"]"}
  (Session info: chrome=122.0.6261.129); For documentation on this error, please visit: https://www.selenium.dev/documentation/webdriver/troubleshooting/errors#no-such-element-exception
Stacktrace:
	GetHandleVerifier [0x00007FF7EB27AD02+56930]
	(No symbol) [0x00007FF7EB1EF602]
	(No symbol) [0x00007FF7EB0A42E5]
	(No symbol) [0x00007FF7EB0E98ED]
	(No symbol) [0x00007FF7EB0E9A2C]
	(No symbol) [0x00007FF7EB12A967]
	(No symbol) [0x00007FF7EB10BCDF]
	(No symbol) [0x00007FF7EB1281E2]
	(No symbol) [0x00007FF7EB10BA43]
	(No symbol) [0x00007FF7EB0DD438]
	(No symbol) [0x00007FF7EB0DE4D1]
	GetHandleVerifier [0x00007FF7EB5F6F8D+3711213]
	GetHandleVerifier [0x00007FF7EB6504CD+4077101]
	GetHandleVerifier [0x00007FF7EB64865F+4044735]
	GetHandleVerifier [0x00007FF7EB319736+706710]
	(No symbol) [0x00007FF7EB1FB8DF]
	(No symbol) [0x00007FF7EB1F6AC4]
	(No symbol) [0x00007FF7EB1F6C1C]
	(No symbol) [0x00007FF7EB1E68D4]
	BaseThreadInitThunk [0x00007FFC367A257D+29]
	RtlUserThreadStart [0x00007FFC3736AA58+40]

2024-03-18 11:45:05,091 [ERROR] automation Element located by i0116 is not present. Message: no such element: Unable to locate element: {"method":"css selector","selector":"[id="i0116"]"}
  (Session info: chrome=122.0.6261.129); For documentation on this error, please visit: https://www.selenium.dev/documentation/webdriver/troubleshooting/errors#no-such-element-exception
Stacktrace:
	GetHandleVerifier [0x00007FF7EB27AD02+56930]
	(No symbol) [0x00007FF7EB1EF602]
	(No symbol) [0x00007FF7EB0A42E5]
	(No symbol) [0x00007FF7EB0E98ED]
	(No symbol) [0x00007FF7EB0E9A2C]
	(No symbol) [0x00007FF7EB12A967]
	(No symbol) [0x00007FF7EB10BCDF]
	(No symbol) [0x00007FF7EB1281E2]
	(No symbol) [0x00007FF7EB10BA43]
	(No symbol) [0x00007FF7EB0DD438]
	(No symbol) [0x00007FF7EB0DE4D1]
	GetHandleVerifier [0x00007FF7EB5F6F8D+3711213]
	GetHandleVerifier [0x00007FF7EB6504CD+4077101]
	GetHandleVerifier [0x00007FF7EB64865F+4044735]
	GetHandleVerifier [0x00007FF7EB319736+706710]
	(No symbol) [0x00007FF7EB1FB8DF]
	(No symbol) [0x00007FF7EB1F6AC4]
	(No symbol) [0x00007FF7EB1F6C1C]
	(No symbol) [0x00007FF7EB1E68D4]
	BaseThreadInitThunk [0x00007FFC367A257D+29]
	RtlUserThreadStart [0x00007FFC3736AA58+40]

2024-03-18 11:45:05,159 [ERROR] automation Element located by i0116 is not present. Message: no such element: Unable to locate element: {"method":"css selector","selector":"[id="i0116"]"}
  (Session info: chrome=122.0.6261.129); For documentation on this error, please visit: https://www.selenium.dev/documentation/webdriver/troubleshooting/errors#no-such-element-exception
Stacktrace:
	GetHandleVerifier [0x00007FF7EB27AD02+56930]
	(No symbol) [0x00007FF7EB1EF602]
	(No symbol) [0x00007FF7EB0A42E5]
	(No symbol) [0x00007FF7EB0E98ED]
	(No symbol) [0x00007FF7EB0E9A2C]
	(No symbol) [0x00007FF7EB12A967]
	(No symbol) [0x00007FF7EB10BCDF]
	(No symbol) [0x00007FF7EB1281E2]
	(No symbol) [0x00007FF7EB10BA43]
	(No symbol) [0x00007FF7EB0DD438]
	(No symbol) [0x00007FF7EB0DE4D1]
	GetHandleVerifier [0x00007FF7EB5F6F8D+3711213]
	GetHandleVerifier [0x00007FF7EB6504CD+4077101]
	GetHandleVerifier [0x00007FF7EB64865F+4044735]
	GetHandleVerifier [0x00007FF7EB319736+706710]
	(No symbol) [0x00007FF7EB1FB8DF]
	(No symbol) [0x00007FF7EB1F6AC4]
	(No symbol) [0x00007FF7EB1F6C1C]
	(No symbol) [0x00007FF7EB1E68D4]
	BaseThreadInitThunk [0x00007FFC367A257D+29]
	RtlUserThreadStart [0x00007FFC3736AA58+40]

2024-03-18 11:45:05,232 [ERROR] automation Element located by i0116 is not present. Message: no such element: Unable to locate element: {"method":"css selector","selector":"[id="i0116"]"}
  (Session info: chrome=122.0.6261.129); For documentation on this error, please visit: https://www.selenium.dev/documentation/webdriver/troubleshooting/errors#no-such-element-exception
Stacktrace:
	GetHandleVerifier [0x00007FF7EB27AD02+56930]
	(No symbol) [0x00007FF7EB1EF602]
	(No symbol) [0x00007FF7EB0A42E5]
	(No symbol) [0x00007FF7EB0E98ED]
	(No symbol) [0x00007FF7EB0E9A2C]
	(No symbol) [0x00007FF7EB12A967]
	(No symbol) [0x00007FF7EB10BCDF]
	(No symbol) [0x00007FF7EB1281E2]
	(No symbol) [0x00007FF7EB10BA43]
	(No symbol) [0x00007FF7EB0DD438]
	(No symbol) [0x00007FF7EB0DE4D1]
	GetHandleVerifier [0x00007FF7EB5F6F8D+3711213]
	GetHandleVerifier [0x00007FF7EB6504CD+4077101]
	GetHandleVerifier [0x00007FF7EB64865F+4044735]
	GetHandleVerifier [0x00007FF7EB319736+706710]
	(No symbol) [0x00007FF7EB1FB8DF]
	(No symbol) [0x00007FF7EB1F6AC4]
	(No symbol) [0x00007FF7EB1F6C1C]
	(No symbol) [0x00007FF7EB1E68D4]
	BaseThreadInitThunk [0x00007FFC367A257D+29]
	RtlUserThreadStart [0x00007FFC3736AA58+40]

2024-03-18 11:45:05,303 [ERROR] automation Element located by i0116 is not present. Message: no such element: Unable to locate element: {"method":"css selector","selector":"[id="i0116"]"}
  (Session info: chrome=122.0.6261.129); For documentation on this error, please visit: https://www.selenium.dev/documentation/webdriver/troubleshooting/errors#no-such-element-exception
Stacktrace:
	GetHandleVerifier [0x00007FF7EB27AD02+56930]
	(No symbol) [0x00007FF7EB1EF602]
	(No symbol) [0x00007FF7EB0A42E5]
	(No symbol) [0x00007FF7EB0E98ED]
	(No symbol) [0x00007FF7EB0E9A2C]
	(No symbol) [0x00007FF7EB12A967]
	(No symbol) [0x00007FF7EB10BCDF]
	(No symbol) [0x00007FF7EB1281E2]
	(No symbol) [0x00007FF7EB10BA43]
	(No symbol) [0x00007FF7EB0DD438]
	(No symbol) [0x00007FF7EB0DE4D1]
	GetHandleVerifier [0x00007FF7EB5F6F8D+3711213]
	GetHandleVerifier [0x00007FF7EB6504CD+4077101]
	GetHandleVerifier [0x00007FF7EB64865F+4044735]
	GetHandleVerifier [0x00007FF7EB319736+706710]
	(No symbol) [0x00007FF7EB1FB8DF]
	(No symbol) [0x00007FF7EB1F6AC4]
	(No symbol) [0x00007FF7EB1F6C1C]
	(No symbol) [0x00007FF7EB1E68D4]
	BaseThreadInitThunk [0x00007FFC367A257D+29]
	RtlUserThreadStart [0x00007FFC3736AA58+40]

2024-03-18 11:45:06,302 [ERROR] automation Element located by i0116 is not present. Message: no such element: Unable to locate element: {"method":"css selector","selector":"[id="i0116"]"}
  (Session info: chrome=122.0.6261.129); For documentation on this error, please visit: https://www.selenium.dev/documentation/webdriver/troubleshooting/errors#no-such-element-exception
Stacktrace:
	GetHandleVerifier [0x00007FF7EB27AD02+56930]
	(No symbol) [0x00007FF7EB1EF602]
	(No symbol) [0x00007FF7EB0A42E5]
	(No symbol) [0x00007FF7EB0E98ED]
	(No symbol) [0x00007FF7EB0E9A2C]
	(No symbol) [0x00007FF7EB12A967]
	(No symbol) [0x00007FF7EB10BCDF]
	(No symbol) [0x00007FF7EB1281E2]
	(No symbol) [0x00007FF7EB10BA43]
	(No symbol) [0x00007FF7EB0DD438]
	(No symbol) [0x00007FF7EB0DE4D1]
	GetHandleVerifier [0x00007FF7EB5F6F8D+3711213]
	GetHandleVerifier [0x00007FF7EB6504CD+4077101]
	GetHandleVerifier [0x00007FF7EB64865F+4044735]
	GetHandleVerifier [0x00007FF7EB319736+706710]
	(No symbol) [0x00007FF7EB1FB8DF]
	(No symbol) [0x00007FF7EB1F6AC4]
	(No symbol) [0x00007FF7EB1F6C1C]
	(No symbol) [0x00007FF7EB1E68D4]
	BaseThreadInitThunk [0x00007FFC367A257D+29]
	RtlUserThreadStart [0x00007FFC3736AA58+40]

2024-03-18 11:45:06,363 [ERROR] automation Element located by i0116 is not present. Message: no such element: Unable to locate element: {"method":"css selector","selector":"[id="i0116"]"}
  (Session info: chrome=122.0.6261.129); For documentation on this error, please visit: https://www.selenium.dev/documentation/webdriver/troubleshooting/errors#no-such-element-exception
Stacktrace:
	GetHandleVerifier [0x00007FF7EB27AD02+56930]
	(No symbol) [0x00007FF7EB1EF602]
	(No symbol) [0x00007FF7EB0A42E5]
	(No symbol) [0x00007FF7EB0E98ED]
	(No symbol) [0x00007FF7EB0E9A2C]
	(No symbol) [0x00007FF7EB12A967]
	(No symbol) [0x00007FF7EB10BCDF]
	(No symbol) [0x00007FF7EB1281E2]
	(No symbol) [0x00007FF7EB10BA43]
	(No symbol) [0x00007FF7EB0DD438]
	(No symbol) [0x00007FF7EB0DE4D1]
	GetHandleVerifier [0x00007FF7EB5F6F8D+3711213]
	GetHandleVerifier [0x00007FF7EB6504CD+4077101]
	GetHandleVerifier [0x00007FF7EB64865F+4044735]
	GetHandleVerifier [0x00007FF7EB319736+706710]
	(No symbol) [0x00007FF7EB1FB8DF]
	(No symbol) [0x00007FF7EB1F6AC4]
	(No symbol) [0x00007FF7EB1F6C1C]
	(No symbol) [0x00007FF7EB1E68D4]
	BaseThreadInitThunk [0x00007FFC367A257D+29]
	RtlUserThreadStart [0x00007FFC3736AA58+40]

2024-03-18 11:45:06,426 [ERROR] automation Element located by i0116 is not present. Message: no such element: Unable to locate element: {"method":"css selector","selector":"[id="i0116"]"}
  (Session info: chrome=122.0.6261.129); For documentation on this error, please visit: https://www.selenium.dev/documentation/webdriver/troubleshooting/errors#no-such-element-exception
Stacktrace:
	GetHandleVerifier [0x00007FF7EB27AD02+56930]
	(No symbol) [0x00007FF7EB1EF602]
	(No symbol) [0x00007FF7EB0A42E5]
	(No symbol) [0x00007FF7EB0E98ED]
	(No symbol) [0x00007FF7EB0E9A2C]
	(No symbol) [0x00007FF7EB12A967]
	(No symbol) [0x00007FF7EB10BCDF]
	(No symbol) [0x00007FF7EB1281E2]
	(No symbol) [0x00007FF7EB10BA43]
	(No symbol) [0x00007FF7EB0DD438]
	(No symbol) [0x00007FF7EB0DE4D1]
	GetHandleVerifier [0x00007FF7EB5F6F8D+3711213]
	GetHandleVerifier [0x00007FF7EB6504CD+4077101]
	GetHandleVerifier [0x00007FF7EB64865F+4044735]
	GetHandleVerifier [0x00007FF7EB319736+706710]
	(No symbol) [0x00007FF7EB1FB8DF]
	(No symbol) [0x00007FF7EB1F6AC4]
	(No symbol) [0x00007FF7EB1F6C1C]
	(No symbol) [0x00007FF7EB1E68D4]
	BaseThreadInitThunk [0x00007FFC367A257D+29]
	RtlUserThreadStart [0x00007FFC3736AA58+40]

2024-03-18 11:45:06,486 [ERROR] automation Element located by i0116 is not present. Message: no such element: Unable to locate element: {"method":"css selector","selector":"[id="i0116"]"}
  (Session info: chrome=122.0.6261.129); For documentation on this error, please visit: https://www.selenium.dev/documentation/webdriver/troubleshooting/errors#no-such-element-exception
Stacktrace:
	GetHandleVerifier [0x00007FF7EB27AD02+56930]
	(No symbol) [0x00007FF7EB1EF602]
	(No symbol) [0x00007FF7EB0A42E5]
	(No symbol) [0x00007FF7EB0E98ED]
	(No symbol) [0x00007FF7EB0E9A2C]
	(No symbol) [0x00007FF7EB12A967]
	(No symbol) [0x00007FF7EB10BCDF]
	(No symbol) [0x00007FF7EB1281E2]
	(No symbol) [0x00007FF7EB10BA43]
	(No symbol) [0x00007FF7EB0DD438]
	(No symbol) [0x00007FF7EB0DE4D1]
	GetHandleVerifier [0x00007FF7EB5F6F8D+3711213]
	GetHandleVerifier [0x00007FF7EB6504CD+4077101]
	GetHandleVerifier [0x00007FF7EB64865F+4044735]
	GetHandleVerifier [0x00007FF7EB319736+706710]
	(No symbol) [0x00007FF7EB1FB8DF]
	(No symbol) [0x00007FF7EB1F6AC4]
	(No symbol) [0x00007FF7EB1F6C1C]
	(No symbol) [0x00007FF7EB1E68D4]
	BaseThreadInitThunk [0x00007FFC367A257D+29]
	RtlUserThreadStart [0x00007FFC3736AA58+40]

2024-03-18 11:45:06,548 [ERROR] automation Element located by i0116 is not present. Message: no such element: Unable to locate element: {"method":"css selector","selector":"[id="i0116"]"}
  (Session info: chrome=122.0.6261.129); For documentation on this error, please visit: https://www.selenium.dev/documentation/webdriver/troubleshooting/errors#no-such-element-exception
Stacktrace:
	GetHandleVerifier [0x00007FF7EB27AD02+56930]
	(No symbol) [0x00007FF7EB1EF602]
	(No symbol) [0x00007FF7EB0A42E5]
	(No symbol) [0x00007FF7EB0E98ED]
	(No symbol) [0x00007FF7EB0E9A2C]
	(No symbol) [0x00007FF7EB12A967]
	(No symbol) [0x00007FF7EB10BCDF]
	(No symbol) [0x00007FF7EB1281E2]
	(No symbol) [0x00007FF7EB10BA43]
	(No symbol) [0x00007FF7EB0DD438]
	(No symbol) [0x00007FF7EB0DE4D1]
	GetHandleVerifier [0x00007FF7EB5F6F8D+3711213]
	GetHandleVerifier [0x00007FF7EB6504CD+4077101]
	GetHandleVerifier [0x00007FF7EB64865F+4044735]
	GetHandleVerifier [0x00007FF7EB319736+706710]
	(No symbol) [0x00007FF7EB1FB8DF]
	(No symbol) [0x00007FF7EB1F6AC4]
	(No symbol) [0x00007FF7EB1F6C1C]
	(No symbol) [0x00007FF7EB1E68D4]
	BaseThreadInitThunk [0x00007FFC367A257D+29]
	RtlUserThreadStart [0x00007FFC3736AA58+40]

2024-03-18 11:45:06,614 [ERROR] automation Element located by i0116 is not present. Message: no such element: Unable to locate element: {"method":"css selector","selector":"[id="i0116"]"}
  (Session info: chrome=122.0.6261.129); For documentation on this error, please visit: https://www.selenium.dev/documentation/webdriver/troubleshooting/errors#no-such-element-exception
Stacktrace:
	GetHandleVerifier [0x00007FF7EB27AD02+56930]
	(No symbol) [0x00007FF7EB1EF602]
	(No symbol) [0x00007FF7EB0A42E5]
	(No symbol) [0x00007FF7EB0E98ED]
	(No symbol) [0x00007FF7EB0E9A2C]
	(No symbol) [0x00007FF7EB12A967]
	(No symbol) [0x00007FF7EB10BCDF]
	(No symbol) [0x00007FF7EB1281E2]
	(No symbol) [0x00007FF7EB10BA43]
	(No symbol) [0x00007FF7EB0DD438]
	(No symbol) [0x00007FF7EB0DE4D1]
	GetHandleVerifier [0x00007FF7EB5F6F8D+3711213]
	GetHandleVerifier [0x00007FF7EB6504CD+4077101]
	GetHandleVerifier [0x00007FF7EB64865F+4044735]
	GetHandleVerifier [0x00007FF7EB319736+706710]
	(No symbol) [0x00007FF7EB1FB8DF]
	(No symbol) [0x00007FF7EB1F6AC4]
	(No symbol) [0x00007FF7EB1F6C1C]
	(No symbol) [0x00007FF7EB1E68D4]
	BaseThreadInitThunk [0x00007FFC367A257D+29]
	RtlUserThreadStart [0x00007FFC3736AA58+40]

2024-03-18 11:45:06,682 [ERROR] automation Element located by i0116 is not present. Message: no such element: Unable to locate element: {"method":"css selector","selector":"[id="i0116"]"}
  (Session info: chrome=122.0.6261.129); For documentation on this error, please visit: https://www.selenium.dev/documentation/webdriver/troubleshooting/errors#no-such-element-exception
Stacktrace:
	GetHandleVerifier [0x00007FF7EB27AD02+56930]
	(No symbol) [0x00007FF7EB1EF602]
	(No symbol) [0x00007FF7EB0A42E5]
	(No symbol) [0x00007FF7EB0E98ED]
	(No symbol) [0x00007FF7EB0E9A2C]
	(No symbol) [0x00007FF7EB12A967]
	(No symbol) [0x00007FF7EB10BCDF]
	(No symbol) [0x00007FF7EB1281E2]
	(No symbol) [0x00007FF7EB10BA43]
	(No symbol) [0x00007FF7EB0DD438]
	(No symbol) [0x00007FF7EB0DE4D1]
	GetHandleVerifier [0x00007FF7EB5F6F8D+3711213]
	GetHandleVerifier [0x00007FF7EB6504CD+4077101]
	GetHandleVerifier [0x00007FF7EB64865F+4044735]
	GetHandleVerifier [0x00007FF7EB319736+706710]
	(No symbol) [0x00007FF7EB1FB8DF]
	(No symbol) [0x00007FF7EB1F6AC4]
	(No symbol) [0x00007FF7EB1F6C1C]
	(No symbol) [0x00007FF7EB1E68D4]
	BaseThreadInitThunk [0x00007FFC367A257D+29]
	RtlUserThreadStart [0x00007FFC3736AA58+40]

2024-03-18 11:45:06,761 [ERROR] automation Element located by i0116 is not present. Message: no such element: Unable to locate element: {"method":"css selector","selector":"[id="i0116"]"}
  (Session info: chrome=122.0.6261.129); For documentation on this error, please visit: https://www.selenium.dev/documentation/webdriver/troubleshooting/errors#no-such-element-exception
Stacktrace:
	GetHandleVerifier [0x00007FF7EB27AD02+56930]
	(No symbol) [0x00007FF7EB1EF602]
	(No symbol) [0x00007FF7EB0A42E5]
	(No symbol) [0x00007FF7EB0E98ED]
	(No symbol) [0x00007FF7EB0E9A2C]
	(No symbol) [0x00007FF7EB12A967]
	(No symbol) [0x00007FF7EB10BCDF]
	(No symbol) [0x00007FF7EB1281E2]
	(No symbol) [0x00007FF7EB10BA43]
	(No symbol) [0x00007FF7EB0DD438]
	(No symbol) [0x00007FF7EB0DE4D1]
	GetHandleVerifier [0x00007FF7EB5F6F8D+3711213]
	GetHandleVerifier [0x00007FF7EB6504CD+4077101]
	GetHandleVerifier [0x00007FF7EB64865F+4044735]
	GetHandleVerifier [0x00007FF7EB319736+706710]
	(No symbol) [0x00007FF7EB1FB8DF]
	(No symbol) [0x00007FF7EB1F6AC4]
	(No symbol) [0x00007FF7EB1F6C1C]
	(No symbol) [0x00007FF7EB1E68D4]
	BaseThreadInitThunk [0x00007FFC367A257D+29]
	RtlUserThreadStart [0x00007FFC3736AA58+40]

2024-03-18 11:45:06,825 [ERROR] automation Element located by i0116 is not present. Message: no such element: Unable to locate element: {"method":"css selector","selector":"[id="i0116"]"}
  (Session info: chrome=122.0.6261.129); For documentation on this error, please visit: https://www.selenium.dev/documentation/webdriver/troubleshooting/errors#no-such-element-exception
Stacktrace:
	GetHandleVerifier [0x00007FF7EB27AD02+56930]
	(No symbol) [0x00007FF7EB1EF602]
	(No symbol) [0x00007FF7EB0A42E5]
	(No symbol) [0x00007FF7EB0E98ED]
	(No symbol) [0x00007FF7EB0E9A2C]
	(No symbol) [0x00007FF7EB12A967]
	(No symbol) [0x00007FF7EB10BCDF]
	(No symbol) [0x00007FF7EB1281E2]
	(No symbol) [0x00007FF7EB10BA43]
	(No symbol) [0x00007FF7EB0DD438]
	(No symbol) [0x00007FF7EB0DE4D1]
	GetHandleVerifier [0x00007FF7EB5F6F8D+3711213]
	GetHandleVerifier [0x00007FF7EB6504CD+4077101]
	GetHandleVerifier [0x00007FF7EB64865F+4044735]
	GetHandleVerifier [0x00007FF7EB319736+706710]
	(No symbol) [0x00007FF7EB1FB8DF]
	(No symbol) [0x00007FF7EB1F6AC4]
	(No symbol) [0x00007FF7EB1F6C1C]
	(No symbol) [0x00007FF7EB1E68D4]
	BaseThreadInitThunk [0x00007FFC367A257D+29]
	RtlUserThreadStart [0x00007FFC3736AA58+40]

2024-03-18 11:45:06,890 [ERROR] automation Element located by i0116 is not present. Message: no such element: Unable to locate element: {"method":"css selector","selector":"[id="i0116"]"}
  (Session info: chrome=122.0.6261.129); For documentation on this error, please visit: https://www.selenium.dev/documentation/webdriver/troubleshooting/errors#no-such-element-exception
Stacktrace:
	GetHandleVerifier [0x00007FF7EB27AD02+56930]
	(No symbol) [0x00007FF7EB1EF602]
	(No symbol) [0x00007FF7EB0A42E5]
	(No symbol) [0x00007FF7EB0E98ED]
	(No symbol) [0x00007FF7EB0E9A2C]
	(No symbol) [0x00007FF7EB12A967]
	(No symbol) [0x00007FF7EB10BCDF]
	(No symbol) [0x00007FF7EB1281E2]
	(No symbol) [0x00007FF7EB10BA43]
	(No symbol) [0x00007FF7EB0DD438]
	(No symbol) [0x00007FF7EB0DE4D1]
	GetHandleVerifier [0x00007FF7EB5F6F8D+3711213]
	GetHandleVerifier [0x00007FF7EB6504CD+4077101]
	GetHandleVerifier [0x00007FF7EB64865F+4044735]
	GetHandleVerifier [0x00007FF7EB319736+706710]
	(No symbol) [0x00007FF7EB1FB8DF]
	(No symbol) [0x00007FF7EB1F6AC4]
	(No symbol) [0x00007FF7EB1F6C1C]
	(No symbol) [0x00007FF7EB1E68D4]
	BaseThreadInitThunk [0x00007FFC367A257D+29]
	RtlUserThreadStart [0x00007FFC3736AA58+40]

2024-03-18 11:45:06,962 [ERROR] automation Element located by i0116 is not present. Message: no such element: Unable to locate element: {"method":"css selector","selector":"[id="i0116"]"}
  (Session info: chrome=122.0.6261.129); For documentation on this error, please visit: https://www.selenium.dev/documentation/webdriver/troubleshooting/errors#no-such-element-exception
Stacktrace:
	GetHandleVerifier [0x00007FF7EB27AD02+56930]
	(No symbol) [0x00007FF7EB1EF602]
	(No symbol) [0x00007FF7EB0A42E5]
	(No symbol) [0x00007FF7EB0E98ED]
	(No symbol) [0x00007FF7EB0E9A2C]
	(No symbol) [0x00007FF7EB12A967]
	(No symbol) [0x00007FF7EB10BCDF]
	(No symbol) [0x00007FF7EB1281E2]
	(No symbol) [0x00007FF7EB10BA43]
	(No symbol) [0x00007FF7EB0DD438]
	(No symbol) [0x00007FF7EB0DE4D1]
	GetHandleVerifier [0x00007FF7EB5F6F8D+3711213]
	GetHandleVerifier [0x00007FF7EB6504CD+4077101]
	GetHandleVerifier [0x00007FF7EB64865F+4044735]
	GetHandleVerifier [0x00007FF7EB319736+706710]
	(No symbol) [0x00007FF7EB1FB8DF]
	(No symbol) [0x00007FF7EB1F6AC4]
	(No symbol) [0x00007FF7EB1F6C1C]
	(No symbol) [0x00007FF7EB1E68D4]
	BaseThreadInitThunk [0x00007FFC367A257D+29]
	RtlUserThreadStart [0x00007FFC3736AA58+40]

2024-03-18 11:45:07,032 [ERROR] automation Element located by i0116 is not present. Message: no such element: Unable to locate element: {"method":"css selector","selector":"[id="i0116"]"}
  (Session info: chrome=122.0.6261.129); For documentation on this error, please visit: https://www.selenium.dev/documentation/webdriver/troubleshooting/errors#no-such-element-exception
Stacktrace:
	GetHandleVerifier [0x00007FF7EB27AD02+56930]
	(No symbol) [0x00007FF7EB1EF602]
	(No symbol) [0x00007FF7EB0A42E5]
	(No symbol) [0x00007FF7EB0E98ED]
	(No symbol) [0x00007FF7EB0E9A2C]
	(No symbol) [0x00007FF7EB12A967]
	(No symbol) [0x00007FF7EB10BCDF]
	(No symbol) [0x00007FF7EB1281E2]
	(No symbol) [0x00007FF7EB10BA43]
	(No symbol) [0x00007FF7EB0DD438]
	(No symbol) [0x00007FF7EB0DE4D1]
	GetHandleVerifier [0x00007FF7EB5F6F8D+3711213]
	GetHandleVerifier [0x00007FF7EB6504CD+4077101]
	GetHandleVerifier [0x00007FF7EB64865F+4044735]
	GetHandleVerifier [0x00007FF7EB319736+706710]
	(No symbol) [0x00007FF7EB1FB8DF]
	(No symbol) [0x00007FF7EB1F6AC4]
	(No symbol) [0x00007FF7EB1F6C1C]
	(No symbol) [0x00007FF7EB1E68D4]
	BaseThreadInitThunk [0x00007FFC367A257D+29]
	RtlUserThreadStart [0x00007FFC3736AA58+40]

2024-03-18 11:45:07,111 [ERROR] automation Element located by i0116 is not present. Message: no such element: Unable to locate element: {"method":"css selector","selector":"[id="i0116"]"}
  (Session info: chrome=122.0.6261.129); For documentation on this error, please visit: https://www.selenium.dev/documentation/webdriver/troubleshooting/errors#no-such-element-exception
Stacktrace:
	GetHandleVerifier [0x00007FF7EB27AD02+56930]
	(No symbol) [0x00007FF7EB1EF602]
	(No symbol) [0x00007FF7EB0A42E5]
	(No symbol) [0x00007FF7EB0E98ED]
	(No symbol) [0x00007FF7EB0E9A2C]
	(No symbol) [0x00007FF7EB12A967]
	(No symbol) [0x00007FF7EB10BCDF]
	(No symbol) [0x00007FF7EB1281E2]
	(No symbol) [0x00007FF7EB10BA43]
	(No symbol) [0x00007FF7EB0DD438]
	(No symbol) [0x00007FF7EB0DE4D1]
	GetHandleVerifier [0x00007FF7EB5F6F8D+3711213]
	GetHandleVerifier [0x00007FF7EB6504CD+4077101]
	GetHandleVerifier [0x00007FF7EB64865F+4044735]
	GetHandleVerifier [0x00007FF7EB319736+706710]
	(No symbol) [0x00007FF7EB1FB8DF]
	(No symbol) [0x00007FF7EB1F6AC4]
	(No symbol) [0x00007FF7EB1F6C1C]
	(No symbol) [0x00007FF7EB1E68D4]
	BaseThreadInitThunk [0x00007FFC367A257D+29]
	RtlUserThreadStart [0x00007FFC3736AA58+40]

2024-03-18 11:45:07,284 [INFO] automation Element located by i0116 is present.
2024-03-18 11:45:20,390 [INFO] automation Element located by //div[@class='logo'] is present.
2024-03-18 11:45:27,048 [INFO] automation Element located by //div[@class='tableFixHead']/table/tbody/tr[contains(@class,'even_col')][1] is present.
2024-03-18 11:45:31,647 [INFO] automation Element located by notes is present.
2024-03-18 11:45:31,655 [INFO] automation Element located by notes is present.
2024-03-18 11:45:35,395 [ERROR] automation Element located by //div[@role='alert' and contains(text(),'success') or contains(text(),'Success')] is not present. Message: no such element: Unable to locate element: {"method":"xpath","selector":"//div[@role='alert' and contains(text(),'success') or contains(text(),'Success')]"}
  (Session info: chrome=122.0.6261.129); For documentation on this error, please visit: https://www.selenium.dev/documentation/webdriver/troubleshooting/errors#no-such-element-exception
Stacktrace:
	GetHandleVerifier [0x00007FF7EB27AD02+56930]
	(No symbol) [0x00007FF7EB1EF602]
	(No symbol) [0x00007FF7EB0A42E5]
	(No symbol) [0x00007FF7EB0E98ED]
	(No symbol) [0x00007FF7EB0E9A2C]
	(No symbol) [0x00007FF7EB12A967]
	(No symbol) [0x00007FF7EB10BCDF]
	(No symbol) [0x00007FF7EB1281E2]
	(No symbol) [0x00007FF7EB10BA43]
	(No symbol) [0x00007FF7EB0DD438]
	(No symbol) [0x00007FF7EB0DE4D1]
	GetHandleVerifier [0x00007FF7EB5F6F8D+3711213]
	GetHandleVerifier [0x00007FF7EB6504CD+4077101]
	GetHandleVerifier [0x00007FF7EB64865F+4044735]
	GetHandleVerifier [0x00007FF7EB319736+706710]
	(No symbol) [0x00007FF7EB1FB8DF]
	(No symbol) [0x00007FF7EB1F6AC4]
	(No symbol) [0x00007FF7EB1F6C1C]
	(No symbol) [0x00007FF7EB1E68D4]
	BaseThreadInitThunk [0x00007FFC367A257D+29]
	RtlUserThreadStart [0x00007FFC3736AA58+40]

2024-03-18 11:45:35,558 [INFO] automation Element located by //div[@role='alert' and contains(text(),'success') or contains(text(),'Success')] is present.
2024-03-18 11:45:40,113 [INFO] automation Element located by firstname is present.
2024-03-18 11:45:43,166 [ERROR] automation Element located by //div[@role='alert' and contains(text(),'success') or contains(text(),'Success')] is not present. Message: no such element: Unable to locate element: {"method":"xpath","selector":"//div[@role='alert' and contains(text(),'success') or contains(text(),'Success')]"}
  (Session info: chrome=122.0.6261.129); For documentation on this error, please visit: https://www.selenium.dev/documentation/webdriver/troubleshooting/errors#no-such-element-exception
Stacktrace:
	GetHandleVerifier [0x00007FF7EB27AD02+56930]
	(No symbol) [0x00007FF7EB1EF602]
	(No symbol) [0x00007FF7EB0A42E5]
	(No symbol) [0x00007FF7EB0E98ED]
	(No symbol) [0x00007FF7EB0E9A2C]
	(No symbol) [0x00007FF7EB12A967]
	(No symbol) [0x00007FF7EB10BCDF]
	(No symbol) [0x00007FF7EB1281E2]
	(No symbol) [0x00007FF7EB10BA43]
	(No symbol) [0x00007FF7EB0DD438]
	(No symbol) [0x00007FF7EB0DE4D1]
	GetHandleVerifier [0x00007FF7EB5F6F8D+3711213]
	GetHandleVerifier [0x00007FF7EB6504CD+4077101]
	GetHandleVerifier [0x00007FF7EB64865F+4044735]
	GetHandleVerifier [0x00007FF7EB319736+706710]
	(No symbol) [0x00007FF7EB1FB8DF]
	(No symbol) [0x00007FF7EB1F6AC4]
	(No symbol) [0x00007FF7EB1F6C1C]
	(No symbol) [0x00007FF7EB1E68D4]
	BaseThreadInitThunk [0x00007FFC367A257D+29]
	RtlUserThreadStart [0x00007FFC3736AA58+40]

2024-03-18 11:45:43,234 [ERROR] automation Element located by //div[@role='alert' and contains(text(),'success') or contains(text(),'Success')] is not present. Message: no such element: Unable to locate element: {"method":"xpath","selector":"//div[@role='alert' and contains(text(),'success') or contains(text(),'Success')]"}
  (Session info: chrome=122.0.6261.129); For documentation on this error, please visit: https://www.selenium.dev/documentation/webdriver/troubleshooting/errors#no-such-element-exception
Stacktrace:
	GetHandleVerifier [0x00007FF7EB27AD02+56930]
	(No symbol) [0x00007FF7EB1EF602]
	(No symbol) [0x00007FF7EB0A42E5]
	(No symbol) [0x00007FF7EB0E98ED]
	(No symbol) [0x00007FF7EB0E9A2C]
	(No symbol) [0x00007FF7EB12A967]
	(No symbol) [0x00007FF7EB10BCDF]
	(No symbol) [0x00007FF7EB1281E2]
	(No symbol) [0x00007FF7EB10BA43]
	(No symbol) [0x00007FF7EB0DD438]
	(No symbol) [0x00007FF7EB0DE4D1]
	GetHandleVerifier [0x00007FF7EB5F6F8D+3711213]
	GetHandleVerifier [0x00007FF7EB6504CD+4077101]
	GetHandleVerifier [0x00007FF7EB64865F+4044735]
	GetHandleVerifier [0x00007FF7EB319736+706710]
	(No symbol) [0x00007FF7EB1FB8DF]
	(No symbol) [0x00007FF7EB1F6AC4]
	(No symbol) [0x00007FF7EB1F6C1C]
	(No symbol) [0x00007FF7EB1E68D4]
	BaseThreadInitThunk [0x00007FFC367A257D+29]
	RtlUserThreadStart [0x00007FFC3736AA58+40]

2024-03-18 11:45:43,297 [INFO] automation Element located by //div[@role='alert' and contains(text(),'success') or contains(text(),'Success')] is present.
2024-03-18 11:45:47,791 [INFO] automation Element located by fname is present.
2024-03-18 11:45:47,800 [INFO] automation Element located by fname is present.
2024-03-18 11:45:50,022 [INFO] automation Element located by //div[@class='tableFixHead']/table/tbody/tr[1]/td[contains(text(),'ContactFirstName181145225b78')] is present.
2024-03-18 11:45:50,022 [INFO] automation Test passed.
