2024-04-03 19:21:31,904 [INFO] automation Test has started.
2024-04-03 19:21:31,905 [INFO] automation Navigating to the https://chorusqa.cogninelabs.com/
2024-04-03 19:21:36,072 [ERROR] automation Element located by i0116 is not present. Message: no such element: Unable to locate element: {"method":"css selector","selector":"[id="i0116"]"}
  (Session info: chrome=122.0.6261.131); For documentation on this error, please visit: https://www.selenium.dev/documentation/webdriver/troubleshooting/errors#no-such-element-exception
Stacktrace:
	GetHandleVerifier [0x00007FF6C01FAD02+56930]
	(No symbol) [0x00007FF6C016F602]
	(No symbol) [0x00007FF6C00242E5]
	(No symbol) [0x00007FF6C00698ED]
	(No symbol) [0x00007FF6C0069A2C]
	(No symbol) [0x00007FF6C00AA967]
	(No symbol) [0x00007FF6C008BCDF]
	(No symbol) [0x00007FF6C00A81E2]
	(No symbol) [0x00007FF6C008BA43]
	(No symbol) [0x00007FF6C005D438]
	(No symbol) [0x00007FF6C005E4D1]
	GetHandleVerifier [0x00007FF6C0576F8D+3711213]
	GetHandleVerifier [0x00007FF6C05D04CD+4077101]
	GetHandleVerifier [0x00007FF6C05C865F+4044735]
	GetHandleVerifier [0x00007FF6C0299736+706710]
	(No symbol) [0x00007FF6C017B8DF]
	(No symbol) [0x00007FF6C0176AC4]
	(No symbol) [0x00007FF6C0176C1C]
	(No symbol) [0x00007FF6C01668D4]
	BaseThreadInitThunk [0x00007FF9494C257D+29]
	RtlUserThreadStart [0x00007FF94AC4AA58+40]

2024-04-03 19:21:36,130 [ERROR] automation Element located by i0116 is not present. Message: no such element: Unable to locate element: {"method":"css selector","selector":"[id="i0116"]"}
  (Session info: chrome=122.0.6261.131); For documentation on this error, please visit: https://www.selenium.dev/documentation/webdriver/troubleshooting/errors#no-such-element-exception
Stacktrace:
	GetHandleVerifier [0x00007FF6C01FAD02+56930]
	(No symbol) [0x00007FF6C016F602]
	(No symbol) [0x00007FF6C00242E5]
	(No symbol) [0x00007FF6C00698ED]
	(No symbol) [0x00007FF6C0069A2C]
	(No symbol) [0x00007FF6C00AA967]
	(No symbol) [0x00007FF6C008BCDF]
	(No symbol) [0x00007FF6C00A81E2]
	(No symbol) [0x00007FF6C008BA43]
	(No symbol) [0x00007FF6C005D438]
	(No symbol) [0x00007FF6C005E4D1]
	GetHandleVerifier [0x00007FF6C0576F8D+3711213]
	GetHandleVerifier [0x00007FF6C05D04CD+4077101]
	GetHandleVerifier [0x00007FF6C05C865F+4044735]
	GetHandleVerifier [0x00007FF6C0299736+706710]
	(No symbol) [0x00007FF6C017B8DF]
	(No symbol) [0x00007FF6C0176AC4]
	(No symbol) [0x00007FF6C0176C1C]
	(No symbol) [0x00007FF6C01668D4]
	BaseThreadInitThunk [0x00007FF9494C257D+29]
	RtlUserThreadStart [0x00007FF94AC4AA58+40]

2024-04-03 19:21:36,188 [ERROR] automation Element located by i0116 is not present. Message: no such element: Unable to locate element: {"method":"css selector","selector":"[id="i0116"]"}
  (Session info: chrome=122.0.6261.131); For documentation on this error, please visit: https://www.selenium.dev/documentation/webdriver/troubleshooting/errors#no-such-element-exception
Stacktrace:
	GetHandleVerifier [0x00007FF6C01FAD02+56930]
	(No symbol) [0x00007FF6C016F602]
	(No symbol) [0x00007FF6C00242E5]
	(No symbol) [0x00007FF6C00698ED]
	(No symbol) [0x00007FF6C0069A2C]
	(No symbol) [0x00007FF6C00AA967]
	(No symbol) [0x00007FF6C008BCDF]
	(No symbol) [0x00007FF6C00A81E2]
	(No symbol) [0x00007FF6C008BA43]
	(No symbol) [0x00007FF6C005D438]
	(No symbol) [0x00007FF6C005E4D1]
	GetHandleVerifier [0x00007FF6C0576F8D+3711213]
	GetHandleVerifier [0x00007FF6C05D04CD+4077101]
	GetHandleVerifier [0x00007FF6C05C865F+4044735]
	GetHandleVerifier [0x00007FF6C0299736+706710]
	(No symbol) [0x00007FF6C017B8DF]
	(No symbol) [0x00007FF6C0176AC4]
	(No symbol) [0x00007FF6C0176C1C]
	(No symbol) [0x00007FF6C01668D4]
	BaseThreadInitThunk [0x00007FF9494C257D+29]
	RtlUserThreadStart [0x00007FF94AC4AA58+40]

2024-04-03 19:21:36,246 [ERROR] automation Element located by i0116 is not present. Message: no such element: Unable to locate element: {"method":"css selector","selector":"[id="i0116"]"}
  (Session info: chrome=122.0.6261.131); For documentation on this error, please visit: https://www.selenium.dev/documentation/webdriver/troubleshooting/errors#no-such-element-exception
Stacktrace:
	GetHandleVerifier [0x00007FF6C01FAD02+56930]
	(No symbol) [0x00007FF6C016F602]
	(No symbol) [0x00007FF6C00242E5]
	(No symbol) [0x00007FF6C00698ED]
	(No symbol) [0x00007FF6C0069A2C]
	(No symbol) [0x00007FF6C00AA967]
	(No symbol) [0x00007FF6C008BCDF]
	(No symbol) [0x00007FF6C00A81E2]
	(No symbol) [0x00007FF6C008BA43]
	(No symbol) [0x00007FF6C005D438]
	(No symbol) [0x00007FF6C005E4D1]
	GetHandleVerifier [0x00007FF6C0576F8D+3711213]
	GetHandleVerifier [0x00007FF6C05D04CD+4077101]
	GetHandleVerifier [0x00007FF6C05C865F+4044735]
	GetHandleVerifier [0x00007FF6C0299736+706710]
	(No symbol) [0x00007FF6C017B8DF]
	(No symbol) [0x00007FF6C0176AC4]
	(No symbol) [0x00007FF6C0176C1C]
	(No symbol) [0x00007FF6C01668D4]
	BaseThreadInitThunk [0x00007FF9494C257D+29]
	RtlUserThreadStart [0x00007FF94AC4AA58+40]

2024-04-03 19:21:36,304 [ERROR] automation Element located by i0116 is not present. Message: no such element: Unable to locate element: {"method":"css selector","selector":"[id="i0116"]"}
  (Session info: chrome=122.0.6261.131); For documentation on this error, please visit: https://www.selenium.dev/documentation/webdriver/troubleshooting/errors#no-such-element-exception
Stacktrace:
	GetHandleVerifier [0x00007FF6C01FAD02+56930]
	(No symbol) [0x00007FF6C016F602]
	(No symbol) [0x00007FF6C00242E5]
	(No symbol) [0x00007FF6C00698ED]
	(No symbol) [0x00007FF6C0069A2C]
	(No symbol) [0x00007FF6C00AA967]
	(No symbol) [0x00007FF6C008BCDF]
	(No symbol) [0x00007FF6C00A81E2]
	(No symbol) [0x00007FF6C008BA43]
	(No symbol) [0x00007FF6C005D438]
	(No symbol) [0x00007FF6C005E4D1]
	GetHandleVerifier [0x00007FF6C0576F8D+3711213]
	GetHandleVerifier [0x00007FF6C05D04CD+4077101]
	GetHandleVerifier [0x00007FF6C05C865F+4044735]
	GetHandleVerifier [0x00007FF6C0299736+706710]
	(No symbol) [0x00007FF6C017B8DF]
	(No symbol) [0x00007FF6C0176AC4]
	(No symbol) [0x00007FF6C0176C1C]
	(No symbol) [0x00007FF6C01668D4]
	BaseThreadInitThunk [0x00007FF9494C257D+29]
	RtlUserThreadStart [0x00007FF94AC4AA58+40]

2024-04-03 19:21:36,362 [ERROR] automation Element located by i0116 is not present. Message: no such element: Unable to locate element: {"method":"css selector","selector":"[id="i0116"]"}
  (Session info: chrome=122.0.6261.131); For documentation on this error, please visit: https://www.selenium.dev/documentation/webdriver/troubleshooting/errors#no-such-element-exception
Stacktrace:
	GetHandleVerifier [0x00007FF6C01FAD02+56930]
	(No symbol) [0x00007FF6C016F602]
	(No symbol) [0x00007FF6C00242E5]
	(No symbol) [0x00007FF6C00698ED]
	(No symbol) [0x00007FF6C0069A2C]
	(No symbol) [0x00007FF6C00AA967]
	(No symbol) [0x00007FF6C008BCDF]
	(No symbol) [0x00007FF6C00A81E2]
	(No symbol) [0x00007FF6C008BA43]
	(No symbol) [0x00007FF6C005D438]
	(No symbol) [0x00007FF6C005E4D1]
	GetHandleVerifier [0x00007FF6C0576F8D+3711213]
	GetHandleVerifier [0x00007FF6C05D04CD+4077101]
	GetHandleVerifier [0x00007FF6C05C865F+4044735]
	GetHandleVerifier [0x00007FF6C0299736+706710]
	(No symbol) [0x00007FF6C017B8DF]
	(No symbol) [0x00007FF6C0176AC4]
	(No symbol) [0x00007FF6C0176C1C]
	(No symbol) [0x00007FF6C01668D4]
	BaseThreadInitThunk [0x00007FF9494C257D+29]
	RtlUserThreadStart [0x00007FF94AC4AA58+40]

2024-04-03 19:21:36,992 [ERROR] automation Element located by i0116 is not present. Message: no such element: Unable to locate element: {"method":"css selector","selector":"[id="i0116"]"}
  (Session info: chrome=122.0.6261.131); For documentation on this error, please visit: https://www.selenium.dev/documentation/webdriver/troubleshooting/errors#no-such-element-exception
Stacktrace:
	GetHandleVerifier [0x00007FF6C01FAD02+56930]
	(No symbol) [0x00007FF6C016F602]
	(No symbol) [0x00007FF6C00242E5]
	(No symbol) [0x00007FF6C00698ED]
	(No symbol) [0x00007FF6C0069A2C]
	(No symbol) [0x00007FF6C00AA967]
	(No symbol) [0x00007FF6C008BCDF]
	(No symbol) [0x00007FF6C00A81E2]
	(No symbol) [0x00007FF6C008BA43]
	(No symbol) [0x00007FF6C005D438]
	(No symbol) [0x00007FF6C005E4D1]
	GetHandleVerifier [0x00007FF6C0576F8D+3711213]
	GetHandleVerifier [0x00007FF6C05D04CD+4077101]
	GetHandleVerifier [0x00007FF6C05C865F+4044735]
	GetHandleVerifier [0x00007FF6C0299736+706710]
	(No symbol) [0x00007FF6C017B8DF]
	(No symbol) [0x00007FF6C0176AC4]
	(No symbol) [0x00007FF6C0176C1C]
	(No symbol) [0x00007FF6C01668D4]
	BaseThreadInitThunk [0x00007FF9494C257D+29]
	RtlUserThreadStart [0x00007FF94AC4AA58+40]

2024-04-03 19:21:37,052 [ERROR] automation Element located by i0116 is not present. Message: no such element: Unable to locate element: {"method":"css selector","selector":"[id="i0116"]"}
  (Session info: chrome=122.0.6261.131); For documentation on this error, please visit: https://www.selenium.dev/documentation/webdriver/troubleshooting/errors#no-such-element-exception
Stacktrace:
	GetHandleVerifier [0x00007FF6C01FAD02+56930]
	(No symbol) [0x00007FF6C016F602]
	(No symbol) [0x00007FF6C00242E5]
	(No symbol) [0x00007FF6C00698ED]
	(No symbol) [0x00007FF6C0069A2C]
	(No symbol) [0x00007FF6C00AA967]
	(No symbol) [0x00007FF6C008BCDF]
	(No symbol) [0x00007FF6C00A81E2]
	(No symbol) [0x00007FF6C008BA43]
	(No symbol) [0x00007FF6C005D438]
	(No symbol) [0x00007FF6C005E4D1]
	GetHandleVerifier [0x00007FF6C0576F8D+3711213]
	GetHandleVerifier [0x00007FF6C05D04CD+4077101]
	GetHandleVerifier [0x00007FF6C05C865F+4044735]
	GetHandleVerifier [0x00007FF6C0299736+706710]
	(No symbol) [0x00007FF6C017B8DF]
	(No symbol) [0x00007FF6C0176AC4]
	(No symbol) [0x00007FF6C0176C1C]
	(No symbol) [0x00007FF6C01668D4]
	BaseThreadInitThunk [0x00007FF9494C257D+29]
	RtlUserThreadStart [0x00007FF94AC4AA58+40]

2024-04-03 19:21:37,112 [ERROR] automation Element located by i0116 is not present. Message: no such element: Unable to locate element: {"method":"css selector","selector":"[id="i0116"]"}
  (Session info: chrome=122.0.6261.131); For documentation on this error, please visit: https://www.selenium.dev/documentation/webdriver/troubleshooting/errors#no-such-element-exception
Stacktrace:
	GetHandleVerifier [0x00007FF6C01FAD02+56930]
	(No symbol) [0x00007FF6C016F602]
	(No symbol) [0x00007FF6C00242E5]
	(No symbol) [0x00007FF6C00698ED]
	(No symbol) [0x00007FF6C0069A2C]
	(No symbol) [0x00007FF6C00AA967]
	(No symbol) [0x00007FF6C008BCDF]
	(No symbol) [0x00007FF6C00A81E2]
	(No symbol) [0x00007FF6C008BA43]
	(No symbol) [0x00007FF6C005D438]
	(No symbol) [0x00007FF6C005E4D1]
	GetHandleVerifier [0x00007FF6C0576F8D+3711213]
	GetHandleVerifier [0x00007FF6C05D04CD+4077101]
	GetHandleVerifier [0x00007FF6C05C865F+4044735]
	GetHandleVerifier [0x00007FF6C0299736+706710]
	(No symbol) [0x00007FF6C017B8DF]
	(No symbol) [0x00007FF6C0176AC4]
	(No symbol) [0x00007FF6C0176C1C]
	(No symbol) [0x00007FF6C01668D4]
	BaseThreadInitThunk [0x00007FF9494C257D+29]
	RtlUserThreadStart [0x00007FF94AC4AA58+40]

2024-04-03 19:21:37,174 [ERROR] automation Element located by i0116 is not present. Message: no such element: Unable to locate element: {"method":"css selector","selector":"[id="i0116"]"}
  (Session info: chrome=122.0.6261.131); For documentation on this error, please visit: https://www.selenium.dev/documentation/webdriver/troubleshooting/errors#no-such-element-exception
Stacktrace:
	GetHandleVerifier [0x00007FF6C01FAD02+56930]
	(No symbol) [0x00007FF6C016F602]
	(No symbol) [0x00007FF6C00242E5]
	(No symbol) [0x00007FF6C00698ED]
	(No symbol) [0x00007FF6C0069A2C]
	(No symbol) [0x00007FF6C00AA967]
	(No symbol) [0x00007FF6C008BCDF]
	(No symbol) [0x00007FF6C00A81E2]
	(No symbol) [0x00007FF6C008BA43]
	(No symbol) [0x00007FF6C005D438]
	(No symbol) [0x00007FF6C005E4D1]
	GetHandleVerifier [0x00007FF6C0576F8D+3711213]
	GetHandleVerifier [0x00007FF6C05D04CD+4077101]
	GetHandleVerifier [0x00007FF6C05C865F+4044735]
	GetHandleVerifier [0x00007FF6C0299736+706710]
	(No symbol) [0x00007FF6C017B8DF]
	(No symbol) [0x00007FF6C0176AC4]
	(No symbol) [0x00007FF6C0176C1C]
	(No symbol) [0x00007FF6C01668D4]
	BaseThreadInitThunk [0x00007FF9494C257D+29]
	RtlUserThreadStart [0x00007FF94AC4AA58+40]

2024-04-03 19:21:37,235 [ERROR] automation Element located by i0116 is not present. Message: no such element: Unable to locate element: {"method":"css selector","selector":"[id="i0116"]"}
  (Session info: chrome=122.0.6261.131); For documentation on this error, please visit: https://www.selenium.dev/documentation/webdriver/troubleshooting/errors#no-such-element-exception
Stacktrace:
	GetHandleVerifier [0x00007FF6C01FAD02+56930]
	(No symbol) [0x00007FF6C016F602]
	(No symbol) [0x00007FF6C00242E5]
	(No symbol) [0x00007FF6C00698ED]
	(No symbol) [0x00007FF6C0069A2C]
	(No symbol) [0x00007FF6C00AA967]
	(No symbol) [0x00007FF6C008BCDF]
	(No symbol) [0x00007FF6C00A81E2]
	(No symbol) [0x00007FF6C008BA43]
	(No symbol) [0x00007FF6C005D438]
	(No symbol) [0x00007FF6C005E4D1]
	GetHandleVerifier [0x00007FF6C0576F8D+3711213]
	GetHandleVerifier [0x00007FF6C05D04CD+4077101]
	GetHandleVerifier [0x00007FF6C05C865F+4044735]
	GetHandleVerifier [0x00007FF6C0299736+706710]
	(No symbol) [0x00007FF6C017B8DF]
	(No symbol) [0x00007FF6C0176AC4]
	(No symbol) [0x00007FF6C0176C1C]
	(No symbol) [0x00007FF6C01668D4]
	BaseThreadInitThunk [0x00007FF9494C257D+29]
	RtlUserThreadStart [0x00007FF94AC4AA58+40]

2024-04-03 19:21:37,295 [ERROR] automation Element located by i0116 is not present. Message: no such element: Unable to locate element: {"method":"css selector","selector":"[id="i0116"]"}
  (Session info: chrome=122.0.6261.131); For documentation on this error, please visit: https://www.selenium.dev/documentation/webdriver/troubleshooting/errors#no-such-element-exception
Stacktrace:
	GetHandleVerifier [0x00007FF6C01FAD02+56930]
	(No symbol) [0x00007FF6C016F602]
	(No symbol) [0x00007FF6C00242E5]
	(No symbol) [0x00007FF6C00698ED]
	(No symbol) [0x00007FF6C0069A2C]
	(No symbol) [0x00007FF6C00AA967]
	(No symbol) [0x00007FF6C008BCDF]
	(No symbol) [0x00007FF6C00A81E2]
	(No symbol) [0x00007FF6C008BA43]
	(No symbol) [0x00007FF6C005D438]
	(No symbol) [0x00007FF6C005E4D1]
	GetHandleVerifier [0x00007FF6C0576F8D+3711213]
	GetHandleVerifier [0x00007FF6C05D04CD+4077101]
	GetHandleVerifier [0x00007FF6C05C865F+4044735]
	GetHandleVerifier [0x00007FF6C0299736+706710]
	(No symbol) [0x00007FF6C017B8DF]
	(No symbol) [0x00007FF6C0176AC4]
	(No symbol) [0x00007FF6C0176C1C]
	(No symbol) [0x00007FF6C01668D4]
	BaseThreadInitThunk [0x00007FF9494C257D+29]
	RtlUserThreadStart [0x00007FF94AC4AA58+40]

2024-04-03 19:21:37,355 [ERROR] automation Element located by i0116 is not present. Message: no such element: Unable to locate element: {"method":"css selector","selector":"[id="i0116"]"}
  (Session info: chrome=122.0.6261.131); For documentation on this error, please visit: https://www.selenium.dev/documentation/webdriver/troubleshooting/errors#no-such-element-exception
Stacktrace:
	GetHandleVerifier [0x00007FF6C01FAD02+56930]
	(No symbol) [0x00007FF6C016F602]
	(No symbol) [0x00007FF6C00242E5]
	(No symbol) [0x00007FF6C00698ED]
	(No symbol) [0x00007FF6C0069A2C]
	(No symbol) [0x00007FF6C00AA967]
	(No symbol) [0x00007FF6C008BCDF]
	(No symbol) [0x00007FF6C00A81E2]
	(No symbol) [0x00007FF6C008BA43]
	(No symbol) [0x00007FF6C005D438]
	(No symbol) [0x00007FF6C005E4D1]
	GetHandleVerifier [0x00007FF6C0576F8D+3711213]
	GetHandleVerifier [0x00007FF6C05D04CD+4077101]
	GetHandleVerifier [0x00007FF6C05C865F+4044735]
	GetHandleVerifier [0x00007FF6C0299736+706710]
	(No symbol) [0x00007FF6C017B8DF]
	(No symbol) [0x00007FF6C0176AC4]
	(No symbol) [0x00007FF6C0176C1C]
	(No symbol) [0x00007FF6C01668D4]
	BaseThreadInitThunk [0x00007FF9494C257D+29]
	RtlUserThreadStart [0x00007FF94AC4AA58+40]

2024-04-03 19:21:37,474 [ERROR] automation Element located by i0116 is not present. Message: no such element: Unable to locate element: {"method":"css selector","selector":"[id="i0116"]"}
  (Session info: chrome=122.0.6261.131); For documentation on this error, please visit: https://www.selenium.dev/documentation/webdriver/troubleshooting/errors#no-such-element-exception
Stacktrace:
	GetHandleVerifier [0x00007FF6C01FAD02+56930]
	(No symbol) [0x00007FF6C016F602]
	(No symbol) [0x00007FF6C00242E5]
	(No symbol) [0x00007FF6C00698ED]
	(No symbol) [0x00007FF6C0069A2C]
	(No symbol) [0x00007FF6C00AA967]
	(No symbol) [0x00007FF6C008BCDF]
	(No symbol) [0x00007FF6C00A81E2]
	(No symbol) [0x00007FF6C008BA43]
	(No symbol) [0x00007FF6C005D438]
	(No symbol) [0x00007FF6C005E4D1]
	GetHandleVerifier [0x00007FF6C0576F8D+3711213]
	GetHandleVerifier [0x00007FF6C05D04CD+4077101]
	GetHandleVerifier [0x00007FF6C05C865F+4044735]
	GetHandleVerifier [0x00007FF6C0299736+706710]
	(No symbol) [0x00007FF6C017B8DF]
	(No symbol) [0x00007FF6C0176AC4]
	(No symbol) [0x00007FF6C0176C1C]
	(No symbol) [0x00007FF6C01668D4]
	BaseThreadInitThunk [0x00007FF9494C257D+29]
	RtlUserThreadStart [0x00007FF94AC4AA58+40]

2024-04-03 19:21:37,640 [INFO] automation Element located by i0116 is present.
2024-04-03 19:21:44,648 [INFO] automation Element located by //div[@class='logo'] is present.
2024-04-03 19:21:48,759 [INFO] automation Element located by //div[@class='tableFixHead']/table/tbody/tr[contains(@class,'even_col')][1] is present.
2024-04-03 19:21:51,183 [INFO] automation Element located by //input[@formcontrolname='email'] is present.
2024-04-03 19:21:51,191 [INFO] automation Element located by //input[@formcontrolname='email'] is present.
2024-04-03 19:21:51,578 [ERROR] automation Element located by //span[contains(text(),'Email Address already exists')] is not present. Message: no such element: Unable to locate element: {"method":"xpath","selector":"//span[contains(text(),'Email Address already exists')]"}
  (Session info: chrome=122.0.6261.131); For documentation on this error, please visit: https://www.selenium.dev/documentation/webdriver/troubleshooting/errors#no-such-element-exception
Stacktrace:
	GetHandleVerifier [0x00007FF6C01FAD02+56930]
	(No symbol) [0x00007FF6C016F602]
	(No symbol) [0x00007FF6C00242E5]
	(No symbol) [0x00007FF6C00698ED]
	(No symbol) [0x00007FF6C0069A2C]
	(No symbol) [0x00007FF6C00AA967]
	(No symbol) [0x00007FF6C008BCDF]
	(No symbol) [0x00007FF6C00A81E2]
	(No symbol) [0x00007FF6C008BA43]
	(No symbol) [0x00007FF6C005D438]
	(No symbol) [0x00007FF6C005E4D1]
	GetHandleVerifier [0x00007FF6C0576F8D+3711213]
	GetHandleVerifier [0x00007FF6C05D04CD+4077101]
	GetHandleVerifier [0x00007FF6C05C865F+4044735]
	GetHandleVerifier [0x00007FF6C0299736+706710]
	(No symbol) [0x00007FF6C017B8DF]
	(No symbol) [0x00007FF6C0176AC4]
	(No symbol) [0x00007FF6C0176C1C]
	(No symbol) [0x00007FF6C01668D4]
	BaseThreadInitThunk [0x00007FF9494C257D+29]
	RtlUserThreadStart [0x00007FF94AC4AA58+40]

2024-04-03 19:21:51,592 [ERROR] automation Element located by //div[@role='alert' and contains(text(),'success') or contains(text(),'Success')] is not present. Message: no such element: Unable to locate element: {"method":"xpath","selector":"//div[@role='alert' and contains(text(),'success') or contains(text(),'Success')]"}
  (Session info: chrome=122.0.6261.131); For documentation on this error, please visit: https://www.selenium.dev/documentation/webdriver/troubleshooting/errors#no-such-element-exception
Stacktrace:
	GetHandleVerifier [0x00007FF6C01FAD02+56930]
	(No symbol) [0x00007FF6C016F602]
	(No symbol) [0x00007FF6C00242E5]
	(No symbol) [0x00007FF6C00698ED]
	(No symbol) [0x00007FF6C0069A2C]
	(No symbol) [0x00007FF6C00AA967]
	(No symbol) [0x00007FF6C008BCDF]
	(No symbol) [0x00007FF6C00A81E2]
	(No symbol) [0x00007FF6C008BA43]
	(No symbol) [0x00007FF6C005D438]
	(No symbol) [0x00007FF6C005E4D1]
	GetHandleVerifier [0x00007FF6C0576F8D+3711213]
	GetHandleVerifier [0x00007FF6C05D04CD+4077101]
	GetHandleVerifier [0x00007FF6C05C865F+4044735]
	GetHandleVerifier [0x00007FF6C0299736+706710]
	(No symbol) [0x00007FF6C017B8DF]
	(No symbol) [0x00007FF6C0176AC4]
	(No symbol) [0x00007FF6C0176C1C]
	(No symbol) [0x00007FF6C01668D4]
	BaseThreadInitThunk [0x00007FF9494C257D+29]
	RtlUserThreadStart [0x00007FF94AC4AA58+40]

2024-04-03 19:21:51,592 [INFO] automation Test passed.
2024-04-03 19:21:51,605 [INFO] automation Test has started.
2024-04-03 19:21:51,605 [INFO] automation Navigating to the https://chorusqa.cogninelabs.com/
2024-04-03 19:21:58,039 [ERROR] automation Element located by i0116 is not present. Message: no such element: Unable to locate element: {"method":"css selector","selector":"[id="i0116"]"}
  (Session info: chrome=122.0.6261.131); For documentation on this error, please visit: https://www.selenium.dev/documentation/webdriver/troubleshooting/errors#no-such-element-exception
Stacktrace:
	GetHandleVerifier [0x00007FF6C01FAD02+56930]
	(No symbol) [0x00007FF6C016F602]
	(No symbol) [0x00007FF6C00242E5]
	(No symbol) [0x00007FF6C00698ED]
	(No symbol) [0x00007FF6C0069A2C]
	(No symbol) [0x00007FF6C00AA967]
	(No symbol) [0x00007FF6C008BCDF]
	(No symbol) [0x00007FF6C00A81E2]
	(No symbol) [0x00007FF6C008BA43]
	(No symbol) [0x00007FF6C005D438]
	(No symbol) [0x00007FF6C005E4D1]
	GetHandleVerifier [0x00007FF6C0576F8D+3711213]
	GetHandleVerifier [0x00007FF6C05D04CD+4077101]
	GetHandleVerifier [0x00007FF6C05C865F+4044735]
	GetHandleVerifier [0x00007FF6C0299736+706710]
	(No symbol) [0x00007FF6C017B8DF]
	(No symbol) [0x00007FF6C0176AC4]
	(No symbol) [0x00007FF6C0176C1C]
	(No symbol) [0x00007FF6C01668D4]
	BaseThreadInitThunk [0x00007FF9494C257D+29]
	RtlUserThreadStart [0x00007FF94AC4AA58+40]

2024-04-03 19:21:58,100 [ERROR] automation Element located by i0116 is not present. Message: no such element: Unable to locate element: {"method":"css selector","selector":"[id="i0116"]"}
  (Session info: chrome=122.0.6261.131); For documentation on this error, please visit: https://www.selenium.dev/documentation/webdriver/troubleshooting/errors#no-such-element-exception
Stacktrace:
	GetHandleVerifier [0x00007FF6C01FAD02+56930]
	(No symbol) [0x00007FF6C016F602]
	(No symbol) [0x00007FF6C00242E5]
	(No symbol) [0x00007FF6C00698ED]
	(No symbol) [0x00007FF6C0069A2C]
	(No symbol) [0x00007FF6C00AA967]
	(No symbol) [0x00007FF6C008BCDF]
	(No symbol) [0x00007FF6C00A81E2]
	(No symbol) [0x00007FF6C008BA43]
	(No symbol) [0x00007FF6C005D438]
	(No symbol) [0x00007FF6C005E4D1]
	GetHandleVerifier [0x00007FF6C0576F8D+3711213]
	GetHandleVerifier [0x00007FF6C05D04CD+4077101]
	GetHandleVerifier [0x00007FF6C05C865F+4044735]
	GetHandleVerifier [0x00007FF6C0299736+706710]
	(No symbol) [0x00007FF6C017B8DF]
	(No symbol) [0x00007FF6C0176AC4]
	(No symbol) [0x00007FF6C0176C1C]
	(No symbol) [0x00007FF6C01668D4]
	BaseThreadInitThunk [0x00007FF9494C257D+29]
	RtlUserThreadStart [0x00007FF94AC4AA58+40]

2024-04-03 19:21:58,159 [ERROR] automation Element located by i0116 is not present. Message: no such element: Unable to locate element: {"method":"css selector","selector":"[id="i0116"]"}
  (Session info: chrome=122.0.6261.131); For documentation on this error, please visit: https://www.selenium.dev/documentation/webdriver/troubleshooting/errors#no-such-element-exception
Stacktrace:
	GetHandleVerifier [0x00007FF6C01FAD02+56930]
	(No symbol) [0x00007FF6C016F602]
	(No symbol) [0x00007FF6C00242E5]
	(No symbol) [0x00007FF6C00698ED]
	(No symbol) [0x00007FF6C0069A2C]
	(No symbol) [0x00007FF6C00AA967]
	(No symbol) [0x00007FF6C008BCDF]
	(No symbol) [0x00007FF6C00A81E2]
	(No symbol) [0x00007FF6C008BA43]
	(No symbol) [0x00007FF6C005D438]
	(No symbol) [0x00007FF6C005E4D1]
	GetHandleVerifier [0x00007FF6C0576F8D+3711213]
	GetHandleVerifier [0x00007FF6C05D04CD+4077101]
	GetHandleVerifier [0x00007FF6C05C865F+4044735]
	GetHandleVerifier [0x00007FF6C0299736+706710]
	(No symbol) [0x00007FF6C017B8DF]
	(No symbol) [0x00007FF6C0176AC4]
	(No symbol) [0x00007FF6C0176C1C]
	(No symbol) [0x00007FF6C01668D4]
	BaseThreadInitThunk [0x00007FF9494C257D+29]
	RtlUserThreadStart [0x00007FF94AC4AA58+40]

2024-04-03 19:21:58,230 [ERROR] automation Element located by i0116 is not present. Message: no such element: Unable to locate element: {"method":"css selector","selector":"[id="i0116"]"}
  (Session info: chrome=122.0.6261.131); For documentation on this error, please visit: https://www.selenium.dev/documentation/webdriver/troubleshooting/errors#no-such-element-exception
Stacktrace:
	GetHandleVerifier [0x00007FF6C01FAD02+56930]
	(No symbol) [0x00007FF6C016F602]
	(No symbol) [0x00007FF6C00242E5]
	(No symbol) [0x00007FF6C00698ED]
	(No symbol) [0x00007FF6C0069A2C]
	(No symbol) [0x00007FF6C00AA967]
	(No symbol) [0x00007FF6C008BCDF]
	(No symbol) [0x00007FF6C00A81E2]
	(No symbol) [0x00007FF6C008BA43]
	(No symbol) [0x00007FF6C005D438]
	(No symbol) [0x00007FF6C005E4D1]
	GetHandleVerifier [0x00007FF6C0576F8D+3711213]
	GetHandleVerifier [0x00007FF6C05D04CD+4077101]
	GetHandleVerifier [0x00007FF6C05C865F+4044735]
	GetHandleVerifier [0x00007FF6C0299736+706710]
	(No symbol) [0x00007FF6C017B8DF]
	(No symbol) [0x00007FF6C0176AC4]
	(No symbol) [0x00007FF6C0176C1C]
	(No symbol) [0x00007FF6C01668D4]
	BaseThreadInitThunk [0x00007FF9494C257D+29]
	RtlUserThreadStart [0x00007FF94AC4AA58+40]

2024-04-03 19:21:58,297 [ERROR] automation Element located by i0116 is not present. Message: no such element: Unable to locate element: {"method":"css selector","selector":"[id="i0116"]"}
  (Session info: chrome=122.0.6261.131); For documentation on this error, please visit: https://www.selenium.dev/documentation/webdriver/troubleshooting/errors#no-such-element-exception
Stacktrace:
	GetHandleVerifier [0x00007FF6C01FAD02+56930]
	(No symbol) [0x00007FF6C016F602]
	(No symbol) [0x00007FF6C00242E5]
	(No symbol) [0x00007FF6C00698ED]
	(No symbol) [0x00007FF6C0069A2C]
	(No symbol) [0x00007FF6C00AA967]
	(No symbol) [0x00007FF6C008BCDF]
	(No symbol) [0x00007FF6C00A81E2]
	(No symbol) [0x00007FF6C008BA43]
	(No symbol) [0x00007FF6C005D438]
	(No symbol) [0x00007FF6C005E4D1]
	GetHandleVerifier [0x00007FF6C0576F8D+3711213]
	GetHandleVerifier [0x00007FF6C05D04CD+4077101]
	GetHandleVerifier [0x00007FF6C05C865F+4044735]
	GetHandleVerifier [0x00007FF6C0299736+706710]
	(No symbol) [0x00007FF6C017B8DF]
	(No symbol) [0x00007FF6C0176AC4]
	(No symbol) [0x00007FF6C0176C1C]
	(No symbol) [0x00007FF6C01668D4]
	BaseThreadInitThunk [0x00007FF9494C257D+29]
	RtlUserThreadStart [0x00007FF94AC4AA58+40]

2024-04-03 19:21:58,363 [ERROR] automation Element located by i0116 is not present. Message: no such element: Unable to locate element: {"method":"css selector","selector":"[id="i0116"]"}
  (Session info: chrome=122.0.6261.131); For documentation on this error, please visit: https://www.selenium.dev/documentation/webdriver/troubleshooting/errors#no-such-element-exception
Stacktrace:
	GetHandleVerifier [0x00007FF6C01FAD02+56930]
	(No symbol) [0x00007FF6C016F602]
	(No symbol) [0x00007FF6C00242E5]
	(No symbol) [0x00007FF6C00698ED]
	(No symbol) [0x00007FF6C0069A2C]
	(No symbol) [0x00007FF6C00AA967]
	(No symbol) [0x00007FF6C008BCDF]
	(No symbol) [0x00007FF6C00A81E2]
	(No symbol) [0x00007FF6C008BA43]
	(No symbol) [0x00007FF6C005D438]
	(No symbol) [0x00007FF6C005E4D1]
	GetHandleVerifier [0x00007FF6C0576F8D+3711213]
	GetHandleVerifier [0x00007FF6C05D04CD+4077101]
	GetHandleVerifier [0x00007FF6C05C865F+4044735]
	GetHandleVerifier [0x00007FF6C0299736+706710]
	(No symbol) [0x00007FF6C017B8DF]
	(No symbol) [0x00007FF6C0176AC4]
	(No symbol) [0x00007FF6C0176C1C]
	(No symbol) [0x00007FF6C01668D4]
	BaseThreadInitThunk [0x00007FF9494C257D+29]
	RtlUserThreadStart [0x00007FF94AC4AA58+40]

2024-04-03 19:21:59,617 [ERROR] automation Element located by i0116 is not present. Message: no such element: Unable to locate element: {"method":"css selector","selector":"[id="i0116"]"}
  (Session info: chrome=122.0.6261.131); For documentation on this error, please visit: https://www.selenium.dev/documentation/webdriver/troubleshooting/errors#no-such-element-exception
Stacktrace:
	GetHandleVerifier [0x00007FF6C01FAD02+56930]
	(No symbol) [0x00007FF6C016F602]
	(No symbol) [0x00007FF6C00242E5]
	(No symbol) [0x00007FF6C00698ED]
	(No symbol) [0x00007FF6C0069A2C]
	(No symbol) [0x00007FF6C00AA967]
	(No symbol) [0x00007FF6C008BCDF]
	(No symbol) [0x00007FF6C00A81E2]
	(No symbol) [0x00007FF6C008BA43]
	(No symbol) [0x00007FF6C005D438]
	(No symbol) [0x00007FF6C005E4D1]
	GetHandleVerifier [0x00007FF6C0576F8D+3711213]
	GetHandleVerifier [0x00007FF6C05D04CD+4077101]
	GetHandleVerifier [0x00007FF6C05C865F+4044735]
	GetHandleVerifier [0x00007FF6C0299736+706710]
	(No symbol) [0x00007FF6C017B8DF]
	(No symbol) [0x00007FF6C0176AC4]
	(No symbol) [0x00007FF6C0176C1C]
	(No symbol) [0x00007FF6C01668D4]
	BaseThreadInitThunk [0x00007FF9494C257D+29]
	RtlUserThreadStart [0x00007FF94AC4AA58+40]

2024-04-03 19:21:59,767 [INFO] automation Element located by i0116 is present.
2024-04-03 19:22:06,791 [INFO] automation Element located by //div[@class='logo'] is present.
2024-04-03 19:22:10,899 [INFO] automation Element located by //div[@class='tableFixHead']/table/tbody/tr[contains(@class,'even_col')][1] is present.
2024-04-03 19:22:13,471 [INFO] automation Element located by //input[@formcontrolname='title'] is present.
2024-04-03 19:22:13,479 [INFO] automation Element located by //input[@formcontrolname='title'] is present.
2024-04-03 19:22:15,714 [ERROR] automation Element located by //div[@role='alert' and contains(text(),'success') or contains(text(),'Success')] is not present. Message: no such element: Unable to locate element: {"method":"xpath","selector":"//div[@role='alert' and contains(text(),'success') or contains(text(),'Success')]"}
  (Session info: chrome=122.0.6261.131); For documentation on this error, please visit: https://www.selenium.dev/documentation/webdriver/troubleshooting/errors#no-such-element-exception
Stacktrace:
	GetHandleVerifier [0x00007FF6C01FAD02+56930]
	(No symbol) [0x00007FF6C016F602]
	(No symbol) [0x00007FF6C00242E5]
	(No symbol) [0x00007FF6C00698ED]
	(No symbol) [0x00007FF6C0069A2C]
	(No symbol) [0x00007FF6C00AA967]
	(No symbol) [0x00007FF6C008BCDF]
	(No symbol) [0x00007FF6C00A81E2]
	(No symbol) [0x00007FF6C008BA43]
	(No symbol) [0x00007FF6C005D438]
	(No symbol) [0x00007FF6C005E4D1]
	GetHandleVerifier [0x00007FF6C0576F8D+3711213]
	GetHandleVerifier [0x00007FF6C05D04CD+4077101]
	GetHandleVerifier [0x00007FF6C05C865F+4044735]
	GetHandleVerifier [0x00007FF6C0299736+706710]
	(No symbol) [0x00007FF6C017B8DF]
	(No symbol) [0x00007FF6C0176AC4]
	(No symbol) [0x00007FF6C0176C1C]
	(No symbol) [0x00007FF6C01668D4]
	BaseThreadInitThunk [0x00007FF9494C257D+29]
	RtlUserThreadStart [0x00007FF94AC4AA58+40]

2024-04-03 19:22:15,779 [INFO] automation Element located by //div[@role='alert' and contains(text(),'success') or contains(text(),'Success')] is present.
2024-04-03 19:22:15,779 [INFO] automation Test passed.
2024-04-03 19:22:15,804 [INFO] automation Test has started.
2024-04-03 19:22:15,805 [INFO] automation Navigating to the https://chorusqa.cogninelabs.com/
2024-04-03 19:22:21,845 [ERROR] automation Element located by i0116 is not present. Message: no such element: Unable to locate element: {"method":"css selector","selector":"[id="i0116"]"}
  (Session info: chrome=122.0.6261.131); For documentation on this error, please visit: https://www.selenium.dev/documentation/webdriver/troubleshooting/errors#no-such-element-exception
Stacktrace:
	GetHandleVerifier [0x00007FF6C01FAD02+56930]
	(No symbol) [0x00007FF6C016F602]
	(No symbol) [0x00007FF6C00242E5]
	(No symbol) [0x00007FF6C00698ED]
	(No symbol) [0x00007FF6C0069A2C]
	(No symbol) [0x00007FF6C00AA967]
	(No symbol) [0x00007FF6C008BCDF]
	(No symbol) [0x00007FF6C00A81E2]
	(No symbol) [0x00007FF6C008BA43]
	(No symbol) [0x00007FF6C005D438]
	(No symbol) [0x00007FF6C005E4D1]
	GetHandleVerifier [0x00007FF6C0576F8D+3711213]
	GetHandleVerifier [0x00007FF6C05D04CD+4077101]
	GetHandleVerifier [0x00007FF6C05C865F+4044735]
	GetHandleVerifier [0x00007FF6C0299736+706710]
	(No symbol) [0x00007FF6C017B8DF]
	(No symbol) [0x00007FF6C0176AC4]
	(No symbol) [0x00007FF6C0176C1C]
	(No symbol) [0x00007FF6C01668D4]
	BaseThreadInitThunk [0x00007FF9494C257D+29]
	RtlUserThreadStart [0x00007FF94AC4AA58+40]

2024-04-03 19:22:21,906 [ERROR] automation Element located by i0116 is not present. Message: no such element: Unable to locate element: {"method":"css selector","selector":"[id="i0116"]"}
  (Session info: chrome=122.0.6261.131); For documentation on this error, please visit: https://www.selenium.dev/documentation/webdriver/troubleshooting/errors#no-such-element-exception
Stacktrace:
	GetHandleVerifier [0x00007FF6C01FAD02+56930]
	(No symbol) [0x00007FF6C016F602]
	(No symbol) [0x00007FF6C00242E5]
	(No symbol) [0x00007FF6C00698ED]
	(No symbol) [0x00007FF6C0069A2C]
	(No symbol) [0x00007FF6C00AA967]
	(No symbol) [0x00007FF6C008BCDF]
	(No symbol) [0x00007FF6C00A81E2]
	(No symbol) [0x00007FF6C008BA43]
	(No symbol) [0x00007FF6C005D438]
	(No symbol) [0x00007FF6C005E4D1]
	GetHandleVerifier [0x00007FF6C0576F8D+3711213]
	GetHandleVerifier [0x00007FF6C05D04CD+4077101]
	GetHandleVerifier [0x00007FF6C05C865F+4044735]
	GetHandleVerifier [0x00007FF6C0299736+706710]
	(No symbol) [0x00007FF6C017B8DF]
	(No symbol) [0x00007FF6C0176AC4]
	(No symbol) [0x00007FF6C0176C1C]
	(No symbol) [0x00007FF6C01668D4]
	BaseThreadInitThunk [0x00007FF9494C257D+29]
	RtlUserThreadStart [0x00007FF94AC4AA58+40]

2024-04-03 19:22:21,969 [ERROR] automation Element located by i0116 is not present. Message: no such element: Unable to locate element: {"method":"css selector","selector":"[id="i0116"]"}
  (Session info: chrome=122.0.6261.131); For documentation on this error, please visit: https://www.selenium.dev/documentation/webdriver/troubleshooting/errors#no-such-element-exception
Stacktrace:
	GetHandleVerifier [0x00007FF6C01FAD02+56930]
	(No symbol) [0x00007FF6C016F602]
	(No symbol) [0x00007FF6C00242E5]
	(No symbol) [0x00007FF6C00698ED]
	(No symbol) [0x00007FF6C0069A2C]
	(No symbol) [0x00007FF6C00AA967]
	(No symbol) [0x00007FF6C008BCDF]
	(No symbol) [0x00007FF6C00A81E2]
	(No symbol) [0x00007FF6C008BA43]
	(No symbol) [0x00007FF6C005D438]
	(No symbol) [0x00007FF6C005E4D1]
	GetHandleVerifier [0x00007FF6C0576F8D+3711213]
	GetHandleVerifier [0x00007FF6C05D04CD+4077101]
	GetHandleVerifier [0x00007FF6C05C865F+4044735]
	GetHandleVerifier [0x00007FF6C0299736+706710]
	(No symbol) [0x00007FF6C017B8DF]
	(No symbol) [0x00007FF6C0176AC4]
	(No symbol) [0x00007FF6C0176C1C]
	(No symbol) [0x00007FF6C01668D4]
	BaseThreadInitThunk [0x00007FF9494C257D+29]
	RtlUserThreadStart [0x00007FF94AC4AA58+40]

2024-04-03 19:22:22,036 [ERROR] automation Element located by i0116 is not present. Message: no such element: Unable to locate element: {"method":"css selector","selector":"[id="i0116"]"}
  (Session info: chrome=122.0.6261.131); For documentation on this error, please visit: https://www.selenium.dev/documentation/webdriver/troubleshooting/errors#no-such-element-exception
Stacktrace:
	GetHandleVerifier [0x00007FF6C01FAD02+56930]
	(No symbol) [0x00007FF6C016F602]
	(No symbol) [0x00007FF6C00242E5]
	(No symbol) [0x00007FF6C00698ED]
	(No symbol) [0x00007FF6C0069A2C]
	(No symbol) [0x00007FF6C00AA967]
	(No symbol) [0x00007FF6C008BCDF]
	(No symbol) [0x00007FF6C00A81E2]
	(No symbol) [0x00007FF6C008BA43]
	(No symbol) [0x00007FF6C005D438]
	(No symbol) [0x00007FF6C005E4D1]
	GetHandleVerifier [0x00007FF6C0576F8D+3711213]
	GetHandleVerifier [0x00007FF6C05D04CD+4077101]
	GetHandleVerifier [0x00007FF6C05C865F+4044735]
	GetHandleVerifier [0x00007FF6C0299736+706710]
	(No symbol) [0x00007FF6C017B8DF]
	(No symbol) [0x00007FF6C0176AC4]
	(No symbol) [0x00007FF6C0176C1C]
	(No symbol) [0x00007FF6C01668D4]
	BaseThreadInitThunk [0x00007FF9494C257D+29]
	RtlUserThreadStart [0x00007FF94AC4AA58+40]

2024-04-03 19:22:22,101 [ERROR] automation Element located by i0116 is not present. Message: no such element: Unable to locate element: {"method":"css selector","selector":"[id="i0116"]"}
  (Session info: chrome=122.0.6261.131); For documentation on this error, please visit: https://www.selenium.dev/documentation/webdriver/troubleshooting/errors#no-such-element-exception
Stacktrace:
	GetHandleVerifier [0x00007FF6C01FAD02+56930]
	(No symbol) [0x00007FF6C016F602]
	(No symbol) [0x00007FF6C00242E5]
	(No symbol) [0x00007FF6C00698ED]
	(No symbol) [0x00007FF6C0069A2C]
	(No symbol) [0x00007FF6C00AA967]
	(No symbol) [0x00007FF6C008BCDF]
	(No symbol) [0x00007FF6C00A81E2]
	(No symbol) [0x00007FF6C008BA43]
	(No symbol) [0x00007FF6C005D438]
	(No symbol) [0x00007FF6C005E4D1]
	GetHandleVerifier [0x00007FF6C0576F8D+3711213]
	GetHandleVerifier [0x00007FF6C05D04CD+4077101]
	GetHandleVerifier [0x00007FF6C05C865F+4044735]
	GetHandleVerifier [0x00007FF6C0299736+706710]
	(No symbol) [0x00007FF6C017B8DF]
	(No symbol) [0x00007FF6C0176AC4]
	(No symbol) [0x00007FF6C0176C1C]
	(No symbol) [0x00007FF6C01668D4]
	BaseThreadInitThunk [0x00007FF9494C257D+29]
	RtlUserThreadStart [0x00007FF94AC4AA58+40]

2024-04-03 19:22:22,873 [ERROR] automation Element located by i0116 is not present. Message: no such element: Unable to locate element: {"method":"css selector","selector":"[id="i0116"]"}
  (Session info: chrome=122.0.6261.131); For documentation on this error, please visit: https://www.selenium.dev/documentation/webdriver/troubleshooting/errors#no-such-element-exception
Stacktrace:
	GetHandleVerifier [0x00007FF6C01FAD02+56930]
	(No symbol) [0x00007FF6C016F602]
	(No symbol) [0x00007FF6C00242E5]
	(No symbol) [0x00007FF6C00698ED]
	(No symbol) [0x00007FF6C0069A2C]
	(No symbol) [0x00007FF6C00AA967]
	(No symbol) [0x00007FF6C008BCDF]
	(No symbol) [0x00007FF6C00A81E2]
	(No symbol) [0x00007FF6C008BA43]
	(No symbol) [0x00007FF6C005D438]
	(No symbol) [0x00007FF6C005E4D1]
	GetHandleVerifier [0x00007FF6C0576F8D+3711213]
	GetHandleVerifier [0x00007FF6C05D04CD+4077101]
	GetHandleVerifier [0x00007FF6C05C865F+4044735]
	GetHandleVerifier [0x00007FF6C0299736+706710]
	(No symbol) [0x00007FF6C017B8DF]
	(No symbol) [0x00007FF6C0176AC4]
	(No symbol) [0x00007FF6C0176C1C]
	(No symbol) [0x00007FF6C01668D4]
	BaseThreadInitThunk [0x00007FF9494C257D+29]
	RtlUserThreadStart [0x00007FF94AC4AA58+40]

2024-04-03 19:22:22,988 [ERROR] automation Element located by i0116 is not present. Message: no such element: Unable to locate element: {"method":"css selector","selector":"[id="i0116"]"}
  (Session info: chrome=122.0.6261.131); For documentation on this error, please visit: https://www.selenium.dev/documentation/webdriver/troubleshooting/errors#no-such-element-exception
Stacktrace:
	GetHandleVerifier [0x00007FF6C01FAD02+56930]
	(No symbol) [0x00007FF6C016F602]
	(No symbol) [0x00007FF6C00242E5]
	(No symbol) [0x00007FF6C00698ED]
	(No symbol) [0x00007FF6C0069A2C]
	(No symbol) [0x00007FF6C00AA967]
	(No symbol) [0x00007FF6C008BCDF]
	(No symbol) [0x00007FF6C00A81E2]
	(No symbol) [0x00007FF6C008BA43]
	(No symbol) [0x00007FF6C005D438]
	(No symbol) [0x00007FF6C005E4D1]
	GetHandleVerifier [0x00007FF6C0576F8D+3711213]
	GetHandleVerifier [0x00007FF6C05D04CD+4077101]
	GetHandleVerifier [0x00007FF6C05C865F+4044735]
	GetHandleVerifier [0x00007FF6C0299736+706710]
	(No symbol) [0x00007FF6C017B8DF]
	(No symbol) [0x00007FF6C0176AC4]
	(No symbol) [0x00007FF6C0176C1C]
	(No symbol) [0x00007FF6C01668D4]
	BaseThreadInitThunk [0x00007FF9494C257D+29]
	RtlUserThreadStart [0x00007FF94AC4AA58+40]

2024-04-03 19:22:23,047 [ERROR] automation Element located by i0116 is not present. Message: no such element: Unable to locate element: {"method":"css selector","selector":"[id="i0116"]"}
  (Session info: chrome=122.0.6261.131); For documentation on this error, please visit: https://www.selenium.dev/documentation/webdriver/troubleshooting/errors#no-such-element-exception
Stacktrace:
	GetHandleVerifier [0x00007FF6C01FAD02+56930]
	(No symbol) [0x00007FF6C016F602]
	(No symbol) [0x00007FF6C00242E5]
	(No symbol) [0x00007FF6C00698ED]
	(No symbol) [0x00007FF6C0069A2C]
	(No symbol) [0x00007FF6C00AA967]
	(No symbol) [0x00007FF6C008BCDF]
	(No symbol) [0x00007FF6C00A81E2]
	(No symbol) [0x00007FF6C008BA43]
	(No symbol) [0x00007FF6C005D438]
	(No symbol) [0x00007FF6C005E4D1]
	GetHandleVerifier [0x00007FF6C0576F8D+3711213]
	GetHandleVerifier [0x00007FF6C05D04CD+4077101]
	GetHandleVerifier [0x00007FF6C05C865F+4044735]
	GetHandleVerifier [0x00007FF6C0299736+706710]
	(No symbol) [0x00007FF6C017B8DF]
	(No symbol) [0x00007FF6C0176AC4]
	(No symbol) [0x00007FF6C0176C1C]
	(No symbol) [0x00007FF6C01668D4]
	BaseThreadInitThunk [0x00007FF9494C257D+29]
	RtlUserThreadStart [0x00007FF94AC4AA58+40]

2024-04-03 19:22:23,125 [ERROR] automation Element located by i0116 is not present. Message: no such element: Unable to locate element: {"method":"css selector","selector":"[id="i0116"]"}
  (Session info: chrome=122.0.6261.131); For documentation on this error, please visit: https://www.selenium.dev/documentation/webdriver/troubleshooting/errors#no-such-element-exception
Stacktrace:
	GetHandleVerifier [0x00007FF6C01FAD02+56930]
	(No symbol) [0x00007FF6C016F602]
	(No symbol) [0x00007FF6C00242E5]
	(No symbol) [0x00007FF6C00698ED]
	(No symbol) [0x00007FF6C0069A2C]
	(No symbol) [0x00007FF6C00AA967]
	(No symbol) [0x00007FF6C008BCDF]
	(No symbol) [0x00007FF6C00A81E2]
	(No symbol) [0x00007FF6C008BA43]
	(No symbol) [0x00007FF6C005D438]
	(No symbol) [0x00007FF6C005E4D1]
	GetHandleVerifier [0x00007FF6C0576F8D+3711213]
	GetHandleVerifier [0x00007FF6C05D04CD+4077101]
	GetHandleVerifier [0x00007FF6C05C865F+4044735]
	GetHandleVerifier [0x00007FF6C0299736+706710]
	(No symbol) [0x00007FF6C017B8DF]
	(No symbol) [0x00007FF6C0176AC4]
	(No symbol) [0x00007FF6C0176C1C]
	(No symbol) [0x00007FF6C01668D4]
	BaseThreadInitThunk [0x00007FF9494C257D+29]
	RtlUserThreadStart [0x00007FF94AC4AA58+40]

2024-04-03 19:22:23,186 [ERROR] automation Element located by i0116 is not present. Message: no such element: Unable to locate element: {"method":"css selector","selector":"[id="i0116"]"}
  (Session info: chrome=122.0.6261.131); For documentation on this error, please visit: https://www.selenium.dev/documentation/webdriver/troubleshooting/errors#no-such-element-exception
Stacktrace:
	GetHandleVerifier [0x00007FF6C01FAD02+56930]
	(No symbol) [0x00007FF6C016F602]
	(No symbol) [0x00007FF6C00242E5]
	(No symbol) [0x00007FF6C00698ED]
	(No symbol) [0x00007FF6C0069A2C]
	(No symbol) [0x00007FF6C00AA967]
	(No symbol) [0x00007FF6C008BCDF]
	(No symbol) [0x00007FF6C00A81E2]
	(No symbol) [0x00007FF6C008BA43]
	(No symbol) [0x00007FF6C005D438]
	(No symbol) [0x00007FF6C005E4D1]
	GetHandleVerifier [0x00007FF6C0576F8D+3711213]
	GetHandleVerifier [0x00007FF6C05D04CD+4077101]
	GetHandleVerifier [0x00007FF6C05C865F+4044735]
	GetHandleVerifier [0x00007FF6C0299736+706710]
	(No symbol) [0x00007FF6C017B8DF]
	(No symbol) [0x00007FF6C0176AC4]
	(No symbol) [0x00007FF6C0176C1C]
	(No symbol) [0x00007FF6C01668D4]
	BaseThreadInitThunk [0x00007FF9494C257D+29]
	RtlUserThreadStart [0x00007FF94AC4AA58+40]

2024-04-03 19:22:23,358 [INFO] automation Element located by i0116 is present.
2024-04-03 19:22:30,417 [INFO] automation Element located by //div[@class='logo'] is present.
2024-04-03 19:22:34,511 [INFO] automation Element located by //div[@class='tableFixHead']/table/tbody/tr[contains(@class,'even_col')][1] is present.
2024-04-03 19:22:36,968 [INFO] automation Element located by //input[@formcontrolname='title'] is present.
2024-04-03 19:22:36,975 [INFO] automation Element located by //input[@formcontrolname='title'] is present.
2024-04-03 19:22:37,913 [INFO] automation CPU Percent: 25.9	Virtual Memory: svmem(total=12635017216, available=1672740864, percent=86.8, used=10962276352, free=1672740864)
2024-04-03 19:22:38,016 [INFO] automation screenshot logged as: C:\Users\Thanusha Kotaprolu\Automation Projects\cognine-crm-automation\RunExecutionScripts\common\logs\screenshots\test_crm_emaildraft_page_smoke_test__fail03192237f5f6.png
2024-04-03 19:22:38,016 [ERROR] automation Test failed.
