2024-04-03 12:19:59,957 [INFO] automation Test has started.
2024-04-03 12:19:59,957 [INFO] automation Navigating to the https://chorusqa.cogninelabs.com/
2024-04-03 12:20:04,564 [ERROR] automation Element located by i0116 is not present. Message: no such element: Unable to locate element: {"method":"css selector","selector":"[id="i0116"]"}
  (Session info: chrome=122.0.6261.131); For documentation on this error, please visit: https://www.selenium.dev/documentation/webdriver/troubleshooting/errors#no-such-element-exception
Stacktrace:
	GetHandleVerifier [0x00007FF62CADAD02+56930]
	(No symbol) [0x00007FF62CA4F602]
	(No symbol) [0x00007FF62C9042E5]
	(No symbol) [0x00007FF62C9498ED]
	(No symbol) [0x00007FF62C949A2C]
	(No symbol) [0x00007FF62C98A967]
	(No symbol) [0x00007FF62C96BCDF]
	(No symbol) [0x00007FF62C9881E2]
	(No symbol) [0x00007FF62C96BA43]
	(No symbol) [0x00007FF62C93D438]
	(No symbol) [0x00007FF62C93E4D1]
	GetHandleVerifier [0x00007FF62CE56F8D+3711213]
	GetHandleVerifier [0x00007FF62CEB04CD+4077101]
	GetHandleVerifier [0x00007FF62CEA865F+4044735]
	GetHandleVerifier [0x00007FF62CB79736+706710]
	(No symbol) [0x00007FF62CA5B8DF]
	(No symbol) [0x00007FF62CA56AC4]
	(No symbol) [0x00007FF62CA56C1C]
	(No symbol) [0x00007FF62CA468D4]
	BaseThreadInitThunk [0x00007FF9494C257D+29]
	RtlUserThreadStart [0x00007FF94AC4AA58+40]

2024-04-03 12:20:04,635 [ERROR] automation Element located by i0116 is not present. Message: no such element: Unable to locate element: {"method":"css selector","selector":"[id="i0116"]"}
  (Session info: chrome=122.0.6261.131); For documentation on this error, please visit: https://www.selenium.dev/documentation/webdriver/troubleshooting/errors#no-such-element-exception
Stacktrace:
	GetHandleVerifier [0x00007FF62CADAD02+56930]
	(No symbol) [0x00007FF62CA4F602]
	(No symbol) [0x00007FF62C9042E5]
	(No symbol) [0x00007FF62C9498ED]
	(No symbol) [0x00007FF62C949A2C]
	(No symbol) [0x00007FF62C98A967]
	(No symbol) [0x00007FF62C96BCDF]
	(No symbol) [0x00007FF62C9881E2]
	(No symbol) [0x00007FF62C96BA43]
	(No symbol) [0x00007FF62C93D438]
	(No symbol) [0x00007FF62C93E4D1]
	GetHandleVerifier [0x00007FF62CE56F8D+3711213]
	GetHandleVerifier [0x00007FF62CEB04CD+4077101]
	GetHandleVerifier [0x00007FF62CEA865F+4044735]
	GetHandleVerifier [0x00007FF62CB79736+706710]
	(No symbol) [0x00007FF62CA5B8DF]
	(No symbol) [0x00007FF62CA56AC4]
	(No symbol) [0x00007FF62CA56C1C]
	(No symbol) [0x00007FF62CA468D4]
	BaseThreadInitThunk [0x00007FF9494C257D+29]
	RtlUserThreadStart [0x00007FF94AC4AA58+40]

2024-04-03 12:20:04,702 [ERROR] automation Element located by i0116 is not present. Message: no such element: Unable to locate element: {"method":"css selector","selector":"[id="i0116"]"}
  (Session info: chrome=122.0.6261.131); For documentation on this error, please visit: https://www.selenium.dev/documentation/webdriver/troubleshooting/errors#no-such-element-exception
Stacktrace:
	GetHandleVerifier [0x00007FF62CADAD02+56930]
	(No symbol) [0x00007FF62CA4F602]
	(No symbol) [0x00007FF62C9042E5]
	(No symbol) [0x00007FF62C9498ED]
	(No symbol) [0x00007FF62C949A2C]
	(No symbol) [0x00007FF62C98A967]
	(No symbol) [0x00007FF62C96BCDF]
	(No symbol) [0x00007FF62C9881E2]
	(No symbol) [0x00007FF62C96BA43]
	(No symbol) [0x00007FF62C93D438]
	(No symbol) [0x00007FF62C93E4D1]
	GetHandleVerifier [0x00007FF62CE56F8D+3711213]
	GetHandleVerifier [0x00007FF62CEB04CD+4077101]
	GetHandleVerifier [0x00007FF62CEA865F+4044735]
	GetHandleVerifier [0x00007FF62CB79736+706710]
	(No symbol) [0x00007FF62CA5B8DF]
	(No symbol) [0x00007FF62CA56AC4]
	(No symbol) [0x00007FF62CA56C1C]
	(No symbol) [0x00007FF62CA468D4]
	BaseThreadInitThunk [0x00007FF9494C257D+29]
	RtlUserThreadStart [0x00007FF94AC4AA58+40]

2024-04-03 12:20:04,769 [ERROR] automation Element located by i0116 is not present. Message: no such element: Unable to locate element: {"method":"css selector","selector":"[id="i0116"]"}
  (Session info: chrome=122.0.6261.131); For documentation on this error, please visit: https://www.selenium.dev/documentation/webdriver/troubleshooting/errors#no-such-element-exception
Stacktrace:
	GetHandleVerifier [0x00007FF62CADAD02+56930]
	(No symbol) [0x00007FF62CA4F602]
	(No symbol) [0x00007FF62C9042E5]
	(No symbol) [0x00007FF62C9498ED]
	(No symbol) [0x00007FF62C949A2C]
	(No symbol) [0x00007FF62C98A967]
	(No symbol) [0x00007FF62C96BCDF]
	(No symbol) [0x00007FF62C9881E2]
	(No symbol) [0x00007FF62C96BA43]
	(No symbol) [0x00007FF62C93D438]
	(No symbol) [0x00007FF62C93E4D1]
	GetHandleVerifier [0x00007FF62CE56F8D+3711213]
	GetHandleVerifier [0x00007FF62CEB04CD+4077101]
	GetHandleVerifier [0x00007FF62CEA865F+4044735]
	GetHandleVerifier [0x00007FF62CB79736+706710]
	(No symbol) [0x00007FF62CA5B8DF]
	(No symbol) [0x00007FF62CA56AC4]
	(No symbol) [0x00007FF62CA56C1C]
	(No symbol) [0x00007FF62CA468D4]
	BaseThreadInitThunk [0x00007FF9494C257D+29]
	RtlUserThreadStart [0x00007FF94AC4AA58+40]

2024-04-03 12:20:04,836 [ERROR] automation Element located by i0116 is not present. Message: no such element: Unable to locate element: {"method":"css selector","selector":"[id="i0116"]"}
  (Session info: chrome=122.0.6261.131); For documentation on this error, please visit: https://www.selenium.dev/documentation/webdriver/troubleshooting/errors#no-such-element-exception
Stacktrace:
	GetHandleVerifier [0x00007FF62CADAD02+56930]
	(No symbol) [0x00007FF62CA4F602]
	(No symbol) [0x00007FF62C9042E5]
	(No symbol) [0x00007FF62C9498ED]
	(No symbol) [0x00007FF62C949A2C]
	(No symbol) [0x00007FF62C98A967]
	(No symbol) [0x00007FF62C96BCDF]
	(No symbol) [0x00007FF62C9881E2]
	(No symbol) [0x00007FF62C96BA43]
	(No symbol) [0x00007FF62C93D438]
	(No symbol) [0x00007FF62C93E4D1]
	GetHandleVerifier [0x00007FF62CE56F8D+3711213]
	GetHandleVerifier [0x00007FF62CEB04CD+4077101]
	GetHandleVerifier [0x00007FF62CEA865F+4044735]
	GetHandleVerifier [0x00007FF62CB79736+706710]
	(No symbol) [0x00007FF62CA5B8DF]
	(No symbol) [0x00007FF62CA56AC4]
	(No symbol) [0x00007FF62CA56C1C]
	(No symbol) [0x00007FF62CA468D4]
	BaseThreadInitThunk [0x00007FF9494C257D+29]
	RtlUserThreadStart [0x00007FF94AC4AA58+40]

2024-04-03 12:20:04,904 [ERROR] automation Element located by i0116 is not present. Message: no such element: Unable to locate element: {"method":"css selector","selector":"[id="i0116"]"}
  (Session info: chrome=122.0.6261.131); For documentation on this error, please visit: https://www.selenium.dev/documentation/webdriver/troubleshooting/errors#no-such-element-exception
Stacktrace:
	GetHandleVerifier [0x00007FF62CADAD02+56930]
	(No symbol) [0x00007FF62CA4F602]
	(No symbol) [0x00007FF62C9042E5]
	(No symbol) [0x00007FF62C9498ED]
	(No symbol) [0x00007FF62C949A2C]
	(No symbol) [0x00007FF62C98A967]
	(No symbol) [0x00007FF62C96BCDF]
	(No symbol) [0x00007FF62C9881E2]
	(No symbol) [0x00007FF62C96BA43]
	(No symbol) [0x00007FF62C93D438]
	(No symbol) [0x00007FF62C93E4D1]
	GetHandleVerifier [0x00007FF62CE56F8D+3711213]
	GetHandleVerifier [0x00007FF62CEB04CD+4077101]
	GetHandleVerifier [0x00007FF62CEA865F+4044735]
	GetHandleVerifier [0x00007FF62CB79736+706710]
	(No symbol) [0x00007FF62CA5B8DF]
	(No symbol) [0x00007FF62CA56AC4]
	(No symbol) [0x00007FF62CA56C1C]
	(No symbol) [0x00007FF62CA468D4]
	BaseThreadInitThunk [0x00007FF9494C257D+29]
	RtlUserThreadStart [0x00007FF94AC4AA58+40]

2024-04-03 12:20:04,969 [ERROR] automation Element located by i0116 is not present. Message: no such element: Unable to locate element: {"method":"css selector","selector":"[id="i0116"]"}
  (Session info: chrome=122.0.6261.131); For documentation on this error, please visit: https://www.selenium.dev/documentation/webdriver/troubleshooting/errors#no-such-element-exception
Stacktrace:
	GetHandleVerifier [0x00007FF62CADAD02+56930]
	(No symbol) [0x00007FF62CA4F602]
	(No symbol) [0x00007FF62C9042E5]
	(No symbol) [0x00007FF62C9498ED]
	(No symbol) [0x00007FF62C949A2C]
	(No symbol) [0x00007FF62C98A967]
	(No symbol) [0x00007FF62C96BCDF]
	(No symbol) [0x00007FF62C9881E2]
	(No symbol) [0x00007FF62C96BA43]
	(No symbol) [0x00007FF62C93D438]
	(No symbol) [0x00007FF62C93E4D1]
	GetHandleVerifier [0x00007FF62CE56F8D+3711213]
	GetHandleVerifier [0x00007FF62CEB04CD+4077101]
	GetHandleVerifier [0x00007FF62CEA865F+4044735]
	GetHandleVerifier [0x00007FF62CB79736+706710]
	(No symbol) [0x00007FF62CA5B8DF]
	(No symbol) [0x00007FF62CA56AC4]
	(No symbol) [0x00007FF62CA56C1C]
	(No symbol) [0x00007FF62CA468D4]
	BaseThreadInitThunk [0x00007FF9494C257D+29]
	RtlUserThreadStart [0x00007FF94AC4AA58+40]

2024-04-03 12:20:06,922 [ERROR] automation Element located by i0116 is not present. Message: no such element: Unable to locate element: {"method":"css selector","selector":"[id="i0116"]"}
  (Session info: chrome=122.0.6261.131); For documentation on this error, please visit: https://www.selenium.dev/documentation/webdriver/troubleshooting/errors#no-such-element-exception
Stacktrace:
	GetHandleVerifier [0x00007FF62CADAD02+56930]
	(No symbol) [0x00007FF62CA4F602]
	(No symbol) [0x00007FF62C9042E5]
	(No symbol) [0x00007FF62C9498ED]
	(No symbol) [0x00007FF62C949A2C]
	(No symbol) [0x00007FF62C98A967]
	(No symbol) [0x00007FF62C96BCDF]
	(No symbol) [0x00007FF62C9881E2]
	(No symbol) [0x00007FF62C96BA43]
	(No symbol) [0x00007FF62C93D438]
	(No symbol) [0x00007FF62C93E4D1]
	GetHandleVerifier [0x00007FF62CE56F8D+3711213]
	GetHandleVerifier [0x00007FF62CEB04CD+4077101]
	GetHandleVerifier [0x00007FF62CEA865F+4044735]
	GetHandleVerifier [0x00007FF62CB79736+706710]
	(No symbol) [0x00007FF62CA5B8DF]
	(No symbol) [0x00007FF62CA56AC4]
	(No symbol) [0x00007FF62CA56C1C]
	(No symbol) [0x00007FF62CA468D4]
	BaseThreadInitThunk [0x00007FF9494C257D+29]
	RtlUserThreadStart [0x00007FF94AC4AA58+40]

2024-04-03 12:20:06,993 [ERROR] automation Element located by i0116 is not present. Message: no such element: Unable to locate element: {"method":"css selector","selector":"[id="i0116"]"}
  (Session info: chrome=122.0.6261.131); For documentation on this error, please visit: https://www.selenium.dev/documentation/webdriver/troubleshooting/errors#no-such-element-exception
Stacktrace:
	GetHandleVerifier [0x00007FF62CADAD02+56930]
	(No symbol) [0x00007FF62CA4F602]
	(No symbol) [0x00007FF62C9042E5]
	(No symbol) [0x00007FF62C9498ED]
	(No symbol) [0x00007FF62C949A2C]
	(No symbol) [0x00007FF62C98A967]
	(No symbol) [0x00007FF62C96BCDF]
	(No symbol) [0x00007FF62C9881E2]
	(No symbol) [0x00007FF62C96BA43]
	(No symbol) [0x00007FF62C93D438]
	(No symbol) [0x00007FF62C93E4D1]
	GetHandleVerifier [0x00007FF62CE56F8D+3711213]
	GetHandleVerifier [0x00007FF62CEB04CD+4077101]
	GetHandleVerifier [0x00007FF62CEA865F+4044735]
	GetHandleVerifier [0x00007FF62CB79736+706710]
	(No symbol) [0x00007FF62CA5B8DF]
	(No symbol) [0x00007FF62CA56AC4]
	(No symbol) [0x00007FF62CA56C1C]
	(No symbol) [0x00007FF62CA468D4]
	BaseThreadInitThunk [0x00007FF9494C257D+29]
	RtlUserThreadStart [0x00007FF94AC4AA58+40]

2024-04-03 12:20:07,059 [ERROR] automation Element located by i0116 is not present. Message: no such element: Unable to locate element: {"method":"css selector","selector":"[id="i0116"]"}
  (Session info: chrome=122.0.6261.131); For documentation on this error, please visit: https://www.selenium.dev/documentation/webdriver/troubleshooting/errors#no-such-element-exception
Stacktrace:
	GetHandleVerifier [0x00007FF62CADAD02+56930]
	(No symbol) [0x00007FF62CA4F602]
	(No symbol) [0x00007FF62C9042E5]
	(No symbol) [0x00007FF62C9498ED]
	(No symbol) [0x00007FF62C949A2C]
	(No symbol) [0x00007FF62C98A967]
	(No symbol) [0x00007FF62C96BCDF]
	(No symbol) [0x00007FF62C9881E2]
	(No symbol) [0x00007FF62C96BA43]
	(No symbol) [0x00007FF62C93D438]
	(No symbol) [0x00007FF62C93E4D1]
	GetHandleVerifier [0x00007FF62CE56F8D+3711213]
	GetHandleVerifier [0x00007FF62CEB04CD+4077101]
	GetHandleVerifier [0x00007FF62CEA865F+4044735]
	GetHandleVerifier [0x00007FF62CB79736+706710]
	(No symbol) [0x00007FF62CA5B8DF]
	(No symbol) [0x00007FF62CA56AC4]
	(No symbol) [0x00007FF62CA56C1C]
	(No symbol) [0x00007FF62CA468D4]
	BaseThreadInitThunk [0x00007FF9494C257D+29]
	RtlUserThreadStart [0x00007FF94AC4AA58+40]

2024-04-03 12:20:07,319 [INFO] automation Element located by i0116 is present.
2024-04-03 12:20:14,805 [INFO] automation Element located by //div[@class='logo'] is present.
2024-04-03 12:20:19,341 [INFO] automation Element located by //div[@class='tableFixHead']/table/tbody/tr[contains(@class,'even_col')][1] is present.
2024-04-03 12:20:21,831 [INFO] automation Element located by //input[@formcontrolname='email'] is present.
2024-04-03 12:20:21,836 [INFO] automation Element located by //input[@formcontrolname='email'] is present.
2024-04-03 12:20:22,334 [ERROR] automation Element located by //span[contains(text(),'Email Address already exists')] is not present. Message: no such element: Unable to locate element: {"method":"xpath","selector":"//span[contains(text(),'Email Address already exists')]"}
  (Session info: chrome=122.0.6261.131); For documentation on this error, please visit: https://www.selenium.dev/documentation/webdriver/troubleshooting/errors#no-such-element-exception
Stacktrace:
	GetHandleVerifier [0x00007FF62CADAD02+56930]
	(No symbol) [0x00007FF62CA4F602]
	(No symbol) [0x00007FF62C9042E5]
	(No symbol) [0x00007FF62C9498ED]
	(No symbol) [0x00007FF62C949A2C]
	(No symbol) [0x00007FF62C98A967]
	(No symbol) [0x00007FF62C96BCDF]
	(No symbol) [0x00007FF62C9881E2]
	(No symbol) [0x00007FF62C96BA43]
	(No symbol) [0x00007FF62C93D438]
	(No symbol) [0x00007FF62C93E4D1]
	GetHandleVerifier [0x00007FF62CE56F8D+3711213]
	GetHandleVerifier [0x00007FF62CEB04CD+4077101]
	GetHandleVerifier [0x00007FF62CEA865F+4044735]
	GetHandleVerifier [0x00007FF62CB79736+706710]
	(No symbol) [0x00007FF62CA5B8DF]
	(No symbol) [0x00007FF62CA56AC4]
	(No symbol) [0x00007FF62CA56C1C]
	(No symbol) [0x00007FF62CA468D4]
	BaseThreadInitThunk [0x00007FF9494C257D+29]
	RtlUserThreadStart [0x00007FF94AC4AA58+40]

2024-04-03 12:20:22,350 [ERROR] automation Element located by //div[@role='alert' and contains(text(),'success') or contains(text(),'Success')] is not present. Message: no such element: Unable to locate element: {"method":"xpath","selector":"//div[@role='alert' and contains(text(),'success') or contains(text(),'Success')]"}
  (Session info: chrome=122.0.6261.131); For documentation on this error, please visit: https://www.selenium.dev/documentation/webdriver/troubleshooting/errors#no-such-element-exception
Stacktrace:
	GetHandleVerifier [0x00007FF62CADAD02+56930]
	(No symbol) [0x00007FF62CA4F602]
	(No symbol) [0x00007FF62C9042E5]
	(No symbol) [0x00007FF62C9498ED]
	(No symbol) [0x00007FF62C949A2C]
	(No symbol) [0x00007FF62C98A967]
	(No symbol) [0x00007FF62C96BCDF]
	(No symbol) [0x00007FF62C9881E2]
	(No symbol) [0x00007FF62C96BA43]
	(No symbol) [0x00007FF62C93D438]
	(No symbol) [0x00007FF62C93E4D1]
	GetHandleVerifier [0x00007FF62CE56F8D+3711213]
	GetHandleVerifier [0x00007FF62CEB04CD+4077101]
	GetHandleVerifier [0x00007FF62CEA865F+4044735]
	GetHandleVerifier [0x00007FF62CB79736+706710]
	(No symbol) [0x00007FF62CA5B8DF]
	(No symbol) [0x00007FF62CA56AC4]
	(No symbol) [0x00007FF62CA56C1C]
	(No symbol) [0x00007FF62CA468D4]
	BaseThreadInitThunk [0x00007FF9494C257D+29]
	RtlUserThreadStart [0x00007FF94AC4AA58+40]

2024-04-03 12:20:22,350 [INFO] automation Test passed.
2024-04-03 12:20:22,363 [INFO] automation Test has started.
2024-04-03 12:20:22,363 [INFO] automation Navigating to the https://chorusqa.cogninelabs.com/
2024-04-03 12:20:32,326 [ERROR] automation Element located by i0116 is not present. Message: no such element: Unable to locate element: {"method":"css selector","selector":"[id="i0116"]"}
  (Session info: chrome=122.0.6261.131); For documentation on this error, please visit: https://www.selenium.dev/documentation/webdriver/troubleshooting/errors#no-such-element-exception
Stacktrace:
	GetHandleVerifier [0x00007FF62CADAD02+56930]
	(No symbol) [0x00007FF62CA4F602]
	(No symbol) [0x00007FF62C9042E5]
	(No symbol) [0x00007FF62C9498ED]
	(No symbol) [0x00007FF62C949A2C]
	(No symbol) [0x00007FF62C98A967]
	(No symbol) [0x00007FF62C96BCDF]
	(No symbol) [0x00007FF62C9881E2]
	(No symbol) [0x00007FF62C96BA43]
	(No symbol) [0x00007FF62C93D438]
	(No symbol) [0x00007FF62C93E4D1]
	GetHandleVerifier [0x00007FF62CE56F8D+3711213]
	GetHandleVerifier [0x00007FF62CEB04CD+4077101]
	GetHandleVerifier [0x00007FF62CEA865F+4044735]
	GetHandleVerifier [0x00007FF62CB79736+706710]
	(No symbol) [0x00007FF62CA5B8DF]
	(No symbol) [0x00007FF62CA56AC4]
	(No symbol) [0x00007FF62CA56C1C]
	(No symbol) [0x00007FF62CA468D4]
	BaseThreadInitThunk [0x00007FF9494C257D+29]
	RtlUserThreadStart [0x00007FF94AC4AA58+40]

2024-04-03 12:20:32,394 [ERROR] automation Element located by i0116 is not present. Message: no such element: Unable to locate element: {"method":"css selector","selector":"[id="i0116"]"}
  (Session info: chrome=122.0.6261.131); For documentation on this error, please visit: https://www.selenium.dev/documentation/webdriver/troubleshooting/errors#no-such-element-exception
Stacktrace:
	GetHandleVerifier [0x00007FF62CADAD02+56930]
	(No symbol) [0x00007FF62CA4F602]
	(No symbol) [0x00007FF62C9042E5]
	(No symbol) [0x00007FF62C9498ED]
	(No symbol) [0x00007FF62C949A2C]
	(No symbol) [0x00007FF62C98A967]
	(No symbol) [0x00007FF62C96BCDF]
	(No symbol) [0x00007FF62C9881E2]
	(No symbol) [0x00007FF62C96BA43]
	(No symbol) [0x00007FF62C93D438]
	(No symbol) [0x00007FF62C93E4D1]
	GetHandleVerifier [0x00007FF62CE56F8D+3711213]
	GetHandleVerifier [0x00007FF62CEB04CD+4077101]
	GetHandleVerifier [0x00007FF62CEA865F+4044735]
	GetHandleVerifier [0x00007FF62CB79736+706710]
	(No symbol) [0x00007FF62CA5B8DF]
	(No symbol) [0x00007FF62CA56AC4]
	(No symbol) [0x00007FF62CA56C1C]
	(No symbol) [0x00007FF62CA468D4]
	BaseThreadInitThunk [0x00007FF9494C257D+29]
	RtlUserThreadStart [0x00007FF94AC4AA58+40]

2024-04-03 12:20:32,460 [ERROR] automation Element located by i0116 is not present. Message: no such element: Unable to locate element: {"method":"css selector","selector":"[id="i0116"]"}
  (Session info: chrome=122.0.6261.131); For documentation on this error, please visit: https://www.selenium.dev/documentation/webdriver/troubleshooting/errors#no-such-element-exception
Stacktrace:
	GetHandleVerifier [0x00007FF62CADAD02+56930]
	(No symbol) [0x00007FF62CA4F602]
	(No symbol) [0x00007FF62C9042E5]
	(No symbol) [0x00007FF62C9498ED]
	(No symbol) [0x00007FF62C949A2C]
	(No symbol) [0x00007FF62C98A967]
	(No symbol) [0x00007FF62C96BCDF]
	(No symbol) [0x00007FF62C9881E2]
	(No symbol) [0x00007FF62C96BA43]
	(No symbol) [0x00007FF62C93D438]
	(No symbol) [0x00007FF62C93E4D1]
	GetHandleVerifier [0x00007FF62CE56F8D+3711213]
	GetHandleVerifier [0x00007FF62CEB04CD+4077101]
	GetHandleVerifier [0x00007FF62CEA865F+4044735]
	GetHandleVerifier [0x00007FF62CB79736+706710]
	(No symbol) [0x00007FF62CA5B8DF]
	(No symbol) [0x00007FF62CA56AC4]
	(No symbol) [0x00007FF62CA56C1C]
	(No symbol) [0x00007FF62CA468D4]
	BaseThreadInitThunk [0x00007FF9494C257D+29]
	RtlUserThreadStart [0x00007FF94AC4AA58+40]

2024-04-03 12:20:32,529 [ERROR] automation Element located by i0116 is not present. Message: no such element: Unable to locate element: {"method":"css selector","selector":"[id="i0116"]"}
  (Session info: chrome=122.0.6261.131); For documentation on this error, please visit: https://www.selenium.dev/documentation/webdriver/troubleshooting/errors#no-such-element-exception
Stacktrace:
	GetHandleVerifier [0x00007FF62CADAD02+56930]
	(No symbol) [0x00007FF62CA4F602]
	(No symbol) [0x00007FF62C9042E5]
	(No symbol) [0x00007FF62C9498ED]
	(No symbol) [0x00007FF62C949A2C]
	(No symbol) [0x00007FF62C98A967]
	(No symbol) [0x00007FF62C96BCDF]
	(No symbol) [0x00007FF62C9881E2]
	(No symbol) [0x00007FF62C96BA43]
	(No symbol) [0x00007FF62C93D438]
	(No symbol) [0x00007FF62C93E4D1]
	GetHandleVerifier [0x00007FF62CE56F8D+3711213]
	GetHandleVerifier [0x00007FF62CEB04CD+4077101]
	GetHandleVerifier [0x00007FF62CEA865F+4044735]
	GetHandleVerifier [0x00007FF62CB79736+706710]
	(No symbol) [0x00007FF62CA5B8DF]
	(No symbol) [0x00007FF62CA56AC4]
	(No symbol) [0x00007FF62CA56C1C]
	(No symbol) [0x00007FF62CA468D4]
	BaseThreadInitThunk [0x00007FF9494C257D+29]
	RtlUserThreadStart [0x00007FF94AC4AA58+40]

2024-04-03 12:20:32,595 [ERROR] automation Element located by i0116 is not present. Message: no such element: Unable to locate element: {"method":"css selector","selector":"[id="i0116"]"}
  (Session info: chrome=122.0.6261.131); For documentation on this error, please visit: https://www.selenium.dev/documentation/webdriver/troubleshooting/errors#no-such-element-exception
Stacktrace:
	GetHandleVerifier [0x00007FF62CADAD02+56930]
	(No symbol) [0x00007FF62CA4F602]
	(No symbol) [0x00007FF62C9042E5]
	(No symbol) [0x00007FF62C9498ED]
	(No symbol) [0x00007FF62C949A2C]
	(No symbol) [0x00007FF62C98A967]
	(No symbol) [0x00007FF62C96BCDF]
	(No symbol) [0x00007FF62C9881E2]
	(No symbol) [0x00007FF62C96BA43]
	(No symbol) [0x00007FF62C93D438]
	(No symbol) [0x00007FF62C93E4D1]
	GetHandleVerifier [0x00007FF62CE56F8D+3711213]
	GetHandleVerifier [0x00007FF62CEB04CD+4077101]
	GetHandleVerifier [0x00007FF62CEA865F+4044735]
	GetHandleVerifier [0x00007FF62CB79736+706710]
	(No symbol) [0x00007FF62CA5B8DF]
	(No symbol) [0x00007FF62CA56AC4]
	(No symbol) [0x00007FF62CA56C1C]
	(No symbol) [0x00007FF62CA468D4]
	BaseThreadInitThunk [0x00007FF9494C257D+29]
	RtlUserThreadStart [0x00007FF94AC4AA58+40]

2024-04-03 12:20:32,660 [ERROR] automation Element located by i0116 is not present. Message: no such element: Unable to locate element: {"method":"css selector","selector":"[id="i0116"]"}
  (Session info: chrome=122.0.6261.131); For documentation on this error, please visit: https://www.selenium.dev/documentation/webdriver/troubleshooting/errors#no-such-element-exception
Stacktrace:
	GetHandleVerifier [0x00007FF62CADAD02+56930]
	(No symbol) [0x00007FF62CA4F602]
	(No symbol) [0x00007FF62C9042E5]
	(No symbol) [0x00007FF62C9498ED]
	(No symbol) [0x00007FF62C949A2C]
	(No symbol) [0x00007FF62C98A967]
	(No symbol) [0x00007FF62C96BCDF]
	(No symbol) [0x00007FF62C9881E2]
	(No symbol) [0x00007FF62C96BA43]
	(No symbol) [0x00007FF62C93D438]
	(No symbol) [0x00007FF62C93E4D1]
	GetHandleVerifier [0x00007FF62CE56F8D+3711213]
	GetHandleVerifier [0x00007FF62CEB04CD+4077101]
	GetHandleVerifier [0x00007FF62CEA865F+4044735]
	GetHandleVerifier [0x00007FF62CB79736+706710]
	(No symbol) [0x00007FF62CA5B8DF]
	(No symbol) [0x00007FF62CA56AC4]
	(No symbol) [0x00007FF62CA56C1C]
	(No symbol) [0x00007FF62CA468D4]
	BaseThreadInitThunk [0x00007FF9494C257D+29]
	RtlUserThreadStart [0x00007FF94AC4AA58+40]

2024-04-03 12:20:34,051 [ERROR] automation Element located by i0116 is not present. Message: no such element: Unable to locate element: {"method":"css selector","selector":"[id="i0116"]"}
  (Session info: chrome=122.0.6261.131); For documentation on this error, please visit: https://www.selenium.dev/documentation/webdriver/troubleshooting/errors#no-such-element-exception
Stacktrace:
	GetHandleVerifier [0x00007FF62CADAD02+56930]
	(No symbol) [0x00007FF62CA4F602]
	(No symbol) [0x00007FF62C9042E5]
	(No symbol) [0x00007FF62C9498ED]
	(No symbol) [0x00007FF62C949A2C]
	(No symbol) [0x00007FF62C98A967]
	(No symbol) [0x00007FF62C96BCDF]
	(No symbol) [0x00007FF62C9881E2]
	(No symbol) [0x00007FF62C96BA43]
	(No symbol) [0x00007FF62C93D438]
	(No symbol) [0x00007FF62C93E4D1]
	GetHandleVerifier [0x00007FF62CE56F8D+3711213]
	GetHandleVerifier [0x00007FF62CEB04CD+4077101]
	GetHandleVerifier [0x00007FF62CEA865F+4044735]
	GetHandleVerifier [0x00007FF62CB79736+706710]
	(No symbol) [0x00007FF62CA5B8DF]
	(No symbol) [0x00007FF62CA56AC4]
	(No symbol) [0x00007FF62CA56C1C]
	(No symbol) [0x00007FF62CA468D4]
	BaseThreadInitThunk [0x00007FF9494C257D+29]
	RtlUserThreadStart [0x00007FF94AC4AA58+40]

2024-04-03 12:20:34,234 [INFO] automation Element located by i0116 is present.
2024-04-03 12:20:41,232 [INFO] automation Element located by //div[@class='logo'] is present.
2024-04-03 12:20:45,339 [INFO] automation Element located by //div[@class='tableFixHead']/table/tbody/tr[contains(@class,'even_col')][1] is present.
2024-04-03 12:20:47,960 [INFO] automation Element located by //input[@formcontrolname='title'] is present.
2024-04-03 12:20:48,519 [INFO] automation CPU Percent: 0.0	Virtual Memory: svmem(total=12635017216, available=1420066816, percent=88.8, used=11214950400, free=1420066816)
2024-04-03 12:20:48,649 [INFO] automation screenshot logged as: C:\Users\Thanusha Kotaprolu\Automation Projects\cognine-crm-automation\RunExecutionScripts\common\logs\screenshots\test_crm_bulk_email_page_smoke_test__fail031220489b88.png
2024-04-03 12:20:48,650 [ERROR] automation Test failed.
