2025-01-28 12:54:32,589 [INFO] automation Navigating to the https://chorusdev.cogninelabs.com/
2025-01-28 12:54:36,916 [ERROR] automation Element located by i0116 is not present. Message: no such element: Unable to locate element: {"method":"css selector","selector":"[id="i0116"]"}
  (Session info: chrome=132.0.6834.111); For documentation on this error, please visit: https://www.selenium.dev/documentation/webdriver/troubleshooting/errors#no-such-element-exception
Stacktrace:
	GetHandleVerifier [0x00007FF7ADDFCC05+28741]
	(No symbol) [0x00007FF7ADD5FED0]
	(No symbol) [0x00007FF7ADBF4FBA]
	(No symbol) [0x00007FF7ADC49256]
	(No symbol) [0x00007FF7ADC4948C]
	(No symbol) [0x00007FF7ADC93267]
	(No symbol) [0x00007FF7ADC6FE6F]
	(No symbol) [0x00007FF7ADC8FFE1]
	(No symbol) [0x00007FF7ADC6FBD3]
	(No symbol) [0x00007FF7ADC39F43]
	(No symbol) [0x00007FF7ADC3B2D1]
	GetHandleVerifier [0x00007FF7AE12DE3D+3375741]
	GetHandleVerifier [0x00007FF7AE14096A+3452330]
	GetHandleVerifier [0x00007FF7AE13671D+3410781]
	GetHandleVerifier [0x00007FF7ADEC653B+854395]
	(No symbol) [0x00007FF7ADD6BE0F]
	(No symbol) [0x00007FF7ADD67714]
	(No symbol) [0x00007FF7ADD678AD]
	(No symbol) [0x00007FF7ADD56189]
	BaseThreadInitThunk [0x00007FF8FE247374+20]
	RtlUserThreadStart [0x00007FF8FEEDCC91+33]

2025-01-28 12:54:36,976 [ERROR] automation Element located by i0116 is not present. Message: no such element: Unable to locate element: {"method":"css selector","selector":"[id="i0116"]"}
  (Session info: chrome=132.0.6834.111); For documentation on this error, please visit: https://www.selenium.dev/documentation/webdriver/troubleshooting/errors#no-such-element-exception
Stacktrace:
	GetHandleVerifier [0x00007FF7ADDFCC05+28741]
	(No symbol) [0x00007FF7ADD5FED0]
	(No symbol) [0x00007FF7ADBF4FBA]
	(No symbol) [0x00007FF7ADC49256]
	(No symbol) [0x00007FF7ADC4948C]
	(No symbol) [0x00007FF7ADC93267]
	(No symbol) [0x00007FF7ADC6FE6F]
	(No symbol) [0x00007FF7ADC8FFE1]
	(No symbol) [0x00007FF7ADC6FBD3]
	(No symbol) [0x00007FF7ADC39F43]
	(No symbol) [0x00007FF7ADC3B2D1]
	GetHandleVerifier [0x00007FF7AE12DE3D+3375741]
	GetHandleVerifier [0x00007FF7AE14096A+3452330]
	GetHandleVerifier [0x00007FF7AE13671D+3410781]
	GetHandleVerifier [0x00007FF7ADEC653B+854395]
	(No symbol) [0x00007FF7ADD6BE0F]
	(No symbol) [0x00007FF7ADD67714]
	(No symbol) [0x00007FF7ADD678AD]
	(No symbol) [0x00007FF7ADD56189]
	BaseThreadInitThunk [0x00007FF8FE247374+20]
	RtlUserThreadStart [0x00007FF8FEEDCC91+33]

2025-01-28 12:54:37,034 [ERROR] automation Element located by i0116 is not present. Message: no such element: Unable to locate element: {"method":"css selector","selector":"[id="i0116"]"}
  (Session info: chrome=132.0.6834.111); For documentation on this error, please visit: https://www.selenium.dev/documentation/webdriver/troubleshooting/errors#no-such-element-exception
Stacktrace:
	GetHandleVerifier [0x00007FF7ADDFCC05+28741]
	(No symbol) [0x00007FF7ADD5FED0]
	(No symbol) [0x00007FF7ADBF4FBA]
	(No symbol) [0x00007FF7ADC49256]
	(No symbol) [0x00007FF7ADC4948C]
	(No symbol) [0x00007FF7ADC93267]
	(No symbol) [0x00007FF7ADC6FE6F]
	(No symbol) [0x00007FF7ADC8FFE1]
	(No symbol) [0x00007FF7ADC6FBD3]
	(No symbol) [0x00007FF7ADC39F43]
	(No symbol) [0x00007FF7ADC3B2D1]
	GetHandleVerifier [0x00007FF7AE12DE3D+3375741]
	GetHandleVerifier [0x00007FF7AE14096A+3452330]
	GetHandleVerifier [0x00007FF7AE13671D+3410781]
	GetHandleVerifier [0x00007FF7ADEC653B+854395]
	(No symbol) [0x00007FF7ADD6BE0F]
	(No symbol) [0x00007FF7ADD67714]
	(No symbol) [0x00007FF7ADD678AD]
	(No symbol) [0x00007FF7ADD56189]
	BaseThreadInitThunk [0x00007FF8FE247374+20]
	RtlUserThreadStart [0x00007FF8FEEDCC91+33]

2025-01-28 12:54:37,095 [ERROR] automation Element located by i0116 is not present. Message: no such element: Unable to locate element: {"method":"css selector","selector":"[id="i0116"]"}
  (Session info: chrome=132.0.6834.111); For documentation on this error, please visit: https://www.selenium.dev/documentation/webdriver/troubleshooting/errors#no-such-element-exception
Stacktrace:
	GetHandleVerifier [0x00007FF7ADDFCC05+28741]
	(No symbol) [0x00007FF7ADD5FED0]
	(No symbol) [0x00007FF7ADBF4FBA]
	(No symbol) [0x00007FF7ADC49256]
	(No symbol) [0x00007FF7ADC4948C]
	(No symbol) [0x00007FF7ADC93267]
	(No symbol) [0x00007FF7ADC6FE6F]
	(No symbol) [0x00007FF7ADC8FFE1]
	(No symbol) [0x00007FF7ADC6FBD3]
	(No symbol) [0x00007FF7ADC39F43]
	(No symbol) [0x00007FF7ADC3B2D1]
	GetHandleVerifier [0x00007FF7AE12DE3D+3375741]
	GetHandleVerifier [0x00007FF7AE14096A+3452330]
	GetHandleVerifier [0x00007FF7AE13671D+3410781]
	GetHandleVerifier [0x00007FF7ADEC653B+854395]
	(No symbol) [0x00007FF7ADD6BE0F]
	(No symbol) [0x00007FF7ADD67714]
	(No symbol) [0x00007FF7ADD678AD]
	(No symbol) [0x00007FF7ADD56189]
	BaseThreadInitThunk [0x00007FF8FE247374+20]
	RtlUserThreadStart [0x00007FF8FEEDCC91+33]

2025-01-28 12:54:37,154 [ERROR] automation Element located by i0116 is not present. Message: no such element: Unable to locate element: {"method":"css selector","selector":"[id="i0116"]"}
  (Session info: chrome=132.0.6834.111); For documentation on this error, please visit: https://www.selenium.dev/documentation/webdriver/troubleshooting/errors#no-such-element-exception
Stacktrace:
	GetHandleVerifier [0x00007FF7ADDFCC05+28741]
	(No symbol) [0x00007FF7ADD5FED0]
	(No symbol) [0x00007FF7ADBF4FBA]
	(No symbol) [0x00007FF7ADC49256]
	(No symbol) [0x00007FF7ADC4948C]
	(No symbol) [0x00007FF7ADC93267]
	(No symbol) [0x00007FF7ADC6FE6F]
	(No symbol) [0x00007FF7ADC8FFE1]
	(No symbol) [0x00007FF7ADC6FBD3]
	(No symbol) [0x00007FF7ADC39F43]
	(No symbol) [0x00007FF7ADC3B2D1]
	GetHandleVerifier [0x00007FF7AE12DE3D+3375741]
	GetHandleVerifier [0x00007FF7AE14096A+3452330]
	GetHandleVerifier [0x00007FF7AE13671D+3410781]
	GetHandleVerifier [0x00007FF7ADEC653B+854395]
	(No symbol) [0x00007FF7ADD6BE0F]
	(No symbol) [0x00007FF7ADD67714]
	(No symbol) [0x00007FF7ADD678AD]
	(No symbol) [0x00007FF7ADD56189]
	BaseThreadInitThunk [0x00007FF8FE247374+20]
	RtlUserThreadStart [0x00007FF8FEEDCC91+33]

2025-01-28 12:54:37,215 [ERROR] automation Element located by i0116 is not present. Message: no such element: Unable to locate element: {"method":"css selector","selector":"[id="i0116"]"}
  (Session info: chrome=132.0.6834.111); For documentation on this error, please visit: https://www.selenium.dev/documentation/webdriver/troubleshooting/errors#no-such-element-exception
Stacktrace:
	GetHandleVerifier [0x00007FF7ADDFCC05+28741]
	(No symbol) [0x00007FF7ADD5FED0]
	(No symbol) [0x00007FF7ADBF4FBA]
	(No symbol) [0x00007FF7ADC49256]
	(No symbol) [0x00007FF7ADC4948C]
	(No symbol) [0x00007FF7ADC93267]
	(No symbol) [0x00007FF7ADC6FE6F]
	(No symbol) [0x00007FF7ADC8FFE1]
	(No symbol) [0x00007FF7ADC6FBD3]
	(No symbol) [0x00007FF7ADC39F43]
	(No symbol) [0x00007FF7ADC3B2D1]
	GetHandleVerifier [0x00007FF7AE12DE3D+3375741]
	GetHandleVerifier [0x00007FF7AE14096A+3452330]
	GetHandleVerifier [0x00007FF7AE13671D+3410781]
	GetHandleVerifier [0x00007FF7ADEC653B+854395]
	(No symbol) [0x00007FF7ADD6BE0F]
	(No symbol) [0x00007FF7ADD67714]
	(No symbol) [0x00007FF7ADD678AD]
	(No symbol) [0x00007FF7ADD56189]
	BaseThreadInitThunk [0x00007FF8FE247374+20]
	RtlUserThreadStart [0x00007FF8FEEDCC91+33]

2025-01-28 12:54:37,274 [ERROR] automation Element located by i0116 is not present. Message: no such element: Unable to locate element: {"method":"css selector","selector":"[id="i0116"]"}
  (Session info: chrome=132.0.6834.111); For documentation on this error, please visit: https://www.selenium.dev/documentation/webdriver/troubleshooting/errors#no-such-element-exception
Stacktrace:
	GetHandleVerifier [0x00007FF7ADDFCC05+28741]
	(No symbol) [0x00007FF7ADD5FED0]
	(No symbol) [0x00007FF7ADBF4FBA]
	(No symbol) [0x00007FF7ADC49256]
	(No symbol) [0x00007FF7ADC4948C]
	(No symbol) [0x00007FF7ADC93267]
	(No symbol) [0x00007FF7ADC6FE6F]
	(No symbol) [0x00007FF7ADC8FFE1]
	(No symbol) [0x00007FF7ADC6FBD3]
	(No symbol) [0x00007FF7ADC39F43]
	(No symbol) [0x00007FF7ADC3B2D1]
	GetHandleVerifier [0x00007FF7AE12DE3D+3375741]
	GetHandleVerifier [0x00007FF7AE14096A+3452330]
	GetHandleVerifier [0x00007FF7AE13671D+3410781]
	GetHandleVerifier [0x00007FF7ADEC653B+854395]
	(No symbol) [0x00007FF7ADD6BE0F]
	(No symbol) [0x00007FF7ADD67714]
	(No symbol) [0x00007FF7ADD678AD]
	(No symbol) [0x00007FF7ADD56189]
	BaseThreadInitThunk [0x00007FF8FE247374+20]
	RtlUserThreadStart [0x00007FF8FEEDCC91+33]

2025-01-28 12:54:37,335 [ERROR] automation Element located by i0116 is not present. Message: no such element: Unable to locate element: {"method":"css selector","selector":"[id="i0116"]"}
  (Session info: chrome=132.0.6834.111); For documentation on this error, please visit: https://www.selenium.dev/documentation/webdriver/troubleshooting/errors#no-such-element-exception
Stacktrace:
	GetHandleVerifier [0x00007FF7ADDFCC05+28741]
	(No symbol) [0x00007FF7ADD5FED0]
	(No symbol) [0x00007FF7ADBF4FBA]
	(No symbol) [0x00007FF7ADC49256]
	(No symbol) [0x00007FF7ADC4948C]
	(No symbol) [0x00007FF7ADC93267]
	(No symbol) [0x00007FF7ADC6FE6F]
	(No symbol) [0x00007FF7ADC8FFE1]
	(No symbol) [0x00007FF7ADC6FBD3]
	(No symbol) [0x00007FF7ADC39F43]
	(No symbol) [0x00007FF7ADC3B2D1]
	GetHandleVerifier [0x00007FF7AE12DE3D+3375741]
	GetHandleVerifier [0x00007FF7AE14096A+3452330]
	GetHandleVerifier [0x00007FF7AE13671D+3410781]
	GetHandleVerifier [0x00007FF7ADEC653B+854395]
	(No symbol) [0x00007FF7ADD6BE0F]
	(No symbol) [0x00007FF7ADD67714]
	(No symbol) [0x00007FF7ADD678AD]
	(No symbol) [0x00007FF7ADD56189]
	BaseThreadInitThunk [0x00007FF8FE247374+20]
	RtlUserThreadStart [0x00007FF8FEEDCC91+33]

2025-01-28 12:54:37,399 [ERROR] automation Element located by i0116 is not present. Message: no such element: Unable to locate element: {"method":"css selector","selector":"[id="i0116"]"}
  (Session info: chrome=132.0.6834.111); For documentation on this error, please visit: https://www.selenium.dev/documentation/webdriver/troubleshooting/errors#no-such-element-exception
Stacktrace:
	GetHandleVerifier [0x00007FF7ADDFCC05+28741]
	(No symbol) [0x00007FF7ADD5FED0]
	(No symbol) [0x00007FF7ADBF4FBA]
	(No symbol) [0x00007FF7ADC49256]
	(No symbol) [0x00007FF7ADC4948C]
	(No symbol) [0x00007FF7ADC93267]
	(No symbol) [0x00007FF7ADC6FE6F]
	(No symbol) [0x00007FF7ADC8FFE1]
	(No symbol) [0x00007FF7ADC6FBD3]
	(No symbol) [0x00007FF7ADC39F43]
	(No symbol) [0x00007FF7ADC3B2D1]
	GetHandleVerifier [0x00007FF7AE12DE3D+3375741]
	GetHandleVerifier [0x00007FF7AE14096A+3452330]
	GetHandleVerifier [0x00007FF7AE13671D+3410781]
	GetHandleVerifier [0x00007FF7ADEC653B+854395]
	(No symbol) [0x00007FF7ADD6BE0F]
	(No symbol) [0x00007FF7ADD67714]
	(No symbol) [0x00007FF7ADD678AD]
	(No symbol) [0x00007FF7ADD56189]
	BaseThreadInitThunk [0x00007FF8FE247374+20]
	RtlUserThreadStart [0x00007FF8FEEDCC91+33]

2025-01-28 12:54:37,460 [ERROR] automation Element located by i0116 is not present. Message: no such element: Unable to locate element: {"method":"css selector","selector":"[id="i0116"]"}
  (Session info: chrome=132.0.6834.111); For documentation on this error, please visit: https://www.selenium.dev/documentation/webdriver/troubleshooting/errors#no-such-element-exception
Stacktrace:
	GetHandleVerifier [0x00007FF7ADDFCC05+28741]
	(No symbol) [0x00007FF7ADD5FED0]
	(No symbol) [0x00007FF7ADBF4FBA]
	(No symbol) [0x00007FF7ADC49256]
	(No symbol) [0x00007FF7ADC4948C]
	(No symbol) [0x00007FF7ADC93267]
	(No symbol) [0x00007FF7ADC6FE6F]
	(No symbol) [0x00007FF7ADC8FFE1]
	(No symbol) [0x00007FF7ADC6FBD3]
	(No symbol) [0x00007FF7ADC39F43]
	(No symbol) [0x00007FF7ADC3B2D1]
	GetHandleVerifier [0x00007FF7AE12DE3D+3375741]
	GetHandleVerifier [0x00007FF7AE14096A+3452330]
	GetHandleVerifier [0x00007FF7AE13671D+3410781]
	GetHandleVerifier [0x00007FF7ADEC653B+854395]
	(No symbol) [0x00007FF7ADD6BE0F]
	(No symbol) [0x00007FF7ADD67714]
	(No symbol) [0x00007FF7ADD678AD]
	(No symbol) [0x00007FF7ADD56189]
	BaseThreadInitThunk [0x00007FF8FE247374+20]
	RtlUserThreadStart [0x00007FF8FEEDCC91+33]

2025-01-28 12:54:38,642 [ERROR] automation Element located by i0116 is not present. Message: no such element: Unable to locate element: {"method":"css selector","selector":"[id="i0116"]"}
  (Session info: chrome=132.0.6834.111); For documentation on this error, please visit: https://www.selenium.dev/documentation/webdriver/troubleshooting/errors#no-such-element-exception
Stacktrace:
	GetHandleVerifier [0x00007FF7ADDFCC05+28741]
	(No symbol) [0x00007FF7ADD5FED0]
	(No symbol) [0x00007FF7ADBF4FBA]
	(No symbol) [0x00007FF7ADC49256]
	(No symbol) [0x00007FF7ADC4948C]
	(No symbol) [0x00007FF7ADC93267]
	(No symbol) [0x00007FF7ADC6FE6F]
	(No symbol) [0x00007FF7ADC8FFE1]
	(No symbol) [0x00007FF7ADC6FBD3]
	(No symbol) [0x00007FF7ADC39F43]
	(No symbol) [0x00007FF7ADC3B2D1]
	GetHandleVerifier [0x00007FF7AE12DE3D+3375741]
	GetHandleVerifier [0x00007FF7AE14096A+3452330]
	GetHandleVerifier [0x00007FF7AE13671D+3410781]
	GetHandleVerifier [0x00007FF7ADEC653B+854395]
	(No symbol) [0x00007FF7ADD6BE0F]
	(No symbol) [0x00007FF7ADD67714]
	(No symbol) [0x00007FF7ADD678AD]
	(No symbol) [0x00007FF7ADD56189]
	BaseThreadInitThunk [0x00007FF8FE247374+20]
	RtlUserThreadStart [0x00007FF8FEEDCC91+33]

2025-01-28 12:54:38,752 [INFO] automation Element located by i0116 is present.
2025-01-28 12:54:45,176 [INFO] automation Element located by //div[@class='logo'] is present.
