2024-04-04 13:02:01,963 [INFO] automation Test has started.
2024-04-04 13:02:01,963 [INFO] automation Navigating to the https://chorusqa.cogninelabs.com/
2024-04-04 13:02:08,536 [ERROR] automation Element located by i0116 is not present. Message: no such element: Unable to locate element: {"method":"css selector","selector":"[id="i0116"]"}
  (Session info: chrome=122.0.6261.131); For documentation on this error, please visit: https://www.selenium.dev/documentation/webdriver/troubleshooting/errors#no-such-element-exception
Stacktrace:
	GetHandleVerifier [0x00007FF76D67AD02+56930]
	(No symbol) [0x00007FF76D5EF602]
	(No symbol) [0x00007FF76D4A42E5]
	(No symbol) [0x00007FF76D4E98ED]
	(No symbol) [0x00007FF76D4E9A2C]
	(No symbol) [0x00007FF76D52A967]
	(No symbol) [0x00007FF76D50BCDF]
	(No symbol) [0x00007FF76D5281E2]
	(No symbol) [0x00007FF76D50BA43]
	(No symbol) [0x00007FF76D4DD438]
	(No symbol) [0x00007FF76D4DE4D1]
	GetHandleVerifier [0x00007FF76D9F6F8D+3711213]
	GetHandleVerifier [0x00007FF76DA504CD+4077101]
	GetHandleVerifier [0x00007FF76DA4865F+4044735]
	GetHandleVerifier [0x00007FF76D719736+706710]
	(No symbol) [0x00007FF76D5FB8DF]
	(No symbol) [0x00007FF76D5F6AC4]
	(No symbol) [0x00007FF76D5F6C1C]
	(No symbol) [0x00007FF76D5E68D4]
	BaseThreadInitThunk [0x00007FF9494C257D+29]
	RtlUserThreadStart [0x00007FF94AC4AA58+40]

2024-04-04 13:02:08,646 [ERROR] automation Element located by i0116 is not present. Message: no such element: Unable to locate element: {"method":"css selector","selector":"[id="i0116"]"}
  (Session info: chrome=122.0.6261.131); For documentation on this error, please visit: https://www.selenium.dev/documentation/webdriver/troubleshooting/errors#no-such-element-exception
Stacktrace:
	GetHandleVerifier [0x00007FF76D67AD02+56930]
	(No symbol) [0x00007FF76D5EF602]
	(No symbol) [0x00007FF76D4A42E5]
	(No symbol) [0x00007FF76D4E98ED]
	(No symbol) [0x00007FF76D4E9A2C]
	(No symbol) [0x00007FF76D52A967]
	(No symbol) [0x00007FF76D50BCDF]
	(No symbol) [0x00007FF76D5281E2]
	(No symbol) [0x00007FF76D50BA43]
	(No symbol) [0x00007FF76D4DD438]
	(No symbol) [0x00007FF76D4DE4D1]
	GetHandleVerifier [0x00007FF76D9F6F8D+3711213]
	GetHandleVerifier [0x00007FF76DA504CD+4077101]
	GetHandleVerifier [0x00007FF76DA4865F+4044735]
	GetHandleVerifier [0x00007FF76D719736+706710]
	(No symbol) [0x00007FF76D5FB8DF]
	(No symbol) [0x00007FF76D5F6AC4]
	(No symbol) [0x00007FF76D5F6C1C]
	(No symbol) [0x00007FF76D5E68D4]
	BaseThreadInitThunk [0x00007FF9494C257D+29]
	RtlUserThreadStart [0x00007FF94AC4AA58+40]

2024-04-04 13:02:08,704 [ERROR] automation Element located by i0116 is not present. Message: no such element: Unable to locate element: {"method":"css selector","selector":"[id="i0116"]"}
  (Session info: chrome=122.0.6261.131); For documentation on this error, please visit: https://www.selenium.dev/documentation/webdriver/troubleshooting/errors#no-such-element-exception
Stacktrace:
	GetHandleVerifier [0x00007FF76D67AD02+56930]
	(No symbol) [0x00007FF76D5EF602]
	(No symbol) [0x00007FF76D4A42E5]
	(No symbol) [0x00007FF76D4E98ED]
	(No symbol) [0x00007FF76D4E9A2C]
	(No symbol) [0x00007FF76D52A967]
	(No symbol) [0x00007FF76D50BCDF]
	(No symbol) [0x00007FF76D5281E2]
	(No symbol) [0x00007FF76D50BA43]
	(No symbol) [0x00007FF76D4DD438]
	(No symbol) [0x00007FF76D4DE4D1]
	GetHandleVerifier [0x00007FF76D9F6F8D+3711213]
	GetHandleVerifier [0x00007FF76DA504CD+4077101]
	GetHandleVerifier [0x00007FF76DA4865F+4044735]
	GetHandleVerifier [0x00007FF76D719736+706710]
	(No symbol) [0x00007FF76D5FB8DF]
	(No symbol) [0x00007FF76D5F6AC4]
	(No symbol) [0x00007FF76D5F6C1C]
	(No symbol) [0x00007FF76D5E68D4]
	BaseThreadInitThunk [0x00007FF9494C257D+29]
	RtlUserThreadStart [0x00007FF94AC4AA58+40]

2024-04-04 13:02:08,762 [ERROR] automation Element located by i0116 is not present. Message: no such element: Unable to locate element: {"method":"css selector","selector":"[id="i0116"]"}
  (Session info: chrome=122.0.6261.131); For documentation on this error, please visit: https://www.selenium.dev/documentation/webdriver/troubleshooting/errors#no-such-element-exception
Stacktrace:
	GetHandleVerifier [0x00007FF76D67AD02+56930]
	(No symbol) [0x00007FF76D5EF602]
	(No symbol) [0x00007FF76D4A42E5]
	(No symbol) [0x00007FF76D4E98ED]
	(No symbol) [0x00007FF76D4E9A2C]
	(No symbol) [0x00007FF76D52A967]
	(No symbol) [0x00007FF76D50BCDF]
	(No symbol) [0x00007FF76D5281E2]
	(No symbol) [0x00007FF76D50BA43]
	(No symbol) [0x00007FF76D4DD438]
	(No symbol) [0x00007FF76D4DE4D1]
	GetHandleVerifier [0x00007FF76D9F6F8D+3711213]
	GetHandleVerifier [0x00007FF76DA504CD+4077101]
	GetHandleVerifier [0x00007FF76DA4865F+4044735]
	GetHandleVerifier [0x00007FF76D719736+706710]
	(No symbol) [0x00007FF76D5FB8DF]
	(No symbol) [0x00007FF76D5F6AC4]
	(No symbol) [0x00007FF76D5F6C1C]
	(No symbol) [0x00007FF76D5E68D4]
	BaseThreadInitThunk [0x00007FF9494C257D+29]
	RtlUserThreadStart [0x00007FF94AC4AA58+40]

2024-04-04 13:02:08,823 [ERROR] automation Element located by i0116 is not present. Message: no such element: Unable to locate element: {"method":"css selector","selector":"[id="i0116"]"}
  (Session info: chrome=122.0.6261.131); For documentation on this error, please visit: https://www.selenium.dev/documentation/webdriver/troubleshooting/errors#no-such-element-exception
Stacktrace:
	GetHandleVerifier [0x00007FF76D67AD02+56930]
	(No symbol) [0x00007FF76D5EF602]
	(No symbol) [0x00007FF76D4A42E5]
	(No symbol) [0x00007FF76D4E98ED]
	(No symbol) [0x00007FF76D4E9A2C]
	(No symbol) [0x00007FF76D52A967]
	(No symbol) [0x00007FF76D50BCDF]
	(No symbol) [0x00007FF76D5281E2]
	(No symbol) [0x00007FF76D50BA43]
	(No symbol) [0x00007FF76D4DD438]
	(No symbol) [0x00007FF76D4DE4D1]
	GetHandleVerifier [0x00007FF76D9F6F8D+3711213]
	GetHandleVerifier [0x00007FF76DA504CD+4077101]
	GetHandleVerifier [0x00007FF76DA4865F+4044735]
	GetHandleVerifier [0x00007FF76D719736+706710]
	(No symbol) [0x00007FF76D5FB8DF]
	(No symbol) [0x00007FF76D5F6AC4]
	(No symbol) [0x00007FF76D5F6C1C]
	(No symbol) [0x00007FF76D5E68D4]
	BaseThreadInitThunk [0x00007FF9494C257D+29]
	RtlUserThreadStart [0x00007FF94AC4AA58+40]

2024-04-04 13:02:09,748 [ERROR] automation Element located by i0116 is not present. Message: no such element: Unable to locate element: {"method":"css selector","selector":"[id="i0116"]"}
  (Session info: chrome=122.0.6261.131); For documentation on this error, please visit: https://www.selenium.dev/documentation/webdriver/troubleshooting/errors#no-such-element-exception
Stacktrace:
	GetHandleVerifier [0x00007FF76D67AD02+56930]
	(No symbol) [0x00007FF76D5EF602]
	(No symbol) [0x00007FF76D4A42E5]
	(No symbol) [0x00007FF76D4E98ED]
	(No symbol) [0x00007FF76D4E9A2C]
	(No symbol) [0x00007FF76D52A967]
	(No symbol) [0x00007FF76D50BCDF]
	(No symbol) [0x00007FF76D5281E2]
	(No symbol) [0x00007FF76D50BA43]
	(No symbol) [0x00007FF76D4DD438]
	(No symbol) [0x00007FF76D4DE4D1]
	GetHandleVerifier [0x00007FF76D9F6F8D+3711213]
	GetHandleVerifier [0x00007FF76DA504CD+4077101]
	GetHandleVerifier [0x00007FF76DA4865F+4044735]
	GetHandleVerifier [0x00007FF76D719736+706710]
	(No symbol) [0x00007FF76D5FB8DF]
	(No symbol) [0x00007FF76D5F6AC4]
	(No symbol) [0x00007FF76D5F6C1C]
	(No symbol) [0x00007FF76D5E68D4]
	BaseThreadInitThunk [0x00007FF9494C257D+29]
	RtlUserThreadStart [0x00007FF94AC4AA58+40]

2024-04-04 13:02:09,811 [ERROR] automation Element located by i0116 is not present. Message: no such element: Unable to locate element: {"method":"css selector","selector":"[id="i0116"]"}
  (Session info: chrome=122.0.6261.131); For documentation on this error, please visit: https://www.selenium.dev/documentation/webdriver/troubleshooting/errors#no-such-element-exception
Stacktrace:
	GetHandleVerifier [0x00007FF76D67AD02+56930]
	(No symbol) [0x00007FF76D5EF602]
	(No symbol) [0x00007FF76D4A42E5]
	(No symbol) [0x00007FF76D4E98ED]
	(No symbol) [0x00007FF76D4E9A2C]
	(No symbol) [0x00007FF76D52A967]
	(No symbol) [0x00007FF76D50BCDF]
	(No symbol) [0x00007FF76D5281E2]
	(No symbol) [0x00007FF76D50BA43]
	(No symbol) [0x00007FF76D4DD438]
	(No symbol) [0x00007FF76D4DE4D1]
	GetHandleVerifier [0x00007FF76D9F6F8D+3711213]
	GetHandleVerifier [0x00007FF76DA504CD+4077101]
	GetHandleVerifier [0x00007FF76DA4865F+4044735]
	GetHandleVerifier [0x00007FF76D719736+706710]
	(No symbol) [0x00007FF76D5FB8DF]
	(No symbol) [0x00007FF76D5F6AC4]
	(No symbol) [0x00007FF76D5F6C1C]
	(No symbol) [0x00007FF76D5E68D4]
	BaseThreadInitThunk [0x00007FF9494C257D+29]
	RtlUserThreadStart [0x00007FF94AC4AA58+40]

2024-04-04 13:02:09,880 [ERROR] automation Element located by i0116 is not present. Message: no such element: Unable to locate element: {"method":"css selector","selector":"[id="i0116"]"}
  (Session info: chrome=122.0.6261.131); For documentation on this error, please visit: https://www.selenium.dev/documentation/webdriver/troubleshooting/errors#no-such-element-exception
Stacktrace:
	GetHandleVerifier [0x00007FF76D67AD02+56930]
	(No symbol) [0x00007FF76D5EF602]
	(No symbol) [0x00007FF76D4A42E5]
	(No symbol) [0x00007FF76D4E98ED]
	(No symbol) [0x00007FF76D4E9A2C]
	(No symbol) [0x00007FF76D52A967]
	(No symbol) [0x00007FF76D50BCDF]
	(No symbol) [0x00007FF76D5281E2]
	(No symbol) [0x00007FF76D50BA43]
	(No symbol) [0x00007FF76D4DD438]
	(No symbol) [0x00007FF76D4DE4D1]
	GetHandleVerifier [0x00007FF76D9F6F8D+3711213]
	GetHandleVerifier [0x00007FF76DA504CD+4077101]
	GetHandleVerifier [0x00007FF76DA4865F+4044735]
	GetHandleVerifier [0x00007FF76D719736+706710]
	(No symbol) [0x00007FF76D5FB8DF]
	(No symbol) [0x00007FF76D5F6AC4]
	(No symbol) [0x00007FF76D5F6C1C]
	(No symbol) [0x00007FF76D5E68D4]
	BaseThreadInitThunk [0x00007FF9494C257D+29]
	RtlUserThreadStart [0x00007FF94AC4AA58+40]

2024-04-04 13:02:09,948 [ERROR] automation Element located by i0116 is not present. Message: no such element: Unable to locate element: {"method":"css selector","selector":"[id="i0116"]"}
  (Session info: chrome=122.0.6261.131); For documentation on this error, please visit: https://www.selenium.dev/documentation/webdriver/troubleshooting/errors#no-such-element-exception
Stacktrace:
	GetHandleVerifier [0x00007FF76D67AD02+56930]
	(No symbol) [0x00007FF76D5EF602]
	(No symbol) [0x00007FF76D4A42E5]
	(No symbol) [0x00007FF76D4E98ED]
	(No symbol) [0x00007FF76D4E9A2C]
	(No symbol) [0x00007FF76D52A967]
	(No symbol) [0x00007FF76D50BCDF]
	(No symbol) [0x00007FF76D5281E2]
	(No symbol) [0x00007FF76D50BA43]
	(No symbol) [0x00007FF76D4DD438]
	(No symbol) [0x00007FF76D4DE4D1]
	GetHandleVerifier [0x00007FF76D9F6F8D+3711213]
	GetHandleVerifier [0x00007FF76DA504CD+4077101]
	GetHandleVerifier [0x00007FF76DA4865F+4044735]
	GetHandleVerifier [0x00007FF76D719736+706710]
	(No symbol) [0x00007FF76D5FB8DF]
	(No symbol) [0x00007FF76D5F6AC4]
	(No symbol) [0x00007FF76D5F6C1C]
	(No symbol) [0x00007FF76D5E68D4]
	BaseThreadInitThunk [0x00007FF9494C257D+29]
	RtlUserThreadStart [0x00007FF94AC4AA58+40]

2024-04-04 13:02:10,122 [INFO] automation Element located by i0116 is present.
2024-04-04 13:02:17,247 [INFO] automation Element located by //div[@class='logo'] is present.
2024-04-04 13:02:21,784 [INFO] automation Element located by //div[@class='tableFixHead']/table/tbody/tr[contains(@class,'even_col')][1] is present.
2024-04-04 13:02:24,283 [INFO] automation Element located by //input[@formcontrolname='email'] is present.
2024-04-04 13:02:24,286 [INFO] automation Element located by //input[@formcontrolname='email'] is present.
2024-04-04 13:02:24,802 [ERROR] automation Element located by //span[contains(text(),'Email Address already exists')] is not present. Message: no such element: Unable to locate element: {"method":"xpath","selector":"//span[contains(text(),'Email Address already exists')]"}
  (Session info: chrome=122.0.6261.131); For documentation on this error, please visit: https://www.selenium.dev/documentation/webdriver/troubleshooting/errors#no-such-element-exception
Stacktrace:
	GetHandleVerifier [0x00007FF76D67AD02+56930]
	(No symbol) [0x00007FF76D5EF602]
	(No symbol) [0x00007FF76D4A42E5]
	(No symbol) [0x00007FF76D4E98ED]
	(No symbol) [0x00007FF76D4E9A2C]
	(No symbol) [0x00007FF76D52A967]
	(No symbol) [0x00007FF76D50BCDF]
	(No symbol) [0x00007FF76D5281E2]
	(No symbol) [0x00007FF76D50BA43]
	(No symbol) [0x00007FF76D4DD438]
	(No symbol) [0x00007FF76D4DE4D1]
	GetHandleVerifier [0x00007FF76D9F6F8D+3711213]
	GetHandleVerifier [0x00007FF76DA504CD+4077101]
	GetHandleVerifier [0x00007FF76DA4865F+4044735]
	GetHandleVerifier [0x00007FF76D719736+706710]
	(No symbol) [0x00007FF76D5FB8DF]
	(No symbol) [0x00007FF76D5F6AC4]
	(No symbol) [0x00007FF76D5F6C1C]
	(No symbol) [0x00007FF76D5E68D4]
	BaseThreadInitThunk [0x00007FF9494C257D+29]
	RtlUserThreadStart [0x00007FF94AC4AA58+40]

2024-04-04 13:02:24,816 [ERROR] automation Element located by //div[@role='alert' and contains(text(),'success') or contains(text(),'Success')] is not present. Message: no such element: Unable to locate element: {"method":"xpath","selector":"//div[@role='alert' and contains(text(),'success') or contains(text(),'Success')]"}
  (Session info: chrome=122.0.6261.131); For documentation on this error, please visit: https://www.selenium.dev/documentation/webdriver/troubleshooting/errors#no-such-element-exception
Stacktrace:
	GetHandleVerifier [0x00007FF76D67AD02+56930]
	(No symbol) [0x00007FF76D5EF602]
	(No symbol) [0x00007FF76D4A42E5]
	(No symbol) [0x00007FF76D4E98ED]
	(No symbol) [0x00007FF76D4E9A2C]
	(No symbol) [0x00007FF76D52A967]
	(No symbol) [0x00007FF76D50BCDF]
	(No symbol) [0x00007FF76D5281E2]
	(No symbol) [0x00007FF76D50BA43]
	(No symbol) [0x00007FF76D4DD438]
	(No symbol) [0x00007FF76D4DE4D1]
	GetHandleVerifier [0x00007FF76D9F6F8D+3711213]
	GetHandleVerifier [0x00007FF76DA504CD+4077101]
	GetHandleVerifier [0x00007FF76DA4865F+4044735]
	GetHandleVerifier [0x00007FF76D719736+706710]
	(No symbol) [0x00007FF76D5FB8DF]
	(No symbol) [0x00007FF76D5F6AC4]
	(No symbol) [0x00007FF76D5F6C1C]
	(No symbol) [0x00007FF76D5E68D4]
	BaseThreadInitThunk [0x00007FF9494C257D+29]
	RtlUserThreadStart [0x00007FF94AC4AA58+40]

2024-04-04 13:02:24,818 [INFO] automation Test passed.
2024-04-04 13:02:24,834 [INFO] automation Test has started.
2024-04-04 13:02:24,834 [INFO] automation Navigating to the https://chorusqa.cogninelabs.com/
2024-04-04 13:02:31,732 [ERROR] automation Element located by i0116 is not present. Message: no such element: Unable to locate element: {"method":"css selector","selector":"[id="i0116"]"}
  (Session info: chrome=122.0.6261.131); For documentation on this error, please visit: https://www.selenium.dev/documentation/webdriver/troubleshooting/errors#no-such-element-exception
Stacktrace:
	GetHandleVerifier [0x00007FF76D67AD02+56930]
	(No symbol) [0x00007FF76D5EF602]
	(No symbol) [0x00007FF76D4A42E5]
	(No symbol) [0x00007FF76D4E98ED]
	(No symbol) [0x00007FF76D4E9A2C]
	(No symbol) [0x00007FF76D52A967]
	(No symbol) [0x00007FF76D50BCDF]
	(No symbol) [0x00007FF76D5281E2]
	(No symbol) [0x00007FF76D50BA43]
	(No symbol) [0x00007FF76D4DD438]
	(No symbol) [0x00007FF76D4DE4D1]
	GetHandleVerifier [0x00007FF76D9F6F8D+3711213]
	GetHandleVerifier [0x00007FF76DA504CD+4077101]
	GetHandleVerifier [0x00007FF76DA4865F+4044735]
	GetHandleVerifier [0x00007FF76D719736+706710]
	(No symbol) [0x00007FF76D5FB8DF]
	(No symbol) [0x00007FF76D5F6AC4]
	(No symbol) [0x00007FF76D5F6C1C]
	(No symbol) [0x00007FF76D5E68D4]
	BaseThreadInitThunk [0x00007FF9494C257D+29]
	RtlUserThreadStart [0x00007FF94AC4AA58+40]

2024-04-04 13:02:31,794 [ERROR] automation Element located by i0116 is not present. Message: no such element: Unable to locate element: {"method":"css selector","selector":"[id="i0116"]"}
  (Session info: chrome=122.0.6261.131); For documentation on this error, please visit: https://www.selenium.dev/documentation/webdriver/troubleshooting/errors#no-such-element-exception
Stacktrace:
	GetHandleVerifier [0x00007FF76D67AD02+56930]
	(No symbol) [0x00007FF76D5EF602]
	(No symbol) [0x00007FF76D4A42E5]
	(No symbol) [0x00007FF76D4E98ED]
	(No symbol) [0x00007FF76D4E9A2C]
	(No symbol) [0x00007FF76D52A967]
	(No symbol) [0x00007FF76D50BCDF]
	(No symbol) [0x00007FF76D5281E2]
	(No symbol) [0x00007FF76D50BA43]
	(No symbol) [0x00007FF76D4DD438]
	(No symbol) [0x00007FF76D4DE4D1]
	GetHandleVerifier [0x00007FF76D9F6F8D+3711213]
	GetHandleVerifier [0x00007FF76DA504CD+4077101]
	GetHandleVerifier [0x00007FF76DA4865F+4044735]
	GetHandleVerifier [0x00007FF76D719736+706710]
	(No symbol) [0x00007FF76D5FB8DF]
	(No symbol) [0x00007FF76D5F6AC4]
	(No symbol) [0x00007FF76D5F6C1C]
	(No symbol) [0x00007FF76D5E68D4]
	BaseThreadInitThunk [0x00007FF9494C257D+29]
	RtlUserThreadStart [0x00007FF94AC4AA58+40]

2024-04-04 13:02:31,860 [ERROR] automation Element located by i0116 is not present. Message: no such element: Unable to locate element: {"method":"css selector","selector":"[id="i0116"]"}
  (Session info: chrome=122.0.6261.131); For documentation on this error, please visit: https://www.selenium.dev/documentation/webdriver/troubleshooting/errors#no-such-element-exception
Stacktrace:
	GetHandleVerifier [0x00007FF76D67AD02+56930]
	(No symbol) [0x00007FF76D5EF602]
	(No symbol) [0x00007FF76D4A42E5]
	(No symbol) [0x00007FF76D4E98ED]
	(No symbol) [0x00007FF76D4E9A2C]
	(No symbol) [0x00007FF76D52A967]
	(No symbol) [0x00007FF76D50BCDF]
	(No symbol) [0x00007FF76D5281E2]
	(No symbol) [0x00007FF76D50BA43]
	(No symbol) [0x00007FF76D4DD438]
	(No symbol) [0x00007FF76D4DE4D1]
	GetHandleVerifier [0x00007FF76D9F6F8D+3711213]
	GetHandleVerifier [0x00007FF76DA504CD+4077101]
	GetHandleVerifier [0x00007FF76DA4865F+4044735]
	GetHandleVerifier [0x00007FF76D719736+706710]
	(No symbol) [0x00007FF76D5FB8DF]
	(No symbol) [0x00007FF76D5F6AC4]
	(No symbol) [0x00007FF76D5F6C1C]
	(No symbol) [0x00007FF76D5E68D4]
	BaseThreadInitThunk [0x00007FF9494C257D+29]
	RtlUserThreadStart [0x00007FF94AC4AA58+40]

2024-04-04 13:02:31,920 [ERROR] automation Element located by i0116 is not present. Message: no such element: Unable to locate element: {"method":"css selector","selector":"[id="i0116"]"}
  (Session info: chrome=122.0.6261.131); For documentation on this error, please visit: https://www.selenium.dev/documentation/webdriver/troubleshooting/errors#no-such-element-exception
Stacktrace:
	GetHandleVerifier [0x00007FF76D67AD02+56930]
	(No symbol) [0x00007FF76D5EF602]
	(No symbol) [0x00007FF76D4A42E5]
	(No symbol) [0x00007FF76D4E98ED]
	(No symbol) [0x00007FF76D4E9A2C]
	(No symbol) [0x00007FF76D52A967]
	(No symbol) [0x00007FF76D50BCDF]
	(No symbol) [0x00007FF76D5281E2]
	(No symbol) [0x00007FF76D50BA43]
	(No symbol) [0x00007FF76D4DD438]
	(No symbol) [0x00007FF76D4DE4D1]
	GetHandleVerifier [0x00007FF76D9F6F8D+3711213]
	GetHandleVerifier [0x00007FF76DA504CD+4077101]
	GetHandleVerifier [0x00007FF76DA4865F+4044735]
	GetHandleVerifier [0x00007FF76D719736+706710]
	(No symbol) [0x00007FF76D5FB8DF]
	(No symbol) [0x00007FF76D5F6AC4]
	(No symbol) [0x00007FF76D5F6C1C]
	(No symbol) [0x00007FF76D5E68D4]
	BaseThreadInitThunk [0x00007FF9494C257D+29]
	RtlUserThreadStart [0x00007FF94AC4AA58+40]

2024-04-04 13:02:31,980 [ERROR] automation Element located by i0116 is not present. Message: no such element: Unable to locate element: {"method":"css selector","selector":"[id="i0116"]"}
  (Session info: chrome=122.0.6261.131); For documentation on this error, please visit: https://www.selenium.dev/documentation/webdriver/troubleshooting/errors#no-such-element-exception
Stacktrace:
	GetHandleVerifier [0x00007FF76D67AD02+56930]
	(No symbol) [0x00007FF76D5EF602]
	(No symbol) [0x00007FF76D4A42E5]
	(No symbol) [0x00007FF76D4E98ED]
	(No symbol) [0x00007FF76D4E9A2C]
	(No symbol) [0x00007FF76D52A967]
	(No symbol) [0x00007FF76D50BCDF]
	(No symbol) [0x00007FF76D5281E2]
	(No symbol) [0x00007FF76D50BA43]
	(No symbol) [0x00007FF76D4DD438]
	(No symbol) [0x00007FF76D4DE4D1]
	GetHandleVerifier [0x00007FF76D9F6F8D+3711213]
	GetHandleVerifier [0x00007FF76DA504CD+4077101]
	GetHandleVerifier [0x00007FF76DA4865F+4044735]
	GetHandleVerifier [0x00007FF76D719736+706710]
	(No symbol) [0x00007FF76D5FB8DF]
	(No symbol) [0x00007FF76D5F6AC4]
	(No symbol) [0x00007FF76D5F6C1C]
	(No symbol) [0x00007FF76D5E68D4]
	BaseThreadInitThunk [0x00007FF9494C257D+29]
	RtlUserThreadStart [0x00007FF94AC4AA58+40]

2024-04-04 13:02:32,850 [ERROR] automation Element located by i0116 is not present. Message: no such element: Unable to locate element: {"method":"css selector","selector":"[id="i0116"]"}
  (Session info: chrome=122.0.6261.131); For documentation on this error, please visit: https://www.selenium.dev/documentation/webdriver/troubleshooting/errors#no-such-element-exception
Stacktrace:
	GetHandleVerifier [0x00007FF76D67AD02+56930]
	(No symbol) [0x00007FF76D5EF602]
	(No symbol) [0x00007FF76D4A42E5]
	(No symbol) [0x00007FF76D4E98ED]
	(No symbol) [0x00007FF76D4E9A2C]
	(No symbol) [0x00007FF76D52A967]
	(No symbol) [0x00007FF76D50BCDF]
	(No symbol) [0x00007FF76D5281E2]
	(No symbol) [0x00007FF76D50BA43]
	(No symbol) [0x00007FF76D4DD438]
	(No symbol) [0x00007FF76D4DE4D1]
	GetHandleVerifier [0x00007FF76D9F6F8D+3711213]
	GetHandleVerifier [0x00007FF76DA504CD+4077101]
	GetHandleVerifier [0x00007FF76DA4865F+4044735]
	GetHandleVerifier [0x00007FF76D719736+706710]
	(No symbol) [0x00007FF76D5FB8DF]
	(No symbol) [0x00007FF76D5F6AC4]
	(No symbol) [0x00007FF76D5F6C1C]
	(No symbol) [0x00007FF76D5E68D4]
	BaseThreadInitThunk [0x00007FF9494C257D+29]
	RtlUserThreadStart [0x00007FF94AC4AA58+40]

2024-04-04 13:02:33,082 [ERROR] automation Element located by i0116 is not present. Message: no such element: Unable to locate element: {"method":"css selector","selector":"[id="i0116"]"}
  (Session info: chrome=122.0.6261.131); For documentation on this error, please visit: https://www.selenium.dev/documentation/webdriver/troubleshooting/errors#no-such-element-exception
Stacktrace:
	GetHandleVerifier [0x00007FF76D67AD02+56930]
	(No symbol) [0x00007FF76D5EF602]
	(No symbol) [0x00007FF76D4A42E5]
	(No symbol) [0x00007FF76D4E98ED]
	(No symbol) [0x00007FF76D4E9A2C]
	(No symbol) [0x00007FF76D52A967]
	(No symbol) [0x00007FF76D50BCDF]
	(No symbol) [0x00007FF76D5281E2]
	(No symbol) [0x00007FF76D50BA43]
	(No symbol) [0x00007FF76D4DD438]
	(No symbol) [0x00007FF76D4DE4D1]
	GetHandleVerifier [0x00007FF76D9F6F8D+3711213]
	GetHandleVerifier [0x00007FF76DA504CD+4077101]
	GetHandleVerifier [0x00007FF76DA4865F+4044735]
	GetHandleVerifier [0x00007FF76D719736+706710]
	(No symbol) [0x00007FF76D5FB8DF]
	(No symbol) [0x00007FF76D5F6AC4]
	(No symbol) [0x00007FF76D5F6C1C]
	(No symbol) [0x00007FF76D5E68D4]
	BaseThreadInitThunk [0x00007FF9494C257D+29]
	RtlUserThreadStart [0x00007FF94AC4AA58+40]

2024-04-04 13:02:33,159 [ERROR] automation Element located by i0116 is not present. Message: no such element: Unable to locate element: {"method":"css selector","selector":"[id="i0116"]"}
  (Session info: chrome=122.0.6261.131); For documentation on this error, please visit: https://www.selenium.dev/documentation/webdriver/troubleshooting/errors#no-such-element-exception
Stacktrace:
	GetHandleVerifier [0x00007FF76D67AD02+56930]
	(No symbol) [0x00007FF76D5EF602]
	(No symbol) [0x00007FF76D4A42E5]
	(No symbol) [0x00007FF76D4E98ED]
	(No symbol) [0x00007FF76D4E9A2C]
	(No symbol) [0x00007FF76D52A967]
	(No symbol) [0x00007FF76D50BCDF]
	(No symbol) [0x00007FF76D5281E2]
	(No symbol) [0x00007FF76D50BA43]
	(No symbol) [0x00007FF76D4DD438]
	(No symbol) [0x00007FF76D4DE4D1]
	GetHandleVerifier [0x00007FF76D9F6F8D+3711213]
	GetHandleVerifier [0x00007FF76DA504CD+4077101]
	GetHandleVerifier [0x00007FF76DA4865F+4044735]
	GetHandleVerifier [0x00007FF76D719736+706710]
	(No symbol) [0x00007FF76D5FB8DF]
	(No symbol) [0x00007FF76D5F6AC4]
	(No symbol) [0x00007FF76D5F6C1C]
	(No symbol) [0x00007FF76D5E68D4]
	BaseThreadInitThunk [0x00007FF9494C257D+29]
	RtlUserThreadStart [0x00007FF94AC4AA58+40]

2024-04-04 13:02:33,356 [INFO] automation Element located by i0116 is present.
2024-04-04 13:02:40,624 [INFO] automation Element located by //div[@class='logo'] is present.
2024-04-04 13:02:47,316 [INFO] automation Element located by //div[@class='tableFixHead']/table/tbody/tr[contains(@class,'even_col')][1] is present.
2024-04-04 13:02:49,922 [INFO] automation Element located by //input[@formcontrolname='title'] is present.
2024-04-04 13:02:49,929 [INFO] automation Element located by //input[@formcontrolname='title'] is present.
2024-04-04 13:02:53,827 [INFO] automation CPU Percent: 3.7	Virtual Memory: svmem(total=12635017216, available=1055653888, percent=91.6, used=11579363328, free=1055653888)
2024-04-04 13:02:53,934 [INFO] automation screenshot logged as: C:\Users\Thanusha Kotaprolu\Automation Projects\cognine-crm-automation\RunExecutionScripts\common\logs\screenshots\test_crm_bulk_email_page_smoke_test__fail041302536fe3.png
2024-04-04 13:02:53,934 [ERROR] automation Test failed.
