2024-04-03 15:45:23,676 [INFO] automation Test has started.
2024-04-03 15:45:23,676 [INFO] automation Navigating to the https://chorusqa.cogninelabs.com/
2024-04-03 15:45:28,291 [ERROR] automation Element located by i0116 is not present. Message: no such element: Unable to locate element: {"method":"css selector","selector":"[id="i0116"]"}
  (Session info: chrome=122.0.6261.131); For documentation on this error, please visit: https://www.selenium.dev/documentation/webdriver/troubleshooting/errors#no-such-element-exception
Stacktrace:
	GetHandleVerifier [0x00007FF6321CAD02+56930]
	(No symbol) [0x00007FF63213F602]
	(No symbol) [0x00007FF631FF42E5]
	(No symbol) [0x00007FF6320398ED]
	(No symbol) [0x00007FF632039A2C]
	(No symbol) [0x00007FF63207A967]
	(No symbol) [0x00007FF63205BCDF]
	(No symbol) [0x00007FF6320781E2]
	(No symbol) [0x00007FF63205BA43]
	(No symbol) [0x00007FF63202D438]
	(No symbol) [0x00007FF63202E4D1]
	GetHandleVerifier [0x00007FF632546F8D+3711213]
	GetHandleVerifier [0x00007FF6325A04CD+4077101]
	GetHandleVerifier [0x00007FF63259865F+4044735]
	GetHandleVerifier [0x00007FF632269736+706710]
	(No symbol) [0x00007FF63214B8DF]
	(No symbol) [0x00007FF632146AC4]
	(No symbol) [0x00007FF632146C1C]
	(No symbol) [0x00007FF6321368D4]
	BaseThreadInitThunk [0x00007FF9494C257D+29]
	RtlUserThreadStart [0x00007FF94AC4AA58+40]

2024-04-03 15:45:28,360 [ERROR] automation Element located by i0116 is not present. Message: no such element: Unable to locate element: {"method":"css selector","selector":"[id="i0116"]"}
  (Session info: chrome=122.0.6261.131); For documentation on this error, please visit: https://www.selenium.dev/documentation/webdriver/troubleshooting/errors#no-such-element-exception
Stacktrace:
	GetHandleVerifier [0x00007FF6321CAD02+56930]
	(No symbol) [0x00007FF63213F602]
	(No symbol) [0x00007FF631FF42E5]
	(No symbol) [0x00007FF6320398ED]
	(No symbol) [0x00007FF632039A2C]
	(No symbol) [0x00007FF63207A967]
	(No symbol) [0x00007FF63205BCDF]
	(No symbol) [0x00007FF6320781E2]
	(No symbol) [0x00007FF63205BA43]
	(No symbol) [0x00007FF63202D438]
	(No symbol) [0x00007FF63202E4D1]
	GetHandleVerifier [0x00007FF632546F8D+3711213]
	GetHandleVerifier [0x00007FF6325A04CD+4077101]
	GetHandleVerifier [0x00007FF63259865F+4044735]
	GetHandleVerifier [0x00007FF632269736+706710]
	(No symbol) [0x00007FF63214B8DF]
	(No symbol) [0x00007FF632146AC4]
	(No symbol) [0x00007FF632146C1C]
	(No symbol) [0x00007FF6321368D4]
	BaseThreadInitThunk [0x00007FF9494C257D+29]
	RtlUserThreadStart [0x00007FF94AC4AA58+40]

2024-04-03 15:45:28,425 [ERROR] automation Element located by i0116 is not present. Message: no such element: Unable to locate element: {"method":"css selector","selector":"[id="i0116"]"}
  (Session info: chrome=122.0.6261.131); For documentation on this error, please visit: https://www.selenium.dev/documentation/webdriver/troubleshooting/errors#no-such-element-exception
Stacktrace:
	GetHandleVerifier [0x00007FF6321CAD02+56930]
	(No symbol) [0x00007FF63213F602]
	(No symbol) [0x00007FF631FF42E5]
	(No symbol) [0x00007FF6320398ED]
	(No symbol) [0x00007FF632039A2C]
	(No symbol) [0x00007FF63207A967]
	(No symbol) [0x00007FF63205BCDF]
	(No symbol) [0x00007FF6320781E2]
	(No symbol) [0x00007FF63205BA43]
	(No symbol) [0x00007FF63202D438]
	(No symbol) [0x00007FF63202E4D1]
	GetHandleVerifier [0x00007FF632546F8D+3711213]
	GetHandleVerifier [0x00007FF6325A04CD+4077101]
	GetHandleVerifier [0x00007FF63259865F+4044735]
	GetHandleVerifier [0x00007FF632269736+706710]
	(No symbol) [0x00007FF63214B8DF]
	(No symbol) [0x00007FF632146AC4]
	(No symbol) [0x00007FF632146C1C]
	(No symbol) [0x00007FF6321368D4]
	BaseThreadInitThunk [0x00007FF9494C257D+29]
	RtlUserThreadStart [0x00007FF94AC4AA58+40]

2024-04-03 15:45:28,486 [ERROR] automation Element located by i0116 is not present. Message: no such element: Unable to locate element: {"method":"css selector","selector":"[id="i0116"]"}
  (Session info: chrome=122.0.6261.131); For documentation on this error, please visit: https://www.selenium.dev/documentation/webdriver/troubleshooting/errors#no-such-element-exception
Stacktrace:
	GetHandleVerifier [0x00007FF6321CAD02+56930]
	(No symbol) [0x00007FF63213F602]
	(No symbol) [0x00007FF631FF42E5]
	(No symbol) [0x00007FF6320398ED]
	(No symbol) [0x00007FF632039A2C]
	(No symbol) [0x00007FF63207A967]
	(No symbol) [0x00007FF63205BCDF]
	(No symbol) [0x00007FF6320781E2]
	(No symbol) [0x00007FF63205BA43]
	(No symbol) [0x00007FF63202D438]
	(No symbol) [0x00007FF63202E4D1]
	GetHandleVerifier [0x00007FF632546F8D+3711213]
	GetHandleVerifier [0x00007FF6325A04CD+4077101]
	GetHandleVerifier [0x00007FF63259865F+4044735]
	GetHandleVerifier [0x00007FF632269736+706710]
	(No symbol) [0x00007FF63214B8DF]
	(No symbol) [0x00007FF632146AC4]
	(No symbol) [0x00007FF632146C1C]
	(No symbol) [0x00007FF6321368D4]
	BaseThreadInitThunk [0x00007FF9494C257D+29]
	RtlUserThreadStart [0x00007FF94AC4AA58+40]

2024-04-03 15:45:28,547 [ERROR] automation Element located by i0116 is not present. Message: no such element: Unable to locate element: {"method":"css selector","selector":"[id="i0116"]"}
  (Session info: chrome=122.0.6261.131); For documentation on this error, please visit: https://www.selenium.dev/documentation/webdriver/troubleshooting/errors#no-such-element-exception
Stacktrace:
	GetHandleVerifier [0x00007FF6321CAD02+56930]
	(No symbol) [0x00007FF63213F602]
	(No symbol) [0x00007FF631FF42E5]
	(No symbol) [0x00007FF6320398ED]
	(No symbol) [0x00007FF632039A2C]
	(No symbol) [0x00007FF63207A967]
	(No symbol) [0x00007FF63205BCDF]
	(No symbol) [0x00007FF6320781E2]
	(No symbol) [0x00007FF63205BA43]
	(No symbol) [0x00007FF63202D438]
	(No symbol) [0x00007FF63202E4D1]
	GetHandleVerifier [0x00007FF632546F8D+3711213]
	GetHandleVerifier [0x00007FF6325A04CD+4077101]
	GetHandleVerifier [0x00007FF63259865F+4044735]
	GetHandleVerifier [0x00007FF632269736+706710]
	(No symbol) [0x00007FF63214B8DF]
	(No symbol) [0x00007FF632146AC4]
	(No symbol) [0x00007FF632146C1C]
	(No symbol) [0x00007FF6321368D4]
	BaseThreadInitThunk [0x00007FF9494C257D+29]
	RtlUserThreadStart [0x00007FF94AC4AA58+40]

2024-04-03 15:45:28,609 [ERROR] automation Element located by i0116 is not present. Message: no such element: Unable to locate element: {"method":"css selector","selector":"[id="i0116"]"}
  (Session info: chrome=122.0.6261.131); For documentation on this error, please visit: https://www.selenium.dev/documentation/webdriver/troubleshooting/errors#no-such-element-exception
Stacktrace:
	GetHandleVerifier [0x00007FF6321CAD02+56930]
	(No symbol) [0x00007FF63213F602]
	(No symbol) [0x00007FF631FF42E5]
	(No symbol) [0x00007FF6320398ED]
	(No symbol) [0x00007FF632039A2C]
	(No symbol) [0x00007FF63207A967]
	(No symbol) [0x00007FF63205BCDF]
	(No symbol) [0x00007FF6320781E2]
	(No symbol) [0x00007FF63205BA43]
	(No symbol) [0x00007FF63202D438]
	(No symbol) [0x00007FF63202E4D1]
	GetHandleVerifier [0x00007FF632546F8D+3711213]
	GetHandleVerifier [0x00007FF6325A04CD+4077101]
	GetHandleVerifier [0x00007FF63259865F+4044735]
	GetHandleVerifier [0x00007FF632269736+706710]
	(No symbol) [0x00007FF63214B8DF]
	(No symbol) [0x00007FF632146AC4]
	(No symbol) [0x00007FF632146C1C]
	(No symbol) [0x00007FF6321368D4]
	BaseThreadInitThunk [0x00007FF9494C257D+29]
	RtlUserThreadStart [0x00007FF94AC4AA58+40]

2024-04-03 15:45:28,673 [ERROR] automation Element located by i0116 is not present. Message: no such element: Unable to locate element: {"method":"css selector","selector":"[id="i0116"]"}
  (Session info: chrome=122.0.6261.131); For documentation on this error, please visit: https://www.selenium.dev/documentation/webdriver/troubleshooting/errors#no-such-element-exception
Stacktrace:
	GetHandleVerifier [0x00007FF6321CAD02+56930]
	(No symbol) [0x00007FF63213F602]
	(No symbol) [0x00007FF631FF42E5]
	(No symbol) [0x00007FF6320398ED]
	(No symbol) [0x00007FF632039A2C]
	(No symbol) [0x00007FF63207A967]
	(No symbol) [0x00007FF63205BCDF]
	(No symbol) [0x00007FF6320781E2]
	(No symbol) [0x00007FF63205BA43]
	(No symbol) [0x00007FF63202D438]
	(No symbol) [0x00007FF63202E4D1]
	GetHandleVerifier [0x00007FF632546F8D+3711213]
	GetHandleVerifier [0x00007FF6325A04CD+4077101]
	GetHandleVerifier [0x00007FF63259865F+4044735]
	GetHandleVerifier [0x00007FF632269736+706710]
	(No symbol) [0x00007FF63214B8DF]
	(No symbol) [0x00007FF632146AC4]
	(No symbol) [0x00007FF632146C1C]
	(No symbol) [0x00007FF6321368D4]
	BaseThreadInitThunk [0x00007FF9494C257D+29]
	RtlUserThreadStart [0x00007FF94AC4AA58+40]

2024-04-03 15:45:29,515 [ERROR] automation Element located by i0116 is not present. Message: no such element: Unable to locate element: {"method":"css selector","selector":"[id="i0116"]"}
  (Session info: chrome=122.0.6261.131); For documentation on this error, please visit: https://www.selenium.dev/documentation/webdriver/troubleshooting/errors#no-such-element-exception
Stacktrace:
	GetHandleVerifier [0x00007FF6321CAD02+56930]
	(No symbol) [0x00007FF63213F602]
	(No symbol) [0x00007FF631FF42E5]
	(No symbol) [0x00007FF6320398ED]
	(No symbol) [0x00007FF632039A2C]
	(No symbol) [0x00007FF63207A967]
	(No symbol) [0x00007FF63205BCDF]
	(No symbol) [0x00007FF6320781E2]
	(No symbol) [0x00007FF63205BA43]
	(No symbol) [0x00007FF63202D438]
	(No symbol) [0x00007FF63202E4D1]
	GetHandleVerifier [0x00007FF632546F8D+3711213]
	GetHandleVerifier [0x00007FF6325A04CD+4077101]
	GetHandleVerifier [0x00007FF63259865F+4044735]
	GetHandleVerifier [0x00007FF632269736+706710]
	(No symbol) [0x00007FF63214B8DF]
	(No symbol) [0x00007FF632146AC4]
	(No symbol) [0x00007FF632146C1C]
	(No symbol) [0x00007FF6321368D4]
	BaseThreadInitThunk [0x00007FF9494C257D+29]
	RtlUserThreadStart [0x00007FF94AC4AA58+40]

2024-04-03 15:45:29,575 [ERROR] automation Element located by i0116 is not present. Message: no such element: Unable to locate element: {"method":"css selector","selector":"[id="i0116"]"}
  (Session info: chrome=122.0.6261.131); For documentation on this error, please visit: https://www.selenium.dev/documentation/webdriver/troubleshooting/errors#no-such-element-exception
Stacktrace:
	GetHandleVerifier [0x00007FF6321CAD02+56930]
	(No symbol) [0x00007FF63213F602]
	(No symbol) [0x00007FF631FF42E5]
	(No symbol) [0x00007FF6320398ED]
	(No symbol) [0x00007FF632039A2C]
	(No symbol) [0x00007FF63207A967]
	(No symbol) [0x00007FF63205BCDF]
	(No symbol) [0x00007FF6320781E2]
	(No symbol) [0x00007FF63205BA43]
	(No symbol) [0x00007FF63202D438]
	(No symbol) [0x00007FF63202E4D1]
	GetHandleVerifier [0x00007FF632546F8D+3711213]
	GetHandleVerifier [0x00007FF6325A04CD+4077101]
	GetHandleVerifier [0x00007FF63259865F+4044735]
	GetHandleVerifier [0x00007FF632269736+706710]
	(No symbol) [0x00007FF63214B8DF]
	(No symbol) [0x00007FF632146AC4]
	(No symbol) [0x00007FF632146C1C]
	(No symbol) [0x00007FF6321368D4]
	BaseThreadInitThunk [0x00007FF9494C257D+29]
	RtlUserThreadStart [0x00007FF94AC4AA58+40]

2024-04-03 15:45:29,635 [ERROR] automation Element located by i0116 is not present. Message: no such element: Unable to locate element: {"method":"css selector","selector":"[id="i0116"]"}
  (Session info: chrome=122.0.6261.131); For documentation on this error, please visit: https://www.selenium.dev/documentation/webdriver/troubleshooting/errors#no-such-element-exception
Stacktrace:
	GetHandleVerifier [0x00007FF6321CAD02+56930]
	(No symbol) [0x00007FF63213F602]
	(No symbol) [0x00007FF631FF42E5]
	(No symbol) [0x00007FF6320398ED]
	(No symbol) [0x00007FF632039A2C]
	(No symbol) [0x00007FF63207A967]
	(No symbol) [0x00007FF63205BCDF]
	(No symbol) [0x00007FF6320781E2]
	(No symbol) [0x00007FF63205BA43]
	(No symbol) [0x00007FF63202D438]
	(No symbol) [0x00007FF63202E4D1]
	GetHandleVerifier [0x00007FF632546F8D+3711213]
	GetHandleVerifier [0x00007FF6325A04CD+4077101]
	GetHandleVerifier [0x00007FF63259865F+4044735]
	GetHandleVerifier [0x00007FF632269736+706710]
	(No symbol) [0x00007FF63214B8DF]
	(No symbol) [0x00007FF632146AC4]
	(No symbol) [0x00007FF632146C1C]
	(No symbol) [0x00007FF6321368D4]
	BaseThreadInitThunk [0x00007FF9494C257D+29]
	RtlUserThreadStart [0x00007FF94AC4AA58+40]

2024-04-03 15:45:29,694 [ERROR] automation Element located by i0116 is not present. Message: no such element: Unable to locate element: {"method":"css selector","selector":"[id="i0116"]"}
  (Session info: chrome=122.0.6261.131); For documentation on this error, please visit: https://www.selenium.dev/documentation/webdriver/troubleshooting/errors#no-such-element-exception
Stacktrace:
	GetHandleVerifier [0x00007FF6321CAD02+56930]
	(No symbol) [0x00007FF63213F602]
	(No symbol) [0x00007FF631FF42E5]
	(No symbol) [0x00007FF6320398ED]
	(No symbol) [0x00007FF632039A2C]
	(No symbol) [0x00007FF63207A967]
	(No symbol) [0x00007FF63205BCDF]
	(No symbol) [0x00007FF6320781E2]
	(No symbol) [0x00007FF63205BA43]
	(No symbol) [0x00007FF63202D438]
	(No symbol) [0x00007FF63202E4D1]
	GetHandleVerifier [0x00007FF632546F8D+3711213]
	GetHandleVerifier [0x00007FF6325A04CD+4077101]
	GetHandleVerifier [0x00007FF63259865F+4044735]
	GetHandleVerifier [0x00007FF632269736+706710]
	(No symbol) [0x00007FF63214B8DF]
	(No symbol) [0x00007FF632146AC4]
	(No symbol) [0x00007FF632146C1C]
	(No symbol) [0x00007FF6321368D4]
	BaseThreadInitThunk [0x00007FF9494C257D+29]
	RtlUserThreadStart [0x00007FF94AC4AA58+40]

2024-04-03 15:45:29,758 [ERROR] automation Element located by i0116 is not present. Message: no such element: Unable to locate element: {"method":"css selector","selector":"[id="i0116"]"}
  (Session info: chrome=122.0.6261.131); For documentation on this error, please visit: https://www.selenium.dev/documentation/webdriver/troubleshooting/errors#no-such-element-exception
Stacktrace:
	GetHandleVerifier [0x00007FF6321CAD02+56930]
	(No symbol) [0x00007FF63213F602]
	(No symbol) [0x00007FF631FF42E5]
	(No symbol) [0x00007FF6320398ED]
	(No symbol) [0x00007FF632039A2C]
	(No symbol) [0x00007FF63207A967]
	(No symbol) [0x00007FF63205BCDF]
	(No symbol) [0x00007FF6320781E2]
	(No symbol) [0x00007FF63205BA43]
	(No symbol) [0x00007FF63202D438]
	(No symbol) [0x00007FF63202E4D1]
	GetHandleVerifier [0x00007FF632546F8D+3711213]
	GetHandleVerifier [0x00007FF6325A04CD+4077101]
	GetHandleVerifier [0x00007FF63259865F+4044735]
	GetHandleVerifier [0x00007FF632269736+706710]
	(No symbol) [0x00007FF63214B8DF]
	(No symbol) [0x00007FF632146AC4]
	(No symbol) [0x00007FF632146C1C]
	(No symbol) [0x00007FF6321368D4]
	BaseThreadInitThunk [0x00007FF9494C257D+29]
	RtlUserThreadStart [0x00007FF94AC4AA58+40]

2024-04-03 15:45:29,823 [ERROR] automation Element located by i0116 is not present. Message: no such element: Unable to locate element: {"method":"css selector","selector":"[id="i0116"]"}
  (Session info: chrome=122.0.6261.131); For documentation on this error, please visit: https://www.selenium.dev/documentation/webdriver/troubleshooting/errors#no-such-element-exception
Stacktrace:
	GetHandleVerifier [0x00007FF6321CAD02+56930]
	(No symbol) [0x00007FF63213F602]
	(No symbol) [0x00007FF631FF42E5]
	(No symbol) [0x00007FF6320398ED]
	(No symbol) [0x00007FF632039A2C]
	(No symbol) [0x00007FF63207A967]
	(No symbol) [0x00007FF63205BCDF]
	(No symbol) [0x00007FF6320781E2]
	(No symbol) [0x00007FF63205BA43]
	(No symbol) [0x00007FF63202D438]
	(No symbol) [0x00007FF63202E4D1]
	GetHandleVerifier [0x00007FF632546F8D+3711213]
	GetHandleVerifier [0x00007FF6325A04CD+4077101]
	GetHandleVerifier [0x00007FF63259865F+4044735]
	GetHandleVerifier [0x00007FF632269736+706710]
	(No symbol) [0x00007FF63214B8DF]
	(No symbol) [0x00007FF632146AC4]
	(No symbol) [0x00007FF632146C1C]
	(No symbol) [0x00007FF6321368D4]
	BaseThreadInitThunk [0x00007FF9494C257D+29]
	RtlUserThreadStart [0x00007FF94AC4AA58+40]

2024-04-03 15:45:29,882 [ERROR] automation Element located by i0116 is not present. Message: no such element: Unable to locate element: {"method":"css selector","selector":"[id="i0116"]"}
  (Session info: chrome=122.0.6261.131); For documentation on this error, please visit: https://www.selenium.dev/documentation/webdriver/troubleshooting/errors#no-such-element-exception
Stacktrace:
	GetHandleVerifier [0x00007FF6321CAD02+56930]
	(No symbol) [0x00007FF63213F602]
	(No symbol) [0x00007FF631FF42E5]
	(No symbol) [0x00007FF6320398ED]
	(No symbol) [0x00007FF632039A2C]
	(No symbol) [0x00007FF63207A967]
	(No symbol) [0x00007FF63205BCDF]
	(No symbol) [0x00007FF6320781E2]
	(No symbol) [0x00007FF63205BA43]
	(No symbol) [0x00007FF63202D438]
	(No symbol) [0x00007FF63202E4D1]
	GetHandleVerifier [0x00007FF632546F8D+3711213]
	GetHandleVerifier [0x00007FF6325A04CD+4077101]
	GetHandleVerifier [0x00007FF63259865F+4044735]
	GetHandleVerifier [0x00007FF632269736+706710]
	(No symbol) [0x00007FF63214B8DF]
	(No symbol) [0x00007FF632146AC4]
	(No symbol) [0x00007FF632146C1C]
	(No symbol) [0x00007FF6321368D4]
	BaseThreadInitThunk [0x00007FF9494C257D+29]
	RtlUserThreadStart [0x00007FF94AC4AA58+40]

2024-04-03 15:45:29,942 [ERROR] automation Element located by i0116 is not present. Message: no such element: Unable to locate element: {"method":"css selector","selector":"[id="i0116"]"}
  (Session info: chrome=122.0.6261.131); For documentation on this error, please visit: https://www.selenium.dev/documentation/webdriver/troubleshooting/errors#no-such-element-exception
Stacktrace:
	GetHandleVerifier [0x00007FF6321CAD02+56930]
	(No symbol) [0x00007FF63213F602]
	(No symbol) [0x00007FF631FF42E5]
	(No symbol) [0x00007FF6320398ED]
	(No symbol) [0x00007FF632039A2C]
	(No symbol) [0x00007FF63207A967]
	(No symbol) [0x00007FF63205BCDF]
	(No symbol) [0x00007FF6320781E2]
	(No symbol) [0x00007FF63205BA43]
	(No symbol) [0x00007FF63202D438]
	(No symbol) [0x00007FF63202E4D1]
	GetHandleVerifier [0x00007FF632546F8D+3711213]
	GetHandleVerifier [0x00007FF6325A04CD+4077101]
	GetHandleVerifier [0x00007FF63259865F+4044735]
	GetHandleVerifier [0x00007FF632269736+706710]
	(No symbol) [0x00007FF63214B8DF]
	(No symbol) [0x00007FF632146AC4]
	(No symbol) [0x00007FF632146C1C]
	(No symbol) [0x00007FF6321368D4]
	BaseThreadInitThunk [0x00007FF9494C257D+29]
	RtlUserThreadStart [0x00007FF94AC4AA58+40]

2024-04-03 15:45:30,001 [ERROR] automation Element located by i0116 is not present. Message: no such element: Unable to locate element: {"method":"css selector","selector":"[id="i0116"]"}
  (Session info: chrome=122.0.6261.131); For documentation on this error, please visit: https://www.selenium.dev/documentation/webdriver/troubleshooting/errors#no-such-element-exception
Stacktrace:
	GetHandleVerifier [0x00007FF6321CAD02+56930]
	(No symbol) [0x00007FF63213F602]
	(No symbol) [0x00007FF631FF42E5]
	(No symbol) [0x00007FF6320398ED]
	(No symbol) [0x00007FF632039A2C]
	(No symbol) [0x00007FF63207A967]
	(No symbol) [0x00007FF63205BCDF]
	(No symbol) [0x00007FF6320781E2]
	(No symbol) [0x00007FF63205BA43]
	(No symbol) [0x00007FF63202D438]
	(No symbol) [0x00007FF63202E4D1]
	GetHandleVerifier [0x00007FF632546F8D+3711213]
	GetHandleVerifier [0x00007FF6325A04CD+4077101]
	GetHandleVerifier [0x00007FF63259865F+4044735]
	GetHandleVerifier [0x00007FF632269736+706710]
	(No symbol) [0x00007FF63214B8DF]
	(No symbol) [0x00007FF632146AC4]
	(No symbol) [0x00007FF632146C1C]
	(No symbol) [0x00007FF6321368D4]
	BaseThreadInitThunk [0x00007FF9494C257D+29]
	RtlUserThreadStart [0x00007FF94AC4AA58+40]

2024-04-03 15:45:30,093 [ERROR] automation Element located by i0116 is not present. Message: no such element: Unable to locate element: {"method":"css selector","selector":"[id="i0116"]"}
  (Session info: chrome=122.0.6261.131); For documentation on this error, please visit: https://www.selenium.dev/documentation/webdriver/troubleshooting/errors#no-such-element-exception
Stacktrace:
	GetHandleVerifier [0x00007FF6321CAD02+56930]
	(No symbol) [0x00007FF63213F602]
	(No symbol) [0x00007FF631FF42E5]
	(No symbol) [0x00007FF6320398ED]
	(No symbol) [0x00007FF632039A2C]
	(No symbol) [0x00007FF63207A967]
	(No symbol) [0x00007FF63205BCDF]
	(No symbol) [0x00007FF6320781E2]
	(No symbol) [0x00007FF63205BA43]
	(No symbol) [0x00007FF63202D438]
	(No symbol) [0x00007FF63202E4D1]
	GetHandleVerifier [0x00007FF632546F8D+3711213]
	GetHandleVerifier [0x00007FF6325A04CD+4077101]
	GetHandleVerifier [0x00007FF63259865F+4044735]
	GetHandleVerifier [0x00007FF632269736+706710]
	(No symbol) [0x00007FF63214B8DF]
	(No symbol) [0x00007FF632146AC4]
	(No symbol) [0x00007FF632146C1C]
	(No symbol) [0x00007FF6321368D4]
	BaseThreadInitThunk [0x00007FF9494C257D+29]
	RtlUserThreadStart [0x00007FF94AC4AA58+40]

2024-04-03 15:45:30,239 [INFO] automation Element located by i0116 is present.
2024-04-03 15:45:37,313 [INFO] automation Element located by //div[@class='logo'] is present.
2024-04-03 15:45:42,377 [INFO] automation Element located by //div[@class='tableFixHead']/table/tbody/tr[contains(@class,'even_col')][1] is present.
2024-04-03 15:45:44,819 [INFO] automation Element located by //input[@formcontrolname='email'] is present.
2024-04-03 15:45:44,828 [INFO] automation Element located by //input[@formcontrolname='email'] is present.
2024-04-03 15:45:45,214 [ERROR] automation Element located by //span[contains(text(),'Email Address already exists')] is not present. Message: no such element: Unable to locate element: {"method":"xpath","selector":"//span[contains(text(),'Email Address already exists')]"}
  (Session info: chrome=122.0.6261.131); For documentation on this error, please visit: https://www.selenium.dev/documentation/webdriver/troubleshooting/errors#no-such-element-exception
Stacktrace:
	GetHandleVerifier [0x00007FF6321CAD02+56930]
	(No symbol) [0x00007FF63213F602]
	(No symbol) [0x00007FF631FF42E5]
	(No symbol) [0x00007FF6320398ED]
	(No symbol) [0x00007FF632039A2C]
	(No symbol) [0x00007FF63207A967]
	(No symbol) [0x00007FF63205BCDF]
	(No symbol) [0x00007FF6320781E2]
	(No symbol) [0x00007FF63205BA43]
	(No symbol) [0x00007FF63202D438]
	(No symbol) [0x00007FF63202E4D1]
	GetHandleVerifier [0x00007FF632546F8D+3711213]
	GetHandleVerifier [0x00007FF6325A04CD+4077101]
	GetHandleVerifier [0x00007FF63259865F+4044735]
	GetHandleVerifier [0x00007FF632269736+706710]
	(No symbol) [0x00007FF63214B8DF]
	(No symbol) [0x00007FF632146AC4]
	(No symbol) [0x00007FF632146C1C]
	(No symbol) [0x00007FF6321368D4]
	BaseThreadInitThunk [0x00007FF9494C257D+29]
	RtlUserThreadStart [0x00007FF94AC4AA58+40]

2024-04-03 15:45:45,224 [ERROR] automation Element located by //div[@role='alert' and contains(text(),'success') or contains(text(),'Success')] is not present. Message: no such element: Unable to locate element: {"method":"xpath","selector":"//div[@role='alert' and contains(text(),'success') or contains(text(),'Success')]"}
  (Session info: chrome=122.0.6261.131); For documentation on this error, please visit: https://www.selenium.dev/documentation/webdriver/troubleshooting/errors#no-such-element-exception
Stacktrace:
	GetHandleVerifier [0x00007FF6321CAD02+56930]
	(No symbol) [0x00007FF63213F602]
	(No symbol) [0x00007FF631FF42E5]
	(No symbol) [0x00007FF6320398ED]
	(No symbol) [0x00007FF632039A2C]
	(No symbol) [0x00007FF63207A967]
	(No symbol) [0x00007FF63205BCDF]
	(No symbol) [0x00007FF6320781E2]
	(No symbol) [0x00007FF63205BA43]
	(No symbol) [0x00007FF63202D438]
	(No symbol) [0x00007FF63202E4D1]
	GetHandleVerifier [0x00007FF632546F8D+3711213]
	GetHandleVerifier [0x00007FF6325A04CD+4077101]
	GetHandleVerifier [0x00007FF63259865F+4044735]
	GetHandleVerifier [0x00007FF632269736+706710]
	(No symbol) [0x00007FF63214B8DF]
	(No symbol) [0x00007FF632146AC4]
	(No symbol) [0x00007FF632146C1C]
	(No symbol) [0x00007FF6321368D4]
	BaseThreadInitThunk [0x00007FF9494C257D+29]
	RtlUserThreadStart [0x00007FF94AC4AA58+40]

2024-04-03 15:45:45,224 [INFO] automation Test passed.
2024-04-03 15:45:45,247 [INFO] automation Test has started.
2024-04-03 15:45:45,248 [INFO] automation Navigating to the https://chorusqa.cogninelabs.com/
2024-04-03 15:45:54,107 [ERROR] automation Element located by i0116 is not present. Message: no such element: Unable to locate element: {"method":"css selector","selector":"[id="i0116"]"}
  (Session info: chrome=122.0.6261.131); For documentation on this error, please visit: https://www.selenium.dev/documentation/webdriver/troubleshooting/errors#no-such-element-exception
Stacktrace:
	GetHandleVerifier [0x00007FF6321CAD02+56930]
	(No symbol) [0x00007FF63213F602]
	(No symbol) [0x00007FF631FF42E5]
	(No symbol) [0x00007FF6320398ED]
	(No symbol) [0x00007FF632039A2C]
	(No symbol) [0x00007FF63207A967]
	(No symbol) [0x00007FF63205BCDF]
	(No symbol) [0x00007FF6320781E2]
	(No symbol) [0x00007FF63205BA43]
	(No symbol) [0x00007FF63202D438]
	(No symbol) [0x00007FF63202E4D1]
	GetHandleVerifier [0x00007FF632546F8D+3711213]
	GetHandleVerifier [0x00007FF6325A04CD+4077101]
	GetHandleVerifier [0x00007FF63259865F+4044735]
	GetHandleVerifier [0x00007FF632269736+706710]
	(No symbol) [0x00007FF63214B8DF]
	(No symbol) [0x00007FF632146AC4]
	(No symbol) [0x00007FF632146C1C]
	(No symbol) [0x00007FF6321368D4]
	BaseThreadInitThunk [0x00007FF9494C257D+29]
	RtlUserThreadStart [0x00007FF94AC4AA58+40]

2024-04-03 15:45:54,172 [ERROR] automation Element located by i0116 is not present. Message: no such element: Unable to locate element: {"method":"css selector","selector":"[id="i0116"]"}
  (Session info: chrome=122.0.6261.131); For documentation on this error, please visit: https://www.selenium.dev/documentation/webdriver/troubleshooting/errors#no-such-element-exception
Stacktrace:
	GetHandleVerifier [0x00007FF6321CAD02+56930]
	(No symbol) [0x00007FF63213F602]
	(No symbol) [0x00007FF631FF42E5]
	(No symbol) [0x00007FF6320398ED]
	(No symbol) [0x00007FF632039A2C]
	(No symbol) [0x00007FF63207A967]
	(No symbol) [0x00007FF63205BCDF]
	(No symbol) [0x00007FF6320781E2]
	(No symbol) [0x00007FF63205BA43]
	(No symbol) [0x00007FF63202D438]
	(No symbol) [0x00007FF63202E4D1]
	GetHandleVerifier [0x00007FF632546F8D+3711213]
	GetHandleVerifier [0x00007FF6325A04CD+4077101]
	GetHandleVerifier [0x00007FF63259865F+4044735]
	GetHandleVerifier [0x00007FF632269736+706710]
	(No symbol) [0x00007FF63214B8DF]
	(No symbol) [0x00007FF632146AC4]
	(No symbol) [0x00007FF632146C1C]
	(No symbol) [0x00007FF6321368D4]
	BaseThreadInitThunk [0x00007FF9494C257D+29]
	RtlUserThreadStart [0x00007FF94AC4AA58+40]

2024-04-03 15:45:54,235 [ERROR] automation Element located by i0116 is not present. Message: no such element: Unable to locate element: {"method":"css selector","selector":"[id="i0116"]"}
  (Session info: chrome=122.0.6261.131); For documentation on this error, please visit: https://www.selenium.dev/documentation/webdriver/troubleshooting/errors#no-such-element-exception
Stacktrace:
	GetHandleVerifier [0x00007FF6321CAD02+56930]
	(No symbol) [0x00007FF63213F602]
	(No symbol) [0x00007FF631FF42E5]
	(No symbol) [0x00007FF6320398ED]
	(No symbol) [0x00007FF632039A2C]
	(No symbol) [0x00007FF63207A967]
	(No symbol) [0x00007FF63205BCDF]
	(No symbol) [0x00007FF6320781E2]
	(No symbol) [0x00007FF63205BA43]
	(No symbol) [0x00007FF63202D438]
	(No symbol) [0x00007FF63202E4D1]
	GetHandleVerifier [0x00007FF632546F8D+3711213]
	GetHandleVerifier [0x00007FF6325A04CD+4077101]
	GetHandleVerifier [0x00007FF63259865F+4044735]
	GetHandleVerifier [0x00007FF632269736+706710]
	(No symbol) [0x00007FF63214B8DF]
	(No symbol) [0x00007FF632146AC4]
	(No symbol) [0x00007FF632146C1C]
	(No symbol) [0x00007FF6321368D4]
	BaseThreadInitThunk [0x00007FF9494C257D+29]
	RtlUserThreadStart [0x00007FF94AC4AA58+40]

2024-04-03 15:45:54,305 [ERROR] automation Element located by i0116 is not present. Message: no such element: Unable to locate element: {"method":"css selector","selector":"[id="i0116"]"}
  (Session info: chrome=122.0.6261.131); For documentation on this error, please visit: https://www.selenium.dev/documentation/webdriver/troubleshooting/errors#no-such-element-exception
Stacktrace:
	GetHandleVerifier [0x00007FF6321CAD02+56930]
	(No symbol) [0x00007FF63213F602]
	(No symbol) [0x00007FF631FF42E5]
	(No symbol) [0x00007FF6320398ED]
	(No symbol) [0x00007FF632039A2C]
	(No symbol) [0x00007FF63207A967]
	(No symbol) [0x00007FF63205BCDF]
	(No symbol) [0x00007FF6320781E2]
	(No symbol) [0x00007FF63205BA43]
	(No symbol) [0x00007FF63202D438]
	(No symbol) [0x00007FF63202E4D1]
	GetHandleVerifier [0x00007FF632546F8D+3711213]
	GetHandleVerifier [0x00007FF6325A04CD+4077101]
	GetHandleVerifier [0x00007FF63259865F+4044735]
	GetHandleVerifier [0x00007FF632269736+706710]
	(No symbol) [0x00007FF63214B8DF]
	(No symbol) [0x00007FF632146AC4]
	(No symbol) [0x00007FF632146C1C]
	(No symbol) [0x00007FF6321368D4]
	BaseThreadInitThunk [0x00007FF9494C257D+29]
	RtlUserThreadStart [0x00007FF94AC4AA58+40]

2024-04-03 15:45:54,364 [ERROR] automation Element located by i0116 is not present. Message: no such element: Unable to locate element: {"method":"css selector","selector":"[id="i0116"]"}
  (Session info: chrome=122.0.6261.131); For documentation on this error, please visit: https://www.selenium.dev/documentation/webdriver/troubleshooting/errors#no-such-element-exception
Stacktrace:
	GetHandleVerifier [0x00007FF6321CAD02+56930]
	(No symbol) [0x00007FF63213F602]
	(No symbol) [0x00007FF631FF42E5]
	(No symbol) [0x00007FF6320398ED]
	(No symbol) [0x00007FF632039A2C]
	(No symbol) [0x00007FF63207A967]
	(No symbol) [0x00007FF63205BCDF]
	(No symbol) [0x00007FF6320781E2]
	(No symbol) [0x00007FF63205BA43]
	(No symbol) [0x00007FF63202D438]
	(No symbol) [0x00007FF63202E4D1]
	GetHandleVerifier [0x00007FF632546F8D+3711213]
	GetHandleVerifier [0x00007FF6325A04CD+4077101]
	GetHandleVerifier [0x00007FF63259865F+4044735]
	GetHandleVerifier [0x00007FF632269736+706710]
	(No symbol) [0x00007FF63214B8DF]
	(No symbol) [0x00007FF632146AC4]
	(No symbol) [0x00007FF632146C1C]
	(No symbol) [0x00007FF6321368D4]
	BaseThreadInitThunk [0x00007FF9494C257D+29]
	RtlUserThreadStart [0x00007FF94AC4AA58+40]

2024-04-03 15:45:54,432 [ERROR] automation Element located by i0116 is not present. Message: no such element: Unable to locate element: {"method":"css selector","selector":"[id="i0116"]"}
  (Session info: chrome=122.0.6261.131); For documentation on this error, please visit: https://www.selenium.dev/documentation/webdriver/troubleshooting/errors#no-such-element-exception
Stacktrace:
	GetHandleVerifier [0x00007FF6321CAD02+56930]
	(No symbol) [0x00007FF63213F602]
	(No symbol) [0x00007FF631FF42E5]
	(No symbol) [0x00007FF6320398ED]
	(No symbol) [0x00007FF632039A2C]
	(No symbol) [0x00007FF63207A967]
	(No symbol) [0x00007FF63205BCDF]
	(No symbol) [0x00007FF6320781E2]
	(No symbol) [0x00007FF63205BA43]
	(No symbol) [0x00007FF63202D438]
	(No symbol) [0x00007FF63202E4D1]
	GetHandleVerifier [0x00007FF632546F8D+3711213]
	GetHandleVerifier [0x00007FF6325A04CD+4077101]
	GetHandleVerifier [0x00007FF63259865F+4044735]
	GetHandleVerifier [0x00007FF632269736+706710]
	(No symbol) [0x00007FF63214B8DF]
	(No symbol) [0x00007FF632146AC4]
	(No symbol) [0x00007FF632146C1C]
	(No symbol) [0x00007FF6321368D4]
	BaseThreadInitThunk [0x00007FF9494C257D+29]
	RtlUserThreadStart [0x00007FF94AC4AA58+40]

2024-04-03 15:45:54,508 [ERROR] automation Element located by i0116 is not present. Message: no such element: Unable to locate element: {"method":"css selector","selector":"[id="i0116"]"}
  (Session info: chrome=122.0.6261.131); For documentation on this error, please visit: https://www.selenium.dev/documentation/webdriver/troubleshooting/errors#no-such-element-exception
Stacktrace:
	GetHandleVerifier [0x00007FF6321CAD02+56930]
	(No symbol) [0x00007FF63213F602]
	(No symbol) [0x00007FF631FF42E5]
	(No symbol) [0x00007FF6320398ED]
	(No symbol) [0x00007FF632039A2C]
	(No symbol) [0x00007FF63207A967]
	(No symbol) [0x00007FF63205BCDF]
	(No symbol) [0x00007FF6320781E2]
	(No symbol) [0x00007FF63205BA43]
	(No symbol) [0x00007FF63202D438]
	(No symbol) [0x00007FF63202E4D1]
	GetHandleVerifier [0x00007FF632546F8D+3711213]
	GetHandleVerifier [0x00007FF6325A04CD+4077101]
	GetHandleVerifier [0x00007FF63259865F+4044735]
	GetHandleVerifier [0x00007FF632269736+706710]
	(No symbol) [0x00007FF63214B8DF]
	(No symbol) [0x00007FF632146AC4]
	(No symbol) [0x00007FF632146C1C]
	(No symbol) [0x00007FF6321368D4]
	BaseThreadInitThunk [0x00007FF9494C257D+29]
	RtlUserThreadStart [0x00007FF94AC4AA58+40]

2024-04-03 15:45:55,224 [ERROR] automation Element located by i0116 is not present. Message: no such element: Unable to locate element: {"method":"css selector","selector":"[id="i0116"]"}
  (Session info: chrome=122.0.6261.131); For documentation on this error, please visit: https://www.selenium.dev/documentation/webdriver/troubleshooting/errors#no-such-element-exception
Stacktrace:
	GetHandleVerifier [0x00007FF6321CAD02+56930]
	(No symbol) [0x00007FF63213F602]
	(No symbol) [0x00007FF631FF42E5]
	(No symbol) [0x00007FF6320398ED]
	(No symbol) [0x00007FF632039A2C]
	(No symbol) [0x00007FF63207A967]
	(No symbol) [0x00007FF63205BCDF]
	(No symbol) [0x00007FF6320781E2]
	(No symbol) [0x00007FF63205BA43]
	(No symbol) [0x00007FF63202D438]
	(No symbol) [0x00007FF63202E4D1]
	GetHandleVerifier [0x00007FF632546F8D+3711213]
	GetHandleVerifier [0x00007FF6325A04CD+4077101]
	GetHandleVerifier [0x00007FF63259865F+4044735]
	GetHandleVerifier [0x00007FF632269736+706710]
	(No symbol) [0x00007FF63214B8DF]
	(No symbol) [0x00007FF632146AC4]
	(No symbol) [0x00007FF632146C1C]
	(No symbol) [0x00007FF6321368D4]
	BaseThreadInitThunk [0x00007FF9494C257D+29]
	RtlUserThreadStart [0x00007FF94AC4AA58+40]

2024-04-03 15:45:55,294 [ERROR] automation Element located by i0116 is not present. Message: no such element: Unable to locate element: {"method":"css selector","selector":"[id="i0116"]"}
  (Session info: chrome=122.0.6261.131); For documentation on this error, please visit: https://www.selenium.dev/documentation/webdriver/troubleshooting/errors#no-such-element-exception
Stacktrace:
	GetHandleVerifier [0x00007FF6321CAD02+56930]
	(No symbol) [0x00007FF63213F602]
	(No symbol) [0x00007FF631FF42E5]
	(No symbol) [0x00007FF6320398ED]
	(No symbol) [0x00007FF632039A2C]
	(No symbol) [0x00007FF63207A967]
	(No symbol) [0x00007FF63205BCDF]
	(No symbol) [0x00007FF6320781E2]
	(No symbol) [0x00007FF63205BA43]
	(No symbol) [0x00007FF63202D438]
	(No symbol) [0x00007FF63202E4D1]
	GetHandleVerifier [0x00007FF632546F8D+3711213]
	GetHandleVerifier [0x00007FF6325A04CD+4077101]
	GetHandleVerifier [0x00007FF63259865F+4044735]
	GetHandleVerifier [0x00007FF632269736+706710]
	(No symbol) [0x00007FF63214B8DF]
	(No symbol) [0x00007FF632146AC4]
	(No symbol) [0x00007FF632146C1C]
	(No symbol) [0x00007FF6321368D4]
	BaseThreadInitThunk [0x00007FF9494C257D+29]
	RtlUserThreadStart [0x00007FF94AC4AA58+40]

2024-04-03 15:45:55,355 [ERROR] automation Element located by i0116 is not present. Message: no such element: Unable to locate element: {"method":"css selector","selector":"[id="i0116"]"}
  (Session info: chrome=122.0.6261.131); For documentation on this error, please visit: https://www.selenium.dev/documentation/webdriver/troubleshooting/errors#no-such-element-exception
Stacktrace:
	GetHandleVerifier [0x00007FF6321CAD02+56930]
	(No symbol) [0x00007FF63213F602]
	(No symbol) [0x00007FF631FF42E5]
	(No symbol) [0x00007FF6320398ED]
	(No symbol) [0x00007FF632039A2C]
	(No symbol) [0x00007FF63207A967]
	(No symbol) [0x00007FF63205BCDF]
	(No symbol) [0x00007FF6320781E2]
	(No symbol) [0x00007FF63205BA43]
	(No symbol) [0x00007FF63202D438]
	(No symbol) [0x00007FF63202E4D1]
	GetHandleVerifier [0x00007FF632546F8D+3711213]
	GetHandleVerifier [0x00007FF6325A04CD+4077101]
	GetHandleVerifier [0x00007FF63259865F+4044735]
	GetHandleVerifier [0x00007FF632269736+706710]
	(No symbol) [0x00007FF63214B8DF]
	(No symbol) [0x00007FF632146AC4]
	(No symbol) [0x00007FF632146C1C]
	(No symbol) [0x00007FF6321368D4]
	BaseThreadInitThunk [0x00007FF9494C257D+29]
	RtlUserThreadStart [0x00007FF94AC4AA58+40]

2024-04-03 15:45:55,476 [ERROR] automation Element located by i0116 is not present. Message: no such element: Unable to locate element: {"method":"css selector","selector":"[id="i0116"]"}
  (Session info: chrome=122.0.6261.131); For documentation on this error, please visit: https://www.selenium.dev/documentation/webdriver/troubleshooting/errors#no-such-element-exception
Stacktrace:
	GetHandleVerifier [0x00007FF6321CAD02+56930]
	(No symbol) [0x00007FF63213F602]
	(No symbol) [0x00007FF631FF42E5]
	(No symbol) [0x00007FF6320398ED]
	(No symbol) [0x00007FF632039A2C]
	(No symbol) [0x00007FF63207A967]
	(No symbol) [0x00007FF63205BCDF]
	(No symbol) [0x00007FF6320781E2]
	(No symbol) [0x00007FF63205BA43]
	(No symbol) [0x00007FF63202D438]
	(No symbol) [0x00007FF63202E4D1]
	GetHandleVerifier [0x00007FF632546F8D+3711213]
	GetHandleVerifier [0x00007FF6325A04CD+4077101]
	GetHandleVerifier [0x00007FF63259865F+4044735]
	GetHandleVerifier [0x00007FF632269736+706710]
	(No symbol) [0x00007FF63214B8DF]
	(No symbol) [0x00007FF632146AC4]
	(No symbol) [0x00007FF632146C1C]
	(No symbol) [0x00007FF6321368D4]
	BaseThreadInitThunk [0x00007FF9494C257D+29]
	RtlUserThreadStart [0x00007FF94AC4AA58+40]

2024-04-03 15:45:55,630 [INFO] automation Element located by i0116 is present.
2024-04-03 15:46:02,484 [INFO] automation Element located by //div[@class='logo'] is present.
2024-04-03 15:46:06,709 [INFO] automation Element located by //div[@class='tableFixHead']/table/tbody/tr[contains(@class,'even_col')][1] is present.
2024-04-03 15:46:09,582 [INFO] automation CPU Percent: 8.0	Virtual Memory: svmem(total=12635017216, available=1449250816, percent=88.5, used=11185766400, free=1449250816)
2024-04-03 15:46:09,712 [INFO] automation screenshot logged as: C:\Users\Thanusha Kotaprolu\Automation Projects\cognine-crm-automation\RunExecutionScripts\common\logs\screenshots\test_crm_bulk_email_page_smoke_test__fail03154609f9fd.png
2024-04-03 15:46:09,712 [ERROR] automation Test failed.
