2024-04-04 15:50:11,964 [INFO] automation Test has started.
2024-04-04 15:50:11,965 [INFO] automation Navigating to the https://chorusqa.cogninelabs.com/
2024-04-04 15:50:18,303 [ERROR] automation Element located by i0116 is not present. Message: no such element: Unable to locate element: {"method":"css selector","selector":"[id="i0116"]"}
  (Session info: chrome=122.0.6261.131); For documentation on this error, please visit: https://www.selenium.dev/documentation/webdriver/troubleshooting/errors#no-such-element-exception
Stacktrace:
	GetHandleVerifier [0x00007FF63AC7AD02+56930]
	(No symbol) [0x00007FF63ABEF602]
	(No symbol) [0x00007FF63AAA42E5]
	(No symbol) [0x00007FF63AAE98ED]
	(No symbol) [0x00007FF63AAE9A2C]
	(No symbol) [0x00007FF63AB2A967]
	(No symbol) [0x00007FF63AB0BCDF]
	(No symbol) [0x00007FF63AB281E2]
	(No symbol) [0x00007FF63AB0BA43]
	(No symbol) [0x00007FF63AADD438]
	(No symbol) [0x00007FF63AADE4D1]
	GetHandleVerifier [0x00007FF63AFF6F8D+3711213]
	GetHandleVerifier [0x00007FF63B0504CD+4077101]
	GetHandleVerifier [0x00007FF63B04865F+4044735]
	GetHandleVerifier [0x00007FF63AD19736+706710]
	(No symbol) [0x00007FF63ABFB8DF]
	(No symbol) [0x00007FF63ABF6AC4]
	(No symbol) [0x00007FF63ABF6C1C]
	(No symbol) [0x00007FF63ABE68D4]
	BaseThreadInitThunk [0x00007FF9494C257D+29]
	RtlUserThreadStart [0x00007FF94AC4AA58+40]

2024-04-04 15:50:18,368 [ERROR] automation Element located by i0116 is not present. Message: no such element: Unable to locate element: {"method":"css selector","selector":"[id="i0116"]"}
  (Session info: chrome=122.0.6261.131); For documentation on this error, please visit: https://www.selenium.dev/documentation/webdriver/troubleshooting/errors#no-such-element-exception
Stacktrace:
	GetHandleVerifier [0x00007FF63AC7AD02+56930]
	(No symbol) [0x00007FF63ABEF602]
	(No symbol) [0x00007FF63AAA42E5]
	(No symbol) [0x00007FF63AAE98ED]
	(No symbol) [0x00007FF63AAE9A2C]
	(No symbol) [0x00007FF63AB2A967]
	(No symbol) [0x00007FF63AB0BCDF]
	(No symbol) [0x00007FF63AB281E2]
	(No symbol) [0x00007FF63AB0BA43]
	(No symbol) [0x00007FF63AADD438]
	(No symbol) [0x00007FF63AADE4D1]
	GetHandleVerifier [0x00007FF63AFF6F8D+3711213]
	GetHandleVerifier [0x00007FF63B0504CD+4077101]
	GetHandleVerifier [0x00007FF63B04865F+4044735]
	GetHandleVerifier [0x00007FF63AD19736+706710]
	(No symbol) [0x00007FF63ABFB8DF]
	(No symbol) [0x00007FF63ABF6AC4]
	(No symbol) [0x00007FF63ABF6C1C]
	(No symbol) [0x00007FF63ABE68D4]
	BaseThreadInitThunk [0x00007FF9494C257D+29]
	RtlUserThreadStart [0x00007FF94AC4AA58+40]

2024-04-04 15:50:18,434 [ERROR] automation Element located by i0116 is not present. Message: no such element: Unable to locate element: {"method":"css selector","selector":"[id="i0116"]"}
  (Session info: chrome=122.0.6261.131); For documentation on this error, please visit: https://www.selenium.dev/documentation/webdriver/troubleshooting/errors#no-such-element-exception
Stacktrace:
	GetHandleVerifier [0x00007FF63AC7AD02+56930]
	(No symbol) [0x00007FF63ABEF602]
	(No symbol) [0x00007FF63AAA42E5]
	(No symbol) [0x00007FF63AAE98ED]
	(No symbol) [0x00007FF63AAE9A2C]
	(No symbol) [0x00007FF63AB2A967]
	(No symbol) [0x00007FF63AB0BCDF]
	(No symbol) [0x00007FF63AB281E2]
	(No symbol) [0x00007FF63AB0BA43]
	(No symbol) [0x00007FF63AADD438]
	(No symbol) [0x00007FF63AADE4D1]
	GetHandleVerifier [0x00007FF63AFF6F8D+3711213]
	GetHandleVerifier [0x00007FF63B0504CD+4077101]
	GetHandleVerifier [0x00007FF63B04865F+4044735]
	GetHandleVerifier [0x00007FF63AD19736+706710]
	(No symbol) [0x00007FF63ABFB8DF]
	(No symbol) [0x00007FF63ABF6AC4]
	(No symbol) [0x00007FF63ABF6C1C]
	(No symbol) [0x00007FF63ABE68D4]
	BaseThreadInitThunk [0x00007FF9494C257D+29]
	RtlUserThreadStart [0x00007FF94AC4AA58+40]

2024-04-04 15:50:18,501 [ERROR] automation Element located by i0116 is not present. Message: no such element: Unable to locate element: {"method":"css selector","selector":"[id="i0116"]"}
  (Session info: chrome=122.0.6261.131); For documentation on this error, please visit: https://www.selenium.dev/documentation/webdriver/troubleshooting/errors#no-such-element-exception
Stacktrace:
	GetHandleVerifier [0x00007FF63AC7AD02+56930]
	(No symbol) [0x00007FF63ABEF602]
	(No symbol) [0x00007FF63AAA42E5]
	(No symbol) [0x00007FF63AAE98ED]
	(No symbol) [0x00007FF63AAE9A2C]
	(No symbol) [0x00007FF63AB2A967]
	(No symbol) [0x00007FF63AB0BCDF]
	(No symbol) [0x00007FF63AB281E2]
	(No symbol) [0x00007FF63AB0BA43]
	(No symbol) [0x00007FF63AADD438]
	(No symbol) [0x00007FF63AADE4D1]
	GetHandleVerifier [0x00007FF63AFF6F8D+3711213]
	GetHandleVerifier [0x00007FF63B0504CD+4077101]
	GetHandleVerifier [0x00007FF63B04865F+4044735]
	GetHandleVerifier [0x00007FF63AD19736+706710]
	(No symbol) [0x00007FF63ABFB8DF]
	(No symbol) [0x00007FF63ABF6AC4]
	(No symbol) [0x00007FF63ABF6C1C]
	(No symbol) [0x00007FF63ABE68D4]
	BaseThreadInitThunk [0x00007FF9494C257D+29]
	RtlUserThreadStart [0x00007FF94AC4AA58+40]

2024-04-04 15:50:18,563 [ERROR] automation Element located by i0116 is not present. Message: no such element: Unable to locate element: {"method":"css selector","selector":"[id="i0116"]"}
  (Session info: chrome=122.0.6261.131); For documentation on this error, please visit: https://www.selenium.dev/documentation/webdriver/troubleshooting/errors#no-such-element-exception
Stacktrace:
	GetHandleVerifier [0x00007FF63AC7AD02+56930]
	(No symbol) [0x00007FF63ABEF602]
	(No symbol) [0x00007FF63AAA42E5]
	(No symbol) [0x00007FF63AAE98ED]
	(No symbol) [0x00007FF63AAE9A2C]
	(No symbol) [0x00007FF63AB2A967]
	(No symbol) [0x00007FF63AB0BCDF]
	(No symbol) [0x00007FF63AB281E2]
	(No symbol) [0x00007FF63AB0BA43]
	(No symbol) [0x00007FF63AADD438]
	(No symbol) [0x00007FF63AADE4D1]
	GetHandleVerifier [0x00007FF63AFF6F8D+3711213]
	GetHandleVerifier [0x00007FF63B0504CD+4077101]
	GetHandleVerifier [0x00007FF63B04865F+4044735]
	GetHandleVerifier [0x00007FF63AD19736+706710]
	(No symbol) [0x00007FF63ABFB8DF]
	(No symbol) [0x00007FF63ABF6AC4]
	(No symbol) [0x00007FF63ABF6C1C]
	(No symbol) [0x00007FF63ABE68D4]
	BaseThreadInitThunk [0x00007FF9494C257D+29]
	RtlUserThreadStart [0x00007FF94AC4AA58+40]

2024-04-04 15:50:19,422 [ERROR] automation Element located by i0116 is not present. Message: no such element: Unable to locate element: {"method":"css selector","selector":"[id="i0116"]"}
  (Session info: chrome=122.0.6261.131); For documentation on this error, please visit: https://www.selenium.dev/documentation/webdriver/troubleshooting/errors#no-such-element-exception
Stacktrace:
	GetHandleVerifier [0x00007FF63AC7AD02+56930]
	(No symbol) [0x00007FF63ABEF602]
	(No symbol) [0x00007FF63AAA42E5]
	(No symbol) [0x00007FF63AAE98ED]
	(No symbol) [0x00007FF63AAE9A2C]
	(No symbol) [0x00007FF63AB2A967]
	(No symbol) [0x00007FF63AB0BCDF]
	(No symbol) [0x00007FF63AB281E2]
	(No symbol) [0x00007FF63AB0BA43]
	(No symbol) [0x00007FF63AADD438]
	(No symbol) [0x00007FF63AADE4D1]
	GetHandleVerifier [0x00007FF63AFF6F8D+3711213]
	GetHandleVerifier [0x00007FF63B0504CD+4077101]
	GetHandleVerifier [0x00007FF63B04865F+4044735]
	GetHandleVerifier [0x00007FF63AD19736+706710]
	(No symbol) [0x00007FF63ABFB8DF]
	(No symbol) [0x00007FF63ABF6AC4]
	(No symbol) [0x00007FF63ABF6C1C]
	(No symbol) [0x00007FF63ABE68D4]
	BaseThreadInitThunk [0x00007FF9494C257D+29]
	RtlUserThreadStart [0x00007FF94AC4AA58+40]

2024-04-04 15:50:19,480 [ERROR] automation Element located by i0116 is not present. Message: no such element: Unable to locate element: {"method":"css selector","selector":"[id="i0116"]"}
  (Session info: chrome=122.0.6261.131); For documentation on this error, please visit: https://www.selenium.dev/documentation/webdriver/troubleshooting/errors#no-such-element-exception
Stacktrace:
	GetHandleVerifier [0x00007FF63AC7AD02+56930]
	(No symbol) [0x00007FF63ABEF602]
	(No symbol) [0x00007FF63AAA42E5]
	(No symbol) [0x00007FF63AAE98ED]
	(No symbol) [0x00007FF63AAE9A2C]
	(No symbol) [0x00007FF63AB2A967]
	(No symbol) [0x00007FF63AB0BCDF]
	(No symbol) [0x00007FF63AB281E2]
	(No symbol) [0x00007FF63AB0BA43]
	(No symbol) [0x00007FF63AADD438]
	(No symbol) [0x00007FF63AADE4D1]
	GetHandleVerifier [0x00007FF63AFF6F8D+3711213]
	GetHandleVerifier [0x00007FF63B0504CD+4077101]
	GetHandleVerifier [0x00007FF63B04865F+4044735]
	GetHandleVerifier [0x00007FF63AD19736+706710]
	(No symbol) [0x00007FF63ABFB8DF]
	(No symbol) [0x00007FF63ABF6AC4]
	(No symbol) [0x00007FF63ABF6C1C]
	(No symbol) [0x00007FF63ABE68D4]
	BaseThreadInitThunk [0x00007FF9494C257D+29]
	RtlUserThreadStart [0x00007FF94AC4AA58+40]

2024-04-04 15:50:19,564 [ERROR] automation Element located by i0116 is not present. Message: no such element: Unable to locate element: {"method":"css selector","selector":"[id="i0116"]"}
  (Session info: chrome=122.0.6261.131); For documentation on this error, please visit: https://www.selenium.dev/documentation/webdriver/troubleshooting/errors#no-such-element-exception
Stacktrace:
	GetHandleVerifier [0x00007FF63AC7AD02+56930]
	(No symbol) [0x00007FF63ABEF602]
	(No symbol) [0x00007FF63AAA42E5]
	(No symbol) [0x00007FF63AAE98ED]
	(No symbol) [0x00007FF63AAE9A2C]
	(No symbol) [0x00007FF63AB2A967]
	(No symbol) [0x00007FF63AB0BCDF]
	(No symbol) [0x00007FF63AB281E2]
	(No symbol) [0x00007FF63AB0BA43]
	(No symbol) [0x00007FF63AADD438]
	(No symbol) [0x00007FF63AADE4D1]
	GetHandleVerifier [0x00007FF63AFF6F8D+3711213]
	GetHandleVerifier [0x00007FF63B0504CD+4077101]
	GetHandleVerifier [0x00007FF63B04865F+4044735]
	GetHandleVerifier [0x00007FF63AD19736+706710]
	(No symbol) [0x00007FF63ABFB8DF]
	(No symbol) [0x00007FF63ABF6AC4]
	(No symbol) [0x00007FF63ABF6C1C]
	(No symbol) [0x00007FF63ABE68D4]
	BaseThreadInitThunk [0x00007FF9494C257D+29]
	RtlUserThreadStart [0x00007FF94AC4AA58+40]

2024-04-04 15:50:19,625 [ERROR] automation Element located by i0116 is not present. Message: no such element: Unable to locate element: {"method":"css selector","selector":"[id="i0116"]"}
  (Session info: chrome=122.0.6261.131); For documentation on this error, please visit: https://www.selenium.dev/documentation/webdriver/troubleshooting/errors#no-such-element-exception
Stacktrace:
	GetHandleVerifier [0x00007FF63AC7AD02+56930]
	(No symbol) [0x00007FF63ABEF602]
	(No symbol) [0x00007FF63AAA42E5]
	(No symbol) [0x00007FF63AAE98ED]
	(No symbol) [0x00007FF63AAE9A2C]
	(No symbol) [0x00007FF63AB2A967]
	(No symbol) [0x00007FF63AB0BCDF]
	(No symbol) [0x00007FF63AB281E2]
	(No symbol) [0x00007FF63AB0BA43]
	(No symbol) [0x00007FF63AADD438]
	(No symbol) [0x00007FF63AADE4D1]
	GetHandleVerifier [0x00007FF63AFF6F8D+3711213]
	GetHandleVerifier [0x00007FF63B0504CD+4077101]
	GetHandleVerifier [0x00007FF63B04865F+4044735]
	GetHandleVerifier [0x00007FF63AD19736+706710]
	(No symbol) [0x00007FF63ABFB8DF]
	(No symbol) [0x00007FF63ABF6AC4]
	(No symbol) [0x00007FF63ABF6C1C]
	(No symbol) [0x00007FF63ABE68D4]
	BaseThreadInitThunk [0x00007FF9494C257D+29]
	RtlUserThreadStart [0x00007FF94AC4AA58+40]

2024-04-04 15:50:19,687 [ERROR] automation Element located by i0116 is not present. Message: no such element: Unable to locate element: {"method":"css selector","selector":"[id="i0116"]"}
  (Session info: chrome=122.0.6261.131); For documentation on this error, please visit: https://www.selenium.dev/documentation/webdriver/troubleshooting/errors#no-such-element-exception
Stacktrace:
	GetHandleVerifier [0x00007FF63AC7AD02+56930]
	(No symbol) [0x00007FF63ABEF602]
	(No symbol) [0x00007FF63AAA42E5]
	(No symbol) [0x00007FF63AAE98ED]
	(No symbol) [0x00007FF63AAE9A2C]
	(No symbol) [0x00007FF63AB2A967]
	(No symbol) [0x00007FF63AB0BCDF]
	(No symbol) [0x00007FF63AB281E2]
	(No symbol) [0x00007FF63AB0BA43]
	(No symbol) [0x00007FF63AADD438]
	(No symbol) [0x00007FF63AADE4D1]
	GetHandleVerifier [0x00007FF63AFF6F8D+3711213]
	GetHandleVerifier [0x00007FF63B0504CD+4077101]
	GetHandleVerifier [0x00007FF63B04865F+4044735]
	GetHandleVerifier [0x00007FF63AD19736+706710]
	(No symbol) [0x00007FF63ABFB8DF]
	(No symbol) [0x00007FF63ABF6AC4]
	(No symbol) [0x00007FF63ABF6C1C]
	(No symbol) [0x00007FF63ABE68D4]
	BaseThreadInitThunk [0x00007FF9494C257D+29]
	RtlUserThreadStart [0x00007FF94AC4AA58+40]

2024-04-04 15:50:19,846 [INFO] automation Element located by i0116 is present.
2024-04-04 15:50:26,921 [INFO] automation Element located by //div[@class='logo'] is present.
2024-04-04 15:50:31,517 [ERROR] automation Element located by //div[@class='tableFixHead']/table/tbody/tr[contains(@class,'even_col')][1] is not present. Message: no such element: Unable to locate element: {"method":"xpath","selector":"//div[@class='tableFixHead']/table/tbody/tr[contains(@class,'even_col')][1]"}
  (Session info: chrome=122.0.6261.131); For documentation on this error, please visit: https://www.selenium.dev/documentation/webdriver/troubleshooting/errors#no-such-element-exception
Stacktrace:
	GetHandleVerifier [0x00007FF63AC7AD02+56930]
	(No symbol) [0x00007FF63ABEF602]
	(No symbol) [0x00007FF63AAA42E5]
	(No symbol) [0x00007FF63AAE98ED]
	(No symbol) [0x00007FF63AAE9A2C]
	(No symbol) [0x00007FF63AB2A967]
	(No symbol) [0x00007FF63AB0BCDF]
	(No symbol) [0x00007FF63AB281E2]
	(No symbol) [0x00007FF63AB0BA43]
	(No symbol) [0x00007FF63AADD438]
	(No symbol) [0x00007FF63AADE4D1]
	GetHandleVerifier [0x00007FF63AFF6F8D+3711213]
	GetHandleVerifier [0x00007FF63B0504CD+4077101]
	GetHandleVerifier [0x00007FF63B04865F+4044735]
	GetHandleVerifier [0x00007FF63AD19736+706710]
	(No symbol) [0x00007FF63ABFB8DF]
	(No symbol) [0x00007FF63ABF6AC4]
	(No symbol) [0x00007FF63ABF6C1C]
	(No symbol) [0x00007FF63ABE68D4]
	BaseThreadInitThunk [0x00007FF9494C257D+29]
	RtlUserThreadStart [0x00007FF94AC4AA58+40]

2024-04-04 15:50:31,699 [INFO] automation Element located by //div[@class='tableFixHead']/table/tbody/tr[contains(@class,'even_col')][1] is present.
2024-04-04 15:50:34,150 [INFO] automation Element located by //input[@formcontrolname='email'] is present.
2024-04-04 15:50:34,158 [INFO] automation Element located by //input[@formcontrolname='email'] is present.
2024-04-04 15:50:34,525 [ERROR] automation Element located by //span[contains(text(),'Email Address already exists')] is not present. Message: no such element: Unable to locate element: {"method":"xpath","selector":"//span[contains(text(),'Email Address already exists')]"}
  (Session info: chrome=122.0.6261.131); For documentation on this error, please visit: https://www.selenium.dev/documentation/webdriver/troubleshooting/errors#no-such-element-exception
Stacktrace:
	GetHandleVerifier [0x00007FF63AC7AD02+56930]
	(No symbol) [0x00007FF63ABEF602]
	(No symbol) [0x00007FF63AAA42E5]
	(No symbol) [0x00007FF63AAE98ED]
	(No symbol) [0x00007FF63AAE9A2C]
	(No symbol) [0x00007FF63AB2A967]
	(No symbol) [0x00007FF63AB0BCDF]
	(No symbol) [0x00007FF63AB281E2]
	(No symbol) [0x00007FF63AB0BA43]
	(No symbol) [0x00007FF63AADD438]
	(No symbol) [0x00007FF63AADE4D1]
	GetHandleVerifier [0x00007FF63AFF6F8D+3711213]
	GetHandleVerifier [0x00007FF63B0504CD+4077101]
	GetHandleVerifier [0x00007FF63B04865F+4044735]
	GetHandleVerifier [0x00007FF63AD19736+706710]
	(No symbol) [0x00007FF63ABFB8DF]
	(No symbol) [0x00007FF63ABF6AC4]
	(No symbol) [0x00007FF63ABF6C1C]
	(No symbol) [0x00007FF63ABE68D4]
	BaseThreadInitThunk [0x00007FF9494C257D+29]
	RtlUserThreadStart [0x00007FF94AC4AA58+40]

2024-04-04 15:50:34,539 [ERROR] automation Element located by //div[@role='alert' and contains(text(),'success') or contains(text(),'Success')] is not present. Message: no such element: Unable to locate element: {"method":"xpath","selector":"//div[@role='alert' and contains(text(),'success') or contains(text(),'Success')]"}
  (Session info: chrome=122.0.6261.131); For documentation on this error, please visit: https://www.selenium.dev/documentation/webdriver/troubleshooting/errors#no-such-element-exception
Stacktrace:
	GetHandleVerifier [0x00007FF63AC7AD02+56930]
	(No symbol) [0x00007FF63ABEF602]
	(No symbol) [0x00007FF63AAA42E5]
	(No symbol) [0x00007FF63AAE98ED]
	(No symbol) [0x00007FF63AAE9A2C]
	(No symbol) [0x00007FF63AB2A967]
	(No symbol) [0x00007FF63AB0BCDF]
	(No symbol) [0x00007FF63AB281E2]
	(No symbol) [0x00007FF63AB0BA43]
	(No symbol) [0x00007FF63AADD438]
	(No symbol) [0x00007FF63AADE4D1]
	GetHandleVerifier [0x00007FF63AFF6F8D+3711213]
	GetHandleVerifier [0x00007FF63B0504CD+4077101]
	GetHandleVerifier [0x00007FF63B04865F+4044735]
	GetHandleVerifier [0x00007FF63AD19736+706710]
	(No symbol) [0x00007FF63ABFB8DF]
	(No symbol) [0x00007FF63ABF6AC4]
	(No symbol) [0x00007FF63ABF6C1C]
	(No symbol) [0x00007FF63ABE68D4]
	BaseThreadInitThunk [0x00007FF9494C257D+29]
	RtlUserThreadStart [0x00007FF94AC4AA58+40]

2024-04-04 15:50:34,539 [INFO] automation Test passed.
2024-04-04 15:50:34,560 [INFO] automation Test has started.
2024-04-04 15:50:34,560 [INFO] automation Navigating to the https://chorusqa.cogninelabs.com/
2024-04-04 15:50:41,997 [ERROR] automation Element located by i0116 is not present. Message: no such element: Unable to locate element: {"method":"css selector","selector":"[id="i0116"]"}
  (Session info: chrome=122.0.6261.131); For documentation on this error, please visit: https://www.selenium.dev/documentation/webdriver/troubleshooting/errors#no-such-element-exception
Stacktrace:
	GetHandleVerifier [0x00007FF63AC7AD02+56930]
	(No symbol) [0x00007FF63ABEF602]
	(No symbol) [0x00007FF63AAA42E5]
	(No symbol) [0x00007FF63AAE98ED]
	(No symbol) [0x00007FF63AAE9A2C]
	(No symbol) [0x00007FF63AB2A967]
	(No symbol) [0x00007FF63AB0BCDF]
	(No symbol) [0x00007FF63AB281E2]
	(No symbol) [0x00007FF63AB0BA43]
	(No symbol) [0x00007FF63AADD438]
	(No symbol) [0x00007FF63AADE4D1]
	GetHandleVerifier [0x00007FF63AFF6F8D+3711213]
	GetHandleVerifier [0x00007FF63B0504CD+4077101]
	GetHandleVerifier [0x00007FF63B04865F+4044735]
	GetHandleVerifier [0x00007FF63AD19736+706710]
	(No symbol) [0x00007FF63ABFB8DF]
	(No symbol) [0x00007FF63ABF6AC4]
	(No symbol) [0x00007FF63ABF6C1C]
	(No symbol) [0x00007FF63ABE68D4]
	BaseThreadInitThunk [0x00007FF9494C257D+29]
	RtlUserThreadStart [0x00007FF94AC4AA58+40]

2024-04-04 15:50:42,059 [ERROR] automation Element located by i0116 is not present. Message: no such element: Unable to locate element: {"method":"css selector","selector":"[id="i0116"]"}
  (Session info: chrome=122.0.6261.131); For documentation on this error, please visit: https://www.selenium.dev/documentation/webdriver/troubleshooting/errors#no-such-element-exception
Stacktrace:
	GetHandleVerifier [0x00007FF63AC7AD02+56930]
	(No symbol) [0x00007FF63ABEF602]
	(No symbol) [0x00007FF63AAA42E5]
	(No symbol) [0x00007FF63AAE98ED]
	(No symbol) [0x00007FF63AAE9A2C]
	(No symbol) [0x00007FF63AB2A967]
	(No symbol) [0x00007FF63AB0BCDF]
	(No symbol) [0x00007FF63AB281E2]
	(No symbol) [0x00007FF63AB0BA43]
	(No symbol) [0x00007FF63AADD438]
	(No symbol) [0x00007FF63AADE4D1]
	GetHandleVerifier [0x00007FF63AFF6F8D+3711213]
	GetHandleVerifier [0x00007FF63B0504CD+4077101]
	GetHandleVerifier [0x00007FF63B04865F+4044735]
	GetHandleVerifier [0x00007FF63AD19736+706710]
	(No symbol) [0x00007FF63ABFB8DF]
	(No symbol) [0x00007FF63ABF6AC4]
	(No symbol) [0x00007FF63ABF6C1C]
	(No symbol) [0x00007FF63ABE68D4]
	BaseThreadInitThunk [0x00007FF9494C257D+29]
	RtlUserThreadStart [0x00007FF94AC4AA58+40]

2024-04-04 15:50:42,125 [ERROR] automation Element located by i0116 is not present. Message: no such element: Unable to locate element: {"method":"css selector","selector":"[id="i0116"]"}
  (Session info: chrome=122.0.6261.131); For documentation on this error, please visit: https://www.selenium.dev/documentation/webdriver/troubleshooting/errors#no-such-element-exception
Stacktrace:
	GetHandleVerifier [0x00007FF63AC7AD02+56930]
	(No symbol) [0x00007FF63ABEF602]
	(No symbol) [0x00007FF63AAA42E5]
	(No symbol) [0x00007FF63AAE98ED]
	(No symbol) [0x00007FF63AAE9A2C]
	(No symbol) [0x00007FF63AB2A967]
	(No symbol) [0x00007FF63AB0BCDF]
	(No symbol) [0x00007FF63AB281E2]
	(No symbol) [0x00007FF63AB0BA43]
	(No symbol) [0x00007FF63AADD438]
	(No symbol) [0x00007FF63AADE4D1]
	GetHandleVerifier [0x00007FF63AFF6F8D+3711213]
	GetHandleVerifier [0x00007FF63B0504CD+4077101]
	GetHandleVerifier [0x00007FF63B04865F+4044735]
	GetHandleVerifier [0x00007FF63AD19736+706710]
	(No symbol) [0x00007FF63ABFB8DF]
	(No symbol) [0x00007FF63ABF6AC4]
	(No symbol) [0x00007FF63ABF6C1C]
	(No symbol) [0x00007FF63ABE68D4]
	BaseThreadInitThunk [0x00007FF9494C257D+29]
	RtlUserThreadStart [0x00007FF94AC4AA58+40]

2024-04-04 15:50:42,190 [ERROR] automation Element located by i0116 is not present. Message: no such element: Unable to locate element: {"method":"css selector","selector":"[id="i0116"]"}
  (Session info: chrome=122.0.6261.131); For documentation on this error, please visit: https://www.selenium.dev/documentation/webdriver/troubleshooting/errors#no-such-element-exception
Stacktrace:
	GetHandleVerifier [0x00007FF63AC7AD02+56930]
	(No symbol) [0x00007FF63ABEF602]
	(No symbol) [0x00007FF63AAA42E5]
	(No symbol) [0x00007FF63AAE98ED]
	(No symbol) [0x00007FF63AAE9A2C]
	(No symbol) [0x00007FF63AB2A967]
	(No symbol) [0x00007FF63AB0BCDF]
	(No symbol) [0x00007FF63AB281E2]
	(No symbol) [0x00007FF63AB0BA43]
	(No symbol) [0x00007FF63AADD438]
	(No symbol) [0x00007FF63AADE4D1]
	GetHandleVerifier [0x00007FF63AFF6F8D+3711213]
	GetHandleVerifier [0x00007FF63B0504CD+4077101]
	GetHandleVerifier [0x00007FF63B04865F+4044735]
	GetHandleVerifier [0x00007FF63AD19736+706710]
	(No symbol) [0x00007FF63ABFB8DF]
	(No symbol) [0x00007FF63ABF6AC4]
	(No symbol) [0x00007FF63ABF6C1C]
	(No symbol) [0x00007FF63ABE68D4]
	BaseThreadInitThunk [0x00007FF9494C257D+29]
	RtlUserThreadStart [0x00007FF94AC4AA58+40]

2024-04-04 15:50:42,256 [ERROR] automation Element located by i0116 is not present. Message: no such element: Unable to locate element: {"method":"css selector","selector":"[id="i0116"]"}
  (Session info: chrome=122.0.6261.131); For documentation on this error, please visit: https://www.selenium.dev/documentation/webdriver/troubleshooting/errors#no-such-element-exception
Stacktrace:
	GetHandleVerifier [0x00007FF63AC7AD02+56930]
	(No symbol) [0x00007FF63ABEF602]
	(No symbol) [0x00007FF63AAA42E5]
	(No symbol) [0x00007FF63AAE98ED]
	(No symbol) [0x00007FF63AAE9A2C]
	(No symbol) [0x00007FF63AB2A967]
	(No symbol) [0x00007FF63AB0BCDF]
	(No symbol) [0x00007FF63AB281E2]
	(No symbol) [0x00007FF63AB0BA43]
	(No symbol) [0x00007FF63AADD438]
	(No symbol) [0x00007FF63AADE4D1]
	GetHandleVerifier [0x00007FF63AFF6F8D+3711213]
	GetHandleVerifier [0x00007FF63B0504CD+4077101]
	GetHandleVerifier [0x00007FF63B04865F+4044735]
	GetHandleVerifier [0x00007FF63AD19736+706710]
	(No symbol) [0x00007FF63ABFB8DF]
	(No symbol) [0x00007FF63ABF6AC4]
	(No symbol) [0x00007FF63ABF6C1C]
	(No symbol) [0x00007FF63ABE68D4]
	BaseThreadInitThunk [0x00007FF9494C257D+29]
	RtlUserThreadStart [0x00007FF94AC4AA58+40]

2024-04-04 15:50:42,320 [ERROR] automation Element located by i0116 is not present. Message: no such element: Unable to locate element: {"method":"css selector","selector":"[id="i0116"]"}
  (Session info: chrome=122.0.6261.131); For documentation on this error, please visit: https://www.selenium.dev/documentation/webdriver/troubleshooting/errors#no-such-element-exception
Stacktrace:
	GetHandleVerifier [0x00007FF63AC7AD02+56930]
	(No symbol) [0x00007FF63ABEF602]
	(No symbol) [0x00007FF63AAA42E5]
	(No symbol) [0x00007FF63AAE98ED]
	(No symbol) [0x00007FF63AAE9A2C]
	(No symbol) [0x00007FF63AB2A967]
	(No symbol) [0x00007FF63AB0BCDF]
	(No symbol) [0x00007FF63AB281E2]
	(No symbol) [0x00007FF63AB0BA43]
	(No symbol) [0x00007FF63AADD438]
	(No symbol) [0x00007FF63AADE4D1]
	GetHandleVerifier [0x00007FF63AFF6F8D+3711213]
	GetHandleVerifier [0x00007FF63B0504CD+4077101]
	GetHandleVerifier [0x00007FF63B04865F+4044735]
	GetHandleVerifier [0x00007FF63AD19736+706710]
	(No symbol) [0x00007FF63ABFB8DF]
	(No symbol) [0x00007FF63ABF6AC4]
	(No symbol) [0x00007FF63ABF6C1C]
	(No symbol) [0x00007FF63ABE68D4]
	BaseThreadInitThunk [0x00007FF9494C257D+29]
	RtlUserThreadStart [0x00007FF94AC4AA58+40]

2024-04-04 15:50:42,382 [ERROR] automation Element located by i0116 is not present. Message: no such element: Unable to locate element: {"method":"css selector","selector":"[id="i0116"]"}
  (Session info: chrome=122.0.6261.131); For documentation on this error, please visit: https://www.selenium.dev/documentation/webdriver/troubleshooting/errors#no-such-element-exception
Stacktrace:
	GetHandleVerifier [0x00007FF63AC7AD02+56930]
	(No symbol) [0x00007FF63ABEF602]
	(No symbol) [0x00007FF63AAA42E5]
	(No symbol) [0x00007FF63AAE98ED]
	(No symbol) [0x00007FF63AAE9A2C]
	(No symbol) [0x00007FF63AB2A967]
	(No symbol) [0x00007FF63AB0BCDF]
	(No symbol) [0x00007FF63AB281E2]
	(No symbol) [0x00007FF63AB0BA43]
	(No symbol) [0x00007FF63AADD438]
	(No symbol) [0x00007FF63AADE4D1]
	GetHandleVerifier [0x00007FF63AFF6F8D+3711213]
	GetHandleVerifier [0x00007FF63B0504CD+4077101]
	GetHandleVerifier [0x00007FF63B04865F+4044735]
	GetHandleVerifier [0x00007FF63AD19736+706710]
	(No symbol) [0x00007FF63ABFB8DF]
	(No symbol) [0x00007FF63ABF6AC4]
	(No symbol) [0x00007FF63ABF6C1C]
	(No symbol) [0x00007FF63ABE68D4]
	BaseThreadInitThunk [0x00007FF9494C257D+29]
	RtlUserThreadStart [0x00007FF94AC4AA58+40]

2024-04-04 15:50:42,443 [ERROR] automation Element located by i0116 is not present. Message: no such element: Unable to locate element: {"method":"css selector","selector":"[id="i0116"]"}
  (Session info: chrome=122.0.6261.131); For documentation on this error, please visit: https://www.selenium.dev/documentation/webdriver/troubleshooting/errors#no-such-element-exception
Stacktrace:
	GetHandleVerifier [0x00007FF63AC7AD02+56930]
	(No symbol) [0x00007FF63ABEF602]
	(No symbol) [0x00007FF63AAA42E5]
	(No symbol) [0x00007FF63AAE98ED]
	(No symbol) [0x00007FF63AAE9A2C]
	(No symbol) [0x00007FF63AB2A967]
	(No symbol) [0x00007FF63AB0BCDF]
	(No symbol) [0x00007FF63AB281E2]
	(No symbol) [0x00007FF63AB0BA43]
	(No symbol) [0x00007FF63AADD438]
	(No symbol) [0x00007FF63AADE4D1]
	GetHandleVerifier [0x00007FF63AFF6F8D+3711213]
	GetHandleVerifier [0x00007FF63B0504CD+4077101]
	GetHandleVerifier [0x00007FF63B04865F+4044735]
	GetHandleVerifier [0x00007FF63AD19736+706710]
	(No symbol) [0x00007FF63ABFB8DF]
	(No symbol) [0x00007FF63ABF6AC4]
	(No symbol) [0x00007FF63ABF6C1C]
	(No symbol) [0x00007FF63ABE68D4]
	BaseThreadInitThunk [0x00007FF9494C257D+29]
	RtlUserThreadStart [0x00007FF94AC4AA58+40]

2024-04-04 15:50:43,289 [ERROR] automation Element located by i0116 is not present. Message: no such element: Unable to locate element: {"method":"css selector","selector":"[id="i0116"]"}
  (Session info: chrome=122.0.6261.131); For documentation on this error, please visit: https://www.selenium.dev/documentation/webdriver/troubleshooting/errors#no-such-element-exception
Stacktrace:
	GetHandleVerifier [0x00007FF63AC7AD02+56930]
	(No symbol) [0x00007FF63ABEF602]
	(No symbol) [0x00007FF63AAA42E5]
	(No symbol) [0x00007FF63AAE98ED]
	(No symbol) [0x00007FF63AAE9A2C]
	(No symbol) [0x00007FF63AB2A967]
	(No symbol) [0x00007FF63AB0BCDF]
	(No symbol) [0x00007FF63AB281E2]
	(No symbol) [0x00007FF63AB0BA43]
	(No symbol) [0x00007FF63AADD438]
	(No symbol) [0x00007FF63AADE4D1]
	GetHandleVerifier [0x00007FF63AFF6F8D+3711213]
	GetHandleVerifier [0x00007FF63B0504CD+4077101]
	GetHandleVerifier [0x00007FF63B04865F+4044735]
	GetHandleVerifier [0x00007FF63AD19736+706710]
	(No symbol) [0x00007FF63ABFB8DF]
	(No symbol) [0x00007FF63ABF6AC4]
	(No symbol) [0x00007FF63ABF6C1C]
	(No symbol) [0x00007FF63ABE68D4]
	BaseThreadInitThunk [0x00007FF9494C257D+29]
	RtlUserThreadStart [0x00007FF94AC4AA58+40]

2024-04-04 15:50:43,352 [ERROR] automation Element located by i0116 is not present. Message: no such element: Unable to locate element: {"method":"css selector","selector":"[id="i0116"]"}
  (Session info: chrome=122.0.6261.131); For documentation on this error, please visit: https://www.selenium.dev/documentation/webdriver/troubleshooting/errors#no-such-element-exception
Stacktrace:
	GetHandleVerifier [0x00007FF63AC7AD02+56930]
	(No symbol) [0x00007FF63ABEF602]
	(No symbol) [0x00007FF63AAA42E5]
	(No symbol) [0x00007FF63AAE98ED]
	(No symbol) [0x00007FF63AAE9A2C]
	(No symbol) [0x00007FF63AB2A967]
	(No symbol) [0x00007FF63AB0BCDF]
	(No symbol) [0x00007FF63AB281E2]
	(No symbol) [0x00007FF63AB0BA43]
	(No symbol) [0x00007FF63AADD438]
	(No symbol) [0x00007FF63AADE4D1]
	GetHandleVerifier [0x00007FF63AFF6F8D+3711213]
	GetHandleVerifier [0x00007FF63B0504CD+4077101]
	GetHandleVerifier [0x00007FF63B04865F+4044735]
	GetHandleVerifier [0x00007FF63AD19736+706710]
	(No symbol) [0x00007FF63ABFB8DF]
	(No symbol) [0x00007FF63ABF6AC4]
	(No symbol) [0x00007FF63ABF6C1C]
	(No symbol) [0x00007FF63ABE68D4]
	BaseThreadInitThunk [0x00007FF9494C257D+29]
	RtlUserThreadStart [0x00007FF94AC4AA58+40]

2024-04-04 15:50:43,502 [ERROR] automation Element located by i0116 is not present. Message: no such element: Unable to locate element: {"method":"css selector","selector":"[id="i0116"]"}
  (Session info: chrome=122.0.6261.131); For documentation on this error, please visit: https://www.selenium.dev/documentation/webdriver/troubleshooting/errors#no-such-element-exception
Stacktrace:
	GetHandleVerifier [0x00007FF63AC7AD02+56930]
	(No symbol) [0x00007FF63ABEF602]
	(No symbol) [0x00007FF63AAA42E5]
	(No symbol) [0x00007FF63AAE98ED]
	(No symbol) [0x00007FF63AAE9A2C]
	(No symbol) [0x00007FF63AB2A967]
	(No symbol) [0x00007FF63AB0BCDF]
	(No symbol) [0x00007FF63AB281E2]
	(No symbol) [0x00007FF63AB0BA43]
	(No symbol) [0x00007FF63AADD438]
	(No symbol) [0x00007FF63AADE4D1]
	GetHandleVerifier [0x00007FF63AFF6F8D+3711213]
	GetHandleVerifier [0x00007FF63B0504CD+4077101]
	GetHandleVerifier [0x00007FF63B04865F+4044735]
	GetHandleVerifier [0x00007FF63AD19736+706710]
	(No symbol) [0x00007FF63ABFB8DF]
	(No symbol) [0x00007FF63ABF6AC4]
	(No symbol) [0x00007FF63ABF6C1C]
	(No symbol) [0x00007FF63ABE68D4]
	BaseThreadInitThunk [0x00007FF9494C257D+29]
	RtlUserThreadStart [0x00007FF94AC4AA58+40]

2024-04-04 15:50:43,570 [ERROR] automation Element located by i0116 is not present. Message: no such element: Unable to locate element: {"method":"css selector","selector":"[id="i0116"]"}
  (Session info: chrome=122.0.6261.131); For documentation on this error, please visit: https://www.selenium.dev/documentation/webdriver/troubleshooting/errors#no-such-element-exception
Stacktrace:
	GetHandleVerifier [0x00007FF63AC7AD02+56930]
	(No symbol) [0x00007FF63ABEF602]
	(No symbol) [0x00007FF63AAA42E5]
	(No symbol) [0x00007FF63AAE98ED]
	(No symbol) [0x00007FF63AAE9A2C]
	(No symbol) [0x00007FF63AB2A967]
	(No symbol) [0x00007FF63AB0BCDF]
	(No symbol) [0x00007FF63AB281E2]
	(No symbol) [0x00007FF63AB0BA43]
	(No symbol) [0x00007FF63AADD438]
	(No symbol) [0x00007FF63AADE4D1]
	GetHandleVerifier [0x00007FF63AFF6F8D+3711213]
	GetHandleVerifier [0x00007FF63B0504CD+4077101]
	GetHandleVerifier [0x00007FF63B04865F+4044735]
	GetHandleVerifier [0x00007FF63AD19736+706710]
	(No symbol) [0x00007FF63ABFB8DF]
	(No symbol) [0x00007FF63ABF6AC4]
	(No symbol) [0x00007FF63ABF6C1C]
	(No symbol) [0x00007FF63ABE68D4]
	BaseThreadInitThunk [0x00007FF9494C257D+29]
	RtlUserThreadStart [0x00007FF94AC4AA58+40]

2024-04-04 15:50:43,766 [INFO] automation Element located by i0116 is present.
2024-04-04 15:50:51,224 [INFO] automation Element located by //div[@class='logo'] is present.
2024-04-04 15:50:55,331 [INFO] automation Element located by //div[@class='tableFixHead']/table/tbody/tr[contains(@class,'even_col')][1] is present.
2024-04-04 15:50:58,031 [INFO] automation Element located by //input[@formcontrolname='title'] is present.
2024-04-04 15:50:58,031 [INFO] automation Element located by //input[@formcontrolname='title'] is present.
2024-04-04 15:51:02,636 [INFO] automation CPU Percent: 7.1	Virtual Memory: svmem(total=12635017216, available=1715048448, percent=86.4, used=10919968768, free=1715048448)
2024-04-04 15:51:02,764 [INFO] automation screenshot logged as: C:\Users\Thanusha Kotaprolu\Automation Projects\cognine-crm-automation\RunExecutionScripts\common\logs\screenshots\test_crm_bulk_email_page_smoke_test__fail04155102e92f.png
2024-04-04 15:51:02,764 [ERROR] automation Test failed.
