2024-04-03 18:48:51,610 [INFO] automation Test has started.
2024-04-03 18:48:51,611 [INFO] automation Navigating to the https://chorusqa.cogninelabs.com/
2024-04-03 18:48:55,696 [ERROR] automation Element located by i0116 is not present. Message: no such element: Unable to locate element: {"method":"css selector","selector":"[id="i0116"]"}
  (Session info: chrome=122.0.6261.131); For documentation on this error, please visit: https://www.selenium.dev/documentation/webdriver/troubleshooting/errors#no-such-element-exception
Stacktrace:
	GetHandleVerifier [0x00007FF6C01FAD02+56930]
	(No symbol) [0x00007FF6C016F602]
	(No symbol) [0x00007FF6C00242E5]
	(No symbol) [0x00007FF6C00698ED]
	(No symbol) [0x00007FF6C0069A2C]
	(No symbol) [0x00007FF6C00AA967]
	(No symbol) [0x00007FF6C008BCDF]
	(No symbol) [0x00007FF6C00A81E2]
	(No symbol) [0x00007FF6C008BA43]
	(No symbol) [0x00007FF6C005D438]
	(No symbol) [0x00007FF6C005E4D1]
	GetHandleVerifier [0x00007FF6C0576F8D+3711213]
	GetHandleVerifier [0x00007FF6C05D04CD+4077101]
	GetHandleVerifier [0x00007FF6C05C865F+4044735]
	GetHandleVerifier [0x00007FF6C0299736+706710]
	(No symbol) [0x00007FF6C017B8DF]
	(No symbol) [0x00007FF6C0176AC4]
	(No symbol) [0x00007FF6C0176C1C]
	(No symbol) [0x00007FF6C01668D4]
	BaseThreadInitThunk [0x00007FF9494C257D+29]
	RtlUserThreadStart [0x00007FF94AC4AA58+40]

2024-04-03 18:48:55,762 [ERROR] automation Element located by i0116 is not present. Message: no such element: Unable to locate element: {"method":"css selector","selector":"[id="i0116"]"}
  (Session info: chrome=122.0.6261.131); For documentation on this error, please visit: https://www.selenium.dev/documentation/webdriver/troubleshooting/errors#no-such-element-exception
Stacktrace:
	GetHandleVerifier [0x00007FF6C01FAD02+56930]
	(No symbol) [0x00007FF6C016F602]
	(No symbol) [0x00007FF6C00242E5]
	(No symbol) [0x00007FF6C00698ED]
	(No symbol) [0x00007FF6C0069A2C]
	(No symbol) [0x00007FF6C00AA967]
	(No symbol) [0x00007FF6C008BCDF]
	(No symbol) [0x00007FF6C00A81E2]
	(No symbol) [0x00007FF6C008BA43]
	(No symbol) [0x00007FF6C005D438]
	(No symbol) [0x00007FF6C005E4D1]
	GetHandleVerifier [0x00007FF6C0576F8D+3711213]
	GetHandleVerifier [0x00007FF6C05D04CD+4077101]
	GetHandleVerifier [0x00007FF6C05C865F+4044735]
	GetHandleVerifier [0x00007FF6C0299736+706710]
	(No symbol) [0x00007FF6C017B8DF]
	(No symbol) [0x00007FF6C0176AC4]
	(No symbol) [0x00007FF6C0176C1C]
	(No symbol) [0x00007FF6C01668D4]
	BaseThreadInitThunk [0x00007FF9494C257D+29]
	RtlUserThreadStart [0x00007FF94AC4AA58+40]

2024-04-03 18:48:55,826 [ERROR] automation Element located by i0116 is not present. Message: no such element: Unable to locate element: {"method":"css selector","selector":"[id="i0116"]"}
  (Session info: chrome=122.0.6261.131); For documentation on this error, please visit: https://www.selenium.dev/documentation/webdriver/troubleshooting/errors#no-such-element-exception
Stacktrace:
	GetHandleVerifier [0x00007FF6C01FAD02+56930]
	(No symbol) [0x00007FF6C016F602]
	(No symbol) [0x00007FF6C00242E5]
	(No symbol) [0x00007FF6C00698ED]
	(No symbol) [0x00007FF6C0069A2C]
	(No symbol) [0x00007FF6C00AA967]
	(No symbol) [0x00007FF6C008BCDF]
	(No symbol) [0x00007FF6C00A81E2]
	(No symbol) [0x00007FF6C008BA43]
	(No symbol) [0x00007FF6C005D438]
	(No symbol) [0x00007FF6C005E4D1]
	GetHandleVerifier [0x00007FF6C0576F8D+3711213]
	GetHandleVerifier [0x00007FF6C05D04CD+4077101]
	GetHandleVerifier [0x00007FF6C05C865F+4044735]
	GetHandleVerifier [0x00007FF6C0299736+706710]
	(No symbol) [0x00007FF6C017B8DF]
	(No symbol) [0x00007FF6C0176AC4]
	(No symbol) [0x00007FF6C0176C1C]
	(No symbol) [0x00007FF6C01668D4]
	BaseThreadInitThunk [0x00007FF9494C257D+29]
	RtlUserThreadStart [0x00007FF94AC4AA58+40]

2024-04-03 18:48:55,898 [ERROR] automation Element located by i0116 is not present. Message: no such element: Unable to locate element: {"method":"css selector","selector":"[id="i0116"]"}
  (Session info: chrome=122.0.6261.131); For documentation on this error, please visit: https://www.selenium.dev/documentation/webdriver/troubleshooting/errors#no-such-element-exception
Stacktrace:
	GetHandleVerifier [0x00007FF6C01FAD02+56930]
	(No symbol) [0x00007FF6C016F602]
	(No symbol) [0x00007FF6C00242E5]
	(No symbol) [0x00007FF6C00698ED]
	(No symbol) [0x00007FF6C0069A2C]
	(No symbol) [0x00007FF6C00AA967]
	(No symbol) [0x00007FF6C008BCDF]
	(No symbol) [0x00007FF6C00A81E2]
	(No symbol) [0x00007FF6C008BA43]
	(No symbol) [0x00007FF6C005D438]
	(No symbol) [0x00007FF6C005E4D1]
	GetHandleVerifier [0x00007FF6C0576F8D+3711213]
	GetHandleVerifier [0x00007FF6C05D04CD+4077101]
	GetHandleVerifier [0x00007FF6C05C865F+4044735]
	GetHandleVerifier [0x00007FF6C0299736+706710]
	(No symbol) [0x00007FF6C017B8DF]
	(No symbol) [0x00007FF6C0176AC4]
	(No symbol) [0x00007FF6C0176C1C]
	(No symbol) [0x00007FF6C01668D4]
	BaseThreadInitThunk [0x00007FF9494C257D+29]
	RtlUserThreadStart [0x00007FF94AC4AA58+40]

2024-04-03 18:48:55,962 [ERROR] automation Element located by i0116 is not present. Message: no such element: Unable to locate element: {"method":"css selector","selector":"[id="i0116"]"}
  (Session info: chrome=122.0.6261.131); For documentation on this error, please visit: https://www.selenium.dev/documentation/webdriver/troubleshooting/errors#no-such-element-exception
Stacktrace:
	GetHandleVerifier [0x00007FF6C01FAD02+56930]
	(No symbol) [0x00007FF6C016F602]
	(No symbol) [0x00007FF6C00242E5]
	(No symbol) [0x00007FF6C00698ED]
	(No symbol) [0x00007FF6C0069A2C]
	(No symbol) [0x00007FF6C00AA967]
	(No symbol) [0x00007FF6C008BCDF]
	(No symbol) [0x00007FF6C00A81E2]
	(No symbol) [0x00007FF6C008BA43]
	(No symbol) [0x00007FF6C005D438]
	(No symbol) [0x00007FF6C005E4D1]
	GetHandleVerifier [0x00007FF6C0576F8D+3711213]
	GetHandleVerifier [0x00007FF6C05D04CD+4077101]
	GetHandleVerifier [0x00007FF6C05C865F+4044735]
	GetHandleVerifier [0x00007FF6C0299736+706710]
	(No symbol) [0x00007FF6C017B8DF]
	(No symbol) [0x00007FF6C0176AC4]
	(No symbol) [0x00007FF6C0176C1C]
	(No symbol) [0x00007FF6C01668D4]
	BaseThreadInitThunk [0x00007FF9494C257D+29]
	RtlUserThreadStart [0x00007FF94AC4AA58+40]

2024-04-03 18:48:57,059 [ERROR] automation Element located by i0116 is not present. Message: no such element: Unable to locate element: {"method":"css selector","selector":"[id="i0116"]"}
  (Session info: chrome=122.0.6261.131); For documentation on this error, please visit: https://www.selenium.dev/documentation/webdriver/troubleshooting/errors#no-such-element-exception
Stacktrace:
	GetHandleVerifier [0x00007FF6C01FAD02+56930]
	(No symbol) [0x00007FF6C016F602]
	(No symbol) [0x00007FF6C00242E5]
	(No symbol) [0x00007FF6C00698ED]
	(No symbol) [0x00007FF6C0069A2C]
	(No symbol) [0x00007FF6C00AA967]
	(No symbol) [0x00007FF6C008BCDF]
	(No symbol) [0x00007FF6C00A81E2]
	(No symbol) [0x00007FF6C008BA43]
	(No symbol) [0x00007FF6C005D438]
	(No symbol) [0x00007FF6C005E4D1]
	GetHandleVerifier [0x00007FF6C0576F8D+3711213]
	GetHandleVerifier [0x00007FF6C05D04CD+4077101]
	GetHandleVerifier [0x00007FF6C05C865F+4044735]
	GetHandleVerifier [0x00007FF6C0299736+706710]
	(No symbol) [0x00007FF6C017B8DF]
	(No symbol) [0x00007FF6C0176AC4]
	(No symbol) [0x00007FF6C0176C1C]
	(No symbol) [0x00007FF6C01668D4]
	BaseThreadInitThunk [0x00007FF9494C257D+29]
	RtlUserThreadStart [0x00007FF94AC4AA58+40]

2024-04-03 18:48:57,119 [ERROR] automation Element located by i0116 is not present. Message: no such element: Unable to locate element: {"method":"css selector","selector":"[id="i0116"]"}
  (Session info: chrome=122.0.6261.131); For documentation on this error, please visit: https://www.selenium.dev/documentation/webdriver/troubleshooting/errors#no-such-element-exception
Stacktrace:
	GetHandleVerifier [0x00007FF6C01FAD02+56930]
	(No symbol) [0x00007FF6C016F602]
	(No symbol) [0x00007FF6C00242E5]
	(No symbol) [0x00007FF6C00698ED]
	(No symbol) [0x00007FF6C0069A2C]
	(No symbol) [0x00007FF6C00AA967]
	(No symbol) [0x00007FF6C008BCDF]
	(No symbol) [0x00007FF6C00A81E2]
	(No symbol) [0x00007FF6C008BA43]
	(No symbol) [0x00007FF6C005D438]
	(No symbol) [0x00007FF6C005E4D1]
	GetHandleVerifier [0x00007FF6C0576F8D+3711213]
	GetHandleVerifier [0x00007FF6C05D04CD+4077101]
	GetHandleVerifier [0x00007FF6C05C865F+4044735]
	GetHandleVerifier [0x00007FF6C0299736+706710]
	(No symbol) [0x00007FF6C017B8DF]
	(No symbol) [0x00007FF6C0176AC4]
	(No symbol) [0x00007FF6C0176C1C]
	(No symbol) [0x00007FF6C01668D4]
	BaseThreadInitThunk [0x00007FF9494C257D+29]
	RtlUserThreadStart [0x00007FF94AC4AA58+40]

2024-04-03 18:48:57,304 [INFO] automation Element located by i0116 is present.
2024-04-03 18:49:04,272 [INFO] automation Element located by //div[@class='logo'] is present.
2024-04-03 18:49:08,373 [INFO] automation Element located by //div[@class='tableFixHead']/table/tbody/tr[contains(@class,'even_col')][1] is present.
2024-04-03 18:49:10,792 [INFO] automation Element located by //input[@formcontrolname='email'] is present.
2024-04-03 18:49:10,799 [INFO] automation Element located by //input[@formcontrolname='email'] is present.
2024-04-03 18:49:11,220 [ERROR] automation Element located by //span[contains(text(),'Email Address already exists')] is not present. Message: no such element: Unable to locate element: {"method":"xpath","selector":"//span[contains(text(),'Email Address already exists')]"}
  (Session info: chrome=122.0.6261.131); For documentation on this error, please visit: https://www.selenium.dev/documentation/webdriver/troubleshooting/errors#no-such-element-exception
Stacktrace:
	GetHandleVerifier [0x00007FF6C01FAD02+56930]
	(No symbol) [0x00007FF6C016F602]
	(No symbol) [0x00007FF6C00242E5]
	(No symbol) [0x00007FF6C00698ED]
	(No symbol) [0x00007FF6C0069A2C]
	(No symbol) [0x00007FF6C00AA967]
	(No symbol) [0x00007FF6C008BCDF]
	(No symbol) [0x00007FF6C00A81E2]
	(No symbol) [0x00007FF6C008BA43]
	(No symbol) [0x00007FF6C005D438]
	(No symbol) [0x00007FF6C005E4D1]
	GetHandleVerifier [0x00007FF6C0576F8D+3711213]
	GetHandleVerifier [0x00007FF6C05D04CD+4077101]
	GetHandleVerifier [0x00007FF6C05C865F+4044735]
	GetHandleVerifier [0x00007FF6C0299736+706710]
	(No symbol) [0x00007FF6C017B8DF]
	(No symbol) [0x00007FF6C0176AC4]
	(No symbol) [0x00007FF6C0176C1C]
	(No symbol) [0x00007FF6C01668D4]
	BaseThreadInitThunk [0x00007FF9494C257D+29]
	RtlUserThreadStart [0x00007FF94AC4AA58+40]

2024-04-03 18:49:11,241 [ERROR] automation Element located by //div[@role='alert' and contains(text(),'success') or contains(text(),'Success')] is not present. Message: no such element: Unable to locate element: {"method":"xpath","selector":"//div[@role='alert' and contains(text(),'success') or contains(text(),'Success')]"}
  (Session info: chrome=122.0.6261.131); For documentation on this error, please visit: https://www.selenium.dev/documentation/webdriver/troubleshooting/errors#no-such-element-exception
Stacktrace:
	GetHandleVerifier [0x00007FF6C01FAD02+56930]
	(No symbol) [0x00007FF6C016F602]
	(No symbol) [0x00007FF6C00242E5]
	(No symbol) [0x00007FF6C00698ED]
	(No symbol) [0x00007FF6C0069A2C]
	(No symbol) [0x00007FF6C00AA967]
	(No symbol) [0x00007FF6C008BCDF]
	(No symbol) [0x00007FF6C00A81E2]
	(No symbol) [0x00007FF6C008BA43]
	(No symbol) [0x00007FF6C005D438]
	(No symbol) [0x00007FF6C005E4D1]
	GetHandleVerifier [0x00007FF6C0576F8D+3711213]
	GetHandleVerifier [0x00007FF6C05D04CD+4077101]
	GetHandleVerifier [0x00007FF6C05C865F+4044735]
	GetHandleVerifier [0x00007FF6C0299736+706710]
	(No symbol) [0x00007FF6C017B8DF]
	(No symbol) [0x00007FF6C0176AC4]
	(No symbol) [0x00007FF6C0176C1C]
	(No symbol) [0x00007FF6C01668D4]
	BaseThreadInitThunk [0x00007FF9494C257D+29]
	RtlUserThreadStart [0x00007FF94AC4AA58+40]

2024-04-03 18:49:11,241 [INFO] automation Test passed.
2024-04-03 18:49:11,248 [INFO] automation Test has started.
2024-04-03 18:49:11,248 [INFO] automation Navigating to the https://chorusqa.cogninelabs.com/
2024-04-03 18:49:17,953 [ERROR] automation Element located by i0116 is not present. Message: no such element: Unable to locate element: {"method":"css selector","selector":"[id="i0116"]"}
  (Session info: chrome=122.0.6261.131); For documentation on this error, please visit: https://www.selenium.dev/documentation/webdriver/troubleshooting/errors#no-such-element-exception
Stacktrace:
	GetHandleVerifier [0x00007FF6C01FAD02+56930]
	(No symbol) [0x00007FF6C016F602]
	(No symbol) [0x00007FF6C00242E5]
	(No symbol) [0x00007FF6C00698ED]
	(No symbol) [0x00007FF6C0069A2C]
	(No symbol) [0x00007FF6C00AA967]
	(No symbol) [0x00007FF6C008BCDF]
	(No symbol) [0x00007FF6C00A81E2]
	(No symbol) [0x00007FF6C008BA43]
	(No symbol) [0x00007FF6C005D438]
	(No symbol) [0x00007FF6C005E4D1]
	GetHandleVerifier [0x00007FF6C0576F8D+3711213]
	GetHandleVerifier [0x00007FF6C05D04CD+4077101]
	GetHandleVerifier [0x00007FF6C05C865F+4044735]
	GetHandleVerifier [0x00007FF6C0299736+706710]
	(No symbol) [0x00007FF6C017B8DF]
	(No symbol) [0x00007FF6C0176AC4]
	(No symbol) [0x00007FF6C0176C1C]
	(No symbol) [0x00007FF6C01668D4]
	BaseThreadInitThunk [0x00007FF9494C257D+29]
	RtlUserThreadStart [0x00007FF94AC4AA58+40]

2024-04-03 18:49:18,011 [ERROR] automation Element located by i0116 is not present. Message: no such element: Unable to locate element: {"method":"css selector","selector":"[id="i0116"]"}
  (Session info: chrome=122.0.6261.131); For documentation on this error, please visit: https://www.selenium.dev/documentation/webdriver/troubleshooting/errors#no-such-element-exception
Stacktrace:
	GetHandleVerifier [0x00007FF6C01FAD02+56930]
	(No symbol) [0x00007FF6C016F602]
	(No symbol) [0x00007FF6C00242E5]
	(No symbol) [0x00007FF6C00698ED]
	(No symbol) [0x00007FF6C0069A2C]
	(No symbol) [0x00007FF6C00AA967]
	(No symbol) [0x00007FF6C008BCDF]
	(No symbol) [0x00007FF6C00A81E2]
	(No symbol) [0x00007FF6C008BA43]
	(No symbol) [0x00007FF6C005D438]
	(No symbol) [0x00007FF6C005E4D1]
	GetHandleVerifier [0x00007FF6C0576F8D+3711213]
	GetHandleVerifier [0x00007FF6C05D04CD+4077101]
	GetHandleVerifier [0x00007FF6C05C865F+4044735]
	GetHandleVerifier [0x00007FF6C0299736+706710]
	(No symbol) [0x00007FF6C017B8DF]
	(No symbol) [0x00007FF6C0176AC4]
	(No symbol) [0x00007FF6C0176C1C]
	(No symbol) [0x00007FF6C01668D4]
	BaseThreadInitThunk [0x00007FF9494C257D+29]
	RtlUserThreadStart [0x00007FF94AC4AA58+40]

2024-04-03 18:49:18,069 [ERROR] automation Element located by i0116 is not present. Message: no such element: Unable to locate element: {"method":"css selector","selector":"[id="i0116"]"}
  (Session info: chrome=122.0.6261.131); For documentation on this error, please visit: https://www.selenium.dev/documentation/webdriver/troubleshooting/errors#no-such-element-exception
Stacktrace:
	GetHandleVerifier [0x00007FF6C01FAD02+56930]
	(No symbol) [0x00007FF6C016F602]
	(No symbol) [0x00007FF6C00242E5]
	(No symbol) [0x00007FF6C00698ED]
	(No symbol) [0x00007FF6C0069A2C]
	(No symbol) [0x00007FF6C00AA967]
	(No symbol) [0x00007FF6C008BCDF]
	(No symbol) [0x00007FF6C00A81E2]
	(No symbol) [0x00007FF6C008BA43]
	(No symbol) [0x00007FF6C005D438]
	(No symbol) [0x00007FF6C005E4D1]
	GetHandleVerifier [0x00007FF6C0576F8D+3711213]
	GetHandleVerifier [0x00007FF6C05D04CD+4077101]
	GetHandleVerifier [0x00007FF6C05C865F+4044735]
	GetHandleVerifier [0x00007FF6C0299736+706710]
	(No symbol) [0x00007FF6C017B8DF]
	(No symbol) [0x00007FF6C0176AC4]
	(No symbol) [0x00007FF6C0176C1C]
	(No symbol) [0x00007FF6C01668D4]
	BaseThreadInitThunk [0x00007FF9494C257D+29]
	RtlUserThreadStart [0x00007FF94AC4AA58+40]

2024-04-03 18:49:18,128 [ERROR] automation Element located by i0116 is not present. Message: no such element: Unable to locate element: {"method":"css selector","selector":"[id="i0116"]"}
  (Session info: chrome=122.0.6261.131); For documentation on this error, please visit: https://www.selenium.dev/documentation/webdriver/troubleshooting/errors#no-such-element-exception
Stacktrace:
	GetHandleVerifier [0x00007FF6C01FAD02+56930]
	(No symbol) [0x00007FF6C016F602]
	(No symbol) [0x00007FF6C00242E5]
	(No symbol) [0x00007FF6C00698ED]
	(No symbol) [0x00007FF6C0069A2C]
	(No symbol) [0x00007FF6C00AA967]
	(No symbol) [0x00007FF6C008BCDF]
	(No symbol) [0x00007FF6C00A81E2]
	(No symbol) [0x00007FF6C008BA43]
	(No symbol) [0x00007FF6C005D438]
	(No symbol) [0x00007FF6C005E4D1]
	GetHandleVerifier [0x00007FF6C0576F8D+3711213]
	GetHandleVerifier [0x00007FF6C05D04CD+4077101]
	GetHandleVerifier [0x00007FF6C05C865F+4044735]
	GetHandleVerifier [0x00007FF6C0299736+706710]
	(No symbol) [0x00007FF6C017B8DF]
	(No symbol) [0x00007FF6C0176AC4]
	(No symbol) [0x00007FF6C0176C1C]
	(No symbol) [0x00007FF6C01668D4]
	BaseThreadInitThunk [0x00007FF9494C257D+29]
	RtlUserThreadStart [0x00007FF94AC4AA58+40]

2024-04-03 18:49:18,186 [ERROR] automation Element located by i0116 is not present. Message: no such element: Unable to locate element: {"method":"css selector","selector":"[id="i0116"]"}
  (Session info: chrome=122.0.6261.131); For documentation on this error, please visit: https://www.selenium.dev/documentation/webdriver/troubleshooting/errors#no-such-element-exception
Stacktrace:
	GetHandleVerifier [0x00007FF6C01FAD02+56930]
	(No symbol) [0x00007FF6C016F602]
	(No symbol) [0x00007FF6C00242E5]
	(No symbol) [0x00007FF6C00698ED]
	(No symbol) [0x00007FF6C0069A2C]
	(No symbol) [0x00007FF6C00AA967]
	(No symbol) [0x00007FF6C008BCDF]
	(No symbol) [0x00007FF6C00A81E2]
	(No symbol) [0x00007FF6C008BA43]
	(No symbol) [0x00007FF6C005D438]
	(No symbol) [0x00007FF6C005E4D1]
	GetHandleVerifier [0x00007FF6C0576F8D+3711213]
	GetHandleVerifier [0x00007FF6C05D04CD+4077101]
	GetHandleVerifier [0x00007FF6C05C865F+4044735]
	GetHandleVerifier [0x00007FF6C0299736+706710]
	(No symbol) [0x00007FF6C017B8DF]
	(No symbol) [0x00007FF6C0176AC4]
	(No symbol) [0x00007FF6C0176C1C]
	(No symbol) [0x00007FF6C01668D4]
	BaseThreadInitThunk [0x00007FF9494C257D+29]
	RtlUserThreadStart [0x00007FF94AC4AA58+40]

2024-04-03 18:49:18,246 [ERROR] automation Element located by i0116 is not present. Message: no such element: Unable to locate element: {"method":"css selector","selector":"[id="i0116"]"}
  (Session info: chrome=122.0.6261.131); For documentation on this error, please visit: https://www.selenium.dev/documentation/webdriver/troubleshooting/errors#no-such-element-exception
Stacktrace:
	GetHandleVerifier [0x00007FF6C01FAD02+56930]
	(No symbol) [0x00007FF6C016F602]
	(No symbol) [0x00007FF6C00242E5]
	(No symbol) [0x00007FF6C00698ED]
	(No symbol) [0x00007FF6C0069A2C]
	(No symbol) [0x00007FF6C00AA967]
	(No symbol) [0x00007FF6C008BCDF]
	(No symbol) [0x00007FF6C00A81E2]
	(No symbol) [0x00007FF6C008BA43]
	(No symbol) [0x00007FF6C005D438]
	(No symbol) [0x00007FF6C005E4D1]
	GetHandleVerifier [0x00007FF6C0576F8D+3711213]
	GetHandleVerifier [0x00007FF6C05D04CD+4077101]
	GetHandleVerifier [0x00007FF6C05C865F+4044735]
	GetHandleVerifier [0x00007FF6C0299736+706710]
	(No symbol) [0x00007FF6C017B8DF]
	(No symbol) [0x00007FF6C0176AC4]
	(No symbol) [0x00007FF6C0176C1C]
	(No symbol) [0x00007FF6C01668D4]
	BaseThreadInitThunk [0x00007FF9494C257D+29]
	RtlUserThreadStart [0x00007FF94AC4AA58+40]

2024-04-03 18:49:18,904 [ERROR] automation Element located by i0116 is not present. Message: no such element: Unable to locate element: {"method":"css selector","selector":"[id="i0116"]"}
  (Session info: chrome=122.0.6261.131); For documentation on this error, please visit: https://www.selenium.dev/documentation/webdriver/troubleshooting/errors#no-such-element-exception
Stacktrace:
	GetHandleVerifier [0x00007FF6C01FAD02+56930]
	(No symbol) [0x00007FF6C016F602]
	(No symbol) [0x00007FF6C00242E5]
	(No symbol) [0x00007FF6C00698ED]
	(No symbol) [0x00007FF6C0069A2C]
	(No symbol) [0x00007FF6C00AA967]
	(No symbol) [0x00007FF6C008BCDF]
	(No symbol) [0x00007FF6C00A81E2]
	(No symbol) [0x00007FF6C008BA43]
	(No symbol) [0x00007FF6C005D438]
	(No symbol) [0x00007FF6C005E4D1]
	GetHandleVerifier [0x00007FF6C0576F8D+3711213]
	GetHandleVerifier [0x00007FF6C05D04CD+4077101]
	GetHandleVerifier [0x00007FF6C05C865F+4044735]
	GetHandleVerifier [0x00007FF6C0299736+706710]
	(No symbol) [0x00007FF6C017B8DF]
	(No symbol) [0x00007FF6C0176AC4]
	(No symbol) [0x00007FF6C0176C1C]
	(No symbol) [0x00007FF6C01668D4]
	BaseThreadInitThunk [0x00007FF9494C257D+29]
	RtlUserThreadStart [0x00007FF94AC4AA58+40]

2024-04-03 18:49:18,979 [ERROR] automation Element located by i0116 is not present. Message: no such element: Unable to locate element: {"method":"css selector","selector":"[id="i0116"]"}
  (Session info: chrome=122.0.6261.131); For documentation on this error, please visit: https://www.selenium.dev/documentation/webdriver/troubleshooting/errors#no-such-element-exception
Stacktrace:
	GetHandleVerifier [0x00007FF6C01FAD02+56930]
	(No symbol) [0x00007FF6C016F602]
	(No symbol) [0x00007FF6C00242E5]
	(No symbol) [0x00007FF6C00698ED]
	(No symbol) [0x00007FF6C0069A2C]
	(No symbol) [0x00007FF6C00AA967]
	(No symbol) [0x00007FF6C008BCDF]
	(No symbol) [0x00007FF6C00A81E2]
	(No symbol) [0x00007FF6C008BA43]
	(No symbol) [0x00007FF6C005D438]
	(No symbol) [0x00007FF6C005E4D1]
	GetHandleVerifier [0x00007FF6C0576F8D+3711213]
	GetHandleVerifier [0x00007FF6C05D04CD+4077101]
	GetHandleVerifier [0x00007FF6C05C865F+4044735]
	GetHandleVerifier [0x00007FF6C0299736+706710]
	(No symbol) [0x00007FF6C017B8DF]
	(No symbol) [0x00007FF6C0176AC4]
	(No symbol) [0x00007FF6C0176C1C]
	(No symbol) [0x00007FF6C01668D4]
	BaseThreadInitThunk [0x00007FF9494C257D+29]
	RtlUserThreadStart [0x00007FF94AC4AA58+40]

2024-04-03 18:49:19,039 [ERROR] automation Element located by i0116 is not present. Message: no such element: Unable to locate element: {"method":"css selector","selector":"[id="i0116"]"}
  (Session info: chrome=122.0.6261.131); For documentation on this error, please visit: https://www.selenium.dev/documentation/webdriver/troubleshooting/errors#no-such-element-exception
Stacktrace:
	GetHandleVerifier [0x00007FF6C01FAD02+56930]
	(No symbol) [0x00007FF6C016F602]
	(No symbol) [0x00007FF6C00242E5]
	(No symbol) [0x00007FF6C00698ED]
	(No symbol) [0x00007FF6C0069A2C]
	(No symbol) [0x00007FF6C00AA967]
	(No symbol) [0x00007FF6C008BCDF]
	(No symbol) [0x00007FF6C00A81E2]
	(No symbol) [0x00007FF6C008BA43]
	(No symbol) [0x00007FF6C005D438]
	(No symbol) [0x00007FF6C005E4D1]
	GetHandleVerifier [0x00007FF6C0576F8D+3711213]
	GetHandleVerifier [0x00007FF6C05D04CD+4077101]
	GetHandleVerifier [0x00007FF6C05C865F+4044735]
	GetHandleVerifier [0x00007FF6C0299736+706710]
	(No symbol) [0x00007FF6C017B8DF]
	(No symbol) [0x00007FF6C0176AC4]
	(No symbol) [0x00007FF6C0176C1C]
	(No symbol) [0x00007FF6C01668D4]
	BaseThreadInitThunk [0x00007FF9494C257D+29]
	RtlUserThreadStart [0x00007FF94AC4AA58+40]

2024-04-03 18:49:19,101 [ERROR] automation Element located by i0116 is not present. Message: no such element: Unable to locate element: {"method":"css selector","selector":"[id="i0116"]"}
  (Session info: chrome=122.0.6261.131); For documentation on this error, please visit: https://www.selenium.dev/documentation/webdriver/troubleshooting/errors#no-such-element-exception
Stacktrace:
	GetHandleVerifier [0x00007FF6C01FAD02+56930]
	(No symbol) [0x00007FF6C016F602]
	(No symbol) [0x00007FF6C00242E5]
	(No symbol) [0x00007FF6C00698ED]
	(No symbol) [0x00007FF6C0069A2C]
	(No symbol) [0x00007FF6C00AA967]
	(No symbol) [0x00007FF6C008BCDF]
	(No symbol) [0x00007FF6C00A81E2]
	(No symbol) [0x00007FF6C008BA43]
	(No symbol) [0x00007FF6C005D438]
	(No symbol) [0x00007FF6C005E4D1]
	GetHandleVerifier [0x00007FF6C0576F8D+3711213]
	GetHandleVerifier [0x00007FF6C05D04CD+4077101]
	GetHandleVerifier [0x00007FF6C05C865F+4044735]
	GetHandleVerifier [0x00007FF6C0299736+706710]
	(No symbol) [0x00007FF6C017B8DF]
	(No symbol) [0x00007FF6C0176AC4]
	(No symbol) [0x00007FF6C0176C1C]
	(No symbol) [0x00007FF6C01668D4]
	BaseThreadInitThunk [0x00007FF9494C257D+29]
	RtlUserThreadStart [0x00007FF94AC4AA58+40]

2024-04-03 18:49:19,246 [INFO] automation Element located by i0116 is present.
2024-04-03 18:49:26,302 [INFO] automation Element located by //div[@class='logo'] is present.
2024-04-03 18:49:30,404 [INFO] automation Element located by //div[@class='tableFixHead']/table/tbody/tr[contains(@class,'even_col')][1] is present.
2024-04-03 18:49:32,944 [INFO] automation Element located by //input[@formcontrolname='title'] is present.
2024-04-03 18:49:32,957 [INFO] automation Element located by //input[@formcontrolname='title'] is present.
2024-04-03 18:49:35,281 [ERROR] automation Element located by //div[@role='alert' and contains(text(),'success') or contains(text(),'Success')] is not present. Message: no such element: Unable to locate element: {"method":"xpath","selector":"//div[@role='alert' and contains(text(),'success') or contains(text(),'Success')]"}
  (Session info: chrome=122.0.6261.131); For documentation on this error, please visit: https://www.selenium.dev/documentation/webdriver/troubleshooting/errors#no-such-element-exception
Stacktrace:
	GetHandleVerifier [0x00007FF6C01FAD02+56930]
	(No symbol) [0x00007FF6C016F602]
	(No symbol) [0x00007FF6C00242E5]
	(No symbol) [0x00007FF6C00698ED]
	(No symbol) [0x00007FF6C0069A2C]
	(No symbol) [0x00007FF6C00AA967]
	(No symbol) [0x00007FF6C008BCDF]
	(No symbol) [0x00007FF6C00A81E2]
	(No symbol) [0x00007FF6C008BA43]
	(No symbol) [0x00007FF6C005D438]
	(No symbol) [0x00007FF6C005E4D1]
	GetHandleVerifier [0x00007FF6C0576F8D+3711213]
	GetHandleVerifier [0x00007FF6C05D04CD+4077101]
	GetHandleVerifier [0x00007FF6C05C865F+4044735]
	GetHandleVerifier [0x00007FF6C0299736+706710]
	(No symbol) [0x00007FF6C017B8DF]
	(No symbol) [0x00007FF6C0176AC4]
	(No symbol) [0x00007FF6C0176C1C]
	(No symbol) [0x00007FF6C01668D4]
	BaseThreadInitThunk [0x00007FF9494C257D+29]
	RtlUserThreadStart [0x00007FF94AC4AA58+40]

2024-04-03 18:49:35,358 [INFO] automation Element located by //div[@role='alert' and contains(text(),'success') or contains(text(),'Success')] is present.
2024-04-03 18:49:35,361 [INFO] automation Test passed.
2024-04-03 18:49:35,365 [INFO] automation Test has started.
2024-04-03 18:49:35,365 [INFO] automation Navigating to the https://chorusqa.cogninelabs.com/
2024-04-03 18:49:41,643 [ERROR] automation Element located by i0116 is not present. Message: no such element: Unable to locate element: {"method":"css selector","selector":"[id="i0116"]"}
  (Session info: chrome=122.0.6261.131); For documentation on this error, please visit: https://www.selenium.dev/documentation/webdriver/troubleshooting/errors#no-such-element-exception
Stacktrace:
	GetHandleVerifier [0x00007FF6C01FAD02+56930]
	(No symbol) [0x00007FF6C016F602]
	(No symbol) [0x00007FF6C00242E5]
	(No symbol) [0x00007FF6C00698ED]
	(No symbol) [0x00007FF6C0069A2C]
	(No symbol) [0x00007FF6C00AA967]
	(No symbol) [0x00007FF6C008BCDF]
	(No symbol) [0x00007FF6C00A81E2]
	(No symbol) [0x00007FF6C008BA43]
	(No symbol) [0x00007FF6C005D438]
	(No symbol) [0x00007FF6C005E4D1]
	GetHandleVerifier [0x00007FF6C0576F8D+3711213]
	GetHandleVerifier [0x00007FF6C05D04CD+4077101]
	GetHandleVerifier [0x00007FF6C05C865F+4044735]
	GetHandleVerifier [0x00007FF6C0299736+706710]
	(No symbol) [0x00007FF6C017B8DF]
	(No symbol) [0x00007FF6C0176AC4]
	(No symbol) [0x00007FF6C0176C1C]
	(No symbol) [0x00007FF6C01668D4]
	BaseThreadInitThunk [0x00007FF9494C257D+29]
	RtlUserThreadStart [0x00007FF94AC4AA58+40]

2024-04-03 18:49:41,703 [ERROR] automation Element located by i0116 is not present. Message: no such element: Unable to locate element: {"method":"css selector","selector":"[id="i0116"]"}
  (Session info: chrome=122.0.6261.131); For documentation on this error, please visit: https://www.selenium.dev/documentation/webdriver/troubleshooting/errors#no-such-element-exception
Stacktrace:
	GetHandleVerifier [0x00007FF6C01FAD02+56930]
	(No symbol) [0x00007FF6C016F602]
	(No symbol) [0x00007FF6C00242E5]
	(No symbol) [0x00007FF6C00698ED]
	(No symbol) [0x00007FF6C0069A2C]
	(No symbol) [0x00007FF6C00AA967]
	(No symbol) [0x00007FF6C008BCDF]
	(No symbol) [0x00007FF6C00A81E2]
	(No symbol) [0x00007FF6C008BA43]
	(No symbol) [0x00007FF6C005D438]
	(No symbol) [0x00007FF6C005E4D1]
	GetHandleVerifier [0x00007FF6C0576F8D+3711213]
	GetHandleVerifier [0x00007FF6C05D04CD+4077101]
	GetHandleVerifier [0x00007FF6C05C865F+4044735]
	GetHandleVerifier [0x00007FF6C0299736+706710]
	(No symbol) [0x00007FF6C017B8DF]
	(No symbol) [0x00007FF6C0176AC4]
	(No symbol) [0x00007FF6C0176C1C]
	(No symbol) [0x00007FF6C01668D4]
	BaseThreadInitThunk [0x00007FF9494C257D+29]
	RtlUserThreadStart [0x00007FF94AC4AA58+40]

2024-04-03 18:49:41,767 [ERROR] automation Element located by i0116 is not present. Message: no such element: Unable to locate element: {"method":"css selector","selector":"[id="i0116"]"}
  (Session info: chrome=122.0.6261.131); For documentation on this error, please visit: https://www.selenium.dev/documentation/webdriver/troubleshooting/errors#no-such-element-exception
Stacktrace:
	GetHandleVerifier [0x00007FF6C01FAD02+56930]
	(No symbol) [0x00007FF6C016F602]
	(No symbol) [0x00007FF6C00242E5]
	(No symbol) [0x00007FF6C00698ED]
	(No symbol) [0x00007FF6C0069A2C]
	(No symbol) [0x00007FF6C00AA967]
	(No symbol) [0x00007FF6C008BCDF]
	(No symbol) [0x00007FF6C00A81E2]
	(No symbol) [0x00007FF6C008BA43]
	(No symbol) [0x00007FF6C005D438]
	(No symbol) [0x00007FF6C005E4D1]
	GetHandleVerifier [0x00007FF6C0576F8D+3711213]
	GetHandleVerifier [0x00007FF6C05D04CD+4077101]
	GetHandleVerifier [0x00007FF6C05C865F+4044735]
	GetHandleVerifier [0x00007FF6C0299736+706710]
	(No symbol) [0x00007FF6C017B8DF]
	(No symbol) [0x00007FF6C0176AC4]
	(No symbol) [0x00007FF6C0176C1C]
	(No symbol) [0x00007FF6C01668D4]
	BaseThreadInitThunk [0x00007FF9494C257D+29]
	RtlUserThreadStart [0x00007FF94AC4AA58+40]

2024-04-03 18:49:41,834 [ERROR] automation Element located by i0116 is not present. Message: no such element: Unable to locate element: {"method":"css selector","selector":"[id="i0116"]"}
  (Session info: chrome=122.0.6261.131); For documentation on this error, please visit: https://www.selenium.dev/documentation/webdriver/troubleshooting/errors#no-such-element-exception
Stacktrace:
	GetHandleVerifier [0x00007FF6C01FAD02+56930]
	(No symbol) [0x00007FF6C016F602]
	(No symbol) [0x00007FF6C00242E5]
	(No symbol) [0x00007FF6C00698ED]
	(No symbol) [0x00007FF6C0069A2C]
	(No symbol) [0x00007FF6C00AA967]
	(No symbol) [0x00007FF6C008BCDF]
	(No symbol) [0x00007FF6C00A81E2]
	(No symbol) [0x00007FF6C008BA43]
	(No symbol) [0x00007FF6C005D438]
	(No symbol) [0x00007FF6C005E4D1]
	GetHandleVerifier [0x00007FF6C0576F8D+3711213]
	GetHandleVerifier [0x00007FF6C05D04CD+4077101]
	GetHandleVerifier [0x00007FF6C05C865F+4044735]
	GetHandleVerifier [0x00007FF6C0299736+706710]
	(No symbol) [0x00007FF6C017B8DF]
	(No symbol) [0x00007FF6C0176AC4]
	(No symbol) [0x00007FF6C0176C1C]
	(No symbol) [0x00007FF6C01668D4]
	BaseThreadInitThunk [0x00007FF9494C257D+29]
	RtlUserThreadStart [0x00007FF94AC4AA58+40]

2024-04-03 18:49:41,900 [ERROR] automation Element located by i0116 is not present. Message: no such element: Unable to locate element: {"method":"css selector","selector":"[id="i0116"]"}
  (Session info: chrome=122.0.6261.131); For documentation on this error, please visit: https://www.selenium.dev/documentation/webdriver/troubleshooting/errors#no-such-element-exception
Stacktrace:
	GetHandleVerifier [0x00007FF6C01FAD02+56930]
	(No symbol) [0x00007FF6C016F602]
	(No symbol) [0x00007FF6C00242E5]
	(No symbol) [0x00007FF6C00698ED]
	(No symbol) [0x00007FF6C0069A2C]
	(No symbol) [0x00007FF6C00AA967]
	(No symbol) [0x00007FF6C008BCDF]
	(No symbol) [0x00007FF6C00A81E2]
	(No symbol) [0x00007FF6C008BA43]
	(No symbol) [0x00007FF6C005D438]
	(No symbol) [0x00007FF6C005E4D1]
	GetHandleVerifier [0x00007FF6C0576F8D+3711213]
	GetHandleVerifier [0x00007FF6C05D04CD+4077101]
	GetHandleVerifier [0x00007FF6C05C865F+4044735]
	GetHandleVerifier [0x00007FF6C0299736+706710]
	(No symbol) [0x00007FF6C017B8DF]
	(No symbol) [0x00007FF6C0176AC4]
	(No symbol) [0x00007FF6C0176C1C]
	(No symbol) [0x00007FF6C01668D4]
	BaseThreadInitThunk [0x00007FF9494C257D+29]
	RtlUserThreadStart [0x00007FF94AC4AA58+40]

2024-04-03 18:49:41,965 [ERROR] automation Element located by i0116 is not present. Message: no such element: Unable to locate element: {"method":"css selector","selector":"[id="i0116"]"}
  (Session info: chrome=122.0.6261.131); For documentation on this error, please visit: https://www.selenium.dev/documentation/webdriver/troubleshooting/errors#no-such-element-exception
Stacktrace:
	GetHandleVerifier [0x00007FF6C01FAD02+56930]
	(No symbol) [0x00007FF6C016F602]
	(No symbol) [0x00007FF6C00242E5]
	(No symbol) [0x00007FF6C00698ED]
	(No symbol) [0x00007FF6C0069A2C]
	(No symbol) [0x00007FF6C00AA967]
	(No symbol) [0x00007FF6C008BCDF]
	(No symbol) [0x00007FF6C00A81E2]
	(No symbol) [0x00007FF6C008BA43]
	(No symbol) [0x00007FF6C005D438]
	(No symbol) [0x00007FF6C005E4D1]
	GetHandleVerifier [0x00007FF6C0576F8D+3711213]
	GetHandleVerifier [0x00007FF6C05D04CD+4077101]
	GetHandleVerifier [0x00007FF6C05C865F+4044735]
	GetHandleVerifier [0x00007FF6C0299736+706710]
	(No symbol) [0x00007FF6C017B8DF]
	(No symbol) [0x00007FF6C0176AC4]
	(No symbol) [0x00007FF6C0176C1C]
	(No symbol) [0x00007FF6C01668D4]
	BaseThreadInitThunk [0x00007FF9494C257D+29]
	RtlUserThreadStart [0x00007FF94AC4AA58+40]

2024-04-03 18:49:42,632 [ERROR] automation Element located by i0116 is not present. Message: no such element: Unable to locate element: {"method":"css selector","selector":"[id="i0116"]"}
  (Session info: chrome=122.0.6261.131); For documentation on this error, please visit: https://www.selenium.dev/documentation/webdriver/troubleshooting/errors#no-such-element-exception
Stacktrace:
	GetHandleVerifier [0x00007FF6C01FAD02+56930]
	(No symbol) [0x00007FF6C016F602]
	(No symbol) [0x00007FF6C00242E5]
	(No symbol) [0x00007FF6C00698ED]
	(No symbol) [0x00007FF6C0069A2C]
	(No symbol) [0x00007FF6C00AA967]
	(No symbol) [0x00007FF6C008BCDF]
	(No symbol) [0x00007FF6C00A81E2]
	(No symbol) [0x00007FF6C008BA43]
	(No symbol) [0x00007FF6C005D438]
	(No symbol) [0x00007FF6C005E4D1]
	GetHandleVerifier [0x00007FF6C0576F8D+3711213]
	GetHandleVerifier [0x00007FF6C05D04CD+4077101]
	GetHandleVerifier [0x00007FF6C05C865F+4044735]
	GetHandleVerifier [0x00007FF6C0299736+706710]
	(No symbol) [0x00007FF6C017B8DF]
	(No symbol) [0x00007FF6C0176AC4]
	(No symbol) [0x00007FF6C0176C1C]
	(No symbol) [0x00007FF6C01668D4]
	BaseThreadInitThunk [0x00007FF9494C257D+29]
	RtlUserThreadStart [0x00007FF94AC4AA58+40]

2024-04-03 18:49:42,697 [ERROR] automation Element located by i0116 is not present. Message: no such element: Unable to locate element: {"method":"css selector","selector":"[id="i0116"]"}
  (Session info: chrome=122.0.6261.131); For documentation on this error, please visit: https://www.selenium.dev/documentation/webdriver/troubleshooting/errors#no-such-element-exception
Stacktrace:
	GetHandleVerifier [0x00007FF6C01FAD02+56930]
	(No symbol) [0x00007FF6C016F602]
	(No symbol) [0x00007FF6C00242E5]
	(No symbol) [0x00007FF6C00698ED]
	(No symbol) [0x00007FF6C0069A2C]
	(No symbol) [0x00007FF6C00AA967]
	(No symbol) [0x00007FF6C008BCDF]
	(No symbol) [0x00007FF6C00A81E2]
	(No symbol) [0x00007FF6C008BA43]
	(No symbol) [0x00007FF6C005D438]
	(No symbol) [0x00007FF6C005E4D1]
	GetHandleVerifier [0x00007FF6C0576F8D+3711213]
	GetHandleVerifier [0x00007FF6C05D04CD+4077101]
	GetHandleVerifier [0x00007FF6C05C865F+4044735]
	GetHandleVerifier [0x00007FF6C0299736+706710]
	(No symbol) [0x00007FF6C017B8DF]
	(No symbol) [0x00007FF6C0176AC4]
	(No symbol) [0x00007FF6C0176C1C]
	(No symbol) [0x00007FF6C01668D4]
	BaseThreadInitThunk [0x00007FF9494C257D+29]
	RtlUserThreadStart [0x00007FF94AC4AA58+40]

2024-04-03 18:49:42,754 [ERROR] automation Element located by i0116 is not present. Message: no such element: Unable to locate element: {"method":"css selector","selector":"[id="i0116"]"}
  (Session info: chrome=122.0.6261.131); For documentation on this error, please visit: https://www.selenium.dev/documentation/webdriver/troubleshooting/errors#no-such-element-exception
Stacktrace:
	GetHandleVerifier [0x00007FF6C01FAD02+56930]
	(No symbol) [0x00007FF6C016F602]
	(No symbol) [0x00007FF6C00242E5]
	(No symbol) [0x00007FF6C00698ED]
	(No symbol) [0x00007FF6C0069A2C]
	(No symbol) [0x00007FF6C00AA967]
	(No symbol) [0x00007FF6C008BCDF]
	(No symbol) [0x00007FF6C00A81E2]
	(No symbol) [0x00007FF6C008BA43]
	(No symbol) [0x00007FF6C005D438]
	(No symbol) [0x00007FF6C005E4D1]
	GetHandleVerifier [0x00007FF6C0576F8D+3711213]
	GetHandleVerifier [0x00007FF6C05D04CD+4077101]
	GetHandleVerifier [0x00007FF6C05C865F+4044735]
	GetHandleVerifier [0x00007FF6C0299736+706710]
	(No symbol) [0x00007FF6C017B8DF]
	(No symbol) [0x00007FF6C0176AC4]
	(No symbol) [0x00007FF6C0176C1C]
	(No symbol) [0x00007FF6C01668D4]
	BaseThreadInitThunk [0x00007FF9494C257D+29]
	RtlUserThreadStart [0x00007FF94AC4AA58+40]

2024-04-03 18:49:42,825 [ERROR] automation Element located by i0116 is not present. Message: no such element: Unable to locate element: {"method":"css selector","selector":"[id="i0116"]"}
  (Session info: chrome=122.0.6261.131); For documentation on this error, please visit: https://www.selenium.dev/documentation/webdriver/troubleshooting/errors#no-such-element-exception
Stacktrace:
	GetHandleVerifier [0x00007FF6C01FAD02+56930]
	(No symbol) [0x00007FF6C016F602]
	(No symbol) [0x00007FF6C00242E5]
	(No symbol) [0x00007FF6C00698ED]
	(No symbol) [0x00007FF6C0069A2C]
	(No symbol) [0x00007FF6C00AA967]
	(No symbol) [0x00007FF6C008BCDF]
	(No symbol) [0x00007FF6C00A81E2]
	(No symbol) [0x00007FF6C008BA43]
	(No symbol) [0x00007FF6C005D438]
	(No symbol) [0x00007FF6C005E4D1]
	GetHandleVerifier [0x00007FF6C0576F8D+3711213]
	GetHandleVerifier [0x00007FF6C05D04CD+4077101]
	GetHandleVerifier [0x00007FF6C05C865F+4044735]
	GetHandleVerifier [0x00007FF6C0299736+706710]
	(No symbol) [0x00007FF6C017B8DF]
	(No symbol) [0x00007FF6C0176AC4]
	(No symbol) [0x00007FF6C0176C1C]
	(No symbol) [0x00007FF6C01668D4]
	BaseThreadInitThunk [0x00007FF9494C257D+29]
	RtlUserThreadStart [0x00007FF94AC4AA58+40]

2024-04-03 18:49:42,885 [ERROR] automation Element located by i0116 is not present. Message: no such element: Unable to locate element: {"method":"css selector","selector":"[id="i0116"]"}
  (Session info: chrome=122.0.6261.131); For documentation on this error, please visit: https://www.selenium.dev/documentation/webdriver/troubleshooting/errors#no-such-element-exception
Stacktrace:
	GetHandleVerifier [0x00007FF6C01FAD02+56930]
	(No symbol) [0x00007FF6C016F602]
	(No symbol) [0x00007FF6C00242E5]
	(No symbol) [0x00007FF6C00698ED]
	(No symbol) [0x00007FF6C0069A2C]
	(No symbol) [0x00007FF6C00AA967]
	(No symbol) [0x00007FF6C008BCDF]
	(No symbol) [0x00007FF6C00A81E2]
	(No symbol) [0x00007FF6C008BA43]
	(No symbol) [0x00007FF6C005D438]
	(No symbol) [0x00007FF6C005E4D1]
	GetHandleVerifier [0x00007FF6C0576F8D+3711213]
	GetHandleVerifier [0x00007FF6C05D04CD+4077101]
	GetHandleVerifier [0x00007FF6C05C865F+4044735]
	GetHandleVerifier [0x00007FF6C0299736+706710]
	(No symbol) [0x00007FF6C017B8DF]
	(No symbol) [0x00007FF6C0176AC4]
	(No symbol) [0x00007FF6C0176C1C]
	(No symbol) [0x00007FF6C01668D4]
	BaseThreadInitThunk [0x00007FF9494C257D+29]
	RtlUserThreadStart [0x00007FF94AC4AA58+40]

2024-04-03 18:49:42,950 [ERROR] automation Element located by i0116 is not present. Message: no such element: Unable to locate element: {"method":"css selector","selector":"[id="i0116"]"}
  (Session info: chrome=122.0.6261.131); For documentation on this error, please visit: https://www.selenium.dev/documentation/webdriver/troubleshooting/errors#no-such-element-exception
Stacktrace:
	GetHandleVerifier [0x00007FF6C01FAD02+56930]
	(No symbol) [0x00007FF6C016F602]
	(No symbol) [0x00007FF6C00242E5]
	(No symbol) [0x00007FF6C00698ED]
	(No symbol) [0x00007FF6C0069A2C]
	(No symbol) [0x00007FF6C00AA967]
	(No symbol) [0x00007FF6C008BCDF]
	(No symbol) [0x00007FF6C00A81E2]
	(No symbol) [0x00007FF6C008BA43]
	(No symbol) [0x00007FF6C005D438]
	(No symbol) [0x00007FF6C005E4D1]
	GetHandleVerifier [0x00007FF6C0576F8D+3711213]
	GetHandleVerifier [0x00007FF6C05D04CD+4077101]
	GetHandleVerifier [0x00007FF6C05C865F+4044735]
	GetHandleVerifier [0x00007FF6C0299736+706710]
	(No symbol) [0x00007FF6C017B8DF]
	(No symbol) [0x00007FF6C0176AC4]
	(No symbol) [0x00007FF6C0176C1C]
	(No symbol) [0x00007FF6C01668D4]
	BaseThreadInitThunk [0x00007FF9494C257D+29]
	RtlUserThreadStart [0x00007FF94AC4AA58+40]

2024-04-03 18:49:43,010 [ERROR] automation Element located by i0116 is not present. Message: no such element: Unable to locate element: {"method":"css selector","selector":"[id="i0116"]"}
  (Session info: chrome=122.0.6261.131); For documentation on this error, please visit: https://www.selenium.dev/documentation/webdriver/troubleshooting/errors#no-such-element-exception
Stacktrace:
	GetHandleVerifier [0x00007FF6C01FAD02+56930]
	(No symbol) [0x00007FF6C016F602]
	(No symbol) [0x00007FF6C00242E5]
	(No symbol) [0x00007FF6C00698ED]
	(No symbol) [0x00007FF6C0069A2C]
	(No symbol) [0x00007FF6C00AA967]
	(No symbol) [0x00007FF6C008BCDF]
	(No symbol) [0x00007FF6C00A81E2]
	(No symbol) [0x00007FF6C008BA43]
	(No symbol) [0x00007FF6C005D438]
	(No symbol) [0x00007FF6C005E4D1]
	GetHandleVerifier [0x00007FF6C0576F8D+3711213]
	GetHandleVerifier [0x00007FF6C05D04CD+4077101]
	GetHandleVerifier [0x00007FF6C05C865F+4044735]
	GetHandleVerifier [0x00007FF6C0299736+706710]
	(No symbol) [0x00007FF6C017B8DF]
	(No symbol) [0x00007FF6C0176AC4]
	(No symbol) [0x00007FF6C0176C1C]
	(No symbol) [0x00007FF6C01668D4]
	BaseThreadInitThunk [0x00007FF9494C257D+29]
	RtlUserThreadStart [0x00007FF94AC4AA58+40]

2024-04-03 18:49:43,132 [ERROR] automation Element located by i0116 is not present. Message: no such element: Unable to locate element: {"method":"css selector","selector":"[id="i0116"]"}
  (Session info: chrome=122.0.6261.131); For documentation on this error, please visit: https://www.selenium.dev/documentation/webdriver/troubleshooting/errors#no-such-element-exception
Stacktrace:
	GetHandleVerifier [0x00007FF6C01FAD02+56930]
	(No symbol) [0x00007FF6C016F602]
	(No symbol) [0x00007FF6C00242E5]
	(No symbol) [0x00007FF6C00698ED]
	(No symbol) [0x00007FF6C0069A2C]
	(No symbol) [0x00007FF6C00AA967]
	(No symbol) [0x00007FF6C008BCDF]
	(No symbol) [0x00007FF6C00A81E2]
	(No symbol) [0x00007FF6C008BA43]
	(No symbol) [0x00007FF6C005D438]
	(No symbol) [0x00007FF6C005E4D1]
	GetHandleVerifier [0x00007FF6C0576F8D+3711213]
	GetHandleVerifier [0x00007FF6C05D04CD+4077101]
	GetHandleVerifier [0x00007FF6C05C865F+4044735]
	GetHandleVerifier [0x00007FF6C0299736+706710]
	(No symbol) [0x00007FF6C017B8DF]
	(No symbol) [0x00007FF6C0176AC4]
	(No symbol) [0x00007FF6C0176C1C]
	(No symbol) [0x00007FF6C01668D4]
	BaseThreadInitThunk [0x00007FF9494C257D+29]
	RtlUserThreadStart [0x00007FF94AC4AA58+40]

2024-04-03 18:49:43,195 [ERROR] automation Element located by i0116 is not present. Message: no such element: Unable to locate element: {"method":"css selector","selector":"[id="i0116"]"}
  (Session info: chrome=122.0.6261.131); For documentation on this error, please visit: https://www.selenium.dev/documentation/webdriver/troubleshooting/errors#no-such-element-exception
Stacktrace:
	GetHandleVerifier [0x00007FF6C01FAD02+56930]
	(No symbol) [0x00007FF6C016F602]
	(No symbol) [0x00007FF6C00242E5]
	(No symbol) [0x00007FF6C00698ED]
	(No symbol) [0x00007FF6C0069A2C]
	(No symbol) [0x00007FF6C00AA967]
	(No symbol) [0x00007FF6C008BCDF]
	(No symbol) [0x00007FF6C00A81E2]
	(No symbol) [0x00007FF6C008BA43]
	(No symbol) [0x00007FF6C005D438]
	(No symbol) [0x00007FF6C005E4D1]
	GetHandleVerifier [0x00007FF6C0576F8D+3711213]
	GetHandleVerifier [0x00007FF6C05D04CD+4077101]
	GetHandleVerifier [0x00007FF6C05C865F+4044735]
	GetHandleVerifier [0x00007FF6C0299736+706710]
	(No symbol) [0x00007FF6C017B8DF]
	(No symbol) [0x00007FF6C0176AC4]
	(No symbol) [0x00007FF6C0176C1C]
	(No symbol) [0x00007FF6C01668D4]
	BaseThreadInitThunk [0x00007FF9494C257D+29]
	RtlUserThreadStart [0x00007FF94AC4AA58+40]

2024-04-03 18:49:43,288 [ERROR] automation Element located by i0116 is not present. Message: no such element: Unable to locate element: {"method":"css selector","selector":"[id="i0116"]"}
  (Session info: chrome=122.0.6261.131); For documentation on this error, please visit: https://www.selenium.dev/documentation/webdriver/troubleshooting/errors#no-such-element-exception
Stacktrace:
	GetHandleVerifier [0x00007FF6C01FAD02+56930]
	(No symbol) [0x00007FF6C016F602]
	(No symbol) [0x00007FF6C00242E5]
	(No symbol) [0x00007FF6C00698ED]
	(No symbol) [0x00007FF6C0069A2C]
	(No symbol) [0x00007FF6C00AA967]
	(No symbol) [0x00007FF6C008BCDF]
	(No symbol) [0x00007FF6C00A81E2]
	(No symbol) [0x00007FF6C008BA43]
	(No symbol) [0x00007FF6C005D438]
	(No symbol) [0x00007FF6C005E4D1]
	GetHandleVerifier [0x00007FF6C0576F8D+3711213]
	GetHandleVerifier [0x00007FF6C05D04CD+4077101]
	GetHandleVerifier [0x00007FF6C05C865F+4044735]
	GetHandleVerifier [0x00007FF6C0299736+706710]
	(No symbol) [0x00007FF6C017B8DF]
	(No symbol) [0x00007FF6C0176AC4]
	(No symbol) [0x00007FF6C0176C1C]
	(No symbol) [0x00007FF6C01668D4]
	BaseThreadInitThunk [0x00007FF9494C257D+29]
	RtlUserThreadStart [0x00007FF94AC4AA58+40]

2024-04-03 18:49:43,390 [INFO] automation Element located by i0116 is present.
2024-04-03 18:49:50,413 [INFO] automation Element located by //div[@class='logo'] is present.
2024-04-03 18:49:54,503 [INFO] automation Element located by //div[@class='tableFixHead']/table/tbody/tr[contains(@class,'even_col')][1] is present.
2024-04-03 18:49:57,102 [INFO] automation Element located by //input[@formcontrolname='title'] is present.
2024-04-03 18:49:57,107 [INFO] automation Element located by //input[@formcontrolname='title'] is present.
2024-04-03 18:49:59,416 [ERROR] automation Element located by //div[@role='alert' and contains(text(),'success') or contains(text(),'Success')] is not present. Message: no such element: Unable to locate element: {"method":"xpath","selector":"//div[@role='alert' and contains(text(),'success') or contains(text(),'Success')]"}
  (Session info: chrome=122.0.6261.131); For documentation on this error, please visit: https://www.selenium.dev/documentation/webdriver/troubleshooting/errors#no-such-element-exception
Stacktrace:
	GetHandleVerifier [0x00007FF6C01FAD02+56930]
	(No symbol) [0x00007FF6C016F602]
	(No symbol) [0x00007FF6C00242E5]
	(No symbol) [0x00007FF6C00698ED]
	(No symbol) [0x00007FF6C0069A2C]
	(No symbol) [0x00007FF6C00AA967]
	(No symbol) [0x00007FF6C008BCDF]
	(No symbol) [0x00007FF6C00A81E2]
	(No symbol) [0x00007FF6C008BA43]
	(No symbol) [0x00007FF6C005D438]
	(No symbol) [0x00007FF6C005E4D1]
	GetHandleVerifier [0x00007FF6C0576F8D+3711213]
	GetHandleVerifier [0x00007FF6C05D04CD+4077101]
	GetHandleVerifier [0x00007FF6C05C865F+4044735]
	GetHandleVerifier [0x00007FF6C0299736+706710]
	(No symbol) [0x00007FF6C017B8DF]
	(No symbol) [0x00007FF6C0176AC4]
	(No symbol) [0x00007FF6C0176C1C]
	(No symbol) [0x00007FF6C01668D4]
	BaseThreadInitThunk [0x00007FF9494C257D+29]
	RtlUserThreadStart [0x00007FF94AC4AA58+40]

2024-04-03 18:49:59,596 [INFO] automation Element located by //div[@role='alert' and contains(text(),'success') or contains(text(),'Success')] is present.
2024-04-03 18:49:59,597 [INFO] automation Test passed.
