2024-03-20 12:12:40,203 [INFO] automation Test has started.
2024-03-20 12:12:40,203 [INFO] automation Navigating to the https://chorusqa.cogninelabs.com/
2024-03-20 12:12:45,983 [ERROR] automation Element located by i0116 is not present. Message: no such element: Unable to locate element: {"method":"css selector","selector":"[id="i0116"]"}
  (Session info: chrome=122.0.6261.129); For documentation on this error, please visit: https://www.selenium.dev/documentation/webdriver/troubleshooting/errors#no-such-element-exception
Stacktrace:
	GetHandleVerifier [0x00007FF6832CAD02+56930]
	(No symbol) [0x00007FF68323F602]
	(No symbol) [0x00007FF6830F42E5]
	(No symbol) [0x00007FF6831398ED]
	(No symbol) [0x00007FF683139A2C]
	(No symbol) [0x00007FF68317A967]
	(No symbol) [0x00007FF68315BCDF]
	(No symbol) [0x00007FF6831781E2]
	(No symbol) [0x00007FF68315BA43]
	(No symbol) [0x00007FF68312D438]
	(No symbol) [0x00007FF68312E4D1]
	GetHandleVerifier [0x00007FF683646F8D+3711213]
	GetHandleVerifier [0x00007FF6836A04CD+4077101]
	GetHandleVerifier [0x00007FF68369865F+4044735]
	GetHandleVerifier [0x00007FF683369736+706710]
	(No symbol) [0x00007FF68324B8DF]
	(No symbol) [0x00007FF683246AC4]
	(No symbol) [0x00007FF683246C1C]
	(No symbol) [0x00007FF6832368D4]
	BaseThreadInitThunk [0x00007FFC367A257D+29]
	RtlUserThreadStart [0x00007FFC3736AA58+40]

2024-03-20 12:12:46,043 [ERROR] automation Element located by i0116 is not present. Message: no such element: Unable to locate element: {"method":"css selector","selector":"[id="i0116"]"}
  (Session info: chrome=122.0.6261.129); For documentation on this error, please visit: https://www.selenium.dev/documentation/webdriver/troubleshooting/errors#no-such-element-exception
Stacktrace:
	GetHandleVerifier [0x00007FF6832CAD02+56930]
	(No symbol) [0x00007FF68323F602]
	(No symbol) [0x00007FF6830F42E5]
	(No symbol) [0x00007FF6831398ED]
	(No symbol) [0x00007FF683139A2C]
	(No symbol) [0x00007FF68317A967]
	(No symbol) [0x00007FF68315BCDF]
	(No symbol) [0x00007FF6831781E2]
	(No symbol) [0x00007FF68315BA43]
	(No symbol) [0x00007FF68312D438]
	(No symbol) [0x00007FF68312E4D1]
	GetHandleVerifier [0x00007FF683646F8D+3711213]
	GetHandleVerifier [0x00007FF6836A04CD+4077101]
	GetHandleVerifier [0x00007FF68369865F+4044735]
	GetHandleVerifier [0x00007FF683369736+706710]
	(No symbol) [0x00007FF68324B8DF]
	(No symbol) [0x00007FF683246AC4]
	(No symbol) [0x00007FF683246C1C]
	(No symbol) [0x00007FF6832368D4]
	BaseThreadInitThunk [0x00007FFC367A257D+29]
	RtlUserThreadStart [0x00007FFC3736AA58+40]

2024-03-20 12:12:46,108 [ERROR] automation Element located by i0116 is not present. Message: no such element: Unable to locate element: {"method":"css selector","selector":"[id="i0116"]"}
  (Session info: chrome=122.0.6261.129); For documentation on this error, please visit: https://www.selenium.dev/documentation/webdriver/troubleshooting/errors#no-such-element-exception
Stacktrace:
	GetHandleVerifier [0x00007FF6832CAD02+56930]
	(No symbol) [0x00007FF68323F602]
	(No symbol) [0x00007FF6830F42E5]
	(No symbol) [0x00007FF6831398ED]
	(No symbol) [0x00007FF683139A2C]
	(No symbol) [0x00007FF68317A967]
	(No symbol) [0x00007FF68315BCDF]
	(No symbol) [0x00007FF6831781E2]
	(No symbol) [0x00007FF68315BA43]
	(No symbol) [0x00007FF68312D438]
	(No symbol) [0x00007FF68312E4D1]
	GetHandleVerifier [0x00007FF683646F8D+3711213]
	GetHandleVerifier [0x00007FF6836A04CD+4077101]
	GetHandleVerifier [0x00007FF68369865F+4044735]
	GetHandleVerifier [0x00007FF683369736+706710]
	(No symbol) [0x00007FF68324B8DF]
	(No symbol) [0x00007FF683246AC4]
	(No symbol) [0x00007FF683246C1C]
	(No symbol) [0x00007FF6832368D4]
	BaseThreadInitThunk [0x00007FFC367A257D+29]
	RtlUserThreadStart [0x00007FFC3736AA58+40]

2024-03-20 12:12:46,175 [ERROR] automation Element located by i0116 is not present. Message: no such element: Unable to locate element: {"method":"css selector","selector":"[id="i0116"]"}
  (Session info: chrome=122.0.6261.129); For documentation on this error, please visit: https://www.selenium.dev/documentation/webdriver/troubleshooting/errors#no-such-element-exception
Stacktrace:
	GetHandleVerifier [0x00007FF6832CAD02+56930]
	(No symbol) [0x00007FF68323F602]
	(No symbol) [0x00007FF6830F42E5]
	(No symbol) [0x00007FF6831398ED]
	(No symbol) [0x00007FF683139A2C]
	(No symbol) [0x00007FF68317A967]
	(No symbol) [0x00007FF68315BCDF]
	(No symbol) [0x00007FF6831781E2]
	(No symbol) [0x00007FF68315BA43]
	(No symbol) [0x00007FF68312D438]
	(No symbol) [0x00007FF68312E4D1]
	GetHandleVerifier [0x00007FF683646F8D+3711213]
	GetHandleVerifier [0x00007FF6836A04CD+4077101]
	GetHandleVerifier [0x00007FF68369865F+4044735]
	GetHandleVerifier [0x00007FF683369736+706710]
	(No symbol) [0x00007FF68324B8DF]
	(No symbol) [0x00007FF683246AC4]
	(No symbol) [0x00007FF683246C1C]
	(No symbol) [0x00007FF6832368D4]
	BaseThreadInitThunk [0x00007FFC367A257D+29]
	RtlUserThreadStart [0x00007FFC3736AA58+40]

2024-03-20 12:12:46,243 [ERROR] automation Element located by i0116 is not present. Message: no such element: Unable to locate element: {"method":"css selector","selector":"[id="i0116"]"}
  (Session info: chrome=122.0.6261.129); For documentation on this error, please visit: https://www.selenium.dev/documentation/webdriver/troubleshooting/errors#no-such-element-exception
Stacktrace:
	GetHandleVerifier [0x00007FF6832CAD02+56930]
	(No symbol) [0x00007FF68323F602]
	(No symbol) [0x00007FF6830F42E5]
	(No symbol) [0x00007FF6831398ED]
	(No symbol) [0x00007FF683139A2C]
	(No symbol) [0x00007FF68317A967]
	(No symbol) [0x00007FF68315BCDF]
	(No symbol) [0x00007FF6831781E2]
	(No symbol) [0x00007FF68315BA43]
	(No symbol) [0x00007FF68312D438]
	(No symbol) [0x00007FF68312E4D1]
	GetHandleVerifier [0x00007FF683646F8D+3711213]
	GetHandleVerifier [0x00007FF6836A04CD+4077101]
	GetHandleVerifier [0x00007FF68369865F+4044735]
	GetHandleVerifier [0x00007FF683369736+706710]
	(No symbol) [0x00007FF68324B8DF]
	(No symbol) [0x00007FF683246AC4]
	(No symbol) [0x00007FF683246C1C]
	(No symbol) [0x00007FF6832368D4]
	BaseThreadInitThunk [0x00007FFC367A257D+29]
	RtlUserThreadStart [0x00007FFC3736AA58+40]

2024-03-20 12:12:46,310 [ERROR] automation Element located by i0116 is not present. Message: no such element: Unable to locate element: {"method":"css selector","selector":"[id="i0116"]"}
  (Session info: chrome=122.0.6261.129); For documentation on this error, please visit: https://www.selenium.dev/documentation/webdriver/troubleshooting/errors#no-such-element-exception
Stacktrace:
	GetHandleVerifier [0x00007FF6832CAD02+56930]
	(No symbol) [0x00007FF68323F602]
	(No symbol) [0x00007FF6830F42E5]
	(No symbol) [0x00007FF6831398ED]
	(No symbol) [0x00007FF683139A2C]
	(No symbol) [0x00007FF68317A967]
	(No symbol) [0x00007FF68315BCDF]
	(No symbol) [0x00007FF6831781E2]
	(No symbol) [0x00007FF68315BA43]
	(No symbol) [0x00007FF68312D438]
	(No symbol) [0x00007FF68312E4D1]
	GetHandleVerifier [0x00007FF683646F8D+3711213]
	GetHandleVerifier [0x00007FF6836A04CD+4077101]
	GetHandleVerifier [0x00007FF68369865F+4044735]
	GetHandleVerifier [0x00007FF683369736+706710]
	(No symbol) [0x00007FF68324B8DF]
	(No symbol) [0x00007FF683246AC4]
	(No symbol) [0x00007FF683246C1C]
	(No symbol) [0x00007FF6832368D4]
	BaseThreadInitThunk [0x00007FFC367A257D+29]
	RtlUserThreadStart [0x00007FFC3736AA58+40]

2024-03-20 12:12:46,378 [ERROR] automation Element located by i0116 is not present. Message: no such element: Unable to locate element: {"method":"css selector","selector":"[id="i0116"]"}
  (Session info: chrome=122.0.6261.129); For documentation on this error, please visit: https://www.selenium.dev/documentation/webdriver/troubleshooting/errors#no-such-element-exception
Stacktrace:
	GetHandleVerifier [0x00007FF6832CAD02+56930]
	(No symbol) [0x00007FF68323F602]
	(No symbol) [0x00007FF6830F42E5]
	(No symbol) [0x00007FF6831398ED]
	(No symbol) [0x00007FF683139A2C]
	(No symbol) [0x00007FF68317A967]
	(No symbol) [0x00007FF68315BCDF]
	(No symbol) [0x00007FF6831781E2]
	(No symbol) [0x00007FF68315BA43]
	(No symbol) [0x00007FF68312D438]
	(No symbol) [0x00007FF68312E4D1]
	GetHandleVerifier [0x00007FF683646F8D+3711213]
	GetHandleVerifier [0x00007FF6836A04CD+4077101]
	GetHandleVerifier [0x00007FF68369865F+4044735]
	GetHandleVerifier [0x00007FF683369736+706710]
	(No symbol) [0x00007FF68324B8DF]
	(No symbol) [0x00007FF683246AC4]
	(No symbol) [0x00007FF683246C1C]
	(No symbol) [0x00007FF6832368D4]
	BaseThreadInitThunk [0x00007FFC367A257D+29]
	RtlUserThreadStart [0x00007FFC3736AA58+40]

2024-03-20 12:12:46,442 [ERROR] automation Element located by i0116 is not present. Message: no such element: Unable to locate element: {"method":"css selector","selector":"[id="i0116"]"}
  (Session info: chrome=122.0.6261.129); For documentation on this error, please visit: https://www.selenium.dev/documentation/webdriver/troubleshooting/errors#no-such-element-exception
Stacktrace:
	GetHandleVerifier [0x00007FF6832CAD02+56930]
	(No symbol) [0x00007FF68323F602]
	(No symbol) [0x00007FF6830F42E5]
	(No symbol) [0x00007FF6831398ED]
	(No symbol) [0x00007FF683139A2C]
	(No symbol) [0x00007FF68317A967]
	(No symbol) [0x00007FF68315BCDF]
	(No symbol) [0x00007FF6831781E2]
	(No symbol) [0x00007FF68315BA43]
	(No symbol) [0x00007FF68312D438]
	(No symbol) [0x00007FF68312E4D1]
	GetHandleVerifier [0x00007FF683646F8D+3711213]
	GetHandleVerifier [0x00007FF6836A04CD+4077101]
	GetHandleVerifier [0x00007FF68369865F+4044735]
	GetHandleVerifier [0x00007FF683369736+706710]
	(No symbol) [0x00007FF68324B8DF]
	(No symbol) [0x00007FF683246AC4]
	(No symbol) [0x00007FF683246C1C]
	(No symbol) [0x00007FF6832368D4]
	BaseThreadInitThunk [0x00007FFC367A257D+29]
	RtlUserThreadStart [0x00007FFC3736AA58+40]

2024-03-20 12:12:46,502 [ERROR] automation Element located by i0116 is not present. Message: no such element: Unable to locate element: {"method":"css selector","selector":"[id="i0116"]"}
  (Session info: chrome=122.0.6261.129); For documentation on this error, please visit: https://www.selenium.dev/documentation/webdriver/troubleshooting/errors#no-such-element-exception
Stacktrace:
	GetHandleVerifier [0x00007FF6832CAD02+56930]
	(No symbol) [0x00007FF68323F602]
	(No symbol) [0x00007FF6830F42E5]
	(No symbol) [0x00007FF6831398ED]
	(No symbol) [0x00007FF683139A2C]
	(No symbol) [0x00007FF68317A967]
	(No symbol) [0x00007FF68315BCDF]
	(No symbol) [0x00007FF6831781E2]
	(No symbol) [0x00007FF68315BA43]
	(No symbol) [0x00007FF68312D438]
	(No symbol) [0x00007FF68312E4D1]
	GetHandleVerifier [0x00007FF683646F8D+3711213]
	GetHandleVerifier [0x00007FF6836A04CD+4077101]
	GetHandleVerifier [0x00007FF68369865F+4044735]
	GetHandleVerifier [0x00007FF683369736+706710]
	(No symbol) [0x00007FF68324B8DF]
	(No symbol) [0x00007FF683246AC4]
	(No symbol) [0x00007FF683246C1C]
	(No symbol) [0x00007FF6832368D4]
	BaseThreadInitThunk [0x00007FFC367A257D+29]
	RtlUserThreadStart [0x00007FFC3736AA58+40]

2024-03-20 12:12:46,567 [ERROR] automation Element located by i0116 is not present. Message: no such element: Unable to locate element: {"method":"css selector","selector":"[id="i0116"]"}
  (Session info: chrome=122.0.6261.129); For documentation on this error, please visit: https://www.selenium.dev/documentation/webdriver/troubleshooting/errors#no-such-element-exception
Stacktrace:
	GetHandleVerifier [0x00007FF6832CAD02+56930]
	(No symbol) [0x00007FF68323F602]
	(No symbol) [0x00007FF6830F42E5]
	(No symbol) [0x00007FF6831398ED]
	(No symbol) [0x00007FF683139A2C]
	(No symbol) [0x00007FF68317A967]
	(No symbol) [0x00007FF68315BCDF]
	(No symbol) [0x00007FF6831781E2]
	(No symbol) [0x00007FF68315BA43]
	(No symbol) [0x00007FF68312D438]
	(No symbol) [0x00007FF68312E4D1]
	GetHandleVerifier [0x00007FF683646F8D+3711213]
	GetHandleVerifier [0x00007FF6836A04CD+4077101]
	GetHandleVerifier [0x00007FF68369865F+4044735]
	GetHandleVerifier [0x00007FF683369736+706710]
	(No symbol) [0x00007FF68324B8DF]
	(No symbol) [0x00007FF683246AC4]
	(No symbol) [0x00007FF683246C1C]
	(No symbol) [0x00007FF6832368D4]
	BaseThreadInitThunk [0x00007FFC367A257D+29]
	RtlUserThreadStart [0x00007FFC3736AA58+40]

2024-03-20 12:12:47,618 [ERROR] automation Element located by i0116 is not present. Message: no such element: Unable to locate element: {"method":"css selector","selector":"[id="i0116"]"}
  (Session info: chrome=122.0.6261.129); For documentation on this error, please visit: https://www.selenium.dev/documentation/webdriver/troubleshooting/errors#no-such-element-exception
Stacktrace:
	GetHandleVerifier [0x00007FF6832CAD02+56930]
	(No symbol) [0x00007FF68323F602]
	(No symbol) [0x00007FF6830F42E5]
	(No symbol) [0x00007FF6831398ED]
	(No symbol) [0x00007FF683139A2C]
	(No symbol) [0x00007FF68317A967]
	(No symbol) [0x00007FF68315BCDF]
	(No symbol) [0x00007FF6831781E2]
	(No symbol) [0x00007FF68315BA43]
	(No symbol) [0x00007FF68312D438]
	(No symbol) [0x00007FF68312E4D1]
	GetHandleVerifier [0x00007FF683646F8D+3711213]
	GetHandleVerifier [0x00007FF6836A04CD+4077101]
	GetHandleVerifier [0x00007FF68369865F+4044735]
	GetHandleVerifier [0x00007FF683369736+706710]
	(No symbol) [0x00007FF68324B8DF]
	(No symbol) [0x00007FF683246AC4]
	(No symbol) [0x00007FF683246C1C]
	(No symbol) [0x00007FF6832368D4]
	BaseThreadInitThunk [0x00007FFC367A257D+29]
	RtlUserThreadStart [0x00007FFC3736AA58+40]

2024-03-20 12:12:47,756 [ERROR] automation Element located by i0116 is not present. Message: no such element: Unable to locate element: {"method":"css selector","selector":"[id="i0116"]"}
  (Session info: chrome=122.0.6261.129); For documentation on this error, please visit: https://www.selenium.dev/documentation/webdriver/troubleshooting/errors#no-such-element-exception
Stacktrace:
	GetHandleVerifier [0x00007FF6832CAD02+56930]
	(No symbol) [0x00007FF68323F602]
	(No symbol) [0x00007FF6830F42E5]
	(No symbol) [0x00007FF6831398ED]
	(No symbol) [0x00007FF683139A2C]
	(No symbol) [0x00007FF68317A967]
	(No symbol) [0x00007FF68315BCDF]
	(No symbol) [0x00007FF6831781E2]
	(No symbol) [0x00007FF68315BA43]
	(No symbol) [0x00007FF68312D438]
	(No symbol) [0x00007FF68312E4D1]
	GetHandleVerifier [0x00007FF683646F8D+3711213]
	GetHandleVerifier [0x00007FF6836A04CD+4077101]
	GetHandleVerifier [0x00007FF68369865F+4044735]
	GetHandleVerifier [0x00007FF683369736+706710]
	(No symbol) [0x00007FF68324B8DF]
	(No symbol) [0x00007FF683246AC4]
	(No symbol) [0x00007FF683246C1C]
	(No symbol) [0x00007FF6832368D4]
	BaseThreadInitThunk [0x00007FFC367A257D+29]
	RtlUserThreadStart [0x00007FFC3736AA58+40]

2024-03-20 12:12:47,826 [ERROR] automation Element located by i0116 is not present. Message: no such element: Unable to locate element: {"method":"css selector","selector":"[id="i0116"]"}
  (Session info: chrome=122.0.6261.129); For documentation on this error, please visit: https://www.selenium.dev/documentation/webdriver/troubleshooting/errors#no-such-element-exception
Stacktrace:
	GetHandleVerifier [0x00007FF6832CAD02+56930]
	(No symbol) [0x00007FF68323F602]
	(No symbol) [0x00007FF6830F42E5]
	(No symbol) [0x00007FF6831398ED]
	(No symbol) [0x00007FF683139A2C]
	(No symbol) [0x00007FF68317A967]
	(No symbol) [0x00007FF68315BCDF]
	(No symbol) [0x00007FF6831781E2]
	(No symbol) [0x00007FF68315BA43]
	(No symbol) [0x00007FF68312D438]
	(No symbol) [0x00007FF68312E4D1]
	GetHandleVerifier [0x00007FF683646F8D+3711213]
	GetHandleVerifier [0x00007FF6836A04CD+4077101]
	GetHandleVerifier [0x00007FF68369865F+4044735]
	GetHandleVerifier [0x00007FF683369736+706710]
	(No symbol) [0x00007FF68324B8DF]
	(No symbol) [0x00007FF683246AC4]
	(No symbol) [0x00007FF683246C1C]
	(No symbol) [0x00007FF6832368D4]
	BaseThreadInitThunk [0x00007FFC367A257D+29]
	RtlUserThreadStart [0x00007FFC3736AA58+40]

2024-03-20 12:12:48,073 [INFO] automation Element located by i0116 is present.
2024-03-20 12:12:55,921 [INFO] automation Element located by //div[@class='logo'] is present.
2024-03-20 12:13:00,076 [INFO] automation Element located by //div[@class='tableFixHead']/table/tbody/tr[contains(@class,'even_col')][1] is present.
2024-03-20 12:13:02,575 [INFO] automation Element located by notes is present.
2024-03-20 12:13:02,585 [INFO] automation Element located by notes is present.
2024-03-20 12:13:04,618 [ERROR] automation Element located by //div[@role='alert' and contains(text(),'success') or contains(text(),'Success')] is not present. Message: no such element: Unable to locate element: {"method":"xpath","selector":"//div[@role='alert' and contains(text(),'success') or contains(text(),'Success')]"}
  (Session info: chrome=122.0.6261.129); For documentation on this error, please visit: https://www.selenium.dev/documentation/webdriver/troubleshooting/errors#no-such-element-exception
Stacktrace:
	GetHandleVerifier [0x00007FF6832CAD02+56930]
	(No symbol) [0x00007FF68323F602]
	(No symbol) [0x00007FF6830F42E5]
	(No symbol) [0x00007FF6831398ED]
	(No symbol) [0x00007FF683139A2C]
	(No symbol) [0x00007FF68317A967]
	(No symbol) [0x00007FF68315BCDF]
	(No symbol) [0x00007FF6831781E2]
	(No symbol) [0x00007FF68315BA43]
	(No symbol) [0x00007FF68312D438]
	(No symbol) [0x00007FF68312E4D1]
	GetHandleVerifier [0x00007FF683646F8D+3711213]
	GetHandleVerifier [0x00007FF6836A04CD+4077101]
	GetHandleVerifier [0x00007FF68369865F+4044735]
	GetHandleVerifier [0x00007FF683369736+706710]
	(No symbol) [0x00007FF68324B8DF]
	(No symbol) [0x00007FF683246AC4]
	(No symbol) [0x00007FF683246C1C]
	(No symbol) [0x00007FF6832368D4]
	BaseThreadInitThunk [0x00007FFC367A257D+29]
	RtlUserThreadStart [0x00007FFC3736AA58+40]

2024-03-20 12:13:04,871 [INFO] automation Element located by //div[@role='alert' and contains(text(),'success') or contains(text(),'Success')] is present.
2024-03-20 12:13:07,429 [INFO] automation Element located by firstname is present.
2024-03-20 12:13:09,111 [INFO] automation Element located by //div[@role='alert' and contains(text(),'success') or contains(text(),'Success')] is present.
2024-03-20 12:13:11,767 [INFO] automation Element located by fname is present.
2024-03-20 12:13:11,778 [INFO] automation Element located by fname is present.
2024-03-20 12:13:12,081 [INFO] automation Element located by //div[@class='tableFixHead']/table/tbody/tr[1]/td[contains(text(),'ContactFirstName20121257bf96')] is present.
2024-03-20 12:13:12,081 [INFO] automation Test passed.
