2024-03-18 13:06:43,906 [INFO] automation Test has started.
2024-03-18 13:06:43,907 [INFO] automation Navigating to the https://chorusqa.cogninelabs.com/
2024-03-18 13:06:50,950 [ERROR] automation Element located by i0116 is not present. Message: no such element: Unable to locate element: {"method":"css selector","selector":"[id="i0116"]"}
  (Session info: chrome=122.0.6261.129); For documentation on this error, please visit: https://www.selenium.dev/documentation/webdriver/troubleshooting/errors#no-such-element-exception
Stacktrace:
	GetHandleVerifier [0x00007FF65110AD02+56930]
	(No symbol) [0x00007FF65107F602]
	(No symbol) [0x00007FF650F342E5]
	(No symbol) [0x00007FF650F798ED]
	(No symbol) [0x00007FF650F79A2C]
	(No symbol) [0x00007FF650FBA967]
	(No symbol) [0x00007FF650F9BCDF]
	(No symbol) [0x00007FF650FB81E2]
	(No symbol) [0x00007FF650F9BA43]
	(No symbol) [0x00007FF650F6D438]
	(No symbol) [0x00007FF650F6E4D1]
	GetHandleVerifier [0x00007FF651486F8D+3711213]
	GetHandleVerifier [0x00007FF6514E04CD+4077101]
	GetHandleVerifier [0x00007FF6514D865F+4044735]
	GetHandleVerifier [0x00007FF6511A9736+706710]
	(No symbol) [0x00007FF65108B8DF]
	(No symbol) [0x00007FF651086AC4]
	(No symbol) [0x00007FF651086C1C]
	(No symbol) [0x00007FF6510768D4]
	BaseThreadInitThunk [0x00007FFC367A257D+29]
	RtlUserThreadStart [0x00007FFC3736AA58+40]

2024-03-18 13:06:51,016 [ERROR] automation Element located by i0116 is not present. Message: no such element: Unable to locate element: {"method":"css selector","selector":"[id="i0116"]"}
  (Session info: chrome=122.0.6261.129); For documentation on this error, please visit: https://www.selenium.dev/documentation/webdriver/troubleshooting/errors#no-such-element-exception
Stacktrace:
	GetHandleVerifier [0x00007FF65110AD02+56930]
	(No symbol) [0x00007FF65107F602]
	(No symbol) [0x00007FF650F342E5]
	(No symbol) [0x00007FF650F798ED]
	(No symbol) [0x00007FF650F79A2C]
	(No symbol) [0x00007FF650FBA967]
	(No symbol) [0x00007FF650F9BCDF]
	(No symbol) [0x00007FF650FB81E2]
	(No symbol) [0x00007FF650F9BA43]
	(No symbol) [0x00007FF650F6D438]
	(No symbol) [0x00007FF650F6E4D1]
	GetHandleVerifier [0x00007FF651486F8D+3711213]
	GetHandleVerifier [0x00007FF6514E04CD+4077101]
	GetHandleVerifier [0x00007FF6514D865F+4044735]
	GetHandleVerifier [0x00007FF6511A9736+706710]
	(No symbol) [0x00007FF65108B8DF]
	(No symbol) [0x00007FF651086AC4]
	(No symbol) [0x00007FF651086C1C]
	(No symbol) [0x00007FF6510768D4]
	BaseThreadInitThunk [0x00007FFC367A257D+29]
	RtlUserThreadStart [0x00007FFC3736AA58+40]

2024-03-18 13:06:51,085 [ERROR] automation Element located by i0116 is not present. Message: no such element: Unable to locate element: {"method":"css selector","selector":"[id="i0116"]"}
  (Session info: chrome=122.0.6261.129); For documentation on this error, please visit: https://www.selenium.dev/documentation/webdriver/troubleshooting/errors#no-such-element-exception
Stacktrace:
	GetHandleVerifier [0x00007FF65110AD02+56930]
	(No symbol) [0x00007FF65107F602]
	(No symbol) [0x00007FF650F342E5]
	(No symbol) [0x00007FF650F798ED]
	(No symbol) [0x00007FF650F79A2C]
	(No symbol) [0x00007FF650FBA967]
	(No symbol) [0x00007FF650F9BCDF]
	(No symbol) [0x00007FF650FB81E2]
	(No symbol) [0x00007FF650F9BA43]
	(No symbol) [0x00007FF650F6D438]
	(No symbol) [0x00007FF650F6E4D1]
	GetHandleVerifier [0x00007FF651486F8D+3711213]
	GetHandleVerifier [0x00007FF6514E04CD+4077101]
	GetHandleVerifier [0x00007FF6514D865F+4044735]
	GetHandleVerifier [0x00007FF6511A9736+706710]
	(No symbol) [0x00007FF65108B8DF]
	(No symbol) [0x00007FF651086AC4]
	(No symbol) [0x00007FF651086C1C]
	(No symbol) [0x00007FF6510768D4]
	BaseThreadInitThunk [0x00007FFC367A257D+29]
	RtlUserThreadStart [0x00007FFC3736AA58+40]

2024-03-18 13:06:51,156 [ERROR] automation Element located by i0116 is not present. Message: no such element: Unable to locate element: {"method":"css selector","selector":"[id="i0116"]"}
  (Session info: chrome=122.0.6261.129); For documentation on this error, please visit: https://www.selenium.dev/documentation/webdriver/troubleshooting/errors#no-such-element-exception
Stacktrace:
	GetHandleVerifier [0x00007FF65110AD02+56930]
	(No symbol) [0x00007FF65107F602]
	(No symbol) [0x00007FF650F342E5]
	(No symbol) [0x00007FF650F798ED]
	(No symbol) [0x00007FF650F79A2C]
	(No symbol) [0x00007FF650FBA967]
	(No symbol) [0x00007FF650F9BCDF]
	(No symbol) [0x00007FF650FB81E2]
	(No symbol) [0x00007FF650F9BA43]
	(No symbol) [0x00007FF650F6D438]
	(No symbol) [0x00007FF650F6E4D1]
	GetHandleVerifier [0x00007FF651486F8D+3711213]
	GetHandleVerifier [0x00007FF6514E04CD+4077101]
	GetHandleVerifier [0x00007FF6514D865F+4044735]
	GetHandleVerifier [0x00007FF6511A9736+706710]
	(No symbol) [0x00007FF65108B8DF]
	(No symbol) [0x00007FF651086AC4]
	(No symbol) [0x00007FF651086C1C]
	(No symbol) [0x00007FF6510768D4]
	BaseThreadInitThunk [0x00007FFC367A257D+29]
	RtlUserThreadStart [0x00007FFC3736AA58+40]

2024-03-18 13:06:51,221 [ERROR] automation Element located by i0116 is not present. Message: no such element: Unable to locate element: {"method":"css selector","selector":"[id="i0116"]"}
  (Session info: chrome=122.0.6261.129); For documentation on this error, please visit: https://www.selenium.dev/documentation/webdriver/troubleshooting/errors#no-such-element-exception
Stacktrace:
	GetHandleVerifier [0x00007FF65110AD02+56930]
	(No symbol) [0x00007FF65107F602]
	(No symbol) [0x00007FF650F342E5]
	(No symbol) [0x00007FF650F798ED]
	(No symbol) [0x00007FF650F79A2C]
	(No symbol) [0x00007FF650FBA967]
	(No symbol) [0x00007FF650F9BCDF]
	(No symbol) [0x00007FF650FB81E2]
	(No symbol) [0x00007FF650F9BA43]
	(No symbol) [0x00007FF650F6D438]
	(No symbol) [0x00007FF650F6E4D1]
	GetHandleVerifier [0x00007FF651486F8D+3711213]
	GetHandleVerifier [0x00007FF6514E04CD+4077101]
	GetHandleVerifier [0x00007FF6514D865F+4044735]
	GetHandleVerifier [0x00007FF6511A9736+706710]
	(No symbol) [0x00007FF65108B8DF]
	(No symbol) [0x00007FF651086AC4]
	(No symbol) [0x00007FF651086C1C]
	(No symbol) [0x00007FF6510768D4]
	BaseThreadInitThunk [0x00007FFC367A257D+29]
	RtlUserThreadStart [0x00007FFC3736AA58+40]

2024-03-18 13:06:51,295 [ERROR] automation Element located by i0116 is not present. Message: no such element: Unable to locate element: {"method":"css selector","selector":"[id="i0116"]"}
  (Session info: chrome=122.0.6261.129); For documentation on this error, please visit: https://www.selenium.dev/documentation/webdriver/troubleshooting/errors#no-such-element-exception
Stacktrace:
	GetHandleVerifier [0x00007FF65110AD02+56930]
	(No symbol) [0x00007FF65107F602]
	(No symbol) [0x00007FF650F342E5]
	(No symbol) [0x00007FF650F798ED]
	(No symbol) [0x00007FF650F79A2C]
	(No symbol) [0x00007FF650FBA967]
	(No symbol) [0x00007FF650F9BCDF]
	(No symbol) [0x00007FF650FB81E2]
	(No symbol) [0x00007FF650F9BA43]
	(No symbol) [0x00007FF650F6D438]
	(No symbol) [0x00007FF650F6E4D1]
	GetHandleVerifier [0x00007FF651486F8D+3711213]
	GetHandleVerifier [0x00007FF6514E04CD+4077101]
	GetHandleVerifier [0x00007FF6514D865F+4044735]
	GetHandleVerifier [0x00007FF6511A9736+706710]
	(No symbol) [0x00007FF65108B8DF]
	(No symbol) [0x00007FF651086AC4]
	(No symbol) [0x00007FF651086C1C]
	(No symbol) [0x00007FF6510768D4]
	BaseThreadInitThunk [0x00007FFC367A257D+29]
	RtlUserThreadStart [0x00007FFC3736AA58+40]

2024-03-18 13:06:51,366 [ERROR] automation Element located by i0116 is not present. Message: no such element: Unable to locate element: {"method":"css selector","selector":"[id="i0116"]"}
  (Session info: chrome=122.0.6261.129); For documentation on this error, please visit: https://www.selenium.dev/documentation/webdriver/troubleshooting/errors#no-such-element-exception
Stacktrace:
	GetHandleVerifier [0x00007FF65110AD02+56930]
	(No symbol) [0x00007FF65107F602]
	(No symbol) [0x00007FF650F342E5]
	(No symbol) [0x00007FF650F798ED]
	(No symbol) [0x00007FF650F79A2C]
	(No symbol) [0x00007FF650FBA967]
	(No symbol) [0x00007FF650F9BCDF]
	(No symbol) [0x00007FF650FB81E2]
	(No symbol) [0x00007FF650F9BA43]
	(No symbol) [0x00007FF650F6D438]
	(No symbol) [0x00007FF650F6E4D1]
	GetHandleVerifier [0x00007FF651486F8D+3711213]
	GetHandleVerifier [0x00007FF6514E04CD+4077101]
	GetHandleVerifier [0x00007FF6514D865F+4044735]
	GetHandleVerifier [0x00007FF6511A9736+706710]
	(No symbol) [0x00007FF65108B8DF]
	(No symbol) [0x00007FF651086AC4]
	(No symbol) [0x00007FF651086C1C]
	(No symbol) [0x00007FF6510768D4]
	BaseThreadInitThunk [0x00007FFC367A257D+29]
	RtlUserThreadStart [0x00007FFC3736AA58+40]

2024-03-18 13:06:51,426 [ERROR] automation Element located by i0116 is not present. Message: no such element: Unable to locate element: {"method":"css selector","selector":"[id="i0116"]"}
  (Session info: chrome=122.0.6261.129); For documentation on this error, please visit: https://www.selenium.dev/documentation/webdriver/troubleshooting/errors#no-such-element-exception
Stacktrace:
	GetHandleVerifier [0x00007FF65110AD02+56930]
	(No symbol) [0x00007FF65107F602]
	(No symbol) [0x00007FF650F342E5]
	(No symbol) [0x00007FF650F798ED]
	(No symbol) [0x00007FF650F79A2C]
	(No symbol) [0x00007FF650FBA967]
	(No symbol) [0x00007FF650F9BCDF]
	(No symbol) [0x00007FF650FB81E2]
	(No symbol) [0x00007FF650F9BA43]
	(No symbol) [0x00007FF650F6D438]
	(No symbol) [0x00007FF650F6E4D1]
	GetHandleVerifier [0x00007FF651486F8D+3711213]
	GetHandleVerifier [0x00007FF6514E04CD+4077101]
	GetHandleVerifier [0x00007FF6514D865F+4044735]
	GetHandleVerifier [0x00007FF6511A9736+706710]
	(No symbol) [0x00007FF65108B8DF]
	(No symbol) [0x00007FF651086AC4]
	(No symbol) [0x00007FF651086C1C]
	(No symbol) [0x00007FF6510768D4]
	BaseThreadInitThunk [0x00007FFC367A257D+29]
	RtlUserThreadStart [0x00007FFC3736AA58+40]

2024-03-18 13:06:52,255 [ERROR] automation Element located by i0116 is not present. Message: no such element: Unable to locate element: {"method":"css selector","selector":"[id="i0116"]"}
  (Session info: chrome=122.0.6261.129); For documentation on this error, please visit: https://www.selenium.dev/documentation/webdriver/troubleshooting/errors#no-such-element-exception
Stacktrace:
	GetHandleVerifier [0x00007FF65110AD02+56930]
	(No symbol) [0x00007FF65107F602]
	(No symbol) [0x00007FF650F342E5]
	(No symbol) [0x00007FF650F798ED]
	(No symbol) [0x00007FF650F79A2C]
	(No symbol) [0x00007FF650FBA967]
	(No symbol) [0x00007FF650F9BCDF]
	(No symbol) [0x00007FF650FB81E2]
	(No symbol) [0x00007FF650F9BA43]
	(No symbol) [0x00007FF650F6D438]
	(No symbol) [0x00007FF650F6E4D1]
	GetHandleVerifier [0x00007FF651486F8D+3711213]
	GetHandleVerifier [0x00007FF6514E04CD+4077101]
	GetHandleVerifier [0x00007FF6514D865F+4044735]
	GetHandleVerifier [0x00007FF6511A9736+706710]
	(No symbol) [0x00007FF65108B8DF]
	(No symbol) [0x00007FF651086AC4]
	(No symbol) [0x00007FF651086C1C]
	(No symbol) [0x00007FF6510768D4]
	BaseThreadInitThunk [0x00007FFC367A257D+29]
	RtlUserThreadStart [0x00007FFC3736AA58+40]

2024-03-18 13:06:52,316 [ERROR] automation Element located by i0116 is not present. Message: no such element: Unable to locate element: {"method":"css selector","selector":"[id="i0116"]"}
  (Session info: chrome=122.0.6261.129); For documentation on this error, please visit: https://www.selenium.dev/documentation/webdriver/troubleshooting/errors#no-such-element-exception
Stacktrace:
	GetHandleVerifier [0x00007FF65110AD02+56930]
	(No symbol) [0x00007FF65107F602]
	(No symbol) [0x00007FF650F342E5]
	(No symbol) [0x00007FF650F798ED]
	(No symbol) [0x00007FF650F79A2C]
	(No symbol) [0x00007FF650FBA967]
	(No symbol) [0x00007FF650F9BCDF]
	(No symbol) [0x00007FF650FB81E2]
	(No symbol) [0x00007FF650F9BA43]
	(No symbol) [0x00007FF650F6D438]
	(No symbol) [0x00007FF650F6E4D1]
	GetHandleVerifier [0x00007FF651486F8D+3711213]
	GetHandleVerifier [0x00007FF6514E04CD+4077101]
	GetHandleVerifier [0x00007FF6514D865F+4044735]
	GetHandleVerifier [0x00007FF6511A9736+706710]
	(No symbol) [0x00007FF65108B8DF]
	(No symbol) [0x00007FF651086AC4]
	(No symbol) [0x00007FF651086C1C]
	(No symbol) [0x00007FF6510768D4]
	BaseThreadInitThunk [0x00007FFC367A257D+29]
	RtlUserThreadStart [0x00007FFC3736AA58+40]

2024-03-18 13:06:52,374 [ERROR] automation Element located by i0116 is not present. Message: no such element: Unable to locate element: {"method":"css selector","selector":"[id="i0116"]"}
  (Session info: chrome=122.0.6261.129); For documentation on this error, please visit: https://www.selenium.dev/documentation/webdriver/troubleshooting/errors#no-such-element-exception
Stacktrace:
	GetHandleVerifier [0x00007FF65110AD02+56930]
	(No symbol) [0x00007FF65107F602]
	(No symbol) [0x00007FF650F342E5]
	(No symbol) [0x00007FF650F798ED]
	(No symbol) [0x00007FF650F79A2C]
	(No symbol) [0x00007FF650FBA967]
	(No symbol) [0x00007FF650F9BCDF]
	(No symbol) [0x00007FF650FB81E2]
	(No symbol) [0x00007FF650F9BA43]
	(No symbol) [0x00007FF650F6D438]
	(No symbol) [0x00007FF650F6E4D1]
	GetHandleVerifier [0x00007FF651486F8D+3711213]
	GetHandleVerifier [0x00007FF6514E04CD+4077101]
	GetHandleVerifier [0x00007FF6514D865F+4044735]
	GetHandleVerifier [0x00007FF6511A9736+706710]
	(No symbol) [0x00007FF65108B8DF]
	(No symbol) [0x00007FF651086AC4]
	(No symbol) [0x00007FF651086C1C]
	(No symbol) [0x00007FF6510768D4]
	BaseThreadInitThunk [0x00007FFC367A257D+29]
	RtlUserThreadStart [0x00007FFC3736AA58+40]

2024-03-18 13:06:52,438 [ERROR] automation Element located by i0116 is not present. Message: no such element: Unable to locate element: {"method":"css selector","selector":"[id="i0116"]"}
  (Session info: chrome=122.0.6261.129); For documentation on this error, please visit: https://www.selenium.dev/documentation/webdriver/troubleshooting/errors#no-such-element-exception
Stacktrace:
	GetHandleVerifier [0x00007FF65110AD02+56930]
	(No symbol) [0x00007FF65107F602]
	(No symbol) [0x00007FF650F342E5]
	(No symbol) [0x00007FF650F798ED]
	(No symbol) [0x00007FF650F79A2C]
	(No symbol) [0x00007FF650FBA967]
	(No symbol) [0x00007FF650F9BCDF]
	(No symbol) [0x00007FF650FB81E2]
	(No symbol) [0x00007FF650F9BA43]
	(No symbol) [0x00007FF650F6D438]
	(No symbol) [0x00007FF650F6E4D1]
	GetHandleVerifier [0x00007FF651486F8D+3711213]
	GetHandleVerifier [0x00007FF6514E04CD+4077101]
	GetHandleVerifier [0x00007FF6514D865F+4044735]
	GetHandleVerifier [0x00007FF6511A9736+706710]
	(No symbol) [0x00007FF65108B8DF]
	(No symbol) [0x00007FF651086AC4]
	(No symbol) [0x00007FF651086C1C]
	(No symbol) [0x00007FF6510768D4]
	BaseThreadInitThunk [0x00007FFC367A257D+29]
	RtlUserThreadStart [0x00007FFC3736AA58+40]

2024-03-18 13:06:52,507 [ERROR] automation Element located by i0116 is not present. Message: no such element: Unable to locate element: {"method":"css selector","selector":"[id="i0116"]"}
  (Session info: chrome=122.0.6261.129); For documentation on this error, please visit: https://www.selenium.dev/documentation/webdriver/troubleshooting/errors#no-such-element-exception
Stacktrace:
	GetHandleVerifier [0x00007FF65110AD02+56930]
	(No symbol) [0x00007FF65107F602]
	(No symbol) [0x00007FF650F342E5]
	(No symbol) [0x00007FF650F798ED]
	(No symbol) [0x00007FF650F79A2C]
	(No symbol) [0x00007FF650FBA967]
	(No symbol) [0x00007FF650F9BCDF]
	(No symbol) [0x00007FF650FB81E2]
	(No symbol) [0x00007FF650F9BA43]
	(No symbol) [0x00007FF650F6D438]
	(No symbol) [0x00007FF650F6E4D1]
	GetHandleVerifier [0x00007FF651486F8D+3711213]
	GetHandleVerifier [0x00007FF6514E04CD+4077101]
	GetHandleVerifier [0x00007FF6514D865F+4044735]
	GetHandleVerifier [0x00007FF6511A9736+706710]
	(No symbol) [0x00007FF65108B8DF]
	(No symbol) [0x00007FF651086AC4]
	(No symbol) [0x00007FF651086C1C]
	(No symbol) [0x00007FF6510768D4]
	BaseThreadInitThunk [0x00007FFC367A257D+29]
	RtlUserThreadStart [0x00007FFC3736AA58+40]

2024-03-18 13:06:52,573 [ERROR] automation Element located by i0116 is not present. Message: no such element: Unable to locate element: {"method":"css selector","selector":"[id="i0116"]"}
  (Session info: chrome=122.0.6261.129); For documentation on this error, please visit: https://www.selenium.dev/documentation/webdriver/troubleshooting/errors#no-such-element-exception
Stacktrace:
	GetHandleVerifier [0x00007FF65110AD02+56930]
	(No symbol) [0x00007FF65107F602]
	(No symbol) [0x00007FF650F342E5]
	(No symbol) [0x00007FF650F798ED]
	(No symbol) [0x00007FF650F79A2C]
	(No symbol) [0x00007FF650FBA967]
	(No symbol) [0x00007FF650F9BCDF]
	(No symbol) [0x00007FF650FB81E2]
	(No symbol) [0x00007FF650F9BA43]
	(No symbol) [0x00007FF650F6D438]
	(No symbol) [0x00007FF650F6E4D1]
	GetHandleVerifier [0x00007FF651486F8D+3711213]
	GetHandleVerifier [0x00007FF6514E04CD+4077101]
	GetHandleVerifier [0x00007FF6514D865F+4044735]
	GetHandleVerifier [0x00007FF6511A9736+706710]
	(No symbol) [0x00007FF65108B8DF]
	(No symbol) [0x00007FF651086AC4]
	(No symbol) [0x00007FF651086C1C]
	(No symbol) [0x00007FF6510768D4]
	BaseThreadInitThunk [0x00007FFC367A257D+29]
	RtlUserThreadStart [0x00007FFC3736AA58+40]

2024-03-18 13:06:52,657 [ERROR] automation Element located by i0116 is not present. Message: no such element: Unable to locate element: {"method":"css selector","selector":"[id="i0116"]"}
  (Session info: chrome=122.0.6261.129); For documentation on this error, please visit: https://www.selenium.dev/documentation/webdriver/troubleshooting/errors#no-such-element-exception
Stacktrace:
	GetHandleVerifier [0x00007FF65110AD02+56930]
	(No symbol) [0x00007FF65107F602]
	(No symbol) [0x00007FF650F342E5]
	(No symbol) [0x00007FF650F798ED]
	(No symbol) [0x00007FF650F79A2C]
	(No symbol) [0x00007FF650FBA967]
	(No symbol) [0x00007FF650F9BCDF]
	(No symbol) [0x00007FF650FB81E2]
	(No symbol) [0x00007FF650F9BA43]
	(No symbol) [0x00007FF650F6D438]
	(No symbol) [0x00007FF650F6E4D1]
	GetHandleVerifier [0x00007FF651486F8D+3711213]
	GetHandleVerifier [0x00007FF6514E04CD+4077101]
	GetHandleVerifier [0x00007FF6514D865F+4044735]
	GetHandleVerifier [0x00007FF6511A9736+706710]
	(No symbol) [0x00007FF65108B8DF]
	(No symbol) [0x00007FF651086AC4]
	(No symbol) [0x00007FF651086C1C]
	(No symbol) [0x00007FF6510768D4]
	BaseThreadInitThunk [0x00007FFC367A257D+29]
	RtlUserThreadStart [0x00007FFC3736AA58+40]

2024-03-18 13:06:52,774 [INFO] automation Element located by i0116 is present.
2024-03-18 13:07:00,188 [INFO] automation Element located by //div[@class='logo'] is present.
2024-03-18 13:07:04,428 [ERROR] automation Element located by //div[@class='tableFixHead']/table/tbody/tr[contains(@class,'even_col')][1] is not present. Message: no such element: Unable to locate element: {"method":"xpath","selector":"//div[@class='tableFixHead']/table/tbody/tr[contains(@class,'even_col')][1]"}
  (Session info: chrome=122.0.6261.129); For documentation on this error, please visit: https://www.selenium.dev/documentation/webdriver/troubleshooting/errors#no-such-element-exception
Stacktrace:
	GetHandleVerifier [0x00007FF65110AD02+56930]
	(No symbol) [0x00007FF65107F602]
	(No symbol) [0x00007FF650F342E5]
	(No symbol) [0x00007FF650F798ED]
	(No symbol) [0x00007FF650F79A2C]
	(No symbol) [0x00007FF650FBA967]
	(No symbol) [0x00007FF650F9BCDF]
	(No symbol) [0x00007FF650FB81E2]
	(No symbol) [0x00007FF650F9BA43]
	(No symbol) [0x00007FF650F6D438]
	(No symbol) [0x00007FF650F6E4D1]
	GetHandleVerifier [0x00007FF651486F8D+3711213]
	GetHandleVerifier [0x00007FF6514E04CD+4077101]
	GetHandleVerifier [0x00007FF6514D865F+4044735]
	GetHandleVerifier [0x00007FF6511A9736+706710]
	(No symbol) [0x00007FF65108B8DF]
	(No symbol) [0x00007FF651086AC4]
	(No symbol) [0x00007FF651086C1C]
	(No symbol) [0x00007FF6510768D4]
	BaseThreadInitThunk [0x00007FFC367A257D+29]
	RtlUserThreadStart [0x00007FFC3736AA58+40]

2024-03-18 13:07:04,492 [ERROR] automation Element located by //div[@class='tableFixHead']/table/tbody/tr[contains(@class,'even_col')][1] is not present. Message: no such element: Unable to locate element: {"method":"xpath","selector":"//div[@class='tableFixHead']/table/tbody/tr[contains(@class,'even_col')][1]"}
  (Session info: chrome=122.0.6261.129); For documentation on this error, please visit: https://www.selenium.dev/documentation/webdriver/troubleshooting/errors#no-such-element-exception
Stacktrace:
	GetHandleVerifier [0x00007FF65110AD02+56930]
	(No symbol) [0x00007FF65107F602]
	(No symbol) [0x00007FF650F342E5]
	(No symbol) [0x00007FF650F798ED]
	(No symbol) [0x00007FF650F79A2C]
	(No symbol) [0x00007FF650FBA967]
	(No symbol) [0x00007FF650F9BCDF]
	(No symbol) [0x00007FF650FB81E2]
	(No symbol) [0x00007FF650F9BA43]
	(No symbol) [0x00007FF650F6D438]
	(No symbol) [0x00007FF650F6E4D1]
	GetHandleVerifier [0x00007FF651486F8D+3711213]
	GetHandleVerifier [0x00007FF6514E04CD+4077101]
	GetHandleVerifier [0x00007FF6514D865F+4044735]
	GetHandleVerifier [0x00007FF6511A9736+706710]
	(No symbol) [0x00007FF65108B8DF]
	(No symbol) [0x00007FF651086AC4]
	(No symbol) [0x00007FF651086C1C]
	(No symbol) [0x00007FF6510768D4]
	BaseThreadInitThunk [0x00007FFC367A257D+29]
	RtlUserThreadStart [0x00007FFC3736AA58+40]

2024-03-18 13:07:04,573 [INFO] automation Element located by //div[@class='tableFixHead']/table/tbody/tr[contains(@class,'even_col')][1] is present.
2024-03-18 13:07:07,042 [INFO] automation Element located by notes is present.
2024-03-18 13:07:07,049 [INFO] automation Element located by notes is present.
2024-03-18 13:07:08,588 [ERROR] automation Element located by //div[@role='alert' and contains(text(),'success') or contains(text(),'Success')] is not present. Message: no such element: Unable to locate element: {"method":"xpath","selector":"//div[@role='alert' and contains(text(),'success') or contains(text(),'Success')]"}
  (Session info: chrome=122.0.6261.129); For documentation on this error, please visit: https://www.selenium.dev/documentation/webdriver/troubleshooting/errors#no-such-element-exception
Stacktrace:
	GetHandleVerifier [0x00007FF65110AD02+56930]
	(No symbol) [0x00007FF65107F602]
	(No symbol) [0x00007FF650F342E5]
	(No symbol) [0x00007FF650F798ED]
	(No symbol) [0x00007FF650F79A2C]
	(No symbol) [0x00007FF650FBA967]
	(No symbol) [0x00007FF650F9BCDF]
	(No symbol) [0x00007FF650FB81E2]
	(No symbol) [0x00007FF650F9BA43]
	(No symbol) [0x00007FF650F6D438]
	(No symbol) [0x00007FF650F6E4D1]
	GetHandleVerifier [0x00007FF651486F8D+3711213]
	GetHandleVerifier [0x00007FF6514E04CD+4077101]
	GetHandleVerifier [0x00007FF6514D865F+4044735]
	GetHandleVerifier [0x00007FF6511A9736+706710]
	(No symbol) [0x00007FF65108B8DF]
	(No symbol) [0x00007FF651086AC4]
	(No symbol) [0x00007FF651086C1C]
	(No symbol) [0x00007FF6510768D4]
	BaseThreadInitThunk [0x00007FFC367A257D+29]
	RtlUserThreadStart [0x00007FFC3736AA58+40]

2024-03-18 13:07:08,639 [ERROR] automation Element located by //div[@role='alert' and contains(text(),'success') or contains(text(),'Success')] is not present. Message: no such element: Unable to locate element: {"method":"xpath","selector":"//div[@role='alert' and contains(text(),'success') or contains(text(),'Success')]"}
  (Session info: chrome=122.0.6261.129); For documentation on this error, please visit: https://www.selenium.dev/documentation/webdriver/troubleshooting/errors#no-such-element-exception
Stacktrace:
	GetHandleVerifier [0x00007FF65110AD02+56930]
	(No symbol) [0x00007FF65107F602]
	(No symbol) [0x00007FF650F342E5]
	(No symbol) [0x00007FF650F798ED]
	(No symbol) [0x00007FF650F79A2C]
	(No symbol) [0x00007FF650FBA967]
	(No symbol) [0x00007FF650F9BCDF]
	(No symbol) [0x00007FF650FB81E2]
	(No symbol) [0x00007FF650F9BA43]
	(No symbol) [0x00007FF650F6D438]
	(No symbol) [0x00007FF650F6E4D1]
	GetHandleVerifier [0x00007FF651486F8D+3711213]
	GetHandleVerifier [0x00007FF6514E04CD+4077101]
	GetHandleVerifier [0x00007FF6514D865F+4044735]
	GetHandleVerifier [0x00007FF6511A9736+706710]
	(No symbol) [0x00007FF65108B8DF]
	(No symbol) [0x00007FF651086AC4]
	(No symbol) [0x00007FF651086C1C]
	(No symbol) [0x00007FF6510768D4]
	BaseThreadInitThunk [0x00007FFC367A257D+29]
	RtlUserThreadStart [0x00007FFC3736AA58+40]

2024-03-18 13:07:08,764 [INFO] automation Element located by //div[@role='alert' and contains(text(),'success') or contains(text(),'Success')] is present.
2024-03-18 13:07:11,252 [INFO] automation Element located by firstname is present.
2024-03-18 13:07:12,518 [INFO] automation Element located by //div[@role='alert' and contains(text(),'success') or contains(text(),'Success')] is present.
2024-03-18 13:07:14,954 [INFO] automation Element located by fname is present.
2024-03-18 13:07:14,961 [INFO] automation Element located by fname is present.
2024-03-18 13:07:15,229 [INFO] automation Element located by //div[@class='tableFixHead']/table/tbody/tr[1]/td[contains(text(),'ContactFirstName181307028dbc')] is present.
2024-03-18 13:07:15,230 [INFO] automation Test passed.
