2024-04-04 16:46:24,298 [INFO] automation Test has started.
2024-04-04 16:46:24,300 [INFO] automation Navigating to the https://chorusqa.cogninelabs.com/
2024-04-04 16:46:31,696 [ERROR] automation Element located by i0116 is not present. Message: no such element: Unable to locate element: {"method":"css selector","selector":"[id="i0116"]"}
  (Session info: chrome=122.0.6261.131); For documentation on this error, please visit: https://www.selenium.dev/documentation/webdriver/troubleshooting/errors#no-such-element-exception
Stacktrace:
	GetHandleVerifier [0x00007FF63AC7AD02+56930]
	(No symbol) [0x00007FF63ABEF602]
	(No symbol) [0x00007FF63AAA42E5]
	(No symbol) [0x00007FF63AAE98ED]
	(No symbol) [0x00007FF63AAE9A2C]
	(No symbol) [0x00007FF63AB2A967]
	(No symbol) [0x00007FF63AB0BCDF]
	(No symbol) [0x00007FF63AB281E2]
	(No symbol) [0x00007FF63AB0BA43]
	(No symbol) [0x00007FF63AADD438]
	(No symbol) [0x00007FF63AADE4D1]
	GetHandleVerifier [0x00007FF63AFF6F8D+3711213]
	GetHandleVerifier [0x00007FF63B0504CD+4077101]
	GetHandleVerifier [0x00007FF63B04865F+4044735]
	GetHandleVerifier [0x00007FF63AD19736+706710]
	(No symbol) [0x00007FF63ABFB8DF]
	(No symbol) [0x00007FF63ABF6AC4]
	(No symbol) [0x00007FF63ABF6C1C]
	(No symbol) [0x00007FF63ABE68D4]
	BaseThreadInitThunk [0x00007FF9494C257D+29]
	RtlUserThreadStart [0x00007FF94AC4AA58+40]

2024-04-04 16:46:31,763 [ERROR] automation Element located by i0116 is not present. Message: no such element: Unable to locate element: {"method":"css selector","selector":"[id="i0116"]"}
  (Session info: chrome=122.0.6261.131); For documentation on this error, please visit: https://www.selenium.dev/documentation/webdriver/troubleshooting/errors#no-such-element-exception
Stacktrace:
	GetHandleVerifier [0x00007FF63AC7AD02+56930]
	(No symbol) [0x00007FF63ABEF602]
	(No symbol) [0x00007FF63AAA42E5]
	(No symbol) [0x00007FF63AAE98ED]
	(No symbol) [0x00007FF63AAE9A2C]
	(No symbol) [0x00007FF63AB2A967]
	(No symbol) [0x00007FF63AB0BCDF]
	(No symbol) [0x00007FF63AB281E2]
	(No symbol) [0x00007FF63AB0BA43]
	(No symbol) [0x00007FF63AADD438]
	(No symbol) [0x00007FF63AADE4D1]
	GetHandleVerifier [0x00007FF63AFF6F8D+3711213]
	GetHandleVerifier [0x00007FF63B0504CD+4077101]
	GetHandleVerifier [0x00007FF63B04865F+4044735]
	GetHandleVerifier [0x00007FF63AD19736+706710]
	(No symbol) [0x00007FF63ABFB8DF]
	(No symbol) [0x00007FF63ABF6AC4]
	(No symbol) [0x00007FF63ABF6C1C]
	(No symbol) [0x00007FF63ABE68D4]
	BaseThreadInitThunk [0x00007FF9494C257D+29]
	RtlUserThreadStart [0x00007FF94AC4AA58+40]

2024-04-04 16:46:31,831 [ERROR] automation Element located by i0116 is not present. Message: no such element: Unable to locate element: {"method":"css selector","selector":"[id="i0116"]"}
  (Session info: chrome=122.0.6261.131); For documentation on this error, please visit: https://www.selenium.dev/documentation/webdriver/troubleshooting/errors#no-such-element-exception
Stacktrace:
	GetHandleVerifier [0x00007FF63AC7AD02+56930]
	(No symbol) [0x00007FF63ABEF602]
	(No symbol) [0x00007FF63AAA42E5]
	(No symbol) [0x00007FF63AAE98ED]
	(No symbol) [0x00007FF63AAE9A2C]
	(No symbol) [0x00007FF63AB2A967]
	(No symbol) [0x00007FF63AB0BCDF]
	(No symbol) [0x00007FF63AB281E2]
	(No symbol) [0x00007FF63AB0BA43]
	(No symbol) [0x00007FF63AADD438]
	(No symbol) [0x00007FF63AADE4D1]
	GetHandleVerifier [0x00007FF63AFF6F8D+3711213]
	GetHandleVerifier [0x00007FF63B0504CD+4077101]
	GetHandleVerifier [0x00007FF63B04865F+4044735]
	GetHandleVerifier [0x00007FF63AD19736+706710]
	(No symbol) [0x00007FF63ABFB8DF]
	(No symbol) [0x00007FF63ABF6AC4]
	(No symbol) [0x00007FF63ABF6C1C]
	(No symbol) [0x00007FF63ABE68D4]
	BaseThreadInitThunk [0x00007FF9494C257D+29]
	RtlUserThreadStart [0x00007FF94AC4AA58+40]

2024-04-04 16:46:31,905 [ERROR] automation Element located by i0116 is not present. Message: no such element: Unable to locate element: {"method":"css selector","selector":"[id="i0116"]"}
  (Session info: chrome=122.0.6261.131); For documentation on this error, please visit: https://www.selenium.dev/documentation/webdriver/troubleshooting/errors#no-such-element-exception
Stacktrace:
	GetHandleVerifier [0x00007FF63AC7AD02+56930]
	(No symbol) [0x00007FF63ABEF602]
	(No symbol) [0x00007FF63AAA42E5]
	(No symbol) [0x00007FF63AAE98ED]
	(No symbol) [0x00007FF63AAE9A2C]
	(No symbol) [0x00007FF63AB2A967]
	(No symbol) [0x00007FF63AB0BCDF]
	(No symbol) [0x00007FF63AB281E2]
	(No symbol) [0x00007FF63AB0BA43]
	(No symbol) [0x00007FF63AADD438]
	(No symbol) [0x00007FF63AADE4D1]
	GetHandleVerifier [0x00007FF63AFF6F8D+3711213]
	GetHandleVerifier [0x00007FF63B0504CD+4077101]
	GetHandleVerifier [0x00007FF63B04865F+4044735]
	GetHandleVerifier [0x00007FF63AD19736+706710]
	(No symbol) [0x00007FF63ABFB8DF]
	(No symbol) [0x00007FF63ABF6AC4]
	(No symbol) [0x00007FF63ABF6C1C]
	(No symbol) [0x00007FF63ABE68D4]
	BaseThreadInitThunk [0x00007FF9494C257D+29]
	RtlUserThreadStart [0x00007FF94AC4AA58+40]

2024-04-04 16:46:31,976 [ERROR] automation Element located by i0116 is not present. Message: no such element: Unable to locate element: {"method":"css selector","selector":"[id="i0116"]"}
  (Session info: chrome=122.0.6261.131); For documentation on this error, please visit: https://www.selenium.dev/documentation/webdriver/troubleshooting/errors#no-such-element-exception
Stacktrace:
	GetHandleVerifier [0x00007FF63AC7AD02+56930]
	(No symbol) [0x00007FF63ABEF602]
	(No symbol) [0x00007FF63AAA42E5]
	(No symbol) [0x00007FF63AAE98ED]
	(No symbol) [0x00007FF63AAE9A2C]
	(No symbol) [0x00007FF63AB2A967]
	(No symbol) [0x00007FF63AB0BCDF]
	(No symbol) [0x00007FF63AB281E2]
	(No symbol) [0x00007FF63AB0BA43]
	(No symbol) [0x00007FF63AADD438]
	(No symbol) [0x00007FF63AADE4D1]
	GetHandleVerifier [0x00007FF63AFF6F8D+3711213]
	GetHandleVerifier [0x00007FF63B0504CD+4077101]
	GetHandleVerifier [0x00007FF63B04865F+4044735]
	GetHandleVerifier [0x00007FF63AD19736+706710]
	(No symbol) [0x00007FF63ABFB8DF]
	(No symbol) [0x00007FF63ABF6AC4]
	(No symbol) [0x00007FF63ABF6C1C]
	(No symbol) [0x00007FF63ABE68D4]
	BaseThreadInitThunk [0x00007FF9494C257D+29]
	RtlUserThreadStart [0x00007FF94AC4AA58+40]

2024-04-04 16:46:32,042 [ERROR] automation Element located by i0116 is not present. Message: no such element: Unable to locate element: {"method":"css selector","selector":"[id="i0116"]"}
  (Session info: chrome=122.0.6261.131); For documentation on this error, please visit: https://www.selenium.dev/documentation/webdriver/troubleshooting/errors#no-such-element-exception
Stacktrace:
	GetHandleVerifier [0x00007FF63AC7AD02+56930]
	(No symbol) [0x00007FF63ABEF602]
	(No symbol) [0x00007FF63AAA42E5]
	(No symbol) [0x00007FF63AAE98ED]
	(No symbol) [0x00007FF63AAE9A2C]
	(No symbol) [0x00007FF63AB2A967]
	(No symbol) [0x00007FF63AB0BCDF]
	(No symbol) [0x00007FF63AB281E2]
	(No symbol) [0x00007FF63AB0BA43]
	(No symbol) [0x00007FF63AADD438]
	(No symbol) [0x00007FF63AADE4D1]
	GetHandleVerifier [0x00007FF63AFF6F8D+3711213]
	GetHandleVerifier [0x00007FF63B0504CD+4077101]
	GetHandleVerifier [0x00007FF63B04865F+4044735]
	GetHandleVerifier [0x00007FF63AD19736+706710]
	(No symbol) [0x00007FF63ABFB8DF]
	(No symbol) [0x00007FF63ABF6AC4]
	(No symbol) [0x00007FF63ABF6C1C]
	(No symbol) [0x00007FF63ABE68D4]
	BaseThreadInitThunk [0x00007FF9494C257D+29]
	RtlUserThreadStart [0x00007FF94AC4AA58+40]

2024-04-04 16:46:32,109 [ERROR] automation Element located by i0116 is not present. Message: no such element: Unable to locate element: {"method":"css selector","selector":"[id="i0116"]"}
  (Session info: chrome=122.0.6261.131); For documentation on this error, please visit: https://www.selenium.dev/documentation/webdriver/troubleshooting/errors#no-such-element-exception
Stacktrace:
	GetHandleVerifier [0x00007FF63AC7AD02+56930]
	(No symbol) [0x00007FF63ABEF602]
	(No symbol) [0x00007FF63AAA42E5]
	(No symbol) [0x00007FF63AAE98ED]
	(No symbol) [0x00007FF63AAE9A2C]
	(No symbol) [0x00007FF63AB2A967]
	(No symbol) [0x00007FF63AB0BCDF]
	(No symbol) [0x00007FF63AB281E2]
	(No symbol) [0x00007FF63AB0BA43]
	(No symbol) [0x00007FF63AADD438]
	(No symbol) [0x00007FF63AADE4D1]
	GetHandleVerifier [0x00007FF63AFF6F8D+3711213]
	GetHandleVerifier [0x00007FF63B0504CD+4077101]
	GetHandleVerifier [0x00007FF63B04865F+4044735]
	GetHandleVerifier [0x00007FF63AD19736+706710]
	(No symbol) [0x00007FF63ABFB8DF]
	(No symbol) [0x00007FF63ABF6AC4]
	(No symbol) [0x00007FF63ABF6C1C]
	(No symbol) [0x00007FF63ABE68D4]
	BaseThreadInitThunk [0x00007FF9494C257D+29]
	RtlUserThreadStart [0x00007FF94AC4AA58+40]

2024-04-04 16:46:32,177 [ERROR] automation Element located by i0116 is not present. Message: no such element: Unable to locate element: {"method":"css selector","selector":"[id="i0116"]"}
  (Session info: chrome=122.0.6261.131); For documentation on this error, please visit: https://www.selenium.dev/documentation/webdriver/troubleshooting/errors#no-such-element-exception
Stacktrace:
	GetHandleVerifier [0x00007FF63AC7AD02+56930]
	(No symbol) [0x00007FF63ABEF602]
	(No symbol) [0x00007FF63AAA42E5]
	(No symbol) [0x00007FF63AAE98ED]
	(No symbol) [0x00007FF63AAE9A2C]
	(No symbol) [0x00007FF63AB2A967]
	(No symbol) [0x00007FF63AB0BCDF]
	(No symbol) [0x00007FF63AB281E2]
	(No symbol) [0x00007FF63AB0BA43]
	(No symbol) [0x00007FF63AADD438]
	(No symbol) [0x00007FF63AADE4D1]
	GetHandleVerifier [0x00007FF63AFF6F8D+3711213]
	GetHandleVerifier [0x00007FF63B0504CD+4077101]
	GetHandleVerifier [0x00007FF63B04865F+4044735]
	GetHandleVerifier [0x00007FF63AD19736+706710]
	(No symbol) [0x00007FF63ABFB8DF]
	(No symbol) [0x00007FF63ABF6AC4]
	(No symbol) [0x00007FF63ABF6C1C]
	(No symbol) [0x00007FF63ABE68D4]
	BaseThreadInitThunk [0x00007FF9494C257D+29]
	RtlUserThreadStart [0x00007FF94AC4AA58+40]

2024-04-04 16:46:33,213 [ERROR] automation Element located by i0116 is not present. Message: no such element: Unable to locate element: {"method":"css selector","selector":"[id="i0116"]"}
  (Session info: chrome=122.0.6261.131); For documentation on this error, please visit: https://www.selenium.dev/documentation/webdriver/troubleshooting/errors#no-such-element-exception
Stacktrace:
	GetHandleVerifier [0x00007FF63AC7AD02+56930]
	(No symbol) [0x00007FF63ABEF602]
	(No symbol) [0x00007FF63AAA42E5]
	(No symbol) [0x00007FF63AAE98ED]
	(No symbol) [0x00007FF63AAE9A2C]
	(No symbol) [0x00007FF63AB2A967]
	(No symbol) [0x00007FF63AB0BCDF]
	(No symbol) [0x00007FF63AB281E2]
	(No symbol) [0x00007FF63AB0BA43]
	(No symbol) [0x00007FF63AADD438]
	(No symbol) [0x00007FF63AADE4D1]
	GetHandleVerifier [0x00007FF63AFF6F8D+3711213]
	GetHandleVerifier [0x00007FF63B0504CD+4077101]
	GetHandleVerifier [0x00007FF63B04865F+4044735]
	GetHandleVerifier [0x00007FF63AD19736+706710]
	(No symbol) [0x00007FF63ABFB8DF]
	(No symbol) [0x00007FF63ABF6AC4]
	(No symbol) [0x00007FF63ABF6C1C]
	(No symbol) [0x00007FF63ABE68D4]
	BaseThreadInitThunk [0x00007FF9494C257D+29]
	RtlUserThreadStart [0x00007FF94AC4AA58+40]

2024-04-04 16:46:33,280 [ERROR] automation Element located by i0116 is not present. Message: no such element: Unable to locate element: {"method":"css selector","selector":"[id="i0116"]"}
  (Session info: chrome=122.0.6261.131); For documentation on this error, please visit: https://www.selenium.dev/documentation/webdriver/troubleshooting/errors#no-such-element-exception
Stacktrace:
	GetHandleVerifier [0x00007FF63AC7AD02+56930]
	(No symbol) [0x00007FF63ABEF602]
	(No symbol) [0x00007FF63AAA42E5]
	(No symbol) [0x00007FF63AAE98ED]
	(No symbol) [0x00007FF63AAE9A2C]
	(No symbol) [0x00007FF63AB2A967]
	(No symbol) [0x00007FF63AB0BCDF]
	(No symbol) [0x00007FF63AB281E2]
	(No symbol) [0x00007FF63AB0BA43]
	(No symbol) [0x00007FF63AADD438]
	(No symbol) [0x00007FF63AADE4D1]
	GetHandleVerifier [0x00007FF63AFF6F8D+3711213]
	GetHandleVerifier [0x00007FF63B0504CD+4077101]
	GetHandleVerifier [0x00007FF63B04865F+4044735]
	GetHandleVerifier [0x00007FF63AD19736+706710]
	(No symbol) [0x00007FF63ABFB8DF]
	(No symbol) [0x00007FF63ABF6AC4]
	(No symbol) [0x00007FF63ABF6C1C]
	(No symbol) [0x00007FF63ABE68D4]
	BaseThreadInitThunk [0x00007FF9494C257D+29]
	RtlUserThreadStart [0x00007FF94AC4AA58+40]

2024-04-04 16:46:33,343 [ERROR] automation Element located by i0116 is not present. Message: no such element: Unable to locate element: {"method":"css selector","selector":"[id="i0116"]"}
  (Session info: chrome=122.0.6261.131); For documentation on this error, please visit: https://www.selenium.dev/documentation/webdriver/troubleshooting/errors#no-such-element-exception
Stacktrace:
	GetHandleVerifier [0x00007FF63AC7AD02+56930]
	(No symbol) [0x00007FF63ABEF602]
	(No symbol) [0x00007FF63AAA42E5]
	(No symbol) [0x00007FF63AAE98ED]
	(No symbol) [0x00007FF63AAE9A2C]
	(No symbol) [0x00007FF63AB2A967]
	(No symbol) [0x00007FF63AB0BCDF]
	(No symbol) [0x00007FF63AB281E2]
	(No symbol) [0x00007FF63AB0BA43]
	(No symbol) [0x00007FF63AADD438]
	(No symbol) [0x00007FF63AADE4D1]
	GetHandleVerifier [0x00007FF63AFF6F8D+3711213]
	GetHandleVerifier [0x00007FF63B0504CD+4077101]
	GetHandleVerifier [0x00007FF63B04865F+4044735]
	GetHandleVerifier [0x00007FF63AD19736+706710]
	(No symbol) [0x00007FF63ABFB8DF]
	(No symbol) [0x00007FF63ABF6AC4]
	(No symbol) [0x00007FF63ABF6C1C]
	(No symbol) [0x00007FF63ABE68D4]
	BaseThreadInitThunk [0x00007FF9494C257D+29]
	RtlUserThreadStart [0x00007FF94AC4AA58+40]

2024-04-04 16:46:33,415 [ERROR] automation Element located by i0116 is not present. Message: no such element: Unable to locate element: {"method":"css selector","selector":"[id="i0116"]"}
  (Session info: chrome=122.0.6261.131); For documentation on this error, please visit: https://www.selenium.dev/documentation/webdriver/troubleshooting/errors#no-such-element-exception
Stacktrace:
	GetHandleVerifier [0x00007FF63AC7AD02+56930]
	(No symbol) [0x00007FF63ABEF602]
	(No symbol) [0x00007FF63AAA42E5]
	(No symbol) [0x00007FF63AAE98ED]
	(No symbol) [0x00007FF63AAE9A2C]
	(No symbol) [0x00007FF63AB2A967]
	(No symbol) [0x00007FF63AB0BCDF]
	(No symbol) [0x00007FF63AB281E2]
	(No symbol) [0x00007FF63AB0BA43]
	(No symbol) [0x00007FF63AADD438]
	(No symbol) [0x00007FF63AADE4D1]
	GetHandleVerifier [0x00007FF63AFF6F8D+3711213]
	GetHandleVerifier [0x00007FF63B0504CD+4077101]
	GetHandleVerifier [0x00007FF63B04865F+4044735]
	GetHandleVerifier [0x00007FF63AD19736+706710]
	(No symbol) [0x00007FF63ABFB8DF]
	(No symbol) [0x00007FF63ABF6AC4]
	(No symbol) [0x00007FF63ABF6C1C]
	(No symbol) [0x00007FF63ABE68D4]
	BaseThreadInitThunk [0x00007FF9494C257D+29]
	RtlUserThreadStart [0x00007FF94AC4AA58+40]

2024-04-04 16:46:33,496 [ERROR] automation Element located by i0116 is not present. Message: no such element: Unable to locate element: {"method":"css selector","selector":"[id="i0116"]"}
  (Session info: chrome=122.0.6261.131); For documentation on this error, please visit: https://www.selenium.dev/documentation/webdriver/troubleshooting/errors#no-such-element-exception
Stacktrace:
	GetHandleVerifier [0x00007FF63AC7AD02+56930]
	(No symbol) [0x00007FF63ABEF602]
	(No symbol) [0x00007FF63AAA42E5]
	(No symbol) [0x00007FF63AAE98ED]
	(No symbol) [0x00007FF63AAE9A2C]
	(No symbol) [0x00007FF63AB2A967]
	(No symbol) [0x00007FF63AB0BCDF]
	(No symbol) [0x00007FF63AB281E2]
	(No symbol) [0x00007FF63AB0BA43]
	(No symbol) [0x00007FF63AADD438]
	(No symbol) [0x00007FF63AADE4D1]
	GetHandleVerifier [0x00007FF63AFF6F8D+3711213]
	GetHandleVerifier [0x00007FF63B0504CD+4077101]
	GetHandleVerifier [0x00007FF63B04865F+4044735]
	GetHandleVerifier [0x00007FF63AD19736+706710]
	(No symbol) [0x00007FF63ABFB8DF]
	(No symbol) [0x00007FF63ABF6AC4]
	(No symbol) [0x00007FF63ABF6C1C]
	(No symbol) [0x00007FF63ABE68D4]
	BaseThreadInitThunk [0x00007FF9494C257D+29]
	RtlUserThreadStart [0x00007FF94AC4AA58+40]

2024-04-04 16:46:33,560 [ERROR] automation Element located by i0116 is not present. Message: no such element: Unable to locate element: {"method":"css selector","selector":"[id="i0116"]"}
  (Session info: chrome=122.0.6261.131); For documentation on this error, please visit: https://www.selenium.dev/documentation/webdriver/troubleshooting/errors#no-such-element-exception
Stacktrace:
	GetHandleVerifier [0x00007FF63AC7AD02+56930]
	(No symbol) [0x00007FF63ABEF602]
	(No symbol) [0x00007FF63AAA42E5]
	(No symbol) [0x00007FF63AAE98ED]
	(No symbol) [0x00007FF63AAE9A2C]
	(No symbol) [0x00007FF63AB2A967]
	(No symbol) [0x00007FF63AB0BCDF]
	(No symbol) [0x00007FF63AB281E2]
	(No symbol) [0x00007FF63AB0BA43]
	(No symbol) [0x00007FF63AADD438]
	(No symbol) [0x00007FF63AADE4D1]
	GetHandleVerifier [0x00007FF63AFF6F8D+3711213]
	GetHandleVerifier [0x00007FF63B0504CD+4077101]
	GetHandleVerifier [0x00007FF63B04865F+4044735]
	GetHandleVerifier [0x00007FF63AD19736+706710]
	(No symbol) [0x00007FF63ABFB8DF]
	(No symbol) [0x00007FF63ABF6AC4]
	(No symbol) [0x00007FF63ABF6C1C]
	(No symbol) [0x00007FF63ABE68D4]
	BaseThreadInitThunk [0x00007FF9494C257D+29]
	RtlUserThreadStart [0x00007FF94AC4AA58+40]

2024-04-04 16:46:33,620 [ERROR] automation Element located by i0116 is not present. Message: no such element: Unable to locate element: {"method":"css selector","selector":"[id="i0116"]"}
  (Session info: chrome=122.0.6261.131); For documentation on this error, please visit: https://www.selenium.dev/documentation/webdriver/troubleshooting/errors#no-such-element-exception
Stacktrace:
	GetHandleVerifier [0x00007FF63AC7AD02+56930]
	(No symbol) [0x00007FF63ABEF602]
	(No symbol) [0x00007FF63AAA42E5]
	(No symbol) [0x00007FF63AAE98ED]
	(No symbol) [0x00007FF63AAE9A2C]
	(No symbol) [0x00007FF63AB2A967]
	(No symbol) [0x00007FF63AB0BCDF]
	(No symbol) [0x00007FF63AB281E2]
	(No symbol) [0x00007FF63AB0BA43]
	(No symbol) [0x00007FF63AADD438]
	(No symbol) [0x00007FF63AADE4D1]
	GetHandleVerifier [0x00007FF63AFF6F8D+3711213]
	GetHandleVerifier [0x00007FF63B0504CD+4077101]
	GetHandleVerifier [0x00007FF63B04865F+4044735]
	GetHandleVerifier [0x00007FF63AD19736+706710]
	(No symbol) [0x00007FF63ABFB8DF]
	(No symbol) [0x00007FF63ABF6AC4]
	(No symbol) [0x00007FF63ABF6C1C]
	(No symbol) [0x00007FF63ABE68D4]
	BaseThreadInitThunk [0x00007FF9494C257D+29]
	RtlUserThreadStart [0x00007FF94AC4AA58+40]

2024-04-04 16:46:33,690 [ERROR] automation Element located by i0116 is not present. Message: no such element: Unable to locate element: {"method":"css selector","selector":"[id="i0116"]"}
  (Session info: chrome=122.0.6261.131); For documentation on this error, please visit: https://www.selenium.dev/documentation/webdriver/troubleshooting/errors#no-such-element-exception
Stacktrace:
	GetHandleVerifier [0x00007FF63AC7AD02+56930]
	(No symbol) [0x00007FF63ABEF602]
	(No symbol) [0x00007FF63AAA42E5]
	(No symbol) [0x00007FF63AAE98ED]
	(No symbol) [0x00007FF63AAE9A2C]
	(No symbol) [0x00007FF63AB2A967]
	(No symbol) [0x00007FF63AB0BCDF]
	(No symbol) [0x00007FF63AB281E2]
	(No symbol) [0x00007FF63AB0BA43]
	(No symbol) [0x00007FF63AADD438]
	(No symbol) [0x00007FF63AADE4D1]
	GetHandleVerifier [0x00007FF63AFF6F8D+3711213]
	GetHandleVerifier [0x00007FF63B0504CD+4077101]
	GetHandleVerifier [0x00007FF63B04865F+4044735]
	GetHandleVerifier [0x00007FF63AD19736+706710]
	(No symbol) [0x00007FF63ABFB8DF]
	(No symbol) [0x00007FF63ABF6AC4]
	(No symbol) [0x00007FF63ABF6C1C]
	(No symbol) [0x00007FF63ABE68D4]
	BaseThreadInitThunk [0x00007FF9494C257D+29]
	RtlUserThreadStart [0x00007FF94AC4AA58+40]

2024-04-04 16:46:34,098 [ERROR] automation Element located by i0116 is not present. Message: no such element: Unable to locate element: {"method":"css selector","selector":"[id="i0116"]"}
  (Session info: chrome=122.0.6261.131); For documentation on this error, please visit: https://www.selenium.dev/documentation/webdriver/troubleshooting/errors#no-such-element-exception
Stacktrace:
	GetHandleVerifier [0x00007FF63AC7AD02+56930]
	(No symbol) [0x00007FF63ABEF602]
	(No symbol) [0x00007FF63AAA42E5]
	(No symbol) [0x00007FF63AAE98ED]
	(No symbol) [0x00007FF63AAE9A2C]
	(No symbol) [0x00007FF63AB2A967]
	(No symbol) [0x00007FF63AB0BCDF]
	(No symbol) [0x00007FF63AB281E2]
	(No symbol) [0x00007FF63AB0BA43]
	(No symbol) [0x00007FF63AADD438]
	(No symbol) [0x00007FF63AADE4D1]
	GetHandleVerifier [0x00007FF63AFF6F8D+3711213]
	GetHandleVerifier [0x00007FF63B0504CD+4077101]
	GetHandleVerifier [0x00007FF63B04865F+4044735]
	GetHandleVerifier [0x00007FF63AD19736+706710]
	(No symbol) [0x00007FF63ABFB8DF]
	(No symbol) [0x00007FF63ABF6AC4]
	(No symbol) [0x00007FF63ABF6C1C]
	(No symbol) [0x00007FF63ABE68D4]
	BaseThreadInitThunk [0x00007FF9494C257D+29]
	RtlUserThreadStart [0x00007FF94AC4AA58+40]

2024-04-04 16:46:34,162 [INFO] automation Element located by i0116 is present.
2024-04-04 16:46:41,435 [INFO] automation Element located by //div[@class='logo'] is present.
2024-04-04 16:46:48,363 [ERROR] automation Element located by //div[@class='tableFixHead']/table/tbody/tr[contains(@class,'even_col')][1] is not present. Message: no such element: Unable to locate element: {"method":"xpath","selector":"//div[@class='tableFixHead']/table/tbody/tr[contains(@class,'even_col')][1]"}
  (Session info: chrome=122.0.6261.131); For documentation on this error, please visit: https://www.selenium.dev/documentation/webdriver/troubleshooting/errors#no-such-element-exception
Stacktrace:
	GetHandleVerifier [0x00007FF63AC7AD02+56930]
	(No symbol) [0x00007FF63ABEF602]
	(No symbol) [0x00007FF63AAA42E5]
	(No symbol) [0x00007FF63AAE98ED]
	(No symbol) [0x00007FF63AAE9A2C]
	(No symbol) [0x00007FF63AB2A967]
	(No symbol) [0x00007FF63AB0BCDF]
	(No symbol) [0x00007FF63AB281E2]
	(No symbol) [0x00007FF63AB0BA43]
	(No symbol) [0x00007FF63AADD438]
	(No symbol) [0x00007FF63AADE4D1]
	GetHandleVerifier [0x00007FF63AFF6F8D+3711213]
	GetHandleVerifier [0x00007FF63B0504CD+4077101]
	GetHandleVerifier [0x00007FF63B04865F+4044735]
	GetHandleVerifier [0x00007FF63AD19736+706710]
	(No symbol) [0x00007FF63ABFB8DF]
	(No symbol) [0x00007FF63ABF6AC4]
	(No symbol) [0x00007FF63ABF6C1C]
	(No symbol) [0x00007FF63ABE68D4]
	BaseThreadInitThunk [0x00007FF9494C257D+29]
	RtlUserThreadStart [0x00007FF94AC4AA58+40]

2024-04-04 16:46:48,520 [INFO] automation Element located by //div[@class='tableFixHead']/table/tbody/tr[contains(@class,'even_col')][1] is present.
2024-04-04 16:46:51,202 [INFO] automation Element located by //input[@formcontrolname='title'] is present.
2024-04-04 16:46:51,211 [INFO] automation Element located by //input[@formcontrolname='title'] is present.
2024-04-04 16:46:56,330 [ERROR] automation Element located by //div[@role='alert' and contains(text(),'success') or contains(text(),'Success')] is not present. Message: no such element: Unable to locate element: {"method":"xpath","selector":"//div[@role='alert' and contains(text(),'success') or contains(text(),'Success')]"}
  (Session info: chrome=122.0.6261.131); For documentation on this error, please visit: https://www.selenium.dev/documentation/webdriver/troubleshooting/errors#no-such-element-exception
Stacktrace:
	GetHandleVerifier [0x00007FF63AC7AD02+56930]
	(No symbol) [0x00007FF63ABEF602]
	(No symbol) [0x00007FF63AAA42E5]
	(No symbol) [0x00007FF63AAE98ED]
	(No symbol) [0x00007FF63AAE9A2C]
	(No symbol) [0x00007FF63AB2A967]
	(No symbol) [0x00007FF63AB0BCDF]
	(No symbol) [0x00007FF63AB281E2]
	(No symbol) [0x00007FF63AB0BA43]
	(No symbol) [0x00007FF63AADD438]
	(No symbol) [0x00007FF63AADE4D1]
	GetHandleVerifier [0x00007FF63AFF6F8D+3711213]
	GetHandleVerifier [0x00007FF63B0504CD+4077101]
	GetHandleVerifier [0x00007FF63B04865F+4044735]
	GetHandleVerifier [0x00007FF63AD19736+706710]
	(No symbol) [0x00007FF63ABFB8DF]
	(No symbol) [0x00007FF63ABF6AC4]
	(No symbol) [0x00007FF63ABF6C1C]
	(No symbol) [0x00007FF63ABE68D4]
	BaseThreadInitThunk [0x00007FF9494C257D+29]
	RtlUserThreadStart [0x00007FF94AC4AA58+40]

2024-04-04 16:46:56,402 [INFO] automation Element located by //div[@role='alert' and contains(text(),'success') or contains(text(),'Success')] is present.
2024-04-04 16:46:56,404 [INFO] automation Test passed.
