2024-04-05 12:41:03,332 [INFO] automation Test has started.
2024-04-05 12:41:03,333 [INFO] automation Navigating to the https://chorusqa.cogninelabs.com/
2024-04-05 12:41:06,995 [ERROR] automation Element located by i0116 is not present. Message: no such element: Unable to locate element: {"method":"css selector","selector":"[id="i0116"]"}
  (Session info: chrome=123.0.6312.106); For documentation on this error, please visit: https://www.selenium.dev/documentation/webdriver/troubleshooting/errors#no-such-element-exception
Stacktrace:
	GetHandleVerifier [0x00007FF7C2097072+63090]
	(No symbol) [0x00007FF7C2002CC2]
	(No symbol) [0x00007FF7C1E9EC65]
	(No symbol) [0x00007FF7C1EE499D]
	(No symbol) [0x00007FF7C1EE4ADC]
	(No symbol) [0x00007FF7C1F25B37]
	(No symbol) [0x00007FF7C1F0701F]
	(No symbol) [0x00007FF7C1F23412]
	(No symbol) [0x00007FF7C1F06D83]
	(No symbol) [0x00007FF7C1ED83A8]
	(No symbol) [0x00007FF7C1ED9441]
	GetHandleVerifier [0x00007FF7C24925CD+4238285]
	GetHandleVerifier [0x00007FF7C24CF72D+4488493]
	GetHandleVerifier [0x00007FF7C24C7A0F+4456463]
	GetHandleVerifier [0x00007FF7C21705B6+953270]
	(No symbol) [0x00007FF7C200E58F]
	(No symbol) [0x00007FF7C2009264]
	(No symbol) [0x00007FF7C200939B]
	(No symbol) [0x00007FF7C1FF9BD4]
	BaseThreadInitThunk [0x00007FFD2520257D+29]
	RtlUserThreadStart [0x00007FFD25F4AA58+40]

2024-04-05 12:41:07,062 [ERROR] automation Element located by i0116 is not present. Message: no such element: Unable to locate element: {"method":"css selector","selector":"[id="i0116"]"}
  (Session info: chrome=123.0.6312.106); For documentation on this error, please visit: https://www.selenium.dev/documentation/webdriver/troubleshooting/errors#no-such-element-exception
Stacktrace:
	GetHandleVerifier [0x00007FF7C2097072+63090]
	(No symbol) [0x00007FF7C2002CC2]
	(No symbol) [0x00007FF7C1E9EC65]
	(No symbol) [0x00007FF7C1EE499D]
	(No symbol) [0x00007FF7C1EE4ADC]
	(No symbol) [0x00007FF7C1F25B37]
	(No symbol) [0x00007FF7C1F0701F]
	(No symbol) [0x00007FF7C1F23412]
	(No symbol) [0x00007FF7C1F06D83]
	(No symbol) [0x00007FF7C1ED83A8]
	(No symbol) [0x00007FF7C1ED9441]
	GetHandleVerifier [0x00007FF7C24925CD+4238285]
	GetHandleVerifier [0x00007FF7C24CF72D+4488493]
	GetHandleVerifier [0x00007FF7C24C7A0F+4456463]
	GetHandleVerifier [0x00007FF7C21705B6+953270]
	(No symbol) [0x00007FF7C200E58F]
	(No symbol) [0x00007FF7C2009264]
	(No symbol) [0x00007FF7C200939B]
	(No symbol) [0x00007FF7C1FF9BD4]
	BaseThreadInitThunk [0x00007FFD2520257D+29]
	RtlUserThreadStart [0x00007FFD25F4AA58+40]

2024-04-05 12:41:07,128 [ERROR] automation Element located by i0116 is not present. Message: no such element: Unable to locate element: {"method":"css selector","selector":"[id="i0116"]"}
  (Session info: chrome=123.0.6312.106); For documentation on this error, please visit: https://www.selenium.dev/documentation/webdriver/troubleshooting/errors#no-such-element-exception
Stacktrace:
	GetHandleVerifier [0x00007FF7C2097072+63090]
	(No symbol) [0x00007FF7C2002CC2]
	(No symbol) [0x00007FF7C1E9EC65]
	(No symbol) [0x00007FF7C1EE499D]
	(No symbol) [0x00007FF7C1EE4ADC]
	(No symbol) [0x00007FF7C1F25B37]
	(No symbol) [0x00007FF7C1F0701F]
	(No symbol) [0x00007FF7C1F23412]
	(No symbol) [0x00007FF7C1F06D83]
	(No symbol) [0x00007FF7C1ED83A8]
	(No symbol) [0x00007FF7C1ED9441]
	GetHandleVerifier [0x00007FF7C24925CD+4238285]
	GetHandleVerifier [0x00007FF7C24CF72D+4488493]
	GetHandleVerifier [0x00007FF7C24C7A0F+4456463]
	GetHandleVerifier [0x00007FF7C21705B6+953270]
	(No symbol) [0x00007FF7C200E58F]
	(No symbol) [0x00007FF7C2009264]
	(No symbol) [0x00007FF7C200939B]
	(No symbol) [0x00007FF7C1FF9BD4]
	BaseThreadInitThunk [0x00007FFD2520257D+29]
	RtlUserThreadStart [0x00007FFD25F4AA58+40]

2024-04-05 12:41:07,194 [ERROR] automation Element located by i0116 is not present. Message: no such element: Unable to locate element: {"method":"css selector","selector":"[id="i0116"]"}
  (Session info: chrome=123.0.6312.106); For documentation on this error, please visit: https://www.selenium.dev/documentation/webdriver/troubleshooting/errors#no-such-element-exception
Stacktrace:
	GetHandleVerifier [0x00007FF7C2097072+63090]
	(No symbol) [0x00007FF7C2002CC2]
	(No symbol) [0x00007FF7C1E9EC65]
	(No symbol) [0x00007FF7C1EE499D]
	(No symbol) [0x00007FF7C1EE4ADC]
	(No symbol) [0x00007FF7C1F25B37]
	(No symbol) [0x00007FF7C1F0701F]
	(No symbol) [0x00007FF7C1F23412]
	(No symbol) [0x00007FF7C1F06D83]
	(No symbol) [0x00007FF7C1ED83A8]
	(No symbol) [0x00007FF7C1ED9441]
	GetHandleVerifier [0x00007FF7C24925CD+4238285]
	GetHandleVerifier [0x00007FF7C24CF72D+4488493]
	GetHandleVerifier [0x00007FF7C24C7A0F+4456463]
	GetHandleVerifier [0x00007FF7C21705B6+953270]
	(No symbol) [0x00007FF7C200E58F]
	(No symbol) [0x00007FF7C2009264]
	(No symbol) [0x00007FF7C200939B]
	(No symbol) [0x00007FF7C1FF9BD4]
	BaseThreadInitThunk [0x00007FFD2520257D+29]
	RtlUserThreadStart [0x00007FFD25F4AA58+40]

2024-04-05 12:41:07,261 [ERROR] automation Element located by i0116 is not present. Message: no such element: Unable to locate element: {"method":"css selector","selector":"[id="i0116"]"}
  (Session info: chrome=123.0.6312.106); For documentation on this error, please visit: https://www.selenium.dev/documentation/webdriver/troubleshooting/errors#no-such-element-exception
Stacktrace:
	GetHandleVerifier [0x00007FF7C2097072+63090]
	(No symbol) [0x00007FF7C2002CC2]
	(No symbol) [0x00007FF7C1E9EC65]
	(No symbol) [0x00007FF7C1EE499D]
	(No symbol) [0x00007FF7C1EE4ADC]
	(No symbol) [0x00007FF7C1F25B37]
	(No symbol) [0x00007FF7C1F0701F]
	(No symbol) [0x00007FF7C1F23412]
	(No symbol) [0x00007FF7C1F06D83]
	(No symbol) [0x00007FF7C1ED83A8]
	(No symbol) [0x00007FF7C1ED9441]
	GetHandleVerifier [0x00007FF7C24925CD+4238285]
	GetHandleVerifier [0x00007FF7C24CF72D+4488493]
	GetHandleVerifier [0x00007FF7C24C7A0F+4456463]
	GetHandleVerifier [0x00007FF7C21705B6+953270]
	(No symbol) [0x00007FF7C200E58F]
	(No symbol) [0x00007FF7C2009264]
	(No symbol) [0x00007FF7C200939B]
	(No symbol) [0x00007FF7C1FF9BD4]
	BaseThreadInitThunk [0x00007FFD2520257D+29]
	RtlUserThreadStart [0x00007FFD25F4AA58+40]

2024-04-05 12:41:07,327 [ERROR] automation Element located by i0116 is not present. Message: no such element: Unable to locate element: {"method":"css selector","selector":"[id="i0116"]"}
  (Session info: chrome=123.0.6312.106); For documentation on this error, please visit: https://www.selenium.dev/documentation/webdriver/troubleshooting/errors#no-such-element-exception
Stacktrace:
	GetHandleVerifier [0x00007FF7C2097072+63090]
	(No symbol) [0x00007FF7C2002CC2]
	(No symbol) [0x00007FF7C1E9EC65]
	(No symbol) [0x00007FF7C1EE499D]
	(No symbol) [0x00007FF7C1EE4ADC]
	(No symbol) [0x00007FF7C1F25B37]
	(No symbol) [0x00007FF7C1F0701F]
	(No symbol) [0x00007FF7C1F23412]
	(No symbol) [0x00007FF7C1F06D83]
	(No symbol) [0x00007FF7C1ED83A8]
	(No symbol) [0x00007FF7C1ED9441]
	GetHandleVerifier [0x00007FF7C24925CD+4238285]
	GetHandleVerifier [0x00007FF7C24CF72D+4488493]
	GetHandleVerifier [0x00007FF7C24C7A0F+4456463]
	GetHandleVerifier [0x00007FF7C21705B6+953270]
	(No symbol) [0x00007FF7C200E58F]
	(No symbol) [0x00007FF7C2009264]
	(No symbol) [0x00007FF7C200939B]
	(No symbol) [0x00007FF7C1FF9BD4]
	BaseThreadInitThunk [0x00007FFD2520257D+29]
	RtlUserThreadStart [0x00007FFD25F4AA58+40]

2024-04-05 12:41:08,179 [ERROR] automation Element located by i0116 is not present. Message: no such element: Unable to locate element: {"method":"css selector","selector":"[id="i0116"]"}
  (Session info: chrome=123.0.6312.106); For documentation on this error, please visit: https://www.selenium.dev/documentation/webdriver/troubleshooting/errors#no-such-element-exception
Stacktrace:
	GetHandleVerifier [0x00007FF7C2097072+63090]
	(No symbol) [0x00007FF7C2002CC2]
	(No symbol) [0x00007FF7C1E9EC65]
	(No symbol) [0x00007FF7C1EE499D]
	(No symbol) [0x00007FF7C1EE4ADC]
	(No symbol) [0x00007FF7C1F25B37]
	(No symbol) [0x00007FF7C1F0701F]
	(No symbol) [0x00007FF7C1F23412]
	(No symbol) [0x00007FF7C1F06D83]
	(No symbol) [0x00007FF7C1ED83A8]
	(No symbol) [0x00007FF7C1ED9441]
	GetHandleVerifier [0x00007FF7C24925CD+4238285]
	GetHandleVerifier [0x00007FF7C24CF72D+4488493]
	GetHandleVerifier [0x00007FF7C24C7A0F+4456463]
	GetHandleVerifier [0x00007FF7C21705B6+953270]
	(No symbol) [0x00007FF7C200E58F]
	(No symbol) [0x00007FF7C2009264]
	(No symbol) [0x00007FF7C200939B]
	(No symbol) [0x00007FF7C1FF9BD4]
	BaseThreadInitThunk [0x00007FFD2520257D+29]
	RtlUserThreadStart [0x00007FFD25F4AA58+40]

2024-04-05 12:41:08,237 [ERROR] automation Element located by i0116 is not present. Message: no such element: Unable to locate element: {"method":"css selector","selector":"[id="i0116"]"}
  (Session info: chrome=123.0.6312.106); For documentation on this error, please visit: https://www.selenium.dev/documentation/webdriver/troubleshooting/errors#no-such-element-exception
Stacktrace:
	GetHandleVerifier [0x00007FF7C2097072+63090]
	(No symbol) [0x00007FF7C2002CC2]
	(No symbol) [0x00007FF7C1E9EC65]
	(No symbol) [0x00007FF7C1EE499D]
	(No symbol) [0x00007FF7C1EE4ADC]
	(No symbol) [0x00007FF7C1F25B37]
	(No symbol) [0x00007FF7C1F0701F]
	(No symbol) [0x00007FF7C1F23412]
	(No symbol) [0x00007FF7C1F06D83]
	(No symbol) [0x00007FF7C1ED83A8]
	(No symbol) [0x00007FF7C1ED9441]
	GetHandleVerifier [0x00007FF7C24925CD+4238285]
	GetHandleVerifier [0x00007FF7C24CF72D+4488493]
	GetHandleVerifier [0x00007FF7C24C7A0F+4456463]
	GetHandleVerifier [0x00007FF7C21705B6+953270]
	(No symbol) [0x00007FF7C200E58F]
	(No symbol) [0x00007FF7C2009264]
	(No symbol) [0x00007FF7C200939B]
	(No symbol) [0x00007FF7C1FF9BD4]
	BaseThreadInitThunk [0x00007FFD2520257D+29]
	RtlUserThreadStart [0x00007FFD25F4AA58+40]

2024-04-05 12:41:08,296 [ERROR] automation Element located by i0116 is not present. Message: no such element: Unable to locate element: {"method":"css selector","selector":"[id="i0116"]"}
  (Session info: chrome=123.0.6312.106); For documentation on this error, please visit: https://www.selenium.dev/documentation/webdriver/troubleshooting/errors#no-such-element-exception
Stacktrace:
	GetHandleVerifier [0x00007FF7C2097072+63090]
	(No symbol) [0x00007FF7C2002CC2]
	(No symbol) [0x00007FF7C1E9EC65]
	(No symbol) [0x00007FF7C1EE499D]
	(No symbol) [0x00007FF7C1EE4ADC]
	(No symbol) [0x00007FF7C1F25B37]
	(No symbol) [0x00007FF7C1F0701F]
	(No symbol) [0x00007FF7C1F23412]
	(No symbol) [0x00007FF7C1F06D83]
	(No symbol) [0x00007FF7C1ED83A8]
	(No symbol) [0x00007FF7C1ED9441]
	GetHandleVerifier [0x00007FF7C24925CD+4238285]
	GetHandleVerifier [0x00007FF7C24CF72D+4488493]
	GetHandleVerifier [0x00007FF7C24C7A0F+4456463]
	GetHandleVerifier [0x00007FF7C21705B6+953270]
	(No symbol) [0x00007FF7C200E58F]
	(No symbol) [0x00007FF7C2009264]
	(No symbol) [0x00007FF7C200939B]
	(No symbol) [0x00007FF7C1FF9BD4]
	BaseThreadInitThunk [0x00007FFD2520257D+29]
	RtlUserThreadStart [0x00007FFD25F4AA58+40]

2024-04-05 12:41:08,359 [ERROR] automation Element located by i0116 is not present. Message: no such element: Unable to locate element: {"method":"css selector","selector":"[id="i0116"]"}
  (Session info: chrome=123.0.6312.106); For documentation on this error, please visit: https://www.selenium.dev/documentation/webdriver/troubleshooting/errors#no-such-element-exception
Stacktrace:
	GetHandleVerifier [0x00007FF7C2097072+63090]
	(No symbol) [0x00007FF7C2002CC2]
	(No symbol) [0x00007FF7C1E9EC65]
	(No symbol) [0x00007FF7C1EE499D]
	(No symbol) [0x00007FF7C1EE4ADC]
	(No symbol) [0x00007FF7C1F25B37]
	(No symbol) [0x00007FF7C1F0701F]
	(No symbol) [0x00007FF7C1F23412]
	(No symbol) [0x00007FF7C1F06D83]
	(No symbol) [0x00007FF7C1ED83A8]
	(No symbol) [0x00007FF7C1ED9441]
	GetHandleVerifier [0x00007FF7C24925CD+4238285]
	GetHandleVerifier [0x00007FF7C24CF72D+4488493]
	GetHandleVerifier [0x00007FF7C24C7A0F+4456463]
	GetHandleVerifier [0x00007FF7C21705B6+953270]
	(No symbol) [0x00007FF7C200E58F]
	(No symbol) [0x00007FF7C2009264]
	(No symbol) [0x00007FF7C200939B]
	(No symbol) [0x00007FF7C1FF9BD4]
	BaseThreadInitThunk [0x00007FFD2520257D+29]
	RtlUserThreadStart [0x00007FFD25F4AA58+40]

2024-04-05 12:41:08,432 [ERROR] automation Element located by i0116 is not present. Message: no such element: Unable to locate element: {"method":"css selector","selector":"[id="i0116"]"}
  (Session info: chrome=123.0.6312.106); For documentation on this error, please visit: https://www.selenium.dev/documentation/webdriver/troubleshooting/errors#no-such-element-exception
Stacktrace:
	GetHandleVerifier [0x00007FF7C2097072+63090]
	(No symbol) [0x00007FF7C2002CC2]
	(No symbol) [0x00007FF7C1E9EC65]
	(No symbol) [0x00007FF7C1EE499D]
	(No symbol) [0x00007FF7C1EE4ADC]
	(No symbol) [0x00007FF7C1F25B37]
	(No symbol) [0x00007FF7C1F0701F]
	(No symbol) [0x00007FF7C1F23412]
	(No symbol) [0x00007FF7C1F06D83]
	(No symbol) [0x00007FF7C1ED83A8]
	(No symbol) [0x00007FF7C1ED9441]
	GetHandleVerifier [0x00007FF7C24925CD+4238285]
	GetHandleVerifier [0x00007FF7C24CF72D+4488493]
	GetHandleVerifier [0x00007FF7C24C7A0F+4456463]
	GetHandleVerifier [0x00007FF7C21705B6+953270]
	(No symbol) [0x00007FF7C200E58F]
	(No symbol) [0x00007FF7C2009264]
	(No symbol) [0x00007FF7C200939B]
	(No symbol) [0x00007FF7C1FF9BD4]
	BaseThreadInitThunk [0x00007FFD2520257D+29]
	RtlUserThreadStart [0x00007FFD25F4AA58+40]

2024-04-05 12:41:08,493 [ERROR] automation Element located by i0116 is not present. Message: no such element: Unable to locate element: {"method":"css selector","selector":"[id="i0116"]"}
  (Session info: chrome=123.0.6312.106); For documentation on this error, please visit: https://www.selenium.dev/documentation/webdriver/troubleshooting/errors#no-such-element-exception
Stacktrace:
	GetHandleVerifier [0x00007FF7C2097072+63090]
	(No symbol) [0x00007FF7C2002CC2]
	(No symbol) [0x00007FF7C1E9EC65]
	(No symbol) [0x00007FF7C1EE499D]
	(No symbol) [0x00007FF7C1EE4ADC]
	(No symbol) [0x00007FF7C1F25B37]
	(No symbol) [0x00007FF7C1F0701F]
	(No symbol) [0x00007FF7C1F23412]
	(No symbol) [0x00007FF7C1F06D83]
	(No symbol) [0x00007FF7C1ED83A8]
	(No symbol) [0x00007FF7C1ED9441]
	GetHandleVerifier [0x00007FF7C24925CD+4238285]
	GetHandleVerifier [0x00007FF7C24CF72D+4488493]
	GetHandleVerifier [0x00007FF7C24C7A0F+4456463]
	GetHandleVerifier [0x00007FF7C21705B6+953270]
	(No symbol) [0x00007FF7C200E58F]
	(No symbol) [0x00007FF7C2009264]
	(No symbol) [0x00007FF7C200939B]
	(No symbol) [0x00007FF7C1FF9BD4]
	BaseThreadInitThunk [0x00007FFD2520257D+29]
	RtlUserThreadStart [0x00007FFD25F4AA58+40]

2024-04-05 12:41:08,553 [ERROR] automation Element located by i0116 is not present. Message: no such element: Unable to locate element: {"method":"css selector","selector":"[id="i0116"]"}
  (Session info: chrome=123.0.6312.106); For documentation on this error, please visit: https://www.selenium.dev/documentation/webdriver/troubleshooting/errors#no-such-element-exception
Stacktrace:
	GetHandleVerifier [0x00007FF7C2097072+63090]
	(No symbol) [0x00007FF7C2002CC2]
	(No symbol) [0x00007FF7C1E9EC65]
	(No symbol) [0x00007FF7C1EE499D]
	(No symbol) [0x00007FF7C1EE4ADC]
	(No symbol) [0x00007FF7C1F25B37]
	(No symbol) [0x00007FF7C1F0701F]
	(No symbol) [0x00007FF7C1F23412]
	(No symbol) [0x00007FF7C1F06D83]
	(No symbol) [0x00007FF7C1ED83A8]
	(No symbol) [0x00007FF7C1ED9441]
	GetHandleVerifier [0x00007FF7C24925CD+4238285]
	GetHandleVerifier [0x00007FF7C24CF72D+4488493]
	GetHandleVerifier [0x00007FF7C24C7A0F+4456463]
	GetHandleVerifier [0x00007FF7C21705B6+953270]
	(No symbol) [0x00007FF7C200E58F]
	(No symbol) [0x00007FF7C2009264]
	(No symbol) [0x00007FF7C200939B]
	(No symbol) [0x00007FF7C1FF9BD4]
	BaseThreadInitThunk [0x00007FFD2520257D+29]
	RtlUserThreadStart [0x00007FFD25F4AA58+40]

2024-04-05 12:41:08,732 [INFO] automation Element located by i0116 is present.
2024-04-05 12:41:15,673 [INFO] automation Element located by //div[@class='logo'] is present.
2024-04-05 12:41:20,329 [INFO] automation Element located by //div[@class='tableFixHead']/table/tbody/tr[contains(@class,'even_col')][1] is present.
2024-04-05 12:41:22,804 [INFO] automation Element located by //input[@formcontrolname='title'] is present.
2024-04-05 12:41:22,811 [INFO] automation Element located by //input[@formcontrolname='title'] is present.
2024-04-05 12:41:23,525 [INFO] automation CPU Percent: 0.0	Virtual Memory: svmem(total=12635017216, available=3191308288, percent=74.7, used=9443708928, free=3191308288)
2024-04-05 12:41:23,627 [INFO] automation screenshot logged as: C:\Users\Thanusha Kotaprolu\Automation Projects\cognine-crm-automation\RunExecutionScripts\common\logs\screenshots\test_crm_email_draft_page_smoke_test__fail05124123138f.png
2024-04-05 12:41:23,627 [ERROR] automation Test failed.
