2024-04-03 16:05:29,041 [INFO] automation Test has started.
2024-04-03 16:05:29,042 [INFO] automation Navigating to the https://chorusqa.cogninelabs.com/
2024-04-03 16:05:33,684 [ERROR] automation Element located by i0116 is not present. Message: no such element: Unable to locate element: {"method":"css selector","selector":"[id="i0116"]"}
  (Session info: chrome=122.0.6261.131); For documentation on this error, please visit: https://www.selenium.dev/documentation/webdriver/troubleshooting/errors#no-such-element-exception
Stacktrace:
	GetHandleVerifier [0x00007FF68FD3AD02+56930]
	(No symbol) [0x00007FF68FCAF602]
	(No symbol) [0x00007FF68FB642E5]
	(No symbol) [0x00007FF68FBA98ED]
	(No symbol) [0x00007FF68FBA9A2C]
	(No symbol) [0x00007FF68FBEA967]
	(No symbol) [0x00007FF68FBCBCDF]
	(No symbol) [0x00007FF68FBE81E2]
	(No symbol) [0x00007FF68FBCBA43]
	(No symbol) [0x00007FF68FB9D438]
	(No symbol) [0x00007FF68FB9E4D1]
	GetHandleVerifier [0x00007FF6900B6F8D+3711213]
	GetHandleVerifier [0x00007FF6901104CD+4077101]
	GetHandleVerifier [0x00007FF69010865F+4044735]
	GetHandleVerifier [0x00007FF68FDD9736+706710]
	(No symbol) [0x00007FF68FCBB8DF]
	(No symbol) [0x00007FF68FCB6AC4]
	(No symbol) [0x00007FF68FCB6C1C]
	(No symbol) [0x00007FF68FCA68D4]
	BaseThreadInitThunk [0x00007FF9494C257D+29]
	RtlUserThreadStart [0x00007FF94AC4AA58+40]

2024-04-03 16:05:33,747 [ERROR] automation Element located by i0116 is not present. Message: no such element: Unable to locate element: {"method":"css selector","selector":"[id="i0116"]"}
  (Session info: chrome=122.0.6261.131); For documentation on this error, please visit: https://www.selenium.dev/documentation/webdriver/troubleshooting/errors#no-such-element-exception
Stacktrace:
	GetHandleVerifier [0x00007FF68FD3AD02+56930]
	(No symbol) [0x00007FF68FCAF602]
	(No symbol) [0x00007FF68FB642E5]
	(No symbol) [0x00007FF68FBA98ED]
	(No symbol) [0x00007FF68FBA9A2C]
	(No symbol) [0x00007FF68FBEA967]
	(No symbol) [0x00007FF68FBCBCDF]
	(No symbol) [0x00007FF68FBE81E2]
	(No symbol) [0x00007FF68FBCBA43]
	(No symbol) [0x00007FF68FB9D438]
	(No symbol) [0x00007FF68FB9E4D1]
	GetHandleVerifier [0x00007FF6900B6F8D+3711213]
	GetHandleVerifier [0x00007FF6901104CD+4077101]
	GetHandleVerifier [0x00007FF69010865F+4044735]
	GetHandleVerifier [0x00007FF68FDD9736+706710]
	(No symbol) [0x00007FF68FCBB8DF]
	(No symbol) [0x00007FF68FCB6AC4]
	(No symbol) [0x00007FF68FCB6C1C]
	(No symbol) [0x00007FF68FCA68D4]
	BaseThreadInitThunk [0x00007FF9494C257D+29]
	RtlUserThreadStart [0x00007FF94AC4AA58+40]

2024-04-03 16:05:33,813 [ERROR] automation Element located by i0116 is not present. Message: no such element: Unable to locate element: {"method":"css selector","selector":"[id="i0116"]"}
  (Session info: chrome=122.0.6261.131); For documentation on this error, please visit: https://www.selenium.dev/documentation/webdriver/troubleshooting/errors#no-such-element-exception
Stacktrace:
	GetHandleVerifier [0x00007FF68FD3AD02+56930]
	(No symbol) [0x00007FF68FCAF602]
	(No symbol) [0x00007FF68FB642E5]
	(No symbol) [0x00007FF68FBA98ED]
	(No symbol) [0x00007FF68FBA9A2C]
	(No symbol) [0x00007FF68FBEA967]
	(No symbol) [0x00007FF68FBCBCDF]
	(No symbol) [0x00007FF68FBE81E2]
	(No symbol) [0x00007FF68FBCBA43]
	(No symbol) [0x00007FF68FB9D438]
	(No symbol) [0x00007FF68FB9E4D1]
	GetHandleVerifier [0x00007FF6900B6F8D+3711213]
	GetHandleVerifier [0x00007FF6901104CD+4077101]
	GetHandleVerifier [0x00007FF69010865F+4044735]
	GetHandleVerifier [0x00007FF68FDD9736+706710]
	(No symbol) [0x00007FF68FCBB8DF]
	(No symbol) [0x00007FF68FCB6AC4]
	(No symbol) [0x00007FF68FCB6C1C]
	(No symbol) [0x00007FF68FCA68D4]
	BaseThreadInitThunk [0x00007FF9494C257D+29]
	RtlUserThreadStart [0x00007FF94AC4AA58+40]

2024-04-03 16:05:33,881 [ERROR] automation Element located by i0116 is not present. Message: no such element: Unable to locate element: {"method":"css selector","selector":"[id="i0116"]"}
  (Session info: chrome=122.0.6261.131); For documentation on this error, please visit: https://www.selenium.dev/documentation/webdriver/troubleshooting/errors#no-such-element-exception
Stacktrace:
	GetHandleVerifier [0x00007FF68FD3AD02+56930]
	(No symbol) [0x00007FF68FCAF602]
	(No symbol) [0x00007FF68FB642E5]
	(No symbol) [0x00007FF68FBA98ED]
	(No symbol) [0x00007FF68FBA9A2C]
	(No symbol) [0x00007FF68FBEA967]
	(No symbol) [0x00007FF68FBCBCDF]
	(No symbol) [0x00007FF68FBE81E2]
	(No symbol) [0x00007FF68FBCBA43]
	(No symbol) [0x00007FF68FB9D438]
	(No symbol) [0x00007FF68FB9E4D1]
	GetHandleVerifier [0x00007FF6900B6F8D+3711213]
	GetHandleVerifier [0x00007FF6901104CD+4077101]
	GetHandleVerifier [0x00007FF69010865F+4044735]
	GetHandleVerifier [0x00007FF68FDD9736+706710]
	(No symbol) [0x00007FF68FCBB8DF]
	(No symbol) [0x00007FF68FCB6AC4]
	(No symbol) [0x00007FF68FCB6C1C]
	(No symbol) [0x00007FF68FCA68D4]
	BaseThreadInitThunk [0x00007FF9494C257D+29]
	RtlUserThreadStart [0x00007FF94AC4AA58+40]

2024-04-03 16:05:33,942 [ERROR] automation Element located by i0116 is not present. Message: no such element: Unable to locate element: {"method":"css selector","selector":"[id="i0116"]"}
  (Session info: chrome=122.0.6261.131); For documentation on this error, please visit: https://www.selenium.dev/documentation/webdriver/troubleshooting/errors#no-such-element-exception
Stacktrace:
	GetHandleVerifier [0x00007FF68FD3AD02+56930]
	(No symbol) [0x00007FF68FCAF602]
	(No symbol) [0x00007FF68FB642E5]
	(No symbol) [0x00007FF68FBA98ED]
	(No symbol) [0x00007FF68FBA9A2C]
	(No symbol) [0x00007FF68FBEA967]
	(No symbol) [0x00007FF68FBCBCDF]
	(No symbol) [0x00007FF68FBE81E2]
	(No symbol) [0x00007FF68FBCBA43]
	(No symbol) [0x00007FF68FB9D438]
	(No symbol) [0x00007FF68FB9E4D1]
	GetHandleVerifier [0x00007FF6900B6F8D+3711213]
	GetHandleVerifier [0x00007FF6901104CD+4077101]
	GetHandleVerifier [0x00007FF69010865F+4044735]
	GetHandleVerifier [0x00007FF68FDD9736+706710]
	(No symbol) [0x00007FF68FCBB8DF]
	(No symbol) [0x00007FF68FCB6AC4]
	(No symbol) [0x00007FF68FCB6C1C]
	(No symbol) [0x00007FF68FCA68D4]
	BaseThreadInitThunk [0x00007FF9494C257D+29]
	RtlUserThreadStart [0x00007FF94AC4AA58+40]

2024-04-03 16:05:34,002 [ERROR] automation Element located by i0116 is not present. Message: no such element: Unable to locate element: {"method":"css selector","selector":"[id="i0116"]"}
  (Session info: chrome=122.0.6261.131); For documentation on this error, please visit: https://www.selenium.dev/documentation/webdriver/troubleshooting/errors#no-such-element-exception
Stacktrace:
	GetHandleVerifier [0x00007FF68FD3AD02+56930]
	(No symbol) [0x00007FF68FCAF602]
	(No symbol) [0x00007FF68FB642E5]
	(No symbol) [0x00007FF68FBA98ED]
	(No symbol) [0x00007FF68FBA9A2C]
	(No symbol) [0x00007FF68FBEA967]
	(No symbol) [0x00007FF68FBCBCDF]
	(No symbol) [0x00007FF68FBE81E2]
	(No symbol) [0x00007FF68FBCBA43]
	(No symbol) [0x00007FF68FB9D438]
	(No symbol) [0x00007FF68FB9E4D1]
	GetHandleVerifier [0x00007FF6900B6F8D+3711213]
	GetHandleVerifier [0x00007FF6901104CD+4077101]
	GetHandleVerifier [0x00007FF69010865F+4044735]
	GetHandleVerifier [0x00007FF68FDD9736+706710]
	(No symbol) [0x00007FF68FCBB8DF]
	(No symbol) [0x00007FF68FCB6AC4]
	(No symbol) [0x00007FF68FCB6C1C]
	(No symbol) [0x00007FF68FCA68D4]
	BaseThreadInitThunk [0x00007FF9494C257D+29]
	RtlUserThreadStart [0x00007FF94AC4AA58+40]

2024-04-03 16:05:34,062 [ERROR] automation Element located by i0116 is not present. Message: no such element: Unable to locate element: {"method":"css selector","selector":"[id="i0116"]"}
  (Session info: chrome=122.0.6261.131); For documentation on this error, please visit: https://www.selenium.dev/documentation/webdriver/troubleshooting/errors#no-such-element-exception
Stacktrace:
	GetHandleVerifier [0x00007FF68FD3AD02+56930]
	(No symbol) [0x00007FF68FCAF602]
	(No symbol) [0x00007FF68FB642E5]
	(No symbol) [0x00007FF68FBA98ED]
	(No symbol) [0x00007FF68FBA9A2C]
	(No symbol) [0x00007FF68FBEA967]
	(No symbol) [0x00007FF68FBCBCDF]
	(No symbol) [0x00007FF68FBE81E2]
	(No symbol) [0x00007FF68FBCBA43]
	(No symbol) [0x00007FF68FB9D438]
	(No symbol) [0x00007FF68FB9E4D1]
	GetHandleVerifier [0x00007FF6900B6F8D+3711213]
	GetHandleVerifier [0x00007FF6901104CD+4077101]
	GetHandleVerifier [0x00007FF69010865F+4044735]
	GetHandleVerifier [0x00007FF68FDD9736+706710]
	(No symbol) [0x00007FF68FCBB8DF]
	(No symbol) [0x00007FF68FCB6AC4]
	(No symbol) [0x00007FF68FCB6C1C]
	(No symbol) [0x00007FF68FCA68D4]
	BaseThreadInitThunk [0x00007FF9494C257D+29]
	RtlUserThreadStart [0x00007FF94AC4AA58+40]

2024-04-03 16:05:37,114 [ERROR] automation Element located by i0116 is not present. Message: no such element: Unable to locate element: {"method":"css selector","selector":"[id="i0116"]"}
  (Session info: chrome=122.0.6261.131); For documentation on this error, please visit: https://www.selenium.dev/documentation/webdriver/troubleshooting/errors#no-such-element-exception
Stacktrace:
	GetHandleVerifier [0x00007FF68FD3AD02+56930]
	(No symbol) [0x00007FF68FCAF602]
	(No symbol) [0x00007FF68FB642E5]
	(No symbol) [0x00007FF68FBA98ED]
	(No symbol) [0x00007FF68FBA9A2C]
	(No symbol) [0x00007FF68FBEA967]
	(No symbol) [0x00007FF68FBCBCDF]
	(No symbol) [0x00007FF68FBE81E2]
	(No symbol) [0x00007FF68FBCBA43]
	(No symbol) [0x00007FF68FB9D438]
	(No symbol) [0x00007FF68FB9E4D1]
	GetHandleVerifier [0x00007FF6900B6F8D+3711213]
	GetHandleVerifier [0x00007FF6901104CD+4077101]
	GetHandleVerifier [0x00007FF69010865F+4044735]
	GetHandleVerifier [0x00007FF68FDD9736+706710]
	(No symbol) [0x00007FF68FCBB8DF]
	(No symbol) [0x00007FF68FCB6AC4]
	(No symbol) [0x00007FF68FCB6C1C]
	(No symbol) [0x00007FF68FCA68D4]
	BaseThreadInitThunk [0x00007FF9494C257D+29]
	RtlUserThreadStart [0x00007FF94AC4AA58+40]

2024-04-03 16:05:37,200 [INFO] automation Element located by i0116 is present.
2024-04-03 16:05:44,431 [INFO] automation Element located by //div[@class='logo'] is present.
2024-04-03 16:05:48,545 [INFO] automation Element located by //div[@class='tableFixHead']/table/tbody/tr[contains(@class,'even_col')][1] is present.
2024-04-03 16:05:50,995 [INFO] automation Element located by //input[@formcontrolname='email'] is present.
2024-04-03 16:05:51,003 [INFO] automation Element located by //input[@formcontrolname='email'] is present.
2024-04-03 16:05:51,406 [ERROR] automation Element located by //span[contains(text(),'Email Address already exists')] is not present. Message: no such element: Unable to locate element: {"method":"xpath","selector":"//span[contains(text(),'Email Address already exists')]"}
  (Session info: chrome=122.0.6261.131); For documentation on this error, please visit: https://www.selenium.dev/documentation/webdriver/troubleshooting/errors#no-such-element-exception
Stacktrace:
	GetHandleVerifier [0x00007FF68FD3AD02+56930]
	(No symbol) [0x00007FF68FCAF602]
	(No symbol) [0x00007FF68FB642E5]
	(No symbol) [0x00007FF68FBA98ED]
	(No symbol) [0x00007FF68FBA9A2C]
	(No symbol) [0x00007FF68FBEA967]
	(No symbol) [0x00007FF68FBCBCDF]
	(No symbol) [0x00007FF68FBE81E2]
	(No symbol) [0x00007FF68FBCBA43]
	(No symbol) [0x00007FF68FB9D438]
	(No symbol) [0x00007FF68FB9E4D1]
	GetHandleVerifier [0x00007FF6900B6F8D+3711213]
	GetHandleVerifier [0x00007FF6901104CD+4077101]
	GetHandleVerifier [0x00007FF69010865F+4044735]
	GetHandleVerifier [0x00007FF68FDD9736+706710]
	(No symbol) [0x00007FF68FCBB8DF]
	(No symbol) [0x00007FF68FCB6AC4]
	(No symbol) [0x00007FF68FCB6C1C]
	(No symbol) [0x00007FF68FCA68D4]
	BaseThreadInitThunk [0x00007FF9494C257D+29]
	RtlUserThreadStart [0x00007FF94AC4AA58+40]

2024-04-03 16:05:51,425 [ERROR] automation Element located by //div[@role='alert' and contains(text(),'success') or contains(text(),'Success')] is not present. Message: no such element: Unable to locate element: {"method":"xpath","selector":"//div[@role='alert' and contains(text(),'success') or contains(text(),'Success')]"}
  (Session info: chrome=122.0.6261.131); For documentation on this error, please visit: https://www.selenium.dev/documentation/webdriver/troubleshooting/errors#no-such-element-exception
Stacktrace:
	GetHandleVerifier [0x00007FF68FD3AD02+56930]
	(No symbol) [0x00007FF68FCAF602]
	(No symbol) [0x00007FF68FB642E5]
	(No symbol) [0x00007FF68FBA98ED]
	(No symbol) [0x00007FF68FBA9A2C]
	(No symbol) [0x00007FF68FBEA967]
	(No symbol) [0x00007FF68FBCBCDF]
	(No symbol) [0x00007FF68FBE81E2]
	(No symbol) [0x00007FF68FBCBA43]
	(No symbol) [0x00007FF68FB9D438]
	(No symbol) [0x00007FF68FB9E4D1]
	GetHandleVerifier [0x00007FF6900B6F8D+3711213]
	GetHandleVerifier [0x00007FF6901104CD+4077101]
	GetHandleVerifier [0x00007FF69010865F+4044735]
	GetHandleVerifier [0x00007FF68FDD9736+706710]
	(No symbol) [0x00007FF68FCBB8DF]
	(No symbol) [0x00007FF68FCB6AC4]
	(No symbol) [0x00007FF68FCB6C1C]
	(No symbol) [0x00007FF68FCA68D4]
	BaseThreadInitThunk [0x00007FF9494C257D+29]
	RtlUserThreadStart [0x00007FF94AC4AA58+40]

2024-04-03 16:05:51,425 [INFO] automation Test passed.
2024-04-03 16:05:51,436 [INFO] automation Test has started.
2024-04-03 16:05:51,436 [INFO] automation Navigating to the https://chorusqa.cogninelabs.com/
2024-04-03 16:05:58,478 [ERROR] automation Element located by i0116 is not present. Message: no such element: Unable to locate element: {"method":"css selector","selector":"[id="i0116"]"}
  (Session info: chrome=122.0.6261.131); For documentation on this error, please visit: https://www.selenium.dev/documentation/webdriver/troubleshooting/errors#no-such-element-exception
Stacktrace:
	GetHandleVerifier [0x00007FF68FD3AD02+56930]
	(No symbol) [0x00007FF68FCAF602]
	(No symbol) [0x00007FF68FB642E5]
	(No symbol) [0x00007FF68FBA98ED]
	(No symbol) [0x00007FF68FBA9A2C]
	(No symbol) [0x00007FF68FBEA967]
	(No symbol) [0x00007FF68FBCBCDF]
	(No symbol) [0x00007FF68FBE81E2]
	(No symbol) [0x00007FF68FBCBA43]
	(No symbol) [0x00007FF68FB9D438]
	(No symbol) [0x00007FF68FB9E4D1]
	GetHandleVerifier [0x00007FF6900B6F8D+3711213]
	GetHandleVerifier [0x00007FF6901104CD+4077101]
	GetHandleVerifier [0x00007FF69010865F+4044735]
	GetHandleVerifier [0x00007FF68FDD9736+706710]
	(No symbol) [0x00007FF68FCBB8DF]
	(No symbol) [0x00007FF68FCB6AC4]
	(No symbol) [0x00007FF68FCB6C1C]
	(No symbol) [0x00007FF68FCA68D4]
	BaseThreadInitThunk [0x00007FF9494C257D+29]
	RtlUserThreadStart [0x00007FF94AC4AA58+40]

2024-04-03 16:05:58,546 [ERROR] automation Element located by i0116 is not present. Message: no such element: Unable to locate element: {"method":"css selector","selector":"[id="i0116"]"}
  (Session info: chrome=122.0.6261.131); For documentation on this error, please visit: https://www.selenium.dev/documentation/webdriver/troubleshooting/errors#no-such-element-exception
Stacktrace:
	GetHandleVerifier [0x00007FF68FD3AD02+56930]
	(No symbol) [0x00007FF68FCAF602]
	(No symbol) [0x00007FF68FB642E5]
	(No symbol) [0x00007FF68FBA98ED]
	(No symbol) [0x00007FF68FBA9A2C]
	(No symbol) [0x00007FF68FBEA967]
	(No symbol) [0x00007FF68FBCBCDF]
	(No symbol) [0x00007FF68FBE81E2]
	(No symbol) [0x00007FF68FBCBA43]
	(No symbol) [0x00007FF68FB9D438]
	(No symbol) [0x00007FF68FB9E4D1]
	GetHandleVerifier [0x00007FF6900B6F8D+3711213]
	GetHandleVerifier [0x00007FF6901104CD+4077101]
	GetHandleVerifier [0x00007FF69010865F+4044735]
	GetHandleVerifier [0x00007FF68FDD9736+706710]
	(No symbol) [0x00007FF68FCBB8DF]
	(No symbol) [0x00007FF68FCB6AC4]
	(No symbol) [0x00007FF68FCB6C1C]
	(No symbol) [0x00007FF68FCA68D4]
	BaseThreadInitThunk [0x00007FF9494C257D+29]
	RtlUserThreadStart [0x00007FF94AC4AA58+40]

2024-04-03 16:05:58,611 [ERROR] automation Element located by i0116 is not present. Message: no such element: Unable to locate element: {"method":"css selector","selector":"[id="i0116"]"}
  (Session info: chrome=122.0.6261.131); For documentation on this error, please visit: https://www.selenium.dev/documentation/webdriver/troubleshooting/errors#no-such-element-exception
Stacktrace:
	GetHandleVerifier [0x00007FF68FD3AD02+56930]
	(No symbol) [0x00007FF68FCAF602]
	(No symbol) [0x00007FF68FB642E5]
	(No symbol) [0x00007FF68FBA98ED]
	(No symbol) [0x00007FF68FBA9A2C]
	(No symbol) [0x00007FF68FBEA967]
	(No symbol) [0x00007FF68FBCBCDF]
	(No symbol) [0x00007FF68FBE81E2]
	(No symbol) [0x00007FF68FBCBA43]
	(No symbol) [0x00007FF68FB9D438]
	(No symbol) [0x00007FF68FB9E4D1]
	GetHandleVerifier [0x00007FF6900B6F8D+3711213]
	GetHandleVerifier [0x00007FF6901104CD+4077101]
	GetHandleVerifier [0x00007FF69010865F+4044735]
	GetHandleVerifier [0x00007FF68FDD9736+706710]
	(No symbol) [0x00007FF68FCBB8DF]
	(No symbol) [0x00007FF68FCB6AC4]
	(No symbol) [0x00007FF68FCB6C1C]
	(No symbol) [0x00007FF68FCA68D4]
	BaseThreadInitThunk [0x00007FF9494C257D+29]
	RtlUserThreadStart [0x00007FF94AC4AA58+40]

2024-04-03 16:05:58,681 [ERROR] automation Element located by i0116 is not present. Message: no such element: Unable to locate element: {"method":"css selector","selector":"[id="i0116"]"}
  (Session info: chrome=122.0.6261.131); For documentation on this error, please visit: https://www.selenium.dev/documentation/webdriver/troubleshooting/errors#no-such-element-exception
Stacktrace:
	GetHandleVerifier [0x00007FF68FD3AD02+56930]
	(No symbol) [0x00007FF68FCAF602]
	(No symbol) [0x00007FF68FB642E5]
	(No symbol) [0x00007FF68FBA98ED]
	(No symbol) [0x00007FF68FBA9A2C]
	(No symbol) [0x00007FF68FBEA967]
	(No symbol) [0x00007FF68FBCBCDF]
	(No symbol) [0x00007FF68FBE81E2]
	(No symbol) [0x00007FF68FBCBA43]
	(No symbol) [0x00007FF68FB9D438]
	(No symbol) [0x00007FF68FB9E4D1]
	GetHandleVerifier [0x00007FF6900B6F8D+3711213]
	GetHandleVerifier [0x00007FF6901104CD+4077101]
	GetHandleVerifier [0x00007FF69010865F+4044735]
	GetHandleVerifier [0x00007FF68FDD9736+706710]
	(No symbol) [0x00007FF68FCBB8DF]
	(No symbol) [0x00007FF68FCB6AC4]
	(No symbol) [0x00007FF68FCB6C1C]
	(No symbol) [0x00007FF68FCA68D4]
	BaseThreadInitThunk [0x00007FF9494C257D+29]
	RtlUserThreadStart [0x00007FF94AC4AA58+40]

2024-04-03 16:05:58,743 [ERROR] automation Element located by i0116 is not present. Message: no such element: Unable to locate element: {"method":"css selector","selector":"[id="i0116"]"}
  (Session info: chrome=122.0.6261.131); For documentation on this error, please visit: https://www.selenium.dev/documentation/webdriver/troubleshooting/errors#no-such-element-exception
Stacktrace:
	GetHandleVerifier [0x00007FF68FD3AD02+56930]
	(No symbol) [0x00007FF68FCAF602]
	(No symbol) [0x00007FF68FB642E5]
	(No symbol) [0x00007FF68FBA98ED]
	(No symbol) [0x00007FF68FBA9A2C]
	(No symbol) [0x00007FF68FBEA967]
	(No symbol) [0x00007FF68FBCBCDF]
	(No symbol) [0x00007FF68FBE81E2]
	(No symbol) [0x00007FF68FBCBA43]
	(No symbol) [0x00007FF68FB9D438]
	(No symbol) [0x00007FF68FB9E4D1]
	GetHandleVerifier [0x00007FF6900B6F8D+3711213]
	GetHandleVerifier [0x00007FF6901104CD+4077101]
	GetHandleVerifier [0x00007FF69010865F+4044735]
	GetHandleVerifier [0x00007FF68FDD9736+706710]
	(No symbol) [0x00007FF68FCBB8DF]
	(No symbol) [0x00007FF68FCB6AC4]
	(No symbol) [0x00007FF68FCB6C1C]
	(No symbol) [0x00007FF68FCA68D4]
	BaseThreadInitThunk [0x00007FF9494C257D+29]
	RtlUserThreadStart [0x00007FF94AC4AA58+40]

2024-04-03 16:05:58,810 [ERROR] automation Element located by i0116 is not present. Message: no such element: Unable to locate element: {"method":"css selector","selector":"[id="i0116"]"}
  (Session info: chrome=122.0.6261.131); For documentation on this error, please visit: https://www.selenium.dev/documentation/webdriver/troubleshooting/errors#no-such-element-exception
Stacktrace:
	GetHandleVerifier [0x00007FF68FD3AD02+56930]
	(No symbol) [0x00007FF68FCAF602]
	(No symbol) [0x00007FF68FB642E5]
	(No symbol) [0x00007FF68FBA98ED]
	(No symbol) [0x00007FF68FBA9A2C]
	(No symbol) [0x00007FF68FBEA967]
	(No symbol) [0x00007FF68FBCBCDF]
	(No symbol) [0x00007FF68FBE81E2]
	(No symbol) [0x00007FF68FBCBA43]
	(No symbol) [0x00007FF68FB9D438]
	(No symbol) [0x00007FF68FB9E4D1]
	GetHandleVerifier [0x00007FF6900B6F8D+3711213]
	GetHandleVerifier [0x00007FF6901104CD+4077101]
	GetHandleVerifier [0x00007FF69010865F+4044735]
	GetHandleVerifier [0x00007FF68FDD9736+706710]
	(No symbol) [0x00007FF68FCBB8DF]
	(No symbol) [0x00007FF68FCB6AC4]
	(No symbol) [0x00007FF68FCB6C1C]
	(No symbol) [0x00007FF68FCA68D4]
	BaseThreadInitThunk [0x00007FF9494C257D+29]
	RtlUserThreadStart [0x00007FF94AC4AA58+40]

2024-04-03 16:05:58,875 [ERROR] automation Element located by i0116 is not present. Message: no such element: Unable to locate element: {"method":"css selector","selector":"[id="i0116"]"}
  (Session info: chrome=122.0.6261.131); For documentation on this error, please visit: https://www.selenium.dev/documentation/webdriver/troubleshooting/errors#no-such-element-exception
Stacktrace:
	GetHandleVerifier [0x00007FF68FD3AD02+56930]
	(No symbol) [0x00007FF68FCAF602]
	(No symbol) [0x00007FF68FB642E5]
	(No symbol) [0x00007FF68FBA98ED]
	(No symbol) [0x00007FF68FBA9A2C]
	(No symbol) [0x00007FF68FBEA967]
	(No symbol) [0x00007FF68FBCBCDF]
	(No symbol) [0x00007FF68FBE81E2]
	(No symbol) [0x00007FF68FBCBA43]
	(No symbol) [0x00007FF68FB9D438]
	(No symbol) [0x00007FF68FB9E4D1]
	GetHandleVerifier [0x00007FF6900B6F8D+3711213]
	GetHandleVerifier [0x00007FF6901104CD+4077101]
	GetHandleVerifier [0x00007FF69010865F+4044735]
	GetHandleVerifier [0x00007FF68FDD9736+706710]
	(No symbol) [0x00007FF68FCBB8DF]
	(No symbol) [0x00007FF68FCB6AC4]
	(No symbol) [0x00007FF68FCB6C1C]
	(No symbol) [0x00007FF68FCA68D4]
	BaseThreadInitThunk [0x00007FF9494C257D+29]
	RtlUserThreadStart [0x00007FF94AC4AA58+40]

2024-04-03 16:05:58,952 [ERROR] automation Element located by i0116 is not present. Message: no such element: Unable to locate element: {"method":"css selector","selector":"[id="i0116"]"}
  (Session info: chrome=122.0.6261.131); For documentation on this error, please visit: https://www.selenium.dev/documentation/webdriver/troubleshooting/errors#no-such-element-exception
Stacktrace:
	GetHandleVerifier [0x00007FF68FD3AD02+56930]
	(No symbol) [0x00007FF68FCAF602]
	(No symbol) [0x00007FF68FB642E5]
	(No symbol) [0x00007FF68FBA98ED]
	(No symbol) [0x00007FF68FBA9A2C]
	(No symbol) [0x00007FF68FBEA967]
	(No symbol) [0x00007FF68FBCBCDF]
	(No symbol) [0x00007FF68FBE81E2]
	(No symbol) [0x00007FF68FBCBA43]
	(No symbol) [0x00007FF68FB9D438]
	(No symbol) [0x00007FF68FB9E4D1]
	GetHandleVerifier [0x00007FF6900B6F8D+3711213]
	GetHandleVerifier [0x00007FF6901104CD+4077101]
	GetHandleVerifier [0x00007FF69010865F+4044735]
	GetHandleVerifier [0x00007FF68FDD9736+706710]
	(No symbol) [0x00007FF68FCBB8DF]
	(No symbol) [0x00007FF68FCB6AC4]
	(No symbol) [0x00007FF68FCB6C1C]
	(No symbol) [0x00007FF68FCA68D4]
	BaseThreadInitThunk [0x00007FF9494C257D+29]
	RtlUserThreadStart [0x00007FF94AC4AA58+40]

2024-04-03 16:05:59,873 [ERROR] automation Element located by i0116 is not present. Message: no such element: Unable to locate element: {"method":"css selector","selector":"[id="i0116"]"}
  (Session info: chrome=122.0.6261.131); For documentation on this error, please visit: https://www.selenium.dev/documentation/webdriver/troubleshooting/errors#no-such-element-exception
Stacktrace:
	GetHandleVerifier [0x00007FF68FD3AD02+56930]
	(No symbol) [0x00007FF68FCAF602]
	(No symbol) [0x00007FF68FB642E5]
	(No symbol) [0x00007FF68FBA98ED]
	(No symbol) [0x00007FF68FBA9A2C]
	(No symbol) [0x00007FF68FBEA967]
	(No symbol) [0x00007FF68FBCBCDF]
	(No symbol) [0x00007FF68FBE81E2]
	(No symbol) [0x00007FF68FBCBA43]
	(No symbol) [0x00007FF68FB9D438]
	(No symbol) [0x00007FF68FB9E4D1]
	GetHandleVerifier [0x00007FF6900B6F8D+3711213]
	GetHandleVerifier [0x00007FF6901104CD+4077101]
	GetHandleVerifier [0x00007FF69010865F+4044735]
	GetHandleVerifier [0x00007FF68FDD9736+706710]
	(No symbol) [0x00007FF68FCBB8DF]
	(No symbol) [0x00007FF68FCB6AC4]
	(No symbol) [0x00007FF68FCB6C1C]
	(No symbol) [0x00007FF68FCA68D4]
	BaseThreadInitThunk [0x00007FF9494C257D+29]
	RtlUserThreadStart [0x00007FF94AC4AA58+40]

2024-04-03 16:05:59,937 [ERROR] automation Element located by i0116 is not present. Message: no such element: Unable to locate element: {"method":"css selector","selector":"[id="i0116"]"}
  (Session info: chrome=122.0.6261.131); For documentation on this error, please visit: https://www.selenium.dev/documentation/webdriver/troubleshooting/errors#no-such-element-exception
Stacktrace:
	GetHandleVerifier [0x00007FF68FD3AD02+56930]
	(No symbol) [0x00007FF68FCAF602]
	(No symbol) [0x00007FF68FB642E5]
	(No symbol) [0x00007FF68FBA98ED]
	(No symbol) [0x00007FF68FBA9A2C]
	(No symbol) [0x00007FF68FBEA967]
	(No symbol) [0x00007FF68FBCBCDF]
	(No symbol) [0x00007FF68FBE81E2]
	(No symbol) [0x00007FF68FBCBA43]
	(No symbol) [0x00007FF68FB9D438]
	(No symbol) [0x00007FF68FB9E4D1]
	GetHandleVerifier [0x00007FF6900B6F8D+3711213]
	GetHandleVerifier [0x00007FF6901104CD+4077101]
	GetHandleVerifier [0x00007FF69010865F+4044735]
	GetHandleVerifier [0x00007FF68FDD9736+706710]
	(No symbol) [0x00007FF68FCBB8DF]
	(No symbol) [0x00007FF68FCB6AC4]
	(No symbol) [0x00007FF68FCB6C1C]
	(No symbol) [0x00007FF68FCA68D4]
	BaseThreadInitThunk [0x00007FF9494C257D+29]
	RtlUserThreadStart [0x00007FF94AC4AA58+40]

2024-04-03 16:06:00,008 [ERROR] automation Element located by i0116 is not present. Message: no such element: Unable to locate element: {"method":"css selector","selector":"[id="i0116"]"}
  (Session info: chrome=122.0.6261.131); For documentation on this error, please visit: https://www.selenium.dev/documentation/webdriver/troubleshooting/errors#no-such-element-exception
Stacktrace:
	GetHandleVerifier [0x00007FF68FD3AD02+56930]
	(No symbol) [0x00007FF68FCAF602]
	(No symbol) [0x00007FF68FB642E5]
	(No symbol) [0x00007FF68FBA98ED]
	(No symbol) [0x00007FF68FBA9A2C]
	(No symbol) [0x00007FF68FBEA967]
	(No symbol) [0x00007FF68FBCBCDF]
	(No symbol) [0x00007FF68FBE81E2]
	(No symbol) [0x00007FF68FBCBA43]
	(No symbol) [0x00007FF68FB9D438]
	(No symbol) [0x00007FF68FB9E4D1]
	GetHandleVerifier [0x00007FF6900B6F8D+3711213]
	GetHandleVerifier [0x00007FF6901104CD+4077101]
	GetHandleVerifier [0x00007FF69010865F+4044735]
	GetHandleVerifier [0x00007FF68FDD9736+706710]
	(No symbol) [0x00007FF68FCBB8DF]
	(No symbol) [0x00007FF68FCB6AC4]
	(No symbol) [0x00007FF68FCB6C1C]
	(No symbol) [0x00007FF68FCA68D4]
	BaseThreadInitThunk [0x00007FF9494C257D+29]
	RtlUserThreadStart [0x00007FF94AC4AA58+40]

2024-04-03 16:06:00,089 [ERROR] automation Element located by i0116 is not present. Message: no such element: Unable to locate element: {"method":"css selector","selector":"[id="i0116"]"}
  (Session info: chrome=122.0.6261.131); For documentation on this error, please visit: https://www.selenium.dev/documentation/webdriver/troubleshooting/errors#no-such-element-exception
Stacktrace:
	GetHandleVerifier [0x00007FF68FD3AD02+56930]
	(No symbol) [0x00007FF68FCAF602]
	(No symbol) [0x00007FF68FB642E5]
	(No symbol) [0x00007FF68FBA98ED]
	(No symbol) [0x00007FF68FBA9A2C]
	(No symbol) [0x00007FF68FBEA967]
	(No symbol) [0x00007FF68FBCBCDF]
	(No symbol) [0x00007FF68FBE81E2]
	(No symbol) [0x00007FF68FBCBA43]
	(No symbol) [0x00007FF68FB9D438]
	(No symbol) [0x00007FF68FB9E4D1]
	GetHandleVerifier [0x00007FF6900B6F8D+3711213]
	GetHandleVerifier [0x00007FF6901104CD+4077101]
	GetHandleVerifier [0x00007FF69010865F+4044735]
	GetHandleVerifier [0x00007FF68FDD9736+706710]
	(No symbol) [0x00007FF68FCBB8DF]
	(No symbol) [0x00007FF68FCB6AC4]
	(No symbol) [0x00007FF68FCB6C1C]
	(No symbol) [0x00007FF68FCA68D4]
	BaseThreadInitThunk [0x00007FF9494C257D+29]
	RtlUserThreadStart [0x00007FF94AC4AA58+40]

2024-04-03 16:06:00,154 [ERROR] automation Element located by i0116 is not present. Message: no such element: Unable to locate element: {"method":"css selector","selector":"[id="i0116"]"}
  (Session info: chrome=122.0.6261.131); For documentation on this error, please visit: https://www.selenium.dev/documentation/webdriver/troubleshooting/errors#no-such-element-exception
Stacktrace:
	GetHandleVerifier [0x00007FF68FD3AD02+56930]
	(No symbol) [0x00007FF68FCAF602]
	(No symbol) [0x00007FF68FB642E5]
	(No symbol) [0x00007FF68FBA98ED]
	(No symbol) [0x00007FF68FBA9A2C]
	(No symbol) [0x00007FF68FBEA967]
	(No symbol) [0x00007FF68FBCBCDF]
	(No symbol) [0x00007FF68FBE81E2]
	(No symbol) [0x00007FF68FBCBA43]
	(No symbol) [0x00007FF68FB9D438]
	(No symbol) [0x00007FF68FB9E4D1]
	GetHandleVerifier [0x00007FF6900B6F8D+3711213]
	GetHandleVerifier [0x00007FF6901104CD+4077101]
	GetHandleVerifier [0x00007FF69010865F+4044735]
	GetHandleVerifier [0x00007FF68FDD9736+706710]
	(No symbol) [0x00007FF68FCBB8DF]
	(No symbol) [0x00007FF68FCB6AC4]
	(No symbol) [0x00007FF68FCB6C1C]
	(No symbol) [0x00007FF68FCA68D4]
	BaseThreadInitThunk [0x00007FF9494C257D+29]
	RtlUserThreadStart [0x00007FF94AC4AA58+40]

2024-04-03 16:06:00,217 [ERROR] automation Element located by i0116 is not present. Message: no such element: Unable to locate element: {"method":"css selector","selector":"[id="i0116"]"}
  (Session info: chrome=122.0.6261.131); For documentation on this error, please visit: https://www.selenium.dev/documentation/webdriver/troubleshooting/errors#no-such-element-exception
Stacktrace:
	GetHandleVerifier [0x00007FF68FD3AD02+56930]
	(No symbol) [0x00007FF68FCAF602]
	(No symbol) [0x00007FF68FB642E5]
	(No symbol) [0x00007FF68FBA98ED]
	(No symbol) [0x00007FF68FBA9A2C]
	(No symbol) [0x00007FF68FBEA967]
	(No symbol) [0x00007FF68FBCBCDF]
	(No symbol) [0x00007FF68FBE81E2]
	(No symbol) [0x00007FF68FBCBA43]
	(No symbol) [0x00007FF68FB9D438]
	(No symbol) [0x00007FF68FB9E4D1]
	GetHandleVerifier [0x00007FF6900B6F8D+3711213]
	GetHandleVerifier [0x00007FF6901104CD+4077101]
	GetHandleVerifier [0x00007FF69010865F+4044735]
	GetHandleVerifier [0x00007FF68FDD9736+706710]
	(No symbol) [0x00007FF68FCBB8DF]
	(No symbol) [0x00007FF68FCB6AC4]
	(No symbol) [0x00007FF68FCB6C1C]
	(No symbol) [0x00007FF68FCA68D4]
	BaseThreadInitThunk [0x00007FF9494C257D+29]
	RtlUserThreadStart [0x00007FF94AC4AA58+40]

2024-04-03 16:06:00,286 [ERROR] automation Element located by i0116 is not present. Message: no such element: Unable to locate element: {"method":"css selector","selector":"[id="i0116"]"}
  (Session info: chrome=122.0.6261.131); For documentation on this error, please visit: https://www.selenium.dev/documentation/webdriver/troubleshooting/errors#no-such-element-exception
Stacktrace:
	GetHandleVerifier [0x00007FF68FD3AD02+56930]
	(No symbol) [0x00007FF68FCAF602]
	(No symbol) [0x00007FF68FB642E5]
	(No symbol) [0x00007FF68FBA98ED]
	(No symbol) [0x00007FF68FBA9A2C]
	(No symbol) [0x00007FF68FBEA967]
	(No symbol) [0x00007FF68FBCBCDF]
	(No symbol) [0x00007FF68FBE81E2]
	(No symbol) [0x00007FF68FBCBA43]
	(No symbol) [0x00007FF68FB9D438]
	(No symbol) [0x00007FF68FB9E4D1]
	GetHandleVerifier [0x00007FF6900B6F8D+3711213]
	GetHandleVerifier [0x00007FF6901104CD+4077101]
	GetHandleVerifier [0x00007FF69010865F+4044735]
	GetHandleVerifier [0x00007FF68FDD9736+706710]
	(No symbol) [0x00007FF68FCBB8DF]
	(No symbol) [0x00007FF68FCB6AC4]
	(No symbol) [0x00007FF68FCB6C1C]
	(No symbol) [0x00007FF68FCA68D4]
	BaseThreadInitThunk [0x00007FF9494C257D+29]
	RtlUserThreadStart [0x00007FF94AC4AA58+40]

2024-04-03 16:06:00,484 [INFO] automation Element located by i0116 is present.
2024-04-03 16:06:07,997 [INFO] automation Element located by //div[@class='logo'] is present.
2024-04-03 16:06:12,388 [INFO] automation Element located by //div[@class='tableFixHead']/table/tbody/tr[contains(@class,'even_col')][1] is present.
2024-04-03 16:06:15,137 [INFO] automation Element located by //input[@formcontrolname='title'] is present.
2024-04-03 16:06:15,139 [INFO] automation Element located by //input[@formcontrolname='title'] is present.
2024-04-03 16:06:17,835 [ERROR] automation Element located by //div[@role='alert' and contains(text(),'success') or contains(text(),'Success')] is not present. Message: no such element: Unable to locate element: {"method":"xpath","selector":"//div[@role='alert' and contains(text(),'success') or contains(text(),'Success')]"}
  (Session info: chrome=122.0.6261.131); For documentation on this error, please visit: https://www.selenium.dev/documentation/webdriver/troubleshooting/errors#no-such-element-exception
Stacktrace:
	GetHandleVerifier [0x00007FF68FD3AD02+56930]
	(No symbol) [0x00007FF68FCAF602]
	(No symbol) [0x00007FF68FB642E5]
	(No symbol) [0x00007FF68FBA98ED]
	(No symbol) [0x00007FF68FBA9A2C]
	(No symbol) [0x00007FF68FBEA967]
	(No symbol) [0x00007FF68FBCBCDF]
	(No symbol) [0x00007FF68FBE81E2]
	(No symbol) [0x00007FF68FBCBA43]
	(No symbol) [0x00007FF68FB9D438]
	(No symbol) [0x00007FF68FB9E4D1]
	GetHandleVerifier [0x00007FF6900B6F8D+3711213]
	GetHandleVerifier [0x00007FF6901104CD+4077101]
	GetHandleVerifier [0x00007FF69010865F+4044735]
	GetHandleVerifier [0x00007FF68FDD9736+706710]
	(No symbol) [0x00007FF68FCBB8DF]
	(No symbol) [0x00007FF68FCB6AC4]
	(No symbol) [0x00007FF68FCB6C1C]
	(No symbol) [0x00007FF68FCA68D4]
	BaseThreadInitThunk [0x00007FF9494C257D+29]
	RtlUserThreadStart [0x00007FF94AC4AA58+40]

2024-04-03 16:06:17,913 [INFO] automation Element located by //div[@role='alert' and contains(text(),'success') or contains(text(),'Success')] is present.
2024-04-03 16:06:17,914 [INFO] automation Test passed.
