2024-03-21 14:45:58,428 [INFO] automation Test has started.
2024-03-21 14:45:58,428 [INFO] automation Navigating to the https://chorusqa.cogninelabs.com/
2024-03-21 14:46:19,020 [ERROR] automation Element located by i0116 is not present. Message: no such element: Unable to locate element: {"method":"css selector","selector":"[id="i0116"]"}
  (Session info: chrome=122.0.6261.129); For documentation on this error, please visit: https://www.selenium.dev/documentation/webdriver/troubleshooting/errors#no-such-element-exception
Stacktrace:
	GetHandleVerifier [0x00007FF7C468AD02+56930]
	(No symbol) [0x00007FF7C45FF602]
	(No symbol) [0x00007FF7C44B42E5]
	(No symbol) [0x00007FF7C44F98ED]
	(No symbol) [0x00007FF7C44F9A2C]
	(No symbol) [0x00007FF7C453A967]
	(No symbol) [0x00007FF7C451BCDF]
	(No symbol) [0x00007FF7C45381E2]
	(No symbol) [0x00007FF7C451BA43]
	(No symbol) [0x00007FF7C44ED438]
	(No symbol) [0x00007FF7C44EE4D1]
	GetHandleVerifier [0x00007FF7C4A06F8D+3711213]
	GetHandleVerifier [0x00007FF7C4A604CD+4077101]
	GetHandleVerifier [0x00007FF7C4A5865F+4044735]
	GetHandleVerifier [0x00007FF7C4729736+706710]
	(No symbol) [0x00007FF7C460B8DF]
	(No symbol) [0x00007FF7C4606AC4]
	(No symbol) [0x00007FF7C4606C1C]
	(No symbol) [0x00007FF7C45F68D4]
	BaseThreadInitThunk [0x00007FFC367A257D+29]
	RtlUserThreadStart [0x00007FFC3736AA58+40]

2024-03-21 14:46:19,087 [ERROR] automation Element located by i0116 is not present. Message: no such element: Unable to locate element: {"method":"css selector","selector":"[id="i0116"]"}
  (Session info: chrome=122.0.6261.129); For documentation on this error, please visit: https://www.selenium.dev/documentation/webdriver/troubleshooting/errors#no-such-element-exception
Stacktrace:
	GetHandleVerifier [0x00007FF7C468AD02+56930]
	(No symbol) [0x00007FF7C45FF602]
	(No symbol) [0x00007FF7C44B42E5]
	(No symbol) [0x00007FF7C44F98ED]
	(No symbol) [0x00007FF7C44F9A2C]
	(No symbol) [0x00007FF7C453A967]
	(No symbol) [0x00007FF7C451BCDF]
	(No symbol) [0x00007FF7C45381E2]
	(No symbol) [0x00007FF7C451BA43]
	(No symbol) [0x00007FF7C44ED438]
	(No symbol) [0x00007FF7C44EE4D1]
	GetHandleVerifier [0x00007FF7C4A06F8D+3711213]
	GetHandleVerifier [0x00007FF7C4A604CD+4077101]
	GetHandleVerifier [0x00007FF7C4A5865F+4044735]
	GetHandleVerifier [0x00007FF7C4729736+706710]
	(No symbol) [0x00007FF7C460B8DF]
	(No symbol) [0x00007FF7C4606AC4]
	(No symbol) [0x00007FF7C4606C1C]
	(No symbol) [0x00007FF7C45F68D4]
	BaseThreadInitThunk [0x00007FFC367A257D+29]
	RtlUserThreadStart [0x00007FFC3736AA58+40]

2024-03-21 14:46:19,157 [ERROR] automation Element located by i0116 is not present. Message: no such element: Unable to locate element: {"method":"css selector","selector":"[id="i0116"]"}
  (Session info: chrome=122.0.6261.129); For documentation on this error, please visit: https://www.selenium.dev/documentation/webdriver/troubleshooting/errors#no-such-element-exception
Stacktrace:
	GetHandleVerifier [0x00007FF7C468AD02+56930]
	(No symbol) [0x00007FF7C45FF602]
	(No symbol) [0x00007FF7C44B42E5]
	(No symbol) [0x00007FF7C44F98ED]
	(No symbol) [0x00007FF7C44F9A2C]
	(No symbol) [0x00007FF7C453A967]
	(No symbol) [0x00007FF7C451BCDF]
	(No symbol) [0x00007FF7C45381E2]
	(No symbol) [0x00007FF7C451BA43]
	(No symbol) [0x00007FF7C44ED438]
	(No symbol) [0x00007FF7C44EE4D1]
	GetHandleVerifier [0x00007FF7C4A06F8D+3711213]
	GetHandleVerifier [0x00007FF7C4A604CD+4077101]
	GetHandleVerifier [0x00007FF7C4A5865F+4044735]
	GetHandleVerifier [0x00007FF7C4729736+706710]
	(No symbol) [0x00007FF7C460B8DF]
	(No symbol) [0x00007FF7C4606AC4]
	(No symbol) [0x00007FF7C4606C1C]
	(No symbol) [0x00007FF7C45F68D4]
	BaseThreadInitThunk [0x00007FFC367A257D+29]
	RtlUserThreadStart [0x00007FFC3736AA58+40]

2024-03-21 14:46:19,224 [ERROR] automation Element located by i0116 is not present. Message: no such element: Unable to locate element: {"method":"css selector","selector":"[id="i0116"]"}
  (Session info: chrome=122.0.6261.129); For documentation on this error, please visit: https://www.selenium.dev/documentation/webdriver/troubleshooting/errors#no-such-element-exception
Stacktrace:
	GetHandleVerifier [0x00007FF7C468AD02+56930]
	(No symbol) [0x00007FF7C45FF602]
	(No symbol) [0x00007FF7C44B42E5]
	(No symbol) [0x00007FF7C44F98ED]
	(No symbol) [0x00007FF7C44F9A2C]
	(No symbol) [0x00007FF7C453A967]
	(No symbol) [0x00007FF7C451BCDF]
	(No symbol) [0x00007FF7C45381E2]
	(No symbol) [0x00007FF7C451BA43]
	(No symbol) [0x00007FF7C44ED438]
	(No symbol) [0x00007FF7C44EE4D1]
	GetHandleVerifier [0x00007FF7C4A06F8D+3711213]
	GetHandleVerifier [0x00007FF7C4A604CD+4077101]
	GetHandleVerifier [0x00007FF7C4A5865F+4044735]
	GetHandleVerifier [0x00007FF7C4729736+706710]
	(No symbol) [0x00007FF7C460B8DF]
	(No symbol) [0x00007FF7C4606AC4]
	(No symbol) [0x00007FF7C4606C1C]
	(No symbol) [0x00007FF7C45F68D4]
	BaseThreadInitThunk [0x00007FFC367A257D+29]
	RtlUserThreadStart [0x00007FFC3736AA58+40]

2024-03-21 14:46:19,296 [ERROR] automation Element located by i0116 is not present. Message: no such element: Unable to locate element: {"method":"css selector","selector":"[id="i0116"]"}
  (Session info: chrome=122.0.6261.129); For documentation on this error, please visit: https://www.selenium.dev/documentation/webdriver/troubleshooting/errors#no-such-element-exception
Stacktrace:
	GetHandleVerifier [0x00007FF7C468AD02+56930]
	(No symbol) [0x00007FF7C45FF602]
	(No symbol) [0x00007FF7C44B42E5]
	(No symbol) [0x00007FF7C44F98ED]
	(No symbol) [0x00007FF7C44F9A2C]
	(No symbol) [0x00007FF7C453A967]
	(No symbol) [0x00007FF7C451BCDF]
	(No symbol) [0x00007FF7C45381E2]
	(No symbol) [0x00007FF7C451BA43]
	(No symbol) [0x00007FF7C44ED438]
	(No symbol) [0x00007FF7C44EE4D1]
	GetHandleVerifier [0x00007FF7C4A06F8D+3711213]
	GetHandleVerifier [0x00007FF7C4A604CD+4077101]
	GetHandleVerifier [0x00007FF7C4A5865F+4044735]
	GetHandleVerifier [0x00007FF7C4729736+706710]
	(No symbol) [0x00007FF7C460B8DF]
	(No symbol) [0x00007FF7C4606AC4]
	(No symbol) [0x00007FF7C4606C1C]
	(No symbol) [0x00007FF7C45F68D4]
	BaseThreadInitThunk [0x00007FFC367A257D+29]
	RtlUserThreadStart [0x00007FFC3736AA58+40]

2024-03-21 14:46:19,367 [ERROR] automation Element located by i0116 is not present. Message: no such element: Unable to locate element: {"method":"css selector","selector":"[id="i0116"]"}
  (Session info: chrome=122.0.6261.129); For documentation on this error, please visit: https://www.selenium.dev/documentation/webdriver/troubleshooting/errors#no-such-element-exception
Stacktrace:
	GetHandleVerifier [0x00007FF7C468AD02+56930]
	(No symbol) [0x00007FF7C45FF602]
	(No symbol) [0x00007FF7C44B42E5]
	(No symbol) [0x00007FF7C44F98ED]
	(No symbol) [0x00007FF7C44F9A2C]
	(No symbol) [0x00007FF7C453A967]
	(No symbol) [0x00007FF7C451BCDF]
	(No symbol) [0x00007FF7C45381E2]
	(No symbol) [0x00007FF7C451BA43]
	(No symbol) [0x00007FF7C44ED438]
	(No symbol) [0x00007FF7C44EE4D1]
	GetHandleVerifier [0x00007FF7C4A06F8D+3711213]
	GetHandleVerifier [0x00007FF7C4A604CD+4077101]
	GetHandleVerifier [0x00007FF7C4A5865F+4044735]
	GetHandleVerifier [0x00007FF7C4729736+706710]
	(No symbol) [0x00007FF7C460B8DF]
	(No symbol) [0x00007FF7C4606AC4]
	(No symbol) [0x00007FF7C4606C1C]
	(No symbol) [0x00007FF7C45F68D4]
	BaseThreadInitThunk [0x00007FFC367A257D+29]
	RtlUserThreadStart [0x00007FFC3736AA58+40]

2024-03-21 14:46:19,437 [ERROR] automation Element located by i0116 is not present. Message: no such element: Unable to locate element: {"method":"css selector","selector":"[id="i0116"]"}
  (Session info: chrome=122.0.6261.129); For documentation on this error, please visit: https://www.selenium.dev/documentation/webdriver/troubleshooting/errors#no-such-element-exception
Stacktrace:
	GetHandleVerifier [0x00007FF7C468AD02+56930]
	(No symbol) [0x00007FF7C45FF602]
	(No symbol) [0x00007FF7C44B42E5]
	(No symbol) [0x00007FF7C44F98ED]
	(No symbol) [0x00007FF7C44F9A2C]
	(No symbol) [0x00007FF7C453A967]
	(No symbol) [0x00007FF7C451BCDF]
	(No symbol) [0x00007FF7C45381E2]
	(No symbol) [0x00007FF7C451BA43]
	(No symbol) [0x00007FF7C44ED438]
	(No symbol) [0x00007FF7C44EE4D1]
	GetHandleVerifier [0x00007FF7C4A06F8D+3711213]
	GetHandleVerifier [0x00007FF7C4A604CD+4077101]
	GetHandleVerifier [0x00007FF7C4A5865F+4044735]
	GetHandleVerifier [0x00007FF7C4729736+706710]
	(No symbol) [0x00007FF7C460B8DF]
	(No symbol) [0x00007FF7C4606AC4]
	(No symbol) [0x00007FF7C4606C1C]
	(No symbol) [0x00007FF7C45F68D4]
	BaseThreadInitThunk [0x00007FFC367A257D+29]
	RtlUserThreadStart [0x00007FFC3736AA58+40]

2024-03-21 14:46:19,513 [ERROR] automation Element located by i0116 is not present. Message: no such element: Unable to locate element: {"method":"css selector","selector":"[id="i0116"]"}
  (Session info: chrome=122.0.6261.129); For documentation on this error, please visit: https://www.selenium.dev/documentation/webdriver/troubleshooting/errors#no-such-element-exception
Stacktrace:
	GetHandleVerifier [0x00007FF7C468AD02+56930]
	(No symbol) [0x00007FF7C45FF602]
	(No symbol) [0x00007FF7C44B42E5]
	(No symbol) [0x00007FF7C44F98ED]
	(No symbol) [0x00007FF7C44F9A2C]
	(No symbol) [0x00007FF7C453A967]
	(No symbol) [0x00007FF7C451BCDF]
	(No symbol) [0x00007FF7C45381E2]
	(No symbol) [0x00007FF7C451BA43]
	(No symbol) [0x00007FF7C44ED438]
	(No symbol) [0x00007FF7C44EE4D1]
	GetHandleVerifier [0x00007FF7C4A06F8D+3711213]
	GetHandleVerifier [0x00007FF7C4A604CD+4077101]
	GetHandleVerifier [0x00007FF7C4A5865F+4044735]
	GetHandleVerifier [0x00007FF7C4729736+706710]
	(No symbol) [0x00007FF7C460B8DF]
	(No symbol) [0x00007FF7C4606AC4]
	(No symbol) [0x00007FF7C4606C1C]
	(No symbol) [0x00007FF7C45F68D4]
	BaseThreadInitThunk [0x00007FFC367A257D+29]
	RtlUserThreadStart [0x00007FFC3736AA58+40]

2024-03-21 14:46:19,585 [ERROR] automation Element located by i0116 is not present. Message: no such element: Unable to locate element: {"method":"css selector","selector":"[id="i0116"]"}
  (Session info: chrome=122.0.6261.129); For documentation on this error, please visit: https://www.selenium.dev/documentation/webdriver/troubleshooting/errors#no-such-element-exception
Stacktrace:
	GetHandleVerifier [0x00007FF7C468AD02+56930]
	(No symbol) [0x00007FF7C45FF602]
	(No symbol) [0x00007FF7C44B42E5]
	(No symbol) [0x00007FF7C44F98ED]
	(No symbol) [0x00007FF7C44F9A2C]
	(No symbol) [0x00007FF7C453A967]
	(No symbol) [0x00007FF7C451BCDF]
	(No symbol) [0x00007FF7C45381E2]
	(No symbol) [0x00007FF7C451BA43]
	(No symbol) [0x00007FF7C44ED438]
	(No symbol) [0x00007FF7C44EE4D1]
	GetHandleVerifier [0x00007FF7C4A06F8D+3711213]
	GetHandleVerifier [0x00007FF7C4A604CD+4077101]
	GetHandleVerifier [0x00007FF7C4A5865F+4044735]
	GetHandleVerifier [0x00007FF7C4729736+706710]
	(No symbol) [0x00007FF7C460B8DF]
	(No symbol) [0x00007FF7C4606AC4]
	(No symbol) [0x00007FF7C4606C1C]
	(No symbol) [0x00007FF7C45F68D4]
	BaseThreadInitThunk [0x00007FFC367A257D+29]
	RtlUserThreadStart [0x00007FFC3736AA58+40]

2024-03-21 14:46:19,655 [ERROR] automation Element located by i0116 is not present. Message: no such element: Unable to locate element: {"method":"css selector","selector":"[id="i0116"]"}
  (Session info: chrome=122.0.6261.129); For documentation on this error, please visit: https://www.selenium.dev/documentation/webdriver/troubleshooting/errors#no-such-element-exception
Stacktrace:
	GetHandleVerifier [0x00007FF7C468AD02+56930]
	(No symbol) [0x00007FF7C45FF602]
	(No symbol) [0x00007FF7C44B42E5]
	(No symbol) [0x00007FF7C44F98ED]
	(No symbol) [0x00007FF7C44F9A2C]
	(No symbol) [0x00007FF7C453A967]
	(No symbol) [0x00007FF7C451BCDF]
	(No symbol) [0x00007FF7C45381E2]
	(No symbol) [0x00007FF7C451BA43]
	(No symbol) [0x00007FF7C44ED438]
	(No symbol) [0x00007FF7C44EE4D1]
	GetHandleVerifier [0x00007FF7C4A06F8D+3711213]
	GetHandleVerifier [0x00007FF7C4A604CD+4077101]
	GetHandleVerifier [0x00007FF7C4A5865F+4044735]
	GetHandleVerifier [0x00007FF7C4729736+706710]
	(No symbol) [0x00007FF7C460B8DF]
	(No symbol) [0x00007FF7C4606AC4]
	(No symbol) [0x00007FF7C4606C1C]
	(No symbol) [0x00007FF7C45F68D4]
	BaseThreadInitThunk [0x00007FFC367A257D+29]
	RtlUserThreadStart [0x00007FFC3736AA58+40]

2024-03-21 14:46:19,719 [ERROR] automation Element located by i0116 is not present. Message: no such element: Unable to locate element: {"method":"css selector","selector":"[id="i0116"]"}
  (Session info: chrome=122.0.6261.129); For documentation on this error, please visit: https://www.selenium.dev/documentation/webdriver/troubleshooting/errors#no-such-element-exception
Stacktrace:
	GetHandleVerifier [0x00007FF7C468AD02+56930]
	(No symbol) [0x00007FF7C45FF602]
	(No symbol) [0x00007FF7C44B42E5]
	(No symbol) [0x00007FF7C44F98ED]
	(No symbol) [0x00007FF7C44F9A2C]
	(No symbol) [0x00007FF7C453A967]
	(No symbol) [0x00007FF7C451BCDF]
	(No symbol) [0x00007FF7C45381E2]
	(No symbol) [0x00007FF7C451BA43]
	(No symbol) [0x00007FF7C44ED438]
	(No symbol) [0x00007FF7C44EE4D1]
	GetHandleVerifier [0x00007FF7C4A06F8D+3711213]
	GetHandleVerifier [0x00007FF7C4A604CD+4077101]
	GetHandleVerifier [0x00007FF7C4A5865F+4044735]
	GetHandleVerifier [0x00007FF7C4729736+706710]
	(No symbol) [0x00007FF7C460B8DF]
	(No symbol) [0x00007FF7C4606AC4]
	(No symbol) [0x00007FF7C4606C1C]
	(No symbol) [0x00007FF7C45F68D4]
	BaseThreadInitThunk [0x00007FFC367A257D+29]
	RtlUserThreadStart [0x00007FFC3736AA58+40]

2024-03-21 14:46:21,081 [ERROR] automation Element located by i0116 is not present. Message: no such element: Unable to locate element: {"method":"css selector","selector":"[id="i0116"]"}
  (Session info: chrome=122.0.6261.129); For documentation on this error, please visit: https://www.selenium.dev/documentation/webdriver/troubleshooting/errors#no-such-element-exception
Stacktrace:
	GetHandleVerifier [0x00007FF7C468AD02+56930]
	(No symbol) [0x00007FF7C45FF602]
	(No symbol) [0x00007FF7C44B42E5]
	(No symbol) [0x00007FF7C44F98ED]
	(No symbol) [0x00007FF7C44F9A2C]
	(No symbol) [0x00007FF7C453A967]
	(No symbol) [0x00007FF7C451BCDF]
	(No symbol) [0x00007FF7C45381E2]
	(No symbol) [0x00007FF7C451BA43]
	(No symbol) [0x00007FF7C44ED438]
	(No symbol) [0x00007FF7C44EE4D1]
	GetHandleVerifier [0x00007FF7C4A06F8D+3711213]
	GetHandleVerifier [0x00007FF7C4A604CD+4077101]
	GetHandleVerifier [0x00007FF7C4A5865F+4044735]
	GetHandleVerifier [0x00007FF7C4729736+706710]
	(No symbol) [0x00007FF7C460B8DF]
	(No symbol) [0x00007FF7C4606AC4]
	(No symbol) [0x00007FF7C4606C1C]
	(No symbol) [0x00007FF7C45F68D4]
	BaseThreadInitThunk [0x00007FFC367A257D+29]
	RtlUserThreadStart [0x00007FFC3736AA58+40]

2024-03-21 14:46:21,149 [ERROR] automation Element located by i0116 is not present. Message: no such element: Unable to locate element: {"method":"css selector","selector":"[id="i0116"]"}
  (Session info: chrome=122.0.6261.129); For documentation on this error, please visit: https://www.selenium.dev/documentation/webdriver/troubleshooting/errors#no-such-element-exception
Stacktrace:
	GetHandleVerifier [0x00007FF7C468AD02+56930]
	(No symbol) [0x00007FF7C45FF602]
	(No symbol) [0x00007FF7C44B42E5]
	(No symbol) [0x00007FF7C44F98ED]
	(No symbol) [0x00007FF7C44F9A2C]
	(No symbol) [0x00007FF7C453A967]
	(No symbol) [0x00007FF7C451BCDF]
	(No symbol) [0x00007FF7C45381E2]
	(No symbol) [0x00007FF7C451BA43]
	(No symbol) [0x00007FF7C44ED438]
	(No symbol) [0x00007FF7C44EE4D1]
	GetHandleVerifier [0x00007FF7C4A06F8D+3711213]
	GetHandleVerifier [0x00007FF7C4A604CD+4077101]
	GetHandleVerifier [0x00007FF7C4A5865F+4044735]
	GetHandleVerifier [0x00007FF7C4729736+706710]
	(No symbol) [0x00007FF7C460B8DF]
	(No symbol) [0x00007FF7C4606AC4]
	(No symbol) [0x00007FF7C4606C1C]
	(No symbol) [0x00007FF7C45F68D4]
	BaseThreadInitThunk [0x00007FFC367A257D+29]
	RtlUserThreadStart [0x00007FFC3736AA58+40]

2024-03-21 14:46:21,212 [ERROR] automation Element located by i0116 is not present. Message: no such element: Unable to locate element: {"method":"css selector","selector":"[id="i0116"]"}
  (Session info: chrome=122.0.6261.129); For documentation on this error, please visit: https://www.selenium.dev/documentation/webdriver/troubleshooting/errors#no-such-element-exception
Stacktrace:
	GetHandleVerifier [0x00007FF7C468AD02+56930]
	(No symbol) [0x00007FF7C45FF602]
	(No symbol) [0x00007FF7C44B42E5]
	(No symbol) [0x00007FF7C44F98ED]
	(No symbol) [0x00007FF7C44F9A2C]
	(No symbol) [0x00007FF7C453A967]
	(No symbol) [0x00007FF7C451BCDF]
	(No symbol) [0x00007FF7C45381E2]
	(No symbol) [0x00007FF7C451BA43]
	(No symbol) [0x00007FF7C44ED438]
	(No symbol) [0x00007FF7C44EE4D1]
	GetHandleVerifier [0x00007FF7C4A06F8D+3711213]
	GetHandleVerifier [0x00007FF7C4A604CD+4077101]
	GetHandleVerifier [0x00007FF7C4A5865F+4044735]
	GetHandleVerifier [0x00007FF7C4729736+706710]
	(No symbol) [0x00007FF7C460B8DF]
	(No symbol) [0x00007FF7C4606AC4]
	(No symbol) [0x00007FF7C4606C1C]
	(No symbol) [0x00007FF7C45F68D4]
	BaseThreadInitThunk [0x00007FFC367A257D+29]
	RtlUserThreadStart [0x00007FFC3736AA58+40]

2024-03-21 14:46:21,458 [INFO] automation Element located by i0116 is present.
2024-03-21 14:46:28,926 [INFO] automation Element located by //div[@class='logo'] is present.
2024-03-21 14:46:43,929 [ERROR] automation Element located by //div[@class='tableFixHead']/table/tbody/tr[contains(@class,'even_col')][1] is not present. Message: no such element: Unable to locate element: {"method":"xpath","selector":"//div[@class='tableFixHead']/table/tbody/tr[contains(@class,'even_col')][1]"}
  (Session info: chrome=122.0.6261.129); For documentation on this error, please visit: https://www.selenium.dev/documentation/webdriver/troubleshooting/errors#no-such-element-exception
Stacktrace:
	GetHandleVerifier [0x00007FF7C468AD02+56930]
	(No symbol) [0x00007FF7C45FF602]
	(No symbol) [0x00007FF7C44B42E5]
	(No symbol) [0x00007FF7C44F98ED]
	(No symbol) [0x00007FF7C44F9A2C]
	(No symbol) [0x00007FF7C453A967]
	(No symbol) [0x00007FF7C451BCDF]
	(No symbol) [0x00007FF7C45381E2]
	(No symbol) [0x00007FF7C451BA43]
	(No symbol) [0x00007FF7C44ED438]
	(No symbol) [0x00007FF7C44EE4D1]
	GetHandleVerifier [0x00007FF7C4A06F8D+3711213]
	GetHandleVerifier [0x00007FF7C4A604CD+4077101]
	GetHandleVerifier [0x00007FF7C4A5865F+4044735]
	GetHandleVerifier [0x00007FF7C4729736+706710]
	(No symbol) [0x00007FF7C460B8DF]
	(No symbol) [0x00007FF7C4606AC4]
	(No symbol) [0x00007FF7C4606C1C]
	(No symbol) [0x00007FF7C45F68D4]
	BaseThreadInitThunk [0x00007FFC367A257D+29]
	RtlUserThreadStart [0x00007FFC3736AA58+40]

2024-03-21 14:46:44,057 [INFO] automation Element located by //div[@class='tableFixHead']/table/tbody/tr[contains(@class,'even_col')][1] is present.
2024-03-21 14:46:44,744 [INFO] automation CPU Percent: 37.0	Virtual Memory: svmem(total=12635017216, available=956231680, percent=92.4, used=11678785536, free=956231680)
2024-03-21 14:46:44,914 [INFO] automation screenshot logged as: C:\Users\Thanusha Kotaprolu\Automation Projects\cognine-crm-automation\RunExecutionScripts\common\logs\screenshots\test_crm_bulkemail_page_smoke_test__fail21144644a7ea.png
2024-03-21 14:46:44,915 [ERROR] automation Test failed.
