2024-03-26 16:00:15,549 [INFO] automation Test has started.
2024-03-26 16:00:15,550 [INFO] automation Navigating to the https://chorusqa.cogninelabs.com/
2024-03-26 16:00:19,826 [ERROR] automation Element located by i0116 is not present. Message: no such element: Unable to locate element: {"method":"css selector","selector":"[id="i0116"]"}
  (Session info: chrome=122.0.6261.131); For documentation on this error, please visit: https://www.selenium.dev/documentation/webdriver/troubleshooting/errors#no-such-element-exception
Stacktrace:
	GetHandleVerifier [0x00007FF69A42AD02+56930]
	(No symbol) [0x00007FF69A39F602]
	(No symbol) [0x00007FF69A2542E5]
	(No symbol) [0x00007FF69A2998ED]
	(No symbol) [0x00007FF69A299A2C]
	(No symbol) [0x00007FF69A2DA967]
	(No symbol) [0x00007FF69A2BBCDF]
	(No symbol) [0x00007FF69A2D81E2]
	(No symbol) [0x00007FF69A2BBA43]
	(No symbol) [0x00007FF69A28D438]
	(No symbol) [0x00007FF69A28E4D1]
	GetHandleVerifier [0x00007FF69A7A6F8D+3711213]
	GetHandleVerifier [0x00007FF69A8004CD+4077101]
	GetHandleVerifier [0x00007FF69A7F865F+4044735]
	GetHandleVerifier [0x00007FF69A4C9736+706710]
	(No symbol) [0x00007FF69A3AB8DF]
	(No symbol) [0x00007FF69A3A6AC4]
	(No symbol) [0x00007FF69A3A6C1C]
	(No symbol) [0x00007FF69A3968D4]
	BaseThreadInitThunk [0x00007FF9494C257D+29]
	RtlUserThreadStart [0x00007FF94AC4AA58+40]

2024-03-26 16:00:19,902 [ERROR] automation Element located by i0116 is not present. Message: no such element: Unable to locate element: {"method":"css selector","selector":"[id="i0116"]"}
  (Session info: chrome=122.0.6261.131); For documentation on this error, please visit: https://www.selenium.dev/documentation/webdriver/troubleshooting/errors#no-such-element-exception
Stacktrace:
	GetHandleVerifier [0x00007FF69A42AD02+56930]
	(No symbol) [0x00007FF69A39F602]
	(No symbol) [0x00007FF69A2542E5]
	(No symbol) [0x00007FF69A2998ED]
	(No symbol) [0x00007FF69A299A2C]
	(No symbol) [0x00007FF69A2DA967]
	(No symbol) [0x00007FF69A2BBCDF]
	(No symbol) [0x00007FF69A2D81E2]
	(No symbol) [0x00007FF69A2BBA43]
	(No symbol) [0x00007FF69A28D438]
	(No symbol) [0x00007FF69A28E4D1]
	GetHandleVerifier [0x00007FF69A7A6F8D+3711213]
	GetHandleVerifier [0x00007FF69A8004CD+4077101]
	GetHandleVerifier [0x00007FF69A7F865F+4044735]
	GetHandleVerifier [0x00007FF69A4C9736+706710]
	(No symbol) [0x00007FF69A3AB8DF]
	(No symbol) [0x00007FF69A3A6AC4]
	(No symbol) [0x00007FF69A3A6C1C]
	(No symbol) [0x00007FF69A3968D4]
	BaseThreadInitThunk [0x00007FF9494C257D+29]
	RtlUserThreadStart [0x00007FF94AC4AA58+40]

2024-03-26 16:00:19,969 [ERROR] automation Element located by i0116 is not present. Message: no such element: Unable to locate element: {"method":"css selector","selector":"[id="i0116"]"}
  (Session info: chrome=122.0.6261.131); For documentation on this error, please visit: https://www.selenium.dev/documentation/webdriver/troubleshooting/errors#no-such-element-exception
Stacktrace:
	GetHandleVerifier [0x00007FF69A42AD02+56930]
	(No symbol) [0x00007FF69A39F602]
	(No symbol) [0x00007FF69A2542E5]
	(No symbol) [0x00007FF69A2998ED]
	(No symbol) [0x00007FF69A299A2C]
	(No symbol) [0x00007FF69A2DA967]
	(No symbol) [0x00007FF69A2BBCDF]
	(No symbol) [0x00007FF69A2D81E2]
	(No symbol) [0x00007FF69A2BBA43]
	(No symbol) [0x00007FF69A28D438]
	(No symbol) [0x00007FF69A28E4D1]
	GetHandleVerifier [0x00007FF69A7A6F8D+3711213]
	GetHandleVerifier [0x00007FF69A8004CD+4077101]
	GetHandleVerifier [0x00007FF69A7F865F+4044735]
	GetHandleVerifier [0x00007FF69A4C9736+706710]
	(No symbol) [0x00007FF69A3AB8DF]
	(No symbol) [0x00007FF69A3A6AC4]
	(No symbol) [0x00007FF69A3A6C1C]
	(No symbol) [0x00007FF69A3968D4]
	BaseThreadInitThunk [0x00007FF9494C257D+29]
	RtlUserThreadStart [0x00007FF94AC4AA58+40]

2024-03-26 16:00:20,037 [ERROR] automation Element located by i0116 is not present. Message: no such element: Unable to locate element: {"method":"css selector","selector":"[id="i0116"]"}
  (Session info: chrome=122.0.6261.131); For documentation on this error, please visit: https://www.selenium.dev/documentation/webdriver/troubleshooting/errors#no-such-element-exception
Stacktrace:
	GetHandleVerifier [0x00007FF69A42AD02+56930]
	(No symbol) [0x00007FF69A39F602]
	(No symbol) [0x00007FF69A2542E5]
	(No symbol) [0x00007FF69A2998ED]
	(No symbol) [0x00007FF69A299A2C]
	(No symbol) [0x00007FF69A2DA967]
	(No symbol) [0x00007FF69A2BBCDF]
	(No symbol) [0x00007FF69A2D81E2]
	(No symbol) [0x00007FF69A2BBA43]
	(No symbol) [0x00007FF69A28D438]
	(No symbol) [0x00007FF69A28E4D1]
	GetHandleVerifier [0x00007FF69A7A6F8D+3711213]
	GetHandleVerifier [0x00007FF69A8004CD+4077101]
	GetHandleVerifier [0x00007FF69A7F865F+4044735]
	GetHandleVerifier [0x00007FF69A4C9736+706710]
	(No symbol) [0x00007FF69A3AB8DF]
	(No symbol) [0x00007FF69A3A6AC4]
	(No symbol) [0x00007FF69A3A6C1C]
	(No symbol) [0x00007FF69A3968D4]
	BaseThreadInitThunk [0x00007FF9494C257D+29]
	RtlUserThreadStart [0x00007FF94AC4AA58+40]

2024-03-26 16:00:20,105 [ERROR] automation Element located by i0116 is not present. Message: no such element: Unable to locate element: {"method":"css selector","selector":"[id="i0116"]"}
  (Session info: chrome=122.0.6261.131); For documentation on this error, please visit: https://www.selenium.dev/documentation/webdriver/troubleshooting/errors#no-such-element-exception
Stacktrace:
	GetHandleVerifier [0x00007FF69A42AD02+56930]
	(No symbol) [0x00007FF69A39F602]
	(No symbol) [0x00007FF69A2542E5]
	(No symbol) [0x00007FF69A2998ED]
	(No symbol) [0x00007FF69A299A2C]
	(No symbol) [0x00007FF69A2DA967]
	(No symbol) [0x00007FF69A2BBCDF]
	(No symbol) [0x00007FF69A2D81E2]
	(No symbol) [0x00007FF69A2BBA43]
	(No symbol) [0x00007FF69A28D438]
	(No symbol) [0x00007FF69A28E4D1]
	GetHandleVerifier [0x00007FF69A7A6F8D+3711213]
	GetHandleVerifier [0x00007FF69A8004CD+4077101]
	GetHandleVerifier [0x00007FF69A7F865F+4044735]
	GetHandleVerifier [0x00007FF69A4C9736+706710]
	(No symbol) [0x00007FF69A3AB8DF]
	(No symbol) [0x00007FF69A3A6AC4]
	(No symbol) [0x00007FF69A3A6C1C]
	(No symbol) [0x00007FF69A3968D4]
	BaseThreadInitThunk [0x00007FF9494C257D+29]
	RtlUserThreadStart [0x00007FF94AC4AA58+40]

2024-03-26 16:00:20,172 [ERROR] automation Element located by i0116 is not present. Message: no such element: Unable to locate element: {"method":"css selector","selector":"[id="i0116"]"}
  (Session info: chrome=122.0.6261.131); For documentation on this error, please visit: https://www.selenium.dev/documentation/webdriver/troubleshooting/errors#no-such-element-exception
Stacktrace:
	GetHandleVerifier [0x00007FF69A42AD02+56930]
	(No symbol) [0x00007FF69A39F602]
	(No symbol) [0x00007FF69A2542E5]
	(No symbol) [0x00007FF69A2998ED]
	(No symbol) [0x00007FF69A299A2C]
	(No symbol) [0x00007FF69A2DA967]
	(No symbol) [0x00007FF69A2BBCDF]
	(No symbol) [0x00007FF69A2D81E2]
	(No symbol) [0x00007FF69A2BBA43]
	(No symbol) [0x00007FF69A28D438]
	(No symbol) [0x00007FF69A28E4D1]
	GetHandleVerifier [0x00007FF69A7A6F8D+3711213]
	GetHandleVerifier [0x00007FF69A8004CD+4077101]
	GetHandleVerifier [0x00007FF69A7F865F+4044735]
	GetHandleVerifier [0x00007FF69A4C9736+706710]
	(No symbol) [0x00007FF69A3AB8DF]
	(No symbol) [0x00007FF69A3A6AC4]
	(No symbol) [0x00007FF69A3A6C1C]
	(No symbol) [0x00007FF69A3968D4]
	BaseThreadInitThunk [0x00007FF9494C257D+29]
	RtlUserThreadStart [0x00007FF94AC4AA58+40]

2024-03-26 16:00:20,240 [ERROR] automation Element located by i0116 is not present. Message: no such element: Unable to locate element: {"method":"css selector","selector":"[id="i0116"]"}
  (Session info: chrome=122.0.6261.131); For documentation on this error, please visit: https://www.selenium.dev/documentation/webdriver/troubleshooting/errors#no-such-element-exception
Stacktrace:
	GetHandleVerifier [0x00007FF69A42AD02+56930]
	(No symbol) [0x00007FF69A39F602]
	(No symbol) [0x00007FF69A2542E5]
	(No symbol) [0x00007FF69A2998ED]
	(No symbol) [0x00007FF69A299A2C]
	(No symbol) [0x00007FF69A2DA967]
	(No symbol) [0x00007FF69A2BBCDF]
	(No symbol) [0x00007FF69A2D81E2]
	(No symbol) [0x00007FF69A2BBA43]
	(No symbol) [0x00007FF69A28D438]
	(No symbol) [0x00007FF69A28E4D1]
	GetHandleVerifier [0x00007FF69A7A6F8D+3711213]
	GetHandleVerifier [0x00007FF69A8004CD+4077101]
	GetHandleVerifier [0x00007FF69A7F865F+4044735]
	GetHandleVerifier [0x00007FF69A4C9736+706710]
	(No symbol) [0x00007FF69A3AB8DF]
	(No symbol) [0x00007FF69A3A6AC4]
	(No symbol) [0x00007FF69A3A6C1C]
	(No symbol) [0x00007FF69A3968D4]
	BaseThreadInitThunk [0x00007FF9494C257D+29]
	RtlUserThreadStart [0x00007FF94AC4AA58+40]

2024-03-26 16:00:20,309 [ERROR] automation Element located by i0116 is not present. Message: no such element: Unable to locate element: {"method":"css selector","selector":"[id="i0116"]"}
  (Session info: chrome=122.0.6261.131); For documentation on this error, please visit: https://www.selenium.dev/documentation/webdriver/troubleshooting/errors#no-such-element-exception
Stacktrace:
	GetHandleVerifier [0x00007FF69A42AD02+56930]
	(No symbol) [0x00007FF69A39F602]
	(No symbol) [0x00007FF69A2542E5]
	(No symbol) [0x00007FF69A2998ED]
	(No symbol) [0x00007FF69A299A2C]
	(No symbol) [0x00007FF69A2DA967]
	(No symbol) [0x00007FF69A2BBCDF]
	(No symbol) [0x00007FF69A2D81E2]
	(No symbol) [0x00007FF69A2BBA43]
	(No symbol) [0x00007FF69A28D438]
	(No symbol) [0x00007FF69A28E4D1]
	GetHandleVerifier [0x00007FF69A7A6F8D+3711213]
	GetHandleVerifier [0x00007FF69A8004CD+4077101]
	GetHandleVerifier [0x00007FF69A7F865F+4044735]
	GetHandleVerifier [0x00007FF69A4C9736+706710]
	(No symbol) [0x00007FF69A3AB8DF]
	(No symbol) [0x00007FF69A3A6AC4]
	(No symbol) [0x00007FF69A3A6C1C]
	(No symbol) [0x00007FF69A3968D4]
	BaseThreadInitThunk [0x00007FF9494C257D+29]
	RtlUserThreadStart [0x00007FF94AC4AA58+40]

2024-03-26 16:00:20,376 [ERROR] automation Element located by i0116 is not present. Message: no such element: Unable to locate element: {"method":"css selector","selector":"[id="i0116"]"}
  (Session info: chrome=122.0.6261.131); For documentation on this error, please visit: https://www.selenium.dev/documentation/webdriver/troubleshooting/errors#no-such-element-exception
Stacktrace:
	GetHandleVerifier [0x00007FF69A42AD02+56930]
	(No symbol) [0x00007FF69A39F602]
	(No symbol) [0x00007FF69A2542E5]
	(No symbol) [0x00007FF69A2998ED]
	(No symbol) [0x00007FF69A299A2C]
	(No symbol) [0x00007FF69A2DA967]
	(No symbol) [0x00007FF69A2BBCDF]
	(No symbol) [0x00007FF69A2D81E2]
	(No symbol) [0x00007FF69A2BBA43]
	(No symbol) [0x00007FF69A28D438]
	(No symbol) [0x00007FF69A28E4D1]
	GetHandleVerifier [0x00007FF69A7A6F8D+3711213]
	GetHandleVerifier [0x00007FF69A8004CD+4077101]
	GetHandleVerifier [0x00007FF69A7F865F+4044735]
	GetHandleVerifier [0x00007FF69A4C9736+706710]
	(No symbol) [0x00007FF69A3AB8DF]
	(No symbol) [0x00007FF69A3A6AC4]
	(No symbol) [0x00007FF69A3A6C1C]
	(No symbol) [0x00007FF69A3968D4]
	BaseThreadInitThunk [0x00007FF9494C257D+29]
	RtlUserThreadStart [0x00007FF94AC4AA58+40]

2024-03-26 16:00:20,444 [ERROR] automation Element located by i0116 is not present. Message: no such element: Unable to locate element: {"method":"css selector","selector":"[id="i0116"]"}
  (Session info: chrome=122.0.6261.131); For documentation on this error, please visit: https://www.selenium.dev/documentation/webdriver/troubleshooting/errors#no-such-element-exception
Stacktrace:
	GetHandleVerifier [0x00007FF69A42AD02+56930]
	(No symbol) [0x00007FF69A39F602]
	(No symbol) [0x00007FF69A2542E5]
	(No symbol) [0x00007FF69A2998ED]
	(No symbol) [0x00007FF69A299A2C]
	(No symbol) [0x00007FF69A2DA967]
	(No symbol) [0x00007FF69A2BBCDF]
	(No symbol) [0x00007FF69A2D81E2]
	(No symbol) [0x00007FF69A2BBA43]
	(No symbol) [0x00007FF69A28D438]
	(No symbol) [0x00007FF69A28E4D1]
	GetHandleVerifier [0x00007FF69A7A6F8D+3711213]
	GetHandleVerifier [0x00007FF69A8004CD+4077101]
	GetHandleVerifier [0x00007FF69A7F865F+4044735]
	GetHandleVerifier [0x00007FF69A4C9736+706710]
	(No symbol) [0x00007FF69A3AB8DF]
	(No symbol) [0x00007FF69A3A6AC4]
	(No symbol) [0x00007FF69A3A6C1C]
	(No symbol) [0x00007FF69A3968D4]
	BaseThreadInitThunk [0x00007FF9494C257D+29]
	RtlUserThreadStart [0x00007FF94AC4AA58+40]

2024-03-26 16:00:20,514 [ERROR] automation Element located by i0116 is not present. Message: no such element: Unable to locate element: {"method":"css selector","selector":"[id="i0116"]"}
  (Session info: chrome=122.0.6261.131); For documentation on this error, please visit: https://www.selenium.dev/documentation/webdriver/troubleshooting/errors#no-such-element-exception
Stacktrace:
	GetHandleVerifier [0x00007FF69A42AD02+56930]
	(No symbol) [0x00007FF69A39F602]
	(No symbol) [0x00007FF69A2542E5]
	(No symbol) [0x00007FF69A2998ED]
	(No symbol) [0x00007FF69A299A2C]
	(No symbol) [0x00007FF69A2DA967]
	(No symbol) [0x00007FF69A2BBCDF]
	(No symbol) [0x00007FF69A2D81E2]
	(No symbol) [0x00007FF69A2BBA43]
	(No symbol) [0x00007FF69A28D438]
	(No symbol) [0x00007FF69A28E4D1]
	GetHandleVerifier [0x00007FF69A7A6F8D+3711213]
	GetHandleVerifier [0x00007FF69A8004CD+4077101]
	GetHandleVerifier [0x00007FF69A7F865F+4044735]
	GetHandleVerifier [0x00007FF69A4C9736+706710]
	(No symbol) [0x00007FF69A3AB8DF]
	(No symbol) [0x00007FF69A3A6AC4]
	(No symbol) [0x00007FF69A3A6C1C]
	(No symbol) [0x00007FF69A3968D4]
	BaseThreadInitThunk [0x00007FF9494C257D+29]
	RtlUserThreadStart [0x00007FF94AC4AA58+40]

2024-03-26 16:00:20,583 [ERROR] automation Element located by i0116 is not present. Message: no such element: Unable to locate element: {"method":"css selector","selector":"[id="i0116"]"}
  (Session info: chrome=122.0.6261.131); For documentation on this error, please visit: https://www.selenium.dev/documentation/webdriver/troubleshooting/errors#no-such-element-exception
Stacktrace:
	GetHandleVerifier [0x00007FF69A42AD02+56930]
	(No symbol) [0x00007FF69A39F602]
	(No symbol) [0x00007FF69A2542E5]
	(No symbol) [0x00007FF69A2998ED]
	(No symbol) [0x00007FF69A299A2C]
	(No symbol) [0x00007FF69A2DA967]
	(No symbol) [0x00007FF69A2BBCDF]
	(No symbol) [0x00007FF69A2D81E2]
	(No symbol) [0x00007FF69A2BBA43]
	(No symbol) [0x00007FF69A28D438]
	(No symbol) [0x00007FF69A28E4D1]
	GetHandleVerifier [0x00007FF69A7A6F8D+3711213]
	GetHandleVerifier [0x00007FF69A8004CD+4077101]
	GetHandleVerifier [0x00007FF69A7F865F+4044735]
	GetHandleVerifier [0x00007FF69A4C9736+706710]
	(No symbol) [0x00007FF69A3AB8DF]
	(No symbol) [0x00007FF69A3A6AC4]
	(No symbol) [0x00007FF69A3A6C1C]
	(No symbol) [0x00007FF69A3968D4]
	BaseThreadInitThunk [0x00007FF9494C257D+29]
	RtlUserThreadStart [0x00007FF94AC4AA58+40]

2024-03-26 16:00:20,651 [ERROR] automation Element located by i0116 is not present. Message: no such element: Unable to locate element: {"method":"css selector","selector":"[id="i0116"]"}
  (Session info: chrome=122.0.6261.131); For documentation on this error, please visit: https://www.selenium.dev/documentation/webdriver/troubleshooting/errors#no-such-element-exception
Stacktrace:
	GetHandleVerifier [0x00007FF69A42AD02+56930]
	(No symbol) [0x00007FF69A39F602]
	(No symbol) [0x00007FF69A2542E5]
	(No symbol) [0x00007FF69A2998ED]
	(No symbol) [0x00007FF69A299A2C]
	(No symbol) [0x00007FF69A2DA967]
	(No symbol) [0x00007FF69A2BBCDF]
	(No symbol) [0x00007FF69A2D81E2]
	(No symbol) [0x00007FF69A2BBA43]
	(No symbol) [0x00007FF69A28D438]
	(No symbol) [0x00007FF69A28E4D1]
	GetHandleVerifier [0x00007FF69A7A6F8D+3711213]
	GetHandleVerifier [0x00007FF69A8004CD+4077101]
	GetHandleVerifier [0x00007FF69A7F865F+4044735]
	GetHandleVerifier [0x00007FF69A4C9736+706710]
	(No symbol) [0x00007FF69A3AB8DF]
	(No symbol) [0x00007FF69A3A6AC4]
	(No symbol) [0x00007FF69A3A6C1C]
	(No symbol) [0x00007FF69A3968D4]
	BaseThreadInitThunk [0x00007FF9494C257D+29]
	RtlUserThreadStart [0x00007FF94AC4AA58+40]

2024-03-26 16:00:20,723 [ERROR] automation Element located by i0116 is not present. Message: no such element: Unable to locate element: {"method":"css selector","selector":"[id="i0116"]"}
  (Session info: chrome=122.0.6261.131); For documentation on this error, please visit: https://www.selenium.dev/documentation/webdriver/troubleshooting/errors#no-such-element-exception
Stacktrace:
	GetHandleVerifier [0x00007FF69A42AD02+56930]
	(No symbol) [0x00007FF69A39F602]
	(No symbol) [0x00007FF69A2542E5]
	(No symbol) [0x00007FF69A2998ED]
	(No symbol) [0x00007FF69A299A2C]
	(No symbol) [0x00007FF69A2DA967]
	(No symbol) [0x00007FF69A2BBCDF]
	(No symbol) [0x00007FF69A2D81E2]
	(No symbol) [0x00007FF69A2BBA43]
	(No symbol) [0x00007FF69A28D438]
	(No symbol) [0x00007FF69A28E4D1]
	GetHandleVerifier [0x00007FF69A7A6F8D+3711213]
	GetHandleVerifier [0x00007FF69A8004CD+4077101]
	GetHandleVerifier [0x00007FF69A7F865F+4044735]
	GetHandleVerifier [0x00007FF69A4C9736+706710]
	(No symbol) [0x00007FF69A3AB8DF]
	(No symbol) [0x00007FF69A3A6AC4]
	(No symbol) [0x00007FF69A3A6C1C]
	(No symbol) [0x00007FF69A3968D4]
	BaseThreadInitThunk [0x00007FF9494C257D+29]
	RtlUserThreadStart [0x00007FF94AC4AA58+40]

2024-03-26 16:00:20,790 [ERROR] automation Element located by i0116 is not present. Message: no such element: Unable to locate element: {"method":"css selector","selector":"[id="i0116"]"}
  (Session info: chrome=122.0.6261.131); For documentation on this error, please visit: https://www.selenium.dev/documentation/webdriver/troubleshooting/errors#no-such-element-exception
Stacktrace:
	GetHandleVerifier [0x00007FF69A42AD02+56930]
	(No symbol) [0x00007FF69A39F602]
	(No symbol) [0x00007FF69A2542E5]
	(No symbol) [0x00007FF69A2998ED]
	(No symbol) [0x00007FF69A299A2C]
	(No symbol) [0x00007FF69A2DA967]
	(No symbol) [0x00007FF69A2BBCDF]
	(No symbol) [0x00007FF69A2D81E2]
	(No symbol) [0x00007FF69A2BBA43]
	(No symbol) [0x00007FF69A28D438]
	(No symbol) [0x00007FF69A28E4D1]
	GetHandleVerifier [0x00007FF69A7A6F8D+3711213]
	GetHandleVerifier [0x00007FF69A8004CD+4077101]
	GetHandleVerifier [0x00007FF69A7F865F+4044735]
	GetHandleVerifier [0x00007FF69A4C9736+706710]
	(No symbol) [0x00007FF69A3AB8DF]
	(No symbol) [0x00007FF69A3A6AC4]
	(No symbol) [0x00007FF69A3A6C1C]
	(No symbol) [0x00007FF69A3968D4]
	BaseThreadInitThunk [0x00007FF9494C257D+29]
	RtlUserThreadStart [0x00007FF94AC4AA58+40]

2024-03-26 16:00:20,857 [ERROR] automation Element located by i0116 is not present. Message: no such element: Unable to locate element: {"method":"css selector","selector":"[id="i0116"]"}
  (Session info: chrome=122.0.6261.131); For documentation on this error, please visit: https://www.selenium.dev/documentation/webdriver/troubleshooting/errors#no-such-element-exception
Stacktrace:
	GetHandleVerifier [0x00007FF69A42AD02+56930]
	(No symbol) [0x00007FF69A39F602]
	(No symbol) [0x00007FF69A2542E5]
	(No symbol) [0x00007FF69A2998ED]
	(No symbol) [0x00007FF69A299A2C]
	(No symbol) [0x00007FF69A2DA967]
	(No symbol) [0x00007FF69A2BBCDF]
	(No symbol) [0x00007FF69A2D81E2]
	(No symbol) [0x00007FF69A2BBA43]
	(No symbol) [0x00007FF69A28D438]
	(No symbol) [0x00007FF69A28E4D1]
	GetHandleVerifier [0x00007FF69A7A6F8D+3711213]
	GetHandleVerifier [0x00007FF69A8004CD+4077101]
	GetHandleVerifier [0x00007FF69A7F865F+4044735]
	GetHandleVerifier [0x00007FF69A4C9736+706710]
	(No symbol) [0x00007FF69A3AB8DF]
	(No symbol) [0x00007FF69A3A6AC4]
	(No symbol) [0x00007FF69A3A6C1C]
	(No symbol) [0x00007FF69A3968D4]
	BaseThreadInitThunk [0x00007FF9494C257D+29]
	RtlUserThreadStart [0x00007FF94AC4AA58+40]

2024-03-26 16:00:20,926 [ERROR] automation Element located by i0116 is not present. Message: no such element: Unable to locate element: {"method":"css selector","selector":"[id="i0116"]"}
  (Session info: chrome=122.0.6261.131); For documentation on this error, please visit: https://www.selenium.dev/documentation/webdriver/troubleshooting/errors#no-such-element-exception
Stacktrace:
	GetHandleVerifier [0x00007FF69A42AD02+56930]
	(No symbol) [0x00007FF69A39F602]
	(No symbol) [0x00007FF69A2542E5]
	(No symbol) [0x00007FF69A2998ED]
	(No symbol) [0x00007FF69A299A2C]
	(No symbol) [0x00007FF69A2DA967]
	(No symbol) [0x00007FF69A2BBCDF]
	(No symbol) [0x00007FF69A2D81E2]
	(No symbol) [0x00007FF69A2BBA43]
	(No symbol) [0x00007FF69A28D438]
	(No symbol) [0x00007FF69A28E4D1]
	GetHandleVerifier [0x00007FF69A7A6F8D+3711213]
	GetHandleVerifier [0x00007FF69A8004CD+4077101]
	GetHandleVerifier [0x00007FF69A7F865F+4044735]
	GetHandleVerifier [0x00007FF69A4C9736+706710]
	(No symbol) [0x00007FF69A3AB8DF]
	(No symbol) [0x00007FF69A3A6AC4]
	(No symbol) [0x00007FF69A3A6C1C]
	(No symbol) [0x00007FF69A3968D4]
	BaseThreadInitThunk [0x00007FF9494C257D+29]
	RtlUserThreadStart [0x00007FF94AC4AA58+40]

2024-03-26 16:00:20,993 [ERROR] automation Element located by i0116 is not present. Message: no such element: Unable to locate element: {"method":"css selector","selector":"[id="i0116"]"}
  (Session info: chrome=122.0.6261.131); For documentation on this error, please visit: https://www.selenium.dev/documentation/webdriver/troubleshooting/errors#no-such-element-exception
Stacktrace:
	GetHandleVerifier [0x00007FF69A42AD02+56930]
	(No symbol) [0x00007FF69A39F602]
	(No symbol) [0x00007FF69A2542E5]
	(No symbol) [0x00007FF69A2998ED]
	(No symbol) [0x00007FF69A299A2C]
	(No symbol) [0x00007FF69A2DA967]
	(No symbol) [0x00007FF69A2BBCDF]
	(No symbol) [0x00007FF69A2D81E2]
	(No symbol) [0x00007FF69A2BBA43]
	(No symbol) [0x00007FF69A28D438]
	(No symbol) [0x00007FF69A28E4D1]
	GetHandleVerifier [0x00007FF69A7A6F8D+3711213]
	GetHandleVerifier [0x00007FF69A8004CD+4077101]
	GetHandleVerifier [0x00007FF69A7F865F+4044735]
	GetHandleVerifier [0x00007FF69A4C9736+706710]
	(No symbol) [0x00007FF69A3AB8DF]
	(No symbol) [0x00007FF69A3A6AC4]
	(No symbol) [0x00007FF69A3A6C1C]
	(No symbol) [0x00007FF69A3968D4]
	BaseThreadInitThunk [0x00007FF9494C257D+29]
	RtlUserThreadStart [0x00007FF94AC4AA58+40]

2024-03-26 16:00:21,062 [ERROR] automation Element located by i0116 is not present. Message: no such element: Unable to locate element: {"method":"css selector","selector":"[id="i0116"]"}
  (Session info: chrome=122.0.6261.131); For documentation on this error, please visit: https://www.selenium.dev/documentation/webdriver/troubleshooting/errors#no-such-element-exception
Stacktrace:
	GetHandleVerifier [0x00007FF69A42AD02+56930]
	(No symbol) [0x00007FF69A39F602]
	(No symbol) [0x00007FF69A2542E5]
	(No symbol) [0x00007FF69A2998ED]
	(No symbol) [0x00007FF69A299A2C]
	(No symbol) [0x00007FF69A2DA967]
	(No symbol) [0x00007FF69A2BBCDF]
	(No symbol) [0x00007FF69A2D81E2]
	(No symbol) [0x00007FF69A2BBA43]
	(No symbol) [0x00007FF69A28D438]
	(No symbol) [0x00007FF69A28E4D1]
	GetHandleVerifier [0x00007FF69A7A6F8D+3711213]
	GetHandleVerifier [0x00007FF69A8004CD+4077101]
	GetHandleVerifier [0x00007FF69A7F865F+4044735]
	GetHandleVerifier [0x00007FF69A4C9736+706710]
	(No symbol) [0x00007FF69A3AB8DF]
	(No symbol) [0x00007FF69A3A6AC4]
	(No symbol) [0x00007FF69A3A6C1C]
	(No symbol) [0x00007FF69A3968D4]
	BaseThreadInitThunk [0x00007FF9494C257D+29]
	RtlUserThreadStart [0x00007FF94AC4AA58+40]

2024-03-26 16:00:21,131 [ERROR] automation Element located by i0116 is not present. Message: no such element: Unable to locate element: {"method":"css selector","selector":"[id="i0116"]"}
  (Session info: chrome=122.0.6261.131); For documentation on this error, please visit: https://www.selenium.dev/documentation/webdriver/troubleshooting/errors#no-such-element-exception
Stacktrace:
	GetHandleVerifier [0x00007FF69A42AD02+56930]
	(No symbol) [0x00007FF69A39F602]
	(No symbol) [0x00007FF69A2542E5]
	(No symbol) [0x00007FF69A2998ED]
	(No symbol) [0x00007FF69A299A2C]
	(No symbol) [0x00007FF69A2DA967]
	(No symbol) [0x00007FF69A2BBCDF]
	(No symbol) [0x00007FF69A2D81E2]
	(No symbol) [0x00007FF69A2BBA43]
	(No symbol) [0x00007FF69A28D438]
	(No symbol) [0x00007FF69A28E4D1]
	GetHandleVerifier [0x00007FF69A7A6F8D+3711213]
	GetHandleVerifier [0x00007FF69A8004CD+4077101]
	GetHandleVerifier [0x00007FF69A7F865F+4044735]
	GetHandleVerifier [0x00007FF69A4C9736+706710]
	(No symbol) [0x00007FF69A3AB8DF]
	(No symbol) [0x00007FF69A3A6AC4]
	(No symbol) [0x00007FF69A3A6C1C]
	(No symbol) [0x00007FF69A3968D4]
	BaseThreadInitThunk [0x00007FF9494C257D+29]
	RtlUserThreadStart [0x00007FF94AC4AA58+40]

2024-03-26 16:00:21,200 [ERROR] automation Element located by i0116 is not present. Message: no such element: Unable to locate element: {"method":"css selector","selector":"[id="i0116"]"}
  (Session info: chrome=122.0.6261.131); For documentation on this error, please visit: https://www.selenium.dev/documentation/webdriver/troubleshooting/errors#no-such-element-exception
Stacktrace:
	GetHandleVerifier [0x00007FF69A42AD02+56930]
	(No symbol) [0x00007FF69A39F602]
	(No symbol) [0x00007FF69A2542E5]
	(No symbol) [0x00007FF69A2998ED]
	(No symbol) [0x00007FF69A299A2C]
	(No symbol) [0x00007FF69A2DA967]
	(No symbol) [0x00007FF69A2BBCDF]
	(No symbol) [0x00007FF69A2D81E2]
	(No symbol) [0x00007FF69A2BBA43]
	(No symbol) [0x00007FF69A28D438]
	(No symbol) [0x00007FF69A28E4D1]
	GetHandleVerifier [0x00007FF69A7A6F8D+3711213]
	GetHandleVerifier [0x00007FF69A8004CD+4077101]
	GetHandleVerifier [0x00007FF69A7F865F+4044735]
	GetHandleVerifier [0x00007FF69A4C9736+706710]
	(No symbol) [0x00007FF69A3AB8DF]
	(No symbol) [0x00007FF69A3A6AC4]
	(No symbol) [0x00007FF69A3A6C1C]
	(No symbol) [0x00007FF69A3968D4]
	BaseThreadInitThunk [0x00007FF9494C257D+29]
	RtlUserThreadStart [0x00007FF94AC4AA58+40]

2024-03-26 16:00:21,267 [ERROR] automation Element located by i0116 is not present. Message: no such element: Unable to locate element: {"method":"css selector","selector":"[id="i0116"]"}
  (Session info: chrome=122.0.6261.131); For documentation on this error, please visit: https://www.selenium.dev/documentation/webdriver/troubleshooting/errors#no-such-element-exception
Stacktrace:
	GetHandleVerifier [0x00007FF69A42AD02+56930]
	(No symbol) [0x00007FF69A39F602]
	(No symbol) [0x00007FF69A2542E5]
	(No symbol) [0x00007FF69A2998ED]
	(No symbol) [0x00007FF69A299A2C]
	(No symbol) [0x00007FF69A2DA967]
	(No symbol) [0x00007FF69A2BBCDF]
	(No symbol) [0x00007FF69A2D81E2]
	(No symbol) [0x00007FF69A2BBA43]
	(No symbol) [0x00007FF69A28D438]
	(No symbol) [0x00007FF69A28E4D1]
	GetHandleVerifier [0x00007FF69A7A6F8D+3711213]
	GetHandleVerifier [0x00007FF69A8004CD+4077101]
	GetHandleVerifier [0x00007FF69A7F865F+4044735]
	GetHandleVerifier [0x00007FF69A4C9736+706710]
	(No symbol) [0x00007FF69A3AB8DF]
	(No symbol) [0x00007FF69A3A6AC4]
	(No symbol) [0x00007FF69A3A6C1C]
	(No symbol) [0x00007FF69A3968D4]
	BaseThreadInitThunk [0x00007FF9494C257D+29]
	RtlUserThreadStart [0x00007FF94AC4AA58+40]

2024-03-26 16:00:22,381 [ERROR] automation Element located by i0116 is not present. Message: no such element: Unable to locate element: {"method":"css selector","selector":"[id="i0116"]"}
  (Session info: chrome=122.0.6261.131); For documentation on this error, please visit: https://www.selenium.dev/documentation/webdriver/troubleshooting/errors#no-such-element-exception
Stacktrace:
	GetHandleVerifier [0x00007FF69A42AD02+56930]
	(No symbol) [0x00007FF69A39F602]
	(No symbol) [0x00007FF69A2542E5]
	(No symbol) [0x00007FF69A2998ED]
	(No symbol) [0x00007FF69A299A2C]
	(No symbol) [0x00007FF69A2DA967]
	(No symbol) [0x00007FF69A2BBCDF]
	(No symbol) [0x00007FF69A2D81E2]
	(No symbol) [0x00007FF69A2BBA43]
	(No symbol) [0x00007FF69A28D438]
	(No symbol) [0x00007FF69A28E4D1]
	GetHandleVerifier [0x00007FF69A7A6F8D+3711213]
	GetHandleVerifier [0x00007FF69A8004CD+4077101]
	GetHandleVerifier [0x00007FF69A7F865F+4044735]
	GetHandleVerifier [0x00007FF69A4C9736+706710]
	(No symbol) [0x00007FF69A3AB8DF]
	(No symbol) [0x00007FF69A3A6AC4]
	(No symbol) [0x00007FF69A3A6C1C]
	(No symbol) [0x00007FF69A3968D4]
	BaseThreadInitThunk [0x00007FF9494C257D+29]
	RtlUserThreadStart [0x00007FF94AC4AA58+40]

2024-03-26 16:00:22,441 [ERROR] automation Element located by i0116 is not present. Message: no such element: Unable to locate element: {"method":"css selector","selector":"[id="i0116"]"}
  (Session info: chrome=122.0.6261.131); For documentation on this error, please visit: https://www.selenium.dev/documentation/webdriver/troubleshooting/errors#no-such-element-exception
Stacktrace:
	GetHandleVerifier [0x00007FF69A42AD02+56930]
	(No symbol) [0x00007FF69A39F602]
	(No symbol) [0x00007FF69A2542E5]
	(No symbol) [0x00007FF69A2998ED]
	(No symbol) [0x00007FF69A299A2C]
	(No symbol) [0x00007FF69A2DA967]
	(No symbol) [0x00007FF69A2BBCDF]
	(No symbol) [0x00007FF69A2D81E2]
	(No symbol) [0x00007FF69A2BBA43]
	(No symbol) [0x00007FF69A28D438]
	(No symbol) [0x00007FF69A28E4D1]
	GetHandleVerifier [0x00007FF69A7A6F8D+3711213]
	GetHandleVerifier [0x00007FF69A8004CD+4077101]
	GetHandleVerifier [0x00007FF69A7F865F+4044735]
	GetHandleVerifier [0x00007FF69A4C9736+706710]
	(No symbol) [0x00007FF69A3AB8DF]
	(No symbol) [0x00007FF69A3A6AC4]
	(No symbol) [0x00007FF69A3A6C1C]
	(No symbol) [0x00007FF69A3968D4]
	BaseThreadInitThunk [0x00007FF9494C257D+29]
	RtlUserThreadStart [0x00007FF94AC4AA58+40]

2024-03-26 16:00:22,515 [ERROR] automation Element located by i0116 is not present. Message: no such element: Unable to locate element: {"method":"css selector","selector":"[id="i0116"]"}
  (Session info: chrome=122.0.6261.131); For documentation on this error, please visit: https://www.selenium.dev/documentation/webdriver/troubleshooting/errors#no-such-element-exception
Stacktrace:
	GetHandleVerifier [0x00007FF69A42AD02+56930]
	(No symbol) [0x00007FF69A39F602]
	(No symbol) [0x00007FF69A2542E5]
	(No symbol) [0x00007FF69A2998ED]
	(No symbol) [0x00007FF69A299A2C]
	(No symbol) [0x00007FF69A2DA967]
	(No symbol) [0x00007FF69A2BBCDF]
	(No symbol) [0x00007FF69A2D81E2]
	(No symbol) [0x00007FF69A2BBA43]
	(No symbol) [0x00007FF69A28D438]
	(No symbol) [0x00007FF69A28E4D1]
	GetHandleVerifier [0x00007FF69A7A6F8D+3711213]
	GetHandleVerifier [0x00007FF69A8004CD+4077101]
	GetHandleVerifier [0x00007FF69A7F865F+4044735]
	GetHandleVerifier [0x00007FF69A4C9736+706710]
	(No symbol) [0x00007FF69A3AB8DF]
	(No symbol) [0x00007FF69A3A6AC4]
	(No symbol) [0x00007FF69A3A6C1C]
	(No symbol) [0x00007FF69A3968D4]
	BaseThreadInitThunk [0x00007FF9494C257D+29]
	RtlUserThreadStart [0x00007FF94AC4AA58+40]

2024-03-26 16:00:22,583 [ERROR] automation Element located by i0116 is not present. Message: no such element: Unable to locate element: {"method":"css selector","selector":"[id="i0116"]"}
  (Session info: chrome=122.0.6261.131); For documentation on this error, please visit: https://www.selenium.dev/documentation/webdriver/troubleshooting/errors#no-such-element-exception
Stacktrace:
	GetHandleVerifier [0x00007FF69A42AD02+56930]
	(No symbol) [0x00007FF69A39F602]
	(No symbol) [0x00007FF69A2542E5]
	(No symbol) [0x00007FF69A2998ED]
	(No symbol) [0x00007FF69A299A2C]
	(No symbol) [0x00007FF69A2DA967]
	(No symbol) [0x00007FF69A2BBCDF]
	(No symbol) [0x00007FF69A2D81E2]
	(No symbol) [0x00007FF69A2BBA43]
	(No symbol) [0x00007FF69A28D438]
	(No symbol) [0x00007FF69A28E4D1]
	GetHandleVerifier [0x00007FF69A7A6F8D+3711213]
	GetHandleVerifier [0x00007FF69A8004CD+4077101]
	GetHandleVerifier [0x00007FF69A7F865F+4044735]
	GetHandleVerifier [0x00007FF69A4C9736+706710]
	(No symbol) [0x00007FF69A3AB8DF]
	(No symbol) [0x00007FF69A3A6AC4]
	(No symbol) [0x00007FF69A3A6C1C]
	(No symbol) [0x00007FF69A3968D4]
	BaseThreadInitThunk [0x00007FF9494C257D+29]
	RtlUserThreadStart [0x00007FF94AC4AA58+40]

2024-03-26 16:00:22,857 [INFO] automation Element located by i0116 is present.
2024-03-26 16:00:30,471 [INFO] automation Element located by //div[@class='logo'] is present.
2024-03-26 16:00:34,660 [INFO] automation Element located by //div[@class='tableFixHead']/table/tbody/tr[contains(@class,'even_col')][1] is present.
2024-03-26 16:00:37,308 [INFO] automation Element located by //input[@formcontrolname='title'] is present.
2024-03-26 16:00:37,308 [INFO] automation Element located by //input[@formcontrolname='title'] is present.
2024-03-26 16:00:38,768 [INFO] automation CPU Percent: 4.0	Virtual Memory: svmem(total=12635017216, available=2194337792, percent=82.6, used=10440679424, free=2194337792)
2024-03-26 16:00:38,901 [INFO] automation screenshot logged as: C:\Users\Thanusha Kotaprolu\Automation Projects\cognine-crm-automation\RunExecutionScripts\common\logs\screenshots\test_crm_bulk_email_page_smoke_test__fail26160038316d.png
2024-03-26 16:00:38,901 [ERROR] automation Test failed.
