2024-04-03 15:10:37,484 [INFO] automation Test has started.
2024-04-03 15:10:37,484 [INFO] automation Navigating to the https://chorusqa.cogninelabs.com/
2024-04-03 15:10:43,559 [ERROR] automation Element located by i0116 is not present. Message: no such element: Unable to locate element: {"method":"css selector","selector":"[id="i0116"]"}
  (Session info: chrome=122.0.6261.131); For documentation on this error, please visit: https://www.selenium.dev/documentation/webdriver/troubleshooting/errors#no-such-element-exception
Stacktrace:
	GetHandleVerifier [0x00007FF6321CAD02+56930]
	(No symbol) [0x00007FF63213F602]
	(No symbol) [0x00007FF631FF42E5]
	(No symbol) [0x00007FF6320398ED]
	(No symbol) [0x00007FF632039A2C]
	(No symbol) [0x00007FF63207A967]
	(No symbol) [0x00007FF63205BCDF]
	(No symbol) [0x00007FF6320781E2]
	(No symbol) [0x00007FF63205BA43]
	(No symbol) [0x00007FF63202D438]
	(No symbol) [0x00007FF63202E4D1]
	GetHandleVerifier [0x00007FF632546F8D+3711213]
	GetHandleVerifier [0x00007FF6325A04CD+4077101]
	GetHandleVerifier [0x00007FF63259865F+4044735]
	GetHandleVerifier [0x00007FF632269736+706710]
	(No symbol) [0x00007FF63214B8DF]
	(No symbol) [0x00007FF632146AC4]
	(No symbol) [0x00007FF632146C1C]
	(No symbol) [0x00007FF6321368D4]
	BaseThreadInitThunk [0x00007FF9494C257D+29]
	RtlUserThreadStart [0x00007FF94AC4AA58+40]

2024-04-03 15:10:43,625 [ERROR] automation Element located by i0116 is not present. Message: no such element: Unable to locate element: {"method":"css selector","selector":"[id="i0116"]"}
  (Session info: chrome=122.0.6261.131); For documentation on this error, please visit: https://www.selenium.dev/documentation/webdriver/troubleshooting/errors#no-such-element-exception
Stacktrace:
	GetHandleVerifier [0x00007FF6321CAD02+56930]
	(No symbol) [0x00007FF63213F602]
	(No symbol) [0x00007FF631FF42E5]
	(No symbol) [0x00007FF6320398ED]
	(No symbol) [0x00007FF632039A2C]
	(No symbol) [0x00007FF63207A967]
	(No symbol) [0x00007FF63205BCDF]
	(No symbol) [0x00007FF6320781E2]
	(No symbol) [0x00007FF63205BA43]
	(No symbol) [0x00007FF63202D438]
	(No symbol) [0x00007FF63202E4D1]
	GetHandleVerifier [0x00007FF632546F8D+3711213]
	GetHandleVerifier [0x00007FF6325A04CD+4077101]
	GetHandleVerifier [0x00007FF63259865F+4044735]
	GetHandleVerifier [0x00007FF632269736+706710]
	(No symbol) [0x00007FF63214B8DF]
	(No symbol) [0x00007FF632146AC4]
	(No symbol) [0x00007FF632146C1C]
	(No symbol) [0x00007FF6321368D4]
	BaseThreadInitThunk [0x00007FF9494C257D+29]
	RtlUserThreadStart [0x00007FF94AC4AA58+40]

2024-04-03 15:10:43,691 [ERROR] automation Element located by i0116 is not present. Message: no such element: Unable to locate element: {"method":"css selector","selector":"[id="i0116"]"}
  (Session info: chrome=122.0.6261.131); For documentation on this error, please visit: https://www.selenium.dev/documentation/webdriver/troubleshooting/errors#no-such-element-exception
Stacktrace:
	GetHandleVerifier [0x00007FF6321CAD02+56930]
	(No symbol) [0x00007FF63213F602]
	(No symbol) [0x00007FF631FF42E5]
	(No symbol) [0x00007FF6320398ED]
	(No symbol) [0x00007FF632039A2C]
	(No symbol) [0x00007FF63207A967]
	(No symbol) [0x00007FF63205BCDF]
	(No symbol) [0x00007FF6320781E2]
	(No symbol) [0x00007FF63205BA43]
	(No symbol) [0x00007FF63202D438]
	(No symbol) [0x00007FF63202E4D1]
	GetHandleVerifier [0x00007FF632546F8D+3711213]
	GetHandleVerifier [0x00007FF6325A04CD+4077101]
	GetHandleVerifier [0x00007FF63259865F+4044735]
	GetHandleVerifier [0x00007FF632269736+706710]
	(No symbol) [0x00007FF63214B8DF]
	(No symbol) [0x00007FF632146AC4]
	(No symbol) [0x00007FF632146C1C]
	(No symbol) [0x00007FF6321368D4]
	BaseThreadInitThunk [0x00007FF9494C257D+29]
	RtlUserThreadStart [0x00007FF94AC4AA58+40]

2024-04-03 15:10:43,758 [ERROR] automation Element located by i0116 is not present. Message: no such element: Unable to locate element: {"method":"css selector","selector":"[id="i0116"]"}
  (Session info: chrome=122.0.6261.131); For documentation on this error, please visit: https://www.selenium.dev/documentation/webdriver/troubleshooting/errors#no-such-element-exception
Stacktrace:
	GetHandleVerifier [0x00007FF6321CAD02+56930]
	(No symbol) [0x00007FF63213F602]
	(No symbol) [0x00007FF631FF42E5]
	(No symbol) [0x00007FF6320398ED]
	(No symbol) [0x00007FF632039A2C]
	(No symbol) [0x00007FF63207A967]
	(No symbol) [0x00007FF63205BCDF]
	(No symbol) [0x00007FF6320781E2]
	(No symbol) [0x00007FF63205BA43]
	(No symbol) [0x00007FF63202D438]
	(No symbol) [0x00007FF63202E4D1]
	GetHandleVerifier [0x00007FF632546F8D+3711213]
	GetHandleVerifier [0x00007FF6325A04CD+4077101]
	GetHandleVerifier [0x00007FF63259865F+4044735]
	GetHandleVerifier [0x00007FF632269736+706710]
	(No symbol) [0x00007FF63214B8DF]
	(No symbol) [0x00007FF632146AC4]
	(No symbol) [0x00007FF632146C1C]
	(No symbol) [0x00007FF6321368D4]
	BaseThreadInitThunk [0x00007FF9494C257D+29]
	RtlUserThreadStart [0x00007FF94AC4AA58+40]

2024-04-03 15:10:43,829 [ERROR] automation Element located by i0116 is not present. Message: no such element: Unable to locate element: {"method":"css selector","selector":"[id="i0116"]"}
  (Session info: chrome=122.0.6261.131); For documentation on this error, please visit: https://www.selenium.dev/documentation/webdriver/troubleshooting/errors#no-such-element-exception
Stacktrace:
	GetHandleVerifier [0x00007FF6321CAD02+56930]
	(No symbol) [0x00007FF63213F602]
	(No symbol) [0x00007FF631FF42E5]
	(No symbol) [0x00007FF6320398ED]
	(No symbol) [0x00007FF632039A2C]
	(No symbol) [0x00007FF63207A967]
	(No symbol) [0x00007FF63205BCDF]
	(No symbol) [0x00007FF6320781E2]
	(No symbol) [0x00007FF63205BA43]
	(No symbol) [0x00007FF63202D438]
	(No symbol) [0x00007FF63202E4D1]
	GetHandleVerifier [0x00007FF632546F8D+3711213]
	GetHandleVerifier [0x00007FF6325A04CD+4077101]
	GetHandleVerifier [0x00007FF63259865F+4044735]
	GetHandleVerifier [0x00007FF632269736+706710]
	(No symbol) [0x00007FF63214B8DF]
	(No symbol) [0x00007FF632146AC4]
	(No symbol) [0x00007FF632146C1C]
	(No symbol) [0x00007FF6321368D4]
	BaseThreadInitThunk [0x00007FF9494C257D+29]
	RtlUserThreadStart [0x00007FF94AC4AA58+40]

2024-04-03 15:10:43,896 [ERROR] automation Element located by i0116 is not present. Message: no such element: Unable to locate element: {"method":"css selector","selector":"[id="i0116"]"}
  (Session info: chrome=122.0.6261.131); For documentation on this error, please visit: https://www.selenium.dev/documentation/webdriver/troubleshooting/errors#no-such-element-exception
Stacktrace:
	GetHandleVerifier [0x00007FF6321CAD02+56930]
	(No symbol) [0x00007FF63213F602]
	(No symbol) [0x00007FF631FF42E5]
	(No symbol) [0x00007FF6320398ED]
	(No symbol) [0x00007FF632039A2C]
	(No symbol) [0x00007FF63207A967]
	(No symbol) [0x00007FF63205BCDF]
	(No symbol) [0x00007FF6320781E2]
	(No symbol) [0x00007FF63205BA43]
	(No symbol) [0x00007FF63202D438]
	(No symbol) [0x00007FF63202E4D1]
	GetHandleVerifier [0x00007FF632546F8D+3711213]
	GetHandleVerifier [0x00007FF6325A04CD+4077101]
	GetHandleVerifier [0x00007FF63259865F+4044735]
	GetHandleVerifier [0x00007FF632269736+706710]
	(No symbol) [0x00007FF63214B8DF]
	(No symbol) [0x00007FF632146AC4]
	(No symbol) [0x00007FF632146C1C]
	(No symbol) [0x00007FF6321368D4]
	BaseThreadInitThunk [0x00007FF9494C257D+29]
	RtlUserThreadStart [0x00007FF94AC4AA58+40]

2024-04-03 15:10:44,233 [ERROR] automation Element located by i0116 is not present. Message: no such element: Unable to locate element: {"method":"css selector","selector":"[id="i0116"]"}
  (Session info: chrome=122.0.6261.131); For documentation on this error, please visit: https://www.selenium.dev/documentation/webdriver/troubleshooting/errors#no-such-element-exception
Stacktrace:
	GetHandleVerifier [0x00007FF6321CAD02+56930]
	(No symbol) [0x00007FF63213F602]
	(No symbol) [0x00007FF631FF42E5]
	(No symbol) [0x00007FF6320398ED]
	(No symbol) [0x00007FF632039A2C]
	(No symbol) [0x00007FF63207A967]
	(No symbol) [0x00007FF63205BCDF]
	(No symbol) [0x00007FF6320781E2]
	(No symbol) [0x00007FF63205BA43]
	(No symbol) [0x00007FF63202D438]
	(No symbol) [0x00007FF63202E4D1]
	GetHandleVerifier [0x00007FF632546F8D+3711213]
	GetHandleVerifier [0x00007FF6325A04CD+4077101]
	GetHandleVerifier [0x00007FF63259865F+4044735]
	GetHandleVerifier [0x00007FF632269736+706710]
	(No symbol) [0x00007FF63214B8DF]
	(No symbol) [0x00007FF632146AC4]
	(No symbol) [0x00007FF632146C1C]
	(No symbol) [0x00007FF6321368D4]
	BaseThreadInitThunk [0x00007FF9494C257D+29]
	RtlUserThreadStart [0x00007FF94AC4AA58+40]

2024-04-03 15:10:45,268 [ERROR] automation Element located by i0116 is not present. Message: no such element: Unable to locate element: {"method":"css selector","selector":"[id="i0116"]"}
  (Session info: chrome=122.0.6261.131); For documentation on this error, please visit: https://www.selenium.dev/documentation/webdriver/troubleshooting/errors#no-such-element-exception
Stacktrace:
	GetHandleVerifier [0x00007FF6321CAD02+56930]
	(No symbol) [0x00007FF63213F602]
	(No symbol) [0x00007FF631FF42E5]
	(No symbol) [0x00007FF6320398ED]
	(No symbol) [0x00007FF632039A2C]
	(No symbol) [0x00007FF63207A967]
	(No symbol) [0x00007FF63205BCDF]
	(No symbol) [0x00007FF6320781E2]
	(No symbol) [0x00007FF63205BA43]
	(No symbol) [0x00007FF63202D438]
	(No symbol) [0x00007FF63202E4D1]
	GetHandleVerifier [0x00007FF632546F8D+3711213]
	GetHandleVerifier [0x00007FF6325A04CD+4077101]
	GetHandleVerifier [0x00007FF63259865F+4044735]
	GetHandleVerifier [0x00007FF632269736+706710]
	(No symbol) [0x00007FF63214B8DF]
	(No symbol) [0x00007FF632146AC4]
	(No symbol) [0x00007FF632146C1C]
	(No symbol) [0x00007FF6321368D4]
	BaseThreadInitThunk [0x00007FF9494C257D+29]
	RtlUserThreadStart [0x00007FF94AC4AA58+40]

2024-04-03 15:10:45,333 [ERROR] automation Element located by i0116 is not present. Message: no such element: Unable to locate element: {"method":"css selector","selector":"[id="i0116"]"}
  (Session info: chrome=122.0.6261.131); For documentation on this error, please visit: https://www.selenium.dev/documentation/webdriver/troubleshooting/errors#no-such-element-exception
Stacktrace:
	GetHandleVerifier [0x00007FF6321CAD02+56930]
	(No symbol) [0x00007FF63213F602]
	(No symbol) [0x00007FF631FF42E5]
	(No symbol) [0x00007FF6320398ED]
	(No symbol) [0x00007FF632039A2C]
	(No symbol) [0x00007FF63207A967]
	(No symbol) [0x00007FF63205BCDF]
	(No symbol) [0x00007FF6320781E2]
	(No symbol) [0x00007FF63205BA43]
	(No symbol) [0x00007FF63202D438]
	(No symbol) [0x00007FF63202E4D1]
	GetHandleVerifier [0x00007FF632546F8D+3711213]
	GetHandleVerifier [0x00007FF6325A04CD+4077101]
	GetHandleVerifier [0x00007FF63259865F+4044735]
	GetHandleVerifier [0x00007FF632269736+706710]
	(No symbol) [0x00007FF63214B8DF]
	(No symbol) [0x00007FF632146AC4]
	(No symbol) [0x00007FF632146C1C]
	(No symbol) [0x00007FF6321368D4]
	BaseThreadInitThunk [0x00007FF9494C257D+29]
	RtlUserThreadStart [0x00007FF94AC4AA58+40]

2024-04-03 15:10:45,400 [ERROR] automation Element located by i0116 is not present. Message: no such element: Unable to locate element: {"method":"css selector","selector":"[id="i0116"]"}
  (Session info: chrome=122.0.6261.131); For documentation on this error, please visit: https://www.selenium.dev/documentation/webdriver/troubleshooting/errors#no-such-element-exception
Stacktrace:
	GetHandleVerifier [0x00007FF6321CAD02+56930]
	(No symbol) [0x00007FF63213F602]
	(No symbol) [0x00007FF631FF42E5]
	(No symbol) [0x00007FF6320398ED]
	(No symbol) [0x00007FF632039A2C]
	(No symbol) [0x00007FF63207A967]
	(No symbol) [0x00007FF63205BCDF]
	(No symbol) [0x00007FF6320781E2]
	(No symbol) [0x00007FF63205BA43]
	(No symbol) [0x00007FF63202D438]
	(No symbol) [0x00007FF63202E4D1]
	GetHandleVerifier [0x00007FF632546F8D+3711213]
	GetHandleVerifier [0x00007FF6325A04CD+4077101]
	GetHandleVerifier [0x00007FF63259865F+4044735]
	GetHandleVerifier [0x00007FF632269736+706710]
	(No symbol) [0x00007FF63214B8DF]
	(No symbol) [0x00007FF632146AC4]
	(No symbol) [0x00007FF632146C1C]
	(No symbol) [0x00007FF6321368D4]
	BaseThreadInitThunk [0x00007FF9494C257D+29]
	RtlUserThreadStart [0x00007FF94AC4AA58+40]

2024-04-03 15:10:45,465 [ERROR] automation Element located by i0116 is not present. Message: no such element: Unable to locate element: {"method":"css selector","selector":"[id="i0116"]"}
  (Session info: chrome=122.0.6261.131); For documentation on this error, please visit: https://www.selenium.dev/documentation/webdriver/troubleshooting/errors#no-such-element-exception
Stacktrace:
	GetHandleVerifier [0x00007FF6321CAD02+56930]
	(No symbol) [0x00007FF63213F602]
	(No symbol) [0x00007FF631FF42E5]
	(No symbol) [0x00007FF6320398ED]
	(No symbol) [0x00007FF632039A2C]
	(No symbol) [0x00007FF63207A967]
	(No symbol) [0x00007FF63205BCDF]
	(No symbol) [0x00007FF6320781E2]
	(No symbol) [0x00007FF63205BA43]
	(No symbol) [0x00007FF63202D438]
	(No symbol) [0x00007FF63202E4D1]
	GetHandleVerifier [0x00007FF632546F8D+3711213]
	GetHandleVerifier [0x00007FF6325A04CD+4077101]
	GetHandleVerifier [0x00007FF63259865F+4044735]
	GetHandleVerifier [0x00007FF632269736+706710]
	(No symbol) [0x00007FF63214B8DF]
	(No symbol) [0x00007FF632146AC4]
	(No symbol) [0x00007FF632146C1C]
	(No symbol) [0x00007FF6321368D4]
	BaseThreadInitThunk [0x00007FF9494C257D+29]
	RtlUserThreadStart [0x00007FF94AC4AA58+40]

2024-04-03 15:10:45,532 [ERROR] automation Element located by i0116 is not present. Message: no such element: Unable to locate element: {"method":"css selector","selector":"[id="i0116"]"}
  (Session info: chrome=122.0.6261.131); For documentation on this error, please visit: https://www.selenium.dev/documentation/webdriver/troubleshooting/errors#no-such-element-exception
Stacktrace:
	GetHandleVerifier [0x00007FF6321CAD02+56930]
	(No symbol) [0x00007FF63213F602]
	(No symbol) [0x00007FF631FF42E5]
	(No symbol) [0x00007FF6320398ED]
	(No symbol) [0x00007FF632039A2C]
	(No symbol) [0x00007FF63207A967]
	(No symbol) [0x00007FF63205BCDF]
	(No symbol) [0x00007FF6320781E2]
	(No symbol) [0x00007FF63205BA43]
	(No symbol) [0x00007FF63202D438]
	(No symbol) [0x00007FF63202E4D1]
	GetHandleVerifier [0x00007FF632546F8D+3711213]
	GetHandleVerifier [0x00007FF6325A04CD+4077101]
	GetHandleVerifier [0x00007FF63259865F+4044735]
	GetHandleVerifier [0x00007FF632269736+706710]
	(No symbol) [0x00007FF63214B8DF]
	(No symbol) [0x00007FF632146AC4]
	(No symbol) [0x00007FF632146C1C]
	(No symbol) [0x00007FF6321368D4]
	BaseThreadInitThunk [0x00007FF9494C257D+29]
	RtlUserThreadStart [0x00007FF94AC4AA58+40]

2024-04-03 15:10:45,802 [INFO] automation Element located by i0116 is present.
2024-04-03 15:10:53,766 [INFO] automation Element located by //div[@class='logo'] is present.
2024-04-03 15:10:57,912 [INFO] automation Element located by //div[@class='tableFixHead']/table/tbody/tr[contains(@class,'even_col')][1] is present.
2024-04-03 15:11:00,553 [INFO] automation Element located by //input[@formcontrolname='email'] is present.
2024-04-03 15:11:00,581 [INFO] automation Element located by //input[@formcontrolname='email'] is present.
2024-04-03 15:11:01,284 [ERROR] automation Element located by //span[contains(text(),'Email Address already exists')] is not present. Message: no such element: Unable to locate element: {"method":"xpath","selector":"//span[contains(text(),'Email Address already exists')]"}
  (Session info: chrome=122.0.6261.131); For documentation on this error, please visit: https://www.selenium.dev/documentation/webdriver/troubleshooting/errors#no-such-element-exception
Stacktrace:
	GetHandleVerifier [0x00007FF6321CAD02+56930]
	(No symbol) [0x00007FF63213F602]
	(No symbol) [0x00007FF631FF42E5]
	(No symbol) [0x00007FF6320398ED]
	(No symbol) [0x00007FF632039A2C]
	(No symbol) [0x00007FF63207A967]
	(No symbol) [0x00007FF63205BCDF]
	(No symbol) [0x00007FF6320781E2]
	(No symbol) [0x00007FF63205BA43]
	(No symbol) [0x00007FF63202D438]
	(No symbol) [0x00007FF63202E4D1]
	GetHandleVerifier [0x00007FF632546F8D+3711213]
	GetHandleVerifier [0x00007FF6325A04CD+4077101]
	GetHandleVerifier [0x00007FF63259865F+4044735]
	GetHandleVerifier [0x00007FF632269736+706710]
	(No symbol) [0x00007FF63214B8DF]
	(No symbol) [0x00007FF632146AC4]
	(No symbol) [0x00007FF632146C1C]
	(No symbol) [0x00007FF6321368D4]
	BaseThreadInitThunk [0x00007FF9494C257D+29]
	RtlUserThreadStart [0x00007FF94AC4AA58+40]

2024-04-03 15:11:01,303 [ERROR] automation Element located by //div[@role='alert' and contains(text(),'success') or contains(text(),'Success')] is not present. Message: no such element: Unable to locate element: {"method":"xpath","selector":"//div[@role='alert' and contains(text(),'success') or contains(text(),'Success')]"}
  (Session info: chrome=122.0.6261.131); For documentation on this error, please visit: https://www.selenium.dev/documentation/webdriver/troubleshooting/errors#no-such-element-exception
Stacktrace:
	GetHandleVerifier [0x00007FF6321CAD02+56930]
	(No symbol) [0x00007FF63213F602]
	(No symbol) [0x00007FF631FF42E5]
	(No symbol) [0x00007FF6320398ED]
	(No symbol) [0x00007FF632039A2C]
	(No symbol) [0x00007FF63207A967]
	(No symbol) [0x00007FF63205BCDF]
	(No symbol) [0x00007FF6320781E2]
	(No symbol) [0x00007FF63205BA43]
	(No symbol) [0x00007FF63202D438]
	(No symbol) [0x00007FF63202E4D1]
	GetHandleVerifier [0x00007FF632546F8D+3711213]
	GetHandleVerifier [0x00007FF6325A04CD+4077101]
	GetHandleVerifier [0x00007FF63259865F+4044735]
	GetHandleVerifier [0x00007FF632269736+706710]
	(No symbol) [0x00007FF63214B8DF]
	(No symbol) [0x00007FF632146AC4]
	(No symbol) [0x00007FF632146C1C]
	(No symbol) [0x00007FF6321368D4]
	BaseThreadInitThunk [0x00007FF9494C257D+29]
	RtlUserThreadStart [0x00007FF94AC4AA58+40]

2024-04-03 15:11:01,304 [INFO] automation Test passed.
2024-04-03 15:11:01,329 [INFO] automation Test has started.
2024-04-03 15:11:01,330 [INFO] automation Navigating to the https://chorusqa.cogninelabs.com/
2024-04-03 15:11:11,575 [ERROR] automation Element located by i0116 is not present. Message: no such element: Unable to locate element: {"method":"css selector","selector":"[id="i0116"]"}
  (Session info: chrome=122.0.6261.131); For documentation on this error, please visit: https://www.selenium.dev/documentation/webdriver/troubleshooting/errors#no-such-element-exception
Stacktrace:
	GetHandleVerifier [0x00007FF6321CAD02+56930]
	(No symbol) [0x00007FF63213F602]
	(No symbol) [0x00007FF631FF42E5]
	(No symbol) [0x00007FF6320398ED]
	(No symbol) [0x00007FF632039A2C]
	(No symbol) [0x00007FF63207A967]
	(No symbol) [0x00007FF63205BCDF]
	(No symbol) [0x00007FF6320781E2]
	(No symbol) [0x00007FF63205BA43]
	(No symbol) [0x00007FF63202D438]
	(No symbol) [0x00007FF63202E4D1]
	GetHandleVerifier [0x00007FF632546F8D+3711213]
	GetHandleVerifier [0x00007FF6325A04CD+4077101]
	GetHandleVerifier [0x00007FF63259865F+4044735]
	GetHandleVerifier [0x00007FF632269736+706710]
	(No symbol) [0x00007FF63214B8DF]
	(No symbol) [0x00007FF632146AC4]
	(No symbol) [0x00007FF632146C1C]
	(No symbol) [0x00007FF6321368D4]
	BaseThreadInitThunk [0x00007FF9494C257D+29]
	RtlUserThreadStart [0x00007FF94AC4AA58+40]

2024-04-03 15:11:11,642 [ERROR] automation Element located by i0116 is not present. Message: no such element: Unable to locate element: {"method":"css selector","selector":"[id="i0116"]"}
  (Session info: chrome=122.0.6261.131); For documentation on this error, please visit: https://www.selenium.dev/documentation/webdriver/troubleshooting/errors#no-such-element-exception
Stacktrace:
	GetHandleVerifier [0x00007FF6321CAD02+56930]
	(No symbol) [0x00007FF63213F602]
	(No symbol) [0x00007FF631FF42E5]
	(No symbol) [0x00007FF6320398ED]
	(No symbol) [0x00007FF632039A2C]
	(No symbol) [0x00007FF63207A967]
	(No symbol) [0x00007FF63205BCDF]
	(No symbol) [0x00007FF6320781E2]
	(No symbol) [0x00007FF63205BA43]
	(No symbol) [0x00007FF63202D438]
	(No symbol) [0x00007FF63202E4D1]
	GetHandleVerifier [0x00007FF632546F8D+3711213]
	GetHandleVerifier [0x00007FF6325A04CD+4077101]
	GetHandleVerifier [0x00007FF63259865F+4044735]
	GetHandleVerifier [0x00007FF632269736+706710]
	(No symbol) [0x00007FF63214B8DF]
	(No symbol) [0x00007FF632146AC4]
	(No symbol) [0x00007FF632146C1C]
	(No symbol) [0x00007FF6321368D4]
	BaseThreadInitThunk [0x00007FF9494C257D+29]
	RtlUserThreadStart [0x00007FF94AC4AA58+40]

2024-04-03 15:11:11,710 [ERROR] automation Element located by i0116 is not present. Message: no such element: Unable to locate element: {"method":"css selector","selector":"[id="i0116"]"}
  (Session info: chrome=122.0.6261.131); For documentation on this error, please visit: https://www.selenium.dev/documentation/webdriver/troubleshooting/errors#no-such-element-exception
Stacktrace:
	GetHandleVerifier [0x00007FF6321CAD02+56930]
	(No symbol) [0x00007FF63213F602]
	(No symbol) [0x00007FF631FF42E5]
	(No symbol) [0x00007FF6320398ED]
	(No symbol) [0x00007FF632039A2C]
	(No symbol) [0x00007FF63207A967]
	(No symbol) [0x00007FF63205BCDF]
	(No symbol) [0x00007FF6320781E2]
	(No symbol) [0x00007FF63205BA43]
	(No symbol) [0x00007FF63202D438]
	(No symbol) [0x00007FF63202E4D1]
	GetHandleVerifier [0x00007FF632546F8D+3711213]
	GetHandleVerifier [0x00007FF6325A04CD+4077101]
	GetHandleVerifier [0x00007FF63259865F+4044735]
	GetHandleVerifier [0x00007FF632269736+706710]
	(No symbol) [0x00007FF63214B8DF]
	(No symbol) [0x00007FF632146AC4]
	(No symbol) [0x00007FF632146C1C]
	(No symbol) [0x00007FF6321368D4]
	BaseThreadInitThunk [0x00007FF9494C257D+29]
	RtlUserThreadStart [0x00007FF94AC4AA58+40]

2024-04-03 15:11:11,777 [ERROR] automation Element located by i0116 is not present. Message: no such element: Unable to locate element: {"method":"css selector","selector":"[id="i0116"]"}
  (Session info: chrome=122.0.6261.131); For documentation on this error, please visit: https://www.selenium.dev/documentation/webdriver/troubleshooting/errors#no-such-element-exception
Stacktrace:
	GetHandleVerifier [0x00007FF6321CAD02+56930]
	(No symbol) [0x00007FF63213F602]
	(No symbol) [0x00007FF631FF42E5]
	(No symbol) [0x00007FF6320398ED]
	(No symbol) [0x00007FF632039A2C]
	(No symbol) [0x00007FF63207A967]
	(No symbol) [0x00007FF63205BCDF]
	(No symbol) [0x00007FF6320781E2]
	(No symbol) [0x00007FF63205BA43]
	(No symbol) [0x00007FF63202D438]
	(No symbol) [0x00007FF63202E4D1]
	GetHandleVerifier [0x00007FF632546F8D+3711213]
	GetHandleVerifier [0x00007FF6325A04CD+4077101]
	GetHandleVerifier [0x00007FF63259865F+4044735]
	GetHandleVerifier [0x00007FF632269736+706710]
	(No symbol) [0x00007FF63214B8DF]
	(No symbol) [0x00007FF632146AC4]
	(No symbol) [0x00007FF632146C1C]
	(No symbol) [0x00007FF6321368D4]
	BaseThreadInitThunk [0x00007FF9494C257D+29]
	RtlUserThreadStart [0x00007FF94AC4AA58+40]

2024-04-03 15:11:11,845 [ERROR] automation Element located by i0116 is not present. Message: no such element: Unable to locate element: {"method":"css selector","selector":"[id="i0116"]"}
  (Session info: chrome=122.0.6261.131); For documentation on this error, please visit: https://www.selenium.dev/documentation/webdriver/troubleshooting/errors#no-such-element-exception
Stacktrace:
	GetHandleVerifier [0x00007FF6321CAD02+56930]
	(No symbol) [0x00007FF63213F602]
	(No symbol) [0x00007FF631FF42E5]
	(No symbol) [0x00007FF6320398ED]
	(No symbol) [0x00007FF632039A2C]
	(No symbol) [0x00007FF63207A967]
	(No symbol) [0x00007FF63205BCDF]
	(No symbol) [0x00007FF6320781E2]
	(No symbol) [0x00007FF63205BA43]
	(No symbol) [0x00007FF63202D438]
	(No symbol) [0x00007FF63202E4D1]
	GetHandleVerifier [0x00007FF632546F8D+3711213]
	GetHandleVerifier [0x00007FF6325A04CD+4077101]
	GetHandleVerifier [0x00007FF63259865F+4044735]
	GetHandleVerifier [0x00007FF632269736+706710]
	(No symbol) [0x00007FF63214B8DF]
	(No symbol) [0x00007FF632146AC4]
	(No symbol) [0x00007FF632146C1C]
	(No symbol) [0x00007FF6321368D4]
	BaseThreadInitThunk [0x00007FF9494C257D+29]
	RtlUserThreadStart [0x00007FF94AC4AA58+40]

2024-04-03 15:11:13,127 [ERROR] automation Element located by i0116 is not present. Message: no such element: Unable to locate element: {"method":"css selector","selector":"[id="i0116"]"}
  (Session info: chrome=122.0.6261.131); For documentation on this error, please visit: https://www.selenium.dev/documentation/webdriver/troubleshooting/errors#no-such-element-exception
Stacktrace:
	GetHandleVerifier [0x00007FF6321CAD02+56930]
	(No symbol) [0x00007FF63213F602]
	(No symbol) [0x00007FF631FF42E5]
	(No symbol) [0x00007FF6320398ED]
	(No symbol) [0x00007FF632039A2C]
	(No symbol) [0x00007FF63207A967]
	(No symbol) [0x00007FF63205BCDF]
	(No symbol) [0x00007FF6320781E2]
	(No symbol) [0x00007FF63205BA43]
	(No symbol) [0x00007FF63202D438]
	(No symbol) [0x00007FF63202E4D1]
	GetHandleVerifier [0x00007FF632546F8D+3711213]
	GetHandleVerifier [0x00007FF6325A04CD+4077101]
	GetHandleVerifier [0x00007FF63259865F+4044735]
	GetHandleVerifier [0x00007FF632269736+706710]
	(No symbol) [0x00007FF63214B8DF]
	(No symbol) [0x00007FF632146AC4]
	(No symbol) [0x00007FF632146C1C]
	(No symbol) [0x00007FF6321368D4]
	BaseThreadInitThunk [0x00007FF9494C257D+29]
	RtlUserThreadStart [0x00007FF94AC4AA58+40]

2024-04-03 15:11:13,199 [ERROR] automation Element located by i0116 is not present. Message: no such element: Unable to locate element: {"method":"css selector","selector":"[id="i0116"]"}
  (Session info: chrome=122.0.6261.131); For documentation on this error, please visit: https://www.selenium.dev/documentation/webdriver/troubleshooting/errors#no-such-element-exception
Stacktrace:
	GetHandleVerifier [0x00007FF6321CAD02+56930]
	(No symbol) [0x00007FF63213F602]
	(No symbol) [0x00007FF631FF42E5]
	(No symbol) [0x00007FF6320398ED]
	(No symbol) [0x00007FF632039A2C]
	(No symbol) [0x00007FF63207A967]
	(No symbol) [0x00007FF63205BCDF]
	(No symbol) [0x00007FF6320781E2]
	(No symbol) [0x00007FF63205BA43]
	(No symbol) [0x00007FF63202D438]
	(No symbol) [0x00007FF63202E4D1]
	GetHandleVerifier [0x00007FF632546F8D+3711213]
	GetHandleVerifier [0x00007FF6325A04CD+4077101]
	GetHandleVerifier [0x00007FF63259865F+4044735]
	GetHandleVerifier [0x00007FF632269736+706710]
	(No symbol) [0x00007FF63214B8DF]
	(No symbol) [0x00007FF632146AC4]
	(No symbol) [0x00007FF632146C1C]
	(No symbol) [0x00007FF6321368D4]
	BaseThreadInitThunk [0x00007FF9494C257D+29]
	RtlUserThreadStart [0x00007FF94AC4AA58+40]

2024-04-03 15:11:13,447 [INFO] automation Element located by i0116 is present.
2024-04-03 15:11:21,500 [INFO] automation Element located by //div[@class='logo'] is present.
2024-04-03 15:11:29,353 [INFO] automation Element located by //div[@class='tableFixHead']/table/tbody/tr[contains(@class,'even_col')][1] is present.
2024-04-03 15:11:32,173 [INFO] automation Element located by //input[@formcontrolname='title'] is present.
2024-04-03 15:11:32,831 [INFO] automation CPU Percent: 4.2	Virtual Memory: svmem(total=12635017216, available=1085304832, percent=91.4, used=11549712384, free=1085304832)
2024-04-03 15:11:33,002 [INFO] automation screenshot logged as: C:\Users\Thanusha Kotaprolu\Automation Projects\cognine-crm-automation\RunExecutionScripts\common\logs\screenshots\test_crm_bulk_email_page_smoke_test__fail03151132ee9e.png
2024-04-03 15:11:33,002 [ERROR] automation Test failed.
