2024-04-03 13:14:30,364 [INFO] automation Test has started.
2024-04-03 13:14:30,364 [INFO] automation Navigating to the https://chorusqa.cogninelabs.com/
2024-04-03 13:14:35,878 [ERROR] automation Element located by i0116 is not present. Message: no such element: Unable to locate element: {"method":"css selector","selector":"[id="i0116"]"}
  (Session info: chrome=122.0.6261.131); For documentation on this error, please visit: https://www.selenium.dev/documentation/webdriver/troubleshooting/errors#no-such-element-exception
Stacktrace:
	GetHandleVerifier [0x00007FF6CEA6AD02+56930]
	(No symbol) [0x00007FF6CE9DF602]
	(No symbol) [0x00007FF6CE8942E5]
	(No symbol) [0x00007FF6CE8D98ED]
	(No symbol) [0x00007FF6CE8D9A2C]
	(No symbol) [0x00007FF6CE91A967]
	(No symbol) [0x00007FF6CE8FBCDF]
	(No symbol) [0x00007FF6CE9181E2]
	(No symbol) [0x00007FF6CE8FBA43]
	(No symbol) [0x00007FF6CE8CD438]
	(No symbol) [0x00007FF6CE8CE4D1]
	GetHandleVerifier [0x00007FF6CEDE6F8D+3711213]
	GetHandleVerifier [0x00007FF6CEE404CD+4077101]
	GetHandleVerifier [0x00007FF6CEE3865F+4044735]
	GetHandleVerifier [0x00007FF6CEB09736+706710]
	(No symbol) [0x00007FF6CE9EB8DF]
	(No symbol) [0x00007FF6CE9E6AC4]
	(No symbol) [0x00007FF6CE9E6C1C]
	(No symbol) [0x00007FF6CE9D68D4]
	BaseThreadInitThunk [0x00007FF9494C257D+29]
	RtlUserThreadStart [0x00007FF94AC4AA58+40]

2024-04-03 13:14:35,943 [ERROR] automation Element located by i0116 is not present. Message: no such element: Unable to locate element: {"method":"css selector","selector":"[id="i0116"]"}
  (Session info: chrome=122.0.6261.131); For documentation on this error, please visit: https://www.selenium.dev/documentation/webdriver/troubleshooting/errors#no-such-element-exception
Stacktrace:
	GetHandleVerifier [0x00007FF6CEA6AD02+56930]
	(No symbol) [0x00007FF6CE9DF602]
	(No symbol) [0x00007FF6CE8942E5]
	(No symbol) [0x00007FF6CE8D98ED]
	(No symbol) [0x00007FF6CE8D9A2C]
	(No symbol) [0x00007FF6CE91A967]
	(No symbol) [0x00007FF6CE8FBCDF]
	(No symbol) [0x00007FF6CE9181E2]
	(No symbol) [0x00007FF6CE8FBA43]
	(No symbol) [0x00007FF6CE8CD438]
	(No symbol) [0x00007FF6CE8CE4D1]
	GetHandleVerifier [0x00007FF6CEDE6F8D+3711213]
	GetHandleVerifier [0x00007FF6CEE404CD+4077101]
	GetHandleVerifier [0x00007FF6CEE3865F+4044735]
	GetHandleVerifier [0x00007FF6CEB09736+706710]
	(No symbol) [0x00007FF6CE9EB8DF]
	(No symbol) [0x00007FF6CE9E6AC4]
	(No symbol) [0x00007FF6CE9E6C1C]
	(No symbol) [0x00007FF6CE9D68D4]
	BaseThreadInitThunk [0x00007FF9494C257D+29]
	RtlUserThreadStart [0x00007FF94AC4AA58+40]

2024-04-03 13:14:36,010 [ERROR] automation Element located by i0116 is not present. Message: no such element: Unable to locate element: {"method":"css selector","selector":"[id="i0116"]"}
  (Session info: chrome=122.0.6261.131); For documentation on this error, please visit: https://www.selenium.dev/documentation/webdriver/troubleshooting/errors#no-such-element-exception
Stacktrace:
	GetHandleVerifier [0x00007FF6CEA6AD02+56930]
	(No symbol) [0x00007FF6CE9DF602]
	(No symbol) [0x00007FF6CE8942E5]
	(No symbol) [0x00007FF6CE8D98ED]
	(No symbol) [0x00007FF6CE8D9A2C]
	(No symbol) [0x00007FF6CE91A967]
	(No symbol) [0x00007FF6CE8FBCDF]
	(No symbol) [0x00007FF6CE9181E2]
	(No symbol) [0x00007FF6CE8FBA43]
	(No symbol) [0x00007FF6CE8CD438]
	(No symbol) [0x00007FF6CE8CE4D1]
	GetHandleVerifier [0x00007FF6CEDE6F8D+3711213]
	GetHandleVerifier [0x00007FF6CEE404CD+4077101]
	GetHandleVerifier [0x00007FF6CEE3865F+4044735]
	GetHandleVerifier [0x00007FF6CEB09736+706710]
	(No symbol) [0x00007FF6CE9EB8DF]
	(No symbol) [0x00007FF6CE9E6AC4]
	(No symbol) [0x00007FF6CE9E6C1C]
	(No symbol) [0x00007FF6CE9D68D4]
	BaseThreadInitThunk [0x00007FF9494C257D+29]
	RtlUserThreadStart [0x00007FF94AC4AA58+40]

2024-04-03 13:14:36,076 [ERROR] automation Element located by i0116 is not present. Message: no such element: Unable to locate element: {"method":"css selector","selector":"[id="i0116"]"}
  (Session info: chrome=122.0.6261.131); For documentation on this error, please visit: https://www.selenium.dev/documentation/webdriver/troubleshooting/errors#no-such-element-exception
Stacktrace:
	GetHandleVerifier [0x00007FF6CEA6AD02+56930]
	(No symbol) [0x00007FF6CE9DF602]
	(No symbol) [0x00007FF6CE8942E5]
	(No symbol) [0x00007FF6CE8D98ED]
	(No symbol) [0x00007FF6CE8D9A2C]
	(No symbol) [0x00007FF6CE91A967]
	(No symbol) [0x00007FF6CE8FBCDF]
	(No symbol) [0x00007FF6CE9181E2]
	(No symbol) [0x00007FF6CE8FBA43]
	(No symbol) [0x00007FF6CE8CD438]
	(No symbol) [0x00007FF6CE8CE4D1]
	GetHandleVerifier [0x00007FF6CEDE6F8D+3711213]
	GetHandleVerifier [0x00007FF6CEE404CD+4077101]
	GetHandleVerifier [0x00007FF6CEE3865F+4044735]
	GetHandleVerifier [0x00007FF6CEB09736+706710]
	(No symbol) [0x00007FF6CE9EB8DF]
	(No symbol) [0x00007FF6CE9E6AC4]
	(No symbol) [0x00007FF6CE9E6C1C]
	(No symbol) [0x00007FF6CE9D68D4]
	BaseThreadInitThunk [0x00007FF9494C257D+29]
	RtlUserThreadStart [0x00007FF94AC4AA58+40]

2024-04-03 13:14:36,143 [ERROR] automation Element located by i0116 is not present. Message: no such element: Unable to locate element: {"method":"css selector","selector":"[id="i0116"]"}
  (Session info: chrome=122.0.6261.131); For documentation on this error, please visit: https://www.selenium.dev/documentation/webdriver/troubleshooting/errors#no-such-element-exception
Stacktrace:
	GetHandleVerifier [0x00007FF6CEA6AD02+56930]
	(No symbol) [0x00007FF6CE9DF602]
	(No symbol) [0x00007FF6CE8942E5]
	(No symbol) [0x00007FF6CE8D98ED]
	(No symbol) [0x00007FF6CE8D9A2C]
	(No symbol) [0x00007FF6CE91A967]
	(No symbol) [0x00007FF6CE8FBCDF]
	(No symbol) [0x00007FF6CE9181E2]
	(No symbol) [0x00007FF6CE8FBA43]
	(No symbol) [0x00007FF6CE8CD438]
	(No symbol) [0x00007FF6CE8CE4D1]
	GetHandleVerifier [0x00007FF6CEDE6F8D+3711213]
	GetHandleVerifier [0x00007FF6CEE404CD+4077101]
	GetHandleVerifier [0x00007FF6CEE3865F+4044735]
	GetHandleVerifier [0x00007FF6CEB09736+706710]
	(No symbol) [0x00007FF6CE9EB8DF]
	(No symbol) [0x00007FF6CE9E6AC4]
	(No symbol) [0x00007FF6CE9E6C1C]
	(No symbol) [0x00007FF6CE9D68D4]
	BaseThreadInitThunk [0x00007FF9494C257D+29]
	RtlUserThreadStart [0x00007FF94AC4AA58+40]

2024-04-03 13:14:36,210 [ERROR] automation Element located by i0116 is not present. Message: no such element: Unable to locate element: {"method":"css selector","selector":"[id="i0116"]"}
  (Session info: chrome=122.0.6261.131); For documentation on this error, please visit: https://www.selenium.dev/documentation/webdriver/troubleshooting/errors#no-such-element-exception
Stacktrace:
	GetHandleVerifier [0x00007FF6CEA6AD02+56930]
	(No symbol) [0x00007FF6CE9DF602]
	(No symbol) [0x00007FF6CE8942E5]
	(No symbol) [0x00007FF6CE8D98ED]
	(No symbol) [0x00007FF6CE8D9A2C]
	(No symbol) [0x00007FF6CE91A967]
	(No symbol) [0x00007FF6CE8FBCDF]
	(No symbol) [0x00007FF6CE9181E2]
	(No symbol) [0x00007FF6CE8FBA43]
	(No symbol) [0x00007FF6CE8CD438]
	(No symbol) [0x00007FF6CE8CE4D1]
	GetHandleVerifier [0x00007FF6CEDE6F8D+3711213]
	GetHandleVerifier [0x00007FF6CEE404CD+4077101]
	GetHandleVerifier [0x00007FF6CEE3865F+4044735]
	GetHandleVerifier [0x00007FF6CEB09736+706710]
	(No symbol) [0x00007FF6CE9EB8DF]
	(No symbol) [0x00007FF6CE9E6AC4]
	(No symbol) [0x00007FF6CE9E6C1C]
	(No symbol) [0x00007FF6CE9D68D4]
	BaseThreadInitThunk [0x00007FF9494C257D+29]
	RtlUserThreadStart [0x00007FF94AC4AA58+40]

2024-04-03 13:14:36,286 [ERROR] automation Element located by i0116 is not present. Message: no such element: Unable to locate element: {"method":"css selector","selector":"[id="i0116"]"}
  (Session info: chrome=122.0.6261.131); For documentation on this error, please visit: https://www.selenium.dev/documentation/webdriver/troubleshooting/errors#no-such-element-exception
Stacktrace:
	GetHandleVerifier [0x00007FF6CEA6AD02+56930]
	(No symbol) [0x00007FF6CE9DF602]
	(No symbol) [0x00007FF6CE8942E5]
	(No symbol) [0x00007FF6CE8D98ED]
	(No symbol) [0x00007FF6CE8D9A2C]
	(No symbol) [0x00007FF6CE91A967]
	(No symbol) [0x00007FF6CE8FBCDF]
	(No symbol) [0x00007FF6CE9181E2]
	(No symbol) [0x00007FF6CE8FBA43]
	(No symbol) [0x00007FF6CE8CD438]
	(No symbol) [0x00007FF6CE8CE4D1]
	GetHandleVerifier [0x00007FF6CEDE6F8D+3711213]
	GetHandleVerifier [0x00007FF6CEE404CD+4077101]
	GetHandleVerifier [0x00007FF6CEE3865F+4044735]
	GetHandleVerifier [0x00007FF6CEB09736+706710]
	(No symbol) [0x00007FF6CE9EB8DF]
	(No symbol) [0x00007FF6CE9E6AC4]
	(No symbol) [0x00007FF6CE9E6C1C]
	(No symbol) [0x00007FF6CE9D68D4]
	BaseThreadInitThunk [0x00007FF9494C257D+29]
	RtlUserThreadStart [0x00007FF94AC4AA58+40]

2024-04-03 13:14:36,350 [ERROR] automation Element located by i0116 is not present. Message: no such element: Unable to locate element: {"method":"css selector","selector":"[id="i0116"]"}
  (Session info: chrome=122.0.6261.131); For documentation on this error, please visit: https://www.selenium.dev/documentation/webdriver/troubleshooting/errors#no-such-element-exception
Stacktrace:
	GetHandleVerifier [0x00007FF6CEA6AD02+56930]
	(No symbol) [0x00007FF6CE9DF602]
	(No symbol) [0x00007FF6CE8942E5]
	(No symbol) [0x00007FF6CE8D98ED]
	(No symbol) [0x00007FF6CE8D9A2C]
	(No symbol) [0x00007FF6CE91A967]
	(No symbol) [0x00007FF6CE8FBCDF]
	(No symbol) [0x00007FF6CE9181E2]
	(No symbol) [0x00007FF6CE8FBA43]
	(No symbol) [0x00007FF6CE8CD438]
	(No symbol) [0x00007FF6CE8CE4D1]
	GetHandleVerifier [0x00007FF6CEDE6F8D+3711213]
	GetHandleVerifier [0x00007FF6CEE404CD+4077101]
	GetHandleVerifier [0x00007FF6CEE3865F+4044735]
	GetHandleVerifier [0x00007FF6CEB09736+706710]
	(No symbol) [0x00007FF6CE9EB8DF]
	(No symbol) [0x00007FF6CE9E6AC4]
	(No symbol) [0x00007FF6CE9E6C1C]
	(No symbol) [0x00007FF6CE9D68D4]
	BaseThreadInitThunk [0x00007FF9494C257D+29]
	RtlUserThreadStart [0x00007FF94AC4AA58+40]

2024-04-03 13:14:37,439 [ERROR] automation Element located by i0116 is not present. Message: no such element: Unable to locate element: {"method":"css selector","selector":"[id="i0116"]"}
  (Session info: chrome=122.0.6261.131); For documentation on this error, please visit: https://www.selenium.dev/documentation/webdriver/troubleshooting/errors#no-such-element-exception
Stacktrace:
	GetHandleVerifier [0x00007FF6CEA6AD02+56930]
	(No symbol) [0x00007FF6CE9DF602]
	(No symbol) [0x00007FF6CE8942E5]
	(No symbol) [0x00007FF6CE8D98ED]
	(No symbol) [0x00007FF6CE8D9A2C]
	(No symbol) [0x00007FF6CE91A967]
	(No symbol) [0x00007FF6CE8FBCDF]
	(No symbol) [0x00007FF6CE9181E2]
	(No symbol) [0x00007FF6CE8FBA43]
	(No symbol) [0x00007FF6CE8CD438]
	(No symbol) [0x00007FF6CE8CE4D1]
	GetHandleVerifier [0x00007FF6CEDE6F8D+3711213]
	GetHandleVerifier [0x00007FF6CEE404CD+4077101]
	GetHandleVerifier [0x00007FF6CEE3865F+4044735]
	GetHandleVerifier [0x00007FF6CEB09736+706710]
	(No symbol) [0x00007FF6CE9EB8DF]
	(No symbol) [0x00007FF6CE9E6AC4]
	(No symbol) [0x00007FF6CE9E6C1C]
	(No symbol) [0x00007FF6CE9D68D4]
	BaseThreadInitThunk [0x00007FF9494C257D+29]
	RtlUserThreadStart [0x00007FF94AC4AA58+40]

2024-04-03 13:14:37,499 [ERROR] automation Element located by i0116 is not present. Message: no such element: Unable to locate element: {"method":"css selector","selector":"[id="i0116"]"}
  (Session info: chrome=122.0.6261.131); For documentation on this error, please visit: https://www.selenium.dev/documentation/webdriver/troubleshooting/errors#no-such-element-exception
Stacktrace:
	GetHandleVerifier [0x00007FF6CEA6AD02+56930]
	(No symbol) [0x00007FF6CE9DF602]
	(No symbol) [0x00007FF6CE8942E5]
	(No symbol) [0x00007FF6CE8D98ED]
	(No symbol) [0x00007FF6CE8D9A2C]
	(No symbol) [0x00007FF6CE91A967]
	(No symbol) [0x00007FF6CE8FBCDF]
	(No symbol) [0x00007FF6CE9181E2]
	(No symbol) [0x00007FF6CE8FBA43]
	(No symbol) [0x00007FF6CE8CD438]
	(No symbol) [0x00007FF6CE8CE4D1]
	GetHandleVerifier [0x00007FF6CEDE6F8D+3711213]
	GetHandleVerifier [0x00007FF6CEE404CD+4077101]
	GetHandleVerifier [0x00007FF6CEE3865F+4044735]
	GetHandleVerifier [0x00007FF6CEB09736+706710]
	(No symbol) [0x00007FF6CE9EB8DF]
	(No symbol) [0x00007FF6CE9E6AC4]
	(No symbol) [0x00007FF6CE9E6C1C]
	(No symbol) [0x00007FF6CE9D68D4]
	BaseThreadInitThunk [0x00007FF9494C257D+29]
	RtlUserThreadStart [0x00007FF94AC4AA58+40]

2024-04-03 13:14:37,723 [INFO] automation Element located by i0116 is present.
2024-04-03 13:14:45,286 [INFO] automation Element located by //div[@class='logo'] is present.
2024-04-03 13:14:49,493 [INFO] automation Element located by //div[@class='tableFixHead']/table/tbody/tr[contains(@class,'even_col')][1] is present.
2024-04-03 13:14:52,024 [INFO] automation Element located by //input[@formcontrolname='email'] is present.
2024-04-03 13:14:52,031 [INFO] automation Element located by //input[@formcontrolname='email'] is present.
2024-04-03 13:14:52,558 [ERROR] automation Element located by //span[contains(text(),'Email Address already exists')] is not present. Message: no such element: Unable to locate element: {"method":"xpath","selector":"//span[contains(text(),'Email Address already exists')]"}
  (Session info: chrome=122.0.6261.131); For documentation on this error, please visit: https://www.selenium.dev/documentation/webdriver/troubleshooting/errors#no-such-element-exception
Stacktrace:
	GetHandleVerifier [0x00007FF6CEA6AD02+56930]
	(No symbol) [0x00007FF6CE9DF602]
	(No symbol) [0x00007FF6CE8942E5]
	(No symbol) [0x00007FF6CE8D98ED]
	(No symbol) [0x00007FF6CE8D9A2C]
	(No symbol) [0x00007FF6CE91A967]
	(No symbol) [0x00007FF6CE8FBCDF]
	(No symbol) [0x00007FF6CE9181E2]
	(No symbol) [0x00007FF6CE8FBA43]
	(No symbol) [0x00007FF6CE8CD438]
	(No symbol) [0x00007FF6CE8CE4D1]
	GetHandleVerifier [0x00007FF6CEDE6F8D+3711213]
	GetHandleVerifier [0x00007FF6CEE404CD+4077101]
	GetHandleVerifier [0x00007FF6CEE3865F+4044735]
	GetHandleVerifier [0x00007FF6CEB09736+706710]
	(No symbol) [0x00007FF6CE9EB8DF]
	(No symbol) [0x00007FF6CE9E6AC4]
	(No symbol) [0x00007FF6CE9E6C1C]
	(No symbol) [0x00007FF6CE9D68D4]
	BaseThreadInitThunk [0x00007FF9494C257D+29]
	RtlUserThreadStart [0x00007FF94AC4AA58+40]

2024-04-03 13:14:52,577 [ERROR] automation Element located by //div[@role='alert' and contains(text(),'success') or contains(text(),'Success')] is not present. Message: no such element: Unable to locate element: {"method":"xpath","selector":"//div[@role='alert' and contains(text(),'success') or contains(text(),'Success')]"}
  (Session info: chrome=122.0.6261.131); For documentation on this error, please visit: https://www.selenium.dev/documentation/webdriver/troubleshooting/errors#no-such-element-exception
Stacktrace:
	GetHandleVerifier [0x00007FF6CEA6AD02+56930]
	(No symbol) [0x00007FF6CE9DF602]
	(No symbol) [0x00007FF6CE8942E5]
	(No symbol) [0x00007FF6CE8D98ED]
	(No symbol) [0x00007FF6CE8D9A2C]
	(No symbol) [0x00007FF6CE91A967]
	(No symbol) [0x00007FF6CE8FBCDF]
	(No symbol) [0x00007FF6CE9181E2]
	(No symbol) [0x00007FF6CE8FBA43]
	(No symbol) [0x00007FF6CE8CD438]
	(No symbol) [0x00007FF6CE8CE4D1]
	GetHandleVerifier [0x00007FF6CEDE6F8D+3711213]
	GetHandleVerifier [0x00007FF6CEE404CD+4077101]
	GetHandleVerifier [0x00007FF6CEE3865F+4044735]
	GetHandleVerifier [0x00007FF6CEB09736+706710]
	(No symbol) [0x00007FF6CE9EB8DF]
	(No symbol) [0x00007FF6CE9E6AC4]
	(No symbol) [0x00007FF6CE9E6C1C]
	(No symbol) [0x00007FF6CE9D68D4]
	BaseThreadInitThunk [0x00007FF9494C257D+29]
	RtlUserThreadStart [0x00007FF94AC4AA58+40]

2024-04-03 13:14:52,578 [INFO] automation Test passed.
2024-04-03 13:14:52,590 [INFO] automation Test has started.
2024-04-03 13:14:52,601 [INFO] automation Navigating to the https://chorusqa.cogninelabs.com/
2024-04-03 13:15:01,025 [ERROR] automation Element located by i0116 is not present. Message: no such element: Unable to locate element: {"method":"css selector","selector":"[id="i0116"]"}
  (Session info: chrome=122.0.6261.131); For documentation on this error, please visit: https://www.selenium.dev/documentation/webdriver/troubleshooting/errors#no-such-element-exception
Stacktrace:
	GetHandleVerifier [0x00007FF6CEA6AD02+56930]
	(No symbol) [0x00007FF6CE9DF602]
	(No symbol) [0x00007FF6CE8942E5]
	(No symbol) [0x00007FF6CE8D98ED]
	(No symbol) [0x00007FF6CE8D9A2C]
	(No symbol) [0x00007FF6CE91A967]
	(No symbol) [0x00007FF6CE8FBCDF]
	(No symbol) [0x00007FF6CE9181E2]
	(No symbol) [0x00007FF6CE8FBA43]
	(No symbol) [0x00007FF6CE8CD438]
	(No symbol) [0x00007FF6CE8CE4D1]
	GetHandleVerifier [0x00007FF6CEDE6F8D+3711213]
	GetHandleVerifier [0x00007FF6CEE404CD+4077101]
	GetHandleVerifier [0x00007FF6CEE3865F+4044735]
	GetHandleVerifier [0x00007FF6CEB09736+706710]
	(No symbol) [0x00007FF6CE9EB8DF]
	(No symbol) [0x00007FF6CE9E6AC4]
	(No symbol) [0x00007FF6CE9E6C1C]
	(No symbol) [0x00007FF6CE9D68D4]
	BaseThreadInitThunk [0x00007FF9494C257D+29]
	RtlUserThreadStart [0x00007FF94AC4AA58+40]

2024-04-03 13:15:01,094 [ERROR] automation Element located by i0116 is not present. Message: no such element: Unable to locate element: {"method":"css selector","selector":"[id="i0116"]"}
  (Session info: chrome=122.0.6261.131); For documentation on this error, please visit: https://www.selenium.dev/documentation/webdriver/troubleshooting/errors#no-such-element-exception
Stacktrace:
	GetHandleVerifier [0x00007FF6CEA6AD02+56930]
	(No symbol) [0x00007FF6CE9DF602]
	(No symbol) [0x00007FF6CE8942E5]
	(No symbol) [0x00007FF6CE8D98ED]
	(No symbol) [0x00007FF6CE8D9A2C]
	(No symbol) [0x00007FF6CE91A967]
	(No symbol) [0x00007FF6CE8FBCDF]
	(No symbol) [0x00007FF6CE9181E2]
	(No symbol) [0x00007FF6CE8FBA43]
	(No symbol) [0x00007FF6CE8CD438]
	(No symbol) [0x00007FF6CE8CE4D1]
	GetHandleVerifier [0x00007FF6CEDE6F8D+3711213]
	GetHandleVerifier [0x00007FF6CEE404CD+4077101]
	GetHandleVerifier [0x00007FF6CEE3865F+4044735]
	GetHandleVerifier [0x00007FF6CEB09736+706710]
	(No symbol) [0x00007FF6CE9EB8DF]
	(No symbol) [0x00007FF6CE9E6AC4]
	(No symbol) [0x00007FF6CE9E6C1C]
	(No symbol) [0x00007FF6CE9D68D4]
	BaseThreadInitThunk [0x00007FF9494C257D+29]
	RtlUserThreadStart [0x00007FF94AC4AA58+40]

2024-04-03 13:15:01,162 [ERROR] automation Element located by i0116 is not present. Message: no such element: Unable to locate element: {"method":"css selector","selector":"[id="i0116"]"}
  (Session info: chrome=122.0.6261.131); For documentation on this error, please visit: https://www.selenium.dev/documentation/webdriver/troubleshooting/errors#no-such-element-exception
Stacktrace:
	GetHandleVerifier [0x00007FF6CEA6AD02+56930]
	(No symbol) [0x00007FF6CE9DF602]
	(No symbol) [0x00007FF6CE8942E5]
	(No symbol) [0x00007FF6CE8D98ED]
	(No symbol) [0x00007FF6CE8D9A2C]
	(No symbol) [0x00007FF6CE91A967]
	(No symbol) [0x00007FF6CE8FBCDF]
	(No symbol) [0x00007FF6CE9181E2]
	(No symbol) [0x00007FF6CE8FBA43]
	(No symbol) [0x00007FF6CE8CD438]
	(No symbol) [0x00007FF6CE8CE4D1]
	GetHandleVerifier [0x00007FF6CEDE6F8D+3711213]
	GetHandleVerifier [0x00007FF6CEE404CD+4077101]
	GetHandleVerifier [0x00007FF6CEE3865F+4044735]
	GetHandleVerifier [0x00007FF6CEB09736+706710]
	(No symbol) [0x00007FF6CE9EB8DF]
	(No symbol) [0x00007FF6CE9E6AC4]
	(No symbol) [0x00007FF6CE9E6C1C]
	(No symbol) [0x00007FF6CE9D68D4]
	BaseThreadInitThunk [0x00007FF9494C257D+29]
	RtlUserThreadStart [0x00007FF94AC4AA58+40]

2024-04-03 13:15:01,229 [ERROR] automation Element located by i0116 is not present. Message: no such element: Unable to locate element: {"method":"css selector","selector":"[id="i0116"]"}
  (Session info: chrome=122.0.6261.131); For documentation on this error, please visit: https://www.selenium.dev/documentation/webdriver/troubleshooting/errors#no-such-element-exception
Stacktrace:
	GetHandleVerifier [0x00007FF6CEA6AD02+56930]
	(No symbol) [0x00007FF6CE9DF602]
	(No symbol) [0x00007FF6CE8942E5]
	(No symbol) [0x00007FF6CE8D98ED]
	(No symbol) [0x00007FF6CE8D9A2C]
	(No symbol) [0x00007FF6CE91A967]
	(No symbol) [0x00007FF6CE8FBCDF]
	(No symbol) [0x00007FF6CE9181E2]
	(No symbol) [0x00007FF6CE8FBA43]
	(No symbol) [0x00007FF6CE8CD438]
	(No symbol) [0x00007FF6CE8CE4D1]
	GetHandleVerifier [0x00007FF6CEDE6F8D+3711213]
	GetHandleVerifier [0x00007FF6CEE404CD+4077101]
	GetHandleVerifier [0x00007FF6CEE3865F+4044735]
	GetHandleVerifier [0x00007FF6CEB09736+706710]
	(No symbol) [0x00007FF6CE9EB8DF]
	(No symbol) [0x00007FF6CE9E6AC4]
	(No symbol) [0x00007FF6CE9E6C1C]
	(No symbol) [0x00007FF6CE9D68D4]
	BaseThreadInitThunk [0x00007FF9494C257D+29]
	RtlUserThreadStart [0x00007FF94AC4AA58+40]

2024-04-03 13:15:01,299 [ERROR] automation Element located by i0116 is not present. Message: no such element: Unable to locate element: {"method":"css selector","selector":"[id="i0116"]"}
  (Session info: chrome=122.0.6261.131); For documentation on this error, please visit: https://www.selenium.dev/documentation/webdriver/troubleshooting/errors#no-such-element-exception
Stacktrace:
	GetHandleVerifier [0x00007FF6CEA6AD02+56930]
	(No symbol) [0x00007FF6CE9DF602]
	(No symbol) [0x00007FF6CE8942E5]
	(No symbol) [0x00007FF6CE8D98ED]
	(No symbol) [0x00007FF6CE8D9A2C]
	(No symbol) [0x00007FF6CE91A967]
	(No symbol) [0x00007FF6CE8FBCDF]
	(No symbol) [0x00007FF6CE9181E2]
	(No symbol) [0x00007FF6CE8FBA43]
	(No symbol) [0x00007FF6CE8CD438]
	(No symbol) [0x00007FF6CE8CE4D1]
	GetHandleVerifier [0x00007FF6CEDE6F8D+3711213]
	GetHandleVerifier [0x00007FF6CEE404CD+4077101]
	GetHandleVerifier [0x00007FF6CEE3865F+4044735]
	GetHandleVerifier [0x00007FF6CEB09736+706710]
	(No symbol) [0x00007FF6CE9EB8DF]
	(No symbol) [0x00007FF6CE9E6AC4]
	(No symbol) [0x00007FF6CE9E6C1C]
	(No symbol) [0x00007FF6CE9D68D4]
	BaseThreadInitThunk [0x00007FF9494C257D+29]
	RtlUserThreadStart [0x00007FF94AC4AA58+40]

2024-04-03 13:15:01,367 [ERROR] automation Element located by i0116 is not present. Message: no such element: Unable to locate element: {"method":"css selector","selector":"[id="i0116"]"}
  (Session info: chrome=122.0.6261.131); For documentation on this error, please visit: https://www.selenium.dev/documentation/webdriver/troubleshooting/errors#no-such-element-exception
Stacktrace:
	GetHandleVerifier [0x00007FF6CEA6AD02+56930]
	(No symbol) [0x00007FF6CE9DF602]
	(No symbol) [0x00007FF6CE8942E5]
	(No symbol) [0x00007FF6CE8D98ED]
	(No symbol) [0x00007FF6CE8D9A2C]
	(No symbol) [0x00007FF6CE91A967]
	(No symbol) [0x00007FF6CE8FBCDF]
	(No symbol) [0x00007FF6CE9181E2]
	(No symbol) [0x00007FF6CE8FBA43]
	(No symbol) [0x00007FF6CE8CD438]
	(No symbol) [0x00007FF6CE8CE4D1]
	GetHandleVerifier [0x00007FF6CEDE6F8D+3711213]
	GetHandleVerifier [0x00007FF6CEE404CD+4077101]
	GetHandleVerifier [0x00007FF6CEE3865F+4044735]
	GetHandleVerifier [0x00007FF6CEB09736+706710]
	(No symbol) [0x00007FF6CE9EB8DF]
	(No symbol) [0x00007FF6CE9E6AC4]
	(No symbol) [0x00007FF6CE9E6C1C]
	(No symbol) [0x00007FF6CE9D68D4]
	BaseThreadInitThunk [0x00007FF9494C257D+29]
	RtlUserThreadStart [0x00007FF94AC4AA58+40]

2024-04-03 13:15:01,434 [ERROR] automation Element located by i0116 is not present. Message: no such element: Unable to locate element: {"method":"css selector","selector":"[id="i0116"]"}
  (Session info: chrome=122.0.6261.131); For documentation on this error, please visit: https://www.selenium.dev/documentation/webdriver/troubleshooting/errors#no-such-element-exception
Stacktrace:
	GetHandleVerifier [0x00007FF6CEA6AD02+56930]
	(No symbol) [0x00007FF6CE9DF602]
	(No symbol) [0x00007FF6CE8942E5]
	(No symbol) [0x00007FF6CE8D98ED]
	(No symbol) [0x00007FF6CE8D9A2C]
	(No symbol) [0x00007FF6CE91A967]
	(No symbol) [0x00007FF6CE8FBCDF]
	(No symbol) [0x00007FF6CE9181E2]
	(No symbol) [0x00007FF6CE8FBA43]
	(No symbol) [0x00007FF6CE8CD438]
	(No symbol) [0x00007FF6CE8CE4D1]
	GetHandleVerifier [0x00007FF6CEDE6F8D+3711213]
	GetHandleVerifier [0x00007FF6CEE404CD+4077101]
	GetHandleVerifier [0x00007FF6CEE3865F+4044735]
	GetHandleVerifier [0x00007FF6CEB09736+706710]
	(No symbol) [0x00007FF6CE9EB8DF]
	(No symbol) [0x00007FF6CE9E6AC4]
	(No symbol) [0x00007FF6CE9E6C1C]
	(No symbol) [0x00007FF6CE9D68D4]
	BaseThreadInitThunk [0x00007FF9494C257D+29]
	RtlUserThreadStart [0x00007FF94AC4AA58+40]

2024-04-03 13:15:02,367 [ERROR] automation Element located by i0116 is not present. Message: no such element: Unable to locate element: {"method":"css selector","selector":"[id="i0116"]"}
  (Session info: chrome=122.0.6261.131); For documentation on this error, please visit: https://www.selenium.dev/documentation/webdriver/troubleshooting/errors#no-such-element-exception
Stacktrace:
	GetHandleVerifier [0x00007FF6CEA6AD02+56930]
	(No symbol) [0x00007FF6CE9DF602]
	(No symbol) [0x00007FF6CE8942E5]
	(No symbol) [0x00007FF6CE8D98ED]
	(No symbol) [0x00007FF6CE8D9A2C]
	(No symbol) [0x00007FF6CE91A967]
	(No symbol) [0x00007FF6CE8FBCDF]
	(No symbol) [0x00007FF6CE9181E2]
	(No symbol) [0x00007FF6CE8FBA43]
	(No symbol) [0x00007FF6CE8CD438]
	(No symbol) [0x00007FF6CE8CE4D1]
	GetHandleVerifier [0x00007FF6CEDE6F8D+3711213]
	GetHandleVerifier [0x00007FF6CEE404CD+4077101]
	GetHandleVerifier [0x00007FF6CEE3865F+4044735]
	GetHandleVerifier [0x00007FF6CEB09736+706710]
	(No symbol) [0x00007FF6CE9EB8DF]
	(No symbol) [0x00007FF6CE9E6AC4]
	(No symbol) [0x00007FF6CE9E6C1C]
	(No symbol) [0x00007FF6CE9D68D4]
	BaseThreadInitThunk [0x00007FF9494C257D+29]
	RtlUserThreadStart [0x00007FF94AC4AA58+40]

2024-04-03 13:15:02,430 [ERROR] automation Element located by i0116 is not present. Message: no such element: Unable to locate element: {"method":"css selector","selector":"[id="i0116"]"}
  (Session info: chrome=122.0.6261.131); For documentation on this error, please visit: https://www.selenium.dev/documentation/webdriver/troubleshooting/errors#no-such-element-exception
Stacktrace:
	GetHandleVerifier [0x00007FF6CEA6AD02+56930]
	(No symbol) [0x00007FF6CE9DF602]
	(No symbol) [0x00007FF6CE8942E5]
	(No symbol) [0x00007FF6CE8D98ED]
	(No symbol) [0x00007FF6CE8D9A2C]
	(No symbol) [0x00007FF6CE91A967]
	(No symbol) [0x00007FF6CE8FBCDF]
	(No symbol) [0x00007FF6CE9181E2]
	(No symbol) [0x00007FF6CE8FBA43]
	(No symbol) [0x00007FF6CE8CD438]
	(No symbol) [0x00007FF6CE8CE4D1]
	GetHandleVerifier [0x00007FF6CEDE6F8D+3711213]
	GetHandleVerifier [0x00007FF6CEE404CD+4077101]
	GetHandleVerifier [0x00007FF6CEE3865F+4044735]
	GetHandleVerifier [0x00007FF6CEB09736+706710]
	(No symbol) [0x00007FF6CE9EB8DF]
	(No symbol) [0x00007FF6CE9E6AC4]
	(No symbol) [0x00007FF6CE9E6C1C]
	(No symbol) [0x00007FF6CE9D68D4]
	BaseThreadInitThunk [0x00007FF9494C257D+29]
	RtlUserThreadStart [0x00007FF94AC4AA58+40]

2024-04-03 13:15:02,500 [ERROR] automation Element located by i0116 is not present. Message: no such element: Unable to locate element: {"method":"css selector","selector":"[id="i0116"]"}
  (Session info: chrome=122.0.6261.131); For documentation on this error, please visit: https://www.selenium.dev/documentation/webdriver/troubleshooting/errors#no-such-element-exception
Stacktrace:
	GetHandleVerifier [0x00007FF6CEA6AD02+56930]
	(No symbol) [0x00007FF6CE9DF602]
	(No symbol) [0x00007FF6CE8942E5]
	(No symbol) [0x00007FF6CE8D98ED]
	(No symbol) [0x00007FF6CE8D9A2C]
	(No symbol) [0x00007FF6CE91A967]
	(No symbol) [0x00007FF6CE8FBCDF]
	(No symbol) [0x00007FF6CE9181E2]
	(No symbol) [0x00007FF6CE8FBA43]
	(No symbol) [0x00007FF6CE8CD438]
	(No symbol) [0x00007FF6CE8CE4D1]
	GetHandleVerifier [0x00007FF6CEDE6F8D+3711213]
	GetHandleVerifier [0x00007FF6CEE404CD+4077101]
	GetHandleVerifier [0x00007FF6CEE3865F+4044735]
	GetHandleVerifier [0x00007FF6CEB09736+706710]
	(No symbol) [0x00007FF6CE9EB8DF]
	(No symbol) [0x00007FF6CE9E6AC4]
	(No symbol) [0x00007FF6CE9E6C1C]
	(No symbol) [0x00007FF6CE9D68D4]
	BaseThreadInitThunk [0x00007FF9494C257D+29]
	RtlUserThreadStart [0x00007FF94AC4AA58+40]

2024-04-03 13:15:02,734 [INFO] automation Element located by i0116 is present.
2024-04-03 13:15:09,712 [INFO] automation Element located by //div[@class='logo'] is present.
2024-04-03 13:15:13,824 [INFO] automation Element located by //div[@class='tableFixHead']/table/tbody/tr[contains(@class,'even_col')][1] is present.
2024-04-03 13:15:16,351 [INFO] automation Element located by //input[@formcontrolname='title'] is present.
2024-04-03 13:15:16,736 [INFO] automation CPU Percent: 0.0	Virtual Memory: svmem(total=12635017216, available=1472012288, percent=88.3, used=11163004928, free=1472012288)
2024-04-03 13:15:16,853 [INFO] automation screenshot logged as: C:\Users\Thanusha Kotaprolu\Automation Projects\cognine-crm-automation\RunExecutionScripts\common\logs\screenshots\test_crm_bulk_email_page_smoke_test__fail03131516aad8.png
2024-04-03 13:15:16,853 [ERROR] automation Test failed.
