2024-04-01 14:34:37,223 [INFO] automation Test has started.
2024-04-01 14:34:37,223 [INFO] automation Navigating to the https://chorusqa.cogninelabs.com/
2024-04-01 14:34:43,094 [ERROR] automation Element located by i0116 is not present. Message: no such element: Unable to locate element: {"method":"css selector","selector":"[id="i0116"]"}
  (Session info: chrome=122.0.6261.131); For documentation on this error, please visit: https://www.selenium.dev/documentation/webdriver/troubleshooting/errors#no-such-element-exception
Stacktrace:
	GetHandleVerifier [0x00007FF77484AD02+56930]
	(No symbol) [0x00007FF7747BF602]
	(No symbol) [0x00007FF7746742E5]
	(No symbol) [0x00007FF7746B98ED]
	(No symbol) [0x00007FF7746B9A2C]
	(No symbol) [0x00007FF7746FA967]
	(No symbol) [0x00007FF7746DBCDF]
	(No symbol) [0x00007FF7746F81E2]
	(No symbol) [0x00007FF7746DBA43]
	(No symbol) [0x00007FF7746AD438]
	(No symbol) [0x00007FF7746AE4D1]
	GetHandleVerifier [0x00007FF774BC6F8D+3711213]
	GetHandleVerifier [0x00007FF774C204CD+4077101]
	GetHandleVerifier [0x00007FF774C1865F+4044735]
	GetHandleVerifier [0x00007FF7748E9736+706710]
	(No symbol) [0x00007FF7747CB8DF]
	(No symbol) [0x00007FF7747C6AC4]
	(No symbol) [0x00007FF7747C6C1C]
	(No symbol) [0x00007FF7747B68D4]
	BaseThreadInitThunk [0x00007FF9494C257D+29]
	RtlUserThreadStart [0x00007FF94AC4AA58+40]

2024-04-01 14:34:43,163 [ERROR] automation Element located by i0116 is not present. Message: no such element: Unable to locate element: {"method":"css selector","selector":"[id="i0116"]"}
  (Session info: chrome=122.0.6261.131); For documentation on this error, please visit: https://www.selenium.dev/documentation/webdriver/troubleshooting/errors#no-such-element-exception
Stacktrace:
	GetHandleVerifier [0x00007FF77484AD02+56930]
	(No symbol) [0x00007FF7747BF602]
	(No symbol) [0x00007FF7746742E5]
	(No symbol) [0x00007FF7746B98ED]
	(No symbol) [0x00007FF7746B9A2C]
	(No symbol) [0x00007FF7746FA967]
	(No symbol) [0x00007FF7746DBCDF]
	(No symbol) [0x00007FF7746F81E2]
	(No symbol) [0x00007FF7746DBA43]
	(No symbol) [0x00007FF7746AD438]
	(No symbol) [0x00007FF7746AE4D1]
	GetHandleVerifier [0x00007FF774BC6F8D+3711213]
	GetHandleVerifier [0x00007FF774C204CD+4077101]
	GetHandleVerifier [0x00007FF774C1865F+4044735]
	GetHandleVerifier [0x00007FF7748E9736+706710]
	(No symbol) [0x00007FF7747CB8DF]
	(No symbol) [0x00007FF7747C6AC4]
	(No symbol) [0x00007FF7747C6C1C]
	(No symbol) [0x00007FF7747B68D4]
	BaseThreadInitThunk [0x00007FF9494C257D+29]
	RtlUserThreadStart [0x00007FF94AC4AA58+40]

2024-04-01 14:34:43,231 [ERROR] automation Element located by i0116 is not present. Message: no such element: Unable to locate element: {"method":"css selector","selector":"[id="i0116"]"}
  (Session info: chrome=122.0.6261.131); For documentation on this error, please visit: https://www.selenium.dev/documentation/webdriver/troubleshooting/errors#no-such-element-exception
Stacktrace:
	GetHandleVerifier [0x00007FF77484AD02+56930]
	(No symbol) [0x00007FF7747BF602]
	(No symbol) [0x00007FF7746742E5]
	(No symbol) [0x00007FF7746B98ED]
	(No symbol) [0x00007FF7746B9A2C]
	(No symbol) [0x00007FF7746FA967]
	(No symbol) [0x00007FF7746DBCDF]
	(No symbol) [0x00007FF7746F81E2]
	(No symbol) [0x00007FF7746DBA43]
	(No symbol) [0x00007FF7746AD438]
	(No symbol) [0x00007FF7746AE4D1]
	GetHandleVerifier [0x00007FF774BC6F8D+3711213]
	GetHandleVerifier [0x00007FF774C204CD+4077101]
	GetHandleVerifier [0x00007FF774C1865F+4044735]
	GetHandleVerifier [0x00007FF7748E9736+706710]
	(No symbol) [0x00007FF7747CB8DF]
	(No symbol) [0x00007FF7747C6AC4]
	(No symbol) [0x00007FF7747C6C1C]
	(No symbol) [0x00007FF7747B68D4]
	BaseThreadInitThunk [0x00007FF9494C257D+29]
	RtlUserThreadStart [0x00007FF94AC4AA58+40]

2024-04-01 14:34:43,300 [ERROR] automation Element located by i0116 is not present. Message: no such element: Unable to locate element: {"method":"css selector","selector":"[id="i0116"]"}
  (Session info: chrome=122.0.6261.131); For documentation on this error, please visit: https://www.selenium.dev/documentation/webdriver/troubleshooting/errors#no-such-element-exception
Stacktrace:
	GetHandleVerifier [0x00007FF77484AD02+56930]
	(No symbol) [0x00007FF7747BF602]
	(No symbol) [0x00007FF7746742E5]
	(No symbol) [0x00007FF7746B98ED]
	(No symbol) [0x00007FF7746B9A2C]
	(No symbol) [0x00007FF7746FA967]
	(No symbol) [0x00007FF7746DBCDF]
	(No symbol) [0x00007FF7746F81E2]
	(No symbol) [0x00007FF7746DBA43]
	(No symbol) [0x00007FF7746AD438]
	(No symbol) [0x00007FF7746AE4D1]
	GetHandleVerifier [0x00007FF774BC6F8D+3711213]
	GetHandleVerifier [0x00007FF774C204CD+4077101]
	GetHandleVerifier [0x00007FF774C1865F+4044735]
	GetHandleVerifier [0x00007FF7748E9736+706710]
	(No symbol) [0x00007FF7747CB8DF]
	(No symbol) [0x00007FF7747C6AC4]
	(No symbol) [0x00007FF7747C6C1C]
	(No symbol) [0x00007FF7747B68D4]
	BaseThreadInitThunk [0x00007FF9494C257D+29]
	RtlUserThreadStart [0x00007FF94AC4AA58+40]

2024-04-01 14:34:43,368 [ERROR] automation Element located by i0116 is not present. Message: no such element: Unable to locate element: {"method":"css selector","selector":"[id="i0116"]"}
  (Session info: chrome=122.0.6261.131); For documentation on this error, please visit: https://www.selenium.dev/documentation/webdriver/troubleshooting/errors#no-such-element-exception
Stacktrace:
	GetHandleVerifier [0x00007FF77484AD02+56930]
	(No symbol) [0x00007FF7747BF602]
	(No symbol) [0x00007FF7746742E5]
	(No symbol) [0x00007FF7746B98ED]
	(No symbol) [0x00007FF7746B9A2C]
	(No symbol) [0x00007FF7746FA967]
	(No symbol) [0x00007FF7746DBCDF]
	(No symbol) [0x00007FF7746F81E2]
	(No symbol) [0x00007FF7746DBA43]
	(No symbol) [0x00007FF7746AD438]
	(No symbol) [0x00007FF7746AE4D1]
	GetHandleVerifier [0x00007FF774BC6F8D+3711213]
	GetHandleVerifier [0x00007FF774C204CD+4077101]
	GetHandleVerifier [0x00007FF774C1865F+4044735]
	GetHandleVerifier [0x00007FF7748E9736+706710]
	(No symbol) [0x00007FF7747CB8DF]
	(No symbol) [0x00007FF7747C6AC4]
	(No symbol) [0x00007FF7747C6C1C]
	(No symbol) [0x00007FF7747B68D4]
	BaseThreadInitThunk [0x00007FF9494C257D+29]
	RtlUserThreadStart [0x00007FF94AC4AA58+40]

2024-04-01 14:34:43,436 [ERROR] automation Element located by i0116 is not present. Message: no such element: Unable to locate element: {"method":"css selector","selector":"[id="i0116"]"}
  (Session info: chrome=122.0.6261.131); For documentation on this error, please visit: https://www.selenium.dev/documentation/webdriver/troubleshooting/errors#no-such-element-exception
Stacktrace:
	GetHandleVerifier [0x00007FF77484AD02+56930]
	(No symbol) [0x00007FF7747BF602]
	(No symbol) [0x00007FF7746742E5]
	(No symbol) [0x00007FF7746B98ED]
	(No symbol) [0x00007FF7746B9A2C]
	(No symbol) [0x00007FF7746FA967]
	(No symbol) [0x00007FF7746DBCDF]
	(No symbol) [0x00007FF7746F81E2]
	(No symbol) [0x00007FF7746DBA43]
	(No symbol) [0x00007FF7746AD438]
	(No symbol) [0x00007FF7746AE4D1]
	GetHandleVerifier [0x00007FF774BC6F8D+3711213]
	GetHandleVerifier [0x00007FF774C204CD+4077101]
	GetHandleVerifier [0x00007FF774C1865F+4044735]
	GetHandleVerifier [0x00007FF7748E9736+706710]
	(No symbol) [0x00007FF7747CB8DF]
	(No symbol) [0x00007FF7747C6AC4]
	(No symbol) [0x00007FF7747C6C1C]
	(No symbol) [0x00007FF7747B68D4]
	BaseThreadInitThunk [0x00007FF9494C257D+29]
	RtlUserThreadStart [0x00007FF94AC4AA58+40]

2024-04-01 14:34:44,665 [ERROR] automation Element located by i0116 is not present. Message: no such element: Unable to locate element: {"method":"css selector","selector":"[id="i0116"]"}
  (Session info: chrome=122.0.6261.131); For documentation on this error, please visit: https://www.selenium.dev/documentation/webdriver/troubleshooting/errors#no-such-element-exception
Stacktrace:
	GetHandleVerifier [0x00007FF77484AD02+56930]
	(No symbol) [0x00007FF7747BF602]
	(No symbol) [0x00007FF7746742E5]
	(No symbol) [0x00007FF7746B98ED]
	(No symbol) [0x00007FF7746B9A2C]
	(No symbol) [0x00007FF7746FA967]
	(No symbol) [0x00007FF7746DBCDF]
	(No symbol) [0x00007FF7746F81E2]
	(No symbol) [0x00007FF7746DBA43]
	(No symbol) [0x00007FF7746AD438]
	(No symbol) [0x00007FF7746AE4D1]
	GetHandleVerifier [0x00007FF774BC6F8D+3711213]
	GetHandleVerifier [0x00007FF774C204CD+4077101]
	GetHandleVerifier [0x00007FF774C1865F+4044735]
	GetHandleVerifier [0x00007FF7748E9736+706710]
	(No symbol) [0x00007FF7747CB8DF]
	(No symbol) [0x00007FF7747C6AC4]
	(No symbol) [0x00007FF7747C6C1C]
	(No symbol) [0x00007FF7747B68D4]
	BaseThreadInitThunk [0x00007FF9494C257D+29]
	RtlUserThreadStart [0x00007FF94AC4AA58+40]

2024-04-01 14:34:44,725 [ERROR] automation Element located by i0116 is not present. Message: no such element: Unable to locate element: {"method":"css selector","selector":"[id="i0116"]"}
  (Session info: chrome=122.0.6261.131); For documentation on this error, please visit: https://www.selenium.dev/documentation/webdriver/troubleshooting/errors#no-such-element-exception
Stacktrace:
	GetHandleVerifier [0x00007FF77484AD02+56930]
	(No symbol) [0x00007FF7747BF602]
	(No symbol) [0x00007FF7746742E5]
	(No symbol) [0x00007FF7746B98ED]
	(No symbol) [0x00007FF7746B9A2C]
	(No symbol) [0x00007FF7746FA967]
	(No symbol) [0x00007FF7746DBCDF]
	(No symbol) [0x00007FF7746F81E2]
	(No symbol) [0x00007FF7746DBA43]
	(No symbol) [0x00007FF7746AD438]
	(No symbol) [0x00007FF7746AE4D1]
	GetHandleVerifier [0x00007FF774BC6F8D+3711213]
	GetHandleVerifier [0x00007FF774C204CD+4077101]
	GetHandleVerifier [0x00007FF774C1865F+4044735]
	GetHandleVerifier [0x00007FF7748E9736+706710]
	(No symbol) [0x00007FF7747CB8DF]
	(No symbol) [0x00007FF7747C6AC4]
	(No symbol) [0x00007FF7747C6C1C]
	(No symbol) [0x00007FF7747B68D4]
	BaseThreadInitThunk [0x00007FF9494C257D+29]
	RtlUserThreadStart [0x00007FF94AC4AA58+40]

2024-04-01 14:34:44,915 [INFO] automation Element located by i0116 is present.
2024-04-01 14:34:52,221 [INFO] automation Element located by //div[@class='logo'] is present.
2024-04-01 14:34:56,425 [INFO] automation Element located by //div[@class='tableFixHead']/table/tbody/tr[contains(@class,'even_col')][1] is present.
2024-04-01 14:34:58,893 [INFO] automation Element located by //input[@formcontrolname='title'] is present.
2024-04-01 14:34:58,895 [INFO] automation Element located by //input[@formcontrolname='title'] is present.
2024-04-01 14:34:59,831 [INFO] automation CPU Percent: 7.1	Virtual Memory: svmem(total=12635017216, available=1073893376, percent=91.5, used=11561123840, free=1073893376)
2024-04-01 14:34:59,952 [INFO] automation screenshot logged as: C:\Users\Thanusha Kotaprolu\Automation Projects\cognine-crm-automation\RunExecutionScripts\common\logs\screenshots\test_crm_email_drafts_page_smoke_test__fail0114345921a1.png
2024-04-01 14:34:59,952 [ERROR] automation Test failed.
