2024-03-28 16:13:01,534 [INFO] automation Test has started.
2024-03-28 16:13:01,534 [INFO] automation Navigating to the https://chorusqa.cogninelabs.com/
2024-03-28 16:13:08,867 [ERROR] automation Element located by i0116 is not present. Message: no such element: Unable to locate element: {"method":"css selector","selector":"[id="i0116"]"}
  (Session info: chrome=122.0.6261.131); For documentation on this error, please visit: https://www.selenium.dev/documentation/webdriver/troubleshooting/errors#no-such-element-exception
Stacktrace:
	GetHandleVerifier [0x00007FF69A42AD02+56930]
	(No symbol) [0x00007FF69A39F602]
	(No symbol) [0x00007FF69A2542E5]
	(No symbol) [0x00007FF69A2998ED]
	(No symbol) [0x00007FF69A299A2C]
	(No symbol) [0x00007FF69A2DA967]
	(No symbol) [0x00007FF69A2BBCDF]
	(No symbol) [0x00007FF69A2D81E2]
	(No symbol) [0x00007FF69A2BBA43]
	(No symbol) [0x00007FF69A28D438]
	(No symbol) [0x00007FF69A28E4D1]
	GetHandleVerifier [0x00007FF69A7A6F8D+3711213]
	GetHandleVerifier [0x00007FF69A8004CD+4077101]
	GetHandleVerifier [0x00007FF69A7F865F+4044735]
	GetHandleVerifier [0x00007FF69A4C9736+706710]
	(No symbol) [0x00007FF69A3AB8DF]
	(No symbol) [0x00007FF69A3A6AC4]
	(No symbol) [0x00007FF69A3A6C1C]
	(No symbol) [0x00007FF69A3968D4]
	BaseThreadInitThunk [0x00007FF9494C257D+29]
	RtlUserThreadStart [0x00007FF94AC4AA58+40]

2024-03-28 16:13:08,946 [ERROR] automation Element located by i0116 is not present. Message: no such element: Unable to locate element: {"method":"css selector","selector":"[id="i0116"]"}
  (Session info: chrome=122.0.6261.131); For documentation on this error, please visit: https://www.selenium.dev/documentation/webdriver/troubleshooting/errors#no-such-element-exception
Stacktrace:
	GetHandleVerifier [0x00007FF69A42AD02+56930]
	(No symbol) [0x00007FF69A39F602]
	(No symbol) [0x00007FF69A2542E5]
	(No symbol) [0x00007FF69A2998ED]
	(No symbol) [0x00007FF69A299A2C]
	(No symbol) [0x00007FF69A2DA967]
	(No symbol) [0x00007FF69A2BBCDF]
	(No symbol) [0x00007FF69A2D81E2]
	(No symbol) [0x00007FF69A2BBA43]
	(No symbol) [0x00007FF69A28D438]
	(No symbol) [0x00007FF69A28E4D1]
	GetHandleVerifier [0x00007FF69A7A6F8D+3711213]
	GetHandleVerifier [0x00007FF69A8004CD+4077101]
	GetHandleVerifier [0x00007FF69A7F865F+4044735]
	GetHandleVerifier [0x00007FF69A4C9736+706710]
	(No symbol) [0x00007FF69A3AB8DF]
	(No symbol) [0x00007FF69A3A6AC4]
	(No symbol) [0x00007FF69A3A6C1C]
	(No symbol) [0x00007FF69A3968D4]
	BaseThreadInitThunk [0x00007FF9494C257D+29]
	RtlUserThreadStart [0x00007FF94AC4AA58+40]

2024-03-28 16:13:09,016 [ERROR] automation Element located by i0116 is not present. Message: no such element: Unable to locate element: {"method":"css selector","selector":"[id="i0116"]"}
  (Session info: chrome=122.0.6261.131); For documentation on this error, please visit: https://www.selenium.dev/documentation/webdriver/troubleshooting/errors#no-such-element-exception
Stacktrace:
	GetHandleVerifier [0x00007FF69A42AD02+56930]
	(No symbol) [0x00007FF69A39F602]
	(No symbol) [0x00007FF69A2542E5]
	(No symbol) [0x00007FF69A2998ED]
	(No symbol) [0x00007FF69A299A2C]
	(No symbol) [0x00007FF69A2DA967]
	(No symbol) [0x00007FF69A2BBCDF]
	(No symbol) [0x00007FF69A2D81E2]
	(No symbol) [0x00007FF69A2BBA43]
	(No symbol) [0x00007FF69A28D438]
	(No symbol) [0x00007FF69A28E4D1]
	GetHandleVerifier [0x00007FF69A7A6F8D+3711213]
	GetHandleVerifier [0x00007FF69A8004CD+4077101]
	GetHandleVerifier [0x00007FF69A7F865F+4044735]
	GetHandleVerifier [0x00007FF69A4C9736+706710]
	(No symbol) [0x00007FF69A3AB8DF]
	(No symbol) [0x00007FF69A3A6AC4]
	(No symbol) [0x00007FF69A3A6C1C]
	(No symbol) [0x00007FF69A3968D4]
	BaseThreadInitThunk [0x00007FF9494C257D+29]
	RtlUserThreadStart [0x00007FF94AC4AA58+40]

2024-03-28 16:13:09,085 [ERROR] automation Element located by i0116 is not present. Message: no such element: Unable to locate element: {"method":"css selector","selector":"[id="i0116"]"}
  (Session info: chrome=122.0.6261.131); For documentation on this error, please visit: https://www.selenium.dev/documentation/webdriver/troubleshooting/errors#no-such-element-exception
Stacktrace:
	GetHandleVerifier [0x00007FF69A42AD02+56930]
	(No symbol) [0x00007FF69A39F602]
	(No symbol) [0x00007FF69A2542E5]
	(No symbol) [0x00007FF69A2998ED]
	(No symbol) [0x00007FF69A299A2C]
	(No symbol) [0x00007FF69A2DA967]
	(No symbol) [0x00007FF69A2BBCDF]
	(No symbol) [0x00007FF69A2D81E2]
	(No symbol) [0x00007FF69A2BBA43]
	(No symbol) [0x00007FF69A28D438]
	(No symbol) [0x00007FF69A28E4D1]
	GetHandleVerifier [0x00007FF69A7A6F8D+3711213]
	GetHandleVerifier [0x00007FF69A8004CD+4077101]
	GetHandleVerifier [0x00007FF69A7F865F+4044735]
	GetHandleVerifier [0x00007FF69A4C9736+706710]
	(No symbol) [0x00007FF69A3AB8DF]
	(No symbol) [0x00007FF69A3A6AC4]
	(No symbol) [0x00007FF69A3A6C1C]
	(No symbol) [0x00007FF69A3968D4]
	BaseThreadInitThunk [0x00007FF9494C257D+29]
	RtlUserThreadStart [0x00007FF94AC4AA58+40]

2024-03-28 16:13:09,156 [ERROR] automation Element located by i0116 is not present. Message: no such element: Unable to locate element: {"method":"css selector","selector":"[id="i0116"]"}
  (Session info: chrome=122.0.6261.131); For documentation on this error, please visit: https://www.selenium.dev/documentation/webdriver/troubleshooting/errors#no-such-element-exception
Stacktrace:
	GetHandleVerifier [0x00007FF69A42AD02+56930]
	(No symbol) [0x00007FF69A39F602]
	(No symbol) [0x00007FF69A2542E5]
	(No symbol) [0x00007FF69A2998ED]
	(No symbol) [0x00007FF69A299A2C]
	(No symbol) [0x00007FF69A2DA967]
	(No symbol) [0x00007FF69A2BBCDF]
	(No symbol) [0x00007FF69A2D81E2]
	(No symbol) [0x00007FF69A2BBA43]
	(No symbol) [0x00007FF69A28D438]
	(No symbol) [0x00007FF69A28E4D1]
	GetHandleVerifier [0x00007FF69A7A6F8D+3711213]
	GetHandleVerifier [0x00007FF69A8004CD+4077101]
	GetHandleVerifier [0x00007FF69A7F865F+4044735]
	GetHandleVerifier [0x00007FF69A4C9736+706710]
	(No symbol) [0x00007FF69A3AB8DF]
	(No symbol) [0x00007FF69A3A6AC4]
	(No symbol) [0x00007FF69A3A6C1C]
	(No symbol) [0x00007FF69A3968D4]
	BaseThreadInitThunk [0x00007FF9494C257D+29]
	RtlUserThreadStart [0x00007FF94AC4AA58+40]

2024-03-28 16:13:09,224 [ERROR] automation Element located by i0116 is not present. Message: no such element: Unable to locate element: {"method":"css selector","selector":"[id="i0116"]"}
  (Session info: chrome=122.0.6261.131); For documentation on this error, please visit: https://www.selenium.dev/documentation/webdriver/troubleshooting/errors#no-such-element-exception
Stacktrace:
	GetHandleVerifier [0x00007FF69A42AD02+56930]
	(No symbol) [0x00007FF69A39F602]
	(No symbol) [0x00007FF69A2542E5]
	(No symbol) [0x00007FF69A2998ED]
	(No symbol) [0x00007FF69A299A2C]
	(No symbol) [0x00007FF69A2DA967]
	(No symbol) [0x00007FF69A2BBCDF]
	(No symbol) [0x00007FF69A2D81E2]
	(No symbol) [0x00007FF69A2BBA43]
	(No symbol) [0x00007FF69A28D438]
	(No symbol) [0x00007FF69A28E4D1]
	GetHandleVerifier [0x00007FF69A7A6F8D+3711213]
	GetHandleVerifier [0x00007FF69A8004CD+4077101]
	GetHandleVerifier [0x00007FF69A7F865F+4044735]
	GetHandleVerifier [0x00007FF69A4C9736+706710]
	(No symbol) [0x00007FF69A3AB8DF]
	(No symbol) [0x00007FF69A3A6AC4]
	(No symbol) [0x00007FF69A3A6C1C]
	(No symbol) [0x00007FF69A3968D4]
	BaseThreadInitThunk [0x00007FF9494C257D+29]
	RtlUserThreadStart [0x00007FF94AC4AA58+40]

2024-03-28 16:13:10,358 [ERROR] automation Element located by i0116 is not present. Message: no such element: Unable to locate element: {"method":"css selector","selector":"[id="i0116"]"}
  (Session info: chrome=122.0.6261.131); For documentation on this error, please visit: https://www.selenium.dev/documentation/webdriver/troubleshooting/errors#no-such-element-exception
Stacktrace:
	GetHandleVerifier [0x00007FF69A42AD02+56930]
	(No symbol) [0x00007FF69A39F602]
	(No symbol) [0x00007FF69A2542E5]
	(No symbol) [0x00007FF69A2998ED]
	(No symbol) [0x00007FF69A299A2C]
	(No symbol) [0x00007FF69A2DA967]
	(No symbol) [0x00007FF69A2BBCDF]
	(No symbol) [0x00007FF69A2D81E2]
	(No symbol) [0x00007FF69A2BBA43]
	(No symbol) [0x00007FF69A28D438]
	(No symbol) [0x00007FF69A28E4D1]
	GetHandleVerifier [0x00007FF69A7A6F8D+3711213]
	GetHandleVerifier [0x00007FF69A8004CD+4077101]
	GetHandleVerifier [0x00007FF69A7F865F+4044735]
	GetHandleVerifier [0x00007FF69A4C9736+706710]
	(No symbol) [0x00007FF69A3AB8DF]
	(No symbol) [0x00007FF69A3A6AC4]
	(No symbol) [0x00007FF69A3A6C1C]
	(No symbol) [0x00007FF69A3968D4]
	BaseThreadInitThunk [0x00007FF9494C257D+29]
	RtlUserThreadStart [0x00007FF94AC4AA58+40]

2024-03-28 16:13:10,425 [ERROR] automation Element located by i0116 is not present. Message: no such element: Unable to locate element: {"method":"css selector","selector":"[id="i0116"]"}
  (Session info: chrome=122.0.6261.131); For documentation on this error, please visit: https://www.selenium.dev/documentation/webdriver/troubleshooting/errors#no-such-element-exception
Stacktrace:
	GetHandleVerifier [0x00007FF69A42AD02+56930]
	(No symbol) [0x00007FF69A39F602]
	(No symbol) [0x00007FF69A2542E5]
	(No symbol) [0x00007FF69A2998ED]
	(No symbol) [0x00007FF69A299A2C]
	(No symbol) [0x00007FF69A2DA967]
	(No symbol) [0x00007FF69A2BBCDF]
	(No symbol) [0x00007FF69A2D81E2]
	(No symbol) [0x00007FF69A2BBA43]
	(No symbol) [0x00007FF69A28D438]
	(No symbol) [0x00007FF69A28E4D1]
	GetHandleVerifier [0x00007FF69A7A6F8D+3711213]
	GetHandleVerifier [0x00007FF69A8004CD+4077101]
	GetHandleVerifier [0x00007FF69A7F865F+4044735]
	GetHandleVerifier [0x00007FF69A4C9736+706710]
	(No symbol) [0x00007FF69A3AB8DF]
	(No symbol) [0x00007FF69A3A6AC4]
	(No symbol) [0x00007FF69A3A6C1C]
	(No symbol) [0x00007FF69A3968D4]
	BaseThreadInitThunk [0x00007FF9494C257D+29]
	RtlUserThreadStart [0x00007FF94AC4AA58+40]

2024-03-28 16:13:10,489 [ERROR] automation Element located by i0116 is not present. Message: no such element: Unable to locate element: {"method":"css selector","selector":"[id="i0116"]"}
  (Session info: chrome=122.0.6261.131); For documentation on this error, please visit: https://www.selenium.dev/documentation/webdriver/troubleshooting/errors#no-such-element-exception
Stacktrace:
	GetHandleVerifier [0x00007FF69A42AD02+56930]
	(No symbol) [0x00007FF69A39F602]
	(No symbol) [0x00007FF69A2542E5]
	(No symbol) [0x00007FF69A2998ED]
	(No symbol) [0x00007FF69A299A2C]
	(No symbol) [0x00007FF69A2DA967]
	(No symbol) [0x00007FF69A2BBCDF]
	(No symbol) [0x00007FF69A2D81E2]
	(No symbol) [0x00007FF69A2BBA43]
	(No symbol) [0x00007FF69A28D438]
	(No symbol) [0x00007FF69A28E4D1]
	GetHandleVerifier [0x00007FF69A7A6F8D+3711213]
	GetHandleVerifier [0x00007FF69A8004CD+4077101]
	GetHandleVerifier [0x00007FF69A7F865F+4044735]
	GetHandleVerifier [0x00007FF69A4C9736+706710]
	(No symbol) [0x00007FF69A3AB8DF]
	(No symbol) [0x00007FF69A3A6AC4]
	(No symbol) [0x00007FF69A3A6C1C]
	(No symbol) [0x00007FF69A3968D4]
	BaseThreadInitThunk [0x00007FF9494C257D+29]
	RtlUserThreadStart [0x00007FF94AC4AA58+40]

2024-03-28 16:13:10,669 [INFO] automation Element located by i0116 is present.
2024-03-28 16:13:18,366 [INFO] automation Element located by //div[@class='logo'] is present.
2024-03-28 16:13:24,262 [INFO] automation Element located by //div[@class='tableFixHead']/table/tbody/tr[contains(@class,'even_col')][1] is present.
2024-03-28 16:13:26,924 [INFO] automation Element located by //input[@formcontrolname='title'] is present.
2024-03-28 16:13:26,924 [INFO] automation Element located by //input[@formcontrolname='title'] is present.
2024-03-28 16:13:27,940 [INFO] automation Element located by //input[@formcontrolname='title'] is present.
2024-03-28 16:13:28,639 [INFO] automation CPU Percent: 4.3	Virtual Memory: svmem(total=12635017216, available=1776668672, percent=85.9, used=10858348544, free=1776668672)
2024-03-28 16:13:28,777 [INFO] automation screenshot logged as: C:\Users\Thanusha Kotaprolu\Automation Projects\cognine-crm-automation\RunExecutionScripts\common\logs\screenshots\test_crm_bulk_email_page_smoke_test__fail28161328e356.png
2024-03-28 16:13:28,777 [ERROR] automation Test failed.
