2024-04-03 18:01:52,045 [INFO] automation Test has started.
2024-04-03 18:01:52,046 [INFO] automation Navigating to the https://chorusqa.cogninelabs.com/
2024-04-03 18:01:58,642 [ERROR] automation Element located by i0116 is not present. Message: no such element: Unable to locate element: {"method":"css selector","selector":"[id="i0116"]"}
  (Session info: chrome=122.0.6261.131); For documentation on this error, please visit: https://www.selenium.dev/documentation/webdriver/troubleshooting/errors#no-such-element-exception
Stacktrace:
	GetHandleVerifier [0x00007FF72BD2AD02+56930]
	(No symbol) [0x00007FF72BC9F602]
	(No symbol) [0x00007FF72BB542E5]
	(No symbol) [0x00007FF72BB998ED]
	(No symbol) [0x00007FF72BB99A2C]
	(No symbol) [0x00007FF72BBDA967]
	(No symbol) [0x00007FF72BBBBCDF]
	(No symbol) [0x00007FF72BBD81E2]
	(No symbol) [0x00007FF72BBBBA43]
	(No symbol) [0x00007FF72BB8D438]
	(No symbol) [0x00007FF72BB8E4D1]
	GetHandleVerifier [0x00007FF72C0A6F8D+3711213]
	GetHandleVerifier [0x00007FF72C1004CD+4077101]
	GetHandleVerifier [0x00007FF72C0F865F+4044735]
	GetHandleVerifier [0x00007FF72BDC9736+706710]
	(No symbol) [0x00007FF72BCAB8DF]
	(No symbol) [0x00007FF72BCA6AC4]
	(No symbol) [0x00007FF72BCA6C1C]
	(No symbol) [0x00007FF72BC968D4]
	BaseThreadInitThunk [0x00007FF9494C257D+29]
	RtlUserThreadStart [0x00007FF94AC4AA58+40]

2024-04-03 18:01:58,701 [ERROR] automation Element located by i0116 is not present. Message: no such element: Unable to locate element: {"method":"css selector","selector":"[id="i0116"]"}
  (Session info: chrome=122.0.6261.131); For documentation on this error, please visit: https://www.selenium.dev/documentation/webdriver/troubleshooting/errors#no-such-element-exception
Stacktrace:
	GetHandleVerifier [0x00007FF72BD2AD02+56930]
	(No symbol) [0x00007FF72BC9F602]
	(No symbol) [0x00007FF72BB542E5]
	(No symbol) [0x00007FF72BB998ED]
	(No symbol) [0x00007FF72BB99A2C]
	(No symbol) [0x00007FF72BBDA967]
	(No symbol) [0x00007FF72BBBBCDF]
	(No symbol) [0x00007FF72BBD81E2]
	(No symbol) [0x00007FF72BBBBA43]
	(No symbol) [0x00007FF72BB8D438]
	(No symbol) [0x00007FF72BB8E4D1]
	GetHandleVerifier [0x00007FF72C0A6F8D+3711213]
	GetHandleVerifier [0x00007FF72C1004CD+4077101]
	GetHandleVerifier [0x00007FF72C0F865F+4044735]
	GetHandleVerifier [0x00007FF72BDC9736+706710]
	(No symbol) [0x00007FF72BCAB8DF]
	(No symbol) [0x00007FF72BCA6AC4]
	(No symbol) [0x00007FF72BCA6C1C]
	(No symbol) [0x00007FF72BC968D4]
	BaseThreadInitThunk [0x00007FF9494C257D+29]
	RtlUserThreadStart [0x00007FF94AC4AA58+40]

2024-04-03 18:01:58,763 [ERROR] automation Element located by i0116 is not present. Message: no such element: Unable to locate element: {"method":"css selector","selector":"[id="i0116"]"}
  (Session info: chrome=122.0.6261.131); For documentation on this error, please visit: https://www.selenium.dev/documentation/webdriver/troubleshooting/errors#no-such-element-exception
Stacktrace:
	GetHandleVerifier [0x00007FF72BD2AD02+56930]
	(No symbol) [0x00007FF72BC9F602]
	(No symbol) [0x00007FF72BB542E5]
	(No symbol) [0x00007FF72BB998ED]
	(No symbol) [0x00007FF72BB99A2C]
	(No symbol) [0x00007FF72BBDA967]
	(No symbol) [0x00007FF72BBBBCDF]
	(No symbol) [0x00007FF72BBD81E2]
	(No symbol) [0x00007FF72BBBBA43]
	(No symbol) [0x00007FF72BB8D438]
	(No symbol) [0x00007FF72BB8E4D1]
	GetHandleVerifier [0x00007FF72C0A6F8D+3711213]
	GetHandleVerifier [0x00007FF72C1004CD+4077101]
	GetHandleVerifier [0x00007FF72C0F865F+4044735]
	GetHandleVerifier [0x00007FF72BDC9736+706710]
	(No symbol) [0x00007FF72BCAB8DF]
	(No symbol) [0x00007FF72BCA6AC4]
	(No symbol) [0x00007FF72BCA6C1C]
	(No symbol) [0x00007FF72BC968D4]
	BaseThreadInitThunk [0x00007FF9494C257D+29]
	RtlUserThreadStart [0x00007FF94AC4AA58+40]

2024-04-03 18:01:58,827 [ERROR] automation Element located by i0116 is not present. Message: no such element: Unable to locate element: {"method":"css selector","selector":"[id="i0116"]"}
  (Session info: chrome=122.0.6261.131); For documentation on this error, please visit: https://www.selenium.dev/documentation/webdriver/troubleshooting/errors#no-such-element-exception
Stacktrace:
	GetHandleVerifier [0x00007FF72BD2AD02+56930]
	(No symbol) [0x00007FF72BC9F602]
	(No symbol) [0x00007FF72BB542E5]
	(No symbol) [0x00007FF72BB998ED]
	(No symbol) [0x00007FF72BB99A2C]
	(No symbol) [0x00007FF72BBDA967]
	(No symbol) [0x00007FF72BBBBCDF]
	(No symbol) [0x00007FF72BBD81E2]
	(No symbol) [0x00007FF72BBBBA43]
	(No symbol) [0x00007FF72BB8D438]
	(No symbol) [0x00007FF72BB8E4D1]
	GetHandleVerifier [0x00007FF72C0A6F8D+3711213]
	GetHandleVerifier [0x00007FF72C1004CD+4077101]
	GetHandleVerifier [0x00007FF72C0F865F+4044735]
	GetHandleVerifier [0x00007FF72BDC9736+706710]
	(No symbol) [0x00007FF72BCAB8DF]
	(No symbol) [0x00007FF72BCA6AC4]
	(No symbol) [0x00007FF72BCA6C1C]
	(No symbol) [0x00007FF72BC968D4]
	BaseThreadInitThunk [0x00007FF9494C257D+29]
	RtlUserThreadStart [0x00007FF94AC4AA58+40]

2024-04-03 18:01:58,890 [ERROR] automation Element located by i0116 is not present. Message: no such element: Unable to locate element: {"method":"css selector","selector":"[id="i0116"]"}
  (Session info: chrome=122.0.6261.131); For documentation on this error, please visit: https://www.selenium.dev/documentation/webdriver/troubleshooting/errors#no-such-element-exception
Stacktrace:
	GetHandleVerifier [0x00007FF72BD2AD02+56930]
	(No symbol) [0x00007FF72BC9F602]
	(No symbol) [0x00007FF72BB542E5]
	(No symbol) [0x00007FF72BB998ED]
	(No symbol) [0x00007FF72BB99A2C]
	(No symbol) [0x00007FF72BBDA967]
	(No symbol) [0x00007FF72BBBBCDF]
	(No symbol) [0x00007FF72BBD81E2]
	(No symbol) [0x00007FF72BBBBA43]
	(No symbol) [0x00007FF72BB8D438]
	(No symbol) [0x00007FF72BB8E4D1]
	GetHandleVerifier [0x00007FF72C0A6F8D+3711213]
	GetHandleVerifier [0x00007FF72C1004CD+4077101]
	GetHandleVerifier [0x00007FF72C0F865F+4044735]
	GetHandleVerifier [0x00007FF72BDC9736+706710]
	(No symbol) [0x00007FF72BCAB8DF]
	(No symbol) [0x00007FF72BCA6AC4]
	(No symbol) [0x00007FF72BCA6C1C]
	(No symbol) [0x00007FF72BC968D4]
	BaseThreadInitThunk [0x00007FF9494C257D+29]
	RtlUserThreadStart [0x00007FF94AC4AA58+40]

2024-04-03 18:01:58,956 [ERROR] automation Element located by i0116 is not present. Message: no such element: Unable to locate element: {"method":"css selector","selector":"[id="i0116"]"}
  (Session info: chrome=122.0.6261.131); For documentation on this error, please visit: https://www.selenium.dev/documentation/webdriver/troubleshooting/errors#no-such-element-exception
Stacktrace:
	GetHandleVerifier [0x00007FF72BD2AD02+56930]
	(No symbol) [0x00007FF72BC9F602]
	(No symbol) [0x00007FF72BB542E5]
	(No symbol) [0x00007FF72BB998ED]
	(No symbol) [0x00007FF72BB99A2C]
	(No symbol) [0x00007FF72BBDA967]
	(No symbol) [0x00007FF72BBBBCDF]
	(No symbol) [0x00007FF72BBD81E2]
	(No symbol) [0x00007FF72BBBBA43]
	(No symbol) [0x00007FF72BB8D438]
	(No symbol) [0x00007FF72BB8E4D1]
	GetHandleVerifier [0x00007FF72C0A6F8D+3711213]
	GetHandleVerifier [0x00007FF72C1004CD+4077101]
	GetHandleVerifier [0x00007FF72C0F865F+4044735]
	GetHandleVerifier [0x00007FF72BDC9736+706710]
	(No symbol) [0x00007FF72BCAB8DF]
	(No symbol) [0x00007FF72BCA6AC4]
	(No symbol) [0x00007FF72BCA6C1C]
	(No symbol) [0x00007FF72BC968D4]
	BaseThreadInitThunk [0x00007FF9494C257D+29]
	RtlUserThreadStart [0x00007FF94AC4AA58+40]

2024-04-03 18:01:59,029 [ERROR] automation Element located by i0116 is not present. Message: no such element: Unable to locate element: {"method":"css selector","selector":"[id="i0116"]"}
  (Session info: chrome=122.0.6261.131); For documentation on this error, please visit: https://www.selenium.dev/documentation/webdriver/troubleshooting/errors#no-such-element-exception
Stacktrace:
	GetHandleVerifier [0x00007FF72BD2AD02+56930]
	(No symbol) [0x00007FF72BC9F602]
	(No symbol) [0x00007FF72BB542E5]
	(No symbol) [0x00007FF72BB998ED]
	(No symbol) [0x00007FF72BB99A2C]
	(No symbol) [0x00007FF72BBDA967]
	(No symbol) [0x00007FF72BBBBCDF]
	(No symbol) [0x00007FF72BBD81E2]
	(No symbol) [0x00007FF72BBBBA43]
	(No symbol) [0x00007FF72BB8D438]
	(No symbol) [0x00007FF72BB8E4D1]
	GetHandleVerifier [0x00007FF72C0A6F8D+3711213]
	GetHandleVerifier [0x00007FF72C1004CD+4077101]
	GetHandleVerifier [0x00007FF72C0F865F+4044735]
	GetHandleVerifier [0x00007FF72BDC9736+706710]
	(No symbol) [0x00007FF72BCAB8DF]
	(No symbol) [0x00007FF72BCA6AC4]
	(No symbol) [0x00007FF72BCA6C1C]
	(No symbol) [0x00007FF72BC968D4]
	BaseThreadInitThunk [0x00007FF9494C257D+29]
	RtlUserThreadStart [0x00007FF94AC4AA58+40]

2024-04-03 18:01:59,097 [ERROR] automation Element located by i0116 is not present. Message: no such element: Unable to locate element: {"method":"css selector","selector":"[id="i0116"]"}
  (Session info: chrome=122.0.6261.131); For documentation on this error, please visit: https://www.selenium.dev/documentation/webdriver/troubleshooting/errors#no-such-element-exception
Stacktrace:
	GetHandleVerifier [0x00007FF72BD2AD02+56930]
	(No symbol) [0x00007FF72BC9F602]
	(No symbol) [0x00007FF72BB542E5]
	(No symbol) [0x00007FF72BB998ED]
	(No symbol) [0x00007FF72BB99A2C]
	(No symbol) [0x00007FF72BBDA967]
	(No symbol) [0x00007FF72BBBBCDF]
	(No symbol) [0x00007FF72BBD81E2]
	(No symbol) [0x00007FF72BBBBA43]
	(No symbol) [0x00007FF72BB8D438]
	(No symbol) [0x00007FF72BB8E4D1]
	GetHandleVerifier [0x00007FF72C0A6F8D+3711213]
	GetHandleVerifier [0x00007FF72C1004CD+4077101]
	GetHandleVerifier [0x00007FF72C0F865F+4044735]
	GetHandleVerifier [0x00007FF72BDC9736+706710]
	(No symbol) [0x00007FF72BCAB8DF]
	(No symbol) [0x00007FF72BCA6AC4]
	(No symbol) [0x00007FF72BCA6C1C]
	(No symbol) [0x00007FF72BC968D4]
	BaseThreadInitThunk [0x00007FF9494C257D+29]
	RtlUserThreadStart [0x00007FF94AC4AA58+40]

2024-04-03 18:01:59,165 [ERROR] automation Element located by i0116 is not present. Message: no such element: Unable to locate element: {"method":"css selector","selector":"[id="i0116"]"}
  (Session info: chrome=122.0.6261.131); For documentation on this error, please visit: https://www.selenium.dev/documentation/webdriver/troubleshooting/errors#no-such-element-exception
Stacktrace:
	GetHandleVerifier [0x00007FF72BD2AD02+56930]
	(No symbol) [0x00007FF72BC9F602]
	(No symbol) [0x00007FF72BB542E5]
	(No symbol) [0x00007FF72BB998ED]
	(No symbol) [0x00007FF72BB99A2C]
	(No symbol) [0x00007FF72BBDA967]
	(No symbol) [0x00007FF72BBBBCDF]
	(No symbol) [0x00007FF72BBD81E2]
	(No symbol) [0x00007FF72BBBBA43]
	(No symbol) [0x00007FF72BB8D438]
	(No symbol) [0x00007FF72BB8E4D1]
	GetHandleVerifier [0x00007FF72C0A6F8D+3711213]
	GetHandleVerifier [0x00007FF72C1004CD+4077101]
	GetHandleVerifier [0x00007FF72C0F865F+4044735]
	GetHandleVerifier [0x00007FF72BDC9736+706710]
	(No symbol) [0x00007FF72BCAB8DF]
	(No symbol) [0x00007FF72BCA6AC4]
	(No symbol) [0x00007FF72BCA6C1C]
	(No symbol) [0x00007FF72BC968D4]
	BaseThreadInitThunk [0x00007FF9494C257D+29]
	RtlUserThreadStart [0x00007FF94AC4AA58+40]

2024-04-03 18:02:00,291 [ERROR] automation Element located by i0116 is not present. Message: no such element: Unable to locate element: {"method":"css selector","selector":"[id="i0116"]"}
  (Session info: chrome=122.0.6261.131); For documentation on this error, please visit: https://www.selenium.dev/documentation/webdriver/troubleshooting/errors#no-such-element-exception
Stacktrace:
	GetHandleVerifier [0x00007FF72BD2AD02+56930]
	(No symbol) [0x00007FF72BC9F602]
	(No symbol) [0x00007FF72BB542E5]
	(No symbol) [0x00007FF72BB998ED]
	(No symbol) [0x00007FF72BB99A2C]
	(No symbol) [0x00007FF72BBDA967]
	(No symbol) [0x00007FF72BBBBCDF]
	(No symbol) [0x00007FF72BBD81E2]
	(No symbol) [0x00007FF72BBBBA43]
	(No symbol) [0x00007FF72BB8D438]
	(No symbol) [0x00007FF72BB8E4D1]
	GetHandleVerifier [0x00007FF72C0A6F8D+3711213]
	GetHandleVerifier [0x00007FF72C1004CD+4077101]
	GetHandleVerifier [0x00007FF72C0F865F+4044735]
	GetHandleVerifier [0x00007FF72BDC9736+706710]
	(No symbol) [0x00007FF72BCAB8DF]
	(No symbol) [0x00007FF72BCA6AC4]
	(No symbol) [0x00007FF72BCA6C1C]
	(No symbol) [0x00007FF72BC968D4]
	BaseThreadInitThunk [0x00007FF9494C257D+29]
	RtlUserThreadStart [0x00007FF94AC4AA58+40]

2024-04-03 18:02:00,346 [ERROR] automation Element located by i0116 is not present. Message: no such element: Unable to locate element: {"method":"css selector","selector":"[id="i0116"]"}
  (Session info: chrome=122.0.6261.131); For documentation on this error, please visit: https://www.selenium.dev/documentation/webdriver/troubleshooting/errors#no-such-element-exception
Stacktrace:
	GetHandleVerifier [0x00007FF72BD2AD02+56930]
	(No symbol) [0x00007FF72BC9F602]
	(No symbol) [0x00007FF72BB542E5]
	(No symbol) [0x00007FF72BB998ED]
	(No symbol) [0x00007FF72BB99A2C]
	(No symbol) [0x00007FF72BBDA967]
	(No symbol) [0x00007FF72BBBBCDF]
	(No symbol) [0x00007FF72BBD81E2]
	(No symbol) [0x00007FF72BBBBA43]
	(No symbol) [0x00007FF72BB8D438]
	(No symbol) [0x00007FF72BB8E4D1]
	GetHandleVerifier [0x00007FF72C0A6F8D+3711213]
	GetHandleVerifier [0x00007FF72C1004CD+4077101]
	GetHandleVerifier [0x00007FF72C0F865F+4044735]
	GetHandleVerifier [0x00007FF72BDC9736+706710]
	(No symbol) [0x00007FF72BCAB8DF]
	(No symbol) [0x00007FF72BCA6AC4]
	(No symbol) [0x00007FF72BCA6C1C]
	(No symbol) [0x00007FF72BC968D4]
	BaseThreadInitThunk [0x00007FF9494C257D+29]
	RtlUserThreadStart [0x00007FF94AC4AA58+40]

2024-04-03 18:02:00,415 [ERROR] automation Element located by i0116 is not present. Message: no such element: Unable to locate element: {"method":"css selector","selector":"[id="i0116"]"}
  (Session info: chrome=122.0.6261.131); For documentation on this error, please visit: https://www.selenium.dev/documentation/webdriver/troubleshooting/errors#no-such-element-exception
Stacktrace:
	GetHandleVerifier [0x00007FF72BD2AD02+56930]
	(No symbol) [0x00007FF72BC9F602]
	(No symbol) [0x00007FF72BB542E5]
	(No symbol) [0x00007FF72BB998ED]
	(No symbol) [0x00007FF72BB99A2C]
	(No symbol) [0x00007FF72BBDA967]
	(No symbol) [0x00007FF72BBBBCDF]
	(No symbol) [0x00007FF72BBD81E2]
	(No symbol) [0x00007FF72BBBBA43]
	(No symbol) [0x00007FF72BB8D438]
	(No symbol) [0x00007FF72BB8E4D1]
	GetHandleVerifier [0x00007FF72C0A6F8D+3711213]
	GetHandleVerifier [0x00007FF72C1004CD+4077101]
	GetHandleVerifier [0x00007FF72C0F865F+4044735]
	GetHandleVerifier [0x00007FF72BDC9736+706710]
	(No symbol) [0x00007FF72BCAB8DF]
	(No symbol) [0x00007FF72BCA6AC4]
	(No symbol) [0x00007FF72BCA6C1C]
	(No symbol) [0x00007FF72BC968D4]
	BaseThreadInitThunk [0x00007FF9494C257D+29]
	RtlUserThreadStart [0x00007FF94AC4AA58+40]

2024-04-03 18:02:00,483 [ERROR] automation Element located by i0116 is not present. Message: no such element: Unable to locate element: {"method":"css selector","selector":"[id="i0116"]"}
  (Session info: chrome=122.0.6261.131); For documentation on this error, please visit: https://www.selenium.dev/documentation/webdriver/troubleshooting/errors#no-such-element-exception
Stacktrace:
	GetHandleVerifier [0x00007FF72BD2AD02+56930]
	(No symbol) [0x00007FF72BC9F602]
	(No symbol) [0x00007FF72BB542E5]
	(No symbol) [0x00007FF72BB998ED]
	(No symbol) [0x00007FF72BB99A2C]
	(No symbol) [0x00007FF72BBDA967]
	(No symbol) [0x00007FF72BBBBCDF]
	(No symbol) [0x00007FF72BBD81E2]
	(No symbol) [0x00007FF72BBBBA43]
	(No symbol) [0x00007FF72BB8D438]
	(No symbol) [0x00007FF72BB8E4D1]
	GetHandleVerifier [0x00007FF72C0A6F8D+3711213]
	GetHandleVerifier [0x00007FF72C1004CD+4077101]
	GetHandleVerifier [0x00007FF72C0F865F+4044735]
	GetHandleVerifier [0x00007FF72BDC9736+706710]
	(No symbol) [0x00007FF72BCAB8DF]
	(No symbol) [0x00007FF72BCA6AC4]
	(No symbol) [0x00007FF72BCA6C1C]
	(No symbol) [0x00007FF72BC968D4]
	BaseThreadInitThunk [0x00007FF9494C257D+29]
	RtlUserThreadStart [0x00007FF94AC4AA58+40]

2024-04-03 18:02:00,555 [ERROR] automation Element located by i0116 is not present. Message: no such element: Unable to locate element: {"method":"css selector","selector":"[id="i0116"]"}
  (Session info: chrome=122.0.6261.131); For documentation on this error, please visit: https://www.selenium.dev/documentation/webdriver/troubleshooting/errors#no-such-element-exception
Stacktrace:
	GetHandleVerifier [0x00007FF72BD2AD02+56930]
	(No symbol) [0x00007FF72BC9F602]
	(No symbol) [0x00007FF72BB542E5]
	(No symbol) [0x00007FF72BB998ED]
	(No symbol) [0x00007FF72BB99A2C]
	(No symbol) [0x00007FF72BBDA967]
	(No symbol) [0x00007FF72BBBBCDF]
	(No symbol) [0x00007FF72BBD81E2]
	(No symbol) [0x00007FF72BBBBA43]
	(No symbol) [0x00007FF72BB8D438]
	(No symbol) [0x00007FF72BB8E4D1]
	GetHandleVerifier [0x00007FF72C0A6F8D+3711213]
	GetHandleVerifier [0x00007FF72C1004CD+4077101]
	GetHandleVerifier [0x00007FF72C0F865F+4044735]
	GetHandleVerifier [0x00007FF72BDC9736+706710]
	(No symbol) [0x00007FF72BCAB8DF]
	(No symbol) [0x00007FF72BCA6AC4]
	(No symbol) [0x00007FF72BCA6C1C]
	(No symbol) [0x00007FF72BC968D4]
	BaseThreadInitThunk [0x00007FF9494C257D+29]
	RtlUserThreadStart [0x00007FF94AC4AA58+40]

2024-04-03 18:02:00,630 [ERROR] automation Element located by i0116 is not present. Message: no such element: Unable to locate element: {"method":"css selector","selector":"[id="i0116"]"}
  (Session info: chrome=122.0.6261.131); For documentation on this error, please visit: https://www.selenium.dev/documentation/webdriver/troubleshooting/errors#no-such-element-exception
Stacktrace:
	GetHandleVerifier [0x00007FF72BD2AD02+56930]
	(No symbol) [0x00007FF72BC9F602]
	(No symbol) [0x00007FF72BB542E5]
	(No symbol) [0x00007FF72BB998ED]
	(No symbol) [0x00007FF72BB99A2C]
	(No symbol) [0x00007FF72BBDA967]
	(No symbol) [0x00007FF72BBBBCDF]
	(No symbol) [0x00007FF72BBD81E2]
	(No symbol) [0x00007FF72BBBBA43]
	(No symbol) [0x00007FF72BB8D438]
	(No symbol) [0x00007FF72BB8E4D1]
	GetHandleVerifier [0x00007FF72C0A6F8D+3711213]
	GetHandleVerifier [0x00007FF72C1004CD+4077101]
	GetHandleVerifier [0x00007FF72C0F865F+4044735]
	GetHandleVerifier [0x00007FF72BDC9736+706710]
	(No symbol) [0x00007FF72BCAB8DF]
	(No symbol) [0x00007FF72BCA6AC4]
	(No symbol) [0x00007FF72BCA6C1C]
	(No symbol) [0x00007FF72BC968D4]
	BaseThreadInitThunk [0x00007FF9494C257D+29]
	RtlUserThreadStart [0x00007FF94AC4AA58+40]

2024-04-03 18:02:00,864 [INFO] automation Element located by i0116 is present.
2024-04-03 18:02:07,880 [INFO] automation Element located by //div[@class='logo'] is present.
2024-04-03 18:02:20,728 [INFO] automation Element located by //div[@class='tableFixHead']/table/tbody/tr[contains(@class,'even_col')][1] is present.
2024-04-03 18:02:23,200 [INFO] automation Element located by //input[@formcontrolname='email'] is present.
2024-04-03 18:02:23,207 [INFO] automation Element located by //input[@formcontrolname='email'] is present.
2024-04-03 18:02:23,595 [ERROR] automation Element located by //span[contains(text(),'Email Address already exists')] is not present. Message: no such element: Unable to locate element: {"method":"xpath","selector":"//span[contains(text(),'Email Address already exists')]"}
  (Session info: chrome=122.0.6261.131); For documentation on this error, please visit: https://www.selenium.dev/documentation/webdriver/troubleshooting/errors#no-such-element-exception
Stacktrace:
	GetHandleVerifier [0x00007FF72BD2AD02+56930]
	(No symbol) [0x00007FF72BC9F602]
	(No symbol) [0x00007FF72BB542E5]
	(No symbol) [0x00007FF72BB998ED]
	(No symbol) [0x00007FF72BB99A2C]
	(No symbol) [0x00007FF72BBDA967]
	(No symbol) [0x00007FF72BBBBCDF]
	(No symbol) [0x00007FF72BBD81E2]
	(No symbol) [0x00007FF72BBBBA43]
	(No symbol) [0x00007FF72BB8D438]
	(No symbol) [0x00007FF72BB8E4D1]
	GetHandleVerifier [0x00007FF72C0A6F8D+3711213]
	GetHandleVerifier [0x00007FF72C1004CD+4077101]
	GetHandleVerifier [0x00007FF72C0F865F+4044735]
	GetHandleVerifier [0x00007FF72BDC9736+706710]
	(No symbol) [0x00007FF72BCAB8DF]
	(No symbol) [0x00007FF72BCA6AC4]
	(No symbol) [0x00007FF72BCA6C1C]
	(No symbol) [0x00007FF72BC968D4]
	BaseThreadInitThunk [0x00007FF9494C257D+29]
	RtlUserThreadStart [0x00007FF94AC4AA58+40]

2024-04-03 18:02:23,607 [ERROR] automation Element located by //div[@role='alert' and contains(text(),'success') or contains(text(),'Success')] is not present. Message: no such element: Unable to locate element: {"method":"xpath","selector":"//div[@role='alert' and contains(text(),'success') or contains(text(),'Success')]"}
  (Session info: chrome=122.0.6261.131); For documentation on this error, please visit: https://www.selenium.dev/documentation/webdriver/troubleshooting/errors#no-such-element-exception
Stacktrace:
	GetHandleVerifier [0x00007FF72BD2AD02+56930]
	(No symbol) [0x00007FF72BC9F602]
	(No symbol) [0x00007FF72BB542E5]
	(No symbol) [0x00007FF72BB998ED]
	(No symbol) [0x00007FF72BB99A2C]
	(No symbol) [0x00007FF72BBDA967]
	(No symbol) [0x00007FF72BBBBCDF]
	(No symbol) [0x00007FF72BBD81E2]
	(No symbol) [0x00007FF72BBBBA43]
	(No symbol) [0x00007FF72BB8D438]
	(No symbol) [0x00007FF72BB8E4D1]
	GetHandleVerifier [0x00007FF72C0A6F8D+3711213]
	GetHandleVerifier [0x00007FF72C1004CD+4077101]
	GetHandleVerifier [0x00007FF72C0F865F+4044735]
	GetHandleVerifier [0x00007FF72BDC9736+706710]
	(No symbol) [0x00007FF72BCAB8DF]
	(No symbol) [0x00007FF72BCA6AC4]
	(No symbol) [0x00007FF72BCA6C1C]
	(No symbol) [0x00007FF72BC968D4]
	BaseThreadInitThunk [0x00007FF9494C257D+29]
	RtlUserThreadStart [0x00007FF94AC4AA58+40]

2024-04-03 18:02:23,609 [INFO] automation Test passed.
2024-04-03 18:02:23,628 [INFO] automation Test has started.
2024-04-03 18:02:23,628 [INFO] automation Navigating to the https://chorusqa.cogninelabs.com/
2024-04-03 18:02:30,208 [ERROR] automation Element located by i0116 is not present. Message: no such element: Unable to locate element: {"method":"css selector","selector":"[id="i0116"]"}
  (Session info: chrome=122.0.6261.131); For documentation on this error, please visit: https://www.selenium.dev/documentation/webdriver/troubleshooting/errors#no-such-element-exception
Stacktrace:
	GetHandleVerifier [0x00007FF72BD2AD02+56930]
	(No symbol) [0x00007FF72BC9F602]
	(No symbol) [0x00007FF72BB542E5]
	(No symbol) [0x00007FF72BB998ED]
	(No symbol) [0x00007FF72BB99A2C]
	(No symbol) [0x00007FF72BBDA967]
	(No symbol) [0x00007FF72BBBBCDF]
	(No symbol) [0x00007FF72BBD81E2]
	(No symbol) [0x00007FF72BBBBA43]
	(No symbol) [0x00007FF72BB8D438]
	(No symbol) [0x00007FF72BB8E4D1]
	GetHandleVerifier [0x00007FF72C0A6F8D+3711213]
	GetHandleVerifier [0x00007FF72C1004CD+4077101]
	GetHandleVerifier [0x00007FF72C0F865F+4044735]
	GetHandleVerifier [0x00007FF72BDC9736+706710]
	(No symbol) [0x00007FF72BCAB8DF]
	(No symbol) [0x00007FF72BCA6AC4]
	(No symbol) [0x00007FF72BCA6C1C]
	(No symbol) [0x00007FF72BC968D4]
	BaseThreadInitThunk [0x00007FF9494C257D+29]
	RtlUserThreadStart [0x00007FF94AC4AA58+40]

2024-04-03 18:02:30,281 [ERROR] automation Element located by i0116 is not present. Message: no such element: Unable to locate element: {"method":"css selector","selector":"[id="i0116"]"}
  (Session info: chrome=122.0.6261.131); For documentation on this error, please visit: https://www.selenium.dev/documentation/webdriver/troubleshooting/errors#no-such-element-exception
Stacktrace:
	GetHandleVerifier [0x00007FF72BD2AD02+56930]
	(No symbol) [0x00007FF72BC9F602]
	(No symbol) [0x00007FF72BB542E5]
	(No symbol) [0x00007FF72BB998ED]
	(No symbol) [0x00007FF72BB99A2C]
	(No symbol) [0x00007FF72BBDA967]
	(No symbol) [0x00007FF72BBBBCDF]
	(No symbol) [0x00007FF72BBD81E2]
	(No symbol) [0x00007FF72BBBBA43]
	(No symbol) [0x00007FF72BB8D438]
	(No symbol) [0x00007FF72BB8E4D1]
	GetHandleVerifier [0x00007FF72C0A6F8D+3711213]
	GetHandleVerifier [0x00007FF72C1004CD+4077101]
	GetHandleVerifier [0x00007FF72C0F865F+4044735]
	GetHandleVerifier [0x00007FF72BDC9736+706710]
	(No symbol) [0x00007FF72BCAB8DF]
	(No symbol) [0x00007FF72BCA6AC4]
	(No symbol) [0x00007FF72BCA6C1C]
	(No symbol) [0x00007FF72BC968D4]
	BaseThreadInitThunk [0x00007FF9494C257D+29]
	RtlUserThreadStart [0x00007FF94AC4AA58+40]

2024-04-03 18:02:30,343 [ERROR] automation Element located by i0116 is not present. Message: no such element: Unable to locate element: {"method":"css selector","selector":"[id="i0116"]"}
  (Session info: chrome=122.0.6261.131); For documentation on this error, please visit: https://www.selenium.dev/documentation/webdriver/troubleshooting/errors#no-such-element-exception
Stacktrace:
	GetHandleVerifier [0x00007FF72BD2AD02+56930]
	(No symbol) [0x00007FF72BC9F602]
	(No symbol) [0x00007FF72BB542E5]
	(No symbol) [0x00007FF72BB998ED]
	(No symbol) [0x00007FF72BB99A2C]
	(No symbol) [0x00007FF72BBDA967]
	(No symbol) [0x00007FF72BBBBCDF]
	(No symbol) [0x00007FF72BBD81E2]
	(No symbol) [0x00007FF72BBBBA43]
	(No symbol) [0x00007FF72BB8D438]
	(No symbol) [0x00007FF72BB8E4D1]
	GetHandleVerifier [0x00007FF72C0A6F8D+3711213]
	GetHandleVerifier [0x00007FF72C1004CD+4077101]
	GetHandleVerifier [0x00007FF72C0F865F+4044735]
	GetHandleVerifier [0x00007FF72BDC9736+706710]
	(No symbol) [0x00007FF72BCAB8DF]
	(No symbol) [0x00007FF72BCA6AC4]
	(No symbol) [0x00007FF72BCA6C1C]
	(No symbol) [0x00007FF72BC968D4]
	BaseThreadInitThunk [0x00007FF9494C257D+29]
	RtlUserThreadStart [0x00007FF94AC4AA58+40]

2024-04-03 18:02:30,394 [ERROR] automation Element located by i0116 is not present. Message: no such element: Unable to locate element: {"method":"css selector","selector":"[id="i0116"]"}
  (Session info: chrome=122.0.6261.131); For documentation on this error, please visit: https://www.selenium.dev/documentation/webdriver/troubleshooting/errors#no-such-element-exception
Stacktrace:
	GetHandleVerifier [0x00007FF72BD2AD02+56930]
	(No symbol) [0x00007FF72BC9F602]
	(No symbol) [0x00007FF72BB542E5]
	(No symbol) [0x00007FF72BB998ED]
	(No symbol) [0x00007FF72BB99A2C]
	(No symbol) [0x00007FF72BBDA967]
	(No symbol) [0x00007FF72BBBBCDF]
	(No symbol) [0x00007FF72BBD81E2]
	(No symbol) [0x00007FF72BBBBA43]
	(No symbol) [0x00007FF72BB8D438]
	(No symbol) [0x00007FF72BB8E4D1]
	GetHandleVerifier [0x00007FF72C0A6F8D+3711213]
	GetHandleVerifier [0x00007FF72C1004CD+4077101]
	GetHandleVerifier [0x00007FF72C0F865F+4044735]
	GetHandleVerifier [0x00007FF72BDC9736+706710]
	(No symbol) [0x00007FF72BCAB8DF]
	(No symbol) [0x00007FF72BCA6AC4]
	(No symbol) [0x00007FF72BCA6C1C]
	(No symbol) [0x00007FF72BC968D4]
	BaseThreadInitThunk [0x00007FF9494C257D+29]
	RtlUserThreadStart [0x00007FF94AC4AA58+40]

2024-04-03 18:02:30,462 [ERROR] automation Element located by i0116 is not present. Message: no such element: Unable to locate element: {"method":"css selector","selector":"[id="i0116"]"}
  (Session info: chrome=122.0.6261.131); For documentation on this error, please visit: https://www.selenium.dev/documentation/webdriver/troubleshooting/errors#no-such-element-exception
Stacktrace:
	GetHandleVerifier [0x00007FF72BD2AD02+56930]
	(No symbol) [0x00007FF72BC9F602]
	(No symbol) [0x00007FF72BB542E5]
	(No symbol) [0x00007FF72BB998ED]
	(No symbol) [0x00007FF72BB99A2C]
	(No symbol) [0x00007FF72BBDA967]
	(No symbol) [0x00007FF72BBBBCDF]
	(No symbol) [0x00007FF72BBD81E2]
	(No symbol) [0x00007FF72BBBBA43]
	(No symbol) [0x00007FF72BB8D438]
	(No symbol) [0x00007FF72BB8E4D1]
	GetHandleVerifier [0x00007FF72C0A6F8D+3711213]
	GetHandleVerifier [0x00007FF72C1004CD+4077101]
	GetHandleVerifier [0x00007FF72C0F865F+4044735]
	GetHandleVerifier [0x00007FF72BDC9736+706710]
	(No symbol) [0x00007FF72BCAB8DF]
	(No symbol) [0x00007FF72BCA6AC4]
	(No symbol) [0x00007FF72BCA6C1C]
	(No symbol) [0x00007FF72BC968D4]
	BaseThreadInitThunk [0x00007FF9494C257D+29]
	RtlUserThreadStart [0x00007FF94AC4AA58+40]

2024-04-03 18:02:30,526 [ERROR] automation Element located by i0116 is not present. Message: no such element: Unable to locate element: {"method":"css selector","selector":"[id="i0116"]"}
  (Session info: chrome=122.0.6261.131); For documentation on this error, please visit: https://www.selenium.dev/documentation/webdriver/troubleshooting/errors#no-such-element-exception
Stacktrace:
	GetHandleVerifier [0x00007FF72BD2AD02+56930]
	(No symbol) [0x00007FF72BC9F602]
	(No symbol) [0x00007FF72BB542E5]
	(No symbol) [0x00007FF72BB998ED]
	(No symbol) [0x00007FF72BB99A2C]
	(No symbol) [0x00007FF72BBDA967]
	(No symbol) [0x00007FF72BBBBCDF]
	(No symbol) [0x00007FF72BBD81E2]
	(No symbol) [0x00007FF72BBBBA43]
	(No symbol) [0x00007FF72BB8D438]
	(No symbol) [0x00007FF72BB8E4D1]
	GetHandleVerifier [0x00007FF72C0A6F8D+3711213]
	GetHandleVerifier [0x00007FF72C1004CD+4077101]
	GetHandleVerifier [0x00007FF72C0F865F+4044735]
	GetHandleVerifier [0x00007FF72BDC9736+706710]
	(No symbol) [0x00007FF72BCAB8DF]
	(No symbol) [0x00007FF72BCA6AC4]
	(No symbol) [0x00007FF72BCA6C1C]
	(No symbol) [0x00007FF72BC968D4]
	BaseThreadInitThunk [0x00007FF9494C257D+29]
	RtlUserThreadStart [0x00007FF94AC4AA58+40]

2024-04-03 18:02:30,590 [ERROR] automation Element located by i0116 is not present. Message: no such element: Unable to locate element: {"method":"css selector","selector":"[id="i0116"]"}
  (Session info: chrome=122.0.6261.131); For documentation on this error, please visit: https://www.selenium.dev/documentation/webdriver/troubleshooting/errors#no-such-element-exception
Stacktrace:
	GetHandleVerifier [0x00007FF72BD2AD02+56930]
	(No symbol) [0x00007FF72BC9F602]
	(No symbol) [0x00007FF72BB542E5]
	(No symbol) [0x00007FF72BB998ED]
	(No symbol) [0x00007FF72BB99A2C]
	(No symbol) [0x00007FF72BBDA967]
	(No symbol) [0x00007FF72BBBBCDF]
	(No symbol) [0x00007FF72BBD81E2]
	(No symbol) [0x00007FF72BBBBA43]
	(No symbol) [0x00007FF72BB8D438]
	(No symbol) [0x00007FF72BB8E4D1]
	GetHandleVerifier [0x00007FF72C0A6F8D+3711213]
	GetHandleVerifier [0x00007FF72C1004CD+4077101]
	GetHandleVerifier [0x00007FF72C0F865F+4044735]
	GetHandleVerifier [0x00007FF72BDC9736+706710]
	(No symbol) [0x00007FF72BCAB8DF]
	(No symbol) [0x00007FF72BCA6AC4]
	(No symbol) [0x00007FF72BCA6C1C]
	(No symbol) [0x00007FF72BC968D4]
	BaseThreadInitThunk [0x00007FF9494C257D+29]
	RtlUserThreadStart [0x00007FF94AC4AA58+40]

2024-04-03 18:02:31,668 [ERROR] automation Element located by i0116 is not present. Message: no such element: Unable to locate element: {"method":"css selector","selector":"[id="i0116"]"}
  (Session info: chrome=122.0.6261.131); For documentation on this error, please visit: https://www.selenium.dev/documentation/webdriver/troubleshooting/errors#no-such-element-exception
Stacktrace:
	GetHandleVerifier [0x00007FF72BD2AD02+56930]
	(No symbol) [0x00007FF72BC9F602]
	(No symbol) [0x00007FF72BB542E5]
	(No symbol) [0x00007FF72BB998ED]
	(No symbol) [0x00007FF72BB99A2C]
	(No symbol) [0x00007FF72BBDA967]
	(No symbol) [0x00007FF72BBBBCDF]
	(No symbol) [0x00007FF72BBD81E2]
	(No symbol) [0x00007FF72BBBBA43]
	(No symbol) [0x00007FF72BB8D438]
	(No symbol) [0x00007FF72BB8E4D1]
	GetHandleVerifier [0x00007FF72C0A6F8D+3711213]
	GetHandleVerifier [0x00007FF72C1004CD+4077101]
	GetHandleVerifier [0x00007FF72C0F865F+4044735]
	GetHandleVerifier [0x00007FF72BDC9736+706710]
	(No symbol) [0x00007FF72BCAB8DF]
	(No symbol) [0x00007FF72BCA6AC4]
	(No symbol) [0x00007FF72BCA6C1C]
	(No symbol) [0x00007FF72BC968D4]
	BaseThreadInitThunk [0x00007FF9494C257D+29]
	RtlUserThreadStart [0x00007FF94AC4AA58+40]

2024-04-03 18:02:31,730 [ERROR] automation Element located by i0116 is not present. Message: no such element: Unable to locate element: {"method":"css selector","selector":"[id="i0116"]"}
  (Session info: chrome=122.0.6261.131); For documentation on this error, please visit: https://www.selenium.dev/documentation/webdriver/troubleshooting/errors#no-such-element-exception
Stacktrace:
	GetHandleVerifier [0x00007FF72BD2AD02+56930]
	(No symbol) [0x00007FF72BC9F602]
	(No symbol) [0x00007FF72BB542E5]
	(No symbol) [0x00007FF72BB998ED]
	(No symbol) [0x00007FF72BB99A2C]
	(No symbol) [0x00007FF72BBDA967]
	(No symbol) [0x00007FF72BBBBCDF]
	(No symbol) [0x00007FF72BBD81E2]
	(No symbol) [0x00007FF72BBBBA43]
	(No symbol) [0x00007FF72BB8D438]
	(No symbol) [0x00007FF72BB8E4D1]
	GetHandleVerifier [0x00007FF72C0A6F8D+3711213]
	GetHandleVerifier [0x00007FF72C1004CD+4077101]
	GetHandleVerifier [0x00007FF72C0F865F+4044735]
	GetHandleVerifier [0x00007FF72BDC9736+706710]
	(No symbol) [0x00007FF72BCAB8DF]
	(No symbol) [0x00007FF72BCA6AC4]
	(No symbol) [0x00007FF72BCA6C1C]
	(No symbol) [0x00007FF72BC968D4]
	BaseThreadInitThunk [0x00007FF9494C257D+29]
	RtlUserThreadStart [0x00007FF94AC4AA58+40]

2024-04-03 18:02:31,931 [INFO] automation Element located by i0116 is present.
2024-04-03 18:02:39,580 [INFO] automation Element located by //div[@class='logo'] is present.
2024-04-03 18:02:43,698 [INFO] automation Element located by //div[@class='tableFixHead']/table/tbody/tr[contains(@class,'even_col')][1] is present.
2024-04-03 18:02:46,300 [INFO] automation Element located by //input[@formcontrolname='title'] is present.
2024-04-03 18:02:46,300 [INFO] automation Element located by //input[@formcontrolname='title'] is present.
2024-04-03 18:02:48,642 [ERROR] automation Element located by //div[@role='alert' and contains(text(),'success') or contains(text(),'Success')] is not present. Message: no such element: Unable to locate element: {"method":"xpath","selector":"//div[@role='alert' and contains(text(),'success') or contains(text(),'Success')]"}
  (Session info: chrome=122.0.6261.131); For documentation on this error, please visit: https://www.selenium.dev/documentation/webdriver/troubleshooting/errors#no-such-element-exception
Stacktrace:
	GetHandleVerifier [0x00007FF72BD2AD02+56930]
	(No symbol) [0x00007FF72BC9F602]
	(No symbol) [0x00007FF72BB542E5]
	(No symbol) [0x00007FF72BB998ED]
	(No symbol) [0x00007FF72BB99A2C]
	(No symbol) [0x00007FF72BBDA967]
	(No symbol) [0x00007FF72BBBBCDF]
	(No symbol) [0x00007FF72BBD81E2]
	(No symbol) [0x00007FF72BBBBA43]
	(No symbol) [0x00007FF72BB8D438]
	(No symbol) [0x00007FF72BB8E4D1]
	GetHandleVerifier [0x00007FF72C0A6F8D+3711213]
	GetHandleVerifier [0x00007FF72C1004CD+4077101]
	GetHandleVerifier [0x00007FF72C0F865F+4044735]
	GetHandleVerifier [0x00007FF72BDC9736+706710]
	(No symbol) [0x00007FF72BCAB8DF]
	(No symbol) [0x00007FF72BCA6AC4]
	(No symbol) [0x00007FF72BCA6C1C]
	(No symbol) [0x00007FF72BC968D4]
	BaseThreadInitThunk [0x00007FF9494C257D+29]
	RtlUserThreadStart [0x00007FF94AC4AA58+40]

2024-04-03 18:02:48,707 [INFO] automation Element located by //div[@role='alert' and contains(text(),'success') or contains(text(),'Success')] is present.
2024-04-03 18:02:48,713 [INFO] automation Test passed.
