2024-03-25 18:57:28,554 [INFO] automation Test has started.
2024-03-25 18:57:28,554 [INFO] automation Navigating to the https://chorusqa.cogninelabs.com/
2024-03-25 18:57:33,401 [ERROR] automation Element located by i0116 is not present. Message: no such element: Unable to locate element: {"method":"css selector","selector":"[id="i0116"]"}
  (Session info: chrome=122.0.6261.131); For documentation on this error, please visit: https://www.selenium.dev/documentation/webdriver/troubleshooting/errors#no-such-element-exception
Stacktrace:
	GetHandleVerifier [0x00007FF68A85AD02+56930]
	(No symbol) [0x00007FF68A7CF602]
	(No symbol) [0x00007FF68A6842E5]
	(No symbol) [0x00007FF68A6C98ED]
	(No symbol) [0x00007FF68A6C9A2C]
	(No symbol) [0x00007FF68A70A967]
	(No symbol) [0x00007FF68A6EBCDF]
	(No symbol) [0x00007FF68A7081E2]
	(No symbol) [0x00007FF68A6EBA43]
	(No symbol) [0x00007FF68A6BD438]
	(No symbol) [0x00007FF68A6BE4D1]
	GetHandleVerifier [0x00007FF68ABD6F8D+3711213]
	GetHandleVerifier [0x00007FF68AC304CD+4077101]
	GetHandleVerifier [0x00007FF68AC2865F+4044735]
	GetHandleVerifier [0x00007FF68A8F9736+706710]
	(No symbol) [0x00007FF68A7DB8DF]
	(No symbol) [0x00007FF68A7D6AC4]
	(No symbol) [0x00007FF68A7D6C1C]
	(No symbol) [0x00007FF68A7C68D4]
	BaseThreadInitThunk [0x00007FF9494C257D+29]
	RtlUserThreadStart [0x00007FF94AC4AA58+40]

2024-03-25 18:57:33,467 [ERROR] automation Element located by i0116 is not present. Message: no such element: Unable to locate element: {"method":"css selector","selector":"[id="i0116"]"}
  (Session info: chrome=122.0.6261.131); For documentation on this error, please visit: https://www.selenium.dev/documentation/webdriver/troubleshooting/errors#no-such-element-exception
Stacktrace:
	GetHandleVerifier [0x00007FF68A85AD02+56930]
	(No symbol) [0x00007FF68A7CF602]
	(No symbol) [0x00007FF68A6842E5]
	(No symbol) [0x00007FF68A6C98ED]
	(No symbol) [0x00007FF68A6C9A2C]
	(No symbol) [0x00007FF68A70A967]
	(No symbol) [0x00007FF68A6EBCDF]
	(No symbol) [0x00007FF68A7081E2]
	(No symbol) [0x00007FF68A6EBA43]
	(No symbol) [0x00007FF68A6BD438]
	(No symbol) [0x00007FF68A6BE4D1]
	GetHandleVerifier [0x00007FF68ABD6F8D+3711213]
	GetHandleVerifier [0x00007FF68AC304CD+4077101]
	GetHandleVerifier [0x00007FF68AC2865F+4044735]
	GetHandleVerifier [0x00007FF68A8F9736+706710]
	(No symbol) [0x00007FF68A7DB8DF]
	(No symbol) [0x00007FF68A7D6AC4]
	(No symbol) [0x00007FF68A7D6C1C]
	(No symbol) [0x00007FF68A7C68D4]
	BaseThreadInitThunk [0x00007FF9494C257D+29]
	RtlUserThreadStart [0x00007FF94AC4AA58+40]

2024-03-25 18:57:33,532 [ERROR] automation Element located by i0116 is not present. Message: no such element: Unable to locate element: {"method":"css selector","selector":"[id="i0116"]"}
  (Session info: chrome=122.0.6261.131); For documentation on this error, please visit: https://www.selenium.dev/documentation/webdriver/troubleshooting/errors#no-such-element-exception
Stacktrace:
	GetHandleVerifier [0x00007FF68A85AD02+56930]
	(No symbol) [0x00007FF68A7CF602]
	(No symbol) [0x00007FF68A6842E5]
	(No symbol) [0x00007FF68A6C98ED]
	(No symbol) [0x00007FF68A6C9A2C]
	(No symbol) [0x00007FF68A70A967]
	(No symbol) [0x00007FF68A6EBCDF]
	(No symbol) [0x00007FF68A7081E2]
	(No symbol) [0x00007FF68A6EBA43]
	(No symbol) [0x00007FF68A6BD438]
	(No symbol) [0x00007FF68A6BE4D1]
	GetHandleVerifier [0x00007FF68ABD6F8D+3711213]
	GetHandleVerifier [0x00007FF68AC304CD+4077101]
	GetHandleVerifier [0x00007FF68AC2865F+4044735]
	GetHandleVerifier [0x00007FF68A8F9736+706710]
	(No symbol) [0x00007FF68A7DB8DF]
	(No symbol) [0x00007FF68A7D6AC4]
	(No symbol) [0x00007FF68A7D6C1C]
	(No symbol) [0x00007FF68A7C68D4]
	BaseThreadInitThunk [0x00007FF9494C257D+29]
	RtlUserThreadStart [0x00007FF94AC4AA58+40]

2024-03-25 18:57:33,602 [ERROR] automation Element located by i0116 is not present. Message: no such element: Unable to locate element: {"method":"css selector","selector":"[id="i0116"]"}
  (Session info: chrome=122.0.6261.131); For documentation on this error, please visit: https://www.selenium.dev/documentation/webdriver/troubleshooting/errors#no-such-element-exception
Stacktrace:
	GetHandleVerifier [0x00007FF68A85AD02+56930]
	(No symbol) [0x00007FF68A7CF602]
	(No symbol) [0x00007FF68A6842E5]
	(No symbol) [0x00007FF68A6C98ED]
	(No symbol) [0x00007FF68A6C9A2C]
	(No symbol) [0x00007FF68A70A967]
	(No symbol) [0x00007FF68A6EBCDF]
	(No symbol) [0x00007FF68A7081E2]
	(No symbol) [0x00007FF68A6EBA43]
	(No symbol) [0x00007FF68A6BD438]
	(No symbol) [0x00007FF68A6BE4D1]
	GetHandleVerifier [0x00007FF68ABD6F8D+3711213]
	GetHandleVerifier [0x00007FF68AC304CD+4077101]
	GetHandleVerifier [0x00007FF68AC2865F+4044735]
	GetHandleVerifier [0x00007FF68A8F9736+706710]
	(No symbol) [0x00007FF68A7DB8DF]
	(No symbol) [0x00007FF68A7D6AC4]
	(No symbol) [0x00007FF68A7D6C1C]
	(No symbol) [0x00007FF68A7C68D4]
	BaseThreadInitThunk [0x00007FF9494C257D+29]
	RtlUserThreadStart [0x00007FF94AC4AA58+40]

2024-03-25 18:57:33,671 [ERROR] automation Element located by i0116 is not present. Message: no such element: Unable to locate element: {"method":"css selector","selector":"[id="i0116"]"}
  (Session info: chrome=122.0.6261.131); For documentation on this error, please visit: https://www.selenium.dev/documentation/webdriver/troubleshooting/errors#no-such-element-exception
Stacktrace:
	GetHandleVerifier [0x00007FF68A85AD02+56930]
	(No symbol) [0x00007FF68A7CF602]
	(No symbol) [0x00007FF68A6842E5]
	(No symbol) [0x00007FF68A6C98ED]
	(No symbol) [0x00007FF68A6C9A2C]
	(No symbol) [0x00007FF68A70A967]
	(No symbol) [0x00007FF68A6EBCDF]
	(No symbol) [0x00007FF68A7081E2]
	(No symbol) [0x00007FF68A6EBA43]
	(No symbol) [0x00007FF68A6BD438]
	(No symbol) [0x00007FF68A6BE4D1]
	GetHandleVerifier [0x00007FF68ABD6F8D+3711213]
	GetHandleVerifier [0x00007FF68AC304CD+4077101]
	GetHandleVerifier [0x00007FF68AC2865F+4044735]
	GetHandleVerifier [0x00007FF68A8F9736+706710]
	(No symbol) [0x00007FF68A7DB8DF]
	(No symbol) [0x00007FF68A7D6AC4]
	(No symbol) [0x00007FF68A7D6C1C]
	(No symbol) [0x00007FF68A7C68D4]
	BaseThreadInitThunk [0x00007FF9494C257D+29]
	RtlUserThreadStart [0x00007FF94AC4AA58+40]

2024-03-25 18:57:33,740 [ERROR] automation Element located by i0116 is not present. Message: no such element: Unable to locate element: {"method":"css selector","selector":"[id="i0116"]"}
  (Session info: chrome=122.0.6261.131); For documentation on this error, please visit: https://www.selenium.dev/documentation/webdriver/troubleshooting/errors#no-such-element-exception
Stacktrace:
	GetHandleVerifier [0x00007FF68A85AD02+56930]
	(No symbol) [0x00007FF68A7CF602]
	(No symbol) [0x00007FF68A6842E5]
	(No symbol) [0x00007FF68A6C98ED]
	(No symbol) [0x00007FF68A6C9A2C]
	(No symbol) [0x00007FF68A70A967]
	(No symbol) [0x00007FF68A6EBCDF]
	(No symbol) [0x00007FF68A7081E2]
	(No symbol) [0x00007FF68A6EBA43]
	(No symbol) [0x00007FF68A6BD438]
	(No symbol) [0x00007FF68A6BE4D1]
	GetHandleVerifier [0x00007FF68ABD6F8D+3711213]
	GetHandleVerifier [0x00007FF68AC304CD+4077101]
	GetHandleVerifier [0x00007FF68AC2865F+4044735]
	GetHandleVerifier [0x00007FF68A8F9736+706710]
	(No symbol) [0x00007FF68A7DB8DF]
	(No symbol) [0x00007FF68A7D6AC4]
	(No symbol) [0x00007FF68A7D6C1C]
	(No symbol) [0x00007FF68A7C68D4]
	BaseThreadInitThunk [0x00007FF9494C257D+29]
	RtlUserThreadStart [0x00007FF94AC4AA58+40]

2024-03-25 18:57:33,809 [ERROR] automation Element located by i0116 is not present. Message: no such element: Unable to locate element: {"method":"css selector","selector":"[id="i0116"]"}
  (Session info: chrome=122.0.6261.131); For documentation on this error, please visit: https://www.selenium.dev/documentation/webdriver/troubleshooting/errors#no-such-element-exception
Stacktrace:
	GetHandleVerifier [0x00007FF68A85AD02+56930]
	(No symbol) [0x00007FF68A7CF602]
	(No symbol) [0x00007FF68A6842E5]
	(No symbol) [0x00007FF68A6C98ED]
	(No symbol) [0x00007FF68A6C9A2C]
	(No symbol) [0x00007FF68A70A967]
	(No symbol) [0x00007FF68A6EBCDF]
	(No symbol) [0x00007FF68A7081E2]
	(No symbol) [0x00007FF68A6EBA43]
	(No symbol) [0x00007FF68A6BD438]
	(No symbol) [0x00007FF68A6BE4D1]
	GetHandleVerifier [0x00007FF68ABD6F8D+3711213]
	GetHandleVerifier [0x00007FF68AC304CD+4077101]
	GetHandleVerifier [0x00007FF68AC2865F+4044735]
	GetHandleVerifier [0x00007FF68A8F9736+706710]
	(No symbol) [0x00007FF68A7DB8DF]
	(No symbol) [0x00007FF68A7D6AC4]
	(No symbol) [0x00007FF68A7D6C1C]
	(No symbol) [0x00007FF68A7C68D4]
	BaseThreadInitThunk [0x00007FF9494C257D+29]
	RtlUserThreadStart [0x00007FF94AC4AA58+40]

2024-03-25 18:57:34,710 [ERROR] automation Element located by i0116 is not present. Message: no such element: Unable to locate element: {"method":"css selector","selector":"[id="i0116"]"}
  (Session info: chrome=122.0.6261.131); For documentation on this error, please visit: https://www.selenium.dev/documentation/webdriver/troubleshooting/errors#no-such-element-exception
Stacktrace:
	GetHandleVerifier [0x00007FF68A85AD02+56930]
	(No symbol) [0x00007FF68A7CF602]
	(No symbol) [0x00007FF68A6842E5]
	(No symbol) [0x00007FF68A6C98ED]
	(No symbol) [0x00007FF68A6C9A2C]
	(No symbol) [0x00007FF68A70A967]
	(No symbol) [0x00007FF68A6EBCDF]
	(No symbol) [0x00007FF68A7081E2]
	(No symbol) [0x00007FF68A6EBA43]
	(No symbol) [0x00007FF68A6BD438]
	(No symbol) [0x00007FF68A6BE4D1]
	GetHandleVerifier [0x00007FF68ABD6F8D+3711213]
	GetHandleVerifier [0x00007FF68AC304CD+4077101]
	GetHandleVerifier [0x00007FF68AC2865F+4044735]
	GetHandleVerifier [0x00007FF68A8F9736+706710]
	(No symbol) [0x00007FF68A7DB8DF]
	(No symbol) [0x00007FF68A7D6AC4]
	(No symbol) [0x00007FF68A7D6C1C]
	(No symbol) [0x00007FF68A7C68D4]
	BaseThreadInitThunk [0x00007FF9494C257D+29]
	RtlUserThreadStart [0x00007FF94AC4AA58+40]

2024-03-25 18:57:34,779 [ERROR] automation Element located by i0116 is not present. Message: no such element: Unable to locate element: {"method":"css selector","selector":"[id="i0116"]"}
  (Session info: chrome=122.0.6261.131); For documentation on this error, please visit: https://www.selenium.dev/documentation/webdriver/troubleshooting/errors#no-such-element-exception
Stacktrace:
	GetHandleVerifier [0x00007FF68A85AD02+56930]
	(No symbol) [0x00007FF68A7CF602]
	(No symbol) [0x00007FF68A6842E5]
	(No symbol) [0x00007FF68A6C98ED]
	(No symbol) [0x00007FF68A6C9A2C]
	(No symbol) [0x00007FF68A70A967]
	(No symbol) [0x00007FF68A6EBCDF]
	(No symbol) [0x00007FF68A7081E2]
	(No symbol) [0x00007FF68A6EBA43]
	(No symbol) [0x00007FF68A6BD438]
	(No symbol) [0x00007FF68A6BE4D1]
	GetHandleVerifier [0x00007FF68ABD6F8D+3711213]
	GetHandleVerifier [0x00007FF68AC304CD+4077101]
	GetHandleVerifier [0x00007FF68AC2865F+4044735]
	GetHandleVerifier [0x00007FF68A8F9736+706710]
	(No symbol) [0x00007FF68A7DB8DF]
	(No symbol) [0x00007FF68A7D6AC4]
	(No symbol) [0x00007FF68A7D6C1C]
	(No symbol) [0x00007FF68A7C68D4]
	BaseThreadInitThunk [0x00007FF9494C257D+29]
	RtlUserThreadStart [0x00007FF94AC4AA58+40]

2024-03-25 18:57:34,845 [ERROR] automation Element located by i0116 is not present. Message: no such element: Unable to locate element: {"method":"css selector","selector":"[id="i0116"]"}
  (Session info: chrome=122.0.6261.131); For documentation on this error, please visit: https://www.selenium.dev/documentation/webdriver/troubleshooting/errors#no-such-element-exception
Stacktrace:
	GetHandleVerifier [0x00007FF68A85AD02+56930]
	(No symbol) [0x00007FF68A7CF602]
	(No symbol) [0x00007FF68A6842E5]
	(No symbol) [0x00007FF68A6C98ED]
	(No symbol) [0x00007FF68A6C9A2C]
	(No symbol) [0x00007FF68A70A967]
	(No symbol) [0x00007FF68A6EBCDF]
	(No symbol) [0x00007FF68A7081E2]
	(No symbol) [0x00007FF68A6EBA43]
	(No symbol) [0x00007FF68A6BD438]
	(No symbol) [0x00007FF68A6BE4D1]
	GetHandleVerifier [0x00007FF68ABD6F8D+3711213]
	GetHandleVerifier [0x00007FF68AC304CD+4077101]
	GetHandleVerifier [0x00007FF68AC2865F+4044735]
	GetHandleVerifier [0x00007FF68A8F9736+706710]
	(No symbol) [0x00007FF68A7DB8DF]
	(No symbol) [0x00007FF68A7D6AC4]
	(No symbol) [0x00007FF68A7D6C1C]
	(No symbol) [0x00007FF68A7C68D4]
	BaseThreadInitThunk [0x00007FF9494C257D+29]
	RtlUserThreadStart [0x00007FF94AC4AA58+40]

2024-03-25 18:57:35,015 [ERROR] automation Element located by i0116 is not present. Message: no such element: Unable to locate element: {"method":"css selector","selector":"[id="i0116"]"}
  (Session info: chrome=122.0.6261.131); For documentation on this error, please visit: https://www.selenium.dev/documentation/webdriver/troubleshooting/errors#no-such-element-exception
Stacktrace:
	GetHandleVerifier [0x00007FF68A85AD02+56930]
	(No symbol) [0x00007FF68A7CF602]
	(No symbol) [0x00007FF68A6842E5]
	(No symbol) [0x00007FF68A6C98ED]
	(No symbol) [0x00007FF68A6C9A2C]
	(No symbol) [0x00007FF68A70A967]
	(No symbol) [0x00007FF68A6EBCDF]
	(No symbol) [0x00007FF68A7081E2]
	(No symbol) [0x00007FF68A6EBA43]
	(No symbol) [0x00007FF68A6BD438]
	(No symbol) [0x00007FF68A6BE4D1]
	GetHandleVerifier [0x00007FF68ABD6F8D+3711213]
	GetHandleVerifier [0x00007FF68AC304CD+4077101]
	GetHandleVerifier [0x00007FF68AC2865F+4044735]
	GetHandleVerifier [0x00007FF68A8F9736+706710]
	(No symbol) [0x00007FF68A7DB8DF]
	(No symbol) [0x00007FF68A7D6AC4]
	(No symbol) [0x00007FF68A7D6C1C]
	(No symbol) [0x00007FF68A7C68D4]
	BaseThreadInitThunk [0x00007FF9494C257D+29]
	RtlUserThreadStart [0x00007FF94AC4AA58+40]

2024-03-25 18:57:35,082 [ERROR] automation Element located by i0116 is not present. Message: no such element: Unable to locate element: {"method":"css selector","selector":"[id="i0116"]"}
  (Session info: chrome=122.0.6261.131); For documentation on this error, please visit: https://www.selenium.dev/documentation/webdriver/troubleshooting/errors#no-such-element-exception
Stacktrace:
	GetHandleVerifier [0x00007FF68A85AD02+56930]
	(No symbol) [0x00007FF68A7CF602]
	(No symbol) [0x00007FF68A6842E5]
	(No symbol) [0x00007FF68A6C98ED]
	(No symbol) [0x00007FF68A6C9A2C]
	(No symbol) [0x00007FF68A70A967]
	(No symbol) [0x00007FF68A6EBCDF]
	(No symbol) [0x00007FF68A7081E2]
	(No symbol) [0x00007FF68A6EBA43]
	(No symbol) [0x00007FF68A6BD438]
	(No symbol) [0x00007FF68A6BE4D1]
	GetHandleVerifier [0x00007FF68ABD6F8D+3711213]
	GetHandleVerifier [0x00007FF68AC304CD+4077101]
	GetHandleVerifier [0x00007FF68AC2865F+4044735]
	GetHandleVerifier [0x00007FF68A8F9736+706710]
	(No symbol) [0x00007FF68A7DB8DF]
	(No symbol) [0x00007FF68A7D6AC4]
	(No symbol) [0x00007FF68A7D6C1C]
	(No symbol) [0x00007FF68A7C68D4]
	BaseThreadInitThunk [0x00007FF9494C257D+29]
	RtlUserThreadStart [0x00007FF94AC4AA58+40]

2024-03-25 18:57:35,300 [INFO] automation Element located by i0116 is present.
2024-03-25 18:57:42,553 [INFO] automation Element located by //div[@class='logo'] is present.
2024-03-25 18:57:46,705 [INFO] automation Element located by //div[@class='tableFixHead']/table/tbody/tr[contains(@class,'even_col')][1] is present.
2024-03-25 18:57:49,830 [INFO] automation CPU Percent: 4.2	Virtual Memory: svmem(total=12635017216, available=2377474048, percent=81.2, used=10257543168, free=2377474048)
2024-03-25 18:57:49,936 [INFO] automation screenshot logged as: C:\Users\Thanusha Kotaprolu\Automation Projects\cognine-crm-automation\RunExecutionScripts\common\logs\screenshots\test_crm_bulk_email_page_smoke_test__fail251857494bae.png
2024-03-25 18:57:49,936 [ERROR] automation Test failed.
