2024-03-29 15:38:57,910 [INFO] automation Test has started.
2024-03-29 15:38:57,910 [INFO] automation Navigating to the https://chorusqa.cogninelabs.com/
2024-03-29 15:39:01,829 [ERROR] automation Element located by i0116 is not present. Message: no such element: Unable to locate element: {"method":"css selector","selector":"[id="i0116"]"}
  (Session info: chrome=122.0.6261.131); For documentation on this error, please visit: https://www.selenium.dev/documentation/webdriver/troubleshooting/errors#no-such-element-exception
Stacktrace:
	GetHandleVerifier [0x00007FF70875AD02+56930]
	(No symbol) [0x00007FF7086CF602]
	(No symbol) [0x00007FF7085842E5]
	(No symbol) [0x00007FF7085C98ED]
	(No symbol) [0x00007FF7085C9A2C]
	(No symbol) [0x00007FF70860A967]
	(No symbol) [0x00007FF7085EBCDF]
	(No symbol) [0x00007FF7086081E2]
	(No symbol) [0x00007FF7085EBA43]
	(No symbol) [0x00007FF7085BD438]
	(No symbol) [0x00007FF7085BE4D1]
	GetHandleVerifier [0x00007FF708AD6F8D+3711213]
	GetHandleVerifier [0x00007FF708B304CD+4077101]
	GetHandleVerifier [0x00007FF708B2865F+4044735]
	GetHandleVerifier [0x00007FF7087F9736+706710]
	(No symbol) [0x00007FF7086DB8DF]
	(No symbol) [0x00007FF7086D6AC4]
	(No symbol) [0x00007FF7086D6C1C]
	(No symbol) [0x00007FF7086C68D4]
	BaseThreadInitThunk [0x00007FF9494C257D+29]
	RtlUserThreadStart [0x00007FF94AC4AA58+40]

2024-03-29 15:39:01,896 [ERROR] automation Element located by i0116 is not present. Message: no such element: Unable to locate element: {"method":"css selector","selector":"[id="i0116"]"}
  (Session info: chrome=122.0.6261.131); For documentation on this error, please visit: https://www.selenium.dev/documentation/webdriver/troubleshooting/errors#no-such-element-exception
Stacktrace:
	GetHandleVerifier [0x00007FF70875AD02+56930]
	(No symbol) [0x00007FF7086CF602]
	(No symbol) [0x00007FF7085842E5]
	(No symbol) [0x00007FF7085C98ED]
	(No symbol) [0x00007FF7085C9A2C]
	(No symbol) [0x00007FF70860A967]
	(No symbol) [0x00007FF7085EBCDF]
	(No symbol) [0x00007FF7086081E2]
	(No symbol) [0x00007FF7085EBA43]
	(No symbol) [0x00007FF7085BD438]
	(No symbol) [0x00007FF7085BE4D1]
	GetHandleVerifier [0x00007FF708AD6F8D+3711213]
	GetHandleVerifier [0x00007FF708B304CD+4077101]
	GetHandleVerifier [0x00007FF708B2865F+4044735]
	GetHandleVerifier [0x00007FF7087F9736+706710]
	(No symbol) [0x00007FF7086DB8DF]
	(No symbol) [0x00007FF7086D6AC4]
	(No symbol) [0x00007FF7086D6C1C]
	(No symbol) [0x00007FF7086C68D4]
	BaseThreadInitThunk [0x00007FF9494C257D+29]
	RtlUserThreadStart [0x00007FF94AC4AA58+40]

2024-03-29 15:39:01,961 [ERROR] automation Element located by i0116 is not present. Message: no such element: Unable to locate element: {"method":"css selector","selector":"[id="i0116"]"}
  (Session info: chrome=122.0.6261.131); For documentation on this error, please visit: https://www.selenium.dev/documentation/webdriver/troubleshooting/errors#no-such-element-exception
Stacktrace:
	GetHandleVerifier [0x00007FF70875AD02+56930]
	(No symbol) [0x00007FF7086CF602]
	(No symbol) [0x00007FF7085842E5]
	(No symbol) [0x00007FF7085C98ED]
	(No symbol) [0x00007FF7085C9A2C]
	(No symbol) [0x00007FF70860A967]
	(No symbol) [0x00007FF7085EBCDF]
	(No symbol) [0x00007FF7086081E2]
	(No symbol) [0x00007FF7085EBA43]
	(No symbol) [0x00007FF7085BD438]
	(No symbol) [0x00007FF7085BE4D1]
	GetHandleVerifier [0x00007FF708AD6F8D+3711213]
	GetHandleVerifier [0x00007FF708B304CD+4077101]
	GetHandleVerifier [0x00007FF708B2865F+4044735]
	GetHandleVerifier [0x00007FF7087F9736+706710]
	(No symbol) [0x00007FF7086DB8DF]
	(No symbol) [0x00007FF7086D6AC4]
	(No symbol) [0x00007FF7086D6C1C]
	(No symbol) [0x00007FF7086C68D4]
	BaseThreadInitThunk [0x00007FF9494C257D+29]
	RtlUserThreadStart [0x00007FF94AC4AA58+40]

2024-03-29 15:39:02,028 [ERROR] automation Element located by i0116 is not present. Message: no such element: Unable to locate element: {"method":"css selector","selector":"[id="i0116"]"}
  (Session info: chrome=122.0.6261.131); For documentation on this error, please visit: https://www.selenium.dev/documentation/webdriver/troubleshooting/errors#no-such-element-exception
Stacktrace:
	GetHandleVerifier [0x00007FF70875AD02+56930]
	(No symbol) [0x00007FF7086CF602]
	(No symbol) [0x00007FF7085842E5]
	(No symbol) [0x00007FF7085C98ED]
	(No symbol) [0x00007FF7085C9A2C]
	(No symbol) [0x00007FF70860A967]
	(No symbol) [0x00007FF7085EBCDF]
	(No symbol) [0x00007FF7086081E2]
	(No symbol) [0x00007FF7085EBA43]
	(No symbol) [0x00007FF7085BD438]
	(No symbol) [0x00007FF7085BE4D1]
	GetHandleVerifier [0x00007FF708AD6F8D+3711213]
	GetHandleVerifier [0x00007FF708B304CD+4077101]
	GetHandleVerifier [0x00007FF708B2865F+4044735]
	GetHandleVerifier [0x00007FF7087F9736+706710]
	(No symbol) [0x00007FF7086DB8DF]
	(No symbol) [0x00007FF7086D6AC4]
	(No symbol) [0x00007FF7086D6C1C]
	(No symbol) [0x00007FF7086C68D4]
	BaseThreadInitThunk [0x00007FF9494C257D+29]
	RtlUserThreadStart [0x00007FF94AC4AA58+40]

2024-03-29 15:39:02,093 [ERROR] automation Element located by i0116 is not present. Message: no such element: Unable to locate element: {"method":"css selector","selector":"[id="i0116"]"}
  (Session info: chrome=122.0.6261.131); For documentation on this error, please visit: https://www.selenium.dev/documentation/webdriver/troubleshooting/errors#no-such-element-exception
Stacktrace:
	GetHandleVerifier [0x00007FF70875AD02+56930]
	(No symbol) [0x00007FF7086CF602]
	(No symbol) [0x00007FF7085842E5]
	(No symbol) [0x00007FF7085C98ED]
	(No symbol) [0x00007FF7085C9A2C]
	(No symbol) [0x00007FF70860A967]
	(No symbol) [0x00007FF7085EBCDF]
	(No symbol) [0x00007FF7086081E2]
	(No symbol) [0x00007FF7085EBA43]
	(No symbol) [0x00007FF7085BD438]
	(No symbol) [0x00007FF7085BE4D1]
	GetHandleVerifier [0x00007FF708AD6F8D+3711213]
	GetHandleVerifier [0x00007FF708B304CD+4077101]
	GetHandleVerifier [0x00007FF708B2865F+4044735]
	GetHandleVerifier [0x00007FF7087F9736+706710]
	(No symbol) [0x00007FF7086DB8DF]
	(No symbol) [0x00007FF7086D6AC4]
	(No symbol) [0x00007FF7086D6C1C]
	(No symbol) [0x00007FF7086C68D4]
	BaseThreadInitThunk [0x00007FF9494C257D+29]
	RtlUserThreadStart [0x00007FF94AC4AA58+40]

2024-03-29 15:39:02,159 [ERROR] automation Element located by i0116 is not present. Message: no such element: Unable to locate element: {"method":"css selector","selector":"[id="i0116"]"}
  (Session info: chrome=122.0.6261.131); For documentation on this error, please visit: https://www.selenium.dev/documentation/webdriver/troubleshooting/errors#no-such-element-exception
Stacktrace:
	GetHandleVerifier [0x00007FF70875AD02+56930]
	(No symbol) [0x00007FF7086CF602]
	(No symbol) [0x00007FF7085842E5]
	(No symbol) [0x00007FF7085C98ED]
	(No symbol) [0x00007FF7085C9A2C]
	(No symbol) [0x00007FF70860A967]
	(No symbol) [0x00007FF7085EBCDF]
	(No symbol) [0x00007FF7086081E2]
	(No symbol) [0x00007FF7085EBA43]
	(No symbol) [0x00007FF7085BD438]
	(No symbol) [0x00007FF7085BE4D1]
	GetHandleVerifier [0x00007FF708AD6F8D+3711213]
	GetHandleVerifier [0x00007FF708B304CD+4077101]
	GetHandleVerifier [0x00007FF708B2865F+4044735]
	GetHandleVerifier [0x00007FF7087F9736+706710]
	(No symbol) [0x00007FF7086DB8DF]
	(No symbol) [0x00007FF7086D6AC4]
	(No symbol) [0x00007FF7086D6C1C]
	(No symbol) [0x00007FF7086C68D4]
	BaseThreadInitThunk [0x00007FF9494C257D+29]
	RtlUserThreadStart [0x00007FF94AC4AA58+40]

2024-03-29 15:39:02,226 [ERROR] automation Element located by i0116 is not present. Message: no such element: Unable to locate element: {"method":"css selector","selector":"[id="i0116"]"}
  (Session info: chrome=122.0.6261.131); For documentation on this error, please visit: https://www.selenium.dev/documentation/webdriver/troubleshooting/errors#no-such-element-exception
Stacktrace:
	GetHandleVerifier [0x00007FF70875AD02+56930]
	(No symbol) [0x00007FF7086CF602]
	(No symbol) [0x00007FF7085842E5]
	(No symbol) [0x00007FF7085C98ED]
	(No symbol) [0x00007FF7085C9A2C]
	(No symbol) [0x00007FF70860A967]
	(No symbol) [0x00007FF7085EBCDF]
	(No symbol) [0x00007FF7086081E2]
	(No symbol) [0x00007FF7085EBA43]
	(No symbol) [0x00007FF7085BD438]
	(No symbol) [0x00007FF7085BE4D1]
	GetHandleVerifier [0x00007FF708AD6F8D+3711213]
	GetHandleVerifier [0x00007FF708B304CD+4077101]
	GetHandleVerifier [0x00007FF708B2865F+4044735]
	GetHandleVerifier [0x00007FF7087F9736+706710]
	(No symbol) [0x00007FF7086DB8DF]
	(No symbol) [0x00007FF7086D6AC4]
	(No symbol) [0x00007FF7086D6C1C]
	(No symbol) [0x00007FF7086C68D4]
	BaseThreadInitThunk [0x00007FF9494C257D+29]
	RtlUserThreadStart [0x00007FF94AC4AA58+40]

2024-03-29 15:39:03,003 [ERROR] automation Element located by i0116 is not present. Message: no such element: Unable to locate element: {"method":"css selector","selector":"[id="i0116"]"}
  (Session info: chrome=122.0.6261.131); For documentation on this error, please visit: https://www.selenium.dev/documentation/webdriver/troubleshooting/errors#no-such-element-exception
Stacktrace:
	GetHandleVerifier [0x00007FF70875AD02+56930]
	(No symbol) [0x00007FF7086CF602]
	(No symbol) [0x00007FF7085842E5]
	(No symbol) [0x00007FF7085C98ED]
	(No symbol) [0x00007FF7085C9A2C]
	(No symbol) [0x00007FF70860A967]
	(No symbol) [0x00007FF7085EBCDF]
	(No symbol) [0x00007FF7086081E2]
	(No symbol) [0x00007FF7085EBA43]
	(No symbol) [0x00007FF7085BD438]
	(No symbol) [0x00007FF7085BE4D1]
	GetHandleVerifier [0x00007FF708AD6F8D+3711213]
	GetHandleVerifier [0x00007FF708B304CD+4077101]
	GetHandleVerifier [0x00007FF708B2865F+4044735]
	GetHandleVerifier [0x00007FF7087F9736+706710]
	(No symbol) [0x00007FF7086DB8DF]
	(No symbol) [0x00007FF7086D6AC4]
	(No symbol) [0x00007FF7086D6C1C]
	(No symbol) [0x00007FF7086C68D4]
	BaseThreadInitThunk [0x00007FF9494C257D+29]
	RtlUserThreadStart [0x00007FF94AC4AA58+40]

2024-03-29 15:39:03,104 [ERROR] automation Element located by i0116 is not present. Message: no such element: Unable to locate element: {"method":"css selector","selector":"[id="i0116"]"}
  (Session info: chrome=122.0.6261.131); For documentation on this error, please visit: https://www.selenium.dev/documentation/webdriver/troubleshooting/errors#no-such-element-exception
Stacktrace:
	GetHandleVerifier [0x00007FF70875AD02+56930]
	(No symbol) [0x00007FF7086CF602]
	(No symbol) [0x00007FF7085842E5]
	(No symbol) [0x00007FF7085C98ED]
	(No symbol) [0x00007FF7085C9A2C]
	(No symbol) [0x00007FF70860A967]
	(No symbol) [0x00007FF7085EBCDF]
	(No symbol) [0x00007FF7086081E2]
	(No symbol) [0x00007FF7085EBA43]
	(No symbol) [0x00007FF7085BD438]
	(No symbol) [0x00007FF7085BE4D1]
	GetHandleVerifier [0x00007FF708AD6F8D+3711213]
	GetHandleVerifier [0x00007FF708B304CD+4077101]
	GetHandleVerifier [0x00007FF708B2865F+4044735]
	GetHandleVerifier [0x00007FF7087F9736+706710]
	(No symbol) [0x00007FF7086DB8DF]
	(No symbol) [0x00007FF7086D6AC4]
	(No symbol) [0x00007FF7086D6C1C]
	(No symbol) [0x00007FF7086C68D4]
	BaseThreadInitThunk [0x00007FF9494C257D+29]
	RtlUserThreadStart [0x00007FF94AC4AA58+40]

2024-03-29 15:39:03,169 [ERROR] automation Element located by i0116 is not present. Message: no such element: Unable to locate element: {"method":"css selector","selector":"[id="i0116"]"}
  (Session info: chrome=122.0.6261.131); For documentation on this error, please visit: https://www.selenium.dev/documentation/webdriver/troubleshooting/errors#no-such-element-exception
Stacktrace:
	GetHandleVerifier [0x00007FF70875AD02+56930]
	(No symbol) [0x00007FF7086CF602]
	(No symbol) [0x00007FF7085842E5]
	(No symbol) [0x00007FF7085C98ED]
	(No symbol) [0x00007FF7085C9A2C]
	(No symbol) [0x00007FF70860A967]
	(No symbol) [0x00007FF7085EBCDF]
	(No symbol) [0x00007FF7086081E2]
	(No symbol) [0x00007FF7085EBA43]
	(No symbol) [0x00007FF7085BD438]
	(No symbol) [0x00007FF7085BE4D1]
	GetHandleVerifier [0x00007FF708AD6F8D+3711213]
	GetHandleVerifier [0x00007FF708B304CD+4077101]
	GetHandleVerifier [0x00007FF708B2865F+4044735]
	GetHandleVerifier [0x00007FF7087F9736+706710]
	(No symbol) [0x00007FF7086DB8DF]
	(No symbol) [0x00007FF7086D6AC4]
	(No symbol) [0x00007FF7086D6C1C]
	(No symbol) [0x00007FF7086C68D4]
	BaseThreadInitThunk [0x00007FF9494C257D+29]
	RtlUserThreadStart [0x00007FF94AC4AA58+40]

2024-03-29 15:39:03,332 [INFO] automation Element located by i0116 is present.
2024-03-29 15:39:10,390 [INFO] automation Element located by //div[@class='logo'] is present.
2024-03-29 15:39:14,489 [INFO] automation Element located by //div[@class='tableFixHead']/table/tbody/tr[contains(@class,'even_col')][1] is present.
2024-03-29 15:39:16,990 [INFO] automation Element located by //select[@formcontrolname='industry'] is present.
2024-03-29 15:39:16,998 [INFO] automation Element located by //select[@formcontrolname='industry'] is present.
2024-03-29 15:39:17,742 [INFO] automation Element located by //div[@role='alert' and contains(text(),'Template already exists')] is present.
2024-03-29 15:39:23,071 [INFO] automation Element located by //div[@role='alert' and contains(text(),'Template already exists')] has disappeared.
2024-03-29 15:39:25,517 [INFO] automation Element located by //select[@formcontrolname='industry'] is present.
2024-03-29 15:39:25,538 [INFO] automation Element located by //select[@formcontrolname='industry'] is present.
2024-03-29 15:39:25,788 [INFO] automation Element located by //div[@class='tableFixHead']/table/tbody/tr[1] is present.
2024-03-29 15:39:25,800 [INFO] automation Element located by //div[@class='tableFixHead']/table/tbody/tr[1]/td[contains(text(),'Automotive')] is present.
2024-03-29 15:39:25,813 [INFO] automation Element located by //div[@class='tableFixHead']/table/tbody/tr[1]/td[contains(text(),'QA')] is present.
2024-03-29 15:39:25,823 [INFO] automation Element located by //div[@class='tableFixHead']/table/tbody/tr[1]/td[contains(text(),'Email')] is present.
2024-03-29 15:39:26,941 [INFO] automation Element located by //app-add-template//select[@formcontrolname='industry'] is present.
2024-03-29 15:39:26,950 [INFO] automation Element located by //app-add-template//select[@formcontrolname='industry'] is present.
2024-03-29 15:39:27,652 [ERROR] automation Element located by //div[@role='alert' and contains(text(),'success') or contains(text(),'Success')] is not present. Message: no such element: Unable to locate element: {"method":"xpath","selector":"//div[@role='alert' and contains(text(),'success') or contains(text(),'Success')]"}
  (Session info: chrome=122.0.6261.131); For documentation on this error, please visit: https://www.selenium.dev/documentation/webdriver/troubleshooting/errors#no-such-element-exception
Stacktrace:
	GetHandleVerifier [0x00007FF70875AD02+56930]
	(No symbol) [0x00007FF7086CF602]
	(No symbol) [0x00007FF7085842E5]
	(No symbol) [0x00007FF7085C98ED]
	(No symbol) [0x00007FF7085C9A2C]
	(No symbol) [0x00007FF70860A967]
	(No symbol) [0x00007FF7085EBCDF]
	(No symbol) [0x00007FF7086081E2]
	(No symbol) [0x00007FF7085EBA43]
	(No symbol) [0x00007FF7085BD438]
	(No symbol) [0x00007FF7085BE4D1]
	GetHandleVerifier [0x00007FF708AD6F8D+3711213]
	GetHandleVerifier [0x00007FF708B304CD+4077101]
	GetHandleVerifier [0x00007FF708B2865F+4044735]
	GetHandleVerifier [0x00007FF7087F9736+706710]
	(No symbol) [0x00007FF7086DB8DF]
	(No symbol) [0x00007FF7086D6AC4]
	(No symbol) [0x00007FF7086D6C1C]
	(No symbol) [0x00007FF7086C68D4]
	BaseThreadInitThunk [0x00007FF9494C257D+29]
	RtlUserThreadStart [0x00007FF94AC4AA58+40]

2024-03-29 15:39:27,737 [INFO] automation Element located by //div[@role='alert' and contains(text(),'success') or contains(text(),'Success')] is present.
2024-03-29 15:39:33,085 [INFO] automation Element located by //div[@role='alert' and contains(text(),'success') or contains(text(),'Success')] has disappeared.
2024-03-29 15:39:33,090 [INFO] automation Element located by //select[@formcontrolname='industry'] is present.
2024-03-29 15:39:33,358 [INFO] automation Element located by //div[@class='tableFixHead']/table/tbody/tr[1] is present.
2024-03-29 15:39:33,364 [INFO] automation Element located by //div[@class='tableFixHead']/table/tbody/tr[1]/td[contains(text(),'Subject 1 29153912b0c6')] is present.
2024-03-29 15:39:33,364 [INFO] automation Test passed.
