2024-04-01 16:29:54,728 [INFO] automation Test has started.
2024-04-01 16:29:54,728 [INFO] automation Navigating to the https://chorusqa.cogninelabs.com/
2024-04-01 16:29:58,965 [ERROR] automation Element located by i0116 is not present. Message: no such element: Unable to locate element: {"method":"css selector","selector":"[id="i0116"]"}
  (Session info: chrome=122.0.6261.131); For documentation on this error, please visit: https://www.selenium.dev/documentation/webdriver/troubleshooting/errors#no-such-element-exception
Stacktrace:
	GetHandleVerifier [0x00007FF77484AD02+56930]
	(No symbol) [0x00007FF7747BF602]
	(No symbol) [0x00007FF7746742E5]
	(No symbol) [0x00007FF7746B98ED]
	(No symbol) [0x00007FF7746B9A2C]
	(No symbol) [0x00007FF7746FA967]
	(No symbol) [0x00007FF7746DBCDF]
	(No symbol) [0x00007FF7746F81E2]
	(No symbol) [0x00007FF7746DBA43]
	(No symbol) [0x00007FF7746AD438]
	(No symbol) [0x00007FF7746AE4D1]
	GetHandleVerifier [0x00007FF774BC6F8D+3711213]
	GetHandleVerifier [0x00007FF774C204CD+4077101]
	GetHandleVerifier [0x00007FF774C1865F+4044735]
	GetHandleVerifier [0x00007FF7748E9736+706710]
	(No symbol) [0x00007FF7747CB8DF]
	(No symbol) [0x00007FF7747C6AC4]
	(No symbol) [0x00007FF7747C6C1C]
	(No symbol) [0x00007FF7747B68D4]
	BaseThreadInitThunk [0x00007FF9494C257D+29]
	RtlUserThreadStart [0x00007FF94AC4AA58+40]

2024-04-01 16:29:59,031 [ERROR] automation Element located by i0116 is not present. Message: no such element: Unable to locate element: {"method":"css selector","selector":"[id="i0116"]"}
  (Session info: chrome=122.0.6261.131); For documentation on this error, please visit: https://www.selenium.dev/documentation/webdriver/troubleshooting/errors#no-such-element-exception
Stacktrace:
	GetHandleVerifier [0x00007FF77484AD02+56930]
	(No symbol) [0x00007FF7747BF602]
	(No symbol) [0x00007FF7746742E5]
	(No symbol) [0x00007FF7746B98ED]
	(No symbol) [0x00007FF7746B9A2C]
	(No symbol) [0x00007FF7746FA967]
	(No symbol) [0x00007FF7746DBCDF]
	(No symbol) [0x00007FF7746F81E2]
	(No symbol) [0x00007FF7746DBA43]
	(No symbol) [0x00007FF7746AD438]
	(No symbol) [0x00007FF7746AE4D1]
	GetHandleVerifier [0x00007FF774BC6F8D+3711213]
	GetHandleVerifier [0x00007FF774C204CD+4077101]
	GetHandleVerifier [0x00007FF774C1865F+4044735]
	GetHandleVerifier [0x00007FF7748E9736+706710]
	(No symbol) [0x00007FF7747CB8DF]
	(No symbol) [0x00007FF7747C6AC4]
	(No symbol) [0x00007FF7747C6C1C]
	(No symbol) [0x00007FF7747B68D4]
	BaseThreadInitThunk [0x00007FF9494C257D+29]
	RtlUserThreadStart [0x00007FF94AC4AA58+40]

2024-04-01 16:29:59,097 [ERROR] automation Element located by i0116 is not present. Message: no such element: Unable to locate element: {"method":"css selector","selector":"[id="i0116"]"}
  (Session info: chrome=122.0.6261.131); For documentation on this error, please visit: https://www.selenium.dev/documentation/webdriver/troubleshooting/errors#no-such-element-exception
Stacktrace:
	GetHandleVerifier [0x00007FF77484AD02+56930]
	(No symbol) [0x00007FF7747BF602]
	(No symbol) [0x00007FF7746742E5]
	(No symbol) [0x00007FF7746B98ED]
	(No symbol) [0x00007FF7746B9A2C]
	(No symbol) [0x00007FF7746FA967]
	(No symbol) [0x00007FF7746DBCDF]
	(No symbol) [0x00007FF7746F81E2]
	(No symbol) [0x00007FF7746DBA43]
	(No symbol) [0x00007FF7746AD438]
	(No symbol) [0x00007FF7746AE4D1]
	GetHandleVerifier [0x00007FF774BC6F8D+3711213]
	GetHandleVerifier [0x00007FF774C204CD+4077101]
	GetHandleVerifier [0x00007FF774C1865F+4044735]
	GetHandleVerifier [0x00007FF7748E9736+706710]
	(No symbol) [0x00007FF7747CB8DF]
	(No symbol) [0x00007FF7747C6AC4]
	(No symbol) [0x00007FF7747C6C1C]
	(No symbol) [0x00007FF7747B68D4]
	BaseThreadInitThunk [0x00007FF9494C257D+29]
	RtlUserThreadStart [0x00007FF94AC4AA58+40]

2024-04-01 16:29:59,156 [ERROR] automation Element located by i0116 is not present. Message: no such element: Unable to locate element: {"method":"css selector","selector":"[id="i0116"]"}
  (Session info: chrome=122.0.6261.131); For documentation on this error, please visit: https://www.selenium.dev/documentation/webdriver/troubleshooting/errors#no-such-element-exception
Stacktrace:
	GetHandleVerifier [0x00007FF77484AD02+56930]
	(No symbol) [0x00007FF7747BF602]
	(No symbol) [0x00007FF7746742E5]
	(No symbol) [0x00007FF7746B98ED]
	(No symbol) [0x00007FF7746B9A2C]
	(No symbol) [0x00007FF7746FA967]
	(No symbol) [0x00007FF7746DBCDF]
	(No symbol) [0x00007FF7746F81E2]
	(No symbol) [0x00007FF7746DBA43]
	(No symbol) [0x00007FF7746AD438]
	(No symbol) [0x00007FF7746AE4D1]
	GetHandleVerifier [0x00007FF774BC6F8D+3711213]
	GetHandleVerifier [0x00007FF774C204CD+4077101]
	GetHandleVerifier [0x00007FF774C1865F+4044735]
	GetHandleVerifier [0x00007FF7748E9736+706710]
	(No symbol) [0x00007FF7747CB8DF]
	(No symbol) [0x00007FF7747C6AC4]
	(No symbol) [0x00007FF7747C6C1C]
	(No symbol) [0x00007FF7747B68D4]
	BaseThreadInitThunk [0x00007FF9494C257D+29]
	RtlUserThreadStart [0x00007FF94AC4AA58+40]

2024-04-01 16:29:59,216 [ERROR] automation Element located by i0116 is not present. Message: no such element: Unable to locate element: {"method":"css selector","selector":"[id="i0116"]"}
  (Session info: chrome=122.0.6261.131); For documentation on this error, please visit: https://www.selenium.dev/documentation/webdriver/troubleshooting/errors#no-such-element-exception
Stacktrace:
	GetHandleVerifier [0x00007FF77484AD02+56930]
	(No symbol) [0x00007FF7747BF602]
	(No symbol) [0x00007FF7746742E5]
	(No symbol) [0x00007FF7746B98ED]
	(No symbol) [0x00007FF7746B9A2C]
	(No symbol) [0x00007FF7746FA967]
	(No symbol) [0x00007FF7746DBCDF]
	(No symbol) [0x00007FF7746F81E2]
	(No symbol) [0x00007FF7746DBA43]
	(No symbol) [0x00007FF7746AD438]
	(No symbol) [0x00007FF7746AE4D1]
	GetHandleVerifier [0x00007FF774BC6F8D+3711213]
	GetHandleVerifier [0x00007FF774C204CD+4077101]
	GetHandleVerifier [0x00007FF774C1865F+4044735]
	GetHandleVerifier [0x00007FF7748E9736+706710]
	(No symbol) [0x00007FF7747CB8DF]
	(No symbol) [0x00007FF7747C6AC4]
	(No symbol) [0x00007FF7747C6C1C]
	(No symbol) [0x00007FF7747B68D4]
	BaseThreadInitThunk [0x00007FF9494C257D+29]
	RtlUserThreadStart [0x00007FF94AC4AA58+40]

2024-04-01 16:29:59,279 [ERROR] automation Element located by i0116 is not present. Message: no such element: Unable to locate element: {"method":"css selector","selector":"[id="i0116"]"}
  (Session info: chrome=122.0.6261.131); For documentation on this error, please visit: https://www.selenium.dev/documentation/webdriver/troubleshooting/errors#no-such-element-exception
Stacktrace:
	GetHandleVerifier [0x00007FF77484AD02+56930]
	(No symbol) [0x00007FF7747BF602]
	(No symbol) [0x00007FF7746742E5]
	(No symbol) [0x00007FF7746B98ED]
	(No symbol) [0x00007FF7746B9A2C]
	(No symbol) [0x00007FF7746FA967]
	(No symbol) [0x00007FF7746DBCDF]
	(No symbol) [0x00007FF7746F81E2]
	(No symbol) [0x00007FF7746DBA43]
	(No symbol) [0x00007FF7746AD438]
	(No symbol) [0x00007FF7746AE4D1]
	GetHandleVerifier [0x00007FF774BC6F8D+3711213]
	GetHandleVerifier [0x00007FF774C204CD+4077101]
	GetHandleVerifier [0x00007FF774C1865F+4044735]
	GetHandleVerifier [0x00007FF7748E9736+706710]
	(No symbol) [0x00007FF7747CB8DF]
	(No symbol) [0x00007FF7747C6AC4]
	(No symbol) [0x00007FF7747C6C1C]
	(No symbol) [0x00007FF7747B68D4]
	BaseThreadInitThunk [0x00007FF9494C257D+29]
	RtlUserThreadStart [0x00007FF94AC4AA58+40]

2024-04-01 16:29:59,338 [ERROR] automation Element located by i0116 is not present. Message: no such element: Unable to locate element: {"method":"css selector","selector":"[id="i0116"]"}
  (Session info: chrome=122.0.6261.131); For documentation on this error, please visit: https://www.selenium.dev/documentation/webdriver/troubleshooting/errors#no-such-element-exception
Stacktrace:
	GetHandleVerifier [0x00007FF77484AD02+56930]
	(No symbol) [0x00007FF7747BF602]
	(No symbol) [0x00007FF7746742E5]
	(No symbol) [0x00007FF7746B98ED]
	(No symbol) [0x00007FF7746B9A2C]
	(No symbol) [0x00007FF7746FA967]
	(No symbol) [0x00007FF7746DBCDF]
	(No symbol) [0x00007FF7746F81E2]
	(No symbol) [0x00007FF7746DBA43]
	(No symbol) [0x00007FF7746AD438]
	(No symbol) [0x00007FF7746AE4D1]
	GetHandleVerifier [0x00007FF774BC6F8D+3711213]
	GetHandleVerifier [0x00007FF774C204CD+4077101]
	GetHandleVerifier [0x00007FF774C1865F+4044735]
	GetHandleVerifier [0x00007FF7748E9736+706710]
	(No symbol) [0x00007FF7747CB8DF]
	(No symbol) [0x00007FF7747C6AC4]
	(No symbol) [0x00007FF7747C6C1C]
	(No symbol) [0x00007FF7747B68D4]
	BaseThreadInitThunk [0x00007FF9494C257D+29]
	RtlUserThreadStart [0x00007FF94AC4AA58+40]

2024-04-01 16:29:59,399 [ERROR] automation Element located by i0116 is not present. Message: no such element: Unable to locate element: {"method":"css selector","selector":"[id="i0116"]"}
  (Session info: chrome=122.0.6261.131); For documentation on this error, please visit: https://www.selenium.dev/documentation/webdriver/troubleshooting/errors#no-such-element-exception
Stacktrace:
	GetHandleVerifier [0x00007FF77484AD02+56930]
	(No symbol) [0x00007FF7747BF602]
	(No symbol) [0x00007FF7746742E5]
	(No symbol) [0x00007FF7746B98ED]
	(No symbol) [0x00007FF7746B9A2C]
	(No symbol) [0x00007FF7746FA967]
	(No symbol) [0x00007FF7746DBCDF]
	(No symbol) [0x00007FF7746F81E2]
	(No symbol) [0x00007FF7746DBA43]
	(No symbol) [0x00007FF7746AD438]
	(No symbol) [0x00007FF7746AE4D1]
	GetHandleVerifier [0x00007FF774BC6F8D+3711213]
	GetHandleVerifier [0x00007FF774C204CD+4077101]
	GetHandleVerifier [0x00007FF774C1865F+4044735]
	GetHandleVerifier [0x00007FF7748E9736+706710]
	(No symbol) [0x00007FF7747CB8DF]
	(No symbol) [0x00007FF7747C6AC4]
	(No symbol) [0x00007FF7747C6C1C]
	(No symbol) [0x00007FF7747B68D4]
	BaseThreadInitThunk [0x00007FF9494C257D+29]
	RtlUserThreadStart [0x00007FF94AC4AA58+40]

2024-04-01 16:30:00,767 [ERROR] automation Element located by i0116 is not present. Message: no such element: Unable to locate element: {"method":"css selector","selector":"[id="i0116"]"}
  (Session info: chrome=122.0.6261.131); For documentation on this error, please visit: https://www.selenium.dev/documentation/webdriver/troubleshooting/errors#no-such-element-exception
Stacktrace:
	GetHandleVerifier [0x00007FF77484AD02+56930]
	(No symbol) [0x00007FF7747BF602]
	(No symbol) [0x00007FF7746742E5]
	(No symbol) [0x00007FF7746B98ED]
	(No symbol) [0x00007FF7746B9A2C]
	(No symbol) [0x00007FF7746FA967]
	(No symbol) [0x00007FF7746DBCDF]
	(No symbol) [0x00007FF7746F81E2]
	(No symbol) [0x00007FF7746DBA43]
	(No symbol) [0x00007FF7746AD438]
	(No symbol) [0x00007FF7746AE4D1]
	GetHandleVerifier [0x00007FF774BC6F8D+3711213]
	GetHandleVerifier [0x00007FF774C204CD+4077101]
	GetHandleVerifier [0x00007FF774C1865F+4044735]
	GetHandleVerifier [0x00007FF7748E9736+706710]
	(No symbol) [0x00007FF7747CB8DF]
	(No symbol) [0x00007FF7747C6AC4]
	(No symbol) [0x00007FF7747C6C1C]
	(No symbol) [0x00007FF7747B68D4]
	BaseThreadInitThunk [0x00007FF9494C257D+29]
	RtlUserThreadStart [0x00007FF94AC4AA58+40]

2024-04-01 16:30:00,831 [ERROR] automation Element located by i0116 is not present. Message: no such element: Unable to locate element: {"method":"css selector","selector":"[id="i0116"]"}
  (Session info: chrome=122.0.6261.131); For documentation on this error, please visit: https://www.selenium.dev/documentation/webdriver/troubleshooting/errors#no-such-element-exception
Stacktrace:
	GetHandleVerifier [0x00007FF77484AD02+56930]
	(No symbol) [0x00007FF7747BF602]
	(No symbol) [0x00007FF7746742E5]
	(No symbol) [0x00007FF7746B98ED]
	(No symbol) [0x00007FF7746B9A2C]
	(No symbol) [0x00007FF7746FA967]
	(No symbol) [0x00007FF7746DBCDF]
	(No symbol) [0x00007FF7746F81E2]
	(No symbol) [0x00007FF7746DBA43]
	(No symbol) [0x00007FF7746AD438]
	(No symbol) [0x00007FF7746AE4D1]
	GetHandleVerifier [0x00007FF774BC6F8D+3711213]
	GetHandleVerifier [0x00007FF774C204CD+4077101]
	GetHandleVerifier [0x00007FF774C1865F+4044735]
	GetHandleVerifier [0x00007FF7748E9736+706710]
	(No symbol) [0x00007FF7747CB8DF]
	(No symbol) [0x00007FF7747C6AC4]
	(No symbol) [0x00007FF7747C6C1C]
	(No symbol) [0x00007FF7747B68D4]
	BaseThreadInitThunk [0x00007FF9494C257D+29]
	RtlUserThreadStart [0x00007FF94AC4AA58+40]

2024-04-01 16:30:00,889 [ERROR] automation Element located by i0116 is not present. Message: no such element: Unable to locate element: {"method":"css selector","selector":"[id="i0116"]"}
  (Session info: chrome=122.0.6261.131); For documentation on this error, please visit: https://www.selenium.dev/documentation/webdriver/troubleshooting/errors#no-such-element-exception
Stacktrace:
	GetHandleVerifier [0x00007FF77484AD02+56930]
	(No symbol) [0x00007FF7747BF602]
	(No symbol) [0x00007FF7746742E5]
	(No symbol) [0x00007FF7746B98ED]
	(No symbol) [0x00007FF7746B9A2C]
	(No symbol) [0x00007FF7746FA967]
	(No symbol) [0x00007FF7746DBCDF]
	(No symbol) [0x00007FF7746F81E2]
	(No symbol) [0x00007FF7746DBA43]
	(No symbol) [0x00007FF7746AD438]
	(No symbol) [0x00007FF7746AE4D1]
	GetHandleVerifier [0x00007FF774BC6F8D+3711213]
	GetHandleVerifier [0x00007FF774C204CD+4077101]
	GetHandleVerifier [0x00007FF774C1865F+4044735]
	GetHandleVerifier [0x00007FF7748E9736+706710]
	(No symbol) [0x00007FF7747CB8DF]
	(No symbol) [0x00007FF7747C6AC4]
	(No symbol) [0x00007FF7747C6C1C]
	(No symbol) [0x00007FF7747B68D4]
	BaseThreadInitThunk [0x00007FF9494C257D+29]
	RtlUserThreadStart [0x00007FF94AC4AA58+40]

2024-04-01 16:30:01,462 [INFO] automation Element located by i0116 is present.
2024-04-01 16:30:08,823 [INFO] automation Element located by //div[@class='logo'] is present.
2024-04-01 16:30:12,935 [INFO] automation Element located by //div[@class='tableFixHead']/table/tbody/tr[contains(@class,'even_col')][1] is present.
2024-04-01 16:30:15,395 [INFO] automation Element located by //select[@formcontrolname='industry'] is present.
2024-04-01 16:30:15,403 [INFO] automation Element located by //select[@formcontrolname='industry'] is present.
2024-04-01 16:30:16,153 [INFO] automation Element located by //div[@role='alert' and contains(text(),'Template already exists')] is present.
2024-04-01 16:30:21,505 [INFO] automation Element located by //div[@role='alert' and contains(text(),'Template already exists')] has disappeared.
2024-04-01 16:30:23,979 [INFO] automation Element located by //select[@formcontrolname='industry'] is present.
2024-04-01 16:30:23,990 [INFO] automation Element located by //select[@formcontrolname='industry'] is present.
2024-04-01 16:30:24,238 [INFO] automation Element located by //div[@class='tableFixHead']/table/tbody/tr[1] is present.
2024-04-01 16:30:24,255 [INFO] automation Element located by //div[@class='tableFixHead']/table/tbody/tr[1]/td[contains(text(),'Automotive')] is present.
2024-04-01 16:30:24,264 [INFO] automation Element located by //div[@class='tableFixHead']/table/tbody/tr[1]/td[contains(text(),'QA')] is present.
2024-04-01 16:30:24,277 [INFO] automation Element located by //div[@class='tableFixHead']/table/tbody/tr[1]/td[contains(text(),'Email')] is present.
2024-04-01 16:30:25,407 [INFO] automation Element located by //app-add-template//select[@formcontrolname='industry'] is present.
2024-04-01 16:30:25,417 [INFO] automation Element located by //app-add-template//select[@formcontrolname='industry'] is present.
2024-04-01 16:30:26,094 [ERROR] automation Element located by //div[@role='alert' and contains(text(),'success') or contains(text(),'Success')] is not present. Message: no such element: Unable to locate element: {"method":"xpath","selector":"//div[@role='alert' and contains(text(),'success') or contains(text(),'Success')]"}
  (Session info: chrome=122.0.6261.131); For documentation on this error, please visit: https://www.selenium.dev/documentation/webdriver/troubleshooting/errors#no-such-element-exception
Stacktrace:
	GetHandleVerifier [0x00007FF77484AD02+56930]
	(No symbol) [0x00007FF7747BF602]
	(No symbol) [0x00007FF7746742E5]
	(No symbol) [0x00007FF7746B98ED]
	(No symbol) [0x00007FF7746B9A2C]
	(No symbol) [0x00007FF7746FA967]
	(No symbol) [0x00007FF7746DBCDF]
	(No symbol) [0x00007FF7746F81E2]
	(No symbol) [0x00007FF7746DBA43]
	(No symbol) [0x00007FF7746AD438]
	(No symbol) [0x00007FF7746AE4D1]
	GetHandleVerifier [0x00007FF774BC6F8D+3711213]
	GetHandleVerifier [0x00007FF774C204CD+4077101]
	GetHandleVerifier [0x00007FF774C1865F+4044735]
	GetHandleVerifier [0x00007FF7748E9736+706710]
	(No symbol) [0x00007FF7747CB8DF]
	(No symbol) [0x00007FF7747C6AC4]
	(No symbol) [0x00007FF7747C6C1C]
	(No symbol) [0x00007FF7747B68D4]
	BaseThreadInitThunk [0x00007FF9494C257D+29]
	RtlUserThreadStart [0x00007FF94AC4AA58+40]

2024-04-01 16:30:26,155 [INFO] automation Element located by //div[@role='alert' and contains(text(),'success') or contains(text(),'Success')] is present.
2024-04-01 16:30:31,435 [INFO] automation Element located by //div[@role='alert' and contains(text(),'success') or contains(text(),'Success')] has disappeared.
2024-04-01 16:30:31,446 [INFO] automation Element located by //select[@formcontrolname='industry'] is present.
2024-04-01 16:30:31,695 [INFO] automation Element located by //div[@class='tableFixHead']/table/tbody/tr[1] is present.
2024-04-01 16:30:31,706 [INFO] automation Element located by //div[@class='tableFixHead']/table/tbody/tr[1]/td[contains(text(),'Subject 1 01163010b5d2')] is present.
2024-04-01 16:30:31,708 [INFO] automation Test passed.
