2025-01-06 14:12:31,898 [INFO] automation Navigating to the https://chorusqa.cogninelabs.com/
2025-01-06 14:12:42,375 [ERROR] automation Element located by i0116 is not present. Message: no such element: Unable to locate element: {"method":"css selector","selector":"[id="i0116"]"}
  (Session info: chrome=131.0.6778.205); For documentation on this error, please visit: https://www.selenium.dev/documentation/webdriver/troubleshooting/errors#no-such-element-exception
Stacktrace:
	GetHandleVerifier [0x00007FF6AB80FB05+28789]
	(No symbol) [0x00007FF6AB7786E0]
	(No symbol) [0x00007FF6AB61592A]
	(No symbol) [0x00007FF6AB66930E]
	(No symbol) [0x00007FF6AB6695FC]
	(No symbol) [0x00007FF6AB6B28A7]
	(No symbol) [0x00007FF6AB68F47F]
	(No symbol) [0x00007FF6AB6AF654]
	(No symbol) [0x00007FF6AB68F1E3]
	(No symbol) [0x00007FF6AB65A938]
	(No symbol) [0x00007FF6AB65BAA1]
	GetHandleVerifier [0x00007FF6ABB4933D+3410093]
	GetHandleVerifier [0x00007FF6ABB5E7DD+3497293]
	GetHandleVerifier [0x00007FF6ABB52A73+3448803]
	GetHandleVerifier [0x00007FF6AB8D7BBB+848171]
	(No symbol) [0x00007FF6AB783C3F]
	(No symbol) [0x00007FF6AB77F6E4]
	(No symbol) [0x00007FF6AB77F87D]
	(No symbol) [0x00007FF6AB76ED49]
	BaseThreadInitThunk [0x00007FF8A8D47374+20]
	RtlUserThreadStart [0x00007FF8A9CBCC91+33]

2025-01-06 14:12:42,438 [ERROR] automation Element located by i0116 is not present. Message: no such element: Unable to locate element: {"method":"css selector","selector":"[id="i0116"]"}
  (Session info: chrome=131.0.6778.205); For documentation on this error, please visit: https://www.selenium.dev/documentation/webdriver/troubleshooting/errors#no-such-element-exception
Stacktrace:
	GetHandleVerifier [0x00007FF6AB80FB05+28789]
	(No symbol) [0x00007FF6AB7786E0]
	(No symbol) [0x00007FF6AB61592A]
	(No symbol) [0x00007FF6AB66930E]
	(No symbol) [0x00007FF6AB6695FC]
	(No symbol) [0x00007FF6AB6B28A7]
	(No symbol) [0x00007FF6AB68F47F]
	(No symbol) [0x00007FF6AB6AF654]
	(No symbol) [0x00007FF6AB68F1E3]
	(No symbol) [0x00007FF6AB65A938]
	(No symbol) [0x00007FF6AB65BAA1]
	GetHandleVerifier [0x00007FF6ABB4933D+3410093]
	GetHandleVerifier [0x00007FF6ABB5E7DD+3497293]
	GetHandleVerifier [0x00007FF6ABB52A73+3448803]
	GetHandleVerifier [0x00007FF6AB8D7BBB+848171]
	(No symbol) [0x00007FF6AB783C3F]
	(No symbol) [0x00007FF6AB77F6E4]
	(No symbol) [0x00007FF6AB77F87D]
	(No symbol) [0x00007FF6AB76ED49]
	BaseThreadInitThunk [0x00007FF8A8D47374+20]
	RtlUserThreadStart [0x00007FF8A9CBCC91+33]

2025-01-06 14:12:42,505 [ERROR] automation Element located by i0116 is not present. Message: no such element: Unable to locate element: {"method":"css selector","selector":"[id="i0116"]"}
  (Session info: chrome=131.0.6778.205); For documentation on this error, please visit: https://www.selenium.dev/documentation/webdriver/troubleshooting/errors#no-such-element-exception
Stacktrace:
	GetHandleVerifier [0x00007FF6AB80FB05+28789]
	(No symbol) [0x00007FF6AB7786E0]
	(No symbol) [0x00007FF6AB61592A]
	(No symbol) [0x00007FF6AB66930E]
	(No symbol) [0x00007FF6AB6695FC]
	(No symbol) [0x00007FF6AB6B28A7]
	(No symbol) [0x00007FF6AB68F47F]
	(No symbol) [0x00007FF6AB6AF654]
	(No symbol) [0x00007FF6AB68F1E3]
	(No symbol) [0x00007FF6AB65A938]
	(No symbol) [0x00007FF6AB65BAA1]
	GetHandleVerifier [0x00007FF6ABB4933D+3410093]
	GetHandleVerifier [0x00007FF6ABB5E7DD+3497293]
	GetHandleVerifier [0x00007FF6ABB52A73+3448803]
	GetHandleVerifier [0x00007FF6AB8D7BBB+848171]
	(No symbol) [0x00007FF6AB783C3F]
	(No symbol) [0x00007FF6AB77F6E4]
	(No symbol) [0x00007FF6AB77F87D]
	(No symbol) [0x00007FF6AB76ED49]
	BaseThreadInitThunk [0x00007FF8A8D47374+20]
	RtlUserThreadStart [0x00007FF8A9CBCC91+33]

2025-01-06 14:12:42,571 [ERROR] automation Element located by i0116 is not present. Message: no such element: Unable to locate element: {"method":"css selector","selector":"[id="i0116"]"}
  (Session info: chrome=131.0.6778.205); For documentation on this error, please visit: https://www.selenium.dev/documentation/webdriver/troubleshooting/errors#no-such-element-exception
Stacktrace:
	GetHandleVerifier [0x00007FF6AB80FB05+28789]
	(No symbol) [0x00007FF6AB7786E0]
	(No symbol) [0x00007FF6AB61592A]
	(No symbol) [0x00007FF6AB66930E]
	(No symbol) [0x00007FF6AB6695FC]
	(No symbol) [0x00007FF6AB6B28A7]
	(No symbol) [0x00007FF6AB68F47F]
	(No symbol) [0x00007FF6AB6AF654]
	(No symbol) [0x00007FF6AB68F1E3]
	(No symbol) [0x00007FF6AB65A938]
	(No symbol) [0x00007FF6AB65BAA1]
	GetHandleVerifier [0x00007FF6ABB4933D+3410093]
	GetHandleVerifier [0x00007FF6ABB5E7DD+3497293]
	GetHandleVerifier [0x00007FF6ABB52A73+3448803]
	GetHandleVerifier [0x00007FF6AB8D7BBB+848171]
	(No symbol) [0x00007FF6AB783C3F]
	(No symbol) [0x00007FF6AB77F6E4]
	(No symbol) [0x00007FF6AB77F87D]
	(No symbol) [0x00007FF6AB76ED49]
	BaseThreadInitThunk [0x00007FF8A8D47374+20]
	RtlUserThreadStart [0x00007FF8A9CBCC91+33]

2025-01-06 14:12:42,634 [ERROR] automation Element located by i0116 is not present. Message: no such element: Unable to locate element: {"method":"css selector","selector":"[id="i0116"]"}
  (Session info: chrome=131.0.6778.205); For documentation on this error, please visit: https://www.selenium.dev/documentation/webdriver/troubleshooting/errors#no-such-element-exception
Stacktrace:
	GetHandleVerifier [0x00007FF6AB80FB05+28789]
	(No symbol) [0x00007FF6AB7786E0]
	(No symbol) [0x00007FF6AB61592A]
	(No symbol) [0x00007FF6AB66930E]
	(No symbol) [0x00007FF6AB6695FC]
	(No symbol) [0x00007FF6AB6B28A7]
	(No symbol) [0x00007FF6AB68F47F]
	(No symbol) [0x00007FF6AB6AF654]
	(No symbol) [0x00007FF6AB68F1E3]
	(No symbol) [0x00007FF6AB65A938]
	(No symbol) [0x00007FF6AB65BAA1]
	GetHandleVerifier [0x00007FF6ABB4933D+3410093]
	GetHandleVerifier [0x00007FF6ABB5E7DD+3497293]
	GetHandleVerifier [0x00007FF6ABB52A73+3448803]
	GetHandleVerifier [0x00007FF6AB8D7BBB+848171]
	(No symbol) [0x00007FF6AB783C3F]
	(No symbol) [0x00007FF6AB77F6E4]
	(No symbol) [0x00007FF6AB77F87D]
	(No symbol) [0x00007FF6AB76ED49]
	BaseThreadInitThunk [0x00007FF8A8D47374+20]
	RtlUserThreadStart [0x00007FF8A9CBCC91+33]

2025-01-06 14:12:42,922 [ERROR] automation Element located by i0116 is not present. Message: no such element: Unable to locate element: {"method":"css selector","selector":"[id="i0116"]"}
  (Session info: chrome=131.0.6778.205); For documentation on this error, please visit: https://www.selenium.dev/documentation/webdriver/troubleshooting/errors#no-such-element-exception
Stacktrace:
	GetHandleVerifier [0x00007FF6AB80FB05+28789]
	(No symbol) [0x00007FF6AB7786E0]
	(No symbol) [0x00007FF6AB61592A]
	(No symbol) [0x00007FF6AB66930E]
	(No symbol) [0x00007FF6AB6695FC]
	(No symbol) [0x00007FF6AB6B28A7]
	(No symbol) [0x00007FF6AB68F47F]
	(No symbol) [0x00007FF6AB6AF654]
	(No symbol) [0x00007FF6AB68F1E3]
	(No symbol) [0x00007FF6AB65A938]
	(No symbol) [0x00007FF6AB65BAA1]
	GetHandleVerifier [0x00007FF6ABB4933D+3410093]
	GetHandleVerifier [0x00007FF6ABB5E7DD+3497293]
	GetHandleVerifier [0x00007FF6ABB52A73+3448803]
	GetHandleVerifier [0x00007FF6AB8D7BBB+848171]
	(No symbol) [0x00007FF6AB783C3F]
	(No symbol) [0x00007FF6AB77F6E4]
	(No symbol) [0x00007FF6AB77F87D]
	(No symbol) [0x00007FF6AB76ED49]
	BaseThreadInitThunk [0x00007FF8A8D47374+20]
	RtlUserThreadStart [0x00007FF8A9CBCC91+33]

2025-01-06 14:12:43,286 [ERROR] automation Element located by i0116 is not present. Message: no such element: Unable to locate element: {"method":"css selector","selector":"[id="i0116"]"}
  (Session info: chrome=131.0.6778.205); For documentation on this error, please visit: https://www.selenium.dev/documentation/webdriver/troubleshooting/errors#no-such-element-exception
Stacktrace:
	GetHandleVerifier [0x00007FF6AB80FB05+28789]
	(No symbol) [0x00007FF6AB7786E0]
	(No symbol) [0x00007FF6AB61592A]
	(No symbol) [0x00007FF6AB66930E]
	(No symbol) [0x00007FF6AB6695FC]
	(No symbol) [0x00007FF6AB6B28A7]
	(No symbol) [0x00007FF6AB68F47F]
	(No symbol) [0x00007FF6AB6AF654]
	(No symbol) [0x00007FF6AB68F1E3]
	(No symbol) [0x00007FF6AB65A938]
	(No symbol) [0x00007FF6AB65BAA1]
	GetHandleVerifier [0x00007FF6ABB4933D+3410093]
	GetHandleVerifier [0x00007FF6ABB5E7DD+3497293]
	GetHandleVerifier [0x00007FF6ABB52A73+3448803]
	GetHandleVerifier [0x00007FF6AB8D7BBB+848171]
	(No symbol) [0x00007FF6AB783C3F]
	(No symbol) [0x00007FF6AB77F6E4]
	(No symbol) [0x00007FF6AB77F87D]
	(No symbol) [0x00007FF6AB76ED49]
	BaseThreadInitThunk [0x00007FF8A8D47374+20]
	RtlUserThreadStart [0x00007FF8A9CBCC91+33]

2025-01-06 14:12:43,348 [ERROR] automation Element located by i0116 is not present. Message: no such element: Unable to locate element: {"method":"css selector","selector":"[id="i0116"]"}
  (Session info: chrome=131.0.6778.205); For documentation on this error, please visit: https://www.selenium.dev/documentation/webdriver/troubleshooting/errors#no-such-element-exception
Stacktrace:
	GetHandleVerifier [0x00007FF6AB80FB05+28789]
	(No symbol) [0x00007FF6AB7786E0]
	(No symbol) [0x00007FF6AB61592A]
	(No symbol) [0x00007FF6AB66930E]
	(No symbol) [0x00007FF6AB6695FC]
	(No symbol) [0x00007FF6AB6B28A7]
	(No symbol) [0x00007FF6AB68F47F]
	(No symbol) [0x00007FF6AB6AF654]
	(No symbol) [0x00007FF6AB68F1E3]
	(No symbol) [0x00007FF6AB65A938]
	(No symbol) [0x00007FF6AB65BAA1]
	GetHandleVerifier [0x00007FF6ABB4933D+3410093]
	GetHandleVerifier [0x00007FF6ABB5E7DD+3497293]
	GetHandleVerifier [0x00007FF6ABB52A73+3448803]
	GetHandleVerifier [0x00007FF6AB8D7BBB+848171]
	(No symbol) [0x00007FF6AB783C3F]
	(No symbol) [0x00007FF6AB77F6E4]
	(No symbol) [0x00007FF6AB77F87D]
	(No symbol) [0x00007FF6AB76ED49]
	BaseThreadInitThunk [0x00007FF8A8D47374+20]
	RtlUserThreadStart [0x00007FF8A9CBCC91+33]

2025-01-06 14:12:43,414 [ERROR] automation Element located by i0116 is not present. Message: no such element: Unable to locate element: {"method":"css selector","selector":"[id="i0116"]"}
  (Session info: chrome=131.0.6778.205); For documentation on this error, please visit: https://www.selenium.dev/documentation/webdriver/troubleshooting/errors#no-such-element-exception
Stacktrace:
	GetHandleVerifier [0x00007FF6AB80FB05+28789]
	(No symbol) [0x00007FF6AB7786E0]
	(No symbol) [0x00007FF6AB61592A]
	(No symbol) [0x00007FF6AB66930E]
	(No symbol) [0x00007FF6AB6695FC]
	(No symbol) [0x00007FF6AB6B28A7]
	(No symbol) [0x00007FF6AB68F47F]
	(No symbol) [0x00007FF6AB6AF654]
	(No symbol) [0x00007FF6AB68F1E3]
	(No symbol) [0x00007FF6AB65A938]
	(No symbol) [0x00007FF6AB65BAA1]
	GetHandleVerifier [0x00007FF6ABB4933D+3410093]
	GetHandleVerifier [0x00007FF6ABB5E7DD+3497293]
	GetHandleVerifier [0x00007FF6ABB52A73+3448803]
	GetHandleVerifier [0x00007FF6AB8D7BBB+848171]
	(No symbol) [0x00007FF6AB783C3F]
	(No symbol) [0x00007FF6AB77F6E4]
	(No symbol) [0x00007FF6AB77F87D]
	(No symbol) [0x00007FF6AB76ED49]
	BaseThreadInitThunk [0x00007FF8A8D47374+20]
	RtlUserThreadStart [0x00007FF8A9CBCC91+33]

2025-01-06 14:12:43,474 [ERROR] automation Element located by i0116 is not present. Message: no such element: Unable to locate element: {"method":"css selector","selector":"[id="i0116"]"}
  (Session info: chrome=131.0.6778.205); For documentation on this error, please visit: https://www.selenium.dev/documentation/webdriver/troubleshooting/errors#no-such-element-exception
Stacktrace:
	GetHandleVerifier [0x00007FF6AB80FB05+28789]
	(No symbol) [0x00007FF6AB7786E0]
	(No symbol) [0x00007FF6AB61592A]
	(No symbol) [0x00007FF6AB66930E]
	(No symbol) [0x00007FF6AB6695FC]
	(No symbol) [0x00007FF6AB6B28A7]
	(No symbol) [0x00007FF6AB68F47F]
	(No symbol) [0x00007FF6AB6AF654]
	(No symbol) [0x00007FF6AB68F1E3]
	(No symbol) [0x00007FF6AB65A938]
	(No symbol) [0x00007FF6AB65BAA1]
	GetHandleVerifier [0x00007FF6ABB4933D+3410093]
	GetHandleVerifier [0x00007FF6ABB5E7DD+3497293]
	GetHandleVerifier [0x00007FF6ABB52A73+3448803]
	GetHandleVerifier [0x00007FF6AB8D7BBB+848171]
	(No symbol) [0x00007FF6AB783C3F]
	(No symbol) [0x00007FF6AB77F6E4]
	(No symbol) [0x00007FF6AB77F87D]
	(No symbol) [0x00007FF6AB76ED49]
	BaseThreadInitThunk [0x00007FF8A8D47374+20]
	RtlUserThreadStart [0x00007FF8A9CBCC91+33]

2025-01-06 14:12:43,533 [ERROR] automation Element located by i0116 is not present. Message: no such element: Unable to locate element: {"method":"css selector","selector":"[id="i0116"]"}
  (Session info: chrome=131.0.6778.205); For documentation on this error, please visit: https://www.selenium.dev/documentation/webdriver/troubleshooting/errors#no-such-element-exception
Stacktrace:
	GetHandleVerifier [0x00007FF6AB80FB05+28789]
	(No symbol) [0x00007FF6AB7786E0]
	(No symbol) [0x00007FF6AB61592A]
	(No symbol) [0x00007FF6AB66930E]
	(No symbol) [0x00007FF6AB6695FC]
	(No symbol) [0x00007FF6AB6B28A7]
	(No symbol) [0x00007FF6AB68F47F]
	(No symbol) [0x00007FF6AB6AF654]
	(No symbol) [0x00007FF6AB68F1E3]
	(No symbol) [0x00007FF6AB65A938]
	(No symbol) [0x00007FF6AB65BAA1]
	GetHandleVerifier [0x00007FF6ABB4933D+3410093]
	GetHandleVerifier [0x00007FF6ABB5E7DD+3497293]
	GetHandleVerifier [0x00007FF6ABB52A73+3448803]
	GetHandleVerifier [0x00007FF6AB8D7BBB+848171]
	(No symbol) [0x00007FF6AB783C3F]
	(No symbol) [0x00007FF6AB77F6E4]
	(No symbol) [0x00007FF6AB77F87D]
	(No symbol) [0x00007FF6AB76ED49]
	BaseThreadInitThunk [0x00007FF8A8D47374+20]
	RtlUserThreadStart [0x00007FF8A9CBCC91+33]

2025-01-06 14:12:43,647 [INFO] automation Element located by i0116 is present.
2025-01-06 14:12:49,923 [INFO] automation Element located by //div[@class='logo'] is present.
