2024-03-19 12:24:29,057 [INFO] automation Test has started.
2024-03-19 12:24:29,058 [INFO] automation Navigating to the https://chorusqa.cogninelabs.com/
2024-03-19 12:24:34,588 [ERROR] automation Element located by i0116 is not present. Message: no such element: Unable to locate element: {"method":"css selector","selector":"[id="i0116"]"}
  (Session info: chrome=122.0.6261.129); For documentation on this error, please visit: https://www.selenium.dev/documentation/webdriver/troubleshooting/errors#no-such-element-exception
Stacktrace:
	GetHandleVerifier [0x00007FF65B93AD02+56930]
	(No symbol) [0x00007FF65B8AF602]
	(No symbol) [0x00007FF65B7642E5]
	(No symbol) [0x00007FF65B7A98ED]
	(No symbol) [0x00007FF65B7A9A2C]
	(No symbol) [0x00007FF65B7EA967]
	(No symbol) [0x00007FF65B7CBCDF]
	(No symbol) [0x00007FF65B7E81E2]
	(No symbol) [0x00007FF65B7CBA43]
	(No symbol) [0x00007FF65B79D438]
	(No symbol) [0x00007FF65B79E4D1]
	GetHandleVerifier [0x00007FF65BCB6F8D+3711213]
	GetHandleVerifier [0x00007FF65BD104CD+4077101]
	GetHandleVerifier [0x00007FF65BD0865F+4044735]
	GetHandleVerifier [0x00007FF65B9D9736+706710]
	(No symbol) [0x00007FF65B8BB8DF]
	(No symbol) [0x00007FF65B8B6AC4]
	(No symbol) [0x00007FF65B8B6C1C]
	(No symbol) [0x00007FF65B8A68D4]
	BaseThreadInitThunk [0x00007FFC367A257D+29]
	RtlUserThreadStart [0x00007FFC3736AA58+40]

2024-03-19 12:24:34,654 [ERROR] automation Element located by i0116 is not present. Message: no such element: Unable to locate element: {"method":"css selector","selector":"[id="i0116"]"}
  (Session info: chrome=122.0.6261.129); For documentation on this error, please visit: https://www.selenium.dev/documentation/webdriver/troubleshooting/errors#no-such-element-exception
Stacktrace:
	GetHandleVerifier [0x00007FF65B93AD02+56930]
	(No symbol) [0x00007FF65B8AF602]
	(No symbol) [0x00007FF65B7642E5]
	(No symbol) [0x00007FF65B7A98ED]
	(No symbol) [0x00007FF65B7A9A2C]
	(No symbol) [0x00007FF65B7EA967]
	(No symbol) [0x00007FF65B7CBCDF]
	(No symbol) [0x00007FF65B7E81E2]
	(No symbol) [0x00007FF65B7CBA43]
	(No symbol) [0x00007FF65B79D438]
	(No symbol) [0x00007FF65B79E4D1]
	GetHandleVerifier [0x00007FF65BCB6F8D+3711213]
	GetHandleVerifier [0x00007FF65BD104CD+4077101]
	GetHandleVerifier [0x00007FF65BD0865F+4044735]
	GetHandleVerifier [0x00007FF65B9D9736+706710]
	(No symbol) [0x00007FF65B8BB8DF]
	(No symbol) [0x00007FF65B8B6AC4]
	(No symbol) [0x00007FF65B8B6C1C]
	(No symbol) [0x00007FF65B8A68D4]
	BaseThreadInitThunk [0x00007FFC367A257D+29]
	RtlUserThreadStart [0x00007FFC3736AA58+40]

2024-03-19 12:24:34,717 [ERROR] automation Element located by i0116 is not present. Message: no such element: Unable to locate element: {"method":"css selector","selector":"[id="i0116"]"}
  (Session info: chrome=122.0.6261.129); For documentation on this error, please visit: https://www.selenium.dev/documentation/webdriver/troubleshooting/errors#no-such-element-exception
Stacktrace:
	GetHandleVerifier [0x00007FF65B93AD02+56930]
	(No symbol) [0x00007FF65B8AF602]
	(No symbol) [0x00007FF65B7642E5]
	(No symbol) [0x00007FF65B7A98ED]
	(No symbol) [0x00007FF65B7A9A2C]
	(No symbol) [0x00007FF65B7EA967]
	(No symbol) [0x00007FF65B7CBCDF]
	(No symbol) [0x00007FF65B7E81E2]
	(No symbol) [0x00007FF65B7CBA43]
	(No symbol) [0x00007FF65B79D438]
	(No symbol) [0x00007FF65B79E4D1]
	GetHandleVerifier [0x00007FF65BCB6F8D+3711213]
	GetHandleVerifier [0x00007FF65BD104CD+4077101]
	GetHandleVerifier [0x00007FF65BD0865F+4044735]
	GetHandleVerifier [0x00007FF65B9D9736+706710]
	(No symbol) [0x00007FF65B8BB8DF]
	(No symbol) [0x00007FF65B8B6AC4]
	(No symbol) [0x00007FF65B8B6C1C]
	(No symbol) [0x00007FF65B8A68D4]
	BaseThreadInitThunk [0x00007FFC367A257D+29]
	RtlUserThreadStart [0x00007FFC3736AA58+40]

2024-03-19 12:24:34,782 [ERROR] automation Element located by i0116 is not present. Message: no such element: Unable to locate element: {"method":"css selector","selector":"[id="i0116"]"}
  (Session info: chrome=122.0.6261.129); For documentation on this error, please visit: https://www.selenium.dev/documentation/webdriver/troubleshooting/errors#no-such-element-exception
Stacktrace:
	GetHandleVerifier [0x00007FF65B93AD02+56930]
	(No symbol) [0x00007FF65B8AF602]
	(No symbol) [0x00007FF65B7642E5]
	(No symbol) [0x00007FF65B7A98ED]
	(No symbol) [0x00007FF65B7A9A2C]
	(No symbol) [0x00007FF65B7EA967]
	(No symbol) [0x00007FF65B7CBCDF]
	(No symbol) [0x00007FF65B7E81E2]
	(No symbol) [0x00007FF65B7CBA43]
	(No symbol) [0x00007FF65B79D438]
	(No symbol) [0x00007FF65B79E4D1]
	GetHandleVerifier [0x00007FF65BCB6F8D+3711213]
	GetHandleVerifier [0x00007FF65BD104CD+4077101]
	GetHandleVerifier [0x00007FF65BD0865F+4044735]
	GetHandleVerifier [0x00007FF65B9D9736+706710]
	(No symbol) [0x00007FF65B8BB8DF]
	(No symbol) [0x00007FF65B8B6AC4]
	(No symbol) [0x00007FF65B8B6C1C]
	(No symbol) [0x00007FF65B8A68D4]
	BaseThreadInitThunk [0x00007FFC367A257D+29]
	RtlUserThreadStart [0x00007FFC3736AA58+40]

2024-03-19 12:24:34,846 [ERROR] automation Element located by i0116 is not present. Message: no such element: Unable to locate element: {"method":"css selector","selector":"[id="i0116"]"}
  (Session info: chrome=122.0.6261.129); For documentation on this error, please visit: https://www.selenium.dev/documentation/webdriver/troubleshooting/errors#no-such-element-exception
Stacktrace:
	GetHandleVerifier [0x00007FF65B93AD02+56930]
	(No symbol) [0x00007FF65B8AF602]
	(No symbol) [0x00007FF65B7642E5]
	(No symbol) [0x00007FF65B7A98ED]
	(No symbol) [0x00007FF65B7A9A2C]
	(No symbol) [0x00007FF65B7EA967]
	(No symbol) [0x00007FF65B7CBCDF]
	(No symbol) [0x00007FF65B7E81E2]
	(No symbol) [0x00007FF65B7CBA43]
	(No symbol) [0x00007FF65B79D438]
	(No symbol) [0x00007FF65B79E4D1]
	GetHandleVerifier [0x00007FF65BCB6F8D+3711213]
	GetHandleVerifier [0x00007FF65BD104CD+4077101]
	GetHandleVerifier [0x00007FF65BD0865F+4044735]
	GetHandleVerifier [0x00007FF65B9D9736+706710]
	(No symbol) [0x00007FF65B8BB8DF]
	(No symbol) [0x00007FF65B8B6AC4]
	(No symbol) [0x00007FF65B8B6C1C]
	(No symbol) [0x00007FF65B8A68D4]
	BaseThreadInitThunk [0x00007FFC367A257D+29]
	RtlUserThreadStart [0x00007FFC3736AA58+40]

2024-03-19 12:24:34,907 [ERROR] automation Element located by i0116 is not present. Message: no such element: Unable to locate element: {"method":"css selector","selector":"[id="i0116"]"}
  (Session info: chrome=122.0.6261.129); For documentation on this error, please visit: https://www.selenium.dev/documentation/webdriver/troubleshooting/errors#no-such-element-exception
Stacktrace:
	GetHandleVerifier [0x00007FF65B93AD02+56930]
	(No symbol) [0x00007FF65B8AF602]
	(No symbol) [0x00007FF65B7642E5]
	(No symbol) [0x00007FF65B7A98ED]
	(No symbol) [0x00007FF65B7A9A2C]
	(No symbol) [0x00007FF65B7EA967]
	(No symbol) [0x00007FF65B7CBCDF]
	(No symbol) [0x00007FF65B7E81E2]
	(No symbol) [0x00007FF65B7CBA43]
	(No symbol) [0x00007FF65B79D438]
	(No symbol) [0x00007FF65B79E4D1]
	GetHandleVerifier [0x00007FF65BCB6F8D+3711213]
	GetHandleVerifier [0x00007FF65BD104CD+4077101]
	GetHandleVerifier [0x00007FF65BD0865F+4044735]
	GetHandleVerifier [0x00007FF65B9D9736+706710]
	(No symbol) [0x00007FF65B8BB8DF]
	(No symbol) [0x00007FF65B8B6AC4]
	(No symbol) [0x00007FF65B8B6C1C]
	(No symbol) [0x00007FF65B8A68D4]
	BaseThreadInitThunk [0x00007FFC367A257D+29]
	RtlUserThreadStart [0x00007FFC3736AA58+40]

2024-03-19 12:24:35,769 [ERROR] automation Element located by i0116 is not present. Message: no such element: Unable to locate element: {"method":"css selector","selector":"[id="i0116"]"}
  (Session info: chrome=122.0.6261.129); For documentation on this error, please visit: https://www.selenium.dev/documentation/webdriver/troubleshooting/errors#no-such-element-exception
Stacktrace:
	GetHandleVerifier [0x00007FF65B93AD02+56930]
	(No symbol) [0x00007FF65B8AF602]
	(No symbol) [0x00007FF65B7642E5]
	(No symbol) [0x00007FF65B7A98ED]
	(No symbol) [0x00007FF65B7A9A2C]
	(No symbol) [0x00007FF65B7EA967]
	(No symbol) [0x00007FF65B7CBCDF]
	(No symbol) [0x00007FF65B7E81E2]
	(No symbol) [0x00007FF65B7CBA43]
	(No symbol) [0x00007FF65B79D438]
	(No symbol) [0x00007FF65B79E4D1]
	GetHandleVerifier [0x00007FF65BCB6F8D+3711213]
	GetHandleVerifier [0x00007FF65BD104CD+4077101]
	GetHandleVerifier [0x00007FF65BD0865F+4044735]
	GetHandleVerifier [0x00007FF65B9D9736+706710]
	(No symbol) [0x00007FF65B8BB8DF]
	(No symbol) [0x00007FF65B8B6AC4]
	(No symbol) [0x00007FF65B8B6C1C]
	(No symbol) [0x00007FF65B8A68D4]
	BaseThreadInitThunk [0x00007FFC367A257D+29]
	RtlUserThreadStart [0x00007FFC3736AA58+40]

2024-03-19 12:24:35,828 [ERROR] automation Element located by i0116 is not present. Message: no such element: Unable to locate element: {"method":"css selector","selector":"[id="i0116"]"}
  (Session info: chrome=122.0.6261.129); For documentation on this error, please visit: https://www.selenium.dev/documentation/webdriver/troubleshooting/errors#no-such-element-exception
Stacktrace:
	GetHandleVerifier [0x00007FF65B93AD02+56930]
	(No symbol) [0x00007FF65B8AF602]
	(No symbol) [0x00007FF65B7642E5]
	(No symbol) [0x00007FF65B7A98ED]
	(No symbol) [0x00007FF65B7A9A2C]
	(No symbol) [0x00007FF65B7EA967]
	(No symbol) [0x00007FF65B7CBCDF]
	(No symbol) [0x00007FF65B7E81E2]
	(No symbol) [0x00007FF65B7CBA43]
	(No symbol) [0x00007FF65B79D438]
	(No symbol) [0x00007FF65B79E4D1]
	GetHandleVerifier [0x00007FF65BCB6F8D+3711213]
	GetHandleVerifier [0x00007FF65BD104CD+4077101]
	GetHandleVerifier [0x00007FF65BD0865F+4044735]
	GetHandleVerifier [0x00007FF65B9D9736+706710]
	(No symbol) [0x00007FF65B8BB8DF]
	(No symbol) [0x00007FF65B8B6AC4]
	(No symbol) [0x00007FF65B8B6C1C]
	(No symbol) [0x00007FF65B8A68D4]
	BaseThreadInitThunk [0x00007FFC367A257D+29]
	RtlUserThreadStart [0x00007FFC3736AA58+40]

2024-03-19 12:24:35,889 [ERROR] automation Element located by i0116 is not present. Message: no such element: Unable to locate element: {"method":"css selector","selector":"[id="i0116"]"}
  (Session info: chrome=122.0.6261.129); For documentation on this error, please visit: https://www.selenium.dev/documentation/webdriver/troubleshooting/errors#no-such-element-exception
Stacktrace:
	GetHandleVerifier [0x00007FF65B93AD02+56930]
	(No symbol) [0x00007FF65B8AF602]
	(No symbol) [0x00007FF65B7642E5]
	(No symbol) [0x00007FF65B7A98ED]
	(No symbol) [0x00007FF65B7A9A2C]
	(No symbol) [0x00007FF65B7EA967]
	(No symbol) [0x00007FF65B7CBCDF]
	(No symbol) [0x00007FF65B7E81E2]
	(No symbol) [0x00007FF65B7CBA43]
	(No symbol) [0x00007FF65B79D438]
	(No symbol) [0x00007FF65B79E4D1]
	GetHandleVerifier [0x00007FF65BCB6F8D+3711213]
	GetHandleVerifier [0x00007FF65BD104CD+4077101]
	GetHandleVerifier [0x00007FF65BD0865F+4044735]
	GetHandleVerifier [0x00007FF65B9D9736+706710]
	(No symbol) [0x00007FF65B8BB8DF]
	(No symbol) [0x00007FF65B8B6AC4]
	(No symbol) [0x00007FF65B8B6C1C]
	(No symbol) [0x00007FF65B8A68D4]
	BaseThreadInitThunk [0x00007FFC367A257D+29]
	RtlUserThreadStart [0x00007FFC3736AA58+40]

2024-03-19 12:24:35,950 [ERROR] automation Element located by i0116 is not present. Message: no such element: Unable to locate element: {"method":"css selector","selector":"[id="i0116"]"}
  (Session info: chrome=122.0.6261.129); For documentation on this error, please visit: https://www.selenium.dev/documentation/webdriver/troubleshooting/errors#no-such-element-exception
Stacktrace:
	GetHandleVerifier [0x00007FF65B93AD02+56930]
	(No symbol) [0x00007FF65B8AF602]
	(No symbol) [0x00007FF65B7642E5]
	(No symbol) [0x00007FF65B7A98ED]
	(No symbol) [0x00007FF65B7A9A2C]
	(No symbol) [0x00007FF65B7EA967]
	(No symbol) [0x00007FF65B7CBCDF]
	(No symbol) [0x00007FF65B7E81E2]
	(No symbol) [0x00007FF65B7CBA43]
	(No symbol) [0x00007FF65B79D438]
	(No symbol) [0x00007FF65B79E4D1]
	GetHandleVerifier [0x00007FF65BCB6F8D+3711213]
	GetHandleVerifier [0x00007FF65BD104CD+4077101]
	GetHandleVerifier [0x00007FF65BD0865F+4044735]
	GetHandleVerifier [0x00007FF65B9D9736+706710]
	(No symbol) [0x00007FF65B8BB8DF]
	(No symbol) [0x00007FF65B8B6AC4]
	(No symbol) [0x00007FF65B8B6C1C]
	(No symbol) [0x00007FF65B8A68D4]
	BaseThreadInitThunk [0x00007FFC367A257D+29]
	RtlUserThreadStart [0x00007FFC3736AA58+40]

2024-03-19 12:24:36,009 [ERROR] automation Element located by i0116 is not present. Message: no such element: Unable to locate element: {"method":"css selector","selector":"[id="i0116"]"}
  (Session info: chrome=122.0.6261.129); For documentation on this error, please visit: https://www.selenium.dev/documentation/webdriver/troubleshooting/errors#no-such-element-exception
Stacktrace:
	GetHandleVerifier [0x00007FF65B93AD02+56930]
	(No symbol) [0x00007FF65B8AF602]
	(No symbol) [0x00007FF65B7642E5]
	(No symbol) [0x00007FF65B7A98ED]
	(No symbol) [0x00007FF65B7A9A2C]
	(No symbol) [0x00007FF65B7EA967]
	(No symbol) [0x00007FF65B7CBCDF]
	(No symbol) [0x00007FF65B7E81E2]
	(No symbol) [0x00007FF65B7CBA43]
	(No symbol) [0x00007FF65B79D438]
	(No symbol) [0x00007FF65B79E4D1]
	GetHandleVerifier [0x00007FF65BCB6F8D+3711213]
	GetHandleVerifier [0x00007FF65BD104CD+4077101]
	GetHandleVerifier [0x00007FF65BD0865F+4044735]
	GetHandleVerifier [0x00007FF65B9D9736+706710]
	(No symbol) [0x00007FF65B8BB8DF]
	(No symbol) [0x00007FF65B8B6AC4]
	(No symbol) [0x00007FF65B8B6C1C]
	(No symbol) [0x00007FF65B8A68D4]
	BaseThreadInitThunk [0x00007FFC367A257D+29]
	RtlUserThreadStart [0x00007FFC3736AA58+40]

2024-03-19 12:24:36,072 [ERROR] automation Element located by i0116 is not present. Message: no such element: Unable to locate element: {"method":"css selector","selector":"[id="i0116"]"}
  (Session info: chrome=122.0.6261.129); For documentation on this error, please visit: https://www.selenium.dev/documentation/webdriver/troubleshooting/errors#no-such-element-exception
Stacktrace:
	GetHandleVerifier [0x00007FF65B93AD02+56930]
	(No symbol) [0x00007FF65B8AF602]
	(No symbol) [0x00007FF65B7642E5]
	(No symbol) [0x00007FF65B7A98ED]
	(No symbol) [0x00007FF65B7A9A2C]
	(No symbol) [0x00007FF65B7EA967]
	(No symbol) [0x00007FF65B7CBCDF]
	(No symbol) [0x00007FF65B7E81E2]
	(No symbol) [0x00007FF65B7CBA43]
	(No symbol) [0x00007FF65B79D438]
	(No symbol) [0x00007FF65B79E4D1]
	GetHandleVerifier [0x00007FF65BCB6F8D+3711213]
	GetHandleVerifier [0x00007FF65BD104CD+4077101]
	GetHandleVerifier [0x00007FF65BD0865F+4044735]
	GetHandleVerifier [0x00007FF65B9D9736+706710]
	(No symbol) [0x00007FF65B8BB8DF]
	(No symbol) [0x00007FF65B8B6AC4]
	(No symbol) [0x00007FF65B8B6C1C]
	(No symbol) [0x00007FF65B8A68D4]
	BaseThreadInitThunk [0x00007FFC367A257D+29]
	RtlUserThreadStart [0x00007FFC3736AA58+40]

2024-03-19 12:24:36,130 [ERROR] automation Element located by i0116 is not present. Message: no such element: Unable to locate element: {"method":"css selector","selector":"[id="i0116"]"}
  (Session info: chrome=122.0.6261.129); For documentation on this error, please visit: https://www.selenium.dev/documentation/webdriver/troubleshooting/errors#no-such-element-exception
Stacktrace:
	GetHandleVerifier [0x00007FF65B93AD02+56930]
	(No symbol) [0x00007FF65B8AF602]
	(No symbol) [0x00007FF65B7642E5]
	(No symbol) [0x00007FF65B7A98ED]
	(No symbol) [0x00007FF65B7A9A2C]
	(No symbol) [0x00007FF65B7EA967]
	(No symbol) [0x00007FF65B7CBCDF]
	(No symbol) [0x00007FF65B7E81E2]
	(No symbol) [0x00007FF65B7CBA43]
	(No symbol) [0x00007FF65B79D438]
	(No symbol) [0x00007FF65B79E4D1]
	GetHandleVerifier [0x00007FF65BCB6F8D+3711213]
	GetHandleVerifier [0x00007FF65BD104CD+4077101]
	GetHandleVerifier [0x00007FF65BD0865F+4044735]
	GetHandleVerifier [0x00007FF65B9D9736+706710]
	(No symbol) [0x00007FF65B8BB8DF]
	(No symbol) [0x00007FF65B8B6AC4]
	(No symbol) [0x00007FF65B8B6C1C]
	(No symbol) [0x00007FF65B8A68D4]
	BaseThreadInitThunk [0x00007FFC367A257D+29]
	RtlUserThreadStart [0x00007FFC3736AA58+40]

2024-03-19 12:24:36,200 [ERROR] automation Element located by i0116 is not present. Message: no such element: Unable to locate element: {"method":"css selector","selector":"[id="i0116"]"}
  (Session info: chrome=122.0.6261.129); For documentation on this error, please visit: https://www.selenium.dev/documentation/webdriver/troubleshooting/errors#no-such-element-exception
Stacktrace:
	GetHandleVerifier [0x00007FF65B93AD02+56930]
	(No symbol) [0x00007FF65B8AF602]
	(No symbol) [0x00007FF65B7642E5]
	(No symbol) [0x00007FF65B7A98ED]
	(No symbol) [0x00007FF65B7A9A2C]
	(No symbol) [0x00007FF65B7EA967]
	(No symbol) [0x00007FF65B7CBCDF]
	(No symbol) [0x00007FF65B7E81E2]
	(No symbol) [0x00007FF65B7CBA43]
	(No symbol) [0x00007FF65B79D438]
	(No symbol) [0x00007FF65B79E4D1]
	GetHandleVerifier [0x00007FF65BCB6F8D+3711213]
	GetHandleVerifier [0x00007FF65BD104CD+4077101]
	GetHandleVerifier [0x00007FF65BD0865F+4044735]
	GetHandleVerifier [0x00007FF65B9D9736+706710]
	(No symbol) [0x00007FF65B8BB8DF]
	(No symbol) [0x00007FF65B8B6AC4]
	(No symbol) [0x00007FF65B8B6C1C]
	(No symbol) [0x00007FF65B8A68D4]
	BaseThreadInitThunk [0x00007FFC367A257D+29]
	RtlUserThreadStart [0x00007FFC3736AA58+40]

2024-03-19 12:24:36,270 [ERROR] automation Element located by i0116 is not present. Message: no such element: Unable to locate element: {"method":"css selector","selector":"[id="i0116"]"}
  (Session info: chrome=122.0.6261.129); For documentation on this error, please visit: https://www.selenium.dev/documentation/webdriver/troubleshooting/errors#no-such-element-exception
Stacktrace:
	GetHandleVerifier [0x00007FF65B93AD02+56930]
	(No symbol) [0x00007FF65B8AF602]
	(No symbol) [0x00007FF65B7642E5]
	(No symbol) [0x00007FF65B7A98ED]
	(No symbol) [0x00007FF65B7A9A2C]
	(No symbol) [0x00007FF65B7EA967]
	(No symbol) [0x00007FF65B7CBCDF]
	(No symbol) [0x00007FF65B7E81E2]
	(No symbol) [0x00007FF65B7CBA43]
	(No symbol) [0x00007FF65B79D438]
	(No symbol) [0x00007FF65B79E4D1]
	GetHandleVerifier [0x00007FF65BCB6F8D+3711213]
	GetHandleVerifier [0x00007FF65BD104CD+4077101]
	GetHandleVerifier [0x00007FF65BD0865F+4044735]
	GetHandleVerifier [0x00007FF65B9D9736+706710]
	(No symbol) [0x00007FF65B8BB8DF]
	(No symbol) [0x00007FF65B8B6AC4]
	(No symbol) [0x00007FF65B8B6C1C]
	(No symbol) [0x00007FF65B8A68D4]
	BaseThreadInitThunk [0x00007FFC367A257D+29]
	RtlUserThreadStart [0x00007FFC3736AA58+40]

2024-03-19 12:24:36,349 [ERROR] automation Element located by i0116 is not present. Message: no such element: Unable to locate element: {"method":"css selector","selector":"[id="i0116"]"}
  (Session info: chrome=122.0.6261.129); For documentation on this error, please visit: https://www.selenium.dev/documentation/webdriver/troubleshooting/errors#no-such-element-exception
Stacktrace:
	GetHandleVerifier [0x00007FF65B93AD02+56930]
	(No symbol) [0x00007FF65B8AF602]
	(No symbol) [0x00007FF65B7642E5]
	(No symbol) [0x00007FF65B7A98ED]
	(No symbol) [0x00007FF65B7A9A2C]
	(No symbol) [0x00007FF65B7EA967]
	(No symbol) [0x00007FF65B7CBCDF]
	(No symbol) [0x00007FF65B7E81E2]
	(No symbol) [0x00007FF65B7CBA43]
	(No symbol) [0x00007FF65B79D438]
	(No symbol) [0x00007FF65B79E4D1]
	GetHandleVerifier [0x00007FF65BCB6F8D+3711213]
	GetHandleVerifier [0x00007FF65BD104CD+4077101]
	GetHandleVerifier [0x00007FF65BD0865F+4044735]
	GetHandleVerifier [0x00007FF65B9D9736+706710]
	(No symbol) [0x00007FF65B8BB8DF]
	(No symbol) [0x00007FF65B8B6AC4]
	(No symbol) [0x00007FF65B8B6C1C]
	(No symbol) [0x00007FF65B8A68D4]
	BaseThreadInitThunk [0x00007FFC367A257D+29]
	RtlUserThreadStart [0x00007FFC3736AA58+40]

2024-03-19 12:24:36,493 [INFO] automation Element located by i0116 is present.
2024-03-19 12:24:43,779 [INFO] automation Element located by //div[@class='logo'] is present.
2024-03-19 12:24:47,885 [INFO] automation Element located by //div[@class='tableFixHead']/table/tbody/tr[contains(@class,'even_col')][1] is present.
2024-03-19 12:24:50,343 [INFO] automation Element located by notes is present.
2024-03-19 12:24:50,351 [INFO] automation Element located by notes is present.
2024-03-19 12:24:51,832 [ERROR] automation Element located by //div[@role='alert' and contains(text(),'success') or contains(text(),'Success')] is not present. Message: no such element: Unable to locate element: {"method":"xpath","selector":"//div[@role='alert' and contains(text(),'success') or contains(text(),'Success')]"}
  (Session info: chrome=122.0.6261.129); For documentation on this error, please visit: https://www.selenium.dev/documentation/webdriver/troubleshooting/errors#no-such-element-exception
Stacktrace:
	GetHandleVerifier [0x00007FF65B93AD02+56930]
	(No symbol) [0x00007FF65B8AF602]
	(No symbol) [0x00007FF65B7642E5]
	(No symbol) [0x00007FF65B7A98ED]
	(No symbol) [0x00007FF65B7A9A2C]
	(No symbol) [0x00007FF65B7EA967]
	(No symbol) [0x00007FF65B7CBCDF]
	(No symbol) [0x00007FF65B7E81E2]
	(No symbol) [0x00007FF65B7CBA43]
	(No symbol) [0x00007FF65B79D438]
	(No symbol) [0x00007FF65B79E4D1]
	GetHandleVerifier [0x00007FF65BCB6F8D+3711213]
	GetHandleVerifier [0x00007FF65BD104CD+4077101]
	GetHandleVerifier [0x00007FF65BD0865F+4044735]
	GetHandleVerifier [0x00007FF65B9D9736+706710]
	(No symbol) [0x00007FF65B8BB8DF]
	(No symbol) [0x00007FF65B8B6AC4]
	(No symbol) [0x00007FF65B8B6C1C]
	(No symbol) [0x00007FF65B8A68D4]
	BaseThreadInitThunk [0x00007FFC367A257D+29]
	RtlUserThreadStart [0x00007FFC3736AA58+40]

2024-03-19 12:24:51,899 [ERROR] automation Element located by //div[@role='alert' and contains(text(),'success') or contains(text(),'Success')] is not present. Message: no such element: Unable to locate element: {"method":"xpath","selector":"//div[@role='alert' and contains(text(),'success') or contains(text(),'Success')]"}
  (Session info: chrome=122.0.6261.129); For documentation on this error, please visit: https://www.selenium.dev/documentation/webdriver/troubleshooting/errors#no-such-element-exception
Stacktrace:
	GetHandleVerifier [0x00007FF65B93AD02+56930]
	(No symbol) [0x00007FF65B8AF602]
	(No symbol) [0x00007FF65B7642E5]
	(No symbol) [0x00007FF65B7A98ED]
	(No symbol) [0x00007FF65B7A9A2C]
	(No symbol) [0x00007FF65B7EA967]
	(No symbol) [0x00007FF65B7CBCDF]
	(No symbol) [0x00007FF65B7E81E2]
	(No symbol) [0x00007FF65B7CBA43]
	(No symbol) [0x00007FF65B79D438]
	(No symbol) [0x00007FF65B79E4D1]
	GetHandleVerifier [0x00007FF65BCB6F8D+3711213]
	GetHandleVerifier [0x00007FF65BD104CD+4077101]
	GetHandleVerifier [0x00007FF65BD0865F+4044735]
	GetHandleVerifier [0x00007FF65B9D9736+706710]
	(No symbol) [0x00007FF65B8BB8DF]
	(No symbol) [0x00007FF65B8B6AC4]
	(No symbol) [0x00007FF65B8B6C1C]
	(No symbol) [0x00007FF65B8A68D4]
	BaseThreadInitThunk [0x00007FFC367A257D+29]
	RtlUserThreadStart [0x00007FFC3736AA58+40]

2024-03-19 12:24:52,055 [INFO] automation Element located by //div[@role='alert' and contains(text(),'success') or contains(text(),'Success')] is present.
2024-03-19 12:24:54,508 [INFO] automation Element located by firstname is present.
2024-03-19 12:24:55,779 [INFO] automation Element located by //div[@role='alert' and contains(text(),'success') or contains(text(),'Success')] is present.
2024-03-19 12:24:58,239 [INFO] automation Element located by fname is present.
2024-03-19 12:24:58,247 [INFO] automation Element located by fname is present.
2024-03-19 12:24:58,516 [INFO] automation Element located by //div[@class='tableFixHead']/table/tbody/tr[1]/td[contains(text(),'ContactFirstName19122445395f')] is present.
2024-03-19 12:24:58,517 [INFO] automation Test passed.
