2024-04-01 15:46:26,408 [INFO] automation Test has started.
2024-04-01 15:46:26,408 [INFO] automation Navigating to the https://chorusqa.cogninelabs.com/
2024-04-01 15:46:31,274 [ERROR] automation Element located by i0116 is not present. Message: no such element: Unable to locate element: {"method":"css selector","selector":"[id="i0116"]"}
  (Session info: chrome=122.0.6261.131); For documentation on this error, please visit: https://www.selenium.dev/documentation/webdriver/troubleshooting/errors#no-such-element-exception
Stacktrace:
	GetHandleVerifier [0x00007FF77484AD02+56930]
	(No symbol) [0x00007FF7747BF602]
	(No symbol) [0x00007FF7746742E5]
	(No symbol) [0x00007FF7746B98ED]
	(No symbol) [0x00007FF7746B9A2C]
	(No symbol) [0x00007FF7746FA967]
	(No symbol) [0x00007FF7746DBCDF]
	(No symbol) [0x00007FF7746F81E2]
	(No symbol) [0x00007FF7746DBA43]
	(No symbol) [0x00007FF7746AD438]
	(No symbol) [0x00007FF7746AE4D1]
	GetHandleVerifier [0x00007FF774BC6F8D+3711213]
	GetHandleVerifier [0x00007FF774C204CD+4077101]
	GetHandleVerifier [0x00007FF774C1865F+4044735]
	GetHandleVerifier [0x00007FF7748E9736+706710]
	(No symbol) [0x00007FF7747CB8DF]
	(No symbol) [0x00007FF7747C6AC4]
	(No symbol) [0x00007FF7747C6C1C]
	(No symbol) [0x00007FF7747B68D4]
	BaseThreadInitThunk [0x00007FF9494C257D+29]
	RtlUserThreadStart [0x00007FF94AC4AA58+40]

2024-04-01 15:46:31,345 [ERROR] automation Element located by i0116 is not present. Message: no such element: Unable to locate element: {"method":"css selector","selector":"[id="i0116"]"}
  (Session info: chrome=122.0.6261.131); For documentation on this error, please visit: https://www.selenium.dev/documentation/webdriver/troubleshooting/errors#no-such-element-exception
Stacktrace:
	GetHandleVerifier [0x00007FF77484AD02+56930]
	(No symbol) [0x00007FF7747BF602]
	(No symbol) [0x00007FF7746742E5]
	(No symbol) [0x00007FF7746B98ED]
	(No symbol) [0x00007FF7746B9A2C]
	(No symbol) [0x00007FF7746FA967]
	(No symbol) [0x00007FF7746DBCDF]
	(No symbol) [0x00007FF7746F81E2]
	(No symbol) [0x00007FF7746DBA43]
	(No symbol) [0x00007FF7746AD438]
	(No symbol) [0x00007FF7746AE4D1]
	GetHandleVerifier [0x00007FF774BC6F8D+3711213]
	GetHandleVerifier [0x00007FF774C204CD+4077101]
	GetHandleVerifier [0x00007FF774C1865F+4044735]
	GetHandleVerifier [0x00007FF7748E9736+706710]
	(No symbol) [0x00007FF7747CB8DF]
	(No symbol) [0x00007FF7747C6AC4]
	(No symbol) [0x00007FF7747C6C1C]
	(No symbol) [0x00007FF7747B68D4]
	BaseThreadInitThunk [0x00007FF9494C257D+29]
	RtlUserThreadStart [0x00007FF94AC4AA58+40]

2024-04-01 15:46:31,414 [ERROR] automation Element located by i0116 is not present. Message: no such element: Unable to locate element: {"method":"css selector","selector":"[id="i0116"]"}
  (Session info: chrome=122.0.6261.131); For documentation on this error, please visit: https://www.selenium.dev/documentation/webdriver/troubleshooting/errors#no-such-element-exception
Stacktrace:
	GetHandleVerifier [0x00007FF77484AD02+56930]
	(No symbol) [0x00007FF7747BF602]
	(No symbol) [0x00007FF7746742E5]
	(No symbol) [0x00007FF7746B98ED]
	(No symbol) [0x00007FF7746B9A2C]
	(No symbol) [0x00007FF7746FA967]
	(No symbol) [0x00007FF7746DBCDF]
	(No symbol) [0x00007FF7746F81E2]
	(No symbol) [0x00007FF7746DBA43]
	(No symbol) [0x00007FF7746AD438]
	(No symbol) [0x00007FF7746AE4D1]
	GetHandleVerifier [0x00007FF774BC6F8D+3711213]
	GetHandleVerifier [0x00007FF774C204CD+4077101]
	GetHandleVerifier [0x00007FF774C1865F+4044735]
	GetHandleVerifier [0x00007FF7748E9736+706710]
	(No symbol) [0x00007FF7747CB8DF]
	(No symbol) [0x00007FF7747C6AC4]
	(No symbol) [0x00007FF7747C6C1C]
	(No symbol) [0x00007FF7747B68D4]
	BaseThreadInitThunk [0x00007FF9494C257D+29]
	RtlUserThreadStart [0x00007FF94AC4AA58+40]

2024-04-01 15:46:31,480 [ERROR] automation Element located by i0116 is not present. Message: no such element: Unable to locate element: {"method":"css selector","selector":"[id="i0116"]"}
  (Session info: chrome=122.0.6261.131); For documentation on this error, please visit: https://www.selenium.dev/documentation/webdriver/troubleshooting/errors#no-such-element-exception
Stacktrace:
	GetHandleVerifier [0x00007FF77484AD02+56930]
	(No symbol) [0x00007FF7747BF602]
	(No symbol) [0x00007FF7746742E5]
	(No symbol) [0x00007FF7746B98ED]
	(No symbol) [0x00007FF7746B9A2C]
	(No symbol) [0x00007FF7746FA967]
	(No symbol) [0x00007FF7746DBCDF]
	(No symbol) [0x00007FF7746F81E2]
	(No symbol) [0x00007FF7746DBA43]
	(No symbol) [0x00007FF7746AD438]
	(No symbol) [0x00007FF7746AE4D1]
	GetHandleVerifier [0x00007FF774BC6F8D+3711213]
	GetHandleVerifier [0x00007FF774C204CD+4077101]
	GetHandleVerifier [0x00007FF774C1865F+4044735]
	GetHandleVerifier [0x00007FF7748E9736+706710]
	(No symbol) [0x00007FF7747CB8DF]
	(No symbol) [0x00007FF7747C6AC4]
	(No symbol) [0x00007FF7747C6C1C]
	(No symbol) [0x00007FF7747B68D4]
	BaseThreadInitThunk [0x00007FF9494C257D+29]
	RtlUserThreadStart [0x00007FF94AC4AA58+40]

2024-04-01 15:46:31,541 [ERROR] automation Element located by i0116 is not present. Message: no such element: Unable to locate element: {"method":"css selector","selector":"[id="i0116"]"}
  (Session info: chrome=122.0.6261.131); For documentation on this error, please visit: https://www.selenium.dev/documentation/webdriver/troubleshooting/errors#no-such-element-exception
Stacktrace:
	GetHandleVerifier [0x00007FF77484AD02+56930]
	(No symbol) [0x00007FF7747BF602]
	(No symbol) [0x00007FF7746742E5]
	(No symbol) [0x00007FF7746B98ED]
	(No symbol) [0x00007FF7746B9A2C]
	(No symbol) [0x00007FF7746FA967]
	(No symbol) [0x00007FF7746DBCDF]
	(No symbol) [0x00007FF7746F81E2]
	(No symbol) [0x00007FF7746DBA43]
	(No symbol) [0x00007FF7746AD438]
	(No symbol) [0x00007FF7746AE4D1]
	GetHandleVerifier [0x00007FF774BC6F8D+3711213]
	GetHandleVerifier [0x00007FF774C204CD+4077101]
	GetHandleVerifier [0x00007FF774C1865F+4044735]
	GetHandleVerifier [0x00007FF7748E9736+706710]
	(No symbol) [0x00007FF7747CB8DF]
	(No symbol) [0x00007FF7747C6AC4]
	(No symbol) [0x00007FF7747C6C1C]
	(No symbol) [0x00007FF7747B68D4]
	BaseThreadInitThunk [0x00007FF9494C257D+29]
	RtlUserThreadStart [0x00007FF94AC4AA58+40]

2024-04-01 15:46:31,607 [ERROR] automation Element located by i0116 is not present. Message: no such element: Unable to locate element: {"method":"css selector","selector":"[id="i0116"]"}
  (Session info: chrome=122.0.6261.131); For documentation on this error, please visit: https://www.selenium.dev/documentation/webdriver/troubleshooting/errors#no-such-element-exception
Stacktrace:
	GetHandleVerifier [0x00007FF77484AD02+56930]
	(No symbol) [0x00007FF7747BF602]
	(No symbol) [0x00007FF7746742E5]
	(No symbol) [0x00007FF7746B98ED]
	(No symbol) [0x00007FF7746B9A2C]
	(No symbol) [0x00007FF7746FA967]
	(No symbol) [0x00007FF7746DBCDF]
	(No symbol) [0x00007FF7746F81E2]
	(No symbol) [0x00007FF7746DBA43]
	(No symbol) [0x00007FF7746AD438]
	(No symbol) [0x00007FF7746AE4D1]
	GetHandleVerifier [0x00007FF774BC6F8D+3711213]
	GetHandleVerifier [0x00007FF774C204CD+4077101]
	GetHandleVerifier [0x00007FF774C1865F+4044735]
	GetHandleVerifier [0x00007FF7748E9736+706710]
	(No symbol) [0x00007FF7747CB8DF]
	(No symbol) [0x00007FF7747C6AC4]
	(No symbol) [0x00007FF7747C6C1C]
	(No symbol) [0x00007FF7747B68D4]
	BaseThreadInitThunk [0x00007FF9494C257D+29]
	RtlUserThreadStart [0x00007FF94AC4AA58+40]

2024-04-01 15:46:32,392 [ERROR] automation Element located by i0116 is not present. Message: no such element: Unable to locate element: {"method":"css selector","selector":"[id="i0116"]"}
  (Session info: chrome=122.0.6261.131); For documentation on this error, please visit: https://www.selenium.dev/documentation/webdriver/troubleshooting/errors#no-such-element-exception
Stacktrace:
	GetHandleVerifier [0x00007FF77484AD02+56930]
	(No symbol) [0x00007FF7747BF602]
	(No symbol) [0x00007FF7746742E5]
	(No symbol) [0x00007FF7746B98ED]
	(No symbol) [0x00007FF7746B9A2C]
	(No symbol) [0x00007FF7746FA967]
	(No symbol) [0x00007FF7746DBCDF]
	(No symbol) [0x00007FF7746F81E2]
	(No symbol) [0x00007FF7746DBA43]
	(No symbol) [0x00007FF7746AD438]
	(No symbol) [0x00007FF7746AE4D1]
	GetHandleVerifier [0x00007FF774BC6F8D+3711213]
	GetHandleVerifier [0x00007FF774C204CD+4077101]
	GetHandleVerifier [0x00007FF774C1865F+4044735]
	GetHandleVerifier [0x00007FF7748E9736+706710]
	(No symbol) [0x00007FF7747CB8DF]
	(No symbol) [0x00007FF7747C6AC4]
	(No symbol) [0x00007FF7747C6C1C]
	(No symbol) [0x00007FF7747B68D4]
	BaseThreadInitThunk [0x00007FF9494C257D+29]
	RtlUserThreadStart [0x00007FF94AC4AA58+40]

2024-04-01 15:46:32,457 [ERROR] automation Element located by i0116 is not present. Message: no such element: Unable to locate element: {"method":"css selector","selector":"[id="i0116"]"}
  (Session info: chrome=122.0.6261.131); For documentation on this error, please visit: https://www.selenium.dev/documentation/webdriver/troubleshooting/errors#no-such-element-exception
Stacktrace:
	GetHandleVerifier [0x00007FF77484AD02+56930]
	(No symbol) [0x00007FF7747BF602]
	(No symbol) [0x00007FF7746742E5]
	(No symbol) [0x00007FF7746B98ED]
	(No symbol) [0x00007FF7746B9A2C]
	(No symbol) [0x00007FF7746FA967]
	(No symbol) [0x00007FF7746DBCDF]
	(No symbol) [0x00007FF7746F81E2]
	(No symbol) [0x00007FF7746DBA43]
	(No symbol) [0x00007FF7746AD438]
	(No symbol) [0x00007FF7746AE4D1]
	GetHandleVerifier [0x00007FF774BC6F8D+3711213]
	GetHandleVerifier [0x00007FF774C204CD+4077101]
	GetHandleVerifier [0x00007FF774C1865F+4044735]
	GetHandleVerifier [0x00007FF7748E9736+706710]
	(No symbol) [0x00007FF7747CB8DF]
	(No symbol) [0x00007FF7747C6AC4]
	(No symbol) [0x00007FF7747C6C1C]
	(No symbol) [0x00007FF7747B68D4]
	BaseThreadInitThunk [0x00007FF9494C257D+29]
	RtlUserThreadStart [0x00007FF94AC4AA58+40]

2024-04-01 15:46:32,526 [ERROR] automation Element located by i0116 is not present. Message: no such element: Unable to locate element: {"method":"css selector","selector":"[id="i0116"]"}
  (Session info: chrome=122.0.6261.131); For documentation on this error, please visit: https://www.selenium.dev/documentation/webdriver/troubleshooting/errors#no-such-element-exception
Stacktrace:
	GetHandleVerifier [0x00007FF77484AD02+56930]
	(No symbol) [0x00007FF7747BF602]
	(No symbol) [0x00007FF7746742E5]
	(No symbol) [0x00007FF7746B98ED]
	(No symbol) [0x00007FF7746B9A2C]
	(No symbol) [0x00007FF7746FA967]
	(No symbol) [0x00007FF7746DBCDF]
	(No symbol) [0x00007FF7746F81E2]
	(No symbol) [0x00007FF7746DBA43]
	(No symbol) [0x00007FF7746AD438]
	(No symbol) [0x00007FF7746AE4D1]
	GetHandleVerifier [0x00007FF774BC6F8D+3711213]
	GetHandleVerifier [0x00007FF774C204CD+4077101]
	GetHandleVerifier [0x00007FF774C1865F+4044735]
	GetHandleVerifier [0x00007FF7748E9736+706710]
	(No symbol) [0x00007FF7747CB8DF]
	(No symbol) [0x00007FF7747C6AC4]
	(No symbol) [0x00007FF7747C6C1C]
	(No symbol) [0x00007FF7747B68D4]
	BaseThreadInitThunk [0x00007FF9494C257D+29]
	RtlUserThreadStart [0x00007FF94AC4AA58+40]

2024-04-01 15:46:32,596 [ERROR] automation Element located by i0116 is not present. Message: no such element: Unable to locate element: {"method":"css selector","selector":"[id="i0116"]"}
  (Session info: chrome=122.0.6261.131); For documentation on this error, please visit: https://www.selenium.dev/documentation/webdriver/troubleshooting/errors#no-such-element-exception
Stacktrace:
	GetHandleVerifier [0x00007FF77484AD02+56930]
	(No symbol) [0x00007FF7747BF602]
	(No symbol) [0x00007FF7746742E5]
	(No symbol) [0x00007FF7746B98ED]
	(No symbol) [0x00007FF7746B9A2C]
	(No symbol) [0x00007FF7746FA967]
	(No symbol) [0x00007FF7746DBCDF]
	(No symbol) [0x00007FF7746F81E2]
	(No symbol) [0x00007FF7746DBA43]
	(No symbol) [0x00007FF7746AD438]
	(No symbol) [0x00007FF7746AE4D1]
	GetHandleVerifier [0x00007FF774BC6F8D+3711213]
	GetHandleVerifier [0x00007FF774C204CD+4077101]
	GetHandleVerifier [0x00007FF774C1865F+4044735]
	GetHandleVerifier [0x00007FF7748E9736+706710]
	(No symbol) [0x00007FF7747CB8DF]
	(No symbol) [0x00007FF7747C6AC4]
	(No symbol) [0x00007FF7747C6C1C]
	(No symbol) [0x00007FF7747B68D4]
	BaseThreadInitThunk [0x00007FF9494C257D+29]
	RtlUserThreadStart [0x00007FF94AC4AA58+40]

2024-04-01 15:46:32,709 [ERROR] automation Element located by i0116 is not present. Message: no such element: Unable to locate element: {"method":"css selector","selector":"[id="i0116"]"}
  (Session info: chrome=122.0.6261.131); For documentation on this error, please visit: https://www.selenium.dev/documentation/webdriver/troubleshooting/errors#no-such-element-exception
Stacktrace:
	GetHandleVerifier [0x00007FF77484AD02+56930]
	(No symbol) [0x00007FF7747BF602]
	(No symbol) [0x00007FF7746742E5]
	(No symbol) [0x00007FF7746B98ED]
	(No symbol) [0x00007FF7746B9A2C]
	(No symbol) [0x00007FF7746FA967]
	(No symbol) [0x00007FF7746DBCDF]
	(No symbol) [0x00007FF7746F81E2]
	(No symbol) [0x00007FF7746DBA43]
	(No symbol) [0x00007FF7746AD438]
	(No symbol) [0x00007FF7746AE4D1]
	GetHandleVerifier [0x00007FF774BC6F8D+3711213]
	GetHandleVerifier [0x00007FF774C204CD+4077101]
	GetHandleVerifier [0x00007FF774C1865F+4044735]
	GetHandleVerifier [0x00007FF7748E9736+706710]
	(No symbol) [0x00007FF7747CB8DF]
	(No symbol) [0x00007FF7747C6AC4]
	(No symbol) [0x00007FF7747C6C1C]
	(No symbol) [0x00007FF7747B68D4]
	BaseThreadInitThunk [0x00007FF9494C257D+29]
	RtlUserThreadStart [0x00007FF94AC4AA58+40]

2024-04-01 15:46:32,784 [ERROR] automation Element located by i0116 is not present. Message: no such element: Unable to locate element: {"method":"css selector","selector":"[id="i0116"]"}
  (Session info: chrome=122.0.6261.131); For documentation on this error, please visit: https://www.selenium.dev/documentation/webdriver/troubleshooting/errors#no-such-element-exception
Stacktrace:
	GetHandleVerifier [0x00007FF77484AD02+56930]
	(No symbol) [0x00007FF7747BF602]
	(No symbol) [0x00007FF7746742E5]
	(No symbol) [0x00007FF7746B98ED]
	(No symbol) [0x00007FF7746B9A2C]
	(No symbol) [0x00007FF7746FA967]
	(No symbol) [0x00007FF7746DBCDF]
	(No symbol) [0x00007FF7746F81E2]
	(No symbol) [0x00007FF7746DBA43]
	(No symbol) [0x00007FF7746AD438]
	(No symbol) [0x00007FF7746AE4D1]
	GetHandleVerifier [0x00007FF774BC6F8D+3711213]
	GetHandleVerifier [0x00007FF774C204CD+4077101]
	GetHandleVerifier [0x00007FF774C1865F+4044735]
	GetHandleVerifier [0x00007FF7748E9736+706710]
	(No symbol) [0x00007FF7747CB8DF]
	(No symbol) [0x00007FF7747C6AC4]
	(No symbol) [0x00007FF7747C6C1C]
	(No symbol) [0x00007FF7747B68D4]
	BaseThreadInitThunk [0x00007FF9494C257D+29]
	RtlUserThreadStart [0x00007FF94AC4AA58+40]

2024-04-01 15:46:32,850 [ERROR] automation Element located by i0116 is not present. Message: no such element: Unable to locate element: {"method":"css selector","selector":"[id="i0116"]"}
  (Session info: chrome=122.0.6261.131); For documentation on this error, please visit: https://www.selenium.dev/documentation/webdriver/troubleshooting/errors#no-such-element-exception
Stacktrace:
	GetHandleVerifier [0x00007FF77484AD02+56930]
	(No symbol) [0x00007FF7747BF602]
	(No symbol) [0x00007FF7746742E5]
	(No symbol) [0x00007FF7746B98ED]
	(No symbol) [0x00007FF7746B9A2C]
	(No symbol) [0x00007FF7746FA967]
	(No symbol) [0x00007FF7746DBCDF]
	(No symbol) [0x00007FF7746F81E2]
	(No symbol) [0x00007FF7746DBA43]
	(No symbol) [0x00007FF7746AD438]
	(No symbol) [0x00007FF7746AE4D1]
	GetHandleVerifier [0x00007FF774BC6F8D+3711213]
	GetHandleVerifier [0x00007FF774C204CD+4077101]
	GetHandleVerifier [0x00007FF774C1865F+4044735]
	GetHandleVerifier [0x00007FF7748E9736+706710]
	(No symbol) [0x00007FF7747CB8DF]
	(No symbol) [0x00007FF7747C6AC4]
	(No symbol) [0x00007FF7747C6C1C]
	(No symbol) [0x00007FF7747B68D4]
	BaseThreadInitThunk [0x00007FF9494C257D+29]
	RtlUserThreadStart [0x00007FF94AC4AA58+40]

2024-04-01 15:46:33,093 [INFO] automation Element located by i0116 is present.
2024-04-01 15:46:40,214 [INFO] automation Element located by //div[@class='logo'] is present.
2024-04-01 15:46:44,485 [INFO] automation Element located by //div[@class='tableFixHead']/table/tbody/tr[contains(@class,'even_col')][1] is present.
2024-04-01 15:46:47,086 [INFO] automation Element located by //input[@formcontrolname='title'] is present.
2024-04-01 15:46:47,086 [INFO] automation Element located by //input[@formcontrolname='title'] is present.
2024-04-01 15:46:49,277 [ERROR] automation Element located by //div[@role='alert' and contains(text(),'success') or contains(text(),'Success')] is not present. Message: no such element: Unable to locate element: {"method":"xpath","selector":"//div[@role='alert' and contains(text(),'success') or contains(text(),'Success')]"}
  (Session info: chrome=122.0.6261.131); For documentation on this error, please visit: https://www.selenium.dev/documentation/webdriver/troubleshooting/errors#no-such-element-exception
Stacktrace:
	GetHandleVerifier [0x00007FF77484AD02+56930]
	(No symbol) [0x00007FF7747BF602]
	(No symbol) [0x00007FF7746742E5]
	(No symbol) [0x00007FF7746B98ED]
	(No symbol) [0x00007FF7746B9A2C]
	(No symbol) [0x00007FF7746FA967]
	(No symbol) [0x00007FF7746DBCDF]
	(No symbol) [0x00007FF7746F81E2]
	(No symbol) [0x00007FF7746DBA43]
	(No symbol) [0x00007FF7746AD438]
	(No symbol) [0x00007FF7746AE4D1]
	GetHandleVerifier [0x00007FF774BC6F8D+3711213]
	GetHandleVerifier [0x00007FF774C204CD+4077101]
	GetHandleVerifier [0x00007FF774C1865F+4044735]
	GetHandleVerifier [0x00007FF7748E9736+706710]
	(No symbol) [0x00007FF7747CB8DF]
	(No symbol) [0x00007FF7747C6AC4]
	(No symbol) [0x00007FF7747C6C1C]
	(No symbol) [0x00007FF7747B68D4]
	BaseThreadInitThunk [0x00007FF9494C257D+29]
	RtlUserThreadStart [0x00007FF94AC4AA58+40]

2024-04-01 15:46:49,367 [INFO] automation Element located by //div[@role='alert' and contains(text(),'success') or contains(text(),'Success')] is present.
2024-04-01 15:46:49,367 [INFO] automation Element located by //input[@formcontrolname='title'] is present.
2024-04-01 15:46:51,446 [INFO] automation Element located by //div[@role='alert' and contains(text(),'success') or contains(text(),'Success')] is present.
2024-04-01 15:46:51,446 [INFO] automation Element located by //input[@formcontrolname='title'] is present.
2024-04-01 15:46:52,827 [INFO] automation CPU Percent: 3.6	Virtual Memory: svmem(total=12635017216, available=1652178944, percent=86.9, used=10982838272, free=1652178944)
2024-04-01 15:46:52,944 [INFO] automation screenshot logged as: C:\Users\Thanusha Kotaprolu\Automation Projects\cognine-crm-automation\RunExecutionScripts\common\logs\screenshots\test_crm_bulk_email_page_smoke_test__fail01154652c359.png
2024-04-01 15:46:52,944 [ERROR] automation Test failed.
