2024-04-03 19:48:38,088 [INFO] automation Test has started.
2024-04-03 19:48:38,089 [INFO] automation Navigating to the https://chorusqa.cogninelabs.com/
2024-04-03 19:48:43,333 [ERROR] automation Element located by i0116 is not present. Message: no such element: Unable to locate element: {"method":"css selector","selector":"[id="i0116"]"}
  (Session info: chrome=122.0.6261.131); For documentation on this error, please visit: https://www.selenium.dev/documentation/webdriver/troubleshooting/errors#no-such-element-exception
Stacktrace:
	GetHandleVerifier [0x00007FF6C01FAD02+56930]
	(No symbol) [0x00007FF6C016F602]
	(No symbol) [0x00007FF6C00242E5]
	(No symbol) [0x00007FF6C00698ED]
	(No symbol) [0x00007FF6C0069A2C]
	(No symbol) [0x00007FF6C00AA967]
	(No symbol) [0x00007FF6C008BCDF]
	(No symbol) [0x00007FF6C00A81E2]
	(No symbol) [0x00007FF6C008BA43]
	(No symbol) [0x00007FF6C005D438]
	(No symbol) [0x00007FF6C005E4D1]
	GetHandleVerifier [0x00007FF6C0576F8D+3711213]
	GetHandleVerifier [0x00007FF6C05D04CD+4077101]
	GetHandleVerifier [0x00007FF6C05C865F+4044735]
	GetHandleVerifier [0x00007FF6C0299736+706710]
	(No symbol) [0x00007FF6C017B8DF]
	(No symbol) [0x00007FF6C0176AC4]
	(No symbol) [0x00007FF6C0176C1C]
	(No symbol) [0x00007FF6C01668D4]
	BaseThreadInitThunk [0x00007FF9494C257D+29]
	RtlUserThreadStart [0x00007FF94AC4AA58+40]

2024-04-03 19:48:43,393 [ERROR] automation Element located by i0116 is not present. Message: no such element: Unable to locate element: {"method":"css selector","selector":"[id="i0116"]"}
  (Session info: chrome=122.0.6261.131); For documentation on this error, please visit: https://www.selenium.dev/documentation/webdriver/troubleshooting/errors#no-such-element-exception
Stacktrace:
	GetHandleVerifier [0x00007FF6C01FAD02+56930]
	(No symbol) [0x00007FF6C016F602]
	(No symbol) [0x00007FF6C00242E5]
	(No symbol) [0x00007FF6C00698ED]
	(No symbol) [0x00007FF6C0069A2C]
	(No symbol) [0x00007FF6C00AA967]
	(No symbol) [0x00007FF6C008BCDF]
	(No symbol) [0x00007FF6C00A81E2]
	(No symbol) [0x00007FF6C008BA43]
	(No symbol) [0x00007FF6C005D438]
	(No symbol) [0x00007FF6C005E4D1]
	GetHandleVerifier [0x00007FF6C0576F8D+3711213]
	GetHandleVerifier [0x00007FF6C05D04CD+4077101]
	GetHandleVerifier [0x00007FF6C05C865F+4044735]
	GetHandleVerifier [0x00007FF6C0299736+706710]
	(No symbol) [0x00007FF6C017B8DF]
	(No symbol) [0x00007FF6C0176AC4]
	(No symbol) [0x00007FF6C0176C1C]
	(No symbol) [0x00007FF6C01668D4]
	BaseThreadInitThunk [0x00007FF9494C257D+29]
	RtlUserThreadStart [0x00007FF94AC4AA58+40]

2024-04-03 19:48:43,454 [ERROR] automation Element located by i0116 is not present. Message: no such element: Unable to locate element: {"method":"css selector","selector":"[id="i0116"]"}
  (Session info: chrome=122.0.6261.131); For documentation on this error, please visit: https://www.selenium.dev/documentation/webdriver/troubleshooting/errors#no-such-element-exception
Stacktrace:
	GetHandleVerifier [0x00007FF6C01FAD02+56930]
	(No symbol) [0x00007FF6C016F602]
	(No symbol) [0x00007FF6C00242E5]
	(No symbol) [0x00007FF6C00698ED]
	(No symbol) [0x00007FF6C0069A2C]
	(No symbol) [0x00007FF6C00AA967]
	(No symbol) [0x00007FF6C008BCDF]
	(No symbol) [0x00007FF6C00A81E2]
	(No symbol) [0x00007FF6C008BA43]
	(No symbol) [0x00007FF6C005D438]
	(No symbol) [0x00007FF6C005E4D1]
	GetHandleVerifier [0x00007FF6C0576F8D+3711213]
	GetHandleVerifier [0x00007FF6C05D04CD+4077101]
	GetHandleVerifier [0x00007FF6C05C865F+4044735]
	GetHandleVerifier [0x00007FF6C0299736+706710]
	(No symbol) [0x00007FF6C017B8DF]
	(No symbol) [0x00007FF6C0176AC4]
	(No symbol) [0x00007FF6C0176C1C]
	(No symbol) [0x00007FF6C01668D4]
	BaseThreadInitThunk [0x00007FF9494C257D+29]
	RtlUserThreadStart [0x00007FF94AC4AA58+40]

2024-04-03 19:48:43,520 [ERROR] automation Element located by i0116 is not present. Message: no such element: Unable to locate element: {"method":"css selector","selector":"[id="i0116"]"}
  (Session info: chrome=122.0.6261.131); For documentation on this error, please visit: https://www.selenium.dev/documentation/webdriver/troubleshooting/errors#no-such-element-exception
Stacktrace:
	GetHandleVerifier [0x00007FF6C01FAD02+56930]
	(No symbol) [0x00007FF6C016F602]
	(No symbol) [0x00007FF6C00242E5]
	(No symbol) [0x00007FF6C00698ED]
	(No symbol) [0x00007FF6C0069A2C]
	(No symbol) [0x00007FF6C00AA967]
	(No symbol) [0x00007FF6C008BCDF]
	(No symbol) [0x00007FF6C00A81E2]
	(No symbol) [0x00007FF6C008BA43]
	(No symbol) [0x00007FF6C005D438]
	(No symbol) [0x00007FF6C005E4D1]
	GetHandleVerifier [0x00007FF6C0576F8D+3711213]
	GetHandleVerifier [0x00007FF6C05D04CD+4077101]
	GetHandleVerifier [0x00007FF6C05C865F+4044735]
	GetHandleVerifier [0x00007FF6C0299736+706710]
	(No symbol) [0x00007FF6C017B8DF]
	(No symbol) [0x00007FF6C0176AC4]
	(No symbol) [0x00007FF6C0176C1C]
	(No symbol) [0x00007FF6C01668D4]
	BaseThreadInitThunk [0x00007FF9494C257D+29]
	RtlUserThreadStart [0x00007FF94AC4AA58+40]

2024-04-03 19:48:43,583 [ERROR] automation Element located by i0116 is not present. Message: no such element: Unable to locate element: {"method":"css selector","selector":"[id="i0116"]"}
  (Session info: chrome=122.0.6261.131); For documentation on this error, please visit: https://www.selenium.dev/documentation/webdriver/troubleshooting/errors#no-such-element-exception
Stacktrace:
	GetHandleVerifier [0x00007FF6C01FAD02+56930]
	(No symbol) [0x00007FF6C016F602]
	(No symbol) [0x00007FF6C00242E5]
	(No symbol) [0x00007FF6C00698ED]
	(No symbol) [0x00007FF6C0069A2C]
	(No symbol) [0x00007FF6C00AA967]
	(No symbol) [0x00007FF6C008BCDF]
	(No symbol) [0x00007FF6C00A81E2]
	(No symbol) [0x00007FF6C008BA43]
	(No symbol) [0x00007FF6C005D438]
	(No symbol) [0x00007FF6C005E4D1]
	GetHandleVerifier [0x00007FF6C0576F8D+3711213]
	GetHandleVerifier [0x00007FF6C05D04CD+4077101]
	GetHandleVerifier [0x00007FF6C05C865F+4044735]
	GetHandleVerifier [0x00007FF6C0299736+706710]
	(No symbol) [0x00007FF6C017B8DF]
	(No symbol) [0x00007FF6C0176AC4]
	(No symbol) [0x00007FF6C0176C1C]
	(No symbol) [0x00007FF6C01668D4]
	BaseThreadInitThunk [0x00007FF9494C257D+29]
	RtlUserThreadStart [0x00007FF94AC4AA58+40]

2024-04-03 19:48:43,646 [ERROR] automation Element located by i0116 is not present. Message: no such element: Unable to locate element: {"method":"css selector","selector":"[id="i0116"]"}
  (Session info: chrome=122.0.6261.131); For documentation on this error, please visit: https://www.selenium.dev/documentation/webdriver/troubleshooting/errors#no-such-element-exception
Stacktrace:
	GetHandleVerifier [0x00007FF6C01FAD02+56930]
	(No symbol) [0x00007FF6C016F602]
	(No symbol) [0x00007FF6C00242E5]
	(No symbol) [0x00007FF6C00698ED]
	(No symbol) [0x00007FF6C0069A2C]
	(No symbol) [0x00007FF6C00AA967]
	(No symbol) [0x00007FF6C008BCDF]
	(No symbol) [0x00007FF6C00A81E2]
	(No symbol) [0x00007FF6C008BA43]
	(No symbol) [0x00007FF6C005D438]
	(No symbol) [0x00007FF6C005E4D1]
	GetHandleVerifier [0x00007FF6C0576F8D+3711213]
	GetHandleVerifier [0x00007FF6C05D04CD+4077101]
	GetHandleVerifier [0x00007FF6C05C865F+4044735]
	GetHandleVerifier [0x00007FF6C0299736+706710]
	(No symbol) [0x00007FF6C017B8DF]
	(No symbol) [0x00007FF6C0176AC4]
	(No symbol) [0x00007FF6C0176C1C]
	(No symbol) [0x00007FF6C01668D4]
	BaseThreadInitThunk [0x00007FF9494C257D+29]
	RtlUserThreadStart [0x00007FF94AC4AA58+40]

2024-04-03 19:48:44,424 [ERROR] automation Element located by i0116 is not present. Message: no such element: Unable to locate element: {"method":"css selector","selector":"[id="i0116"]"}
  (Session info: chrome=122.0.6261.131); For documentation on this error, please visit: https://www.selenium.dev/documentation/webdriver/troubleshooting/errors#no-such-element-exception
Stacktrace:
	GetHandleVerifier [0x00007FF6C01FAD02+56930]
	(No symbol) [0x00007FF6C016F602]
	(No symbol) [0x00007FF6C00242E5]
	(No symbol) [0x00007FF6C00698ED]
	(No symbol) [0x00007FF6C0069A2C]
	(No symbol) [0x00007FF6C00AA967]
	(No symbol) [0x00007FF6C008BCDF]
	(No symbol) [0x00007FF6C00A81E2]
	(No symbol) [0x00007FF6C008BA43]
	(No symbol) [0x00007FF6C005D438]
	(No symbol) [0x00007FF6C005E4D1]
	GetHandleVerifier [0x00007FF6C0576F8D+3711213]
	GetHandleVerifier [0x00007FF6C05D04CD+4077101]
	GetHandleVerifier [0x00007FF6C05C865F+4044735]
	GetHandleVerifier [0x00007FF6C0299736+706710]
	(No symbol) [0x00007FF6C017B8DF]
	(No symbol) [0x00007FF6C0176AC4]
	(No symbol) [0x00007FF6C0176C1C]
	(No symbol) [0x00007FF6C01668D4]
	BaseThreadInitThunk [0x00007FF9494C257D+29]
	RtlUserThreadStart [0x00007FF94AC4AA58+40]

2024-04-03 19:48:44,484 [ERROR] automation Element located by i0116 is not present. Message: no such element: Unable to locate element: {"method":"css selector","selector":"[id="i0116"]"}
  (Session info: chrome=122.0.6261.131); For documentation on this error, please visit: https://www.selenium.dev/documentation/webdriver/troubleshooting/errors#no-such-element-exception
Stacktrace:
	GetHandleVerifier [0x00007FF6C01FAD02+56930]
	(No symbol) [0x00007FF6C016F602]
	(No symbol) [0x00007FF6C00242E5]
	(No symbol) [0x00007FF6C00698ED]
	(No symbol) [0x00007FF6C0069A2C]
	(No symbol) [0x00007FF6C00AA967]
	(No symbol) [0x00007FF6C008BCDF]
	(No symbol) [0x00007FF6C00A81E2]
	(No symbol) [0x00007FF6C008BA43]
	(No symbol) [0x00007FF6C005D438]
	(No symbol) [0x00007FF6C005E4D1]
	GetHandleVerifier [0x00007FF6C0576F8D+3711213]
	GetHandleVerifier [0x00007FF6C05D04CD+4077101]
	GetHandleVerifier [0x00007FF6C05C865F+4044735]
	GetHandleVerifier [0x00007FF6C0299736+706710]
	(No symbol) [0x00007FF6C017B8DF]
	(No symbol) [0x00007FF6C0176AC4]
	(No symbol) [0x00007FF6C0176C1C]
	(No symbol) [0x00007FF6C01668D4]
	BaseThreadInitThunk [0x00007FF9494C257D+29]
	RtlUserThreadStart [0x00007FF94AC4AA58+40]

2024-04-03 19:48:44,549 [ERROR] automation Element located by i0116 is not present. Message: no such element: Unable to locate element: {"method":"css selector","selector":"[id="i0116"]"}
  (Session info: chrome=122.0.6261.131); For documentation on this error, please visit: https://www.selenium.dev/documentation/webdriver/troubleshooting/errors#no-such-element-exception
Stacktrace:
	GetHandleVerifier [0x00007FF6C01FAD02+56930]
	(No symbol) [0x00007FF6C016F602]
	(No symbol) [0x00007FF6C00242E5]
	(No symbol) [0x00007FF6C00698ED]
	(No symbol) [0x00007FF6C0069A2C]
	(No symbol) [0x00007FF6C00AA967]
	(No symbol) [0x00007FF6C008BCDF]
	(No symbol) [0x00007FF6C00A81E2]
	(No symbol) [0x00007FF6C008BA43]
	(No symbol) [0x00007FF6C005D438]
	(No symbol) [0x00007FF6C005E4D1]
	GetHandleVerifier [0x00007FF6C0576F8D+3711213]
	GetHandleVerifier [0x00007FF6C05D04CD+4077101]
	GetHandleVerifier [0x00007FF6C05C865F+4044735]
	GetHandleVerifier [0x00007FF6C0299736+706710]
	(No symbol) [0x00007FF6C017B8DF]
	(No symbol) [0x00007FF6C0176AC4]
	(No symbol) [0x00007FF6C0176C1C]
	(No symbol) [0x00007FF6C01668D4]
	BaseThreadInitThunk [0x00007FF9494C257D+29]
	RtlUserThreadStart [0x00007FF94AC4AA58+40]

2024-04-03 19:48:44,660 [ERROR] automation Element located by i0116 is not present. Message: no such element: Unable to locate element: {"method":"css selector","selector":"[id="i0116"]"}
  (Session info: chrome=122.0.6261.131); For documentation on this error, please visit: https://www.selenium.dev/documentation/webdriver/troubleshooting/errors#no-such-element-exception
Stacktrace:
	GetHandleVerifier [0x00007FF6C01FAD02+56930]
	(No symbol) [0x00007FF6C016F602]
	(No symbol) [0x00007FF6C00242E5]
	(No symbol) [0x00007FF6C00698ED]
	(No symbol) [0x00007FF6C0069A2C]
	(No symbol) [0x00007FF6C00AA967]
	(No symbol) [0x00007FF6C008BCDF]
	(No symbol) [0x00007FF6C00A81E2]
	(No symbol) [0x00007FF6C008BA43]
	(No symbol) [0x00007FF6C005D438]
	(No symbol) [0x00007FF6C005E4D1]
	GetHandleVerifier [0x00007FF6C0576F8D+3711213]
	GetHandleVerifier [0x00007FF6C05D04CD+4077101]
	GetHandleVerifier [0x00007FF6C05C865F+4044735]
	GetHandleVerifier [0x00007FF6C0299736+706710]
	(No symbol) [0x00007FF6C017B8DF]
	(No symbol) [0x00007FF6C0176AC4]
	(No symbol) [0x00007FF6C0176C1C]
	(No symbol) [0x00007FF6C01668D4]
	BaseThreadInitThunk [0x00007FF9494C257D+29]
	RtlUserThreadStart [0x00007FF94AC4AA58+40]

2024-04-03 19:48:44,720 [ERROR] automation Element located by i0116 is not present. Message: no such element: Unable to locate element: {"method":"css selector","selector":"[id="i0116"]"}
  (Session info: chrome=122.0.6261.131); For documentation on this error, please visit: https://www.selenium.dev/documentation/webdriver/troubleshooting/errors#no-such-element-exception
Stacktrace:
	GetHandleVerifier [0x00007FF6C01FAD02+56930]
	(No symbol) [0x00007FF6C016F602]
	(No symbol) [0x00007FF6C00242E5]
	(No symbol) [0x00007FF6C00698ED]
	(No symbol) [0x00007FF6C0069A2C]
	(No symbol) [0x00007FF6C00AA967]
	(No symbol) [0x00007FF6C008BCDF]
	(No symbol) [0x00007FF6C00A81E2]
	(No symbol) [0x00007FF6C008BA43]
	(No symbol) [0x00007FF6C005D438]
	(No symbol) [0x00007FF6C005E4D1]
	GetHandleVerifier [0x00007FF6C0576F8D+3711213]
	GetHandleVerifier [0x00007FF6C05D04CD+4077101]
	GetHandleVerifier [0x00007FF6C05C865F+4044735]
	GetHandleVerifier [0x00007FF6C0299736+706710]
	(No symbol) [0x00007FF6C017B8DF]
	(No symbol) [0x00007FF6C0176AC4]
	(No symbol) [0x00007FF6C0176C1C]
	(No symbol) [0x00007FF6C01668D4]
	BaseThreadInitThunk [0x00007FF9494C257D+29]
	RtlUserThreadStart [0x00007FF94AC4AA58+40]

2024-04-03 19:48:44,913 [INFO] automation Element located by i0116 is present.
2024-04-03 19:48:51,779 [INFO] automation Element located by //div[@class='logo'] is present.
2024-04-03 19:48:55,872 [INFO] automation Element located by //div[@class='tableFixHead']/table/tbody/tr[contains(@class,'even_col')][1] is present.
2024-04-03 19:48:58,328 [INFO] automation Element located by //input[@formcontrolname='email'] is present.
2024-04-03 19:48:58,338 [INFO] automation Element located by //input[@formcontrolname='email'] is present.
2024-04-03 19:48:58,708 [ERROR] automation Element located by //span[contains(text(),'Email Address already exists')] is not present. Message: no such element: Unable to locate element: {"method":"xpath","selector":"//span[contains(text(),'Email Address already exists')]"}
  (Session info: chrome=122.0.6261.131); For documentation on this error, please visit: https://www.selenium.dev/documentation/webdriver/troubleshooting/errors#no-such-element-exception
Stacktrace:
	GetHandleVerifier [0x00007FF6C01FAD02+56930]
	(No symbol) [0x00007FF6C016F602]
	(No symbol) [0x00007FF6C00242E5]
	(No symbol) [0x00007FF6C00698ED]
	(No symbol) [0x00007FF6C0069A2C]
	(No symbol) [0x00007FF6C00AA967]
	(No symbol) [0x00007FF6C008BCDF]
	(No symbol) [0x00007FF6C00A81E2]
	(No symbol) [0x00007FF6C008BA43]
	(No symbol) [0x00007FF6C005D438]
	(No symbol) [0x00007FF6C005E4D1]
	GetHandleVerifier [0x00007FF6C0576F8D+3711213]
	GetHandleVerifier [0x00007FF6C05D04CD+4077101]
	GetHandleVerifier [0x00007FF6C05C865F+4044735]
	GetHandleVerifier [0x00007FF6C0299736+706710]
	(No symbol) [0x00007FF6C017B8DF]
	(No symbol) [0x00007FF6C0176AC4]
	(No symbol) [0x00007FF6C0176C1C]
	(No symbol) [0x00007FF6C01668D4]
	BaseThreadInitThunk [0x00007FF9494C257D+29]
	RtlUserThreadStart [0x00007FF94AC4AA58+40]

2024-04-03 19:48:58,734 [ERROR] automation Element located by //div[@role='alert' and contains(text(),'success') or contains(text(),'Success')] is not present. Message: no such element: Unable to locate element: {"method":"xpath","selector":"//div[@role='alert' and contains(text(),'success') or contains(text(),'Success')]"}
  (Session info: chrome=122.0.6261.131); For documentation on this error, please visit: https://www.selenium.dev/documentation/webdriver/troubleshooting/errors#no-such-element-exception
Stacktrace:
	GetHandleVerifier [0x00007FF6C01FAD02+56930]
	(No symbol) [0x00007FF6C016F602]
	(No symbol) [0x00007FF6C00242E5]
	(No symbol) [0x00007FF6C00698ED]
	(No symbol) [0x00007FF6C0069A2C]
	(No symbol) [0x00007FF6C00AA967]
	(No symbol) [0x00007FF6C008BCDF]
	(No symbol) [0x00007FF6C00A81E2]
	(No symbol) [0x00007FF6C008BA43]
	(No symbol) [0x00007FF6C005D438]
	(No symbol) [0x00007FF6C005E4D1]
	GetHandleVerifier [0x00007FF6C0576F8D+3711213]
	GetHandleVerifier [0x00007FF6C05D04CD+4077101]
	GetHandleVerifier [0x00007FF6C05C865F+4044735]
	GetHandleVerifier [0x00007FF6C0299736+706710]
	(No symbol) [0x00007FF6C017B8DF]
	(No symbol) [0x00007FF6C0176AC4]
	(No symbol) [0x00007FF6C0176C1C]
	(No symbol) [0x00007FF6C01668D4]
	BaseThreadInitThunk [0x00007FF9494C257D+29]
	RtlUserThreadStart [0x00007FF94AC4AA58+40]

2024-04-03 19:48:58,735 [INFO] automation Test passed.
2024-04-03 19:48:58,755 [INFO] automation Test has started.
2024-04-03 19:48:58,755 [INFO] automation Navigating to the https://chorusqa.cogninelabs.com/
2024-04-03 19:49:06,281 [ERROR] automation Element located by i0116 is not present. Message: no such element: Unable to locate element: {"method":"css selector","selector":"[id="i0116"]"}
  (Session info: chrome=122.0.6261.131); For documentation on this error, please visit: https://www.selenium.dev/documentation/webdriver/troubleshooting/errors#no-such-element-exception
Stacktrace:
	GetHandleVerifier [0x00007FF6C01FAD02+56930]
	(No symbol) [0x00007FF6C016F602]
	(No symbol) [0x00007FF6C00242E5]
	(No symbol) [0x00007FF6C00698ED]
	(No symbol) [0x00007FF6C0069A2C]
	(No symbol) [0x00007FF6C00AA967]
	(No symbol) [0x00007FF6C008BCDF]
	(No symbol) [0x00007FF6C00A81E2]
	(No symbol) [0x00007FF6C008BA43]
	(No symbol) [0x00007FF6C005D438]
	(No symbol) [0x00007FF6C005E4D1]
	GetHandleVerifier [0x00007FF6C0576F8D+3711213]
	GetHandleVerifier [0x00007FF6C05D04CD+4077101]
	GetHandleVerifier [0x00007FF6C05C865F+4044735]
	GetHandleVerifier [0x00007FF6C0299736+706710]
	(No symbol) [0x00007FF6C017B8DF]
	(No symbol) [0x00007FF6C0176AC4]
	(No symbol) [0x00007FF6C0176C1C]
	(No symbol) [0x00007FF6C01668D4]
	BaseThreadInitThunk [0x00007FF9494C257D+29]
	RtlUserThreadStart [0x00007FF94AC4AA58+40]

2024-04-03 19:49:06,347 [ERROR] automation Element located by i0116 is not present. Message: no such element: Unable to locate element: {"method":"css selector","selector":"[id="i0116"]"}
  (Session info: chrome=122.0.6261.131); For documentation on this error, please visit: https://www.selenium.dev/documentation/webdriver/troubleshooting/errors#no-such-element-exception
Stacktrace:
	GetHandleVerifier [0x00007FF6C01FAD02+56930]
	(No symbol) [0x00007FF6C016F602]
	(No symbol) [0x00007FF6C00242E5]
	(No symbol) [0x00007FF6C00698ED]
	(No symbol) [0x00007FF6C0069A2C]
	(No symbol) [0x00007FF6C00AA967]
	(No symbol) [0x00007FF6C008BCDF]
	(No symbol) [0x00007FF6C00A81E2]
	(No symbol) [0x00007FF6C008BA43]
	(No symbol) [0x00007FF6C005D438]
	(No symbol) [0x00007FF6C005E4D1]
	GetHandleVerifier [0x00007FF6C0576F8D+3711213]
	GetHandleVerifier [0x00007FF6C05D04CD+4077101]
	GetHandleVerifier [0x00007FF6C05C865F+4044735]
	GetHandleVerifier [0x00007FF6C0299736+706710]
	(No symbol) [0x00007FF6C017B8DF]
	(No symbol) [0x00007FF6C0176AC4]
	(No symbol) [0x00007FF6C0176C1C]
	(No symbol) [0x00007FF6C01668D4]
	BaseThreadInitThunk [0x00007FF9494C257D+29]
	RtlUserThreadStart [0x00007FF94AC4AA58+40]

2024-04-03 19:49:06,409 [ERROR] automation Element located by i0116 is not present. Message: no such element: Unable to locate element: {"method":"css selector","selector":"[id="i0116"]"}
  (Session info: chrome=122.0.6261.131); For documentation on this error, please visit: https://www.selenium.dev/documentation/webdriver/troubleshooting/errors#no-such-element-exception
Stacktrace:
	GetHandleVerifier [0x00007FF6C01FAD02+56930]
	(No symbol) [0x00007FF6C016F602]
	(No symbol) [0x00007FF6C00242E5]
	(No symbol) [0x00007FF6C00698ED]
	(No symbol) [0x00007FF6C0069A2C]
	(No symbol) [0x00007FF6C00AA967]
	(No symbol) [0x00007FF6C008BCDF]
	(No symbol) [0x00007FF6C00A81E2]
	(No symbol) [0x00007FF6C008BA43]
	(No symbol) [0x00007FF6C005D438]
	(No symbol) [0x00007FF6C005E4D1]
	GetHandleVerifier [0x00007FF6C0576F8D+3711213]
	GetHandleVerifier [0x00007FF6C05D04CD+4077101]
	GetHandleVerifier [0x00007FF6C05C865F+4044735]
	GetHandleVerifier [0x00007FF6C0299736+706710]
	(No symbol) [0x00007FF6C017B8DF]
	(No symbol) [0x00007FF6C0176AC4]
	(No symbol) [0x00007FF6C0176C1C]
	(No symbol) [0x00007FF6C01668D4]
	BaseThreadInitThunk [0x00007FF9494C257D+29]
	RtlUserThreadStart [0x00007FF94AC4AA58+40]

2024-04-03 19:49:06,483 [ERROR] automation Element located by i0116 is not present. Message: no such element: Unable to locate element: {"method":"css selector","selector":"[id="i0116"]"}
  (Session info: chrome=122.0.6261.131); For documentation on this error, please visit: https://www.selenium.dev/documentation/webdriver/troubleshooting/errors#no-such-element-exception
Stacktrace:
	GetHandleVerifier [0x00007FF6C01FAD02+56930]
	(No symbol) [0x00007FF6C016F602]
	(No symbol) [0x00007FF6C00242E5]
	(No symbol) [0x00007FF6C00698ED]
	(No symbol) [0x00007FF6C0069A2C]
	(No symbol) [0x00007FF6C00AA967]
	(No symbol) [0x00007FF6C008BCDF]
	(No symbol) [0x00007FF6C00A81E2]
	(No symbol) [0x00007FF6C008BA43]
	(No symbol) [0x00007FF6C005D438]
	(No symbol) [0x00007FF6C005E4D1]
	GetHandleVerifier [0x00007FF6C0576F8D+3711213]
	GetHandleVerifier [0x00007FF6C05D04CD+4077101]
	GetHandleVerifier [0x00007FF6C05C865F+4044735]
	GetHandleVerifier [0x00007FF6C0299736+706710]
	(No symbol) [0x00007FF6C017B8DF]
	(No symbol) [0x00007FF6C0176AC4]
	(No symbol) [0x00007FF6C0176C1C]
	(No symbol) [0x00007FF6C01668D4]
	BaseThreadInitThunk [0x00007FF9494C257D+29]
	RtlUserThreadStart [0x00007FF94AC4AA58+40]

2024-04-03 19:49:06,547 [ERROR] automation Element located by i0116 is not present. Message: no such element: Unable to locate element: {"method":"css selector","selector":"[id="i0116"]"}
  (Session info: chrome=122.0.6261.131); For documentation on this error, please visit: https://www.selenium.dev/documentation/webdriver/troubleshooting/errors#no-such-element-exception
Stacktrace:
	GetHandleVerifier [0x00007FF6C01FAD02+56930]
	(No symbol) [0x00007FF6C016F602]
	(No symbol) [0x00007FF6C00242E5]
	(No symbol) [0x00007FF6C00698ED]
	(No symbol) [0x00007FF6C0069A2C]
	(No symbol) [0x00007FF6C00AA967]
	(No symbol) [0x00007FF6C008BCDF]
	(No symbol) [0x00007FF6C00A81E2]
	(No symbol) [0x00007FF6C008BA43]
	(No symbol) [0x00007FF6C005D438]
	(No symbol) [0x00007FF6C005E4D1]
	GetHandleVerifier [0x00007FF6C0576F8D+3711213]
	GetHandleVerifier [0x00007FF6C05D04CD+4077101]
	GetHandleVerifier [0x00007FF6C05C865F+4044735]
	GetHandleVerifier [0x00007FF6C0299736+706710]
	(No symbol) [0x00007FF6C017B8DF]
	(No symbol) [0x00007FF6C0176AC4]
	(No symbol) [0x00007FF6C0176C1C]
	(No symbol) [0x00007FF6C01668D4]
	BaseThreadInitThunk [0x00007FF9494C257D+29]
	RtlUserThreadStart [0x00007FF94AC4AA58+40]

2024-04-03 19:49:06,614 [ERROR] automation Element located by i0116 is not present. Message: no such element: Unable to locate element: {"method":"css selector","selector":"[id="i0116"]"}
  (Session info: chrome=122.0.6261.131); For documentation on this error, please visit: https://www.selenium.dev/documentation/webdriver/troubleshooting/errors#no-such-element-exception
Stacktrace:
	GetHandleVerifier [0x00007FF6C01FAD02+56930]
	(No symbol) [0x00007FF6C016F602]
	(No symbol) [0x00007FF6C00242E5]
	(No symbol) [0x00007FF6C00698ED]
	(No symbol) [0x00007FF6C0069A2C]
	(No symbol) [0x00007FF6C00AA967]
	(No symbol) [0x00007FF6C008BCDF]
	(No symbol) [0x00007FF6C00A81E2]
	(No symbol) [0x00007FF6C008BA43]
	(No symbol) [0x00007FF6C005D438]
	(No symbol) [0x00007FF6C005E4D1]
	GetHandleVerifier [0x00007FF6C0576F8D+3711213]
	GetHandleVerifier [0x00007FF6C05D04CD+4077101]
	GetHandleVerifier [0x00007FF6C05C865F+4044735]
	GetHandleVerifier [0x00007FF6C0299736+706710]
	(No symbol) [0x00007FF6C017B8DF]
	(No symbol) [0x00007FF6C0176AC4]
	(No symbol) [0x00007FF6C0176C1C]
	(No symbol) [0x00007FF6C01668D4]
	BaseThreadInitThunk [0x00007FF9494C257D+29]
	RtlUserThreadStart [0x00007FF94AC4AA58+40]

2024-04-03 19:49:07,304 [ERROR] automation Element located by i0116 is not present. Message: no such element: Unable to locate element: {"method":"css selector","selector":"[id="i0116"]"}
  (Session info: chrome=122.0.6261.131); For documentation on this error, please visit: https://www.selenium.dev/documentation/webdriver/troubleshooting/errors#no-such-element-exception
Stacktrace:
	GetHandleVerifier [0x00007FF6C01FAD02+56930]
	(No symbol) [0x00007FF6C016F602]
	(No symbol) [0x00007FF6C00242E5]
	(No symbol) [0x00007FF6C00698ED]
	(No symbol) [0x00007FF6C0069A2C]
	(No symbol) [0x00007FF6C00AA967]
	(No symbol) [0x00007FF6C008BCDF]
	(No symbol) [0x00007FF6C00A81E2]
	(No symbol) [0x00007FF6C008BA43]
	(No symbol) [0x00007FF6C005D438]
	(No symbol) [0x00007FF6C005E4D1]
	GetHandleVerifier [0x00007FF6C0576F8D+3711213]
	GetHandleVerifier [0x00007FF6C05D04CD+4077101]
	GetHandleVerifier [0x00007FF6C05C865F+4044735]
	GetHandleVerifier [0x00007FF6C0299736+706710]
	(No symbol) [0x00007FF6C017B8DF]
	(No symbol) [0x00007FF6C0176AC4]
	(No symbol) [0x00007FF6C0176C1C]
	(No symbol) [0x00007FF6C01668D4]
	BaseThreadInitThunk [0x00007FF9494C257D+29]
	RtlUserThreadStart [0x00007FF94AC4AA58+40]

2024-04-03 19:49:07,371 [ERROR] automation Element located by i0116 is not present. Message: no such element: Unable to locate element: {"method":"css selector","selector":"[id="i0116"]"}
  (Session info: chrome=122.0.6261.131); For documentation on this error, please visit: https://www.selenium.dev/documentation/webdriver/troubleshooting/errors#no-such-element-exception
Stacktrace:
	GetHandleVerifier [0x00007FF6C01FAD02+56930]
	(No symbol) [0x00007FF6C016F602]
	(No symbol) [0x00007FF6C00242E5]
	(No symbol) [0x00007FF6C00698ED]
	(No symbol) [0x00007FF6C0069A2C]
	(No symbol) [0x00007FF6C00AA967]
	(No symbol) [0x00007FF6C008BCDF]
	(No symbol) [0x00007FF6C00A81E2]
	(No symbol) [0x00007FF6C008BA43]
	(No symbol) [0x00007FF6C005D438]
	(No symbol) [0x00007FF6C005E4D1]
	GetHandleVerifier [0x00007FF6C0576F8D+3711213]
	GetHandleVerifier [0x00007FF6C05D04CD+4077101]
	GetHandleVerifier [0x00007FF6C05C865F+4044735]
	GetHandleVerifier [0x00007FF6C0299736+706710]
	(No symbol) [0x00007FF6C017B8DF]
	(No symbol) [0x00007FF6C0176AC4]
	(No symbol) [0x00007FF6C0176C1C]
	(No symbol) [0x00007FF6C01668D4]
	BaseThreadInitThunk [0x00007FF9494C257D+29]
	RtlUserThreadStart [0x00007FF94AC4AA58+40]

2024-04-03 19:49:07,437 [ERROR] automation Element located by i0116 is not present. Message: no such element: Unable to locate element: {"method":"css selector","selector":"[id="i0116"]"}
  (Session info: chrome=122.0.6261.131); For documentation on this error, please visit: https://www.selenium.dev/documentation/webdriver/troubleshooting/errors#no-such-element-exception
Stacktrace:
	GetHandleVerifier [0x00007FF6C01FAD02+56930]
	(No symbol) [0x00007FF6C016F602]
	(No symbol) [0x00007FF6C00242E5]
	(No symbol) [0x00007FF6C00698ED]
	(No symbol) [0x00007FF6C0069A2C]
	(No symbol) [0x00007FF6C00AA967]
	(No symbol) [0x00007FF6C008BCDF]
	(No symbol) [0x00007FF6C00A81E2]
	(No symbol) [0x00007FF6C008BA43]
	(No symbol) [0x00007FF6C005D438]
	(No symbol) [0x00007FF6C005E4D1]
	GetHandleVerifier [0x00007FF6C0576F8D+3711213]
	GetHandleVerifier [0x00007FF6C05D04CD+4077101]
	GetHandleVerifier [0x00007FF6C05C865F+4044735]
	GetHandleVerifier [0x00007FF6C0299736+706710]
	(No symbol) [0x00007FF6C017B8DF]
	(No symbol) [0x00007FF6C0176AC4]
	(No symbol) [0x00007FF6C0176C1C]
	(No symbol) [0x00007FF6C01668D4]
	BaseThreadInitThunk [0x00007FF9494C257D+29]
	RtlUserThreadStart [0x00007FF94AC4AA58+40]

2024-04-03 19:49:07,530 [ERROR] automation Element located by i0116 is not present. Message: no such element: Unable to locate element: {"method":"css selector","selector":"[id="i0116"]"}
  (Session info: chrome=122.0.6261.131); For documentation on this error, please visit: https://www.selenium.dev/documentation/webdriver/troubleshooting/errors#no-such-element-exception
Stacktrace:
	GetHandleVerifier [0x00007FF6C01FAD02+56930]
	(No symbol) [0x00007FF6C016F602]
	(No symbol) [0x00007FF6C00242E5]
	(No symbol) [0x00007FF6C00698ED]
	(No symbol) [0x00007FF6C0069A2C]
	(No symbol) [0x00007FF6C00AA967]
	(No symbol) [0x00007FF6C008BCDF]
	(No symbol) [0x00007FF6C00A81E2]
	(No symbol) [0x00007FF6C008BA43]
	(No symbol) [0x00007FF6C005D438]
	(No symbol) [0x00007FF6C005E4D1]
	GetHandleVerifier [0x00007FF6C0576F8D+3711213]
	GetHandleVerifier [0x00007FF6C05D04CD+4077101]
	GetHandleVerifier [0x00007FF6C05C865F+4044735]
	GetHandleVerifier [0x00007FF6C0299736+706710]
	(No symbol) [0x00007FF6C017B8DF]
	(No symbol) [0x00007FF6C0176AC4]
	(No symbol) [0x00007FF6C0176C1C]
	(No symbol) [0x00007FF6C01668D4]
	BaseThreadInitThunk [0x00007FF9494C257D+29]
	RtlUserThreadStart [0x00007FF94AC4AA58+40]

2024-04-03 19:49:07,675 [INFO] automation Element located by i0116 is present.
2024-04-03 19:49:14,956 [INFO] automation Element located by //div[@class='logo'] is present.
2024-04-03 19:49:19,078 [INFO] automation Element located by //div[@class='tableFixHead']/table/tbody/tr[contains(@class,'even_col')][1] is present.
2024-04-03 19:49:21,618 [INFO] automation Element located by //input[@formcontrolname='title'] is present.
2024-04-03 19:49:21,628 [INFO] automation Element located by //input[@formcontrolname='title'] is present.
2024-04-03 19:49:23,874 [ERROR] automation Element located by //div[@role='alert' and contains(text(),'success') or contains(text(),'Success')] is not present. Message: no such element: Unable to locate element: {"method":"xpath","selector":"//div[@role='alert' and contains(text(),'success') or contains(text(),'Success')]"}
  (Session info: chrome=122.0.6261.131); For documentation on this error, please visit: https://www.selenium.dev/documentation/webdriver/troubleshooting/errors#no-such-element-exception
Stacktrace:
	GetHandleVerifier [0x00007FF6C01FAD02+56930]
	(No symbol) [0x00007FF6C016F602]
	(No symbol) [0x00007FF6C00242E5]
	(No symbol) [0x00007FF6C00698ED]
	(No symbol) [0x00007FF6C0069A2C]
	(No symbol) [0x00007FF6C00AA967]
	(No symbol) [0x00007FF6C008BCDF]
	(No symbol) [0x00007FF6C00A81E2]
	(No symbol) [0x00007FF6C008BA43]
	(No symbol) [0x00007FF6C005D438]
	(No symbol) [0x00007FF6C005E4D1]
	GetHandleVerifier [0x00007FF6C0576F8D+3711213]
	GetHandleVerifier [0x00007FF6C05D04CD+4077101]
	GetHandleVerifier [0x00007FF6C05C865F+4044735]
	GetHandleVerifier [0x00007FF6C0299736+706710]
	(No symbol) [0x00007FF6C017B8DF]
	(No symbol) [0x00007FF6C0176AC4]
	(No symbol) [0x00007FF6C0176C1C]
	(No symbol) [0x00007FF6C01668D4]
	BaseThreadInitThunk [0x00007FF9494C257D+29]
	RtlUserThreadStart [0x00007FF94AC4AA58+40]

2024-04-03 19:49:23,936 [INFO] automation Element located by //div[@role='alert' and contains(text(),'success') or contains(text(),'Success')] is present.
2024-04-03 19:49:23,936 [INFO] automation Test passed.
2024-04-03 19:49:23,956 [INFO] automation Test has started.
2024-04-03 19:49:23,957 [INFO] automation Navigating to the https://chorusqa.cogninelabs.com/
2024-04-03 19:49:30,222 [ERROR] automation Element located by i0116 is not present. Message: no such element: Unable to locate element: {"method":"css selector","selector":"[id="i0116"]"}
  (Session info: chrome=122.0.6261.131); For documentation on this error, please visit: https://www.selenium.dev/documentation/webdriver/troubleshooting/errors#no-such-element-exception
Stacktrace:
	GetHandleVerifier [0x00007FF6C01FAD02+56930]
	(No symbol) [0x00007FF6C016F602]
	(No symbol) [0x00007FF6C00242E5]
	(No symbol) [0x00007FF6C00698ED]
	(No symbol) [0x00007FF6C0069A2C]
	(No symbol) [0x00007FF6C00AA967]
	(No symbol) [0x00007FF6C008BCDF]
	(No symbol) [0x00007FF6C00A81E2]
	(No symbol) [0x00007FF6C008BA43]
	(No symbol) [0x00007FF6C005D438]
	(No symbol) [0x00007FF6C005E4D1]
	GetHandleVerifier [0x00007FF6C0576F8D+3711213]
	GetHandleVerifier [0x00007FF6C05D04CD+4077101]
	GetHandleVerifier [0x00007FF6C05C865F+4044735]
	GetHandleVerifier [0x00007FF6C0299736+706710]
	(No symbol) [0x00007FF6C017B8DF]
	(No symbol) [0x00007FF6C0176AC4]
	(No symbol) [0x00007FF6C0176C1C]
	(No symbol) [0x00007FF6C01668D4]
	BaseThreadInitThunk [0x00007FF9494C257D+29]
	RtlUserThreadStart [0x00007FF94AC4AA58+40]

2024-04-03 19:49:30,285 [ERROR] automation Element located by i0116 is not present. Message: no such element: Unable to locate element: {"method":"css selector","selector":"[id="i0116"]"}
  (Session info: chrome=122.0.6261.131); For documentation on this error, please visit: https://www.selenium.dev/documentation/webdriver/troubleshooting/errors#no-such-element-exception
Stacktrace:
	GetHandleVerifier [0x00007FF6C01FAD02+56930]
	(No symbol) [0x00007FF6C016F602]
	(No symbol) [0x00007FF6C00242E5]
	(No symbol) [0x00007FF6C00698ED]
	(No symbol) [0x00007FF6C0069A2C]
	(No symbol) [0x00007FF6C00AA967]
	(No symbol) [0x00007FF6C008BCDF]
	(No symbol) [0x00007FF6C00A81E2]
	(No symbol) [0x00007FF6C008BA43]
	(No symbol) [0x00007FF6C005D438]
	(No symbol) [0x00007FF6C005E4D1]
	GetHandleVerifier [0x00007FF6C0576F8D+3711213]
	GetHandleVerifier [0x00007FF6C05D04CD+4077101]
	GetHandleVerifier [0x00007FF6C05C865F+4044735]
	GetHandleVerifier [0x00007FF6C0299736+706710]
	(No symbol) [0x00007FF6C017B8DF]
	(No symbol) [0x00007FF6C0176AC4]
	(No symbol) [0x00007FF6C0176C1C]
	(No symbol) [0x00007FF6C01668D4]
	BaseThreadInitThunk [0x00007FF9494C257D+29]
	RtlUserThreadStart [0x00007FF94AC4AA58+40]

2024-04-03 19:49:30,350 [ERROR] automation Element located by i0116 is not present. Message: no such element: Unable to locate element: {"method":"css selector","selector":"[id="i0116"]"}
  (Session info: chrome=122.0.6261.131); For documentation on this error, please visit: https://www.selenium.dev/documentation/webdriver/troubleshooting/errors#no-such-element-exception
Stacktrace:
	GetHandleVerifier [0x00007FF6C01FAD02+56930]
	(No symbol) [0x00007FF6C016F602]
	(No symbol) [0x00007FF6C00242E5]
	(No symbol) [0x00007FF6C00698ED]
	(No symbol) [0x00007FF6C0069A2C]
	(No symbol) [0x00007FF6C00AA967]
	(No symbol) [0x00007FF6C008BCDF]
	(No symbol) [0x00007FF6C00A81E2]
	(No symbol) [0x00007FF6C008BA43]
	(No symbol) [0x00007FF6C005D438]
	(No symbol) [0x00007FF6C005E4D1]
	GetHandleVerifier [0x00007FF6C0576F8D+3711213]
	GetHandleVerifier [0x00007FF6C05D04CD+4077101]
	GetHandleVerifier [0x00007FF6C05C865F+4044735]
	GetHandleVerifier [0x00007FF6C0299736+706710]
	(No symbol) [0x00007FF6C017B8DF]
	(No symbol) [0x00007FF6C0176AC4]
	(No symbol) [0x00007FF6C0176C1C]
	(No symbol) [0x00007FF6C01668D4]
	BaseThreadInitThunk [0x00007FF9494C257D+29]
	RtlUserThreadStart [0x00007FF94AC4AA58+40]

2024-04-03 19:49:30,414 [ERROR] automation Element located by i0116 is not present. Message: no such element: Unable to locate element: {"method":"css selector","selector":"[id="i0116"]"}
  (Session info: chrome=122.0.6261.131); For documentation on this error, please visit: https://www.selenium.dev/documentation/webdriver/troubleshooting/errors#no-such-element-exception
Stacktrace:
	GetHandleVerifier [0x00007FF6C01FAD02+56930]
	(No symbol) [0x00007FF6C016F602]
	(No symbol) [0x00007FF6C00242E5]
	(No symbol) [0x00007FF6C00698ED]
	(No symbol) [0x00007FF6C0069A2C]
	(No symbol) [0x00007FF6C00AA967]
	(No symbol) [0x00007FF6C008BCDF]
	(No symbol) [0x00007FF6C00A81E2]
	(No symbol) [0x00007FF6C008BA43]
	(No symbol) [0x00007FF6C005D438]
	(No symbol) [0x00007FF6C005E4D1]
	GetHandleVerifier [0x00007FF6C0576F8D+3711213]
	GetHandleVerifier [0x00007FF6C05D04CD+4077101]
	GetHandleVerifier [0x00007FF6C05C865F+4044735]
	GetHandleVerifier [0x00007FF6C0299736+706710]
	(No symbol) [0x00007FF6C017B8DF]
	(No symbol) [0x00007FF6C0176AC4]
	(No symbol) [0x00007FF6C0176C1C]
	(No symbol) [0x00007FF6C01668D4]
	BaseThreadInitThunk [0x00007FF9494C257D+29]
	RtlUserThreadStart [0x00007FF94AC4AA58+40]

2024-04-03 19:49:30,479 [ERROR] automation Element located by i0116 is not present. Message: no such element: Unable to locate element: {"method":"css selector","selector":"[id="i0116"]"}
  (Session info: chrome=122.0.6261.131); For documentation on this error, please visit: https://www.selenium.dev/documentation/webdriver/troubleshooting/errors#no-such-element-exception
Stacktrace:
	GetHandleVerifier [0x00007FF6C01FAD02+56930]
	(No symbol) [0x00007FF6C016F602]
	(No symbol) [0x00007FF6C00242E5]
	(No symbol) [0x00007FF6C00698ED]
	(No symbol) [0x00007FF6C0069A2C]
	(No symbol) [0x00007FF6C00AA967]
	(No symbol) [0x00007FF6C008BCDF]
	(No symbol) [0x00007FF6C00A81E2]
	(No symbol) [0x00007FF6C008BA43]
	(No symbol) [0x00007FF6C005D438]
	(No symbol) [0x00007FF6C005E4D1]
	GetHandleVerifier [0x00007FF6C0576F8D+3711213]
	GetHandleVerifier [0x00007FF6C05D04CD+4077101]
	GetHandleVerifier [0x00007FF6C05C865F+4044735]
	GetHandleVerifier [0x00007FF6C0299736+706710]
	(No symbol) [0x00007FF6C017B8DF]
	(No symbol) [0x00007FF6C0176AC4]
	(No symbol) [0x00007FF6C0176C1C]
	(No symbol) [0x00007FF6C01668D4]
	BaseThreadInitThunk [0x00007FF9494C257D+29]
	RtlUserThreadStart [0x00007FF94AC4AA58+40]

2024-04-03 19:49:30,544 [ERROR] automation Element located by i0116 is not present. Message: no such element: Unable to locate element: {"method":"css selector","selector":"[id="i0116"]"}
  (Session info: chrome=122.0.6261.131); For documentation on this error, please visit: https://www.selenium.dev/documentation/webdriver/troubleshooting/errors#no-such-element-exception
Stacktrace:
	GetHandleVerifier [0x00007FF6C01FAD02+56930]
	(No symbol) [0x00007FF6C016F602]
	(No symbol) [0x00007FF6C00242E5]
	(No symbol) [0x00007FF6C00698ED]
	(No symbol) [0x00007FF6C0069A2C]
	(No symbol) [0x00007FF6C00AA967]
	(No symbol) [0x00007FF6C008BCDF]
	(No symbol) [0x00007FF6C00A81E2]
	(No symbol) [0x00007FF6C008BA43]
	(No symbol) [0x00007FF6C005D438]
	(No symbol) [0x00007FF6C005E4D1]
	GetHandleVerifier [0x00007FF6C0576F8D+3711213]
	GetHandleVerifier [0x00007FF6C05D04CD+4077101]
	GetHandleVerifier [0x00007FF6C05C865F+4044735]
	GetHandleVerifier [0x00007FF6C0299736+706710]
	(No symbol) [0x00007FF6C017B8DF]
	(No symbol) [0x00007FF6C0176AC4]
	(No symbol) [0x00007FF6C0176C1C]
	(No symbol) [0x00007FF6C01668D4]
	BaseThreadInitThunk [0x00007FF9494C257D+29]
	RtlUserThreadStart [0x00007FF94AC4AA58+40]

2024-04-03 19:49:30,609 [ERROR] automation Element located by i0116 is not present. Message: no such element: Unable to locate element: {"method":"css selector","selector":"[id="i0116"]"}
  (Session info: chrome=122.0.6261.131); For documentation on this error, please visit: https://www.selenium.dev/documentation/webdriver/troubleshooting/errors#no-such-element-exception
Stacktrace:
	GetHandleVerifier [0x00007FF6C01FAD02+56930]
	(No symbol) [0x00007FF6C016F602]
	(No symbol) [0x00007FF6C00242E5]
	(No symbol) [0x00007FF6C00698ED]
	(No symbol) [0x00007FF6C0069A2C]
	(No symbol) [0x00007FF6C00AA967]
	(No symbol) [0x00007FF6C008BCDF]
	(No symbol) [0x00007FF6C00A81E2]
	(No symbol) [0x00007FF6C008BA43]
	(No symbol) [0x00007FF6C005D438]
	(No symbol) [0x00007FF6C005E4D1]
	GetHandleVerifier [0x00007FF6C0576F8D+3711213]
	GetHandleVerifier [0x00007FF6C05D04CD+4077101]
	GetHandleVerifier [0x00007FF6C05C865F+4044735]
	GetHandleVerifier [0x00007FF6C0299736+706710]
	(No symbol) [0x00007FF6C017B8DF]
	(No symbol) [0x00007FF6C0176AC4]
	(No symbol) [0x00007FF6C0176C1C]
	(No symbol) [0x00007FF6C01668D4]
	BaseThreadInitThunk [0x00007FF9494C257D+29]
	RtlUserThreadStart [0x00007FF94AC4AA58+40]

2024-04-03 19:49:31,554 [ERROR] automation Element located by i0116 is not present. Message: no such element: Unable to locate element: {"method":"css selector","selector":"[id="i0116"]"}
  (Session info: chrome=122.0.6261.131); For documentation on this error, please visit: https://www.selenium.dev/documentation/webdriver/troubleshooting/errors#no-such-element-exception
Stacktrace:
	GetHandleVerifier [0x00007FF6C01FAD02+56930]
	(No symbol) [0x00007FF6C016F602]
	(No symbol) [0x00007FF6C00242E5]
	(No symbol) [0x00007FF6C00698ED]
	(No symbol) [0x00007FF6C0069A2C]
	(No symbol) [0x00007FF6C00AA967]
	(No symbol) [0x00007FF6C008BCDF]
	(No symbol) [0x00007FF6C00A81E2]
	(No symbol) [0x00007FF6C008BA43]
	(No symbol) [0x00007FF6C005D438]
	(No symbol) [0x00007FF6C005E4D1]
	GetHandleVerifier [0x00007FF6C0576F8D+3711213]
	GetHandleVerifier [0x00007FF6C05D04CD+4077101]
	GetHandleVerifier [0x00007FF6C05C865F+4044735]
	GetHandleVerifier [0x00007FF6C0299736+706710]
	(No symbol) [0x00007FF6C017B8DF]
	(No symbol) [0x00007FF6C0176AC4]
	(No symbol) [0x00007FF6C0176C1C]
	(No symbol) [0x00007FF6C01668D4]
	BaseThreadInitThunk [0x00007FF9494C257D+29]
	RtlUserThreadStart [0x00007FF94AC4AA58+40]

2024-04-03 19:49:31,613 [ERROR] automation Element located by i0116 is not present. Message: no such element: Unable to locate element: {"method":"css selector","selector":"[id="i0116"]"}
  (Session info: chrome=122.0.6261.131); For documentation on this error, please visit: https://www.selenium.dev/documentation/webdriver/troubleshooting/errors#no-such-element-exception
Stacktrace:
	GetHandleVerifier [0x00007FF6C01FAD02+56930]
	(No symbol) [0x00007FF6C016F602]
	(No symbol) [0x00007FF6C00242E5]
	(No symbol) [0x00007FF6C00698ED]
	(No symbol) [0x00007FF6C0069A2C]
	(No symbol) [0x00007FF6C00AA967]
	(No symbol) [0x00007FF6C008BCDF]
	(No symbol) [0x00007FF6C00A81E2]
	(No symbol) [0x00007FF6C008BA43]
	(No symbol) [0x00007FF6C005D438]
	(No symbol) [0x00007FF6C005E4D1]
	GetHandleVerifier [0x00007FF6C0576F8D+3711213]
	GetHandleVerifier [0x00007FF6C05D04CD+4077101]
	GetHandleVerifier [0x00007FF6C05C865F+4044735]
	GetHandleVerifier [0x00007FF6C0299736+706710]
	(No symbol) [0x00007FF6C017B8DF]
	(No symbol) [0x00007FF6C0176AC4]
	(No symbol) [0x00007FF6C0176C1C]
	(No symbol) [0x00007FF6C01668D4]
	BaseThreadInitThunk [0x00007FF9494C257D+29]
	RtlUserThreadStart [0x00007FF94AC4AA58+40]

2024-04-03 19:49:31,834 [INFO] automation Element located by i0116 is present.
2024-04-03 19:49:38,983 [INFO] automation Element located by //div[@class='logo'] is present.
2024-04-03 19:49:43,087 [INFO] automation Element located by //div[@class='tableFixHead']/table/tbody/tr[contains(@class,'even_col')][1] is present.
2024-04-03 19:49:45,566 [INFO] automation Element located by //input[@formcontrolname='title'] is present.
2024-04-03 19:49:45,585 [INFO] automation Element located by //input[@formcontrolname='title'] is present.
2024-04-03 19:49:46,244 [INFO] automation CPU Percent: 0.0	Virtual Memory: svmem(total=12635017216, available=1381806080, percent=89.1, used=11253211136, free=1381806080)
2024-04-03 19:49:46,354 [INFO] automation screenshot logged as: C:\Users\Thanusha Kotaprolu\Automation Projects\cognine-crm-automation\RunExecutionScripts\common\logs\screenshots\test_crm_emaildraft_page_smoke_test__fail0319494628cd.png
2024-04-03 19:49:46,354 [ERROR] automation Test failed.
