2024-04-03 18:34:46,144 [INFO] automation Test has started.
2024-04-03 18:34:46,144 [INFO] automation Navigating to the https://chorusqa.cogninelabs.com/
2024-04-03 18:34:50,686 [ERROR] automation Element located by i0116 is not present. Message: no such element: Unable to locate element: {"method":"css selector","selector":"[id="i0116"]"}
  (Session info: chrome=122.0.6261.131); For documentation on this error, please visit: https://www.selenium.dev/documentation/webdriver/troubleshooting/errors#no-such-element-exception
Stacktrace:
	GetHandleVerifier [0x00007FF6C01FAD02+56930]
	(No symbol) [0x00007FF6C016F602]
	(No symbol) [0x00007FF6C00242E5]
	(No symbol) [0x00007FF6C00698ED]
	(No symbol) [0x00007FF6C0069A2C]
	(No symbol) [0x00007FF6C00AA967]
	(No symbol) [0x00007FF6C008BCDF]
	(No symbol) [0x00007FF6C00A81E2]
	(No symbol) [0x00007FF6C008BA43]
	(No symbol) [0x00007FF6C005D438]
	(No symbol) [0x00007FF6C005E4D1]
	GetHandleVerifier [0x00007FF6C0576F8D+3711213]
	GetHandleVerifier [0x00007FF6C05D04CD+4077101]
	GetHandleVerifier [0x00007FF6C05C865F+4044735]
	GetHandleVerifier [0x00007FF6C0299736+706710]
	(No symbol) [0x00007FF6C017B8DF]
	(No symbol) [0x00007FF6C0176AC4]
	(No symbol) [0x00007FF6C0176C1C]
	(No symbol) [0x00007FF6C01668D4]
	BaseThreadInitThunk [0x00007FF9494C257D+29]
	RtlUserThreadStart [0x00007FF94AC4AA58+40]

2024-04-03 18:34:50,752 [ERROR] automation Element located by i0116 is not present. Message: no such element: Unable to locate element: {"method":"css selector","selector":"[id="i0116"]"}
  (Session info: chrome=122.0.6261.131); For documentation on this error, please visit: https://www.selenium.dev/documentation/webdriver/troubleshooting/errors#no-such-element-exception
Stacktrace:
	GetHandleVerifier [0x00007FF6C01FAD02+56930]
	(No symbol) [0x00007FF6C016F602]
	(No symbol) [0x00007FF6C00242E5]
	(No symbol) [0x00007FF6C00698ED]
	(No symbol) [0x00007FF6C0069A2C]
	(No symbol) [0x00007FF6C00AA967]
	(No symbol) [0x00007FF6C008BCDF]
	(No symbol) [0x00007FF6C00A81E2]
	(No symbol) [0x00007FF6C008BA43]
	(No symbol) [0x00007FF6C005D438]
	(No symbol) [0x00007FF6C005E4D1]
	GetHandleVerifier [0x00007FF6C0576F8D+3711213]
	GetHandleVerifier [0x00007FF6C05D04CD+4077101]
	GetHandleVerifier [0x00007FF6C05C865F+4044735]
	GetHandleVerifier [0x00007FF6C0299736+706710]
	(No symbol) [0x00007FF6C017B8DF]
	(No symbol) [0x00007FF6C0176AC4]
	(No symbol) [0x00007FF6C0176C1C]
	(No symbol) [0x00007FF6C01668D4]
	BaseThreadInitThunk [0x00007FF9494C257D+29]
	RtlUserThreadStart [0x00007FF94AC4AA58+40]

2024-04-03 18:34:50,818 [ERROR] automation Element located by i0116 is not present. Message: no such element: Unable to locate element: {"method":"css selector","selector":"[id="i0116"]"}
  (Session info: chrome=122.0.6261.131); For documentation on this error, please visit: https://www.selenium.dev/documentation/webdriver/troubleshooting/errors#no-such-element-exception
Stacktrace:
	GetHandleVerifier [0x00007FF6C01FAD02+56930]
	(No symbol) [0x00007FF6C016F602]
	(No symbol) [0x00007FF6C00242E5]
	(No symbol) [0x00007FF6C00698ED]
	(No symbol) [0x00007FF6C0069A2C]
	(No symbol) [0x00007FF6C00AA967]
	(No symbol) [0x00007FF6C008BCDF]
	(No symbol) [0x00007FF6C00A81E2]
	(No symbol) [0x00007FF6C008BA43]
	(No symbol) [0x00007FF6C005D438]
	(No symbol) [0x00007FF6C005E4D1]
	GetHandleVerifier [0x00007FF6C0576F8D+3711213]
	GetHandleVerifier [0x00007FF6C05D04CD+4077101]
	GetHandleVerifier [0x00007FF6C05C865F+4044735]
	GetHandleVerifier [0x00007FF6C0299736+706710]
	(No symbol) [0x00007FF6C017B8DF]
	(No symbol) [0x00007FF6C0176AC4]
	(No symbol) [0x00007FF6C0176C1C]
	(No symbol) [0x00007FF6C01668D4]
	BaseThreadInitThunk [0x00007FF9494C257D+29]
	RtlUserThreadStart [0x00007FF94AC4AA58+40]

2024-04-03 18:34:50,883 [ERROR] automation Element located by i0116 is not present. Message: no such element: Unable to locate element: {"method":"css selector","selector":"[id="i0116"]"}
  (Session info: chrome=122.0.6261.131); For documentation on this error, please visit: https://www.selenium.dev/documentation/webdriver/troubleshooting/errors#no-such-element-exception
Stacktrace:
	GetHandleVerifier [0x00007FF6C01FAD02+56930]
	(No symbol) [0x00007FF6C016F602]
	(No symbol) [0x00007FF6C00242E5]
	(No symbol) [0x00007FF6C00698ED]
	(No symbol) [0x00007FF6C0069A2C]
	(No symbol) [0x00007FF6C00AA967]
	(No symbol) [0x00007FF6C008BCDF]
	(No symbol) [0x00007FF6C00A81E2]
	(No symbol) [0x00007FF6C008BA43]
	(No symbol) [0x00007FF6C005D438]
	(No symbol) [0x00007FF6C005E4D1]
	GetHandleVerifier [0x00007FF6C0576F8D+3711213]
	GetHandleVerifier [0x00007FF6C05D04CD+4077101]
	GetHandleVerifier [0x00007FF6C05C865F+4044735]
	GetHandleVerifier [0x00007FF6C0299736+706710]
	(No symbol) [0x00007FF6C017B8DF]
	(No symbol) [0x00007FF6C0176AC4]
	(No symbol) [0x00007FF6C0176C1C]
	(No symbol) [0x00007FF6C01668D4]
	BaseThreadInitThunk [0x00007FF9494C257D+29]
	RtlUserThreadStart [0x00007FF94AC4AA58+40]

2024-04-03 18:34:50,949 [ERROR] automation Element located by i0116 is not present. Message: no such element: Unable to locate element: {"method":"css selector","selector":"[id="i0116"]"}
  (Session info: chrome=122.0.6261.131); For documentation on this error, please visit: https://www.selenium.dev/documentation/webdriver/troubleshooting/errors#no-such-element-exception
Stacktrace:
	GetHandleVerifier [0x00007FF6C01FAD02+56930]
	(No symbol) [0x00007FF6C016F602]
	(No symbol) [0x00007FF6C00242E5]
	(No symbol) [0x00007FF6C00698ED]
	(No symbol) [0x00007FF6C0069A2C]
	(No symbol) [0x00007FF6C00AA967]
	(No symbol) [0x00007FF6C008BCDF]
	(No symbol) [0x00007FF6C00A81E2]
	(No symbol) [0x00007FF6C008BA43]
	(No symbol) [0x00007FF6C005D438]
	(No symbol) [0x00007FF6C005E4D1]
	GetHandleVerifier [0x00007FF6C0576F8D+3711213]
	GetHandleVerifier [0x00007FF6C05D04CD+4077101]
	GetHandleVerifier [0x00007FF6C05C865F+4044735]
	GetHandleVerifier [0x00007FF6C0299736+706710]
	(No symbol) [0x00007FF6C017B8DF]
	(No symbol) [0x00007FF6C0176AC4]
	(No symbol) [0x00007FF6C0176C1C]
	(No symbol) [0x00007FF6C01668D4]
	BaseThreadInitThunk [0x00007FF9494C257D+29]
	RtlUserThreadStart [0x00007FF94AC4AA58+40]

2024-04-03 18:34:51,015 [ERROR] automation Element located by i0116 is not present. Message: no such element: Unable to locate element: {"method":"css selector","selector":"[id="i0116"]"}
  (Session info: chrome=122.0.6261.131); For documentation on this error, please visit: https://www.selenium.dev/documentation/webdriver/troubleshooting/errors#no-such-element-exception
Stacktrace:
	GetHandleVerifier [0x00007FF6C01FAD02+56930]
	(No symbol) [0x00007FF6C016F602]
	(No symbol) [0x00007FF6C00242E5]
	(No symbol) [0x00007FF6C00698ED]
	(No symbol) [0x00007FF6C0069A2C]
	(No symbol) [0x00007FF6C00AA967]
	(No symbol) [0x00007FF6C008BCDF]
	(No symbol) [0x00007FF6C00A81E2]
	(No symbol) [0x00007FF6C008BA43]
	(No symbol) [0x00007FF6C005D438]
	(No symbol) [0x00007FF6C005E4D1]
	GetHandleVerifier [0x00007FF6C0576F8D+3711213]
	GetHandleVerifier [0x00007FF6C05D04CD+4077101]
	GetHandleVerifier [0x00007FF6C05C865F+4044735]
	GetHandleVerifier [0x00007FF6C0299736+706710]
	(No symbol) [0x00007FF6C017B8DF]
	(No symbol) [0x00007FF6C0176AC4]
	(No symbol) [0x00007FF6C0176C1C]
	(No symbol) [0x00007FF6C01668D4]
	BaseThreadInitThunk [0x00007FF9494C257D+29]
	RtlUserThreadStart [0x00007FF94AC4AA58+40]

2024-04-03 18:34:51,074 [ERROR] automation Element located by i0116 is not present. Message: no such element: Unable to locate element: {"method":"css selector","selector":"[id="i0116"]"}
  (Session info: chrome=122.0.6261.131); For documentation on this error, please visit: https://www.selenium.dev/documentation/webdriver/troubleshooting/errors#no-such-element-exception
Stacktrace:
	GetHandleVerifier [0x00007FF6C01FAD02+56930]
	(No symbol) [0x00007FF6C016F602]
	(No symbol) [0x00007FF6C00242E5]
	(No symbol) [0x00007FF6C00698ED]
	(No symbol) [0x00007FF6C0069A2C]
	(No symbol) [0x00007FF6C00AA967]
	(No symbol) [0x00007FF6C008BCDF]
	(No symbol) [0x00007FF6C00A81E2]
	(No symbol) [0x00007FF6C008BA43]
	(No symbol) [0x00007FF6C005D438]
	(No symbol) [0x00007FF6C005E4D1]
	GetHandleVerifier [0x00007FF6C0576F8D+3711213]
	GetHandleVerifier [0x00007FF6C05D04CD+4077101]
	GetHandleVerifier [0x00007FF6C05C865F+4044735]
	GetHandleVerifier [0x00007FF6C0299736+706710]
	(No symbol) [0x00007FF6C017B8DF]
	(No symbol) [0x00007FF6C0176AC4]
	(No symbol) [0x00007FF6C0176C1C]
	(No symbol) [0x00007FF6C01668D4]
	BaseThreadInitThunk [0x00007FF9494C257D+29]
	RtlUserThreadStart [0x00007FF94AC4AA58+40]

2024-04-03 18:34:51,132 [ERROR] automation Element located by i0116 is not present. Message: no such element: Unable to locate element: {"method":"css selector","selector":"[id="i0116"]"}
  (Session info: chrome=122.0.6261.131); For documentation on this error, please visit: https://www.selenium.dev/documentation/webdriver/troubleshooting/errors#no-such-element-exception
Stacktrace:
	GetHandleVerifier [0x00007FF6C01FAD02+56930]
	(No symbol) [0x00007FF6C016F602]
	(No symbol) [0x00007FF6C00242E5]
	(No symbol) [0x00007FF6C00698ED]
	(No symbol) [0x00007FF6C0069A2C]
	(No symbol) [0x00007FF6C00AA967]
	(No symbol) [0x00007FF6C008BCDF]
	(No symbol) [0x00007FF6C00A81E2]
	(No symbol) [0x00007FF6C008BA43]
	(No symbol) [0x00007FF6C005D438]
	(No symbol) [0x00007FF6C005E4D1]
	GetHandleVerifier [0x00007FF6C0576F8D+3711213]
	GetHandleVerifier [0x00007FF6C05D04CD+4077101]
	GetHandleVerifier [0x00007FF6C05C865F+4044735]
	GetHandleVerifier [0x00007FF6C0299736+706710]
	(No symbol) [0x00007FF6C017B8DF]
	(No symbol) [0x00007FF6C0176AC4]
	(No symbol) [0x00007FF6C0176C1C]
	(No symbol) [0x00007FF6C01668D4]
	BaseThreadInitThunk [0x00007FF9494C257D+29]
	RtlUserThreadStart [0x00007FF94AC4AA58+40]

2024-04-03 18:34:51,975 [ERROR] automation Element located by i0116 is not present. Message: no such element: Unable to locate element: {"method":"css selector","selector":"[id="i0116"]"}
  (Session info: chrome=122.0.6261.131); For documentation on this error, please visit: https://www.selenium.dev/documentation/webdriver/troubleshooting/errors#no-such-element-exception
Stacktrace:
	GetHandleVerifier [0x00007FF6C01FAD02+56930]
	(No symbol) [0x00007FF6C016F602]
	(No symbol) [0x00007FF6C00242E5]
	(No symbol) [0x00007FF6C00698ED]
	(No symbol) [0x00007FF6C0069A2C]
	(No symbol) [0x00007FF6C00AA967]
	(No symbol) [0x00007FF6C008BCDF]
	(No symbol) [0x00007FF6C00A81E2]
	(No symbol) [0x00007FF6C008BA43]
	(No symbol) [0x00007FF6C005D438]
	(No symbol) [0x00007FF6C005E4D1]
	GetHandleVerifier [0x00007FF6C0576F8D+3711213]
	GetHandleVerifier [0x00007FF6C05D04CD+4077101]
	GetHandleVerifier [0x00007FF6C05C865F+4044735]
	GetHandleVerifier [0x00007FF6C0299736+706710]
	(No symbol) [0x00007FF6C017B8DF]
	(No symbol) [0x00007FF6C0176AC4]
	(No symbol) [0x00007FF6C0176C1C]
	(No symbol) [0x00007FF6C01668D4]
	BaseThreadInitThunk [0x00007FF9494C257D+29]
	RtlUserThreadStart [0x00007FF94AC4AA58+40]

2024-04-03 18:34:52,090 [ERROR] automation Element located by i0116 is not present. Message: no such element: Unable to locate element: {"method":"css selector","selector":"[id="i0116"]"}
  (Session info: chrome=122.0.6261.131); For documentation on this error, please visit: https://www.selenium.dev/documentation/webdriver/troubleshooting/errors#no-such-element-exception
Stacktrace:
	GetHandleVerifier [0x00007FF6C01FAD02+56930]
	(No symbol) [0x00007FF6C016F602]
	(No symbol) [0x00007FF6C00242E5]
	(No symbol) [0x00007FF6C00698ED]
	(No symbol) [0x00007FF6C0069A2C]
	(No symbol) [0x00007FF6C00AA967]
	(No symbol) [0x00007FF6C008BCDF]
	(No symbol) [0x00007FF6C00A81E2]
	(No symbol) [0x00007FF6C008BA43]
	(No symbol) [0x00007FF6C005D438]
	(No symbol) [0x00007FF6C005E4D1]
	GetHandleVerifier [0x00007FF6C0576F8D+3711213]
	GetHandleVerifier [0x00007FF6C05D04CD+4077101]
	GetHandleVerifier [0x00007FF6C05C865F+4044735]
	GetHandleVerifier [0x00007FF6C0299736+706710]
	(No symbol) [0x00007FF6C017B8DF]
	(No symbol) [0x00007FF6C0176AC4]
	(No symbol) [0x00007FF6C0176C1C]
	(No symbol) [0x00007FF6C01668D4]
	BaseThreadInitThunk [0x00007FF9494C257D+29]
	RtlUserThreadStart [0x00007FF94AC4AA58+40]

2024-04-03 18:34:52,153 [ERROR] automation Element located by i0116 is not present. Message: no such element: Unable to locate element: {"method":"css selector","selector":"[id="i0116"]"}
  (Session info: chrome=122.0.6261.131); For documentation on this error, please visit: https://www.selenium.dev/documentation/webdriver/troubleshooting/errors#no-such-element-exception
Stacktrace:
	GetHandleVerifier [0x00007FF6C01FAD02+56930]
	(No symbol) [0x00007FF6C016F602]
	(No symbol) [0x00007FF6C00242E5]
	(No symbol) [0x00007FF6C00698ED]
	(No symbol) [0x00007FF6C0069A2C]
	(No symbol) [0x00007FF6C00AA967]
	(No symbol) [0x00007FF6C008BCDF]
	(No symbol) [0x00007FF6C00A81E2]
	(No symbol) [0x00007FF6C008BA43]
	(No symbol) [0x00007FF6C005D438]
	(No symbol) [0x00007FF6C005E4D1]
	GetHandleVerifier [0x00007FF6C0576F8D+3711213]
	GetHandleVerifier [0x00007FF6C05D04CD+4077101]
	GetHandleVerifier [0x00007FF6C05C865F+4044735]
	GetHandleVerifier [0x00007FF6C0299736+706710]
	(No symbol) [0x00007FF6C017B8DF]
	(No symbol) [0x00007FF6C0176AC4]
	(No symbol) [0x00007FF6C0176C1C]
	(No symbol) [0x00007FF6C01668D4]
	BaseThreadInitThunk [0x00007FF9494C257D+29]
	RtlUserThreadStart [0x00007FF94AC4AA58+40]

2024-04-03 18:34:52,211 [ERROR] automation Element located by i0116 is not present. Message: no such element: Unable to locate element: {"method":"css selector","selector":"[id="i0116"]"}
  (Session info: chrome=122.0.6261.131); For documentation on this error, please visit: https://www.selenium.dev/documentation/webdriver/troubleshooting/errors#no-such-element-exception
Stacktrace:
	GetHandleVerifier [0x00007FF6C01FAD02+56930]
	(No symbol) [0x00007FF6C016F602]
	(No symbol) [0x00007FF6C00242E5]
	(No symbol) [0x00007FF6C00698ED]
	(No symbol) [0x00007FF6C0069A2C]
	(No symbol) [0x00007FF6C00AA967]
	(No symbol) [0x00007FF6C008BCDF]
	(No symbol) [0x00007FF6C00A81E2]
	(No symbol) [0x00007FF6C008BA43]
	(No symbol) [0x00007FF6C005D438]
	(No symbol) [0x00007FF6C005E4D1]
	GetHandleVerifier [0x00007FF6C0576F8D+3711213]
	GetHandleVerifier [0x00007FF6C05D04CD+4077101]
	GetHandleVerifier [0x00007FF6C05C865F+4044735]
	GetHandleVerifier [0x00007FF6C0299736+706710]
	(No symbol) [0x00007FF6C017B8DF]
	(No symbol) [0x00007FF6C0176AC4]
	(No symbol) [0x00007FF6C0176C1C]
	(No symbol) [0x00007FF6C01668D4]
	BaseThreadInitThunk [0x00007FF9494C257D+29]
	RtlUserThreadStart [0x00007FF94AC4AA58+40]

2024-04-03 18:34:52,270 [ERROR] automation Element located by i0116 is not present. Message: no such element: Unable to locate element: {"method":"css selector","selector":"[id="i0116"]"}
  (Session info: chrome=122.0.6261.131); For documentation on this error, please visit: https://www.selenium.dev/documentation/webdriver/troubleshooting/errors#no-such-element-exception
Stacktrace:
	GetHandleVerifier [0x00007FF6C01FAD02+56930]
	(No symbol) [0x00007FF6C016F602]
	(No symbol) [0x00007FF6C00242E5]
	(No symbol) [0x00007FF6C00698ED]
	(No symbol) [0x00007FF6C0069A2C]
	(No symbol) [0x00007FF6C00AA967]
	(No symbol) [0x00007FF6C008BCDF]
	(No symbol) [0x00007FF6C00A81E2]
	(No symbol) [0x00007FF6C008BA43]
	(No symbol) [0x00007FF6C005D438]
	(No symbol) [0x00007FF6C005E4D1]
	GetHandleVerifier [0x00007FF6C0576F8D+3711213]
	GetHandleVerifier [0x00007FF6C05D04CD+4077101]
	GetHandleVerifier [0x00007FF6C05C865F+4044735]
	GetHandleVerifier [0x00007FF6C0299736+706710]
	(No symbol) [0x00007FF6C017B8DF]
	(No symbol) [0x00007FF6C0176AC4]
	(No symbol) [0x00007FF6C0176C1C]
	(No symbol) [0x00007FF6C01668D4]
	BaseThreadInitThunk [0x00007FF9494C257D+29]
	RtlUserThreadStart [0x00007FF94AC4AA58+40]

2024-04-03 18:34:52,456 [INFO] automation Element located by i0116 is present.
2024-04-03 18:34:59,302 [INFO] automation Element located by //div[@class='logo'] is present.
2024-04-03 18:35:03,436 [INFO] automation Element located by //div[@class='tableFixHead']/table/tbody/tr[contains(@class,'even_col')][1] is present.
2024-04-03 18:35:05,883 [INFO] automation Element located by //input[@formcontrolname='email'] is present.
2024-04-03 18:35:05,891 [INFO] automation Element located by //input[@formcontrolname='email'] is present.
2024-04-03 18:35:06,293 [ERROR] automation Element located by //span[contains(text(),'Email Address already exists')] is not present. Message: no such element: Unable to locate element: {"method":"xpath","selector":"//span[contains(text(),'Email Address already exists')]"}
  (Session info: chrome=122.0.6261.131); For documentation on this error, please visit: https://www.selenium.dev/documentation/webdriver/troubleshooting/errors#no-such-element-exception
Stacktrace:
	GetHandleVerifier [0x00007FF6C01FAD02+56930]
	(No symbol) [0x00007FF6C016F602]
	(No symbol) [0x00007FF6C00242E5]
	(No symbol) [0x00007FF6C00698ED]
	(No symbol) [0x00007FF6C0069A2C]
	(No symbol) [0x00007FF6C00AA967]
	(No symbol) [0x00007FF6C008BCDF]
	(No symbol) [0x00007FF6C00A81E2]
	(No symbol) [0x00007FF6C008BA43]
	(No symbol) [0x00007FF6C005D438]
	(No symbol) [0x00007FF6C005E4D1]
	GetHandleVerifier [0x00007FF6C0576F8D+3711213]
	GetHandleVerifier [0x00007FF6C05D04CD+4077101]
	GetHandleVerifier [0x00007FF6C05C865F+4044735]
	GetHandleVerifier [0x00007FF6C0299736+706710]
	(No symbol) [0x00007FF6C017B8DF]
	(No symbol) [0x00007FF6C0176AC4]
	(No symbol) [0x00007FF6C0176C1C]
	(No symbol) [0x00007FF6C01668D4]
	BaseThreadInitThunk [0x00007FF9494C257D+29]
	RtlUserThreadStart [0x00007FF94AC4AA58+40]

2024-04-03 18:35:06,308 [ERROR] automation Element located by //div[@role='alert' and contains(text(),'success') or contains(text(),'Success')] is not present. Message: no such element: Unable to locate element: {"method":"xpath","selector":"//div[@role='alert' and contains(text(),'success') or contains(text(),'Success')]"}
  (Session info: chrome=122.0.6261.131); For documentation on this error, please visit: https://www.selenium.dev/documentation/webdriver/troubleshooting/errors#no-such-element-exception
Stacktrace:
	GetHandleVerifier [0x00007FF6C01FAD02+56930]
	(No symbol) [0x00007FF6C016F602]
	(No symbol) [0x00007FF6C00242E5]
	(No symbol) [0x00007FF6C00698ED]
	(No symbol) [0x00007FF6C0069A2C]
	(No symbol) [0x00007FF6C00AA967]
	(No symbol) [0x00007FF6C008BCDF]
	(No symbol) [0x00007FF6C00A81E2]
	(No symbol) [0x00007FF6C008BA43]
	(No symbol) [0x00007FF6C005D438]
	(No symbol) [0x00007FF6C005E4D1]
	GetHandleVerifier [0x00007FF6C0576F8D+3711213]
	GetHandleVerifier [0x00007FF6C05D04CD+4077101]
	GetHandleVerifier [0x00007FF6C05C865F+4044735]
	GetHandleVerifier [0x00007FF6C0299736+706710]
	(No symbol) [0x00007FF6C017B8DF]
	(No symbol) [0x00007FF6C0176AC4]
	(No symbol) [0x00007FF6C0176C1C]
	(No symbol) [0x00007FF6C01668D4]
	BaseThreadInitThunk [0x00007FF9494C257D+29]
	RtlUserThreadStart [0x00007FF94AC4AA58+40]

2024-04-03 18:35:06,308 [INFO] automation Test passed.
2024-04-03 18:35:06,334 [INFO] automation Test has started.
2024-04-03 18:35:06,334 [INFO] automation Navigating to the https://chorusqa.cogninelabs.com/
2024-04-03 18:35:14,101 [ERROR] automation Element located by i0116 is not present. Message: no such element: Unable to locate element: {"method":"css selector","selector":"[id="i0116"]"}
  (Session info: chrome=122.0.6261.131); For documentation on this error, please visit: https://www.selenium.dev/documentation/webdriver/troubleshooting/errors#no-such-element-exception
Stacktrace:
	GetHandleVerifier [0x00007FF6C01FAD02+56930]
	(No symbol) [0x00007FF6C016F602]
	(No symbol) [0x00007FF6C00242E5]
	(No symbol) [0x00007FF6C00698ED]
	(No symbol) [0x00007FF6C0069A2C]
	(No symbol) [0x00007FF6C00AA967]
	(No symbol) [0x00007FF6C008BCDF]
	(No symbol) [0x00007FF6C00A81E2]
	(No symbol) [0x00007FF6C008BA43]
	(No symbol) [0x00007FF6C005D438]
	(No symbol) [0x00007FF6C005E4D1]
	GetHandleVerifier [0x00007FF6C0576F8D+3711213]
	GetHandleVerifier [0x00007FF6C05D04CD+4077101]
	GetHandleVerifier [0x00007FF6C05C865F+4044735]
	GetHandleVerifier [0x00007FF6C0299736+706710]
	(No symbol) [0x00007FF6C017B8DF]
	(No symbol) [0x00007FF6C0176AC4]
	(No symbol) [0x00007FF6C0176C1C]
	(No symbol) [0x00007FF6C01668D4]
	BaseThreadInitThunk [0x00007FF9494C257D+29]
	RtlUserThreadStart [0x00007FF94AC4AA58+40]

2024-04-03 18:35:14,167 [ERROR] automation Element located by i0116 is not present. Message: no such element: Unable to locate element: {"method":"css selector","selector":"[id="i0116"]"}
  (Session info: chrome=122.0.6261.131); For documentation on this error, please visit: https://www.selenium.dev/documentation/webdriver/troubleshooting/errors#no-such-element-exception
Stacktrace:
	GetHandleVerifier [0x00007FF6C01FAD02+56930]
	(No symbol) [0x00007FF6C016F602]
	(No symbol) [0x00007FF6C00242E5]
	(No symbol) [0x00007FF6C00698ED]
	(No symbol) [0x00007FF6C0069A2C]
	(No symbol) [0x00007FF6C00AA967]
	(No symbol) [0x00007FF6C008BCDF]
	(No symbol) [0x00007FF6C00A81E2]
	(No symbol) [0x00007FF6C008BA43]
	(No symbol) [0x00007FF6C005D438]
	(No symbol) [0x00007FF6C005E4D1]
	GetHandleVerifier [0x00007FF6C0576F8D+3711213]
	GetHandleVerifier [0x00007FF6C05D04CD+4077101]
	GetHandleVerifier [0x00007FF6C05C865F+4044735]
	GetHandleVerifier [0x00007FF6C0299736+706710]
	(No symbol) [0x00007FF6C017B8DF]
	(No symbol) [0x00007FF6C0176AC4]
	(No symbol) [0x00007FF6C0176C1C]
	(No symbol) [0x00007FF6C01668D4]
	BaseThreadInitThunk [0x00007FF9494C257D+29]
	RtlUserThreadStart [0x00007FF94AC4AA58+40]

2024-04-03 18:35:14,232 [ERROR] automation Element located by i0116 is not present. Message: no such element: Unable to locate element: {"method":"css selector","selector":"[id="i0116"]"}
  (Session info: chrome=122.0.6261.131); For documentation on this error, please visit: https://www.selenium.dev/documentation/webdriver/troubleshooting/errors#no-such-element-exception
Stacktrace:
	GetHandleVerifier [0x00007FF6C01FAD02+56930]
	(No symbol) [0x00007FF6C016F602]
	(No symbol) [0x00007FF6C00242E5]
	(No symbol) [0x00007FF6C00698ED]
	(No symbol) [0x00007FF6C0069A2C]
	(No symbol) [0x00007FF6C00AA967]
	(No symbol) [0x00007FF6C008BCDF]
	(No symbol) [0x00007FF6C00A81E2]
	(No symbol) [0x00007FF6C008BA43]
	(No symbol) [0x00007FF6C005D438]
	(No symbol) [0x00007FF6C005E4D1]
	GetHandleVerifier [0x00007FF6C0576F8D+3711213]
	GetHandleVerifier [0x00007FF6C05D04CD+4077101]
	GetHandleVerifier [0x00007FF6C05C865F+4044735]
	GetHandleVerifier [0x00007FF6C0299736+706710]
	(No symbol) [0x00007FF6C017B8DF]
	(No symbol) [0x00007FF6C0176AC4]
	(No symbol) [0x00007FF6C0176C1C]
	(No symbol) [0x00007FF6C01668D4]
	BaseThreadInitThunk [0x00007FF9494C257D+29]
	RtlUserThreadStart [0x00007FF94AC4AA58+40]

2024-04-03 18:35:14,295 [ERROR] automation Element located by i0116 is not present. Message: no such element: Unable to locate element: {"method":"css selector","selector":"[id="i0116"]"}
  (Session info: chrome=122.0.6261.131); For documentation on this error, please visit: https://www.selenium.dev/documentation/webdriver/troubleshooting/errors#no-such-element-exception
Stacktrace:
	GetHandleVerifier [0x00007FF6C01FAD02+56930]
	(No symbol) [0x00007FF6C016F602]
	(No symbol) [0x00007FF6C00242E5]
	(No symbol) [0x00007FF6C00698ED]
	(No symbol) [0x00007FF6C0069A2C]
	(No symbol) [0x00007FF6C00AA967]
	(No symbol) [0x00007FF6C008BCDF]
	(No symbol) [0x00007FF6C00A81E2]
	(No symbol) [0x00007FF6C008BA43]
	(No symbol) [0x00007FF6C005D438]
	(No symbol) [0x00007FF6C005E4D1]
	GetHandleVerifier [0x00007FF6C0576F8D+3711213]
	GetHandleVerifier [0x00007FF6C05D04CD+4077101]
	GetHandleVerifier [0x00007FF6C05C865F+4044735]
	GetHandleVerifier [0x00007FF6C0299736+706710]
	(No symbol) [0x00007FF6C017B8DF]
	(No symbol) [0x00007FF6C0176AC4]
	(No symbol) [0x00007FF6C0176C1C]
	(No symbol) [0x00007FF6C01668D4]
	BaseThreadInitThunk [0x00007FF9494C257D+29]
	RtlUserThreadStart [0x00007FF94AC4AA58+40]

2024-04-03 18:35:14,355 [ERROR] automation Element located by i0116 is not present. Message: no such element: Unable to locate element: {"method":"css selector","selector":"[id="i0116"]"}
  (Session info: chrome=122.0.6261.131); For documentation on this error, please visit: https://www.selenium.dev/documentation/webdriver/troubleshooting/errors#no-such-element-exception
Stacktrace:
	GetHandleVerifier [0x00007FF6C01FAD02+56930]
	(No symbol) [0x00007FF6C016F602]
	(No symbol) [0x00007FF6C00242E5]
	(No symbol) [0x00007FF6C00698ED]
	(No symbol) [0x00007FF6C0069A2C]
	(No symbol) [0x00007FF6C00AA967]
	(No symbol) [0x00007FF6C008BCDF]
	(No symbol) [0x00007FF6C00A81E2]
	(No symbol) [0x00007FF6C008BA43]
	(No symbol) [0x00007FF6C005D438]
	(No symbol) [0x00007FF6C005E4D1]
	GetHandleVerifier [0x00007FF6C0576F8D+3711213]
	GetHandleVerifier [0x00007FF6C05D04CD+4077101]
	GetHandleVerifier [0x00007FF6C05C865F+4044735]
	GetHandleVerifier [0x00007FF6C0299736+706710]
	(No symbol) [0x00007FF6C017B8DF]
	(No symbol) [0x00007FF6C0176AC4]
	(No symbol) [0x00007FF6C0176C1C]
	(No symbol) [0x00007FF6C01668D4]
	BaseThreadInitThunk [0x00007FF9494C257D+29]
	RtlUserThreadStart [0x00007FF94AC4AA58+40]

2024-04-03 18:35:15,350 [ERROR] automation Element located by i0116 is not present. Message: no such element: Unable to locate element: {"method":"css selector","selector":"[id="i0116"]"}
  (Session info: chrome=122.0.6261.131); For documentation on this error, please visit: https://www.selenium.dev/documentation/webdriver/troubleshooting/errors#no-such-element-exception
Stacktrace:
	GetHandleVerifier [0x00007FF6C01FAD02+56930]
	(No symbol) [0x00007FF6C016F602]
	(No symbol) [0x00007FF6C00242E5]
	(No symbol) [0x00007FF6C00698ED]
	(No symbol) [0x00007FF6C0069A2C]
	(No symbol) [0x00007FF6C00AA967]
	(No symbol) [0x00007FF6C008BCDF]
	(No symbol) [0x00007FF6C00A81E2]
	(No symbol) [0x00007FF6C008BA43]
	(No symbol) [0x00007FF6C005D438]
	(No symbol) [0x00007FF6C005E4D1]
	GetHandleVerifier [0x00007FF6C0576F8D+3711213]
	GetHandleVerifier [0x00007FF6C05D04CD+4077101]
	GetHandleVerifier [0x00007FF6C05C865F+4044735]
	GetHandleVerifier [0x00007FF6C0299736+706710]
	(No symbol) [0x00007FF6C017B8DF]
	(No symbol) [0x00007FF6C0176AC4]
	(No symbol) [0x00007FF6C0176C1C]
	(No symbol) [0x00007FF6C01668D4]
	BaseThreadInitThunk [0x00007FF9494C257D+29]
	RtlUserThreadStart [0x00007FF94AC4AA58+40]

2024-04-03 18:35:15,484 [INFO] automation Element located by i0116 is present.
2024-04-03 18:35:22,299 [INFO] automation Element located by //div[@class='logo'] is present.
2024-04-03 18:35:27,199 [INFO] automation Element located by //div[@class='tableFixHead']/table/tbody/tr[contains(@class,'even_col')][1] is present.
2024-04-03 18:35:29,783 [INFO] automation Element located by //input[@formcontrolname='title'] is present.
2024-04-03 18:35:29,791 [INFO] automation Element located by //input[@formcontrolname='title'] is present.
2024-04-03 18:35:32,047 [ERROR] automation Element located by //div[@role='alert' and contains(text(),'success') or contains(text(),'Success')] is not present. Message: no such element: Unable to locate element: {"method":"xpath","selector":"//div[@role='alert' and contains(text(),'success') or contains(text(),'Success')]"}
  (Session info: chrome=122.0.6261.131); For documentation on this error, please visit: https://www.selenium.dev/documentation/webdriver/troubleshooting/errors#no-such-element-exception
Stacktrace:
	GetHandleVerifier [0x00007FF6C01FAD02+56930]
	(No symbol) [0x00007FF6C016F602]
	(No symbol) [0x00007FF6C00242E5]
	(No symbol) [0x00007FF6C00698ED]
	(No symbol) [0x00007FF6C0069A2C]
	(No symbol) [0x00007FF6C00AA967]
	(No symbol) [0x00007FF6C008BCDF]
	(No symbol) [0x00007FF6C00A81E2]
	(No symbol) [0x00007FF6C008BA43]
	(No symbol) [0x00007FF6C005D438]
	(No symbol) [0x00007FF6C005E4D1]
	GetHandleVerifier [0x00007FF6C0576F8D+3711213]
	GetHandleVerifier [0x00007FF6C05D04CD+4077101]
	GetHandleVerifier [0x00007FF6C05C865F+4044735]
	GetHandleVerifier [0x00007FF6C0299736+706710]
	(No symbol) [0x00007FF6C017B8DF]
	(No symbol) [0x00007FF6C0176AC4]
	(No symbol) [0x00007FF6C0176C1C]
	(No symbol) [0x00007FF6C01668D4]
	BaseThreadInitThunk [0x00007FF9494C257D+29]
	RtlUserThreadStart [0x00007FF94AC4AA58+40]

2024-04-03 18:35:32,108 [INFO] automation Element located by //div[@role='alert' and contains(text(),'success') or contains(text(),'Success')] is present.
2024-04-03 18:35:32,111 [INFO] automation Element located by //input[@formcontrolname='title'] is present.
2024-04-03 18:35:35,355 [INFO] automation Element located by //div[@role='alert' and contains(text(),'success') or contains(text(),'Success')] is present.
2024-04-03 18:35:35,355 [INFO] automation Test passed.
