2024-04-04 16:24:38,760 [INFO] automation Test has started.
2024-04-04 16:24:38,763 [INFO] automation Navigating to the https://chorusqa.cogninelabs.com/
2024-04-04 16:24:46,096 [ERROR] automation Element located by i0116 is not present. Message: no such element: Unable to locate element: {"method":"css selector","selector":"[id="i0116"]"}
  (Session info: chrome=122.0.6261.131); For documentation on this error, please visit: https://www.selenium.dev/documentation/webdriver/troubleshooting/errors#no-such-element-exception
Stacktrace:
	GetHandleVerifier [0x00007FF63AC7AD02+56930]
	(No symbol) [0x00007FF63ABEF602]
	(No symbol) [0x00007FF63AAA42E5]
	(No symbol) [0x00007FF63AAE98ED]
	(No symbol) [0x00007FF63AAE9A2C]
	(No symbol) [0x00007FF63AB2A967]
	(No symbol) [0x00007FF63AB0BCDF]
	(No symbol) [0x00007FF63AB281E2]
	(No symbol) [0x00007FF63AB0BA43]
	(No symbol) [0x00007FF63AADD438]
	(No symbol) [0x00007FF63AADE4D1]
	GetHandleVerifier [0x00007FF63AFF6F8D+3711213]
	GetHandleVerifier [0x00007FF63B0504CD+4077101]
	GetHandleVerifier [0x00007FF63B04865F+4044735]
	GetHandleVerifier [0x00007FF63AD19736+706710]
	(No symbol) [0x00007FF63ABFB8DF]
	(No symbol) [0x00007FF63ABF6AC4]
	(No symbol) [0x00007FF63ABF6C1C]
	(No symbol) [0x00007FF63ABE68D4]
	BaseThreadInitThunk [0x00007FF9494C257D+29]
	RtlUserThreadStart [0x00007FF94AC4AA58+40]

2024-04-04 16:24:46,174 [ERROR] automation Element located by i0116 is not present. Message: no such element: Unable to locate element: {"method":"css selector","selector":"[id="i0116"]"}
  (Session info: chrome=122.0.6261.131); For documentation on this error, please visit: https://www.selenium.dev/documentation/webdriver/troubleshooting/errors#no-such-element-exception
Stacktrace:
	GetHandleVerifier [0x00007FF63AC7AD02+56930]
	(No symbol) [0x00007FF63ABEF602]
	(No symbol) [0x00007FF63AAA42E5]
	(No symbol) [0x00007FF63AAE98ED]
	(No symbol) [0x00007FF63AAE9A2C]
	(No symbol) [0x00007FF63AB2A967]
	(No symbol) [0x00007FF63AB0BCDF]
	(No symbol) [0x00007FF63AB281E2]
	(No symbol) [0x00007FF63AB0BA43]
	(No symbol) [0x00007FF63AADD438]
	(No symbol) [0x00007FF63AADE4D1]
	GetHandleVerifier [0x00007FF63AFF6F8D+3711213]
	GetHandleVerifier [0x00007FF63B0504CD+4077101]
	GetHandleVerifier [0x00007FF63B04865F+4044735]
	GetHandleVerifier [0x00007FF63AD19736+706710]
	(No symbol) [0x00007FF63ABFB8DF]
	(No symbol) [0x00007FF63ABF6AC4]
	(No symbol) [0x00007FF63ABF6C1C]
	(No symbol) [0x00007FF63ABE68D4]
	BaseThreadInitThunk [0x00007FF9494C257D+29]
	RtlUserThreadStart [0x00007FF94AC4AA58+40]

2024-04-04 16:24:46,236 [ERROR] automation Element located by i0116 is not present. Message: no such element: Unable to locate element: {"method":"css selector","selector":"[id="i0116"]"}
  (Session info: chrome=122.0.6261.131); For documentation on this error, please visit: https://www.selenium.dev/documentation/webdriver/troubleshooting/errors#no-such-element-exception
Stacktrace:
	GetHandleVerifier [0x00007FF63AC7AD02+56930]
	(No symbol) [0x00007FF63ABEF602]
	(No symbol) [0x00007FF63AAA42E5]
	(No symbol) [0x00007FF63AAE98ED]
	(No symbol) [0x00007FF63AAE9A2C]
	(No symbol) [0x00007FF63AB2A967]
	(No symbol) [0x00007FF63AB0BCDF]
	(No symbol) [0x00007FF63AB281E2]
	(No symbol) [0x00007FF63AB0BA43]
	(No symbol) [0x00007FF63AADD438]
	(No symbol) [0x00007FF63AADE4D1]
	GetHandleVerifier [0x00007FF63AFF6F8D+3711213]
	GetHandleVerifier [0x00007FF63B0504CD+4077101]
	GetHandleVerifier [0x00007FF63B04865F+4044735]
	GetHandleVerifier [0x00007FF63AD19736+706710]
	(No symbol) [0x00007FF63ABFB8DF]
	(No symbol) [0x00007FF63ABF6AC4]
	(No symbol) [0x00007FF63ABF6C1C]
	(No symbol) [0x00007FF63ABE68D4]
	BaseThreadInitThunk [0x00007FF9494C257D+29]
	RtlUserThreadStart [0x00007FF94AC4AA58+40]

2024-04-04 16:24:46,312 [ERROR] automation Element located by i0116 is not present. Message: no such element: Unable to locate element: {"method":"css selector","selector":"[id="i0116"]"}
  (Session info: chrome=122.0.6261.131); For documentation on this error, please visit: https://www.selenium.dev/documentation/webdriver/troubleshooting/errors#no-such-element-exception
Stacktrace:
	GetHandleVerifier [0x00007FF63AC7AD02+56930]
	(No symbol) [0x00007FF63ABEF602]
	(No symbol) [0x00007FF63AAA42E5]
	(No symbol) [0x00007FF63AAE98ED]
	(No symbol) [0x00007FF63AAE9A2C]
	(No symbol) [0x00007FF63AB2A967]
	(No symbol) [0x00007FF63AB0BCDF]
	(No symbol) [0x00007FF63AB281E2]
	(No symbol) [0x00007FF63AB0BA43]
	(No symbol) [0x00007FF63AADD438]
	(No symbol) [0x00007FF63AADE4D1]
	GetHandleVerifier [0x00007FF63AFF6F8D+3711213]
	GetHandleVerifier [0x00007FF63B0504CD+4077101]
	GetHandleVerifier [0x00007FF63B04865F+4044735]
	GetHandleVerifier [0x00007FF63AD19736+706710]
	(No symbol) [0x00007FF63ABFB8DF]
	(No symbol) [0x00007FF63ABF6AC4]
	(No symbol) [0x00007FF63ABF6C1C]
	(No symbol) [0x00007FF63ABE68D4]
	BaseThreadInitThunk [0x00007FF9494C257D+29]
	RtlUserThreadStart [0x00007FF94AC4AA58+40]

2024-04-04 16:24:46,383 [ERROR] automation Element located by i0116 is not present. Message: no such element: Unable to locate element: {"method":"css selector","selector":"[id="i0116"]"}
  (Session info: chrome=122.0.6261.131); For documentation on this error, please visit: https://www.selenium.dev/documentation/webdriver/troubleshooting/errors#no-such-element-exception
Stacktrace:
	GetHandleVerifier [0x00007FF63AC7AD02+56930]
	(No symbol) [0x00007FF63ABEF602]
	(No symbol) [0x00007FF63AAA42E5]
	(No symbol) [0x00007FF63AAE98ED]
	(No symbol) [0x00007FF63AAE9A2C]
	(No symbol) [0x00007FF63AB2A967]
	(No symbol) [0x00007FF63AB0BCDF]
	(No symbol) [0x00007FF63AB281E2]
	(No symbol) [0x00007FF63AB0BA43]
	(No symbol) [0x00007FF63AADD438]
	(No symbol) [0x00007FF63AADE4D1]
	GetHandleVerifier [0x00007FF63AFF6F8D+3711213]
	GetHandleVerifier [0x00007FF63B0504CD+4077101]
	GetHandleVerifier [0x00007FF63B04865F+4044735]
	GetHandleVerifier [0x00007FF63AD19736+706710]
	(No symbol) [0x00007FF63ABFB8DF]
	(No symbol) [0x00007FF63ABF6AC4]
	(No symbol) [0x00007FF63ABF6C1C]
	(No symbol) [0x00007FF63ABE68D4]
	BaseThreadInitThunk [0x00007FF9494C257D+29]
	RtlUserThreadStart [0x00007FF94AC4AA58+40]

2024-04-04 16:24:47,409 [ERROR] automation Element located by i0116 is not present. Message: no such element: Unable to locate element: {"method":"css selector","selector":"[id="i0116"]"}
  (Session info: chrome=122.0.6261.131); For documentation on this error, please visit: https://www.selenium.dev/documentation/webdriver/troubleshooting/errors#no-such-element-exception
Stacktrace:
	GetHandleVerifier [0x00007FF63AC7AD02+56930]
	(No symbol) [0x00007FF63ABEF602]
	(No symbol) [0x00007FF63AAA42E5]
	(No symbol) [0x00007FF63AAE98ED]
	(No symbol) [0x00007FF63AAE9A2C]
	(No symbol) [0x00007FF63AB2A967]
	(No symbol) [0x00007FF63AB0BCDF]
	(No symbol) [0x00007FF63AB281E2]
	(No symbol) [0x00007FF63AB0BA43]
	(No symbol) [0x00007FF63AADD438]
	(No symbol) [0x00007FF63AADE4D1]
	GetHandleVerifier [0x00007FF63AFF6F8D+3711213]
	GetHandleVerifier [0x00007FF63B0504CD+4077101]
	GetHandleVerifier [0x00007FF63B04865F+4044735]
	GetHandleVerifier [0x00007FF63AD19736+706710]
	(No symbol) [0x00007FF63ABFB8DF]
	(No symbol) [0x00007FF63ABF6AC4]
	(No symbol) [0x00007FF63ABF6C1C]
	(No symbol) [0x00007FF63ABE68D4]
	BaseThreadInitThunk [0x00007FF9494C257D+29]
	RtlUserThreadStart [0x00007FF94AC4AA58+40]

2024-04-04 16:24:47,479 [ERROR] automation Element located by i0116 is not present. Message: no such element: Unable to locate element: {"method":"css selector","selector":"[id="i0116"]"}
  (Session info: chrome=122.0.6261.131); For documentation on this error, please visit: https://www.selenium.dev/documentation/webdriver/troubleshooting/errors#no-such-element-exception
Stacktrace:
	GetHandleVerifier [0x00007FF63AC7AD02+56930]
	(No symbol) [0x00007FF63ABEF602]
	(No symbol) [0x00007FF63AAA42E5]
	(No symbol) [0x00007FF63AAE98ED]
	(No symbol) [0x00007FF63AAE9A2C]
	(No symbol) [0x00007FF63AB2A967]
	(No symbol) [0x00007FF63AB0BCDF]
	(No symbol) [0x00007FF63AB281E2]
	(No symbol) [0x00007FF63AB0BA43]
	(No symbol) [0x00007FF63AADD438]
	(No symbol) [0x00007FF63AADE4D1]
	GetHandleVerifier [0x00007FF63AFF6F8D+3711213]
	GetHandleVerifier [0x00007FF63B0504CD+4077101]
	GetHandleVerifier [0x00007FF63B04865F+4044735]
	GetHandleVerifier [0x00007FF63AD19736+706710]
	(No symbol) [0x00007FF63ABFB8DF]
	(No symbol) [0x00007FF63ABF6AC4]
	(No symbol) [0x00007FF63ABF6C1C]
	(No symbol) [0x00007FF63ABE68D4]
	BaseThreadInitThunk [0x00007FF9494C257D+29]
	RtlUserThreadStart [0x00007FF94AC4AA58+40]

2024-04-04 16:24:47,545 [ERROR] automation Element located by i0116 is not present. Message: no such element: Unable to locate element: {"method":"css selector","selector":"[id="i0116"]"}
  (Session info: chrome=122.0.6261.131); For documentation on this error, please visit: https://www.selenium.dev/documentation/webdriver/troubleshooting/errors#no-such-element-exception
Stacktrace:
	GetHandleVerifier [0x00007FF63AC7AD02+56930]
	(No symbol) [0x00007FF63ABEF602]
	(No symbol) [0x00007FF63AAA42E5]
	(No symbol) [0x00007FF63AAE98ED]
	(No symbol) [0x00007FF63AAE9A2C]
	(No symbol) [0x00007FF63AB2A967]
	(No symbol) [0x00007FF63AB0BCDF]
	(No symbol) [0x00007FF63AB281E2]
	(No symbol) [0x00007FF63AB0BA43]
	(No symbol) [0x00007FF63AADD438]
	(No symbol) [0x00007FF63AADE4D1]
	GetHandleVerifier [0x00007FF63AFF6F8D+3711213]
	GetHandleVerifier [0x00007FF63B0504CD+4077101]
	GetHandleVerifier [0x00007FF63B04865F+4044735]
	GetHandleVerifier [0x00007FF63AD19736+706710]
	(No symbol) [0x00007FF63ABFB8DF]
	(No symbol) [0x00007FF63ABF6AC4]
	(No symbol) [0x00007FF63ABF6C1C]
	(No symbol) [0x00007FF63ABE68D4]
	BaseThreadInitThunk [0x00007FF9494C257D+29]
	RtlUserThreadStart [0x00007FF94AC4AA58+40]

2024-04-04 16:24:47,751 [INFO] automation Element located by i0116 is present.
2024-04-04 16:24:56,113 [INFO] automation Element located by //div[@class='logo'] is present.
2024-04-04 16:25:02,388 [ERROR] automation Element located by //div[@class='tableFixHead']/table/tbody/tr[contains(@class,'even_col')][1] is not present. Message: no such element: Unable to locate element: {"method":"xpath","selector":"//div[@class='tableFixHead']/table/tbody/tr[contains(@class,'even_col')][1]"}
  (Session info: chrome=122.0.6261.131); For documentation on this error, please visit: https://www.selenium.dev/documentation/webdriver/troubleshooting/errors#no-such-element-exception
Stacktrace:
	GetHandleVerifier [0x00007FF63AC7AD02+56930]
	(No symbol) [0x00007FF63ABEF602]
	(No symbol) [0x00007FF63AAA42E5]
	(No symbol) [0x00007FF63AAE98ED]
	(No symbol) [0x00007FF63AAE9A2C]
	(No symbol) [0x00007FF63AB2A967]
	(No symbol) [0x00007FF63AB0BCDF]
	(No symbol) [0x00007FF63AB281E2]
	(No symbol) [0x00007FF63AB0BA43]
	(No symbol) [0x00007FF63AADD438]
	(No symbol) [0x00007FF63AADE4D1]
	GetHandleVerifier [0x00007FF63AFF6F8D+3711213]
	GetHandleVerifier [0x00007FF63B0504CD+4077101]
	GetHandleVerifier [0x00007FF63B04865F+4044735]
	GetHandleVerifier [0x00007FF63AD19736+706710]
	(No symbol) [0x00007FF63ABFB8DF]
	(No symbol) [0x00007FF63ABF6AC4]
	(No symbol) [0x00007FF63ABF6C1C]
	(No symbol) [0x00007FF63ABE68D4]
	BaseThreadInitThunk [0x00007FF9494C257D+29]
	RtlUserThreadStart [0x00007FF94AC4AA58+40]

2024-04-04 16:25:02,560 [INFO] automation Element located by //div[@class='tableFixHead']/table/tbody/tr[contains(@class,'even_col')][1] is present.
2024-04-04 16:25:05,283 [INFO] automation Element located by //input[@formcontrolname='title'] is present.
2024-04-04 16:27:01,541 [INFO] automation Element located by //input[@formcontrolname='title'] is present.
