2024-03-22 11:27:42,498 [INFO] automation Test has started.
2024-03-22 11:27:42,498 [INFO] automation Navigating to the https://chorusqa.cogninelabs.com/
2024-03-22 11:27:46,552 [ERROR] automation Element located by i0116 is not present. Message: no such element: Unable to locate element: {"method":"css selector","selector":"[id="i0116"]"}
  (Session info: chrome=122.0.6261.129); For documentation on this error, please visit: https://www.selenium.dev/documentation/webdriver/troubleshooting/errors#no-such-element-exception
Stacktrace:
	GetHandleVerifier [0x00007FF66163AD02+56930]
	(No symbol) [0x00007FF6615AF602]
	(No symbol) [0x00007FF6614642E5]
	(No symbol) [0x00007FF6614A98ED]
	(No symbol) [0x00007FF6614A9A2C]
	(No symbol) [0x00007FF6614EA967]
	(No symbol) [0x00007FF6614CBCDF]
	(No symbol) [0x00007FF6614E81E2]
	(No symbol) [0x00007FF6614CBA43]
	(No symbol) [0x00007FF66149D438]
	(No symbol) [0x00007FF66149E4D1]
	GetHandleVerifier [0x00007FF6619B6F8D+3711213]
	GetHandleVerifier [0x00007FF661A104CD+4077101]
	GetHandleVerifier [0x00007FF661A0865F+4044735]
	GetHandleVerifier [0x00007FF6616D9736+706710]
	(No symbol) [0x00007FF6615BB8DF]
	(No symbol) [0x00007FF6615B6AC4]
	(No symbol) [0x00007FF6615B6C1C]
	(No symbol) [0x00007FF6615A68D4]
	BaseThreadInitThunk [0x00007FFC367A257D+29]
	RtlUserThreadStart [0x00007FFC3736AA58+40]

2024-03-22 11:27:46,616 [ERROR] automation Element located by i0116 is not present. Message: no such element: Unable to locate element: {"method":"css selector","selector":"[id="i0116"]"}
  (Session info: chrome=122.0.6261.129); For documentation on this error, please visit: https://www.selenium.dev/documentation/webdriver/troubleshooting/errors#no-such-element-exception
Stacktrace:
	GetHandleVerifier [0x00007FF66163AD02+56930]
	(No symbol) [0x00007FF6615AF602]
	(No symbol) [0x00007FF6614642E5]
	(No symbol) [0x00007FF6614A98ED]
	(No symbol) [0x00007FF6614A9A2C]
	(No symbol) [0x00007FF6614EA967]
	(No symbol) [0x00007FF6614CBCDF]
	(No symbol) [0x00007FF6614E81E2]
	(No symbol) [0x00007FF6614CBA43]
	(No symbol) [0x00007FF66149D438]
	(No symbol) [0x00007FF66149E4D1]
	GetHandleVerifier [0x00007FF6619B6F8D+3711213]
	GetHandleVerifier [0x00007FF661A104CD+4077101]
	GetHandleVerifier [0x00007FF661A0865F+4044735]
	GetHandleVerifier [0x00007FF6616D9736+706710]
	(No symbol) [0x00007FF6615BB8DF]
	(No symbol) [0x00007FF6615B6AC4]
	(No symbol) [0x00007FF6615B6C1C]
	(No symbol) [0x00007FF6615A68D4]
	BaseThreadInitThunk [0x00007FFC367A257D+29]
	RtlUserThreadStart [0x00007FFC3736AA58+40]

2024-03-22 11:27:46,675 [ERROR] automation Element located by i0116 is not present. Message: no such element: Unable to locate element: {"method":"css selector","selector":"[id="i0116"]"}
  (Session info: chrome=122.0.6261.129); For documentation on this error, please visit: https://www.selenium.dev/documentation/webdriver/troubleshooting/errors#no-such-element-exception
Stacktrace:
	GetHandleVerifier [0x00007FF66163AD02+56930]
	(No symbol) [0x00007FF6615AF602]
	(No symbol) [0x00007FF6614642E5]
	(No symbol) [0x00007FF6614A98ED]
	(No symbol) [0x00007FF6614A9A2C]
	(No symbol) [0x00007FF6614EA967]
	(No symbol) [0x00007FF6614CBCDF]
	(No symbol) [0x00007FF6614E81E2]
	(No symbol) [0x00007FF6614CBA43]
	(No symbol) [0x00007FF66149D438]
	(No symbol) [0x00007FF66149E4D1]
	GetHandleVerifier [0x00007FF6619B6F8D+3711213]
	GetHandleVerifier [0x00007FF661A104CD+4077101]
	GetHandleVerifier [0x00007FF661A0865F+4044735]
	GetHandleVerifier [0x00007FF6616D9736+706710]
	(No symbol) [0x00007FF6615BB8DF]
	(No symbol) [0x00007FF6615B6AC4]
	(No symbol) [0x00007FF6615B6C1C]
	(No symbol) [0x00007FF6615A68D4]
	BaseThreadInitThunk [0x00007FFC367A257D+29]
	RtlUserThreadStart [0x00007FFC3736AA58+40]

2024-03-22 11:27:46,735 [ERROR] automation Element located by i0116 is not present. Message: no such element: Unable to locate element: {"method":"css selector","selector":"[id="i0116"]"}
  (Session info: chrome=122.0.6261.129); For documentation on this error, please visit: https://www.selenium.dev/documentation/webdriver/troubleshooting/errors#no-such-element-exception
Stacktrace:
	GetHandleVerifier [0x00007FF66163AD02+56930]
	(No symbol) [0x00007FF6615AF602]
	(No symbol) [0x00007FF6614642E5]
	(No symbol) [0x00007FF6614A98ED]
	(No symbol) [0x00007FF6614A9A2C]
	(No symbol) [0x00007FF6614EA967]
	(No symbol) [0x00007FF6614CBCDF]
	(No symbol) [0x00007FF6614E81E2]
	(No symbol) [0x00007FF6614CBA43]
	(No symbol) [0x00007FF66149D438]
	(No symbol) [0x00007FF66149E4D1]
	GetHandleVerifier [0x00007FF6619B6F8D+3711213]
	GetHandleVerifier [0x00007FF661A104CD+4077101]
	GetHandleVerifier [0x00007FF661A0865F+4044735]
	GetHandleVerifier [0x00007FF6616D9736+706710]
	(No symbol) [0x00007FF6615BB8DF]
	(No symbol) [0x00007FF6615B6AC4]
	(No symbol) [0x00007FF6615B6C1C]
	(No symbol) [0x00007FF6615A68D4]
	BaseThreadInitThunk [0x00007FFC367A257D+29]
	RtlUserThreadStart [0x00007FFC3736AA58+40]

2024-03-22 11:27:46,797 [ERROR] automation Element located by i0116 is not present. Message: no such element: Unable to locate element: {"method":"css selector","selector":"[id="i0116"]"}
  (Session info: chrome=122.0.6261.129); For documentation on this error, please visit: https://www.selenium.dev/documentation/webdriver/troubleshooting/errors#no-such-element-exception
Stacktrace:
	GetHandleVerifier [0x00007FF66163AD02+56930]
	(No symbol) [0x00007FF6615AF602]
	(No symbol) [0x00007FF6614642E5]
	(No symbol) [0x00007FF6614A98ED]
	(No symbol) [0x00007FF6614A9A2C]
	(No symbol) [0x00007FF6614EA967]
	(No symbol) [0x00007FF6614CBCDF]
	(No symbol) [0x00007FF6614E81E2]
	(No symbol) [0x00007FF6614CBA43]
	(No symbol) [0x00007FF66149D438]
	(No symbol) [0x00007FF66149E4D1]
	GetHandleVerifier [0x00007FF6619B6F8D+3711213]
	GetHandleVerifier [0x00007FF661A104CD+4077101]
	GetHandleVerifier [0x00007FF661A0865F+4044735]
	GetHandleVerifier [0x00007FF6616D9736+706710]
	(No symbol) [0x00007FF6615BB8DF]
	(No symbol) [0x00007FF6615B6AC4]
	(No symbol) [0x00007FF6615B6C1C]
	(No symbol) [0x00007FF6615A68D4]
	BaseThreadInitThunk [0x00007FFC367A257D+29]
	RtlUserThreadStart [0x00007FFC3736AA58+40]

2024-03-22 11:27:46,860 [ERROR] automation Element located by i0116 is not present. Message: no such element: Unable to locate element: {"method":"css selector","selector":"[id="i0116"]"}
  (Session info: chrome=122.0.6261.129); For documentation on this error, please visit: https://www.selenium.dev/documentation/webdriver/troubleshooting/errors#no-such-element-exception
Stacktrace:
	GetHandleVerifier [0x00007FF66163AD02+56930]
	(No symbol) [0x00007FF6615AF602]
	(No symbol) [0x00007FF6614642E5]
	(No symbol) [0x00007FF6614A98ED]
	(No symbol) [0x00007FF6614A9A2C]
	(No symbol) [0x00007FF6614EA967]
	(No symbol) [0x00007FF6614CBCDF]
	(No symbol) [0x00007FF6614E81E2]
	(No symbol) [0x00007FF6614CBA43]
	(No symbol) [0x00007FF66149D438]
	(No symbol) [0x00007FF66149E4D1]
	GetHandleVerifier [0x00007FF6619B6F8D+3711213]
	GetHandleVerifier [0x00007FF661A104CD+4077101]
	GetHandleVerifier [0x00007FF661A0865F+4044735]
	GetHandleVerifier [0x00007FF6616D9736+706710]
	(No symbol) [0x00007FF6615BB8DF]
	(No symbol) [0x00007FF6615B6AC4]
	(No symbol) [0x00007FF6615B6C1C]
	(No symbol) [0x00007FF6615A68D4]
	BaseThreadInitThunk [0x00007FFC367A257D+29]
	RtlUserThreadStart [0x00007FFC3736AA58+40]

2024-03-22 11:27:47,807 [ERROR] automation Element located by i0116 is not present. Message: no such element: Unable to locate element: {"method":"css selector","selector":"[id="i0116"]"}
  (Session info: chrome=122.0.6261.129); For documentation on this error, please visit: https://www.selenium.dev/documentation/webdriver/troubleshooting/errors#no-such-element-exception
Stacktrace:
	GetHandleVerifier [0x00007FF66163AD02+56930]
	(No symbol) [0x00007FF6615AF602]
	(No symbol) [0x00007FF6614642E5]
	(No symbol) [0x00007FF6614A98ED]
	(No symbol) [0x00007FF6614A9A2C]
	(No symbol) [0x00007FF6614EA967]
	(No symbol) [0x00007FF6614CBCDF]
	(No symbol) [0x00007FF6614E81E2]
	(No symbol) [0x00007FF6614CBA43]
	(No symbol) [0x00007FF66149D438]
	(No symbol) [0x00007FF66149E4D1]
	GetHandleVerifier [0x00007FF6619B6F8D+3711213]
	GetHandleVerifier [0x00007FF661A104CD+4077101]
	GetHandleVerifier [0x00007FF661A0865F+4044735]
	GetHandleVerifier [0x00007FF6616D9736+706710]
	(No symbol) [0x00007FF6615BB8DF]
	(No symbol) [0x00007FF6615B6AC4]
	(No symbol) [0x00007FF6615B6C1C]
	(No symbol) [0x00007FF6615A68D4]
	BaseThreadInitThunk [0x00007FFC367A257D+29]
	RtlUserThreadStart [0x00007FFC3736AA58+40]

2024-03-22 11:27:47,879 [ERROR] automation Element located by i0116 is not present. Message: no such element: Unable to locate element: {"method":"css selector","selector":"[id="i0116"]"}
  (Session info: chrome=122.0.6261.129); For documentation on this error, please visit: https://www.selenium.dev/documentation/webdriver/troubleshooting/errors#no-such-element-exception
Stacktrace:
	GetHandleVerifier [0x00007FF66163AD02+56930]
	(No symbol) [0x00007FF6615AF602]
	(No symbol) [0x00007FF6614642E5]
	(No symbol) [0x00007FF6614A98ED]
	(No symbol) [0x00007FF6614A9A2C]
	(No symbol) [0x00007FF6614EA967]
	(No symbol) [0x00007FF6614CBCDF]
	(No symbol) [0x00007FF6614E81E2]
	(No symbol) [0x00007FF6614CBA43]
	(No symbol) [0x00007FF66149D438]
	(No symbol) [0x00007FF66149E4D1]
	GetHandleVerifier [0x00007FF6619B6F8D+3711213]
	GetHandleVerifier [0x00007FF661A104CD+4077101]
	GetHandleVerifier [0x00007FF661A0865F+4044735]
	GetHandleVerifier [0x00007FF6616D9736+706710]
	(No symbol) [0x00007FF6615BB8DF]
	(No symbol) [0x00007FF6615B6AC4]
	(No symbol) [0x00007FF6615B6C1C]
	(No symbol) [0x00007FF6615A68D4]
	BaseThreadInitThunk [0x00007FFC367A257D+29]
	RtlUserThreadStart [0x00007FFC3736AA58+40]

2024-03-22 11:27:47,939 [ERROR] automation Element located by i0116 is not present. Message: no such element: Unable to locate element: {"method":"css selector","selector":"[id="i0116"]"}
  (Session info: chrome=122.0.6261.129); For documentation on this error, please visit: https://www.selenium.dev/documentation/webdriver/troubleshooting/errors#no-such-element-exception
Stacktrace:
	GetHandleVerifier [0x00007FF66163AD02+56930]
	(No symbol) [0x00007FF6615AF602]
	(No symbol) [0x00007FF6614642E5]
	(No symbol) [0x00007FF6614A98ED]
	(No symbol) [0x00007FF6614A9A2C]
	(No symbol) [0x00007FF6614EA967]
	(No symbol) [0x00007FF6614CBCDF]
	(No symbol) [0x00007FF6614E81E2]
	(No symbol) [0x00007FF6614CBA43]
	(No symbol) [0x00007FF66149D438]
	(No symbol) [0x00007FF66149E4D1]
	GetHandleVerifier [0x00007FF6619B6F8D+3711213]
	GetHandleVerifier [0x00007FF661A104CD+4077101]
	GetHandleVerifier [0x00007FF661A0865F+4044735]
	GetHandleVerifier [0x00007FF6616D9736+706710]
	(No symbol) [0x00007FF6615BB8DF]
	(No symbol) [0x00007FF6615B6AC4]
	(No symbol) [0x00007FF6615B6C1C]
	(No symbol) [0x00007FF6615A68D4]
	BaseThreadInitThunk [0x00007FFC367A257D+29]
	RtlUserThreadStart [0x00007FFC3736AA58+40]

2024-03-22 11:27:48,001 [ERROR] automation Element located by i0116 is not present. Message: no such element: Unable to locate element: {"method":"css selector","selector":"[id="i0116"]"}
  (Session info: chrome=122.0.6261.129); For documentation on this error, please visit: https://www.selenium.dev/documentation/webdriver/troubleshooting/errors#no-such-element-exception
Stacktrace:
	GetHandleVerifier [0x00007FF66163AD02+56930]
	(No symbol) [0x00007FF6615AF602]
	(No symbol) [0x00007FF6614642E5]
	(No symbol) [0x00007FF6614A98ED]
	(No symbol) [0x00007FF6614A9A2C]
	(No symbol) [0x00007FF6614EA967]
	(No symbol) [0x00007FF6614CBCDF]
	(No symbol) [0x00007FF6614E81E2]
	(No symbol) [0x00007FF6614CBA43]
	(No symbol) [0x00007FF66149D438]
	(No symbol) [0x00007FF66149E4D1]
	GetHandleVerifier [0x00007FF6619B6F8D+3711213]
	GetHandleVerifier [0x00007FF661A104CD+4077101]
	GetHandleVerifier [0x00007FF661A0865F+4044735]
	GetHandleVerifier [0x00007FF6616D9736+706710]
	(No symbol) [0x00007FF6615BB8DF]
	(No symbol) [0x00007FF6615B6AC4]
	(No symbol) [0x00007FF6615B6C1C]
	(No symbol) [0x00007FF6615A68D4]
	BaseThreadInitThunk [0x00007FFC367A257D+29]
	RtlUserThreadStart [0x00007FFC3736AA58+40]

2024-03-22 11:27:48,065 [ERROR] automation Element located by i0116 is not present. Message: no such element: Unable to locate element: {"method":"css selector","selector":"[id="i0116"]"}
  (Session info: chrome=122.0.6261.129); For documentation on this error, please visit: https://www.selenium.dev/documentation/webdriver/troubleshooting/errors#no-such-element-exception
Stacktrace:
	GetHandleVerifier [0x00007FF66163AD02+56930]
	(No symbol) [0x00007FF6615AF602]
	(No symbol) [0x00007FF6614642E5]
	(No symbol) [0x00007FF6614A98ED]
	(No symbol) [0x00007FF6614A9A2C]
	(No symbol) [0x00007FF6614EA967]
	(No symbol) [0x00007FF6614CBCDF]
	(No symbol) [0x00007FF6614E81E2]
	(No symbol) [0x00007FF6614CBA43]
	(No symbol) [0x00007FF66149D438]
	(No symbol) [0x00007FF66149E4D1]
	GetHandleVerifier [0x00007FF6619B6F8D+3711213]
	GetHandleVerifier [0x00007FF661A104CD+4077101]
	GetHandleVerifier [0x00007FF661A0865F+4044735]
	GetHandleVerifier [0x00007FF6616D9736+706710]
	(No symbol) [0x00007FF6615BB8DF]
	(No symbol) [0x00007FF6615B6AC4]
	(No symbol) [0x00007FF6615B6C1C]
	(No symbol) [0x00007FF6615A68D4]
	BaseThreadInitThunk [0x00007FFC367A257D+29]
	RtlUserThreadStart [0x00007FFC3736AA58+40]

2024-03-22 11:27:48,174 [ERROR] automation Element located by i0116 is not present. Message: no such element: Unable to locate element: {"method":"css selector","selector":"[id="i0116"]"}
  (Session info: chrome=122.0.6261.129); For documentation on this error, please visit: https://www.selenium.dev/documentation/webdriver/troubleshooting/errors#no-such-element-exception
Stacktrace:
	GetHandleVerifier [0x00007FF66163AD02+56930]
	(No symbol) [0x00007FF6615AF602]
	(No symbol) [0x00007FF6614642E5]
	(No symbol) [0x00007FF6614A98ED]
	(No symbol) [0x00007FF6614A9A2C]
	(No symbol) [0x00007FF6614EA967]
	(No symbol) [0x00007FF6614CBCDF]
	(No symbol) [0x00007FF6614E81E2]
	(No symbol) [0x00007FF6614CBA43]
	(No symbol) [0x00007FF66149D438]
	(No symbol) [0x00007FF66149E4D1]
	GetHandleVerifier [0x00007FF6619B6F8D+3711213]
	GetHandleVerifier [0x00007FF661A104CD+4077101]
	GetHandleVerifier [0x00007FF661A0865F+4044735]
	GetHandleVerifier [0x00007FF6616D9736+706710]
	(No symbol) [0x00007FF6615BB8DF]
	(No symbol) [0x00007FF6615B6AC4]
	(No symbol) [0x00007FF6615B6C1C]
	(No symbol) [0x00007FF6615A68D4]
	BaseThreadInitThunk [0x00007FFC367A257D+29]
	RtlUserThreadStart [0x00007FFC3736AA58+40]

2024-03-22 11:27:48,327 [INFO] automation Element located by i0116 is present.
2024-03-22 11:27:55,108 [INFO] automation Element located by //div[@class='logo'] is present.
2024-03-22 11:27:57,656 [INFO] automation CPU Percent: 10.7	Virtual Memory: svmem(total=12635017216, available=1848320000, percent=85.4, used=10786697216, free=1848320000)
2024-03-22 11:27:57,762 [INFO] automation screenshot logged as: C:\Users\Thanusha Kotaprolu\Automation Projects\cognine-crm-automation\RunExecutionScripts\common\logs\screenshots\test_crm_template_page_smoke_test__fail2211275780e5.png
2024-03-22 11:27:57,762 [ERROR] automation Test failed.
