2024-04-05 11:56:52,979 [INFO] automation Test has started.
2024-04-05 11:56:52,980 [INFO] automation Navigating to the https://chorusqa.cogninelabs.com/
2024-04-05 11:57:00,626 [ERROR] automation Element located by i0116 is not present. Message: no such element: Unable to locate element: {"method":"css selector","selector":"[id="i0116"]"}
  (Session info: chrome=123.0.6312.106); For documentation on this error, please visit: https://www.selenium.dev/documentation/webdriver/troubleshooting/errors#no-such-element-exception
Stacktrace:
	GetHandleVerifier [0x00007FF7C2097072+63090]
	(No symbol) [0x00007FF7C2002CC2]
	(No symbol) [0x00007FF7C1E9EC65]
	(No symbol) [0x00007FF7C1EE499D]
	(No symbol) [0x00007FF7C1EE4ADC]
	(No symbol) [0x00007FF7C1F25B37]
	(No symbol) [0x00007FF7C1F0701F]
	(No symbol) [0x00007FF7C1F23412]
	(No symbol) [0x00007FF7C1F06D83]
	(No symbol) [0x00007FF7C1ED83A8]
	(No symbol) [0x00007FF7C1ED9441]
	GetHandleVerifier [0x00007FF7C24925CD+4238285]
	GetHandleVerifier [0x00007FF7C24CF72D+4488493]
	GetHandleVerifier [0x00007FF7C24C7A0F+4456463]
	GetHandleVerifier [0x00007FF7C21705B6+953270]
	(No symbol) [0x00007FF7C200E58F]
	(No symbol) [0x00007FF7C2009264]
	(No symbol) [0x00007FF7C200939B]
	(No symbol) [0x00007FF7C1FF9BD4]
	BaseThreadInitThunk [0x00007FFD2520257D+29]
	RtlUserThreadStart [0x00007FFD25F4AA58+40]

2024-04-05 11:57:00,698 [ERROR] automation Element located by i0116 is not present. Message: no such element: Unable to locate element: {"method":"css selector","selector":"[id="i0116"]"}
  (Session info: chrome=123.0.6312.106); For documentation on this error, please visit: https://www.selenium.dev/documentation/webdriver/troubleshooting/errors#no-such-element-exception
Stacktrace:
	GetHandleVerifier [0x00007FF7C2097072+63090]
	(No symbol) [0x00007FF7C2002CC2]
	(No symbol) [0x00007FF7C1E9EC65]
	(No symbol) [0x00007FF7C1EE499D]
	(No symbol) [0x00007FF7C1EE4ADC]
	(No symbol) [0x00007FF7C1F25B37]
	(No symbol) [0x00007FF7C1F0701F]
	(No symbol) [0x00007FF7C1F23412]
	(No symbol) [0x00007FF7C1F06D83]
	(No symbol) [0x00007FF7C1ED83A8]
	(No symbol) [0x00007FF7C1ED9441]
	GetHandleVerifier [0x00007FF7C24925CD+4238285]
	GetHandleVerifier [0x00007FF7C24CF72D+4488493]
	GetHandleVerifier [0x00007FF7C24C7A0F+4456463]
	GetHandleVerifier [0x00007FF7C21705B6+953270]
	(No symbol) [0x00007FF7C200E58F]
	(No symbol) [0x00007FF7C2009264]
	(No symbol) [0x00007FF7C200939B]
	(No symbol) [0x00007FF7C1FF9BD4]
	BaseThreadInitThunk [0x00007FFD2520257D+29]
	RtlUserThreadStart [0x00007FFD25F4AA58+40]

2024-04-05 11:57:00,765 [ERROR] automation Element located by i0116 is not present. Message: no such element: Unable to locate element: {"method":"css selector","selector":"[id="i0116"]"}
  (Session info: chrome=123.0.6312.106); For documentation on this error, please visit: https://www.selenium.dev/documentation/webdriver/troubleshooting/errors#no-such-element-exception
Stacktrace:
	GetHandleVerifier [0x00007FF7C2097072+63090]
	(No symbol) [0x00007FF7C2002CC2]
	(No symbol) [0x00007FF7C1E9EC65]
	(No symbol) [0x00007FF7C1EE499D]
	(No symbol) [0x00007FF7C1EE4ADC]
	(No symbol) [0x00007FF7C1F25B37]
	(No symbol) [0x00007FF7C1F0701F]
	(No symbol) [0x00007FF7C1F23412]
	(No symbol) [0x00007FF7C1F06D83]
	(No symbol) [0x00007FF7C1ED83A8]
	(No symbol) [0x00007FF7C1ED9441]
	GetHandleVerifier [0x00007FF7C24925CD+4238285]
	GetHandleVerifier [0x00007FF7C24CF72D+4488493]
	GetHandleVerifier [0x00007FF7C24C7A0F+4456463]
	GetHandleVerifier [0x00007FF7C21705B6+953270]
	(No symbol) [0x00007FF7C200E58F]
	(No symbol) [0x00007FF7C2009264]
	(No symbol) [0x00007FF7C200939B]
	(No symbol) [0x00007FF7C1FF9BD4]
	BaseThreadInitThunk [0x00007FFD2520257D+29]
	RtlUserThreadStart [0x00007FFD25F4AA58+40]

2024-04-05 11:57:00,833 [ERROR] automation Element located by i0116 is not present. Message: no such element: Unable to locate element: {"method":"css selector","selector":"[id="i0116"]"}
  (Session info: chrome=123.0.6312.106); For documentation on this error, please visit: https://www.selenium.dev/documentation/webdriver/troubleshooting/errors#no-such-element-exception
Stacktrace:
	GetHandleVerifier [0x00007FF7C2097072+63090]
	(No symbol) [0x00007FF7C2002CC2]
	(No symbol) [0x00007FF7C1E9EC65]
	(No symbol) [0x00007FF7C1EE499D]
	(No symbol) [0x00007FF7C1EE4ADC]
	(No symbol) [0x00007FF7C1F25B37]
	(No symbol) [0x00007FF7C1F0701F]
	(No symbol) [0x00007FF7C1F23412]
	(No symbol) [0x00007FF7C1F06D83]
	(No symbol) [0x00007FF7C1ED83A8]
	(No symbol) [0x00007FF7C1ED9441]
	GetHandleVerifier [0x00007FF7C24925CD+4238285]
	GetHandleVerifier [0x00007FF7C24CF72D+4488493]
	GetHandleVerifier [0x00007FF7C24C7A0F+4456463]
	GetHandleVerifier [0x00007FF7C21705B6+953270]
	(No symbol) [0x00007FF7C200E58F]
	(No symbol) [0x00007FF7C2009264]
	(No symbol) [0x00007FF7C200939B]
	(No symbol) [0x00007FF7C1FF9BD4]
	BaseThreadInitThunk [0x00007FFD2520257D+29]
	RtlUserThreadStart [0x00007FFD25F4AA58+40]

2024-04-05 11:57:00,901 [ERROR] automation Element located by i0116 is not present. Message: no such element: Unable to locate element: {"method":"css selector","selector":"[id="i0116"]"}
  (Session info: chrome=123.0.6312.106); For documentation on this error, please visit: https://www.selenium.dev/documentation/webdriver/troubleshooting/errors#no-such-element-exception
Stacktrace:
	GetHandleVerifier [0x00007FF7C2097072+63090]
	(No symbol) [0x00007FF7C2002CC2]
	(No symbol) [0x00007FF7C1E9EC65]
	(No symbol) [0x00007FF7C1EE499D]
	(No symbol) [0x00007FF7C1EE4ADC]
	(No symbol) [0x00007FF7C1F25B37]
	(No symbol) [0x00007FF7C1F0701F]
	(No symbol) [0x00007FF7C1F23412]
	(No symbol) [0x00007FF7C1F06D83]
	(No symbol) [0x00007FF7C1ED83A8]
	(No symbol) [0x00007FF7C1ED9441]
	GetHandleVerifier [0x00007FF7C24925CD+4238285]
	GetHandleVerifier [0x00007FF7C24CF72D+4488493]
	GetHandleVerifier [0x00007FF7C24C7A0F+4456463]
	GetHandleVerifier [0x00007FF7C21705B6+953270]
	(No symbol) [0x00007FF7C200E58F]
	(No symbol) [0x00007FF7C2009264]
	(No symbol) [0x00007FF7C200939B]
	(No symbol) [0x00007FF7C1FF9BD4]
	BaseThreadInitThunk [0x00007FFD2520257D+29]
	RtlUserThreadStart [0x00007FFD25F4AA58+40]

2024-04-05 11:57:00,971 [ERROR] automation Element located by i0116 is not present. Message: no such element: Unable to locate element: {"method":"css selector","selector":"[id="i0116"]"}
  (Session info: chrome=123.0.6312.106); For documentation on this error, please visit: https://www.selenium.dev/documentation/webdriver/troubleshooting/errors#no-such-element-exception
Stacktrace:
	GetHandleVerifier [0x00007FF7C2097072+63090]
	(No symbol) [0x00007FF7C2002CC2]
	(No symbol) [0x00007FF7C1E9EC65]
	(No symbol) [0x00007FF7C1EE499D]
	(No symbol) [0x00007FF7C1EE4ADC]
	(No symbol) [0x00007FF7C1F25B37]
	(No symbol) [0x00007FF7C1F0701F]
	(No symbol) [0x00007FF7C1F23412]
	(No symbol) [0x00007FF7C1F06D83]
	(No symbol) [0x00007FF7C1ED83A8]
	(No symbol) [0x00007FF7C1ED9441]
	GetHandleVerifier [0x00007FF7C24925CD+4238285]
	GetHandleVerifier [0x00007FF7C24CF72D+4488493]
	GetHandleVerifier [0x00007FF7C24C7A0F+4456463]
	GetHandleVerifier [0x00007FF7C21705B6+953270]
	(No symbol) [0x00007FF7C200E58F]
	(No symbol) [0x00007FF7C2009264]
	(No symbol) [0x00007FF7C200939B]
	(No symbol) [0x00007FF7C1FF9BD4]
	BaseThreadInitThunk [0x00007FFD2520257D+29]
	RtlUserThreadStart [0x00007FFD25F4AA58+40]

2024-04-05 11:57:01,960 [ERROR] automation Element located by i0116 is not present. Message: no such element: Unable to locate element: {"method":"css selector","selector":"[id="i0116"]"}
  (Session info: chrome=123.0.6312.106); For documentation on this error, please visit: https://www.selenium.dev/documentation/webdriver/troubleshooting/errors#no-such-element-exception
Stacktrace:
	GetHandleVerifier [0x00007FF7C2097072+63090]
	(No symbol) [0x00007FF7C2002CC2]
	(No symbol) [0x00007FF7C1E9EC65]
	(No symbol) [0x00007FF7C1EE499D]
	(No symbol) [0x00007FF7C1EE4ADC]
	(No symbol) [0x00007FF7C1F25B37]
	(No symbol) [0x00007FF7C1F0701F]
	(No symbol) [0x00007FF7C1F23412]
	(No symbol) [0x00007FF7C1F06D83]
	(No symbol) [0x00007FF7C1ED83A8]
	(No symbol) [0x00007FF7C1ED9441]
	GetHandleVerifier [0x00007FF7C24925CD+4238285]
	GetHandleVerifier [0x00007FF7C24CF72D+4488493]
	GetHandleVerifier [0x00007FF7C24C7A0F+4456463]
	GetHandleVerifier [0x00007FF7C21705B6+953270]
	(No symbol) [0x00007FF7C200E58F]
	(No symbol) [0x00007FF7C2009264]
	(No symbol) [0x00007FF7C200939B]
	(No symbol) [0x00007FF7C1FF9BD4]
	BaseThreadInitThunk [0x00007FFD2520257D+29]
	RtlUserThreadStart [0x00007FFD25F4AA58+40]

2024-04-05 11:57:02,020 [ERROR] automation Element located by i0116 is not present. Message: no such element: Unable to locate element: {"method":"css selector","selector":"[id="i0116"]"}
  (Session info: chrome=123.0.6312.106); For documentation on this error, please visit: https://www.selenium.dev/documentation/webdriver/troubleshooting/errors#no-such-element-exception
Stacktrace:
	GetHandleVerifier [0x00007FF7C2097072+63090]
	(No symbol) [0x00007FF7C2002CC2]
	(No symbol) [0x00007FF7C1E9EC65]
	(No symbol) [0x00007FF7C1EE499D]
	(No symbol) [0x00007FF7C1EE4ADC]
	(No symbol) [0x00007FF7C1F25B37]
	(No symbol) [0x00007FF7C1F0701F]
	(No symbol) [0x00007FF7C1F23412]
	(No symbol) [0x00007FF7C1F06D83]
	(No symbol) [0x00007FF7C1ED83A8]
	(No symbol) [0x00007FF7C1ED9441]
	GetHandleVerifier [0x00007FF7C24925CD+4238285]
	GetHandleVerifier [0x00007FF7C24CF72D+4488493]
	GetHandleVerifier [0x00007FF7C24C7A0F+4456463]
	GetHandleVerifier [0x00007FF7C21705B6+953270]
	(No symbol) [0x00007FF7C200E58F]
	(No symbol) [0x00007FF7C2009264]
	(No symbol) [0x00007FF7C200939B]
	(No symbol) [0x00007FF7C1FF9BD4]
	BaseThreadInitThunk [0x00007FFD2520257D+29]
	RtlUserThreadStart [0x00007FFD25F4AA58+40]

2024-04-05 11:57:02,082 [ERROR] automation Element located by i0116 is not present. Message: no such element: Unable to locate element: {"method":"css selector","selector":"[id="i0116"]"}
  (Session info: chrome=123.0.6312.106); For documentation on this error, please visit: https://www.selenium.dev/documentation/webdriver/troubleshooting/errors#no-such-element-exception
Stacktrace:
	GetHandleVerifier [0x00007FF7C2097072+63090]
	(No symbol) [0x00007FF7C2002CC2]
	(No symbol) [0x00007FF7C1E9EC65]
	(No symbol) [0x00007FF7C1EE499D]
	(No symbol) [0x00007FF7C1EE4ADC]
	(No symbol) [0x00007FF7C1F25B37]
	(No symbol) [0x00007FF7C1F0701F]
	(No symbol) [0x00007FF7C1F23412]
	(No symbol) [0x00007FF7C1F06D83]
	(No symbol) [0x00007FF7C1ED83A8]
	(No symbol) [0x00007FF7C1ED9441]
	GetHandleVerifier [0x00007FF7C24925CD+4238285]
	GetHandleVerifier [0x00007FF7C24CF72D+4488493]
	GetHandleVerifier [0x00007FF7C24C7A0F+4456463]
	GetHandleVerifier [0x00007FF7C21705B6+953270]
	(No symbol) [0x00007FF7C200E58F]
	(No symbol) [0x00007FF7C2009264]
	(No symbol) [0x00007FF7C200939B]
	(No symbol) [0x00007FF7C1FF9BD4]
	BaseThreadInitThunk [0x00007FFD2520257D+29]
	RtlUserThreadStart [0x00007FFD25F4AA58+40]

2024-04-05 11:57:02,152 [ERROR] automation Element located by i0116 is not present. Message: no such element: Unable to locate element: {"method":"css selector","selector":"[id="i0116"]"}
  (Session info: chrome=123.0.6312.106); For documentation on this error, please visit: https://www.selenium.dev/documentation/webdriver/troubleshooting/errors#no-such-element-exception
Stacktrace:
	GetHandleVerifier [0x00007FF7C2097072+63090]
	(No symbol) [0x00007FF7C2002CC2]
	(No symbol) [0x00007FF7C1E9EC65]
	(No symbol) [0x00007FF7C1EE499D]
	(No symbol) [0x00007FF7C1EE4ADC]
	(No symbol) [0x00007FF7C1F25B37]
	(No symbol) [0x00007FF7C1F0701F]
	(No symbol) [0x00007FF7C1F23412]
	(No symbol) [0x00007FF7C1F06D83]
	(No symbol) [0x00007FF7C1ED83A8]
	(No symbol) [0x00007FF7C1ED9441]
	GetHandleVerifier [0x00007FF7C24925CD+4238285]
	GetHandleVerifier [0x00007FF7C24CF72D+4488493]
	GetHandleVerifier [0x00007FF7C24C7A0F+4456463]
	GetHandleVerifier [0x00007FF7C21705B6+953270]
	(No symbol) [0x00007FF7C200E58F]
	(No symbol) [0x00007FF7C2009264]
	(No symbol) [0x00007FF7C200939B]
	(No symbol) [0x00007FF7C1FF9BD4]
	BaseThreadInitThunk [0x00007FFD2520257D+29]
	RtlUserThreadStart [0x00007FFD25F4AA58+40]

2024-04-05 11:57:02,310 [INFO] automation Element located by i0116 is present.
2024-04-05 11:57:09,453 [INFO] automation Element located by //div[@class='logo'] is present.
2024-04-05 11:57:13,574 [INFO] automation Element located by //div[@class='tableFixHead']/table/tbody/tr[contains(@class,'even_col')][1] is present.
2024-04-05 11:57:16,146 [INFO] automation Element located by //input[@formcontrolname='title'] is present.
2024-04-05 11:57:16,157 [INFO] automation Element located by //input[@formcontrolname='title'] is present.
2024-04-05 11:57:20,736 [ERROR] automation Element located by //div[@role='alert' and contains(text(),'success') or contains(text(),'Success')] is not present. Message: no such element: Unable to locate element: {"method":"xpath","selector":"//div[@role='alert' and contains(text(),'success') or contains(text(),'Success')]"}
  (Session info: chrome=123.0.6312.106); For documentation on this error, please visit: https://www.selenium.dev/documentation/webdriver/troubleshooting/errors#no-such-element-exception
Stacktrace:
	GetHandleVerifier [0x00007FF7C2097072+63090]
	(No symbol) [0x00007FF7C2002CC2]
	(No symbol) [0x00007FF7C1E9EC65]
	(No symbol) [0x00007FF7C1EE499D]
	(No symbol) [0x00007FF7C1EE4ADC]
	(No symbol) [0x00007FF7C1F25B37]
	(No symbol) [0x00007FF7C1F0701F]
	(No symbol) [0x00007FF7C1F23412]
	(No symbol) [0x00007FF7C1F06D83]
	(No symbol) [0x00007FF7C1ED83A8]
	(No symbol) [0x00007FF7C1ED9441]
	GetHandleVerifier [0x00007FF7C24925CD+4238285]
	GetHandleVerifier [0x00007FF7C24CF72D+4488493]
	GetHandleVerifier [0x00007FF7C24C7A0F+4456463]
	GetHandleVerifier [0x00007FF7C21705B6+953270]
	(No symbol) [0x00007FF7C200E58F]
	(No symbol) [0x00007FF7C2009264]
	(No symbol) [0x00007FF7C200939B]
	(No symbol) [0x00007FF7C1FF9BD4]
	BaseThreadInitThunk [0x00007FFD2520257D+29]
	RtlUserThreadStart [0x00007FFD25F4AA58+40]

2024-04-05 11:57:20,811 [INFO] automation Element located by //div[@role='alert' and contains(text(),'success') or contains(text(),'Success')] is present.
2024-04-05 11:57:20,812 [INFO] automation Test passed.
