2024-04-03 13:24:09,403 [INFO] automation Test has started.
2024-04-03 13:24:09,404 [INFO] automation Navigating to the https://chorusqa.cogninelabs.com/
2024-04-03 13:24:14,243 [ERROR] automation Element located by i0116 is not present. Message: no such element: Unable to locate element: {"method":"css selector","selector":"[id="i0116"]"}
  (Session info: chrome=122.0.6261.131); For documentation on this error, please visit: https://www.selenium.dev/documentation/webdriver/troubleshooting/errors#no-such-element-exception
Stacktrace:
	GetHandleVerifier [0x00007FF6CEA6AD02+56930]
	(No symbol) [0x00007FF6CE9DF602]
	(No symbol) [0x00007FF6CE8942E5]
	(No symbol) [0x00007FF6CE8D98ED]
	(No symbol) [0x00007FF6CE8D9A2C]
	(No symbol) [0x00007FF6CE91A967]
	(No symbol) [0x00007FF6CE8FBCDF]
	(No symbol) [0x00007FF6CE9181E2]
	(No symbol) [0x00007FF6CE8FBA43]
	(No symbol) [0x00007FF6CE8CD438]
	(No symbol) [0x00007FF6CE8CE4D1]
	GetHandleVerifier [0x00007FF6CEDE6F8D+3711213]
	GetHandleVerifier [0x00007FF6CEE404CD+4077101]
	GetHandleVerifier [0x00007FF6CEE3865F+4044735]
	GetHandleVerifier [0x00007FF6CEB09736+706710]
	(No symbol) [0x00007FF6CE9EB8DF]
	(No symbol) [0x00007FF6CE9E6AC4]
	(No symbol) [0x00007FF6CE9E6C1C]
	(No symbol) [0x00007FF6CE9D68D4]
	BaseThreadInitThunk [0x00007FF9494C257D+29]
	RtlUserThreadStart [0x00007FF94AC4AA58+40]

2024-04-03 13:24:14,314 [ERROR] automation Element located by i0116 is not present. Message: no such element: Unable to locate element: {"method":"css selector","selector":"[id="i0116"]"}
  (Session info: chrome=122.0.6261.131); For documentation on this error, please visit: https://www.selenium.dev/documentation/webdriver/troubleshooting/errors#no-such-element-exception
Stacktrace:
	GetHandleVerifier [0x00007FF6CEA6AD02+56930]
	(No symbol) [0x00007FF6CE9DF602]
	(No symbol) [0x00007FF6CE8942E5]
	(No symbol) [0x00007FF6CE8D98ED]
	(No symbol) [0x00007FF6CE8D9A2C]
	(No symbol) [0x00007FF6CE91A967]
	(No symbol) [0x00007FF6CE8FBCDF]
	(No symbol) [0x00007FF6CE9181E2]
	(No symbol) [0x00007FF6CE8FBA43]
	(No symbol) [0x00007FF6CE8CD438]
	(No symbol) [0x00007FF6CE8CE4D1]
	GetHandleVerifier [0x00007FF6CEDE6F8D+3711213]
	GetHandleVerifier [0x00007FF6CEE404CD+4077101]
	GetHandleVerifier [0x00007FF6CEE3865F+4044735]
	GetHandleVerifier [0x00007FF6CEB09736+706710]
	(No symbol) [0x00007FF6CE9EB8DF]
	(No symbol) [0x00007FF6CE9E6AC4]
	(No symbol) [0x00007FF6CE9E6C1C]
	(No symbol) [0x00007FF6CE9D68D4]
	BaseThreadInitThunk [0x00007FF9494C257D+29]
	RtlUserThreadStart [0x00007FF94AC4AA58+40]

2024-04-03 13:24:14,381 [ERROR] automation Element located by i0116 is not present. Message: no such element: Unable to locate element: {"method":"css selector","selector":"[id="i0116"]"}
  (Session info: chrome=122.0.6261.131); For documentation on this error, please visit: https://www.selenium.dev/documentation/webdriver/troubleshooting/errors#no-such-element-exception
Stacktrace:
	GetHandleVerifier [0x00007FF6CEA6AD02+56930]
	(No symbol) [0x00007FF6CE9DF602]
	(No symbol) [0x00007FF6CE8942E5]
	(No symbol) [0x00007FF6CE8D98ED]
	(No symbol) [0x00007FF6CE8D9A2C]
	(No symbol) [0x00007FF6CE91A967]
	(No symbol) [0x00007FF6CE8FBCDF]
	(No symbol) [0x00007FF6CE9181E2]
	(No symbol) [0x00007FF6CE8FBA43]
	(No symbol) [0x00007FF6CE8CD438]
	(No symbol) [0x00007FF6CE8CE4D1]
	GetHandleVerifier [0x00007FF6CEDE6F8D+3711213]
	GetHandleVerifier [0x00007FF6CEE404CD+4077101]
	GetHandleVerifier [0x00007FF6CEE3865F+4044735]
	GetHandleVerifier [0x00007FF6CEB09736+706710]
	(No symbol) [0x00007FF6CE9EB8DF]
	(No symbol) [0x00007FF6CE9E6AC4]
	(No symbol) [0x00007FF6CE9E6C1C]
	(No symbol) [0x00007FF6CE9D68D4]
	BaseThreadInitThunk [0x00007FF9494C257D+29]
	RtlUserThreadStart [0x00007FF94AC4AA58+40]

2024-04-03 13:24:14,448 [ERROR] automation Element located by i0116 is not present. Message: no such element: Unable to locate element: {"method":"css selector","selector":"[id="i0116"]"}
  (Session info: chrome=122.0.6261.131); For documentation on this error, please visit: https://www.selenium.dev/documentation/webdriver/troubleshooting/errors#no-such-element-exception
Stacktrace:
	GetHandleVerifier [0x00007FF6CEA6AD02+56930]
	(No symbol) [0x00007FF6CE9DF602]
	(No symbol) [0x00007FF6CE8942E5]
	(No symbol) [0x00007FF6CE8D98ED]
	(No symbol) [0x00007FF6CE8D9A2C]
	(No symbol) [0x00007FF6CE91A967]
	(No symbol) [0x00007FF6CE8FBCDF]
	(No symbol) [0x00007FF6CE9181E2]
	(No symbol) [0x00007FF6CE8FBA43]
	(No symbol) [0x00007FF6CE8CD438]
	(No symbol) [0x00007FF6CE8CE4D1]
	GetHandleVerifier [0x00007FF6CEDE6F8D+3711213]
	GetHandleVerifier [0x00007FF6CEE404CD+4077101]
	GetHandleVerifier [0x00007FF6CEE3865F+4044735]
	GetHandleVerifier [0x00007FF6CEB09736+706710]
	(No symbol) [0x00007FF6CE9EB8DF]
	(No symbol) [0x00007FF6CE9E6AC4]
	(No symbol) [0x00007FF6CE9E6C1C]
	(No symbol) [0x00007FF6CE9D68D4]
	BaseThreadInitThunk [0x00007FF9494C257D+29]
	RtlUserThreadStart [0x00007FF94AC4AA58+40]

2024-04-03 13:24:14,517 [ERROR] automation Element located by i0116 is not present. Message: no such element: Unable to locate element: {"method":"css selector","selector":"[id="i0116"]"}
  (Session info: chrome=122.0.6261.131); For documentation on this error, please visit: https://www.selenium.dev/documentation/webdriver/troubleshooting/errors#no-such-element-exception
Stacktrace:
	GetHandleVerifier [0x00007FF6CEA6AD02+56930]
	(No symbol) [0x00007FF6CE9DF602]
	(No symbol) [0x00007FF6CE8942E5]
	(No symbol) [0x00007FF6CE8D98ED]
	(No symbol) [0x00007FF6CE8D9A2C]
	(No symbol) [0x00007FF6CE91A967]
	(No symbol) [0x00007FF6CE8FBCDF]
	(No symbol) [0x00007FF6CE9181E2]
	(No symbol) [0x00007FF6CE8FBA43]
	(No symbol) [0x00007FF6CE8CD438]
	(No symbol) [0x00007FF6CE8CE4D1]
	GetHandleVerifier [0x00007FF6CEDE6F8D+3711213]
	GetHandleVerifier [0x00007FF6CEE404CD+4077101]
	GetHandleVerifier [0x00007FF6CEE3865F+4044735]
	GetHandleVerifier [0x00007FF6CEB09736+706710]
	(No symbol) [0x00007FF6CE9EB8DF]
	(No symbol) [0x00007FF6CE9E6AC4]
	(No symbol) [0x00007FF6CE9E6C1C]
	(No symbol) [0x00007FF6CE9D68D4]
	BaseThreadInitThunk [0x00007FF9494C257D+29]
	RtlUserThreadStart [0x00007FF94AC4AA58+40]

2024-04-03 13:24:14,582 [ERROR] automation Element located by i0116 is not present. Message: no such element: Unable to locate element: {"method":"css selector","selector":"[id="i0116"]"}
  (Session info: chrome=122.0.6261.131); For documentation on this error, please visit: https://www.selenium.dev/documentation/webdriver/troubleshooting/errors#no-such-element-exception
Stacktrace:
	GetHandleVerifier [0x00007FF6CEA6AD02+56930]
	(No symbol) [0x00007FF6CE9DF602]
	(No symbol) [0x00007FF6CE8942E5]
	(No symbol) [0x00007FF6CE8D98ED]
	(No symbol) [0x00007FF6CE8D9A2C]
	(No symbol) [0x00007FF6CE91A967]
	(No symbol) [0x00007FF6CE8FBCDF]
	(No symbol) [0x00007FF6CE9181E2]
	(No symbol) [0x00007FF6CE8FBA43]
	(No symbol) [0x00007FF6CE8CD438]
	(No symbol) [0x00007FF6CE8CE4D1]
	GetHandleVerifier [0x00007FF6CEDE6F8D+3711213]
	GetHandleVerifier [0x00007FF6CEE404CD+4077101]
	GetHandleVerifier [0x00007FF6CEE3865F+4044735]
	GetHandleVerifier [0x00007FF6CEB09736+706710]
	(No symbol) [0x00007FF6CE9EB8DF]
	(No symbol) [0x00007FF6CE9E6AC4]
	(No symbol) [0x00007FF6CE9E6C1C]
	(No symbol) [0x00007FF6CE9D68D4]
	BaseThreadInitThunk [0x00007FF9494C257D+29]
	RtlUserThreadStart [0x00007FF94AC4AA58+40]

2024-04-03 13:24:15,689 [ERROR] automation Element located by i0116 is not present. Message: no such element: Unable to locate element: {"method":"css selector","selector":"[id="i0116"]"}
  (Session info: chrome=122.0.6261.131); For documentation on this error, please visit: https://www.selenium.dev/documentation/webdriver/troubleshooting/errors#no-such-element-exception
Stacktrace:
	GetHandleVerifier [0x00007FF6CEA6AD02+56930]
	(No symbol) [0x00007FF6CE9DF602]
	(No symbol) [0x00007FF6CE8942E5]
	(No symbol) [0x00007FF6CE8D98ED]
	(No symbol) [0x00007FF6CE8D9A2C]
	(No symbol) [0x00007FF6CE91A967]
	(No symbol) [0x00007FF6CE8FBCDF]
	(No symbol) [0x00007FF6CE9181E2]
	(No symbol) [0x00007FF6CE8FBA43]
	(No symbol) [0x00007FF6CE8CD438]
	(No symbol) [0x00007FF6CE8CE4D1]
	GetHandleVerifier [0x00007FF6CEDE6F8D+3711213]
	GetHandleVerifier [0x00007FF6CEE404CD+4077101]
	GetHandleVerifier [0x00007FF6CEE3865F+4044735]
	GetHandleVerifier [0x00007FF6CEB09736+706710]
	(No symbol) [0x00007FF6CE9EB8DF]
	(No symbol) [0x00007FF6CE9E6AC4]
	(No symbol) [0x00007FF6CE9E6C1C]
	(No symbol) [0x00007FF6CE9D68D4]
	BaseThreadInitThunk [0x00007FF9494C257D+29]
	RtlUserThreadStart [0x00007FF94AC4AA58+40]

2024-04-03 13:24:15,759 [ERROR] automation Element located by i0116 is not present. Message: no such element: Unable to locate element: {"method":"css selector","selector":"[id="i0116"]"}
  (Session info: chrome=122.0.6261.131); For documentation on this error, please visit: https://www.selenium.dev/documentation/webdriver/troubleshooting/errors#no-such-element-exception
Stacktrace:
	GetHandleVerifier [0x00007FF6CEA6AD02+56930]
	(No symbol) [0x00007FF6CE9DF602]
	(No symbol) [0x00007FF6CE8942E5]
	(No symbol) [0x00007FF6CE8D98ED]
	(No symbol) [0x00007FF6CE8D9A2C]
	(No symbol) [0x00007FF6CE91A967]
	(No symbol) [0x00007FF6CE8FBCDF]
	(No symbol) [0x00007FF6CE9181E2]
	(No symbol) [0x00007FF6CE8FBA43]
	(No symbol) [0x00007FF6CE8CD438]
	(No symbol) [0x00007FF6CE8CE4D1]
	GetHandleVerifier [0x00007FF6CEDE6F8D+3711213]
	GetHandleVerifier [0x00007FF6CEE404CD+4077101]
	GetHandleVerifier [0x00007FF6CEE3865F+4044735]
	GetHandleVerifier [0x00007FF6CEB09736+706710]
	(No symbol) [0x00007FF6CE9EB8DF]
	(No symbol) [0x00007FF6CE9E6AC4]
	(No symbol) [0x00007FF6CE9E6C1C]
	(No symbol) [0x00007FF6CE9D68D4]
	BaseThreadInitThunk [0x00007FF9494C257D+29]
	RtlUserThreadStart [0x00007FF94AC4AA58+40]

2024-04-03 13:24:15,994 [INFO] automation Element located by i0116 is present.
2024-04-03 13:24:23,364 [INFO] automation Element located by //div[@class='logo'] is present.
2024-04-03 13:24:27,483 [INFO] automation Element located by //div[@class='tableFixHead']/table/tbody/tr[contains(@class,'even_col')][1] is present.
2024-04-03 13:24:30,027 [INFO] automation Element located by //input[@formcontrolname='email'] is present.
2024-04-03 13:24:30,036 [INFO] automation Element located by //input[@formcontrolname='email'] is present.
2024-04-03 13:24:30,512 [ERROR] automation Element located by //span[contains(text(),'Email Address already exists')] is not present. Message: no such element: Unable to locate element: {"method":"xpath","selector":"//span[contains(text(),'Email Address already exists')]"}
  (Session info: chrome=122.0.6261.131); For documentation on this error, please visit: https://www.selenium.dev/documentation/webdriver/troubleshooting/errors#no-such-element-exception
Stacktrace:
	GetHandleVerifier [0x00007FF6CEA6AD02+56930]
	(No symbol) [0x00007FF6CE9DF602]
	(No symbol) [0x00007FF6CE8942E5]
	(No symbol) [0x00007FF6CE8D98ED]
	(No symbol) [0x00007FF6CE8D9A2C]
	(No symbol) [0x00007FF6CE91A967]
	(No symbol) [0x00007FF6CE8FBCDF]
	(No symbol) [0x00007FF6CE9181E2]
	(No symbol) [0x00007FF6CE8FBA43]
	(No symbol) [0x00007FF6CE8CD438]
	(No symbol) [0x00007FF6CE8CE4D1]
	GetHandleVerifier [0x00007FF6CEDE6F8D+3711213]
	GetHandleVerifier [0x00007FF6CEE404CD+4077101]
	GetHandleVerifier [0x00007FF6CEE3865F+4044735]
	GetHandleVerifier [0x00007FF6CEB09736+706710]
	(No symbol) [0x00007FF6CE9EB8DF]
	(No symbol) [0x00007FF6CE9E6AC4]
	(No symbol) [0x00007FF6CE9E6C1C]
	(No symbol) [0x00007FF6CE9D68D4]
	BaseThreadInitThunk [0x00007FF9494C257D+29]
	RtlUserThreadStart [0x00007FF94AC4AA58+40]

2024-04-03 13:24:30,522 [ERROR] automation Element located by //div[@role='alert' and contains(text(),'success') or contains(text(),'Success')] is not present. Message: no such element: Unable to locate element: {"method":"xpath","selector":"//div[@role='alert' and contains(text(),'success') or contains(text(),'Success')]"}
  (Session info: chrome=122.0.6261.131); For documentation on this error, please visit: https://www.selenium.dev/documentation/webdriver/troubleshooting/errors#no-such-element-exception
Stacktrace:
	GetHandleVerifier [0x00007FF6CEA6AD02+56930]
	(No symbol) [0x00007FF6CE9DF602]
	(No symbol) [0x00007FF6CE8942E5]
	(No symbol) [0x00007FF6CE8D98ED]
	(No symbol) [0x00007FF6CE8D9A2C]
	(No symbol) [0x00007FF6CE91A967]
	(No symbol) [0x00007FF6CE8FBCDF]
	(No symbol) [0x00007FF6CE9181E2]
	(No symbol) [0x00007FF6CE8FBA43]
	(No symbol) [0x00007FF6CE8CD438]
	(No symbol) [0x00007FF6CE8CE4D1]
	GetHandleVerifier [0x00007FF6CEDE6F8D+3711213]
	GetHandleVerifier [0x00007FF6CEE404CD+4077101]
	GetHandleVerifier [0x00007FF6CEE3865F+4044735]
	GetHandleVerifier [0x00007FF6CEB09736+706710]
	(No symbol) [0x00007FF6CE9EB8DF]
	(No symbol) [0x00007FF6CE9E6AC4]
	(No symbol) [0x00007FF6CE9E6C1C]
	(No symbol) [0x00007FF6CE9D68D4]
	BaseThreadInitThunk [0x00007FF9494C257D+29]
	RtlUserThreadStart [0x00007FF94AC4AA58+40]

2024-04-03 13:24:30,524 [INFO] automation Test passed.
2024-04-03 13:24:30,547 [INFO] automation Test has started.
2024-04-03 13:24:30,547 [INFO] automation Navigating to the https://chorusqa.cogninelabs.com/
2024-04-03 13:24:37,069 [ERROR] automation Element located by i0116 is not present. Message: no such element: Unable to locate element: {"method":"css selector","selector":"[id="i0116"]"}
  (Session info: chrome=122.0.6261.131); For documentation on this error, please visit: https://www.selenium.dev/documentation/webdriver/troubleshooting/errors#no-such-element-exception
Stacktrace:
	GetHandleVerifier [0x00007FF6CEA6AD02+56930]
	(No symbol) [0x00007FF6CE9DF602]
	(No symbol) [0x00007FF6CE8942E5]
	(No symbol) [0x00007FF6CE8D98ED]
	(No symbol) [0x00007FF6CE8D9A2C]
	(No symbol) [0x00007FF6CE91A967]
	(No symbol) [0x00007FF6CE8FBCDF]
	(No symbol) [0x00007FF6CE9181E2]
	(No symbol) [0x00007FF6CE8FBA43]
	(No symbol) [0x00007FF6CE8CD438]
	(No symbol) [0x00007FF6CE8CE4D1]
	GetHandleVerifier [0x00007FF6CEDE6F8D+3711213]
	GetHandleVerifier [0x00007FF6CEE404CD+4077101]
	GetHandleVerifier [0x00007FF6CEE3865F+4044735]
	GetHandleVerifier [0x00007FF6CEB09736+706710]
	(No symbol) [0x00007FF6CE9EB8DF]
	(No symbol) [0x00007FF6CE9E6AC4]
	(No symbol) [0x00007FF6CE9E6C1C]
	(No symbol) [0x00007FF6CE9D68D4]
	BaseThreadInitThunk [0x00007FF9494C257D+29]
	RtlUserThreadStart [0x00007FF94AC4AA58+40]

2024-04-03 13:24:37,140 [ERROR] automation Element located by i0116 is not present. Message: no such element: Unable to locate element: {"method":"css selector","selector":"[id="i0116"]"}
  (Session info: chrome=122.0.6261.131); For documentation on this error, please visit: https://www.selenium.dev/documentation/webdriver/troubleshooting/errors#no-such-element-exception
Stacktrace:
	GetHandleVerifier [0x00007FF6CEA6AD02+56930]
	(No symbol) [0x00007FF6CE9DF602]
	(No symbol) [0x00007FF6CE8942E5]
	(No symbol) [0x00007FF6CE8D98ED]
	(No symbol) [0x00007FF6CE8D9A2C]
	(No symbol) [0x00007FF6CE91A967]
	(No symbol) [0x00007FF6CE8FBCDF]
	(No symbol) [0x00007FF6CE9181E2]
	(No symbol) [0x00007FF6CE8FBA43]
	(No symbol) [0x00007FF6CE8CD438]
	(No symbol) [0x00007FF6CE8CE4D1]
	GetHandleVerifier [0x00007FF6CEDE6F8D+3711213]
	GetHandleVerifier [0x00007FF6CEE404CD+4077101]
	GetHandleVerifier [0x00007FF6CEE3865F+4044735]
	GetHandleVerifier [0x00007FF6CEB09736+706710]
	(No symbol) [0x00007FF6CE9EB8DF]
	(No symbol) [0x00007FF6CE9E6AC4]
	(No symbol) [0x00007FF6CE9E6C1C]
	(No symbol) [0x00007FF6CE9D68D4]
	BaseThreadInitThunk [0x00007FF9494C257D+29]
	RtlUserThreadStart [0x00007FF94AC4AA58+40]

2024-04-03 13:24:37,206 [ERROR] automation Element located by i0116 is not present. Message: no such element: Unable to locate element: {"method":"css selector","selector":"[id="i0116"]"}
  (Session info: chrome=122.0.6261.131); For documentation on this error, please visit: https://www.selenium.dev/documentation/webdriver/troubleshooting/errors#no-such-element-exception
Stacktrace:
	GetHandleVerifier [0x00007FF6CEA6AD02+56930]
	(No symbol) [0x00007FF6CE9DF602]
	(No symbol) [0x00007FF6CE8942E5]
	(No symbol) [0x00007FF6CE8D98ED]
	(No symbol) [0x00007FF6CE8D9A2C]
	(No symbol) [0x00007FF6CE91A967]
	(No symbol) [0x00007FF6CE8FBCDF]
	(No symbol) [0x00007FF6CE9181E2]
	(No symbol) [0x00007FF6CE8FBA43]
	(No symbol) [0x00007FF6CE8CD438]
	(No symbol) [0x00007FF6CE8CE4D1]
	GetHandleVerifier [0x00007FF6CEDE6F8D+3711213]
	GetHandleVerifier [0x00007FF6CEE404CD+4077101]
	GetHandleVerifier [0x00007FF6CEE3865F+4044735]
	GetHandleVerifier [0x00007FF6CEB09736+706710]
	(No symbol) [0x00007FF6CE9EB8DF]
	(No symbol) [0x00007FF6CE9E6AC4]
	(No symbol) [0x00007FF6CE9E6C1C]
	(No symbol) [0x00007FF6CE9D68D4]
	BaseThreadInitThunk [0x00007FF9494C257D+29]
	RtlUserThreadStart [0x00007FF94AC4AA58+40]

2024-04-03 13:24:37,274 [ERROR] automation Element located by i0116 is not present. Message: no such element: Unable to locate element: {"method":"css selector","selector":"[id="i0116"]"}
  (Session info: chrome=122.0.6261.131); For documentation on this error, please visit: https://www.selenium.dev/documentation/webdriver/troubleshooting/errors#no-such-element-exception
Stacktrace:
	GetHandleVerifier [0x00007FF6CEA6AD02+56930]
	(No symbol) [0x00007FF6CE9DF602]
	(No symbol) [0x00007FF6CE8942E5]
	(No symbol) [0x00007FF6CE8D98ED]
	(No symbol) [0x00007FF6CE8D9A2C]
	(No symbol) [0x00007FF6CE91A967]
	(No symbol) [0x00007FF6CE8FBCDF]
	(No symbol) [0x00007FF6CE9181E2]
	(No symbol) [0x00007FF6CE8FBA43]
	(No symbol) [0x00007FF6CE8CD438]
	(No symbol) [0x00007FF6CE8CE4D1]
	GetHandleVerifier [0x00007FF6CEDE6F8D+3711213]
	GetHandleVerifier [0x00007FF6CEE404CD+4077101]
	GetHandleVerifier [0x00007FF6CEE3865F+4044735]
	GetHandleVerifier [0x00007FF6CEB09736+706710]
	(No symbol) [0x00007FF6CE9EB8DF]
	(No symbol) [0x00007FF6CE9E6AC4]
	(No symbol) [0x00007FF6CE9E6C1C]
	(No symbol) [0x00007FF6CE9D68D4]
	BaseThreadInitThunk [0x00007FF9494C257D+29]
	RtlUserThreadStart [0x00007FF94AC4AA58+40]

2024-04-03 13:24:37,340 [ERROR] automation Element located by i0116 is not present. Message: no such element: Unable to locate element: {"method":"css selector","selector":"[id="i0116"]"}
  (Session info: chrome=122.0.6261.131); For documentation on this error, please visit: https://www.selenium.dev/documentation/webdriver/troubleshooting/errors#no-such-element-exception
Stacktrace:
	GetHandleVerifier [0x00007FF6CEA6AD02+56930]
	(No symbol) [0x00007FF6CE9DF602]
	(No symbol) [0x00007FF6CE8942E5]
	(No symbol) [0x00007FF6CE8D98ED]
	(No symbol) [0x00007FF6CE8D9A2C]
	(No symbol) [0x00007FF6CE91A967]
	(No symbol) [0x00007FF6CE8FBCDF]
	(No symbol) [0x00007FF6CE9181E2]
	(No symbol) [0x00007FF6CE8FBA43]
	(No symbol) [0x00007FF6CE8CD438]
	(No symbol) [0x00007FF6CE8CE4D1]
	GetHandleVerifier [0x00007FF6CEDE6F8D+3711213]
	GetHandleVerifier [0x00007FF6CEE404CD+4077101]
	GetHandleVerifier [0x00007FF6CEE3865F+4044735]
	GetHandleVerifier [0x00007FF6CEB09736+706710]
	(No symbol) [0x00007FF6CE9EB8DF]
	(No symbol) [0x00007FF6CE9E6AC4]
	(No symbol) [0x00007FF6CE9E6C1C]
	(No symbol) [0x00007FF6CE9D68D4]
	BaseThreadInitThunk [0x00007FF9494C257D+29]
	RtlUserThreadStart [0x00007FF94AC4AA58+40]

2024-04-03 13:24:37,407 [ERROR] automation Element located by i0116 is not present. Message: no such element: Unable to locate element: {"method":"css selector","selector":"[id="i0116"]"}
  (Session info: chrome=122.0.6261.131); For documentation on this error, please visit: https://www.selenium.dev/documentation/webdriver/troubleshooting/errors#no-such-element-exception
Stacktrace:
	GetHandleVerifier [0x00007FF6CEA6AD02+56930]
	(No symbol) [0x00007FF6CE9DF602]
	(No symbol) [0x00007FF6CE8942E5]
	(No symbol) [0x00007FF6CE8D98ED]
	(No symbol) [0x00007FF6CE8D9A2C]
	(No symbol) [0x00007FF6CE91A967]
	(No symbol) [0x00007FF6CE8FBCDF]
	(No symbol) [0x00007FF6CE9181E2]
	(No symbol) [0x00007FF6CE8FBA43]
	(No symbol) [0x00007FF6CE8CD438]
	(No symbol) [0x00007FF6CE8CE4D1]
	GetHandleVerifier [0x00007FF6CEDE6F8D+3711213]
	GetHandleVerifier [0x00007FF6CEE404CD+4077101]
	GetHandleVerifier [0x00007FF6CEE3865F+4044735]
	GetHandleVerifier [0x00007FF6CEB09736+706710]
	(No symbol) [0x00007FF6CE9EB8DF]
	(No symbol) [0x00007FF6CE9E6AC4]
	(No symbol) [0x00007FF6CE9E6C1C]
	(No symbol) [0x00007FF6CE9D68D4]
	BaseThreadInitThunk [0x00007FF9494C257D+29]
	RtlUserThreadStart [0x00007FF94AC4AA58+40]

2024-04-03 13:24:38,494 [ERROR] automation Element located by i0116 is not present. Message: no such element: Unable to locate element: {"method":"css selector","selector":"[id="i0116"]"}
  (Session info: chrome=122.0.6261.131); For documentation on this error, please visit: https://www.selenium.dev/documentation/webdriver/troubleshooting/errors#no-such-element-exception
Stacktrace:
	GetHandleVerifier [0x00007FF6CEA6AD02+56930]
	(No symbol) [0x00007FF6CE9DF602]
	(No symbol) [0x00007FF6CE8942E5]
	(No symbol) [0x00007FF6CE8D98ED]
	(No symbol) [0x00007FF6CE8D9A2C]
	(No symbol) [0x00007FF6CE91A967]
	(No symbol) [0x00007FF6CE8FBCDF]
	(No symbol) [0x00007FF6CE9181E2]
	(No symbol) [0x00007FF6CE8FBA43]
	(No symbol) [0x00007FF6CE8CD438]
	(No symbol) [0x00007FF6CE8CE4D1]
	GetHandleVerifier [0x00007FF6CEDE6F8D+3711213]
	GetHandleVerifier [0x00007FF6CEE404CD+4077101]
	GetHandleVerifier [0x00007FF6CEE3865F+4044735]
	GetHandleVerifier [0x00007FF6CEB09736+706710]
	(No symbol) [0x00007FF6CE9EB8DF]
	(No symbol) [0x00007FF6CE9E6AC4]
	(No symbol) [0x00007FF6CE9E6C1C]
	(No symbol) [0x00007FF6CE9D68D4]
	BaseThreadInitThunk [0x00007FF9494C257D+29]
	RtlUserThreadStart [0x00007FF94AC4AA58+40]

2024-04-03 13:24:38,560 [ERROR] automation Element located by i0116 is not present. Message: no such element: Unable to locate element: {"method":"css selector","selector":"[id="i0116"]"}
  (Session info: chrome=122.0.6261.131); For documentation on this error, please visit: https://www.selenium.dev/documentation/webdriver/troubleshooting/errors#no-such-element-exception
Stacktrace:
	GetHandleVerifier [0x00007FF6CEA6AD02+56930]
	(No symbol) [0x00007FF6CE9DF602]
	(No symbol) [0x00007FF6CE8942E5]
	(No symbol) [0x00007FF6CE8D98ED]
	(No symbol) [0x00007FF6CE8D9A2C]
	(No symbol) [0x00007FF6CE91A967]
	(No symbol) [0x00007FF6CE8FBCDF]
	(No symbol) [0x00007FF6CE9181E2]
	(No symbol) [0x00007FF6CE8FBA43]
	(No symbol) [0x00007FF6CE8CD438]
	(No symbol) [0x00007FF6CE8CE4D1]
	GetHandleVerifier [0x00007FF6CEDE6F8D+3711213]
	GetHandleVerifier [0x00007FF6CEE404CD+4077101]
	GetHandleVerifier [0x00007FF6CEE3865F+4044735]
	GetHandleVerifier [0x00007FF6CEB09736+706710]
	(No symbol) [0x00007FF6CE9EB8DF]
	(No symbol) [0x00007FF6CE9E6AC4]
	(No symbol) [0x00007FF6CE9E6C1C]
	(No symbol) [0x00007FF6CE9D68D4]
	BaseThreadInitThunk [0x00007FF9494C257D+29]
	RtlUserThreadStart [0x00007FF94AC4AA58+40]

2024-04-03 13:24:38,810 [INFO] automation Element located by i0116 is present.
2024-04-03 13:24:46,251 [INFO] automation Element located by //div[@class='logo'] is present.
2024-04-03 13:24:50,343 [INFO] automation Element located by //div[@class='tableFixHead']/table/tbody/tr[contains(@class,'even_col')][1] is present.
2024-04-03 13:24:52,929 [INFO] automation Element located by //input[@formcontrolname='title'] is present.
2024-04-03 13:24:53,443 [INFO] automation CPU Percent: 3.6	Virtual Memory: svmem(total=12635017216, available=1666113536, percent=86.8, used=10968903680, free=1666113536)
2024-04-03 13:24:53,576 [INFO] automation screenshot logged as: C:\Users\Thanusha Kotaprolu\Automation Projects\cognine-crm-automation\RunExecutionScripts\common\logs\screenshots\test_crm_bulk_email_page_smoke_test__fail03132453c36e.png
2024-04-03 13:24:53,579 [ERROR] automation Test failed.
