2024-03-29 14:21:24,476 [INFO] automation Test has started.
2024-03-29 14:21:24,477 [INFO] automation Navigating to the https://chorusqa.cogninelabs.com/
2024-03-29 14:21:28,883 [ERROR] automation Element located by i0116 is not present. Message: no such element: Unable to locate element: {"method":"css selector","selector":"[id="i0116"]"}
  (Session info: chrome=122.0.6261.131); For documentation on this error, please visit: https://www.selenium.dev/documentation/webdriver/troubleshooting/errors#no-such-element-exception
Stacktrace:
	GetHandleVerifier [0x00007FF70875AD02+56930]
	(No symbol) [0x00007FF7086CF602]
	(No symbol) [0x00007FF7085842E5]
	(No symbol) [0x00007FF7085C98ED]
	(No symbol) [0x00007FF7085C9A2C]
	(No symbol) [0x00007FF70860A967]
	(No symbol) [0x00007FF7085EBCDF]
	(No symbol) [0x00007FF7086081E2]
	(No symbol) [0x00007FF7085EBA43]
	(No symbol) [0x00007FF7085BD438]
	(No symbol) [0x00007FF7085BE4D1]
	GetHandleVerifier [0x00007FF708AD6F8D+3711213]
	GetHandleVerifier [0x00007FF708B304CD+4077101]
	GetHandleVerifier [0x00007FF708B2865F+4044735]
	GetHandleVerifier [0x00007FF7087F9736+706710]
	(No symbol) [0x00007FF7086DB8DF]
	(No symbol) [0x00007FF7086D6AC4]
	(No symbol) [0x00007FF7086D6C1C]
	(No symbol) [0x00007FF7086C68D4]
	BaseThreadInitThunk [0x00007FF9494C257D+29]
	RtlUserThreadStart [0x00007FF94AC4AA58+40]

2024-03-29 14:21:28,945 [ERROR] automation Element located by i0116 is not present. Message: no such element: Unable to locate element: {"method":"css selector","selector":"[id="i0116"]"}
  (Session info: chrome=122.0.6261.131); For documentation on this error, please visit: https://www.selenium.dev/documentation/webdriver/troubleshooting/errors#no-such-element-exception
Stacktrace:
	GetHandleVerifier [0x00007FF70875AD02+56930]
	(No symbol) [0x00007FF7086CF602]
	(No symbol) [0x00007FF7085842E5]
	(No symbol) [0x00007FF7085C98ED]
	(No symbol) [0x00007FF7085C9A2C]
	(No symbol) [0x00007FF70860A967]
	(No symbol) [0x00007FF7085EBCDF]
	(No symbol) [0x00007FF7086081E2]
	(No symbol) [0x00007FF7085EBA43]
	(No symbol) [0x00007FF7085BD438]
	(No symbol) [0x00007FF7085BE4D1]
	GetHandleVerifier [0x00007FF708AD6F8D+3711213]
	GetHandleVerifier [0x00007FF708B304CD+4077101]
	GetHandleVerifier [0x00007FF708B2865F+4044735]
	GetHandleVerifier [0x00007FF7087F9736+706710]
	(No symbol) [0x00007FF7086DB8DF]
	(No symbol) [0x00007FF7086D6AC4]
	(No symbol) [0x00007FF7086D6C1C]
	(No symbol) [0x00007FF7086C68D4]
	BaseThreadInitThunk [0x00007FF9494C257D+29]
	RtlUserThreadStart [0x00007FF94AC4AA58+40]

2024-03-29 14:21:29,003 [ERROR] automation Element located by i0116 is not present. Message: no such element: Unable to locate element: {"method":"css selector","selector":"[id="i0116"]"}
  (Session info: chrome=122.0.6261.131); For documentation on this error, please visit: https://www.selenium.dev/documentation/webdriver/troubleshooting/errors#no-such-element-exception
Stacktrace:
	GetHandleVerifier [0x00007FF70875AD02+56930]
	(No symbol) [0x00007FF7086CF602]
	(No symbol) [0x00007FF7085842E5]
	(No symbol) [0x00007FF7085C98ED]
	(No symbol) [0x00007FF7085C9A2C]
	(No symbol) [0x00007FF70860A967]
	(No symbol) [0x00007FF7085EBCDF]
	(No symbol) [0x00007FF7086081E2]
	(No symbol) [0x00007FF7085EBA43]
	(No symbol) [0x00007FF7085BD438]
	(No symbol) [0x00007FF7085BE4D1]
	GetHandleVerifier [0x00007FF708AD6F8D+3711213]
	GetHandleVerifier [0x00007FF708B304CD+4077101]
	GetHandleVerifier [0x00007FF708B2865F+4044735]
	GetHandleVerifier [0x00007FF7087F9736+706710]
	(No symbol) [0x00007FF7086DB8DF]
	(No symbol) [0x00007FF7086D6AC4]
	(No symbol) [0x00007FF7086D6C1C]
	(No symbol) [0x00007FF7086C68D4]
	BaseThreadInitThunk [0x00007FF9494C257D+29]
	RtlUserThreadStart [0x00007FF94AC4AA58+40]

2024-03-29 14:21:29,060 [ERROR] automation Element located by i0116 is not present. Message: no such element: Unable to locate element: {"method":"css selector","selector":"[id="i0116"]"}
  (Session info: chrome=122.0.6261.131); For documentation on this error, please visit: https://www.selenium.dev/documentation/webdriver/troubleshooting/errors#no-such-element-exception
Stacktrace:
	GetHandleVerifier [0x00007FF70875AD02+56930]
	(No symbol) [0x00007FF7086CF602]
	(No symbol) [0x00007FF7085842E5]
	(No symbol) [0x00007FF7085C98ED]
	(No symbol) [0x00007FF7085C9A2C]
	(No symbol) [0x00007FF70860A967]
	(No symbol) [0x00007FF7085EBCDF]
	(No symbol) [0x00007FF7086081E2]
	(No symbol) [0x00007FF7085EBA43]
	(No symbol) [0x00007FF7085BD438]
	(No symbol) [0x00007FF7085BE4D1]
	GetHandleVerifier [0x00007FF708AD6F8D+3711213]
	GetHandleVerifier [0x00007FF708B304CD+4077101]
	GetHandleVerifier [0x00007FF708B2865F+4044735]
	GetHandleVerifier [0x00007FF7087F9736+706710]
	(No symbol) [0x00007FF7086DB8DF]
	(No symbol) [0x00007FF7086D6AC4]
	(No symbol) [0x00007FF7086D6C1C]
	(No symbol) [0x00007FF7086C68D4]
	BaseThreadInitThunk [0x00007FF9494C257D+29]
	RtlUserThreadStart [0x00007FF94AC4AA58+40]

2024-03-29 14:21:29,120 [ERROR] automation Element located by i0116 is not present. Message: no such element: Unable to locate element: {"method":"css selector","selector":"[id="i0116"]"}
  (Session info: chrome=122.0.6261.131); For documentation on this error, please visit: https://www.selenium.dev/documentation/webdriver/troubleshooting/errors#no-such-element-exception
Stacktrace:
	GetHandleVerifier [0x00007FF70875AD02+56930]
	(No symbol) [0x00007FF7086CF602]
	(No symbol) [0x00007FF7085842E5]
	(No symbol) [0x00007FF7085C98ED]
	(No symbol) [0x00007FF7085C9A2C]
	(No symbol) [0x00007FF70860A967]
	(No symbol) [0x00007FF7085EBCDF]
	(No symbol) [0x00007FF7086081E2]
	(No symbol) [0x00007FF7085EBA43]
	(No symbol) [0x00007FF7085BD438]
	(No symbol) [0x00007FF7085BE4D1]
	GetHandleVerifier [0x00007FF708AD6F8D+3711213]
	GetHandleVerifier [0x00007FF708B304CD+4077101]
	GetHandleVerifier [0x00007FF708B2865F+4044735]
	GetHandleVerifier [0x00007FF7087F9736+706710]
	(No symbol) [0x00007FF7086DB8DF]
	(No symbol) [0x00007FF7086D6AC4]
	(No symbol) [0x00007FF7086D6C1C]
	(No symbol) [0x00007FF7086C68D4]
	BaseThreadInitThunk [0x00007FF9494C257D+29]
	RtlUserThreadStart [0x00007FF94AC4AA58+40]

2024-03-29 14:21:30,395 [ERROR] automation Element located by i0116 is not present. Message: no such element: Unable to locate element: {"method":"css selector","selector":"[id="i0116"]"}
  (Session info: chrome=122.0.6261.131); For documentation on this error, please visit: https://www.selenium.dev/documentation/webdriver/troubleshooting/errors#no-such-element-exception
Stacktrace:
	GetHandleVerifier [0x00007FF70875AD02+56930]
	(No symbol) [0x00007FF7086CF602]
	(No symbol) [0x00007FF7085842E5]
	(No symbol) [0x00007FF7085C98ED]
	(No symbol) [0x00007FF7085C9A2C]
	(No symbol) [0x00007FF70860A967]
	(No symbol) [0x00007FF7085EBCDF]
	(No symbol) [0x00007FF7086081E2]
	(No symbol) [0x00007FF7085EBA43]
	(No symbol) [0x00007FF7085BD438]
	(No symbol) [0x00007FF7085BE4D1]
	GetHandleVerifier [0x00007FF708AD6F8D+3711213]
	GetHandleVerifier [0x00007FF708B304CD+4077101]
	GetHandleVerifier [0x00007FF708B2865F+4044735]
	GetHandleVerifier [0x00007FF7087F9736+706710]
	(No symbol) [0x00007FF7086DB8DF]
	(No symbol) [0x00007FF7086D6AC4]
	(No symbol) [0x00007FF7086D6C1C]
	(No symbol) [0x00007FF7086C68D4]
	BaseThreadInitThunk [0x00007FF9494C257D+29]
	RtlUserThreadStart [0x00007FF94AC4AA58+40]

2024-03-29 14:21:30,459 [ERROR] automation Element located by i0116 is not present. Message: no such element: Unable to locate element: {"method":"css selector","selector":"[id="i0116"]"}
  (Session info: chrome=122.0.6261.131); For documentation on this error, please visit: https://www.selenium.dev/documentation/webdriver/troubleshooting/errors#no-such-element-exception
Stacktrace:
	GetHandleVerifier [0x00007FF70875AD02+56930]
	(No symbol) [0x00007FF7086CF602]
	(No symbol) [0x00007FF7085842E5]
	(No symbol) [0x00007FF7085C98ED]
	(No symbol) [0x00007FF7085C9A2C]
	(No symbol) [0x00007FF70860A967]
	(No symbol) [0x00007FF7085EBCDF]
	(No symbol) [0x00007FF7086081E2]
	(No symbol) [0x00007FF7085EBA43]
	(No symbol) [0x00007FF7085BD438]
	(No symbol) [0x00007FF7085BE4D1]
	GetHandleVerifier [0x00007FF708AD6F8D+3711213]
	GetHandleVerifier [0x00007FF708B304CD+4077101]
	GetHandleVerifier [0x00007FF708B2865F+4044735]
	GetHandleVerifier [0x00007FF7087F9736+706710]
	(No symbol) [0x00007FF7086DB8DF]
	(No symbol) [0x00007FF7086D6AC4]
	(No symbol) [0x00007FF7086D6C1C]
	(No symbol) [0x00007FF7086C68D4]
	BaseThreadInitThunk [0x00007FF9494C257D+29]
	RtlUserThreadStart [0x00007FF94AC4AA58+40]

2024-03-29 14:21:30,636 [ERROR] automation Element located by i0116 is not present. Message: no such element: Unable to locate element: {"method":"css selector","selector":"[id="i0116"]"}
  (Session info: chrome=122.0.6261.131); For documentation on this error, please visit: https://www.selenium.dev/documentation/webdriver/troubleshooting/errors#no-such-element-exception
Stacktrace:
	GetHandleVerifier [0x00007FF70875AD02+56930]
	(No symbol) [0x00007FF7086CF602]
	(No symbol) [0x00007FF7085842E5]
	(No symbol) [0x00007FF7085C98ED]
	(No symbol) [0x00007FF7085C9A2C]
	(No symbol) [0x00007FF70860A967]
	(No symbol) [0x00007FF7085EBCDF]
	(No symbol) [0x00007FF7086081E2]
	(No symbol) [0x00007FF7085EBA43]
	(No symbol) [0x00007FF7085BD438]
	(No symbol) [0x00007FF7085BE4D1]
	GetHandleVerifier [0x00007FF708AD6F8D+3711213]
	GetHandleVerifier [0x00007FF708B304CD+4077101]
	GetHandleVerifier [0x00007FF708B2865F+4044735]
	GetHandleVerifier [0x00007FF7087F9736+706710]
	(No symbol) [0x00007FF7086DB8DF]
	(No symbol) [0x00007FF7086D6AC4]
	(No symbol) [0x00007FF7086D6C1C]
	(No symbol) [0x00007FF7086C68D4]
	BaseThreadInitThunk [0x00007FF9494C257D+29]
	RtlUserThreadStart [0x00007FF94AC4AA58+40]

2024-03-29 14:21:30,712 [INFO] automation Element located by i0116 is present.
2024-03-29 14:21:37,745 [INFO] automation Element located by //div[@class='logo'] is present.
2024-03-29 14:21:41,841 [INFO] automation Element located by //div[@class='tableFixHead']/table/tbody/tr[contains(@class,'even_col')][1] is present.
2024-03-29 14:21:44,365 [INFO] automation Element located by //input[@formcontrolname='title'] is present.
2024-03-29 14:21:44,764 [INFO] automation CPU Percent: 3.6	Virtual Memory: svmem(total=12635017216, available=1614577664, percent=87.2, used=11020439552, free=1614577664)
2024-03-29 14:21:44,882 [INFO] automation screenshot logged as: C:\Users\Thanusha Kotaprolu\Automation Projects\cognine-crm-automation\RunExecutionScripts\common\logs\screenshots\test_crm_bulk_email_page_smoke_test__fail29142144e47d.png
2024-03-29 14:21:44,882 [ERROR] automation Test failed.
