2024-04-04 12:27:54,643 [INFO] automation Test has started.
2024-04-04 12:27:54,644 [INFO] automation Navigating to the https://chorusqa.cogninelabs.com/
2024-04-04 12:28:09,302 [ERROR] automation Element located by i0116 is not present. Message: no such element: Unable to locate element: {"method":"css selector","selector":"[id="i0116"]"}
  (Session info: chrome=122.0.6261.131); For documentation on this error, please visit: https://www.selenium.dev/documentation/webdriver/troubleshooting/errors#no-such-element-exception
Stacktrace:
	GetHandleVerifier [0x00007FF76D67AD02+56930]
	(No symbol) [0x00007FF76D5EF602]
	(No symbol) [0x00007FF76D4A42E5]
	(No symbol) [0x00007FF76D4E98ED]
	(No symbol) [0x00007FF76D4E9A2C]
	(No symbol) [0x00007FF76D52A967]
	(No symbol) [0x00007FF76D50BCDF]
	(No symbol) [0x00007FF76D5281E2]
	(No symbol) [0x00007FF76D50BA43]
	(No symbol) [0x00007FF76D4DD438]
	(No symbol) [0x00007FF76D4DE4D1]
	GetHandleVerifier [0x00007FF76D9F6F8D+3711213]
	GetHandleVerifier [0x00007FF76DA504CD+4077101]
	GetHandleVerifier [0x00007FF76DA4865F+4044735]
	GetHandleVerifier [0x00007FF76D719736+706710]
	(No symbol) [0x00007FF76D5FB8DF]
	(No symbol) [0x00007FF76D5F6AC4]
	(No symbol) [0x00007FF76D5F6C1C]
	(No symbol) [0x00007FF76D5E68D4]
	BaseThreadInitThunk [0x00007FF9494C257D+29]
	RtlUserThreadStart [0x00007FF94AC4AA58+40]

2024-04-04 12:28:09,376 [ERROR] automation Element located by i0116 is not present. Message: no such element: Unable to locate element: {"method":"css selector","selector":"[id="i0116"]"}
  (Session info: chrome=122.0.6261.131); For documentation on this error, please visit: https://www.selenium.dev/documentation/webdriver/troubleshooting/errors#no-such-element-exception
Stacktrace:
	GetHandleVerifier [0x00007FF76D67AD02+56930]
	(No symbol) [0x00007FF76D5EF602]
	(No symbol) [0x00007FF76D4A42E5]
	(No symbol) [0x00007FF76D4E98ED]
	(No symbol) [0x00007FF76D4E9A2C]
	(No symbol) [0x00007FF76D52A967]
	(No symbol) [0x00007FF76D50BCDF]
	(No symbol) [0x00007FF76D5281E2]
	(No symbol) [0x00007FF76D50BA43]
	(No symbol) [0x00007FF76D4DD438]
	(No symbol) [0x00007FF76D4DE4D1]
	GetHandleVerifier [0x00007FF76D9F6F8D+3711213]
	GetHandleVerifier [0x00007FF76DA504CD+4077101]
	GetHandleVerifier [0x00007FF76DA4865F+4044735]
	GetHandleVerifier [0x00007FF76D719736+706710]
	(No symbol) [0x00007FF76D5FB8DF]
	(No symbol) [0x00007FF76D5F6AC4]
	(No symbol) [0x00007FF76D5F6C1C]
	(No symbol) [0x00007FF76D5E68D4]
	BaseThreadInitThunk [0x00007FF9494C257D+29]
	RtlUserThreadStart [0x00007FF94AC4AA58+40]

2024-04-04 12:28:09,446 [ERROR] automation Element located by i0116 is not present. Message: no such element: Unable to locate element: {"method":"css selector","selector":"[id="i0116"]"}
  (Session info: chrome=122.0.6261.131); For documentation on this error, please visit: https://www.selenium.dev/documentation/webdriver/troubleshooting/errors#no-such-element-exception
Stacktrace:
	GetHandleVerifier [0x00007FF76D67AD02+56930]
	(No symbol) [0x00007FF76D5EF602]
	(No symbol) [0x00007FF76D4A42E5]
	(No symbol) [0x00007FF76D4E98ED]
	(No symbol) [0x00007FF76D4E9A2C]
	(No symbol) [0x00007FF76D52A967]
	(No symbol) [0x00007FF76D50BCDF]
	(No symbol) [0x00007FF76D5281E2]
	(No symbol) [0x00007FF76D50BA43]
	(No symbol) [0x00007FF76D4DD438]
	(No symbol) [0x00007FF76D4DE4D1]
	GetHandleVerifier [0x00007FF76D9F6F8D+3711213]
	GetHandleVerifier [0x00007FF76DA504CD+4077101]
	GetHandleVerifier [0x00007FF76DA4865F+4044735]
	GetHandleVerifier [0x00007FF76D719736+706710]
	(No symbol) [0x00007FF76D5FB8DF]
	(No symbol) [0x00007FF76D5F6AC4]
	(No symbol) [0x00007FF76D5F6C1C]
	(No symbol) [0x00007FF76D5E68D4]
	BaseThreadInitThunk [0x00007FF9494C257D+29]
	RtlUserThreadStart [0x00007FF94AC4AA58+40]

2024-04-04 12:28:09,515 [ERROR] automation Element located by i0116 is not present. Message: no such element: Unable to locate element: {"method":"css selector","selector":"[id="i0116"]"}
  (Session info: chrome=122.0.6261.131); For documentation on this error, please visit: https://www.selenium.dev/documentation/webdriver/troubleshooting/errors#no-such-element-exception
Stacktrace:
	GetHandleVerifier [0x00007FF76D67AD02+56930]
	(No symbol) [0x00007FF76D5EF602]
	(No symbol) [0x00007FF76D4A42E5]
	(No symbol) [0x00007FF76D4E98ED]
	(No symbol) [0x00007FF76D4E9A2C]
	(No symbol) [0x00007FF76D52A967]
	(No symbol) [0x00007FF76D50BCDF]
	(No symbol) [0x00007FF76D5281E2]
	(No symbol) [0x00007FF76D50BA43]
	(No symbol) [0x00007FF76D4DD438]
	(No symbol) [0x00007FF76D4DE4D1]
	GetHandleVerifier [0x00007FF76D9F6F8D+3711213]
	GetHandleVerifier [0x00007FF76DA504CD+4077101]
	GetHandleVerifier [0x00007FF76DA4865F+4044735]
	GetHandleVerifier [0x00007FF76D719736+706710]
	(No symbol) [0x00007FF76D5FB8DF]
	(No symbol) [0x00007FF76D5F6AC4]
	(No symbol) [0x00007FF76D5F6C1C]
	(No symbol) [0x00007FF76D5E68D4]
	BaseThreadInitThunk [0x00007FF9494C257D+29]
	RtlUserThreadStart [0x00007FF94AC4AA58+40]

2024-04-04 12:28:09,578 [ERROR] automation Element located by i0116 is not present. Message: no such element: Unable to locate element: {"method":"css selector","selector":"[id="i0116"]"}
  (Session info: chrome=122.0.6261.131); For documentation on this error, please visit: https://www.selenium.dev/documentation/webdriver/troubleshooting/errors#no-such-element-exception
Stacktrace:
	GetHandleVerifier [0x00007FF76D67AD02+56930]
	(No symbol) [0x00007FF76D5EF602]
	(No symbol) [0x00007FF76D4A42E5]
	(No symbol) [0x00007FF76D4E98ED]
	(No symbol) [0x00007FF76D4E9A2C]
	(No symbol) [0x00007FF76D52A967]
	(No symbol) [0x00007FF76D50BCDF]
	(No symbol) [0x00007FF76D5281E2]
	(No symbol) [0x00007FF76D50BA43]
	(No symbol) [0x00007FF76D4DD438]
	(No symbol) [0x00007FF76D4DE4D1]
	GetHandleVerifier [0x00007FF76D9F6F8D+3711213]
	GetHandleVerifier [0x00007FF76DA504CD+4077101]
	GetHandleVerifier [0x00007FF76DA4865F+4044735]
	GetHandleVerifier [0x00007FF76D719736+706710]
	(No symbol) [0x00007FF76D5FB8DF]
	(No symbol) [0x00007FF76D5F6AC4]
	(No symbol) [0x00007FF76D5F6C1C]
	(No symbol) [0x00007FF76D5E68D4]
	BaseThreadInitThunk [0x00007FF9494C257D+29]
	RtlUserThreadStart [0x00007FF94AC4AA58+40]

2024-04-04 12:28:09,649 [ERROR] automation Element located by i0116 is not present. Message: no such element: Unable to locate element: {"method":"css selector","selector":"[id="i0116"]"}
  (Session info: chrome=122.0.6261.131); For documentation on this error, please visit: https://www.selenium.dev/documentation/webdriver/troubleshooting/errors#no-such-element-exception
Stacktrace:
	GetHandleVerifier [0x00007FF76D67AD02+56930]
	(No symbol) [0x00007FF76D5EF602]
	(No symbol) [0x00007FF76D4A42E5]
	(No symbol) [0x00007FF76D4E98ED]
	(No symbol) [0x00007FF76D4E9A2C]
	(No symbol) [0x00007FF76D52A967]
	(No symbol) [0x00007FF76D50BCDF]
	(No symbol) [0x00007FF76D5281E2]
	(No symbol) [0x00007FF76D50BA43]
	(No symbol) [0x00007FF76D4DD438]
	(No symbol) [0x00007FF76D4DE4D1]
	GetHandleVerifier [0x00007FF76D9F6F8D+3711213]
	GetHandleVerifier [0x00007FF76DA504CD+4077101]
	GetHandleVerifier [0x00007FF76DA4865F+4044735]
	GetHandleVerifier [0x00007FF76D719736+706710]
	(No symbol) [0x00007FF76D5FB8DF]
	(No symbol) [0x00007FF76D5F6AC4]
	(No symbol) [0x00007FF76D5F6C1C]
	(No symbol) [0x00007FF76D5E68D4]
	BaseThreadInitThunk [0x00007FF9494C257D+29]
	RtlUserThreadStart [0x00007FF94AC4AA58+40]

2024-04-04 12:28:09,718 [ERROR] automation Element located by i0116 is not present. Message: no such element: Unable to locate element: {"method":"css selector","selector":"[id="i0116"]"}
  (Session info: chrome=122.0.6261.131); For documentation on this error, please visit: https://www.selenium.dev/documentation/webdriver/troubleshooting/errors#no-such-element-exception
Stacktrace:
	GetHandleVerifier [0x00007FF76D67AD02+56930]
	(No symbol) [0x00007FF76D5EF602]
	(No symbol) [0x00007FF76D4A42E5]
	(No symbol) [0x00007FF76D4E98ED]
	(No symbol) [0x00007FF76D4E9A2C]
	(No symbol) [0x00007FF76D52A967]
	(No symbol) [0x00007FF76D50BCDF]
	(No symbol) [0x00007FF76D5281E2]
	(No symbol) [0x00007FF76D50BA43]
	(No symbol) [0x00007FF76D4DD438]
	(No symbol) [0x00007FF76D4DE4D1]
	GetHandleVerifier [0x00007FF76D9F6F8D+3711213]
	GetHandleVerifier [0x00007FF76DA504CD+4077101]
	GetHandleVerifier [0x00007FF76DA4865F+4044735]
	GetHandleVerifier [0x00007FF76D719736+706710]
	(No symbol) [0x00007FF76D5FB8DF]
	(No symbol) [0x00007FF76D5F6AC4]
	(No symbol) [0x00007FF76D5F6C1C]
	(No symbol) [0x00007FF76D5E68D4]
	BaseThreadInitThunk [0x00007FF9494C257D+29]
	RtlUserThreadStart [0x00007FF94AC4AA58+40]

2024-04-04 12:28:09,792 [ERROR] automation Element located by i0116 is not present. Message: no such element: Unable to locate element: {"method":"css selector","selector":"[id="i0116"]"}
  (Session info: chrome=122.0.6261.131); For documentation on this error, please visit: https://www.selenium.dev/documentation/webdriver/troubleshooting/errors#no-such-element-exception
Stacktrace:
	GetHandleVerifier [0x00007FF76D67AD02+56930]
	(No symbol) [0x00007FF76D5EF602]
	(No symbol) [0x00007FF76D4A42E5]
	(No symbol) [0x00007FF76D4E98ED]
	(No symbol) [0x00007FF76D4E9A2C]
	(No symbol) [0x00007FF76D52A967]
	(No symbol) [0x00007FF76D50BCDF]
	(No symbol) [0x00007FF76D5281E2]
	(No symbol) [0x00007FF76D50BA43]
	(No symbol) [0x00007FF76D4DD438]
	(No symbol) [0x00007FF76D4DE4D1]
	GetHandleVerifier [0x00007FF76D9F6F8D+3711213]
	GetHandleVerifier [0x00007FF76DA504CD+4077101]
	GetHandleVerifier [0x00007FF76DA4865F+4044735]
	GetHandleVerifier [0x00007FF76D719736+706710]
	(No symbol) [0x00007FF76D5FB8DF]
	(No symbol) [0x00007FF76D5F6AC4]
	(No symbol) [0x00007FF76D5F6C1C]
	(No symbol) [0x00007FF76D5E68D4]
	BaseThreadInitThunk [0x00007FF9494C257D+29]
	RtlUserThreadStart [0x00007FF94AC4AA58+40]

2024-04-04 12:28:09,860 [ERROR] automation Element located by i0116 is not present. Message: no such element: Unable to locate element: {"method":"css selector","selector":"[id="i0116"]"}
  (Session info: chrome=122.0.6261.131); For documentation on this error, please visit: https://www.selenium.dev/documentation/webdriver/troubleshooting/errors#no-such-element-exception
Stacktrace:
	GetHandleVerifier [0x00007FF76D67AD02+56930]
	(No symbol) [0x00007FF76D5EF602]
	(No symbol) [0x00007FF76D4A42E5]
	(No symbol) [0x00007FF76D4E98ED]
	(No symbol) [0x00007FF76D4E9A2C]
	(No symbol) [0x00007FF76D52A967]
	(No symbol) [0x00007FF76D50BCDF]
	(No symbol) [0x00007FF76D5281E2]
	(No symbol) [0x00007FF76D50BA43]
	(No symbol) [0x00007FF76D4DD438]
	(No symbol) [0x00007FF76D4DE4D1]
	GetHandleVerifier [0x00007FF76D9F6F8D+3711213]
	GetHandleVerifier [0x00007FF76DA504CD+4077101]
	GetHandleVerifier [0x00007FF76DA4865F+4044735]
	GetHandleVerifier [0x00007FF76D719736+706710]
	(No symbol) [0x00007FF76D5FB8DF]
	(No symbol) [0x00007FF76D5F6AC4]
	(No symbol) [0x00007FF76D5F6C1C]
	(No symbol) [0x00007FF76D5E68D4]
	BaseThreadInitThunk [0x00007FF9494C257D+29]
	RtlUserThreadStart [0x00007FF94AC4AA58+40]

2024-04-04 12:28:10,852 [ERROR] automation Element located by i0116 is not present. Message: no such element: Unable to locate element: {"method":"css selector","selector":"[id="i0116"]"}
  (Session info: chrome=122.0.6261.131); For documentation on this error, please visit: https://www.selenium.dev/documentation/webdriver/troubleshooting/errors#no-such-element-exception
Stacktrace:
	GetHandleVerifier [0x00007FF76D67AD02+56930]
	(No symbol) [0x00007FF76D5EF602]
	(No symbol) [0x00007FF76D4A42E5]
	(No symbol) [0x00007FF76D4E98ED]
	(No symbol) [0x00007FF76D4E9A2C]
	(No symbol) [0x00007FF76D52A967]
	(No symbol) [0x00007FF76D50BCDF]
	(No symbol) [0x00007FF76D5281E2]
	(No symbol) [0x00007FF76D50BA43]
	(No symbol) [0x00007FF76D4DD438]
	(No symbol) [0x00007FF76D4DE4D1]
	GetHandleVerifier [0x00007FF76D9F6F8D+3711213]
	GetHandleVerifier [0x00007FF76DA504CD+4077101]
	GetHandleVerifier [0x00007FF76DA4865F+4044735]
	GetHandleVerifier [0x00007FF76D719736+706710]
	(No symbol) [0x00007FF76D5FB8DF]
	(No symbol) [0x00007FF76D5F6AC4]
	(No symbol) [0x00007FF76D5F6C1C]
	(No symbol) [0x00007FF76D5E68D4]
	BaseThreadInitThunk [0x00007FF9494C257D+29]
	RtlUserThreadStart [0x00007FF94AC4AA58+40]

2024-04-04 12:28:10,919 [ERROR] automation Element located by i0116 is not present. Message: no such element: Unable to locate element: {"method":"css selector","selector":"[id="i0116"]"}
  (Session info: chrome=122.0.6261.131); For documentation on this error, please visit: https://www.selenium.dev/documentation/webdriver/troubleshooting/errors#no-such-element-exception
Stacktrace:
	GetHandleVerifier [0x00007FF76D67AD02+56930]
	(No symbol) [0x00007FF76D5EF602]
	(No symbol) [0x00007FF76D4A42E5]
	(No symbol) [0x00007FF76D4E98ED]
	(No symbol) [0x00007FF76D4E9A2C]
	(No symbol) [0x00007FF76D52A967]
	(No symbol) [0x00007FF76D50BCDF]
	(No symbol) [0x00007FF76D5281E2]
	(No symbol) [0x00007FF76D50BA43]
	(No symbol) [0x00007FF76D4DD438]
	(No symbol) [0x00007FF76D4DE4D1]
	GetHandleVerifier [0x00007FF76D9F6F8D+3711213]
	GetHandleVerifier [0x00007FF76DA504CD+4077101]
	GetHandleVerifier [0x00007FF76DA4865F+4044735]
	GetHandleVerifier [0x00007FF76D719736+706710]
	(No symbol) [0x00007FF76D5FB8DF]
	(No symbol) [0x00007FF76D5F6AC4]
	(No symbol) [0x00007FF76D5F6C1C]
	(No symbol) [0x00007FF76D5E68D4]
	BaseThreadInitThunk [0x00007FF9494C257D+29]
	RtlUserThreadStart [0x00007FF94AC4AA58+40]

2024-04-04 12:28:10,982 [ERROR] automation Element located by i0116 is not present. Message: no such element: Unable to locate element: {"method":"css selector","selector":"[id="i0116"]"}
  (Session info: chrome=122.0.6261.131); For documentation on this error, please visit: https://www.selenium.dev/documentation/webdriver/troubleshooting/errors#no-such-element-exception
Stacktrace:
	GetHandleVerifier [0x00007FF76D67AD02+56930]
	(No symbol) [0x00007FF76D5EF602]
	(No symbol) [0x00007FF76D4A42E5]
	(No symbol) [0x00007FF76D4E98ED]
	(No symbol) [0x00007FF76D4E9A2C]
	(No symbol) [0x00007FF76D52A967]
	(No symbol) [0x00007FF76D50BCDF]
	(No symbol) [0x00007FF76D5281E2]
	(No symbol) [0x00007FF76D50BA43]
	(No symbol) [0x00007FF76D4DD438]
	(No symbol) [0x00007FF76D4DE4D1]
	GetHandleVerifier [0x00007FF76D9F6F8D+3711213]
	GetHandleVerifier [0x00007FF76DA504CD+4077101]
	GetHandleVerifier [0x00007FF76DA4865F+4044735]
	GetHandleVerifier [0x00007FF76D719736+706710]
	(No symbol) [0x00007FF76D5FB8DF]
	(No symbol) [0x00007FF76D5F6AC4]
	(No symbol) [0x00007FF76D5F6C1C]
	(No symbol) [0x00007FF76D5E68D4]
	BaseThreadInitThunk [0x00007FF9494C257D+29]
	RtlUserThreadStart [0x00007FF94AC4AA58+40]

2024-04-04 12:28:11,045 [ERROR] automation Element located by i0116 is not present. Message: no such element: Unable to locate element: {"method":"css selector","selector":"[id="i0116"]"}
  (Session info: chrome=122.0.6261.131); For documentation on this error, please visit: https://www.selenium.dev/documentation/webdriver/troubleshooting/errors#no-such-element-exception
Stacktrace:
	GetHandleVerifier [0x00007FF76D67AD02+56930]
	(No symbol) [0x00007FF76D5EF602]
	(No symbol) [0x00007FF76D4A42E5]
	(No symbol) [0x00007FF76D4E98ED]
	(No symbol) [0x00007FF76D4E9A2C]
	(No symbol) [0x00007FF76D52A967]
	(No symbol) [0x00007FF76D50BCDF]
	(No symbol) [0x00007FF76D5281E2]
	(No symbol) [0x00007FF76D50BA43]
	(No symbol) [0x00007FF76D4DD438]
	(No symbol) [0x00007FF76D4DE4D1]
	GetHandleVerifier [0x00007FF76D9F6F8D+3711213]
	GetHandleVerifier [0x00007FF76DA504CD+4077101]
	GetHandleVerifier [0x00007FF76DA4865F+4044735]
	GetHandleVerifier [0x00007FF76D719736+706710]
	(No symbol) [0x00007FF76D5FB8DF]
	(No symbol) [0x00007FF76D5F6AC4]
	(No symbol) [0x00007FF76D5F6C1C]
	(No symbol) [0x00007FF76D5E68D4]
	BaseThreadInitThunk [0x00007FF9494C257D+29]
	RtlUserThreadStart [0x00007FF94AC4AA58+40]

2024-04-04 12:28:11,238 [INFO] automation Element located by i0116 is present.
2024-04-04 12:28:19,296 [INFO] automation Element located by //div[@class='logo'] is present.
2024-04-04 12:28:32,402 [INFO] automation Element located by //div[@class='tableFixHead']/table/tbody/tr[contains(@class,'even_col')][1] is present.
2024-04-04 12:28:34,936 [INFO] automation Element located by //input[@formcontrolname='email'] is present.
2024-04-04 12:28:34,945 [INFO] automation Element located by //input[@formcontrolname='email'] is present.
2024-04-04 12:28:35,462 [ERROR] automation Element located by //span[contains(text(),'Email Address already exists')] is not present. Message: no such element: Unable to locate element: {"method":"xpath","selector":"//span[contains(text(),'Email Address already exists')]"}
  (Session info: chrome=122.0.6261.131); For documentation on this error, please visit: https://www.selenium.dev/documentation/webdriver/troubleshooting/errors#no-such-element-exception
Stacktrace:
	GetHandleVerifier [0x00007FF76D67AD02+56930]
	(No symbol) [0x00007FF76D5EF602]
	(No symbol) [0x00007FF76D4A42E5]
	(No symbol) [0x00007FF76D4E98ED]
	(No symbol) [0x00007FF76D4E9A2C]
	(No symbol) [0x00007FF76D52A967]
	(No symbol) [0x00007FF76D50BCDF]
	(No symbol) [0x00007FF76D5281E2]
	(No symbol) [0x00007FF76D50BA43]
	(No symbol) [0x00007FF76D4DD438]
	(No symbol) [0x00007FF76D4DE4D1]
	GetHandleVerifier [0x00007FF76D9F6F8D+3711213]
	GetHandleVerifier [0x00007FF76DA504CD+4077101]
	GetHandleVerifier [0x00007FF76DA4865F+4044735]
	GetHandleVerifier [0x00007FF76D719736+706710]
	(No symbol) [0x00007FF76D5FB8DF]
	(No symbol) [0x00007FF76D5F6AC4]
	(No symbol) [0x00007FF76D5F6C1C]
	(No symbol) [0x00007FF76D5E68D4]
	BaseThreadInitThunk [0x00007FF9494C257D+29]
	RtlUserThreadStart [0x00007FF94AC4AA58+40]

2024-04-04 12:28:35,486 [ERROR] automation Element located by //div[@role='alert' and contains(text(),'success') or contains(text(),'Success')] is not present. Message: no such element: Unable to locate element: {"method":"xpath","selector":"//div[@role='alert' and contains(text(),'success') or contains(text(),'Success')]"}
  (Session info: chrome=122.0.6261.131); For documentation on this error, please visit: https://www.selenium.dev/documentation/webdriver/troubleshooting/errors#no-such-element-exception
Stacktrace:
	GetHandleVerifier [0x00007FF76D67AD02+56930]
	(No symbol) [0x00007FF76D5EF602]
	(No symbol) [0x00007FF76D4A42E5]
	(No symbol) [0x00007FF76D4E98ED]
	(No symbol) [0x00007FF76D4E9A2C]
	(No symbol) [0x00007FF76D52A967]
	(No symbol) [0x00007FF76D50BCDF]
	(No symbol) [0x00007FF76D5281E2]
	(No symbol) [0x00007FF76D50BA43]
	(No symbol) [0x00007FF76D4DD438]
	(No symbol) [0x00007FF76D4DE4D1]
	GetHandleVerifier [0x00007FF76D9F6F8D+3711213]
	GetHandleVerifier [0x00007FF76DA504CD+4077101]
	GetHandleVerifier [0x00007FF76DA4865F+4044735]
	GetHandleVerifier [0x00007FF76D719736+706710]
	(No symbol) [0x00007FF76D5FB8DF]
	(No symbol) [0x00007FF76D5F6AC4]
	(No symbol) [0x00007FF76D5F6C1C]
	(No symbol) [0x00007FF76D5E68D4]
	BaseThreadInitThunk [0x00007FF9494C257D+29]
	RtlUserThreadStart [0x00007FF94AC4AA58+40]

2024-04-04 12:28:35,486 [INFO] automation Test passed.
2024-04-04 12:28:35,503 [INFO] automation Test has started.
2024-04-04 12:28:35,503 [INFO] automation Navigating to the https://chorusqa.cogninelabs.com/
2024-04-04 12:28:44,254 [ERROR] automation Element located by i0116 is not present. Message: no such element: Unable to locate element: {"method":"css selector","selector":"[id="i0116"]"}
  (Session info: chrome=122.0.6261.131); For documentation on this error, please visit: https://www.selenium.dev/documentation/webdriver/troubleshooting/errors#no-such-element-exception
Stacktrace:
	GetHandleVerifier [0x00007FF76D67AD02+56930]
	(No symbol) [0x00007FF76D5EF602]
	(No symbol) [0x00007FF76D4A42E5]
	(No symbol) [0x00007FF76D4E98ED]
	(No symbol) [0x00007FF76D4E9A2C]
	(No symbol) [0x00007FF76D52A967]
	(No symbol) [0x00007FF76D50BCDF]
	(No symbol) [0x00007FF76D5281E2]
	(No symbol) [0x00007FF76D50BA43]
	(No symbol) [0x00007FF76D4DD438]
	(No symbol) [0x00007FF76D4DE4D1]
	GetHandleVerifier [0x00007FF76D9F6F8D+3711213]
	GetHandleVerifier [0x00007FF76DA504CD+4077101]
	GetHandleVerifier [0x00007FF76DA4865F+4044735]
	GetHandleVerifier [0x00007FF76D719736+706710]
	(No symbol) [0x00007FF76D5FB8DF]
	(No symbol) [0x00007FF76D5F6AC4]
	(No symbol) [0x00007FF76D5F6C1C]
	(No symbol) [0x00007FF76D5E68D4]
	BaseThreadInitThunk [0x00007FF9494C257D+29]
	RtlUserThreadStart [0x00007FF94AC4AA58+40]

2024-04-04 12:28:44,318 [ERROR] automation Element located by i0116 is not present. Message: no such element: Unable to locate element: {"method":"css selector","selector":"[id="i0116"]"}
  (Session info: chrome=122.0.6261.131); For documentation on this error, please visit: https://www.selenium.dev/documentation/webdriver/troubleshooting/errors#no-such-element-exception
Stacktrace:
	GetHandleVerifier [0x00007FF76D67AD02+56930]
	(No symbol) [0x00007FF76D5EF602]
	(No symbol) [0x00007FF76D4A42E5]
	(No symbol) [0x00007FF76D4E98ED]
	(No symbol) [0x00007FF76D4E9A2C]
	(No symbol) [0x00007FF76D52A967]
	(No symbol) [0x00007FF76D50BCDF]
	(No symbol) [0x00007FF76D5281E2]
	(No symbol) [0x00007FF76D50BA43]
	(No symbol) [0x00007FF76D4DD438]
	(No symbol) [0x00007FF76D4DE4D1]
	GetHandleVerifier [0x00007FF76D9F6F8D+3711213]
	GetHandleVerifier [0x00007FF76DA504CD+4077101]
	GetHandleVerifier [0x00007FF76DA4865F+4044735]
	GetHandleVerifier [0x00007FF76D719736+706710]
	(No symbol) [0x00007FF76D5FB8DF]
	(No symbol) [0x00007FF76D5F6AC4]
	(No symbol) [0x00007FF76D5F6C1C]
	(No symbol) [0x00007FF76D5E68D4]
	BaseThreadInitThunk [0x00007FF9494C257D+29]
	RtlUserThreadStart [0x00007FF94AC4AA58+40]

2024-04-04 12:28:44,391 [ERROR] automation Element located by i0116 is not present. Message: no such element: Unable to locate element: {"method":"css selector","selector":"[id="i0116"]"}
  (Session info: chrome=122.0.6261.131); For documentation on this error, please visit: https://www.selenium.dev/documentation/webdriver/troubleshooting/errors#no-such-element-exception
Stacktrace:
	GetHandleVerifier [0x00007FF76D67AD02+56930]
	(No symbol) [0x00007FF76D5EF602]
	(No symbol) [0x00007FF76D4A42E5]
	(No symbol) [0x00007FF76D4E98ED]
	(No symbol) [0x00007FF76D4E9A2C]
	(No symbol) [0x00007FF76D52A967]
	(No symbol) [0x00007FF76D50BCDF]
	(No symbol) [0x00007FF76D5281E2]
	(No symbol) [0x00007FF76D50BA43]
	(No symbol) [0x00007FF76D4DD438]
	(No symbol) [0x00007FF76D4DE4D1]
	GetHandleVerifier [0x00007FF76D9F6F8D+3711213]
	GetHandleVerifier [0x00007FF76DA504CD+4077101]
	GetHandleVerifier [0x00007FF76DA4865F+4044735]
	GetHandleVerifier [0x00007FF76D719736+706710]
	(No symbol) [0x00007FF76D5FB8DF]
	(No symbol) [0x00007FF76D5F6AC4]
	(No symbol) [0x00007FF76D5F6C1C]
	(No symbol) [0x00007FF76D5E68D4]
	BaseThreadInitThunk [0x00007FF9494C257D+29]
	RtlUserThreadStart [0x00007FF94AC4AA58+40]

2024-04-04 12:28:44,457 [ERROR] automation Element located by i0116 is not present. Message: no such element: Unable to locate element: {"method":"css selector","selector":"[id="i0116"]"}
  (Session info: chrome=122.0.6261.131); For documentation on this error, please visit: https://www.selenium.dev/documentation/webdriver/troubleshooting/errors#no-such-element-exception
Stacktrace:
	GetHandleVerifier [0x00007FF76D67AD02+56930]
	(No symbol) [0x00007FF76D5EF602]
	(No symbol) [0x00007FF76D4A42E5]
	(No symbol) [0x00007FF76D4E98ED]
	(No symbol) [0x00007FF76D4E9A2C]
	(No symbol) [0x00007FF76D52A967]
	(No symbol) [0x00007FF76D50BCDF]
	(No symbol) [0x00007FF76D5281E2]
	(No symbol) [0x00007FF76D50BA43]
	(No symbol) [0x00007FF76D4DD438]
	(No symbol) [0x00007FF76D4DE4D1]
	GetHandleVerifier [0x00007FF76D9F6F8D+3711213]
	GetHandleVerifier [0x00007FF76DA504CD+4077101]
	GetHandleVerifier [0x00007FF76DA4865F+4044735]
	GetHandleVerifier [0x00007FF76D719736+706710]
	(No symbol) [0x00007FF76D5FB8DF]
	(No symbol) [0x00007FF76D5F6AC4]
	(No symbol) [0x00007FF76D5F6C1C]
	(No symbol) [0x00007FF76D5E68D4]
	BaseThreadInitThunk [0x00007FF9494C257D+29]
	RtlUserThreadStart [0x00007FF94AC4AA58+40]

2024-04-04 12:28:44,525 [ERROR] automation Element located by i0116 is not present. Message: no such element: Unable to locate element: {"method":"css selector","selector":"[id="i0116"]"}
  (Session info: chrome=122.0.6261.131); For documentation on this error, please visit: https://www.selenium.dev/documentation/webdriver/troubleshooting/errors#no-such-element-exception
Stacktrace:
	GetHandleVerifier [0x00007FF76D67AD02+56930]
	(No symbol) [0x00007FF76D5EF602]
	(No symbol) [0x00007FF76D4A42E5]
	(No symbol) [0x00007FF76D4E98ED]
	(No symbol) [0x00007FF76D4E9A2C]
	(No symbol) [0x00007FF76D52A967]
	(No symbol) [0x00007FF76D50BCDF]
	(No symbol) [0x00007FF76D5281E2]
	(No symbol) [0x00007FF76D50BA43]
	(No symbol) [0x00007FF76D4DD438]
	(No symbol) [0x00007FF76D4DE4D1]
	GetHandleVerifier [0x00007FF76D9F6F8D+3711213]
	GetHandleVerifier [0x00007FF76DA504CD+4077101]
	GetHandleVerifier [0x00007FF76DA4865F+4044735]
	GetHandleVerifier [0x00007FF76D719736+706710]
	(No symbol) [0x00007FF76D5FB8DF]
	(No symbol) [0x00007FF76D5F6AC4]
	(No symbol) [0x00007FF76D5F6C1C]
	(No symbol) [0x00007FF76D5E68D4]
	BaseThreadInitThunk [0x00007FF9494C257D+29]
	RtlUserThreadStart [0x00007FF94AC4AA58+40]

2024-04-04 12:28:44,588 [ERROR] automation Element located by i0116 is not present. Message: no such element: Unable to locate element: {"method":"css selector","selector":"[id="i0116"]"}
  (Session info: chrome=122.0.6261.131); For documentation on this error, please visit: https://www.selenium.dev/documentation/webdriver/troubleshooting/errors#no-such-element-exception
Stacktrace:
	GetHandleVerifier [0x00007FF76D67AD02+56930]
	(No symbol) [0x00007FF76D5EF602]
	(No symbol) [0x00007FF76D4A42E5]
	(No symbol) [0x00007FF76D4E98ED]
	(No symbol) [0x00007FF76D4E9A2C]
	(No symbol) [0x00007FF76D52A967]
	(No symbol) [0x00007FF76D50BCDF]
	(No symbol) [0x00007FF76D5281E2]
	(No symbol) [0x00007FF76D50BA43]
	(No symbol) [0x00007FF76D4DD438]
	(No symbol) [0x00007FF76D4DE4D1]
	GetHandleVerifier [0x00007FF76D9F6F8D+3711213]
	GetHandleVerifier [0x00007FF76DA504CD+4077101]
	GetHandleVerifier [0x00007FF76DA4865F+4044735]
	GetHandleVerifier [0x00007FF76D719736+706710]
	(No symbol) [0x00007FF76D5FB8DF]
	(No symbol) [0x00007FF76D5F6AC4]
	(No symbol) [0x00007FF76D5F6C1C]
	(No symbol) [0x00007FF76D5E68D4]
	BaseThreadInitThunk [0x00007FF9494C257D+29]
	RtlUserThreadStart [0x00007FF94AC4AA58+40]

2024-04-04 12:28:44,659 [ERROR] automation Element located by i0116 is not present. Message: no such element: Unable to locate element: {"method":"css selector","selector":"[id="i0116"]"}
  (Session info: chrome=122.0.6261.131); For documentation on this error, please visit: https://www.selenium.dev/documentation/webdriver/troubleshooting/errors#no-such-element-exception
Stacktrace:
	GetHandleVerifier [0x00007FF76D67AD02+56930]
	(No symbol) [0x00007FF76D5EF602]
	(No symbol) [0x00007FF76D4A42E5]
	(No symbol) [0x00007FF76D4E98ED]
	(No symbol) [0x00007FF76D4E9A2C]
	(No symbol) [0x00007FF76D52A967]
	(No symbol) [0x00007FF76D50BCDF]
	(No symbol) [0x00007FF76D5281E2]
	(No symbol) [0x00007FF76D50BA43]
	(No symbol) [0x00007FF76D4DD438]
	(No symbol) [0x00007FF76D4DE4D1]
	GetHandleVerifier [0x00007FF76D9F6F8D+3711213]
	GetHandleVerifier [0x00007FF76DA504CD+4077101]
	GetHandleVerifier [0x00007FF76DA4865F+4044735]
	GetHandleVerifier [0x00007FF76D719736+706710]
	(No symbol) [0x00007FF76D5FB8DF]
	(No symbol) [0x00007FF76D5F6AC4]
	(No symbol) [0x00007FF76D5F6C1C]
	(No symbol) [0x00007FF76D5E68D4]
	BaseThreadInitThunk [0x00007FF9494C257D+29]
	RtlUserThreadStart [0x00007FF94AC4AA58+40]

2024-04-04 12:28:44,728 [ERROR] automation Element located by i0116 is not present. Message: no such element: Unable to locate element: {"method":"css selector","selector":"[id="i0116"]"}
  (Session info: chrome=122.0.6261.131); For documentation on this error, please visit: https://www.selenium.dev/documentation/webdriver/troubleshooting/errors#no-such-element-exception
Stacktrace:
	GetHandleVerifier [0x00007FF76D67AD02+56930]
	(No symbol) [0x00007FF76D5EF602]
	(No symbol) [0x00007FF76D4A42E5]
	(No symbol) [0x00007FF76D4E98ED]
	(No symbol) [0x00007FF76D4E9A2C]
	(No symbol) [0x00007FF76D52A967]
	(No symbol) [0x00007FF76D50BCDF]
	(No symbol) [0x00007FF76D5281E2]
	(No symbol) [0x00007FF76D50BA43]
	(No symbol) [0x00007FF76D4DD438]
	(No symbol) [0x00007FF76D4DE4D1]
	GetHandleVerifier [0x00007FF76D9F6F8D+3711213]
	GetHandleVerifier [0x00007FF76DA504CD+4077101]
	GetHandleVerifier [0x00007FF76DA4865F+4044735]
	GetHandleVerifier [0x00007FF76D719736+706710]
	(No symbol) [0x00007FF76D5FB8DF]
	(No symbol) [0x00007FF76D5F6AC4]
	(No symbol) [0x00007FF76D5F6C1C]
	(No symbol) [0x00007FF76D5E68D4]
	BaseThreadInitThunk [0x00007FF9494C257D+29]
	RtlUserThreadStart [0x00007FF94AC4AA58+40]

2024-04-04 12:28:44,796 [ERROR] automation Element located by i0116 is not present. Message: no such element: Unable to locate element: {"method":"css selector","selector":"[id="i0116"]"}
  (Session info: chrome=122.0.6261.131); For documentation on this error, please visit: https://www.selenium.dev/documentation/webdriver/troubleshooting/errors#no-such-element-exception
Stacktrace:
	GetHandleVerifier [0x00007FF76D67AD02+56930]
	(No symbol) [0x00007FF76D5EF602]
	(No symbol) [0x00007FF76D4A42E5]
	(No symbol) [0x00007FF76D4E98ED]
	(No symbol) [0x00007FF76D4E9A2C]
	(No symbol) [0x00007FF76D52A967]
	(No symbol) [0x00007FF76D50BCDF]
	(No symbol) [0x00007FF76D5281E2]
	(No symbol) [0x00007FF76D50BA43]
	(No symbol) [0x00007FF76D4DD438]
	(No symbol) [0x00007FF76D4DE4D1]
	GetHandleVerifier [0x00007FF76D9F6F8D+3711213]
	GetHandleVerifier [0x00007FF76DA504CD+4077101]
	GetHandleVerifier [0x00007FF76DA4865F+4044735]
	GetHandleVerifier [0x00007FF76D719736+706710]
	(No symbol) [0x00007FF76D5FB8DF]
	(No symbol) [0x00007FF76D5F6AC4]
	(No symbol) [0x00007FF76D5F6C1C]
	(No symbol) [0x00007FF76D5E68D4]
	BaseThreadInitThunk [0x00007FF9494C257D+29]
	RtlUserThreadStart [0x00007FF94AC4AA58+40]

2024-04-04 12:28:46,554 [ERROR] automation Element located by i0116 is not present. Message: no such element: Unable to locate element: {"method":"css selector","selector":"[id="i0116"]"}
  (Session info: chrome=122.0.6261.131); For documentation on this error, please visit: https://www.selenium.dev/documentation/webdriver/troubleshooting/errors#no-such-element-exception
Stacktrace:
	GetHandleVerifier [0x00007FF76D67AD02+56930]
	(No symbol) [0x00007FF76D5EF602]
	(No symbol) [0x00007FF76D4A42E5]
	(No symbol) [0x00007FF76D4E98ED]
	(No symbol) [0x00007FF76D4E9A2C]
	(No symbol) [0x00007FF76D52A967]
	(No symbol) [0x00007FF76D50BCDF]
	(No symbol) [0x00007FF76D5281E2]
	(No symbol) [0x00007FF76D50BA43]
	(No symbol) [0x00007FF76D4DD438]
	(No symbol) [0x00007FF76D4DE4D1]
	GetHandleVerifier [0x00007FF76D9F6F8D+3711213]
	GetHandleVerifier [0x00007FF76DA504CD+4077101]
	GetHandleVerifier [0x00007FF76DA4865F+4044735]
	GetHandleVerifier [0x00007FF76D719736+706710]
	(No symbol) [0x00007FF76D5FB8DF]
	(No symbol) [0x00007FF76D5F6AC4]
	(No symbol) [0x00007FF76D5F6C1C]
	(No symbol) [0x00007FF76D5E68D4]
	BaseThreadInitThunk [0x00007FF9494C257D+29]
	RtlUserThreadStart [0x00007FF94AC4AA58+40]

2024-04-04 12:28:46,621 [ERROR] automation Element located by i0116 is not present. Message: no such element: Unable to locate element: {"method":"css selector","selector":"[id="i0116"]"}
  (Session info: chrome=122.0.6261.131); For documentation on this error, please visit: https://www.selenium.dev/documentation/webdriver/troubleshooting/errors#no-such-element-exception
Stacktrace:
	GetHandleVerifier [0x00007FF76D67AD02+56930]
	(No symbol) [0x00007FF76D5EF602]
	(No symbol) [0x00007FF76D4A42E5]
	(No symbol) [0x00007FF76D4E98ED]
	(No symbol) [0x00007FF76D4E9A2C]
	(No symbol) [0x00007FF76D52A967]
	(No symbol) [0x00007FF76D50BCDF]
	(No symbol) [0x00007FF76D5281E2]
	(No symbol) [0x00007FF76D50BA43]
	(No symbol) [0x00007FF76D4DD438]
	(No symbol) [0x00007FF76D4DE4D1]
	GetHandleVerifier [0x00007FF76D9F6F8D+3711213]
	GetHandleVerifier [0x00007FF76DA504CD+4077101]
	GetHandleVerifier [0x00007FF76DA4865F+4044735]
	GetHandleVerifier [0x00007FF76D719736+706710]
	(No symbol) [0x00007FF76D5FB8DF]
	(No symbol) [0x00007FF76D5F6AC4]
	(No symbol) [0x00007FF76D5F6C1C]
	(No symbol) [0x00007FF76D5E68D4]
	BaseThreadInitThunk [0x00007FF9494C257D+29]
	RtlUserThreadStart [0x00007FF94AC4AA58+40]

2024-04-04 12:28:46,690 [ERROR] automation Element located by i0116 is not present. Message: no such element: Unable to locate element: {"method":"css selector","selector":"[id="i0116"]"}
  (Session info: chrome=122.0.6261.131); For documentation on this error, please visit: https://www.selenium.dev/documentation/webdriver/troubleshooting/errors#no-such-element-exception
Stacktrace:
	GetHandleVerifier [0x00007FF76D67AD02+56930]
	(No symbol) [0x00007FF76D5EF602]
	(No symbol) [0x00007FF76D4A42E5]
	(No symbol) [0x00007FF76D4E98ED]
	(No symbol) [0x00007FF76D4E9A2C]
	(No symbol) [0x00007FF76D52A967]
	(No symbol) [0x00007FF76D50BCDF]
	(No symbol) [0x00007FF76D5281E2]
	(No symbol) [0x00007FF76D50BA43]
	(No symbol) [0x00007FF76D4DD438]
	(No symbol) [0x00007FF76D4DE4D1]
	GetHandleVerifier [0x00007FF76D9F6F8D+3711213]
	GetHandleVerifier [0x00007FF76DA504CD+4077101]
	GetHandleVerifier [0x00007FF76DA4865F+4044735]
	GetHandleVerifier [0x00007FF76D719736+706710]
	(No symbol) [0x00007FF76D5FB8DF]
	(No symbol) [0x00007FF76D5F6AC4]
	(No symbol) [0x00007FF76D5F6C1C]
	(No symbol) [0x00007FF76D5E68D4]
	BaseThreadInitThunk [0x00007FF9494C257D+29]
	RtlUserThreadStart [0x00007FF94AC4AA58+40]

2024-04-04 12:28:46,853 [ERROR] automation Element located by i0116 is not present. Message: no such element: Unable to locate element: {"method":"css selector","selector":"[id="i0116"]"}
  (Session info: chrome=122.0.6261.131); For documentation on this error, please visit: https://www.selenium.dev/documentation/webdriver/troubleshooting/errors#no-such-element-exception
Stacktrace:
	GetHandleVerifier [0x00007FF76D67AD02+56930]
	(No symbol) [0x00007FF76D5EF602]
	(No symbol) [0x00007FF76D4A42E5]
	(No symbol) [0x00007FF76D4E98ED]
	(No symbol) [0x00007FF76D4E9A2C]
	(No symbol) [0x00007FF76D52A967]
	(No symbol) [0x00007FF76D50BCDF]
	(No symbol) [0x00007FF76D5281E2]
	(No symbol) [0x00007FF76D50BA43]
	(No symbol) [0x00007FF76D4DD438]
	(No symbol) [0x00007FF76D4DE4D1]
	GetHandleVerifier [0x00007FF76D9F6F8D+3711213]
	GetHandleVerifier [0x00007FF76DA504CD+4077101]
	GetHandleVerifier [0x00007FF76DA4865F+4044735]
	GetHandleVerifier [0x00007FF76D719736+706710]
	(No symbol) [0x00007FF76D5FB8DF]
	(No symbol) [0x00007FF76D5F6AC4]
	(No symbol) [0x00007FF76D5F6C1C]
	(No symbol) [0x00007FF76D5E68D4]
	BaseThreadInitThunk [0x00007FF9494C257D+29]
	RtlUserThreadStart [0x00007FF94AC4AA58+40]

2024-04-04 12:28:46,946 [INFO] automation Element located by i0116 is present.
2024-04-04 12:28:53,972 [INFO] automation Element located by //div[@class='logo'] is present.
2024-04-04 12:29:01,052 [INFO] automation Element located by //div[@class='tableFixHead']/table/tbody/tr[contains(@class,'even_col')][1] is present.
2024-04-04 12:29:03,683 [INFO] automation Element located by //input[@formcontrolname='title'] is present.
2024-04-04 12:29:03,693 [INFO] automation Element located by //input[@formcontrolname='title'] is present.
2024-04-04 12:29:08,221 [INFO] automation CPU Percent: 0.0	Virtual Memory: svmem(total=12635017216, available=1559982080, percent=87.7, used=11075035136, free=1559982080)
2024-04-04 12:29:08,336 [INFO] automation screenshot logged as: C:\Users\Thanusha Kotaprolu\Automation Projects\cognine-crm-automation\RunExecutionScripts\common\logs\screenshots\test_crm_bulk_email_page_smoke_test__fail04122908acae.png
2024-04-04 12:29:08,336 [ERROR] automation Test failed.
