2025-01-24 18:53:05,607 [INFO] automation Navigating to the https://chorusdev.cogninelabs.com/
2025-01-24 18:53:09,916 [ERROR] automation Element located by i0116 is not present. Message: no such element: Unable to locate element: {"method":"css selector","selector":"[id="i0116"]"}
  (Session info: chrome=132.0.6834.110); For documentation on this error, please visit: https://www.selenium.dev/documentation/webdriver/troubleshooting/errors#no-such-element-exception
Stacktrace:
	GetHandleVerifier [0x00007FF78E75CC05+28741]
	(No symbol) [0x00007FF78E6BFED0]
	(No symbol) [0x00007FF78E554FBA]
	(No symbol) [0x00007FF78E5A9256]
	(No symbol) [0x00007FF78E5A948C]
	(No symbol) [0x00007FF78E5F3267]
	(No symbol) [0x00007FF78E5CFE6F]
	(No symbol) [0x00007FF78E5EFFE1]
	(No symbol) [0x00007FF78E5CFBD3]
	(No symbol) [0x00007FF78E599F43]
	(No symbol) [0x00007FF78E59B2D1]
	GetHandleVerifier [0x00007FF78EA8DE3D+3375741]
	GetHandleVerifier [0x00007FF78EAA096A+3452330]
	GetHandleVerifier [0x00007FF78EA9671D+3410781]
	GetHandleVerifier [0x00007FF78E82653B+854395]
	(No symbol) [0x00007FF78E6CBE0F]
	(No symbol) [0x00007FF78E6C7714]
	(No symbol) [0x00007FF78E6C78AD]
	(No symbol) [0x00007FF78E6B6189]
	BaseThreadInitThunk [0x00007FF8FE247374+20]
	RtlUserThreadStart [0x00007FF8FEEDCC91+33]

2025-01-24 18:53:09,976 [ERROR] automation Element located by i0116 is not present. Message: no such element: Unable to locate element: {"method":"css selector","selector":"[id="i0116"]"}
  (Session info: chrome=132.0.6834.110); For documentation on this error, please visit: https://www.selenium.dev/documentation/webdriver/troubleshooting/errors#no-such-element-exception
Stacktrace:
	GetHandleVerifier [0x00007FF78E75CC05+28741]
	(No symbol) [0x00007FF78E6BFED0]
	(No symbol) [0x00007FF78E554FBA]
	(No symbol) [0x00007FF78E5A9256]
	(No symbol) [0x00007FF78E5A948C]
	(No symbol) [0x00007FF78E5F3267]
	(No symbol) [0x00007FF78E5CFE6F]
	(No symbol) [0x00007FF78E5EFFE1]
	(No symbol) [0x00007FF78E5CFBD3]
	(No symbol) [0x00007FF78E599F43]
	(No symbol) [0x00007FF78E59B2D1]
	GetHandleVerifier [0x00007FF78EA8DE3D+3375741]
	GetHandleVerifier [0x00007FF78EAA096A+3452330]
	GetHandleVerifier [0x00007FF78EA9671D+3410781]
	GetHandleVerifier [0x00007FF78E82653B+854395]
	(No symbol) [0x00007FF78E6CBE0F]
	(No symbol) [0x00007FF78E6C7714]
	(No symbol) [0x00007FF78E6C78AD]
	(No symbol) [0x00007FF78E6B6189]
	BaseThreadInitThunk [0x00007FF8FE247374+20]
	RtlUserThreadStart [0x00007FF8FEEDCC91+33]

2025-01-24 18:53:10,040 [ERROR] automation Element located by i0116 is not present. Message: no such element: Unable to locate element: {"method":"css selector","selector":"[id="i0116"]"}
  (Session info: chrome=132.0.6834.110); For documentation on this error, please visit: https://www.selenium.dev/documentation/webdriver/troubleshooting/errors#no-such-element-exception
Stacktrace:
	GetHandleVerifier [0x00007FF78E75CC05+28741]
	(No symbol) [0x00007FF78E6BFED0]
	(No symbol) [0x00007FF78E554FBA]
	(No symbol) [0x00007FF78E5A9256]
	(No symbol) [0x00007FF78E5A948C]
	(No symbol) [0x00007FF78E5F3267]
	(No symbol) [0x00007FF78E5CFE6F]
	(No symbol) [0x00007FF78E5EFFE1]
	(No symbol) [0x00007FF78E5CFBD3]
	(No symbol) [0x00007FF78E599F43]
	(No symbol) [0x00007FF78E59B2D1]
	GetHandleVerifier [0x00007FF78EA8DE3D+3375741]
	GetHandleVerifier [0x00007FF78EAA096A+3452330]
	GetHandleVerifier [0x00007FF78EA9671D+3410781]
	GetHandleVerifier [0x00007FF78E82653B+854395]
	(No symbol) [0x00007FF78E6CBE0F]
	(No symbol) [0x00007FF78E6C7714]
	(No symbol) [0x00007FF78E6C78AD]
	(No symbol) [0x00007FF78E6B6189]
	BaseThreadInitThunk [0x00007FF8FE247374+20]
	RtlUserThreadStart [0x00007FF8FEEDCC91+33]

2025-01-24 18:53:10,103 [ERROR] automation Element located by i0116 is not present. Message: no such element: Unable to locate element: {"method":"css selector","selector":"[id="i0116"]"}
  (Session info: chrome=132.0.6834.110); For documentation on this error, please visit: https://www.selenium.dev/documentation/webdriver/troubleshooting/errors#no-such-element-exception
Stacktrace:
	GetHandleVerifier [0x00007FF78E75CC05+28741]
	(No symbol) [0x00007FF78E6BFED0]
	(No symbol) [0x00007FF78E554FBA]
	(No symbol) [0x00007FF78E5A9256]
	(No symbol) [0x00007FF78E5A948C]
	(No symbol) [0x00007FF78E5F3267]
	(No symbol) [0x00007FF78E5CFE6F]
	(No symbol) [0x00007FF78E5EFFE1]
	(No symbol) [0x00007FF78E5CFBD3]
	(No symbol) [0x00007FF78E599F43]
	(No symbol) [0x00007FF78E59B2D1]
	GetHandleVerifier [0x00007FF78EA8DE3D+3375741]
	GetHandleVerifier [0x00007FF78EAA096A+3452330]
	GetHandleVerifier [0x00007FF78EA9671D+3410781]
	GetHandleVerifier [0x00007FF78E82653B+854395]
	(No symbol) [0x00007FF78E6CBE0F]
	(No symbol) [0x00007FF78E6C7714]
	(No symbol) [0x00007FF78E6C78AD]
	(No symbol) [0x00007FF78E6B6189]
	BaseThreadInitThunk [0x00007FF8FE247374+20]
	RtlUserThreadStart [0x00007FF8FEEDCC91+33]

2025-01-24 18:53:10,168 [ERROR] automation Element located by i0116 is not present. Message: no such element: Unable to locate element: {"method":"css selector","selector":"[id="i0116"]"}
  (Session info: chrome=132.0.6834.110); For documentation on this error, please visit: https://www.selenium.dev/documentation/webdriver/troubleshooting/errors#no-such-element-exception
Stacktrace:
	GetHandleVerifier [0x00007FF78E75CC05+28741]
	(No symbol) [0x00007FF78E6BFED0]
	(No symbol) [0x00007FF78E554FBA]
	(No symbol) [0x00007FF78E5A9256]
	(No symbol) [0x00007FF78E5A948C]
	(No symbol) [0x00007FF78E5F3267]
	(No symbol) [0x00007FF78E5CFE6F]
	(No symbol) [0x00007FF78E5EFFE1]
	(No symbol) [0x00007FF78E5CFBD3]
	(No symbol) [0x00007FF78E599F43]
	(No symbol) [0x00007FF78E59B2D1]
	GetHandleVerifier [0x00007FF78EA8DE3D+3375741]
	GetHandleVerifier [0x00007FF78EAA096A+3452330]
	GetHandleVerifier [0x00007FF78EA9671D+3410781]
	GetHandleVerifier [0x00007FF78E82653B+854395]
	(No symbol) [0x00007FF78E6CBE0F]
	(No symbol) [0x00007FF78E6C7714]
	(No symbol) [0x00007FF78E6C78AD]
	(No symbol) [0x00007FF78E6B6189]
	BaseThreadInitThunk [0x00007FF8FE247374+20]
	RtlUserThreadStart [0x00007FF8FEEDCC91+33]

2025-01-24 18:53:10,236 [ERROR] automation Element located by i0116 is not present. Message: no such element: Unable to locate element: {"method":"css selector","selector":"[id="i0116"]"}
  (Session info: chrome=132.0.6834.110); For documentation on this error, please visit: https://www.selenium.dev/documentation/webdriver/troubleshooting/errors#no-such-element-exception
Stacktrace:
	GetHandleVerifier [0x00007FF78E75CC05+28741]
	(No symbol) [0x00007FF78E6BFED0]
	(No symbol) [0x00007FF78E554FBA]
	(No symbol) [0x00007FF78E5A9256]
	(No symbol) [0x00007FF78E5A948C]
	(No symbol) [0x00007FF78E5F3267]
	(No symbol) [0x00007FF78E5CFE6F]
	(No symbol) [0x00007FF78E5EFFE1]
	(No symbol) [0x00007FF78E5CFBD3]
	(No symbol) [0x00007FF78E599F43]
	(No symbol) [0x00007FF78E59B2D1]
	GetHandleVerifier [0x00007FF78EA8DE3D+3375741]
	GetHandleVerifier [0x00007FF78EAA096A+3452330]
	GetHandleVerifier [0x00007FF78EA9671D+3410781]
	GetHandleVerifier [0x00007FF78E82653B+854395]
	(No symbol) [0x00007FF78E6CBE0F]
	(No symbol) [0x00007FF78E6C7714]
	(No symbol) [0x00007FF78E6C78AD]
	(No symbol) [0x00007FF78E6B6189]
	BaseThreadInitThunk [0x00007FF8FE247374+20]
	RtlUserThreadStart [0x00007FF8FEEDCC91+33]

2025-01-24 18:53:11,043 [ERROR] automation Element located by i0116 is not present. Message: no such element: Unable to locate element: {"method":"css selector","selector":"[id="i0116"]"}
  (Session info: chrome=132.0.6834.110); For documentation on this error, please visit: https://www.selenium.dev/documentation/webdriver/troubleshooting/errors#no-such-element-exception
Stacktrace:
	GetHandleVerifier [0x00007FF78E75CC05+28741]
	(No symbol) [0x00007FF78E6BFED0]
	(No symbol) [0x00007FF78E554FBA]
	(No symbol) [0x00007FF78E5A9256]
	(No symbol) [0x00007FF78E5A948C]
	(No symbol) [0x00007FF78E5F3267]
	(No symbol) [0x00007FF78E5CFE6F]
	(No symbol) [0x00007FF78E5EFFE1]
	(No symbol) [0x00007FF78E5CFBD3]
	(No symbol) [0x00007FF78E599F43]
	(No symbol) [0x00007FF78E59B2D1]
	GetHandleVerifier [0x00007FF78EA8DE3D+3375741]
	GetHandleVerifier [0x00007FF78EAA096A+3452330]
	GetHandleVerifier [0x00007FF78EA9671D+3410781]
	GetHandleVerifier [0x00007FF78E82653B+854395]
	(No symbol) [0x00007FF78E6CBE0F]
	(No symbol) [0x00007FF78E6C7714]
	(No symbol) [0x00007FF78E6C78AD]
	(No symbol) [0x00007FF78E6B6189]
	BaseThreadInitThunk [0x00007FF8FE247374+20]
	RtlUserThreadStart [0x00007FF8FEEDCC91+33]

2025-01-24 18:53:11,105 [ERROR] automation Element located by i0116 is not present. Message: no such element: Unable to locate element: {"method":"css selector","selector":"[id="i0116"]"}
  (Session info: chrome=132.0.6834.110); For documentation on this error, please visit: https://www.selenium.dev/documentation/webdriver/troubleshooting/errors#no-such-element-exception
Stacktrace:
	GetHandleVerifier [0x00007FF78E75CC05+28741]
	(No symbol) [0x00007FF78E6BFED0]
	(No symbol) [0x00007FF78E554FBA]
	(No symbol) [0x00007FF78E5A9256]
	(No symbol) [0x00007FF78E5A948C]
	(No symbol) [0x00007FF78E5F3267]
	(No symbol) [0x00007FF78E5CFE6F]
	(No symbol) [0x00007FF78E5EFFE1]
	(No symbol) [0x00007FF78E5CFBD3]
	(No symbol) [0x00007FF78E599F43]
	(No symbol) [0x00007FF78E59B2D1]
	GetHandleVerifier [0x00007FF78EA8DE3D+3375741]
	GetHandleVerifier [0x00007FF78EAA096A+3452330]
	GetHandleVerifier [0x00007FF78EA9671D+3410781]
	GetHandleVerifier [0x00007FF78E82653B+854395]
	(No symbol) [0x00007FF78E6CBE0F]
	(No symbol) [0x00007FF78E6C7714]
	(No symbol) [0x00007FF78E6C78AD]
	(No symbol) [0x00007FF78E6B6189]
	BaseThreadInitThunk [0x00007FF8FE247374+20]
	RtlUserThreadStart [0x00007FF8FEEDCC91+33]

2025-01-24 18:53:11,164 [ERROR] automation Element located by i0116 is not present. Message: no such element: Unable to locate element: {"method":"css selector","selector":"[id="i0116"]"}
  (Session info: chrome=132.0.6834.110); For documentation on this error, please visit: https://www.selenium.dev/documentation/webdriver/troubleshooting/errors#no-such-element-exception
Stacktrace:
	GetHandleVerifier [0x00007FF78E75CC05+28741]
	(No symbol) [0x00007FF78E6BFED0]
	(No symbol) [0x00007FF78E554FBA]
	(No symbol) [0x00007FF78E5A9256]
	(No symbol) [0x00007FF78E5A948C]
	(No symbol) [0x00007FF78E5F3267]
	(No symbol) [0x00007FF78E5CFE6F]
	(No symbol) [0x00007FF78E5EFFE1]
	(No symbol) [0x00007FF78E5CFBD3]
	(No symbol) [0x00007FF78E599F43]
	(No symbol) [0x00007FF78E59B2D1]
	GetHandleVerifier [0x00007FF78EA8DE3D+3375741]
	GetHandleVerifier [0x00007FF78EAA096A+3452330]
	GetHandleVerifier [0x00007FF78EA9671D+3410781]
	GetHandleVerifier [0x00007FF78E82653B+854395]
	(No symbol) [0x00007FF78E6CBE0F]
	(No symbol) [0x00007FF78E6C7714]
	(No symbol) [0x00007FF78E6C78AD]
	(No symbol) [0x00007FF78E6B6189]
	BaseThreadInitThunk [0x00007FF8FE247374+20]
	RtlUserThreadStart [0x00007FF8FEEDCC91+33]

2025-01-24 18:53:11,305 [ERROR] automation Element located by i0116 is not present. Message: no such element: Unable to locate element: {"method":"css selector","selector":"[id="i0116"]"}
  (Session info: chrome=132.0.6834.110); For documentation on this error, please visit: https://www.selenium.dev/documentation/webdriver/troubleshooting/errors#no-such-element-exception
Stacktrace:
	GetHandleVerifier [0x00007FF78E75CC05+28741]
	(No symbol) [0x00007FF78E6BFED0]
	(No symbol) [0x00007FF78E554FBA]
	(No symbol) [0x00007FF78E5A9256]
	(No symbol) [0x00007FF78E5A948C]
	(No symbol) [0x00007FF78E5F3267]
	(No symbol) [0x00007FF78E5CFE6F]
	(No symbol) [0x00007FF78E5EFFE1]
	(No symbol) [0x00007FF78E5CFBD3]
	(No symbol) [0x00007FF78E599F43]
	(No symbol) [0x00007FF78E59B2D1]
	GetHandleVerifier [0x00007FF78EA8DE3D+3375741]
	GetHandleVerifier [0x00007FF78EAA096A+3452330]
	GetHandleVerifier [0x00007FF78EA9671D+3410781]
	GetHandleVerifier [0x00007FF78E82653B+854395]
	(No symbol) [0x00007FF78E6CBE0F]
	(No symbol) [0x00007FF78E6C7714]
	(No symbol) [0x00007FF78E6C78AD]
	(No symbol) [0x00007FF78E6B6189]
	BaseThreadInitThunk [0x00007FF8FE247374+20]
	RtlUserThreadStart [0x00007FF8FEEDCC91+33]

2025-01-24 18:53:11,365 [INFO] automation Element located by i0116 is present.
2025-01-24 18:53:17,724 [INFO] automation Element located by //div[@class='logo'] is present.
