2025-01-07 15:29:43,154 [INFO] automation Navigating to the https://chorusdev.cogninelabs.com/
2025-01-07 15:29:47,556 [ERROR] automation Element located by i0116 is not present. Message: no such element: Unable to locate element: {"method":"css selector","selector":"[id="i0116"]"}
  (Session info: chrome=131.0.6778.205); For documentation on this error, please visit: https://www.selenium.dev/documentation/webdriver/troubleshooting/errors#no-such-element-exception
Stacktrace:
	GetHandleVerifier [0x00007FF75E09FB05+28789]
	(No symbol) [0x00007FF75E0086E0]
	(No symbol) [0x00007FF75DEA592A]
	(No symbol) [0x00007FF75DEF930E]
	(No symbol) [0x00007FF75DEF95FC]
	(No symbol) [0x00007FF75DF428A7]
	(No symbol) [0x00007FF75DF1F47F]
	(No symbol) [0x00007FF75DF3F654]
	(No symbol) [0x00007FF75DF1F1E3]
	(No symbol) [0x00007FF75DEEA938]
	(No symbol) [0x00007FF75DEEBAA1]
	GetHandleVerifier [0x00007FF75E3D933D+3410093]
	GetHandleVerifier [0x00007FF75E3EE7DD+3497293]
	GetHandleVerifier [0x00007FF75E3E2A73+3448803]
	GetHandleVerifier [0x00007FF75E167BBB+848171]
	(No symbol) [0x00007FF75E013C3F]
	(No symbol) [0x00007FF75E00F6E4]
	(No symbol) [0x00007FF75E00F87D]
	(No symbol) [0x00007FF75DFFED49]
	BaseThreadInitThunk [0x00007FF8A8D47374+20]
	RtlUserThreadStart [0x00007FF8A9CBCC91+33]

2025-01-07 15:29:47,620 [ERROR] automation Element located by i0116 is not present. Message: no such element: Unable to locate element: {"method":"css selector","selector":"[id="i0116"]"}
  (Session info: chrome=131.0.6778.205); For documentation on this error, please visit: https://www.selenium.dev/documentation/webdriver/troubleshooting/errors#no-such-element-exception
Stacktrace:
	GetHandleVerifier [0x00007FF75E09FB05+28789]
	(No symbol) [0x00007FF75E0086E0]
	(No symbol) [0x00007FF75DEA592A]
	(No symbol) [0x00007FF75DEF930E]
	(No symbol) [0x00007FF75DEF95FC]
	(No symbol) [0x00007FF75DF428A7]
	(No symbol) [0x00007FF75DF1F47F]
	(No symbol) [0x00007FF75DF3F654]
	(No symbol) [0x00007FF75DF1F1E3]
	(No symbol) [0x00007FF75DEEA938]
	(No symbol) [0x00007FF75DEEBAA1]
	GetHandleVerifier [0x00007FF75E3D933D+3410093]
	GetHandleVerifier [0x00007FF75E3EE7DD+3497293]
	GetHandleVerifier [0x00007FF75E3E2A73+3448803]
	GetHandleVerifier [0x00007FF75E167BBB+848171]
	(No symbol) [0x00007FF75E013C3F]
	(No symbol) [0x00007FF75E00F6E4]
	(No symbol) [0x00007FF75E00F87D]
	(No symbol) [0x00007FF75DFFED49]
	BaseThreadInitThunk [0x00007FF8A8D47374+20]
	RtlUserThreadStart [0x00007FF8A9CBCC91+33]

2025-01-07 15:29:47,686 [ERROR] automation Element located by i0116 is not present. Message: no such element: Unable to locate element: {"method":"css selector","selector":"[id="i0116"]"}
  (Session info: chrome=131.0.6778.205); For documentation on this error, please visit: https://www.selenium.dev/documentation/webdriver/troubleshooting/errors#no-such-element-exception
Stacktrace:
	GetHandleVerifier [0x00007FF75E09FB05+28789]
	(No symbol) [0x00007FF75E0086E0]
	(No symbol) [0x00007FF75DEA592A]
	(No symbol) [0x00007FF75DEF930E]
	(No symbol) [0x00007FF75DEF95FC]
	(No symbol) [0x00007FF75DF428A7]
	(No symbol) [0x00007FF75DF1F47F]
	(No symbol) [0x00007FF75DF3F654]
	(No symbol) [0x00007FF75DF1F1E3]
	(No symbol) [0x00007FF75DEEA938]
	(No symbol) [0x00007FF75DEEBAA1]
	GetHandleVerifier [0x00007FF75E3D933D+3410093]
	GetHandleVerifier [0x00007FF75E3EE7DD+3497293]
	GetHandleVerifier [0x00007FF75E3E2A73+3448803]
	GetHandleVerifier [0x00007FF75E167BBB+848171]
	(No symbol) [0x00007FF75E013C3F]
	(No symbol) [0x00007FF75E00F6E4]
	(No symbol) [0x00007FF75E00F87D]
	(No symbol) [0x00007FF75DFFED49]
	BaseThreadInitThunk [0x00007FF8A8D47374+20]
	RtlUserThreadStart [0x00007FF8A9CBCC91+33]

2025-01-07 15:29:47,741 [ERROR] automation Element located by i0116 is not present. Message: no such element: Unable to locate element: {"method":"css selector","selector":"[id="i0116"]"}
  (Session info: chrome=131.0.6778.205); For documentation on this error, please visit: https://www.selenium.dev/documentation/webdriver/troubleshooting/errors#no-such-element-exception
Stacktrace:
	GetHandleVerifier [0x00007FF75E09FB05+28789]
	(No symbol) [0x00007FF75E0086E0]
	(No symbol) [0x00007FF75DEA592A]
	(No symbol) [0x00007FF75DEF930E]
	(No symbol) [0x00007FF75DEF95FC]
	(No symbol) [0x00007FF75DF428A7]
	(No symbol) [0x00007FF75DF1F47F]
	(No symbol) [0x00007FF75DF3F654]
	(No symbol) [0x00007FF75DF1F1E3]
	(No symbol) [0x00007FF75DEEA938]
	(No symbol) [0x00007FF75DEEBAA1]
	GetHandleVerifier [0x00007FF75E3D933D+3410093]
	GetHandleVerifier [0x00007FF75E3EE7DD+3497293]
	GetHandleVerifier [0x00007FF75E3E2A73+3448803]
	GetHandleVerifier [0x00007FF75E167BBB+848171]
	(No symbol) [0x00007FF75E013C3F]
	(No symbol) [0x00007FF75E00F6E4]
	(No symbol) [0x00007FF75E00F87D]
	(No symbol) [0x00007FF75DFFED49]
	BaseThreadInitThunk [0x00007FF8A8D47374+20]
	RtlUserThreadStart [0x00007FF8A9CBCC91+33]

2025-01-07 15:29:47,804 [ERROR] automation Element located by i0116 is not present. Message: no such element: Unable to locate element: {"method":"css selector","selector":"[id="i0116"]"}
  (Session info: chrome=131.0.6778.205); For documentation on this error, please visit: https://www.selenium.dev/documentation/webdriver/troubleshooting/errors#no-such-element-exception
Stacktrace:
	GetHandleVerifier [0x00007FF75E09FB05+28789]
	(No symbol) [0x00007FF75E0086E0]
	(No symbol) [0x00007FF75DEA592A]
	(No symbol) [0x00007FF75DEF930E]
	(No symbol) [0x00007FF75DEF95FC]
	(No symbol) [0x00007FF75DF428A7]
	(No symbol) [0x00007FF75DF1F47F]
	(No symbol) [0x00007FF75DF3F654]
	(No symbol) [0x00007FF75DF1F1E3]
	(No symbol) [0x00007FF75DEEA938]
	(No symbol) [0x00007FF75DEEBAA1]
	GetHandleVerifier [0x00007FF75E3D933D+3410093]
	GetHandleVerifier [0x00007FF75E3EE7DD+3497293]
	GetHandleVerifier [0x00007FF75E3E2A73+3448803]
	GetHandleVerifier [0x00007FF75E167BBB+848171]
	(No symbol) [0x00007FF75E013C3F]
	(No symbol) [0x00007FF75E00F6E4]
	(No symbol) [0x00007FF75E00F87D]
	(No symbol) [0x00007FF75DFFED49]
	BaseThreadInitThunk [0x00007FF8A8D47374+20]
	RtlUserThreadStart [0x00007FF8A9CBCC91+33]

2025-01-07 15:29:47,871 [ERROR] automation Element located by i0116 is not present. Message: no such element: Unable to locate element: {"method":"css selector","selector":"[id="i0116"]"}
  (Session info: chrome=131.0.6778.205); For documentation on this error, please visit: https://www.selenium.dev/documentation/webdriver/troubleshooting/errors#no-such-element-exception
Stacktrace:
	GetHandleVerifier [0x00007FF75E09FB05+28789]
	(No symbol) [0x00007FF75E0086E0]
	(No symbol) [0x00007FF75DEA592A]
	(No symbol) [0x00007FF75DEF930E]
	(No symbol) [0x00007FF75DEF95FC]
	(No symbol) [0x00007FF75DF428A7]
	(No symbol) [0x00007FF75DF1F47F]
	(No symbol) [0x00007FF75DF3F654]
	(No symbol) [0x00007FF75DF1F1E3]
	(No symbol) [0x00007FF75DEEA938]
	(No symbol) [0x00007FF75DEEBAA1]
	GetHandleVerifier [0x00007FF75E3D933D+3410093]
	GetHandleVerifier [0x00007FF75E3EE7DD+3497293]
	GetHandleVerifier [0x00007FF75E3E2A73+3448803]
	GetHandleVerifier [0x00007FF75E167BBB+848171]
	(No symbol) [0x00007FF75E013C3F]
	(No symbol) [0x00007FF75E00F6E4]
	(No symbol) [0x00007FF75E00F87D]
	(No symbol) [0x00007FF75DFFED49]
	BaseThreadInitThunk [0x00007FF8A8D47374+20]
	RtlUserThreadStart [0x00007FF8A9CBCC91+33]

2025-01-07 15:29:47,939 [ERROR] automation Element located by i0116 is not present. Message: no such element: Unable to locate element: {"method":"css selector","selector":"[id="i0116"]"}
  (Session info: chrome=131.0.6778.205); For documentation on this error, please visit: https://www.selenium.dev/documentation/webdriver/troubleshooting/errors#no-such-element-exception
Stacktrace:
	GetHandleVerifier [0x00007FF75E09FB05+28789]
	(No symbol) [0x00007FF75E0086E0]
	(No symbol) [0x00007FF75DEA592A]
	(No symbol) [0x00007FF75DEF930E]
	(No symbol) [0x00007FF75DEF95FC]
	(No symbol) [0x00007FF75DF428A7]
	(No symbol) [0x00007FF75DF1F47F]
	(No symbol) [0x00007FF75DF3F654]
	(No symbol) [0x00007FF75DF1F1E3]
	(No symbol) [0x00007FF75DEEA938]
	(No symbol) [0x00007FF75DEEBAA1]
	GetHandleVerifier [0x00007FF75E3D933D+3410093]
	GetHandleVerifier [0x00007FF75E3EE7DD+3497293]
	GetHandleVerifier [0x00007FF75E3E2A73+3448803]
	GetHandleVerifier [0x00007FF75E167BBB+848171]
	(No symbol) [0x00007FF75E013C3F]
	(No symbol) [0x00007FF75E00F6E4]
	(No symbol) [0x00007FF75E00F87D]
	(No symbol) [0x00007FF75DFFED49]
	BaseThreadInitThunk [0x00007FF8A8D47374+20]
	RtlUserThreadStart [0x00007FF8A9CBCC91+33]

2025-01-07 15:29:48,007 [ERROR] automation Element located by i0116 is not present. Message: no such element: Unable to locate element: {"method":"css selector","selector":"[id="i0116"]"}
  (Session info: chrome=131.0.6778.205); For documentation on this error, please visit: https://www.selenium.dev/documentation/webdriver/troubleshooting/errors#no-such-element-exception
Stacktrace:
	GetHandleVerifier [0x00007FF75E09FB05+28789]
	(No symbol) [0x00007FF75E0086E0]
	(No symbol) [0x00007FF75DEA592A]
	(No symbol) [0x00007FF75DEF930E]
	(No symbol) [0x00007FF75DEF95FC]
	(No symbol) [0x00007FF75DF428A7]
	(No symbol) [0x00007FF75DF1F47F]
	(No symbol) [0x00007FF75DF3F654]
	(No symbol) [0x00007FF75DF1F1E3]
	(No symbol) [0x00007FF75DEEA938]
	(No symbol) [0x00007FF75DEEBAA1]
	GetHandleVerifier [0x00007FF75E3D933D+3410093]
	GetHandleVerifier [0x00007FF75E3EE7DD+3497293]
	GetHandleVerifier [0x00007FF75E3E2A73+3448803]
	GetHandleVerifier [0x00007FF75E167BBB+848171]
	(No symbol) [0x00007FF75E013C3F]
	(No symbol) [0x00007FF75E00F6E4]
	(No symbol) [0x00007FF75E00F87D]
	(No symbol) [0x00007FF75DFFED49]
	BaseThreadInitThunk [0x00007FF8A8D47374+20]
	RtlUserThreadStart [0x00007FF8A9CBCC91+33]

2025-01-07 15:29:48,611 [ERROR] automation Element located by i0116 is not present. Message: no such element: Unable to locate element: {"method":"css selector","selector":"[id="i0116"]"}
  (Session info: chrome=131.0.6778.205); For documentation on this error, please visit: https://www.selenium.dev/documentation/webdriver/troubleshooting/errors#no-such-element-exception
Stacktrace:
	GetHandleVerifier [0x00007FF75E09FB05+28789]
	(No symbol) [0x00007FF75E0086E0]
	(No symbol) [0x00007FF75DEA592A]
	(No symbol) [0x00007FF75DEF930E]
	(No symbol) [0x00007FF75DEF95FC]
	(No symbol) [0x00007FF75DF428A7]
	(No symbol) [0x00007FF75DF1F47F]
	(No symbol) [0x00007FF75DF3F654]
	(No symbol) [0x00007FF75DF1F1E3]
	(No symbol) [0x00007FF75DEEA938]
	(No symbol) [0x00007FF75DEEBAA1]
	GetHandleVerifier [0x00007FF75E3D933D+3410093]
	GetHandleVerifier [0x00007FF75E3EE7DD+3497293]
	GetHandleVerifier [0x00007FF75E3E2A73+3448803]
	GetHandleVerifier [0x00007FF75E167BBB+848171]
	(No symbol) [0x00007FF75E013C3F]
	(No symbol) [0x00007FF75E00F6E4]
	(No symbol) [0x00007FF75E00F87D]
	(No symbol) [0x00007FF75DFFED49]
	BaseThreadInitThunk [0x00007FF8A8D47374+20]
	RtlUserThreadStart [0x00007FF8A9CBCC91+33]

2025-01-07 15:29:48,671 [ERROR] automation Element located by i0116 is not present. Message: no such element: Unable to locate element: {"method":"css selector","selector":"[id="i0116"]"}
  (Session info: chrome=131.0.6778.205); For documentation on this error, please visit: https://www.selenium.dev/documentation/webdriver/troubleshooting/errors#no-such-element-exception
Stacktrace:
	GetHandleVerifier [0x00007FF75E09FB05+28789]
	(No symbol) [0x00007FF75E0086E0]
	(No symbol) [0x00007FF75DEA592A]
	(No symbol) [0x00007FF75DEF930E]
	(No symbol) [0x00007FF75DEF95FC]
	(No symbol) [0x00007FF75DF428A7]
	(No symbol) [0x00007FF75DF1F47F]
	(No symbol) [0x00007FF75DF3F654]
	(No symbol) [0x00007FF75DF1F1E3]
	(No symbol) [0x00007FF75DEEA938]
	(No symbol) [0x00007FF75DEEBAA1]
	GetHandleVerifier [0x00007FF75E3D933D+3410093]
	GetHandleVerifier [0x00007FF75E3EE7DD+3497293]
	GetHandleVerifier [0x00007FF75E3E2A73+3448803]
	GetHandleVerifier [0x00007FF75E167BBB+848171]
	(No symbol) [0x00007FF75E013C3F]
	(No symbol) [0x00007FF75E00F6E4]
	(No symbol) [0x00007FF75E00F87D]
	(No symbol) [0x00007FF75DFFED49]
	BaseThreadInitThunk [0x00007FF8A8D47374+20]
	RtlUserThreadStart [0x00007FF8A9CBCC91+33]

2025-01-07 15:29:48,728 [ERROR] automation Element located by i0116 is not present. Message: no such element: Unable to locate element: {"method":"css selector","selector":"[id="i0116"]"}
  (Session info: chrome=131.0.6778.205); For documentation on this error, please visit: https://www.selenium.dev/documentation/webdriver/troubleshooting/errors#no-such-element-exception
Stacktrace:
	GetHandleVerifier [0x00007FF75E09FB05+28789]
	(No symbol) [0x00007FF75E0086E0]
	(No symbol) [0x00007FF75DEA592A]
	(No symbol) [0x00007FF75DEF930E]
	(No symbol) [0x00007FF75DEF95FC]
	(No symbol) [0x00007FF75DF428A7]
	(No symbol) [0x00007FF75DF1F47F]
	(No symbol) [0x00007FF75DF3F654]
	(No symbol) [0x00007FF75DF1F1E3]
	(No symbol) [0x00007FF75DEEA938]
	(No symbol) [0x00007FF75DEEBAA1]
	GetHandleVerifier [0x00007FF75E3D933D+3410093]
	GetHandleVerifier [0x00007FF75E3EE7DD+3497293]
	GetHandleVerifier [0x00007FF75E3E2A73+3448803]
	GetHandleVerifier [0x00007FF75E167BBB+848171]
	(No symbol) [0x00007FF75E013C3F]
	(No symbol) [0x00007FF75E00F6E4]
	(No symbol) [0x00007FF75E00F87D]
	(No symbol) [0x00007FF75DFFED49]
	BaseThreadInitThunk [0x00007FF8A8D47374+20]
	RtlUserThreadStart [0x00007FF8A9CBCC91+33]

2025-01-07 15:29:48,793 [ERROR] automation Element located by i0116 is not present. Message: no such element: Unable to locate element: {"method":"css selector","selector":"[id="i0116"]"}
  (Session info: chrome=131.0.6778.205); For documentation on this error, please visit: https://www.selenium.dev/documentation/webdriver/troubleshooting/errors#no-such-element-exception
Stacktrace:
	GetHandleVerifier [0x00007FF75E09FB05+28789]
	(No symbol) [0x00007FF75E0086E0]
	(No symbol) [0x00007FF75DEA592A]
	(No symbol) [0x00007FF75DEF930E]
	(No symbol) [0x00007FF75DEF95FC]
	(No symbol) [0x00007FF75DF428A7]
	(No symbol) [0x00007FF75DF1F47F]
	(No symbol) [0x00007FF75DF3F654]
	(No symbol) [0x00007FF75DF1F1E3]
	(No symbol) [0x00007FF75DEEA938]
	(No symbol) [0x00007FF75DEEBAA1]
	GetHandleVerifier [0x00007FF75E3D933D+3410093]
	GetHandleVerifier [0x00007FF75E3EE7DD+3497293]
	GetHandleVerifier [0x00007FF75E3E2A73+3448803]
	GetHandleVerifier [0x00007FF75E167BBB+848171]
	(No symbol) [0x00007FF75E013C3F]
	(No symbol) [0x00007FF75E00F6E4]
	(No symbol) [0x00007FF75E00F87D]
	(No symbol) [0x00007FF75DFFED49]
	BaseThreadInitThunk [0x00007FF8A8D47374+20]
	RtlUserThreadStart [0x00007FF8A9CBCC91+33]

2025-01-07 15:29:48,894 [ERROR] automation Element located by i0116 is not present. Message: no such element: Unable to locate element: {"method":"css selector","selector":"[id="i0116"]"}
  (Session info: chrome=131.0.6778.205); For documentation on this error, please visit: https://www.selenium.dev/documentation/webdriver/troubleshooting/errors#no-such-element-exception
Stacktrace:
	GetHandleVerifier [0x00007FF75E09FB05+28789]
	(No symbol) [0x00007FF75E0086E0]
	(No symbol) [0x00007FF75DEA592A]
	(No symbol) [0x00007FF75DEF930E]
	(No symbol) [0x00007FF75DEF95FC]
	(No symbol) [0x00007FF75DF428A7]
	(No symbol) [0x00007FF75DF1F47F]
	(No symbol) [0x00007FF75DF3F654]
	(No symbol) [0x00007FF75DF1F1E3]
	(No symbol) [0x00007FF75DEEA938]
	(No symbol) [0x00007FF75DEEBAA1]
	GetHandleVerifier [0x00007FF75E3D933D+3410093]
	GetHandleVerifier [0x00007FF75E3EE7DD+3497293]
	GetHandleVerifier [0x00007FF75E3E2A73+3448803]
	GetHandleVerifier [0x00007FF75E167BBB+848171]
	(No symbol) [0x00007FF75E013C3F]
	(No symbol) [0x00007FF75E00F6E4]
	(No symbol) [0x00007FF75E00F87D]
	(No symbol) [0x00007FF75DFFED49]
	BaseThreadInitThunk [0x00007FF8A8D47374+20]
	RtlUserThreadStart [0x00007FF8A9CBCC91+33]

2025-01-07 15:29:49,025 [INFO] automation Element located by i0116 is present.
2025-01-07 15:29:55,267 [INFO] automation Element located by //div[@class='logo'] is present.
