2024-03-25 12:04:31,692 [INFO] automation Test has started.
2024-03-25 12:04:31,693 [INFO] automation Navigating to the https://chorusqa.cogninelabs.com/
2024-03-25 12:04:37,192 [ERROR] automation Element located by i0116 is not present. Message: no such element: Unable to locate element: {"method":"css selector","selector":"[id="i0116"]"}
  (Session info: chrome=122.0.6261.131); For documentation on this error, please visit: https://www.selenium.dev/documentation/webdriver/troubleshooting/errors#no-such-element-exception
Stacktrace:
	GetHandleVerifier [0x00007FF675F3AD02+56930]
	(No symbol) [0x00007FF675EAF602]
	(No symbol) [0x00007FF675D642E5]
	(No symbol) [0x00007FF675DA98ED]
	(No symbol) [0x00007FF675DA9A2C]
	(No symbol) [0x00007FF675DEA967]
	(No symbol) [0x00007FF675DCBCDF]
	(No symbol) [0x00007FF675DE81E2]
	(No symbol) [0x00007FF675DCBA43]
	(No symbol) [0x00007FF675D9D438]
	(No symbol) [0x00007FF675D9E4D1]
	GetHandleVerifier [0x00007FF6762B6F8D+3711213]
	GetHandleVerifier [0x00007FF6763104CD+4077101]
	GetHandleVerifier [0x00007FF67630865F+4044735]
	GetHandleVerifier [0x00007FF675FD9736+706710]
	(No symbol) [0x00007FF675EBB8DF]
	(No symbol) [0x00007FF675EB6AC4]
	(No symbol) [0x00007FF675EB6C1C]
	(No symbol) [0x00007FF675EA68D4]
	BaseThreadInitThunk [0x00007FF9494C257D+29]
	RtlUserThreadStart [0x00007FF94AC4AA58+40]

2024-03-25 12:04:37,261 [ERROR] automation Element located by i0116 is not present. Message: no such element: Unable to locate element: {"method":"css selector","selector":"[id="i0116"]"}
  (Session info: chrome=122.0.6261.131); For documentation on this error, please visit: https://www.selenium.dev/documentation/webdriver/troubleshooting/errors#no-such-element-exception
Stacktrace:
	GetHandleVerifier [0x00007FF675F3AD02+56930]
	(No symbol) [0x00007FF675EAF602]
	(No symbol) [0x00007FF675D642E5]
	(No symbol) [0x00007FF675DA98ED]
	(No symbol) [0x00007FF675DA9A2C]
	(No symbol) [0x00007FF675DEA967]
	(No symbol) [0x00007FF675DCBCDF]
	(No symbol) [0x00007FF675DE81E2]
	(No symbol) [0x00007FF675DCBA43]
	(No symbol) [0x00007FF675D9D438]
	(No symbol) [0x00007FF675D9E4D1]
	GetHandleVerifier [0x00007FF6762B6F8D+3711213]
	GetHandleVerifier [0x00007FF6763104CD+4077101]
	GetHandleVerifier [0x00007FF67630865F+4044735]
	GetHandleVerifier [0x00007FF675FD9736+706710]
	(No symbol) [0x00007FF675EBB8DF]
	(No symbol) [0x00007FF675EB6AC4]
	(No symbol) [0x00007FF675EB6C1C]
	(No symbol) [0x00007FF675EA68D4]
	BaseThreadInitThunk [0x00007FF9494C257D+29]
	RtlUserThreadStart [0x00007FF94AC4AA58+40]

2024-03-25 12:04:37,337 [ERROR] automation Element located by i0116 is not present. Message: no such element: Unable to locate element: {"method":"css selector","selector":"[id="i0116"]"}
  (Session info: chrome=122.0.6261.131); For documentation on this error, please visit: https://www.selenium.dev/documentation/webdriver/troubleshooting/errors#no-such-element-exception
Stacktrace:
	GetHandleVerifier [0x00007FF675F3AD02+56930]
	(No symbol) [0x00007FF675EAF602]
	(No symbol) [0x00007FF675D642E5]
	(No symbol) [0x00007FF675DA98ED]
	(No symbol) [0x00007FF675DA9A2C]
	(No symbol) [0x00007FF675DEA967]
	(No symbol) [0x00007FF675DCBCDF]
	(No symbol) [0x00007FF675DE81E2]
	(No symbol) [0x00007FF675DCBA43]
	(No symbol) [0x00007FF675D9D438]
	(No symbol) [0x00007FF675D9E4D1]
	GetHandleVerifier [0x00007FF6762B6F8D+3711213]
	GetHandleVerifier [0x00007FF6763104CD+4077101]
	GetHandleVerifier [0x00007FF67630865F+4044735]
	GetHandleVerifier [0x00007FF675FD9736+706710]
	(No symbol) [0x00007FF675EBB8DF]
	(No symbol) [0x00007FF675EB6AC4]
	(No symbol) [0x00007FF675EB6C1C]
	(No symbol) [0x00007FF675EA68D4]
	BaseThreadInitThunk [0x00007FF9494C257D+29]
	RtlUserThreadStart [0x00007FF94AC4AA58+40]

2024-03-25 12:04:37,401 [ERROR] automation Element located by i0116 is not present. Message: no such element: Unable to locate element: {"method":"css selector","selector":"[id="i0116"]"}
  (Session info: chrome=122.0.6261.131); For documentation on this error, please visit: https://www.selenium.dev/documentation/webdriver/troubleshooting/errors#no-such-element-exception
Stacktrace:
	GetHandleVerifier [0x00007FF675F3AD02+56930]
	(No symbol) [0x00007FF675EAF602]
	(No symbol) [0x00007FF675D642E5]
	(No symbol) [0x00007FF675DA98ED]
	(No symbol) [0x00007FF675DA9A2C]
	(No symbol) [0x00007FF675DEA967]
	(No symbol) [0x00007FF675DCBCDF]
	(No symbol) [0x00007FF675DE81E2]
	(No symbol) [0x00007FF675DCBA43]
	(No symbol) [0x00007FF675D9D438]
	(No symbol) [0x00007FF675D9E4D1]
	GetHandleVerifier [0x00007FF6762B6F8D+3711213]
	GetHandleVerifier [0x00007FF6763104CD+4077101]
	GetHandleVerifier [0x00007FF67630865F+4044735]
	GetHandleVerifier [0x00007FF675FD9736+706710]
	(No symbol) [0x00007FF675EBB8DF]
	(No symbol) [0x00007FF675EB6AC4]
	(No symbol) [0x00007FF675EB6C1C]
	(No symbol) [0x00007FF675EA68D4]
	BaseThreadInitThunk [0x00007FF9494C257D+29]
	RtlUserThreadStart [0x00007FF94AC4AA58+40]

2024-03-25 12:04:37,463 [ERROR] automation Element located by i0116 is not present. Message: no such element: Unable to locate element: {"method":"css selector","selector":"[id="i0116"]"}
  (Session info: chrome=122.0.6261.131); For documentation on this error, please visit: https://www.selenium.dev/documentation/webdriver/troubleshooting/errors#no-such-element-exception
Stacktrace:
	GetHandleVerifier [0x00007FF675F3AD02+56930]
	(No symbol) [0x00007FF675EAF602]
	(No symbol) [0x00007FF675D642E5]
	(No symbol) [0x00007FF675DA98ED]
	(No symbol) [0x00007FF675DA9A2C]
	(No symbol) [0x00007FF675DEA967]
	(No symbol) [0x00007FF675DCBCDF]
	(No symbol) [0x00007FF675DE81E2]
	(No symbol) [0x00007FF675DCBA43]
	(No symbol) [0x00007FF675D9D438]
	(No symbol) [0x00007FF675D9E4D1]
	GetHandleVerifier [0x00007FF6762B6F8D+3711213]
	GetHandleVerifier [0x00007FF6763104CD+4077101]
	GetHandleVerifier [0x00007FF67630865F+4044735]
	GetHandleVerifier [0x00007FF675FD9736+706710]
	(No symbol) [0x00007FF675EBB8DF]
	(No symbol) [0x00007FF675EB6AC4]
	(No symbol) [0x00007FF675EB6C1C]
	(No symbol) [0x00007FF675EA68D4]
	BaseThreadInitThunk [0x00007FF9494C257D+29]
	RtlUserThreadStart [0x00007FF94AC4AA58+40]

2024-03-25 12:04:37,524 [ERROR] automation Element located by i0116 is not present. Message: no such element: Unable to locate element: {"method":"css selector","selector":"[id="i0116"]"}
  (Session info: chrome=122.0.6261.131); For documentation on this error, please visit: https://www.selenium.dev/documentation/webdriver/troubleshooting/errors#no-such-element-exception
Stacktrace:
	GetHandleVerifier [0x00007FF675F3AD02+56930]
	(No symbol) [0x00007FF675EAF602]
	(No symbol) [0x00007FF675D642E5]
	(No symbol) [0x00007FF675DA98ED]
	(No symbol) [0x00007FF675DA9A2C]
	(No symbol) [0x00007FF675DEA967]
	(No symbol) [0x00007FF675DCBCDF]
	(No symbol) [0x00007FF675DE81E2]
	(No symbol) [0x00007FF675DCBA43]
	(No symbol) [0x00007FF675D9D438]
	(No symbol) [0x00007FF675D9E4D1]
	GetHandleVerifier [0x00007FF6762B6F8D+3711213]
	GetHandleVerifier [0x00007FF6763104CD+4077101]
	GetHandleVerifier [0x00007FF67630865F+4044735]
	GetHandleVerifier [0x00007FF675FD9736+706710]
	(No symbol) [0x00007FF675EBB8DF]
	(No symbol) [0x00007FF675EB6AC4]
	(No symbol) [0x00007FF675EB6C1C]
	(No symbol) [0x00007FF675EA68D4]
	BaseThreadInitThunk [0x00007FF9494C257D+29]
	RtlUserThreadStart [0x00007FF94AC4AA58+40]

2024-03-25 12:04:39,166 [ERROR] automation Element located by i0116 is not present. Message: no such element: Unable to locate element: {"method":"css selector","selector":"[id="i0116"]"}
  (Session info: chrome=122.0.6261.131); For documentation on this error, please visit: https://www.selenium.dev/documentation/webdriver/troubleshooting/errors#no-such-element-exception
Stacktrace:
	GetHandleVerifier [0x00007FF675F3AD02+56930]
	(No symbol) [0x00007FF675EAF602]
	(No symbol) [0x00007FF675D642E5]
	(No symbol) [0x00007FF675DA98ED]
	(No symbol) [0x00007FF675DA9A2C]
	(No symbol) [0x00007FF675DEA967]
	(No symbol) [0x00007FF675DCBCDF]
	(No symbol) [0x00007FF675DE81E2]
	(No symbol) [0x00007FF675DCBA43]
	(No symbol) [0x00007FF675D9D438]
	(No symbol) [0x00007FF675D9E4D1]
	GetHandleVerifier [0x00007FF6762B6F8D+3711213]
	GetHandleVerifier [0x00007FF6763104CD+4077101]
	GetHandleVerifier [0x00007FF67630865F+4044735]
	GetHandleVerifier [0x00007FF675FD9736+706710]
	(No symbol) [0x00007FF675EBB8DF]
	(No symbol) [0x00007FF675EB6AC4]
	(No symbol) [0x00007FF675EB6C1C]
	(No symbol) [0x00007FF675EA68D4]
	BaseThreadInitThunk [0x00007FF9494C257D+29]
	RtlUserThreadStart [0x00007FF94AC4AA58+40]

2024-03-25 12:04:39,236 [ERROR] automation Element located by i0116 is not present. Message: no such element: Unable to locate element: {"method":"css selector","selector":"[id="i0116"]"}
  (Session info: chrome=122.0.6261.131); For documentation on this error, please visit: https://www.selenium.dev/documentation/webdriver/troubleshooting/errors#no-such-element-exception
Stacktrace:
	GetHandleVerifier [0x00007FF675F3AD02+56930]
	(No symbol) [0x00007FF675EAF602]
	(No symbol) [0x00007FF675D642E5]
	(No symbol) [0x00007FF675DA98ED]
	(No symbol) [0x00007FF675DA9A2C]
	(No symbol) [0x00007FF675DEA967]
	(No symbol) [0x00007FF675DCBCDF]
	(No symbol) [0x00007FF675DE81E2]
	(No symbol) [0x00007FF675DCBA43]
	(No symbol) [0x00007FF675D9D438]
	(No symbol) [0x00007FF675D9E4D1]
	GetHandleVerifier [0x00007FF6762B6F8D+3711213]
	GetHandleVerifier [0x00007FF6763104CD+4077101]
	GetHandleVerifier [0x00007FF67630865F+4044735]
	GetHandleVerifier [0x00007FF675FD9736+706710]
	(No symbol) [0x00007FF675EBB8DF]
	(No symbol) [0x00007FF675EB6AC4]
	(No symbol) [0x00007FF675EB6C1C]
	(No symbol) [0x00007FF675EA68D4]
	BaseThreadInitThunk [0x00007FF9494C257D+29]
	RtlUserThreadStart [0x00007FF94AC4AA58+40]

2024-03-25 12:04:39,313 [ERROR] automation Element located by i0116 is not present. Message: no such element: Unable to locate element: {"method":"css selector","selector":"[id="i0116"]"}
  (Session info: chrome=122.0.6261.131); For documentation on this error, please visit: https://www.selenium.dev/documentation/webdriver/troubleshooting/errors#no-such-element-exception
Stacktrace:
	GetHandleVerifier [0x00007FF675F3AD02+56930]
	(No symbol) [0x00007FF675EAF602]
	(No symbol) [0x00007FF675D642E5]
	(No symbol) [0x00007FF675DA98ED]
	(No symbol) [0x00007FF675DA9A2C]
	(No symbol) [0x00007FF675DEA967]
	(No symbol) [0x00007FF675DCBCDF]
	(No symbol) [0x00007FF675DE81E2]
	(No symbol) [0x00007FF675DCBA43]
	(No symbol) [0x00007FF675D9D438]
	(No symbol) [0x00007FF675D9E4D1]
	GetHandleVerifier [0x00007FF6762B6F8D+3711213]
	GetHandleVerifier [0x00007FF6763104CD+4077101]
	GetHandleVerifier [0x00007FF67630865F+4044735]
	GetHandleVerifier [0x00007FF675FD9736+706710]
	(No symbol) [0x00007FF675EBB8DF]
	(No symbol) [0x00007FF675EB6AC4]
	(No symbol) [0x00007FF675EB6C1C]
	(No symbol) [0x00007FF675EA68D4]
	BaseThreadInitThunk [0x00007FF9494C257D+29]
	RtlUserThreadStart [0x00007FF94AC4AA58+40]

2024-03-25 12:04:39,374 [ERROR] automation Element located by i0116 is not present. Message: no such element: Unable to locate element: {"method":"css selector","selector":"[id="i0116"]"}
  (Session info: chrome=122.0.6261.131); For documentation on this error, please visit: https://www.selenium.dev/documentation/webdriver/troubleshooting/errors#no-such-element-exception
Stacktrace:
	GetHandleVerifier [0x00007FF675F3AD02+56930]
	(No symbol) [0x00007FF675EAF602]
	(No symbol) [0x00007FF675D642E5]
	(No symbol) [0x00007FF675DA98ED]
	(No symbol) [0x00007FF675DA9A2C]
	(No symbol) [0x00007FF675DEA967]
	(No symbol) [0x00007FF675DCBCDF]
	(No symbol) [0x00007FF675DE81E2]
	(No symbol) [0x00007FF675DCBA43]
	(No symbol) [0x00007FF675D9D438]
	(No symbol) [0x00007FF675D9E4D1]
	GetHandleVerifier [0x00007FF6762B6F8D+3711213]
	GetHandleVerifier [0x00007FF6763104CD+4077101]
	GetHandleVerifier [0x00007FF67630865F+4044735]
	GetHandleVerifier [0x00007FF675FD9736+706710]
	(No symbol) [0x00007FF675EBB8DF]
	(No symbol) [0x00007FF675EB6AC4]
	(No symbol) [0x00007FF675EB6C1C]
	(No symbol) [0x00007FF675EA68D4]
	BaseThreadInitThunk [0x00007FF9494C257D+29]
	RtlUserThreadStart [0x00007FF94AC4AA58+40]

2024-03-25 12:04:39,435 [ERROR] automation Element located by i0116 is not present. Message: no such element: Unable to locate element: {"method":"css selector","selector":"[id="i0116"]"}
  (Session info: chrome=122.0.6261.131); For documentation on this error, please visit: https://www.selenium.dev/documentation/webdriver/troubleshooting/errors#no-such-element-exception
Stacktrace:
	GetHandleVerifier [0x00007FF675F3AD02+56930]
	(No symbol) [0x00007FF675EAF602]
	(No symbol) [0x00007FF675D642E5]
	(No symbol) [0x00007FF675DA98ED]
	(No symbol) [0x00007FF675DA9A2C]
	(No symbol) [0x00007FF675DEA967]
	(No symbol) [0x00007FF675DCBCDF]
	(No symbol) [0x00007FF675DE81E2]
	(No symbol) [0x00007FF675DCBA43]
	(No symbol) [0x00007FF675D9D438]
	(No symbol) [0x00007FF675D9E4D1]
	GetHandleVerifier [0x00007FF6762B6F8D+3711213]
	GetHandleVerifier [0x00007FF6763104CD+4077101]
	GetHandleVerifier [0x00007FF67630865F+4044735]
	GetHandleVerifier [0x00007FF675FD9736+706710]
	(No symbol) [0x00007FF675EBB8DF]
	(No symbol) [0x00007FF675EB6AC4]
	(No symbol) [0x00007FF675EB6C1C]
	(No symbol) [0x00007FF675EA68D4]
	BaseThreadInitThunk [0x00007FF9494C257D+29]
	RtlUserThreadStart [0x00007FF94AC4AA58+40]

2024-03-25 12:04:39,497 [ERROR] automation Element located by i0116 is not present. Message: no such element: Unable to locate element: {"method":"css selector","selector":"[id="i0116"]"}
  (Session info: chrome=122.0.6261.131); For documentation on this error, please visit: https://www.selenium.dev/documentation/webdriver/troubleshooting/errors#no-such-element-exception
Stacktrace:
	GetHandleVerifier [0x00007FF675F3AD02+56930]
	(No symbol) [0x00007FF675EAF602]
	(No symbol) [0x00007FF675D642E5]
	(No symbol) [0x00007FF675DA98ED]
	(No symbol) [0x00007FF675DA9A2C]
	(No symbol) [0x00007FF675DEA967]
	(No symbol) [0x00007FF675DCBCDF]
	(No symbol) [0x00007FF675DE81E2]
	(No symbol) [0x00007FF675DCBA43]
	(No symbol) [0x00007FF675D9D438]
	(No symbol) [0x00007FF675D9E4D1]
	GetHandleVerifier [0x00007FF6762B6F8D+3711213]
	GetHandleVerifier [0x00007FF6763104CD+4077101]
	GetHandleVerifier [0x00007FF67630865F+4044735]
	GetHandleVerifier [0x00007FF675FD9736+706710]
	(No symbol) [0x00007FF675EBB8DF]
	(No symbol) [0x00007FF675EB6AC4]
	(No symbol) [0x00007FF675EB6C1C]
	(No symbol) [0x00007FF675EA68D4]
	BaseThreadInitThunk [0x00007FF9494C257D+29]
	RtlUserThreadStart [0x00007FF94AC4AA58+40]

2024-03-25 12:04:39,558 [ERROR] automation Element located by i0116 is not present. Message: no such element: Unable to locate element: {"method":"css selector","selector":"[id="i0116"]"}
  (Session info: chrome=122.0.6261.131); For documentation on this error, please visit: https://www.selenium.dev/documentation/webdriver/troubleshooting/errors#no-such-element-exception
Stacktrace:
	GetHandleVerifier [0x00007FF675F3AD02+56930]
	(No symbol) [0x00007FF675EAF602]
	(No symbol) [0x00007FF675D642E5]
	(No symbol) [0x00007FF675DA98ED]
	(No symbol) [0x00007FF675DA9A2C]
	(No symbol) [0x00007FF675DEA967]
	(No symbol) [0x00007FF675DCBCDF]
	(No symbol) [0x00007FF675DE81E2]
	(No symbol) [0x00007FF675DCBA43]
	(No symbol) [0x00007FF675D9D438]
	(No symbol) [0x00007FF675D9E4D1]
	GetHandleVerifier [0x00007FF6762B6F8D+3711213]
	GetHandleVerifier [0x00007FF6763104CD+4077101]
	GetHandleVerifier [0x00007FF67630865F+4044735]
	GetHandleVerifier [0x00007FF675FD9736+706710]
	(No symbol) [0x00007FF675EBB8DF]
	(No symbol) [0x00007FF675EB6AC4]
	(No symbol) [0x00007FF675EB6C1C]
	(No symbol) [0x00007FF675EA68D4]
	BaseThreadInitThunk [0x00007FF9494C257D+29]
	RtlUserThreadStart [0x00007FF94AC4AA58+40]

2024-03-25 12:04:39,681 [ERROR] automation Element located by i0116 is not present. Message: no such element: Unable to locate element: {"method":"css selector","selector":"[id="i0116"]"}
  (Session info: chrome=122.0.6261.131); For documentation on this error, please visit: https://www.selenium.dev/documentation/webdriver/troubleshooting/errors#no-such-element-exception
Stacktrace:
	GetHandleVerifier [0x00007FF675F3AD02+56930]
	(No symbol) [0x00007FF675EAF602]
	(No symbol) [0x00007FF675D642E5]
	(No symbol) [0x00007FF675DA98ED]
	(No symbol) [0x00007FF675DA9A2C]
	(No symbol) [0x00007FF675DEA967]
	(No symbol) [0x00007FF675DCBCDF]
	(No symbol) [0x00007FF675DE81E2]
	(No symbol) [0x00007FF675DCBA43]
	(No symbol) [0x00007FF675D9D438]
	(No symbol) [0x00007FF675D9E4D1]
	GetHandleVerifier [0x00007FF6762B6F8D+3711213]
	GetHandleVerifier [0x00007FF6763104CD+4077101]
	GetHandleVerifier [0x00007FF67630865F+4044735]
	GetHandleVerifier [0x00007FF675FD9736+706710]
	(No symbol) [0x00007FF675EBB8DF]
	(No symbol) [0x00007FF675EB6AC4]
	(No symbol) [0x00007FF675EB6C1C]
	(No symbol) [0x00007FF675EA68D4]
	BaseThreadInitThunk [0x00007FF9494C257D+29]
	RtlUserThreadStart [0x00007FF94AC4AA58+40]

2024-03-25 12:04:39,911 [INFO] automation Element located by i0116 is present.
2024-03-25 12:04:47,521 [INFO] automation Element located by //div[@class='logo'] is present.
2024-03-25 12:04:50,400 [INFO] automation CPU Percent: 100.0	Virtual Memory: svmem(total=12635017216, available=2583965696, percent=79.5, used=10051051520, free=2583965696)
2024-03-25 12:04:50,527 [INFO] automation screenshot logged as: C:\Users\Thanusha Kotaprolu\Automation Projects\cognine-crm-automation\RunExecutionScripts\common\logs\screenshots\test_crm_template_page_smoke_test__fail251204505f40.png
2024-03-25 12:04:50,528 [ERROR] automation Test failed.
