2024-04-04 12:35:29,450 [INFO] automation Test has started.
2024-04-04 12:35:29,452 [INFO] automation Navigating to the https://chorusqa.cogninelabs.com/
2024-04-04 12:35:34,337 [ERROR] automation Element located by i0116 is not present. Message: no such element: Unable to locate element: {"method":"css selector","selector":"[id="i0116"]"}
  (Session info: chrome=122.0.6261.131); For documentation on this error, please visit: https://www.selenium.dev/documentation/webdriver/troubleshooting/errors#no-such-element-exception
Stacktrace:
	GetHandleVerifier [0x00007FF76D67AD02+56930]
	(No symbol) [0x00007FF76D5EF602]
	(No symbol) [0x00007FF76D4A42E5]
	(No symbol) [0x00007FF76D4E98ED]
	(No symbol) [0x00007FF76D4E9A2C]
	(No symbol) [0x00007FF76D52A967]
	(No symbol) [0x00007FF76D50BCDF]
	(No symbol) [0x00007FF76D5281E2]
	(No symbol) [0x00007FF76D50BA43]
	(No symbol) [0x00007FF76D4DD438]
	(No symbol) [0x00007FF76D4DE4D1]
	GetHandleVerifier [0x00007FF76D9F6F8D+3711213]
	GetHandleVerifier [0x00007FF76DA504CD+4077101]
	GetHandleVerifier [0x00007FF76DA4865F+4044735]
	GetHandleVerifier [0x00007FF76D719736+706710]
	(No symbol) [0x00007FF76D5FB8DF]
	(No symbol) [0x00007FF76D5F6AC4]
	(No symbol) [0x00007FF76D5F6C1C]
	(No symbol) [0x00007FF76D5E68D4]
	BaseThreadInitThunk [0x00007FF9494C257D+29]
	RtlUserThreadStart [0x00007FF94AC4AA58+40]

2024-04-04 12:35:34,412 [ERROR] automation Element located by i0116 is not present. Message: no such element: Unable to locate element: {"method":"css selector","selector":"[id="i0116"]"}
  (Session info: chrome=122.0.6261.131); For documentation on this error, please visit: https://www.selenium.dev/documentation/webdriver/troubleshooting/errors#no-such-element-exception
Stacktrace:
	GetHandleVerifier [0x00007FF76D67AD02+56930]
	(No symbol) [0x00007FF76D5EF602]
	(No symbol) [0x00007FF76D4A42E5]
	(No symbol) [0x00007FF76D4E98ED]
	(No symbol) [0x00007FF76D4E9A2C]
	(No symbol) [0x00007FF76D52A967]
	(No symbol) [0x00007FF76D50BCDF]
	(No symbol) [0x00007FF76D5281E2]
	(No symbol) [0x00007FF76D50BA43]
	(No symbol) [0x00007FF76D4DD438]
	(No symbol) [0x00007FF76D4DE4D1]
	GetHandleVerifier [0x00007FF76D9F6F8D+3711213]
	GetHandleVerifier [0x00007FF76DA504CD+4077101]
	GetHandleVerifier [0x00007FF76DA4865F+4044735]
	GetHandleVerifier [0x00007FF76D719736+706710]
	(No symbol) [0x00007FF76D5FB8DF]
	(No symbol) [0x00007FF76D5F6AC4]
	(No symbol) [0x00007FF76D5F6C1C]
	(No symbol) [0x00007FF76D5E68D4]
	BaseThreadInitThunk [0x00007FF9494C257D+29]
	RtlUserThreadStart [0x00007FF94AC4AA58+40]

2024-04-04 12:35:34,477 [ERROR] automation Element located by i0116 is not present. Message: no such element: Unable to locate element: {"method":"css selector","selector":"[id="i0116"]"}
  (Session info: chrome=122.0.6261.131); For documentation on this error, please visit: https://www.selenium.dev/documentation/webdriver/troubleshooting/errors#no-such-element-exception
Stacktrace:
	GetHandleVerifier [0x00007FF76D67AD02+56930]
	(No symbol) [0x00007FF76D5EF602]
	(No symbol) [0x00007FF76D4A42E5]
	(No symbol) [0x00007FF76D4E98ED]
	(No symbol) [0x00007FF76D4E9A2C]
	(No symbol) [0x00007FF76D52A967]
	(No symbol) [0x00007FF76D50BCDF]
	(No symbol) [0x00007FF76D5281E2]
	(No symbol) [0x00007FF76D50BA43]
	(No symbol) [0x00007FF76D4DD438]
	(No symbol) [0x00007FF76D4DE4D1]
	GetHandleVerifier [0x00007FF76D9F6F8D+3711213]
	GetHandleVerifier [0x00007FF76DA504CD+4077101]
	GetHandleVerifier [0x00007FF76DA4865F+4044735]
	GetHandleVerifier [0x00007FF76D719736+706710]
	(No symbol) [0x00007FF76D5FB8DF]
	(No symbol) [0x00007FF76D5F6AC4]
	(No symbol) [0x00007FF76D5F6C1C]
	(No symbol) [0x00007FF76D5E68D4]
	BaseThreadInitThunk [0x00007FF9494C257D+29]
	RtlUserThreadStart [0x00007FF94AC4AA58+40]

2024-04-04 12:35:34,542 [ERROR] automation Element located by i0116 is not present. Message: no such element: Unable to locate element: {"method":"css selector","selector":"[id="i0116"]"}
  (Session info: chrome=122.0.6261.131); For documentation on this error, please visit: https://www.selenium.dev/documentation/webdriver/troubleshooting/errors#no-such-element-exception
Stacktrace:
	GetHandleVerifier [0x00007FF76D67AD02+56930]
	(No symbol) [0x00007FF76D5EF602]
	(No symbol) [0x00007FF76D4A42E5]
	(No symbol) [0x00007FF76D4E98ED]
	(No symbol) [0x00007FF76D4E9A2C]
	(No symbol) [0x00007FF76D52A967]
	(No symbol) [0x00007FF76D50BCDF]
	(No symbol) [0x00007FF76D5281E2]
	(No symbol) [0x00007FF76D50BA43]
	(No symbol) [0x00007FF76D4DD438]
	(No symbol) [0x00007FF76D4DE4D1]
	GetHandleVerifier [0x00007FF76D9F6F8D+3711213]
	GetHandleVerifier [0x00007FF76DA504CD+4077101]
	GetHandleVerifier [0x00007FF76DA4865F+4044735]
	GetHandleVerifier [0x00007FF76D719736+706710]
	(No symbol) [0x00007FF76D5FB8DF]
	(No symbol) [0x00007FF76D5F6AC4]
	(No symbol) [0x00007FF76D5F6C1C]
	(No symbol) [0x00007FF76D5E68D4]
	BaseThreadInitThunk [0x00007FF9494C257D+29]
	RtlUserThreadStart [0x00007FF94AC4AA58+40]

2024-04-04 12:35:34,610 [ERROR] automation Element located by i0116 is not present. Message: no such element: Unable to locate element: {"method":"css selector","selector":"[id="i0116"]"}
  (Session info: chrome=122.0.6261.131); For documentation on this error, please visit: https://www.selenium.dev/documentation/webdriver/troubleshooting/errors#no-such-element-exception
Stacktrace:
	GetHandleVerifier [0x00007FF76D67AD02+56930]
	(No symbol) [0x00007FF76D5EF602]
	(No symbol) [0x00007FF76D4A42E5]
	(No symbol) [0x00007FF76D4E98ED]
	(No symbol) [0x00007FF76D4E9A2C]
	(No symbol) [0x00007FF76D52A967]
	(No symbol) [0x00007FF76D50BCDF]
	(No symbol) [0x00007FF76D5281E2]
	(No symbol) [0x00007FF76D50BA43]
	(No symbol) [0x00007FF76D4DD438]
	(No symbol) [0x00007FF76D4DE4D1]
	GetHandleVerifier [0x00007FF76D9F6F8D+3711213]
	GetHandleVerifier [0x00007FF76DA504CD+4077101]
	GetHandleVerifier [0x00007FF76DA4865F+4044735]
	GetHandleVerifier [0x00007FF76D719736+706710]
	(No symbol) [0x00007FF76D5FB8DF]
	(No symbol) [0x00007FF76D5F6AC4]
	(No symbol) [0x00007FF76D5F6C1C]
	(No symbol) [0x00007FF76D5E68D4]
	BaseThreadInitThunk [0x00007FF9494C257D+29]
	RtlUserThreadStart [0x00007FF94AC4AA58+40]

2024-04-04 12:35:35,279 [ERROR] automation Element located by i0116 is not present. Message: no such element: Unable to locate element: {"method":"css selector","selector":"[id="i0116"]"}
  (Session info: chrome=122.0.6261.131); For documentation on this error, please visit: https://www.selenium.dev/documentation/webdriver/troubleshooting/errors#no-such-element-exception
Stacktrace:
	GetHandleVerifier [0x00007FF76D67AD02+56930]
	(No symbol) [0x00007FF76D5EF602]
	(No symbol) [0x00007FF76D4A42E5]
	(No symbol) [0x00007FF76D4E98ED]
	(No symbol) [0x00007FF76D4E9A2C]
	(No symbol) [0x00007FF76D52A967]
	(No symbol) [0x00007FF76D50BCDF]
	(No symbol) [0x00007FF76D5281E2]
	(No symbol) [0x00007FF76D50BA43]
	(No symbol) [0x00007FF76D4DD438]
	(No symbol) [0x00007FF76D4DE4D1]
	GetHandleVerifier [0x00007FF76D9F6F8D+3711213]
	GetHandleVerifier [0x00007FF76DA504CD+4077101]
	GetHandleVerifier [0x00007FF76DA4865F+4044735]
	GetHandleVerifier [0x00007FF76D719736+706710]
	(No symbol) [0x00007FF76D5FB8DF]
	(No symbol) [0x00007FF76D5F6AC4]
	(No symbol) [0x00007FF76D5F6C1C]
	(No symbol) [0x00007FF76D5E68D4]
	BaseThreadInitThunk [0x00007FF9494C257D+29]
	RtlUserThreadStart [0x00007FF94AC4AA58+40]

2024-04-04 12:35:35,348 [ERROR] automation Element located by i0116 is not present. Message: no such element: Unable to locate element: {"method":"css selector","selector":"[id="i0116"]"}
  (Session info: chrome=122.0.6261.131); For documentation on this error, please visit: https://www.selenium.dev/documentation/webdriver/troubleshooting/errors#no-such-element-exception
Stacktrace:
	GetHandleVerifier [0x00007FF76D67AD02+56930]
	(No symbol) [0x00007FF76D5EF602]
	(No symbol) [0x00007FF76D4A42E5]
	(No symbol) [0x00007FF76D4E98ED]
	(No symbol) [0x00007FF76D4E9A2C]
	(No symbol) [0x00007FF76D52A967]
	(No symbol) [0x00007FF76D50BCDF]
	(No symbol) [0x00007FF76D5281E2]
	(No symbol) [0x00007FF76D50BA43]
	(No symbol) [0x00007FF76D4DD438]
	(No symbol) [0x00007FF76D4DE4D1]
	GetHandleVerifier [0x00007FF76D9F6F8D+3711213]
	GetHandleVerifier [0x00007FF76DA504CD+4077101]
	GetHandleVerifier [0x00007FF76DA4865F+4044735]
	GetHandleVerifier [0x00007FF76D719736+706710]
	(No symbol) [0x00007FF76D5FB8DF]
	(No symbol) [0x00007FF76D5F6AC4]
	(No symbol) [0x00007FF76D5F6C1C]
	(No symbol) [0x00007FF76D5E68D4]
	BaseThreadInitThunk [0x00007FF9494C257D+29]
	RtlUserThreadStart [0x00007FF94AC4AA58+40]

2024-04-04 12:35:35,412 [ERROR] automation Element located by i0116 is not present. Message: no such element: Unable to locate element: {"method":"css selector","selector":"[id="i0116"]"}
  (Session info: chrome=122.0.6261.131); For documentation on this error, please visit: https://www.selenium.dev/documentation/webdriver/troubleshooting/errors#no-such-element-exception
Stacktrace:
	GetHandleVerifier [0x00007FF76D67AD02+56930]
	(No symbol) [0x00007FF76D5EF602]
	(No symbol) [0x00007FF76D4A42E5]
	(No symbol) [0x00007FF76D4E98ED]
	(No symbol) [0x00007FF76D4E9A2C]
	(No symbol) [0x00007FF76D52A967]
	(No symbol) [0x00007FF76D50BCDF]
	(No symbol) [0x00007FF76D5281E2]
	(No symbol) [0x00007FF76D50BA43]
	(No symbol) [0x00007FF76D4DD438]
	(No symbol) [0x00007FF76D4DE4D1]
	GetHandleVerifier [0x00007FF76D9F6F8D+3711213]
	GetHandleVerifier [0x00007FF76DA504CD+4077101]
	GetHandleVerifier [0x00007FF76DA4865F+4044735]
	GetHandleVerifier [0x00007FF76D719736+706710]
	(No symbol) [0x00007FF76D5FB8DF]
	(No symbol) [0x00007FF76D5F6AC4]
	(No symbol) [0x00007FF76D5F6C1C]
	(No symbol) [0x00007FF76D5E68D4]
	BaseThreadInitThunk [0x00007FF9494C257D+29]
	RtlUserThreadStart [0x00007FF94AC4AA58+40]

2024-04-04 12:35:35,485 [ERROR] automation Element located by i0116 is not present. Message: no such element: Unable to locate element: {"method":"css selector","selector":"[id="i0116"]"}
  (Session info: chrome=122.0.6261.131); For documentation on this error, please visit: https://www.selenium.dev/documentation/webdriver/troubleshooting/errors#no-such-element-exception
Stacktrace:
	GetHandleVerifier [0x00007FF76D67AD02+56930]
	(No symbol) [0x00007FF76D5EF602]
	(No symbol) [0x00007FF76D4A42E5]
	(No symbol) [0x00007FF76D4E98ED]
	(No symbol) [0x00007FF76D4E9A2C]
	(No symbol) [0x00007FF76D52A967]
	(No symbol) [0x00007FF76D50BCDF]
	(No symbol) [0x00007FF76D5281E2]
	(No symbol) [0x00007FF76D50BA43]
	(No symbol) [0x00007FF76D4DD438]
	(No symbol) [0x00007FF76D4DE4D1]
	GetHandleVerifier [0x00007FF76D9F6F8D+3711213]
	GetHandleVerifier [0x00007FF76DA504CD+4077101]
	GetHandleVerifier [0x00007FF76DA4865F+4044735]
	GetHandleVerifier [0x00007FF76D719736+706710]
	(No symbol) [0x00007FF76D5FB8DF]
	(No symbol) [0x00007FF76D5F6AC4]
	(No symbol) [0x00007FF76D5F6C1C]
	(No symbol) [0x00007FF76D5E68D4]
	BaseThreadInitThunk [0x00007FF9494C257D+29]
	RtlUserThreadStart [0x00007FF94AC4AA58+40]

2024-04-04 12:35:35,549 [ERROR] automation Element located by i0116 is not present. Message: no such element: Unable to locate element: {"method":"css selector","selector":"[id="i0116"]"}
  (Session info: chrome=122.0.6261.131); For documentation on this error, please visit: https://www.selenium.dev/documentation/webdriver/troubleshooting/errors#no-such-element-exception
Stacktrace:
	GetHandleVerifier [0x00007FF76D67AD02+56930]
	(No symbol) [0x00007FF76D5EF602]
	(No symbol) [0x00007FF76D4A42E5]
	(No symbol) [0x00007FF76D4E98ED]
	(No symbol) [0x00007FF76D4E9A2C]
	(No symbol) [0x00007FF76D52A967]
	(No symbol) [0x00007FF76D50BCDF]
	(No symbol) [0x00007FF76D5281E2]
	(No symbol) [0x00007FF76D50BA43]
	(No symbol) [0x00007FF76D4DD438]
	(No symbol) [0x00007FF76D4DE4D1]
	GetHandleVerifier [0x00007FF76D9F6F8D+3711213]
	GetHandleVerifier [0x00007FF76DA504CD+4077101]
	GetHandleVerifier [0x00007FF76DA4865F+4044735]
	GetHandleVerifier [0x00007FF76D719736+706710]
	(No symbol) [0x00007FF76D5FB8DF]
	(No symbol) [0x00007FF76D5F6AC4]
	(No symbol) [0x00007FF76D5F6C1C]
	(No symbol) [0x00007FF76D5E68D4]
	BaseThreadInitThunk [0x00007FF9494C257D+29]
	RtlUserThreadStart [0x00007FF94AC4AA58+40]

2024-04-04 12:35:35,611 [ERROR] automation Element located by i0116 is not present. Message: no such element: Unable to locate element: {"method":"css selector","selector":"[id="i0116"]"}
  (Session info: chrome=122.0.6261.131); For documentation on this error, please visit: https://www.selenium.dev/documentation/webdriver/troubleshooting/errors#no-such-element-exception
Stacktrace:
	GetHandleVerifier [0x00007FF76D67AD02+56930]
	(No symbol) [0x00007FF76D5EF602]
	(No symbol) [0x00007FF76D4A42E5]
	(No symbol) [0x00007FF76D4E98ED]
	(No symbol) [0x00007FF76D4E9A2C]
	(No symbol) [0x00007FF76D52A967]
	(No symbol) [0x00007FF76D50BCDF]
	(No symbol) [0x00007FF76D5281E2]
	(No symbol) [0x00007FF76D50BA43]
	(No symbol) [0x00007FF76D4DD438]
	(No symbol) [0x00007FF76D4DE4D1]
	GetHandleVerifier [0x00007FF76D9F6F8D+3711213]
	GetHandleVerifier [0x00007FF76DA504CD+4077101]
	GetHandleVerifier [0x00007FF76DA4865F+4044735]
	GetHandleVerifier [0x00007FF76D719736+706710]
	(No symbol) [0x00007FF76D5FB8DF]
	(No symbol) [0x00007FF76D5F6AC4]
	(No symbol) [0x00007FF76D5F6C1C]
	(No symbol) [0x00007FF76D5E68D4]
	BaseThreadInitThunk [0x00007FF9494C257D+29]
	RtlUserThreadStart [0x00007FF94AC4AA58+40]

2024-04-04 12:35:35,675 [ERROR] automation Element located by i0116 is not present. Message: no such element: Unable to locate element: {"method":"css selector","selector":"[id="i0116"]"}
  (Session info: chrome=122.0.6261.131); For documentation on this error, please visit: https://www.selenium.dev/documentation/webdriver/troubleshooting/errors#no-such-element-exception
Stacktrace:
	GetHandleVerifier [0x00007FF76D67AD02+56930]
	(No symbol) [0x00007FF76D5EF602]
	(No symbol) [0x00007FF76D4A42E5]
	(No symbol) [0x00007FF76D4E98ED]
	(No symbol) [0x00007FF76D4E9A2C]
	(No symbol) [0x00007FF76D52A967]
	(No symbol) [0x00007FF76D50BCDF]
	(No symbol) [0x00007FF76D5281E2]
	(No symbol) [0x00007FF76D50BA43]
	(No symbol) [0x00007FF76D4DD438]
	(No symbol) [0x00007FF76D4DE4D1]
	GetHandleVerifier [0x00007FF76D9F6F8D+3711213]
	GetHandleVerifier [0x00007FF76DA504CD+4077101]
	GetHandleVerifier [0x00007FF76DA4865F+4044735]
	GetHandleVerifier [0x00007FF76D719736+706710]
	(No symbol) [0x00007FF76D5FB8DF]
	(No symbol) [0x00007FF76D5F6AC4]
	(No symbol) [0x00007FF76D5F6C1C]
	(No symbol) [0x00007FF76D5E68D4]
	BaseThreadInitThunk [0x00007FF9494C257D+29]
	RtlUserThreadStart [0x00007FF94AC4AA58+40]

2024-04-04 12:35:35,742 [ERROR] automation Element located by i0116 is not present. Message: no such element: Unable to locate element: {"method":"css selector","selector":"[id="i0116"]"}
  (Session info: chrome=122.0.6261.131); For documentation on this error, please visit: https://www.selenium.dev/documentation/webdriver/troubleshooting/errors#no-such-element-exception
Stacktrace:
	GetHandleVerifier [0x00007FF76D67AD02+56930]
	(No symbol) [0x00007FF76D5EF602]
	(No symbol) [0x00007FF76D4A42E5]
	(No symbol) [0x00007FF76D4E98ED]
	(No symbol) [0x00007FF76D4E9A2C]
	(No symbol) [0x00007FF76D52A967]
	(No symbol) [0x00007FF76D50BCDF]
	(No symbol) [0x00007FF76D5281E2]
	(No symbol) [0x00007FF76D50BA43]
	(No symbol) [0x00007FF76D4DD438]
	(No symbol) [0x00007FF76D4DE4D1]
	GetHandleVerifier [0x00007FF76D9F6F8D+3711213]
	GetHandleVerifier [0x00007FF76DA504CD+4077101]
	GetHandleVerifier [0x00007FF76DA4865F+4044735]
	GetHandleVerifier [0x00007FF76D719736+706710]
	(No symbol) [0x00007FF76D5FB8DF]
	(No symbol) [0x00007FF76D5F6AC4]
	(No symbol) [0x00007FF76D5F6C1C]
	(No symbol) [0x00007FF76D5E68D4]
	BaseThreadInitThunk [0x00007FF9494C257D+29]
	RtlUserThreadStart [0x00007FF94AC4AA58+40]

2024-04-04 12:35:35,845 [ERROR] automation Element located by i0116 is not present. Message: no such element: Unable to locate element: {"method":"css selector","selector":"[id="i0116"]"}
  (Session info: chrome=122.0.6261.131); For documentation on this error, please visit: https://www.selenium.dev/documentation/webdriver/troubleshooting/errors#no-such-element-exception
Stacktrace:
	GetHandleVerifier [0x00007FF76D67AD02+56930]
	(No symbol) [0x00007FF76D5EF602]
	(No symbol) [0x00007FF76D4A42E5]
	(No symbol) [0x00007FF76D4E98ED]
	(No symbol) [0x00007FF76D4E9A2C]
	(No symbol) [0x00007FF76D52A967]
	(No symbol) [0x00007FF76D50BCDF]
	(No symbol) [0x00007FF76D5281E2]
	(No symbol) [0x00007FF76D50BA43]
	(No symbol) [0x00007FF76D4DD438]
	(No symbol) [0x00007FF76D4DE4D1]
	GetHandleVerifier [0x00007FF76D9F6F8D+3711213]
	GetHandleVerifier [0x00007FF76DA504CD+4077101]
	GetHandleVerifier [0x00007FF76DA4865F+4044735]
	GetHandleVerifier [0x00007FF76D719736+706710]
	(No symbol) [0x00007FF76D5FB8DF]
	(No symbol) [0x00007FF76D5F6AC4]
	(No symbol) [0x00007FF76D5F6C1C]
	(No symbol) [0x00007FF76D5E68D4]
	BaseThreadInitThunk [0x00007FF9494C257D+29]
	RtlUserThreadStart [0x00007FF94AC4AA58+40]

2024-04-04 12:35:35,998 [INFO] automation Element located by i0116 is present.
2024-04-04 12:35:43,340 [INFO] automation Element located by //div[@class='logo'] is present.
2024-04-04 12:35:48,250 [INFO] automation Element located by //div[@class='tableFixHead']/table/tbody/tr[contains(@class,'even_col')][1] is present.
2024-04-04 12:35:50,742 [INFO] automation Element located by //input[@formcontrolname='email'] is present.
2024-04-04 12:35:50,750 [INFO] automation Element located by //input[@formcontrolname='email'] is present.
2024-04-04 12:35:51,511 [ERROR] automation Element located by //span[contains(text(),'Email Address already exists')] is not present. Message: no such element: Unable to locate element: {"method":"xpath","selector":"//span[contains(text(),'Email Address already exists')]"}
  (Session info: chrome=122.0.6261.131); For documentation on this error, please visit: https://www.selenium.dev/documentation/webdriver/troubleshooting/errors#no-such-element-exception
Stacktrace:
	GetHandleVerifier [0x00007FF76D67AD02+56930]
	(No symbol) [0x00007FF76D5EF602]
	(No symbol) [0x00007FF76D4A42E5]
	(No symbol) [0x00007FF76D4E98ED]
	(No symbol) [0x00007FF76D4E9A2C]
	(No symbol) [0x00007FF76D52A967]
	(No symbol) [0x00007FF76D50BCDF]
	(No symbol) [0x00007FF76D5281E2]
	(No symbol) [0x00007FF76D50BA43]
	(No symbol) [0x00007FF76D4DD438]
	(No symbol) [0x00007FF76D4DE4D1]
	GetHandleVerifier [0x00007FF76D9F6F8D+3711213]
	GetHandleVerifier [0x00007FF76DA504CD+4077101]
	GetHandleVerifier [0x00007FF76DA4865F+4044735]
	GetHandleVerifier [0x00007FF76D719736+706710]
	(No symbol) [0x00007FF76D5FB8DF]
	(No symbol) [0x00007FF76D5F6AC4]
	(No symbol) [0x00007FF76D5F6C1C]
	(No symbol) [0x00007FF76D5E68D4]
	BaseThreadInitThunk [0x00007FF9494C257D+29]
	RtlUserThreadStart [0x00007FF94AC4AA58+40]

2024-04-04 12:35:51,525 [ERROR] automation Element located by //div[@role='alert' and contains(text(),'success') or contains(text(),'Success')] is not present. Message: no such element: Unable to locate element: {"method":"xpath","selector":"//div[@role='alert' and contains(text(),'success') or contains(text(),'Success')]"}
  (Session info: chrome=122.0.6261.131); For documentation on this error, please visit: https://www.selenium.dev/documentation/webdriver/troubleshooting/errors#no-such-element-exception
Stacktrace:
	GetHandleVerifier [0x00007FF76D67AD02+56930]
	(No symbol) [0x00007FF76D5EF602]
	(No symbol) [0x00007FF76D4A42E5]
	(No symbol) [0x00007FF76D4E98ED]
	(No symbol) [0x00007FF76D4E9A2C]
	(No symbol) [0x00007FF76D52A967]
	(No symbol) [0x00007FF76D50BCDF]
	(No symbol) [0x00007FF76D5281E2]
	(No symbol) [0x00007FF76D50BA43]
	(No symbol) [0x00007FF76D4DD438]
	(No symbol) [0x00007FF76D4DE4D1]
	GetHandleVerifier [0x00007FF76D9F6F8D+3711213]
	GetHandleVerifier [0x00007FF76DA504CD+4077101]
	GetHandleVerifier [0x00007FF76DA4865F+4044735]
	GetHandleVerifier [0x00007FF76D719736+706710]
	(No symbol) [0x00007FF76D5FB8DF]
	(No symbol) [0x00007FF76D5F6AC4]
	(No symbol) [0x00007FF76D5F6C1C]
	(No symbol) [0x00007FF76D5E68D4]
	BaseThreadInitThunk [0x00007FF9494C257D+29]
	RtlUserThreadStart [0x00007FF94AC4AA58+40]

2024-04-04 12:35:51,527 [INFO] automation Test passed.
2024-04-04 12:35:51,551 [INFO] automation Test has started.
2024-04-04 12:35:51,552 [INFO] automation Navigating to the https://chorusqa.cogninelabs.com/
2024-04-04 12:35:59,122 [ERROR] automation Element located by i0116 is not present. Message: no such element: Unable to locate element: {"method":"css selector","selector":"[id="i0116"]"}
  (Session info: chrome=122.0.6261.131); For documentation on this error, please visit: https://www.selenium.dev/documentation/webdriver/troubleshooting/errors#no-such-element-exception
Stacktrace:
	GetHandleVerifier [0x00007FF76D67AD02+56930]
	(No symbol) [0x00007FF76D5EF602]
	(No symbol) [0x00007FF76D4A42E5]
	(No symbol) [0x00007FF76D4E98ED]
	(No symbol) [0x00007FF76D4E9A2C]
	(No symbol) [0x00007FF76D52A967]
	(No symbol) [0x00007FF76D50BCDF]
	(No symbol) [0x00007FF76D5281E2]
	(No symbol) [0x00007FF76D50BA43]
	(No symbol) [0x00007FF76D4DD438]
	(No symbol) [0x00007FF76D4DE4D1]
	GetHandleVerifier [0x00007FF76D9F6F8D+3711213]
	GetHandleVerifier [0x00007FF76DA504CD+4077101]
	GetHandleVerifier [0x00007FF76DA4865F+4044735]
	GetHandleVerifier [0x00007FF76D719736+706710]
	(No symbol) [0x00007FF76D5FB8DF]
	(No symbol) [0x00007FF76D5F6AC4]
	(No symbol) [0x00007FF76D5F6C1C]
	(No symbol) [0x00007FF76D5E68D4]
	BaseThreadInitThunk [0x00007FF9494C257D+29]
	RtlUserThreadStart [0x00007FF94AC4AA58+40]

2024-04-04 12:35:59,192 [ERROR] automation Element located by i0116 is not present. Message: no such element: Unable to locate element: {"method":"css selector","selector":"[id="i0116"]"}
  (Session info: chrome=122.0.6261.131); For documentation on this error, please visit: https://www.selenium.dev/documentation/webdriver/troubleshooting/errors#no-such-element-exception
Stacktrace:
	GetHandleVerifier [0x00007FF76D67AD02+56930]
	(No symbol) [0x00007FF76D5EF602]
	(No symbol) [0x00007FF76D4A42E5]
	(No symbol) [0x00007FF76D4E98ED]
	(No symbol) [0x00007FF76D4E9A2C]
	(No symbol) [0x00007FF76D52A967]
	(No symbol) [0x00007FF76D50BCDF]
	(No symbol) [0x00007FF76D5281E2]
	(No symbol) [0x00007FF76D50BA43]
	(No symbol) [0x00007FF76D4DD438]
	(No symbol) [0x00007FF76D4DE4D1]
	GetHandleVerifier [0x00007FF76D9F6F8D+3711213]
	GetHandleVerifier [0x00007FF76DA504CD+4077101]
	GetHandleVerifier [0x00007FF76DA4865F+4044735]
	GetHandleVerifier [0x00007FF76D719736+706710]
	(No symbol) [0x00007FF76D5FB8DF]
	(No symbol) [0x00007FF76D5F6AC4]
	(No symbol) [0x00007FF76D5F6C1C]
	(No symbol) [0x00007FF76D5E68D4]
	BaseThreadInitThunk [0x00007FF9494C257D+29]
	RtlUserThreadStart [0x00007FF94AC4AA58+40]

2024-04-04 12:35:59,256 [ERROR] automation Element located by i0116 is not present. Message: no such element: Unable to locate element: {"method":"css selector","selector":"[id="i0116"]"}
  (Session info: chrome=122.0.6261.131); For documentation on this error, please visit: https://www.selenium.dev/documentation/webdriver/troubleshooting/errors#no-such-element-exception
Stacktrace:
	GetHandleVerifier [0x00007FF76D67AD02+56930]
	(No symbol) [0x00007FF76D5EF602]
	(No symbol) [0x00007FF76D4A42E5]
	(No symbol) [0x00007FF76D4E98ED]
	(No symbol) [0x00007FF76D4E9A2C]
	(No symbol) [0x00007FF76D52A967]
	(No symbol) [0x00007FF76D50BCDF]
	(No symbol) [0x00007FF76D5281E2]
	(No symbol) [0x00007FF76D50BA43]
	(No symbol) [0x00007FF76D4DD438]
	(No symbol) [0x00007FF76D4DE4D1]
	GetHandleVerifier [0x00007FF76D9F6F8D+3711213]
	GetHandleVerifier [0x00007FF76DA504CD+4077101]
	GetHandleVerifier [0x00007FF76DA4865F+4044735]
	GetHandleVerifier [0x00007FF76D719736+706710]
	(No symbol) [0x00007FF76D5FB8DF]
	(No symbol) [0x00007FF76D5F6AC4]
	(No symbol) [0x00007FF76D5F6C1C]
	(No symbol) [0x00007FF76D5E68D4]
	BaseThreadInitThunk [0x00007FF9494C257D+29]
	RtlUserThreadStart [0x00007FF94AC4AA58+40]

2024-04-04 12:35:59,325 [ERROR] automation Element located by i0116 is not present. Message: no such element: Unable to locate element: {"method":"css selector","selector":"[id="i0116"]"}
  (Session info: chrome=122.0.6261.131); For documentation on this error, please visit: https://www.selenium.dev/documentation/webdriver/troubleshooting/errors#no-such-element-exception
Stacktrace:
	GetHandleVerifier [0x00007FF76D67AD02+56930]
	(No symbol) [0x00007FF76D5EF602]
	(No symbol) [0x00007FF76D4A42E5]
	(No symbol) [0x00007FF76D4E98ED]
	(No symbol) [0x00007FF76D4E9A2C]
	(No symbol) [0x00007FF76D52A967]
	(No symbol) [0x00007FF76D50BCDF]
	(No symbol) [0x00007FF76D5281E2]
	(No symbol) [0x00007FF76D50BA43]
	(No symbol) [0x00007FF76D4DD438]
	(No symbol) [0x00007FF76D4DE4D1]
	GetHandleVerifier [0x00007FF76D9F6F8D+3711213]
	GetHandleVerifier [0x00007FF76DA504CD+4077101]
	GetHandleVerifier [0x00007FF76DA4865F+4044735]
	GetHandleVerifier [0x00007FF76D719736+706710]
	(No symbol) [0x00007FF76D5FB8DF]
	(No symbol) [0x00007FF76D5F6AC4]
	(No symbol) [0x00007FF76D5F6C1C]
	(No symbol) [0x00007FF76D5E68D4]
	BaseThreadInitThunk [0x00007FF9494C257D+29]
	RtlUserThreadStart [0x00007FF94AC4AA58+40]

2024-04-04 12:35:59,390 [ERROR] automation Element located by i0116 is not present. Message: no such element: Unable to locate element: {"method":"css selector","selector":"[id="i0116"]"}
  (Session info: chrome=122.0.6261.131); For documentation on this error, please visit: https://www.selenium.dev/documentation/webdriver/troubleshooting/errors#no-such-element-exception
Stacktrace:
	GetHandleVerifier [0x00007FF76D67AD02+56930]
	(No symbol) [0x00007FF76D5EF602]
	(No symbol) [0x00007FF76D4A42E5]
	(No symbol) [0x00007FF76D4E98ED]
	(No symbol) [0x00007FF76D4E9A2C]
	(No symbol) [0x00007FF76D52A967]
	(No symbol) [0x00007FF76D50BCDF]
	(No symbol) [0x00007FF76D5281E2]
	(No symbol) [0x00007FF76D50BA43]
	(No symbol) [0x00007FF76D4DD438]
	(No symbol) [0x00007FF76D4DE4D1]
	GetHandleVerifier [0x00007FF76D9F6F8D+3711213]
	GetHandleVerifier [0x00007FF76DA504CD+4077101]
	GetHandleVerifier [0x00007FF76DA4865F+4044735]
	GetHandleVerifier [0x00007FF76D719736+706710]
	(No symbol) [0x00007FF76D5FB8DF]
	(No symbol) [0x00007FF76D5F6AC4]
	(No symbol) [0x00007FF76D5F6C1C]
	(No symbol) [0x00007FF76D5E68D4]
	BaseThreadInitThunk [0x00007FF9494C257D+29]
	RtlUserThreadStart [0x00007FF94AC4AA58+40]

2024-04-04 12:35:59,452 [ERROR] automation Element located by i0116 is not present. Message: no such element: Unable to locate element: {"method":"css selector","selector":"[id="i0116"]"}
  (Session info: chrome=122.0.6261.131); For documentation on this error, please visit: https://www.selenium.dev/documentation/webdriver/troubleshooting/errors#no-such-element-exception
Stacktrace:
	GetHandleVerifier [0x00007FF76D67AD02+56930]
	(No symbol) [0x00007FF76D5EF602]
	(No symbol) [0x00007FF76D4A42E5]
	(No symbol) [0x00007FF76D4E98ED]
	(No symbol) [0x00007FF76D4E9A2C]
	(No symbol) [0x00007FF76D52A967]
	(No symbol) [0x00007FF76D50BCDF]
	(No symbol) [0x00007FF76D5281E2]
	(No symbol) [0x00007FF76D50BA43]
	(No symbol) [0x00007FF76D4DD438]
	(No symbol) [0x00007FF76D4DE4D1]
	GetHandleVerifier [0x00007FF76D9F6F8D+3711213]
	GetHandleVerifier [0x00007FF76DA504CD+4077101]
	GetHandleVerifier [0x00007FF76DA4865F+4044735]
	GetHandleVerifier [0x00007FF76D719736+706710]
	(No symbol) [0x00007FF76D5FB8DF]
	(No symbol) [0x00007FF76D5F6AC4]
	(No symbol) [0x00007FF76D5F6C1C]
	(No symbol) [0x00007FF76D5E68D4]
	BaseThreadInitThunk [0x00007FF9494C257D+29]
	RtlUserThreadStart [0x00007FF94AC4AA58+40]

2024-04-04 12:36:00,606 [ERROR] automation Element located by i0116 is not present. Message: no such element: Unable to locate element: {"method":"css selector","selector":"[id="i0116"]"}
  (Session info: chrome=122.0.6261.131); For documentation on this error, please visit: https://www.selenium.dev/documentation/webdriver/troubleshooting/errors#no-such-element-exception
Stacktrace:
	GetHandleVerifier [0x00007FF76D67AD02+56930]
	(No symbol) [0x00007FF76D5EF602]
	(No symbol) [0x00007FF76D4A42E5]
	(No symbol) [0x00007FF76D4E98ED]
	(No symbol) [0x00007FF76D4E9A2C]
	(No symbol) [0x00007FF76D52A967]
	(No symbol) [0x00007FF76D50BCDF]
	(No symbol) [0x00007FF76D5281E2]
	(No symbol) [0x00007FF76D50BA43]
	(No symbol) [0x00007FF76D4DD438]
	(No symbol) [0x00007FF76D4DE4D1]
	GetHandleVerifier [0x00007FF76D9F6F8D+3711213]
	GetHandleVerifier [0x00007FF76DA504CD+4077101]
	GetHandleVerifier [0x00007FF76DA4865F+4044735]
	GetHandleVerifier [0x00007FF76D719736+706710]
	(No symbol) [0x00007FF76D5FB8DF]
	(No symbol) [0x00007FF76D5F6AC4]
	(No symbol) [0x00007FF76D5F6C1C]
	(No symbol) [0x00007FF76D5E68D4]
	BaseThreadInitThunk [0x00007FF9494C257D+29]
	RtlUserThreadStart [0x00007FF94AC4AA58+40]

2024-04-04 12:36:00,657 [ERROR] automation Element located by i0116 is not present. Message: no such element: Unable to locate element: {"method":"css selector","selector":"[id="i0116"]"}
  (Session info: chrome=122.0.6261.131); For documentation on this error, please visit: https://www.selenium.dev/documentation/webdriver/troubleshooting/errors#no-such-element-exception
Stacktrace:
	GetHandleVerifier [0x00007FF76D67AD02+56930]
	(No symbol) [0x00007FF76D5EF602]
	(No symbol) [0x00007FF76D4A42E5]
	(No symbol) [0x00007FF76D4E98ED]
	(No symbol) [0x00007FF76D4E9A2C]
	(No symbol) [0x00007FF76D52A967]
	(No symbol) [0x00007FF76D50BCDF]
	(No symbol) [0x00007FF76D5281E2]
	(No symbol) [0x00007FF76D50BA43]
	(No symbol) [0x00007FF76D4DD438]
	(No symbol) [0x00007FF76D4DE4D1]
	GetHandleVerifier [0x00007FF76D9F6F8D+3711213]
	GetHandleVerifier [0x00007FF76DA504CD+4077101]
	GetHandleVerifier [0x00007FF76DA4865F+4044735]
	GetHandleVerifier [0x00007FF76D719736+706710]
	(No symbol) [0x00007FF76D5FB8DF]
	(No symbol) [0x00007FF76D5F6AC4]
	(No symbol) [0x00007FF76D5F6C1C]
	(No symbol) [0x00007FF76D5E68D4]
	BaseThreadInitThunk [0x00007FF9494C257D+29]
	RtlUserThreadStart [0x00007FF94AC4AA58+40]

2024-04-04 12:36:00,807 [INFO] automation Element located by i0116 is present.
2024-04-04 12:36:07,841 [INFO] automation Element located by //div[@class='logo'] is present.
2024-04-04 12:36:11,994 [INFO] automation Element located by //div[@class='tableFixHead']/table/tbody/tr[contains(@class,'even_col')][1] is present.
2024-04-04 12:36:14,657 [INFO] automation Element located by //input[@formcontrolname='title'] is present.
2024-04-04 12:36:14,671 [INFO] automation Element located by //input[@formcontrolname='title'] is present.
2024-04-04 12:36:19,902 [INFO] automation CPU Percent: 100.0	Virtual Memory: svmem(total=12635017216, available=1209073664, percent=90.4, used=11425943552, free=1209073664)
2024-04-04 12:36:20,022 [INFO] automation screenshot logged as: C:\Users\Thanusha Kotaprolu\Automation Projects\cognine-crm-automation\RunExecutionScripts\common\logs\screenshots\test_crm_bulk_email_page_smoke_test__fail04123619df51.png
2024-04-04 12:36:20,022 [ERROR] automation Test failed.
