2024-03-15 17:31:35,550 [INFO] automation Test has started.
2024-03-15 17:31:35,551 [INFO] automation Navigating to the https://chorusqa.cogninelabs.com/
2024-03-15 17:31:39,808 [ERROR] automation Element located by i0116 is not present. Message: no such element: Unable to locate element: {"method":"css selector","selector":"[id="i0116"]"}
  (Session info: chrome=122.0.6261.129); For documentation on this error, please visit: https://www.selenium.dev/documentation/webdriver/troubleshooting/errors#no-such-element-exception
Stacktrace:
	GetHandleVerifier [0x00007FF74B39AD02+56930]
	(No symbol) [0x00007FF74B30F602]
	(No symbol) [0x00007FF74B1C42E5]
	(No symbol) [0x00007FF74B2098ED]
	(No symbol) [0x00007FF74B209A2C]
	(No symbol) [0x00007FF74B24A967]
	(No symbol) [0x00007FF74B22BCDF]
	(No symbol) [0x00007FF74B2481E2]
	(No symbol) [0x00007FF74B22BA43]
	(No symbol) [0x00007FF74B1FD438]
	(No symbol) [0x00007FF74B1FE4D1]
	GetHandleVerifier [0x00007FF74B716F8D+3711213]
	GetHandleVerifier [0x00007FF74B7704CD+4077101]
	GetHandleVerifier [0x00007FF74B76865F+4044735]
	GetHandleVerifier [0x00007FF74B439736+706710]
	(No symbol) [0x00007FF74B31B8DF]
	(No symbol) [0x00007FF74B316AC4]
	(No symbol) [0x00007FF74B316C1C]
	(No symbol) [0x00007FF74B3068D4]
	BaseThreadInitThunk [0x00007FFC367A257D+29]
	RtlUserThreadStart [0x00007FFC3736AA58+40]

2024-03-15 17:31:39,872 [ERROR] automation Element located by i0116 is not present. Message: no such element: Unable to locate element: {"method":"css selector","selector":"[id="i0116"]"}
  (Session info: chrome=122.0.6261.129); For documentation on this error, please visit: https://www.selenium.dev/documentation/webdriver/troubleshooting/errors#no-such-element-exception
Stacktrace:
	GetHandleVerifier [0x00007FF74B39AD02+56930]
	(No symbol) [0x00007FF74B30F602]
	(No symbol) [0x00007FF74B1C42E5]
	(No symbol) [0x00007FF74B2098ED]
	(No symbol) [0x00007FF74B209A2C]
	(No symbol) [0x00007FF74B24A967]
	(No symbol) [0x00007FF74B22BCDF]
	(No symbol) [0x00007FF74B2481E2]
	(No symbol) [0x00007FF74B22BA43]
	(No symbol) [0x00007FF74B1FD438]
	(No symbol) [0x00007FF74B1FE4D1]
	GetHandleVerifier [0x00007FF74B716F8D+3711213]
	GetHandleVerifier [0x00007FF74B7704CD+4077101]
	GetHandleVerifier [0x00007FF74B76865F+4044735]
	GetHandleVerifier [0x00007FF74B439736+706710]
	(No symbol) [0x00007FF74B31B8DF]
	(No symbol) [0x00007FF74B316AC4]
	(No symbol) [0x00007FF74B316C1C]
	(No symbol) [0x00007FF74B3068D4]
	BaseThreadInitThunk [0x00007FFC367A257D+29]
	RtlUserThreadStart [0x00007FFC3736AA58+40]

2024-03-15 17:31:39,934 [ERROR] automation Element located by i0116 is not present. Message: no such element: Unable to locate element: {"method":"css selector","selector":"[id="i0116"]"}
  (Session info: chrome=122.0.6261.129); For documentation on this error, please visit: https://www.selenium.dev/documentation/webdriver/troubleshooting/errors#no-such-element-exception
Stacktrace:
	GetHandleVerifier [0x00007FF74B39AD02+56930]
	(No symbol) [0x00007FF74B30F602]
	(No symbol) [0x00007FF74B1C42E5]
	(No symbol) [0x00007FF74B2098ED]
	(No symbol) [0x00007FF74B209A2C]
	(No symbol) [0x00007FF74B24A967]
	(No symbol) [0x00007FF74B22BCDF]
	(No symbol) [0x00007FF74B2481E2]
	(No symbol) [0x00007FF74B22BA43]
	(No symbol) [0x00007FF74B1FD438]
	(No symbol) [0x00007FF74B1FE4D1]
	GetHandleVerifier [0x00007FF74B716F8D+3711213]
	GetHandleVerifier [0x00007FF74B7704CD+4077101]
	GetHandleVerifier [0x00007FF74B76865F+4044735]
	GetHandleVerifier [0x00007FF74B439736+706710]
	(No symbol) [0x00007FF74B31B8DF]
	(No symbol) [0x00007FF74B316AC4]
	(No symbol) [0x00007FF74B316C1C]
	(No symbol) [0x00007FF74B3068D4]
	BaseThreadInitThunk [0x00007FFC367A257D+29]
	RtlUserThreadStart [0x00007FFC3736AA58+40]

2024-03-15 17:31:39,992 [ERROR] automation Element located by i0116 is not present. Message: no such element: Unable to locate element: {"method":"css selector","selector":"[id="i0116"]"}
  (Session info: chrome=122.0.6261.129); For documentation on this error, please visit: https://www.selenium.dev/documentation/webdriver/troubleshooting/errors#no-such-element-exception
Stacktrace:
	GetHandleVerifier [0x00007FF74B39AD02+56930]
	(No symbol) [0x00007FF74B30F602]
	(No symbol) [0x00007FF74B1C42E5]
	(No symbol) [0x00007FF74B2098ED]
	(No symbol) [0x00007FF74B209A2C]
	(No symbol) [0x00007FF74B24A967]
	(No symbol) [0x00007FF74B22BCDF]
	(No symbol) [0x00007FF74B2481E2]
	(No symbol) [0x00007FF74B22BA43]
	(No symbol) [0x00007FF74B1FD438]
	(No symbol) [0x00007FF74B1FE4D1]
	GetHandleVerifier [0x00007FF74B716F8D+3711213]
	GetHandleVerifier [0x00007FF74B7704CD+4077101]
	GetHandleVerifier [0x00007FF74B76865F+4044735]
	GetHandleVerifier [0x00007FF74B439736+706710]
	(No symbol) [0x00007FF74B31B8DF]
	(No symbol) [0x00007FF74B316AC4]
	(No symbol) [0x00007FF74B316C1C]
	(No symbol) [0x00007FF74B3068D4]
	BaseThreadInitThunk [0x00007FFC367A257D+29]
	RtlUserThreadStart [0x00007FFC3736AA58+40]

2024-03-15 17:31:40,054 [ERROR] automation Element located by i0116 is not present. Message: no such element: Unable to locate element: {"method":"css selector","selector":"[id="i0116"]"}
  (Session info: chrome=122.0.6261.129); For documentation on this error, please visit: https://www.selenium.dev/documentation/webdriver/troubleshooting/errors#no-such-element-exception
Stacktrace:
	GetHandleVerifier [0x00007FF74B39AD02+56930]
	(No symbol) [0x00007FF74B30F602]
	(No symbol) [0x00007FF74B1C42E5]
	(No symbol) [0x00007FF74B2098ED]
	(No symbol) [0x00007FF74B209A2C]
	(No symbol) [0x00007FF74B24A967]
	(No symbol) [0x00007FF74B22BCDF]
	(No symbol) [0x00007FF74B2481E2]
	(No symbol) [0x00007FF74B22BA43]
	(No symbol) [0x00007FF74B1FD438]
	(No symbol) [0x00007FF74B1FE4D1]
	GetHandleVerifier [0x00007FF74B716F8D+3711213]
	GetHandleVerifier [0x00007FF74B7704CD+4077101]
	GetHandleVerifier [0x00007FF74B76865F+4044735]
	GetHandleVerifier [0x00007FF74B439736+706710]
	(No symbol) [0x00007FF74B31B8DF]
	(No symbol) [0x00007FF74B316AC4]
	(No symbol) [0x00007FF74B316C1C]
	(No symbol) [0x00007FF74B3068D4]
	BaseThreadInitThunk [0x00007FFC367A257D+29]
	RtlUserThreadStart [0x00007FFC3736AA58+40]

2024-03-15 17:31:40,113 [ERROR] automation Element located by i0116 is not present. Message: no such element: Unable to locate element: {"method":"css selector","selector":"[id="i0116"]"}
  (Session info: chrome=122.0.6261.129); For documentation on this error, please visit: https://www.selenium.dev/documentation/webdriver/troubleshooting/errors#no-such-element-exception
Stacktrace:
	GetHandleVerifier [0x00007FF74B39AD02+56930]
	(No symbol) [0x00007FF74B30F602]
	(No symbol) [0x00007FF74B1C42E5]
	(No symbol) [0x00007FF74B2098ED]
	(No symbol) [0x00007FF74B209A2C]
	(No symbol) [0x00007FF74B24A967]
	(No symbol) [0x00007FF74B22BCDF]
	(No symbol) [0x00007FF74B2481E2]
	(No symbol) [0x00007FF74B22BA43]
	(No symbol) [0x00007FF74B1FD438]
	(No symbol) [0x00007FF74B1FE4D1]
	GetHandleVerifier [0x00007FF74B716F8D+3711213]
	GetHandleVerifier [0x00007FF74B7704CD+4077101]
	GetHandleVerifier [0x00007FF74B76865F+4044735]
	GetHandleVerifier [0x00007FF74B439736+706710]
	(No symbol) [0x00007FF74B31B8DF]
	(No symbol) [0x00007FF74B316AC4]
	(No symbol) [0x00007FF74B316C1C]
	(No symbol) [0x00007FF74B3068D4]
	BaseThreadInitThunk [0x00007FFC367A257D+29]
	RtlUserThreadStart [0x00007FFC3736AA58+40]

2024-03-15 17:31:40,435 [ERROR] automation Element located by i0116 is not present. Message: no such element: Unable to locate element: {"method":"css selector","selector":"[id="i0116"]"}
  (Session info: chrome=122.0.6261.129); For documentation on this error, please visit: https://www.selenium.dev/documentation/webdriver/troubleshooting/errors#no-such-element-exception
Stacktrace:
	GetHandleVerifier [0x00007FF74B39AD02+56930]
	(No symbol) [0x00007FF74B30F602]
	(No symbol) [0x00007FF74B1C42E5]
	(No symbol) [0x00007FF74B2098ED]
	(No symbol) [0x00007FF74B209A2C]
	(No symbol) [0x00007FF74B24A967]
	(No symbol) [0x00007FF74B22BCDF]
	(No symbol) [0x00007FF74B2481E2]
	(No symbol) [0x00007FF74B22BA43]
	(No symbol) [0x00007FF74B1FD438]
	(No symbol) [0x00007FF74B1FE4D1]
	GetHandleVerifier [0x00007FF74B716F8D+3711213]
	GetHandleVerifier [0x00007FF74B7704CD+4077101]
	GetHandleVerifier [0x00007FF74B76865F+4044735]
	GetHandleVerifier [0x00007FF74B439736+706710]
	(No symbol) [0x00007FF74B31B8DF]
	(No symbol) [0x00007FF74B316AC4]
	(No symbol) [0x00007FF74B316C1C]
	(No symbol) [0x00007FF74B3068D4]
	BaseThreadInitThunk [0x00007FFC367A257D+29]
	RtlUserThreadStart [0x00007FFC3736AA58+40]

2024-03-15 17:31:40,938 [ERROR] automation Element located by i0116 is not present. Message: no such element: Unable to locate element: {"method":"css selector","selector":"[id="i0116"]"}
  (Session info: chrome=122.0.6261.129); For documentation on this error, please visit: https://www.selenium.dev/documentation/webdriver/troubleshooting/errors#no-such-element-exception
Stacktrace:
	GetHandleVerifier [0x00007FF74B39AD02+56930]
	(No symbol) [0x00007FF74B30F602]
	(No symbol) [0x00007FF74B1C42E5]
	(No symbol) [0x00007FF74B2098ED]
	(No symbol) [0x00007FF74B209A2C]
	(No symbol) [0x00007FF74B24A967]
	(No symbol) [0x00007FF74B22BCDF]
	(No symbol) [0x00007FF74B2481E2]
	(No symbol) [0x00007FF74B22BA43]
	(No symbol) [0x00007FF74B1FD438]
	(No symbol) [0x00007FF74B1FE4D1]
	GetHandleVerifier [0x00007FF74B716F8D+3711213]
	GetHandleVerifier [0x00007FF74B7704CD+4077101]
	GetHandleVerifier [0x00007FF74B76865F+4044735]
	GetHandleVerifier [0x00007FF74B439736+706710]
	(No symbol) [0x00007FF74B31B8DF]
	(No symbol) [0x00007FF74B316AC4]
	(No symbol) [0x00007FF74B316C1C]
	(No symbol) [0x00007FF74B3068D4]
	BaseThreadInitThunk [0x00007FFC367A257D+29]
	RtlUserThreadStart [0x00007FFC3736AA58+40]

2024-03-15 17:31:40,995 [ERROR] automation Element located by i0116 is not present. Message: no such element: Unable to locate element: {"method":"css selector","selector":"[id="i0116"]"}
  (Session info: chrome=122.0.6261.129); For documentation on this error, please visit: https://www.selenium.dev/documentation/webdriver/troubleshooting/errors#no-such-element-exception
Stacktrace:
	GetHandleVerifier [0x00007FF74B39AD02+56930]
	(No symbol) [0x00007FF74B30F602]
	(No symbol) [0x00007FF74B1C42E5]
	(No symbol) [0x00007FF74B2098ED]
	(No symbol) [0x00007FF74B209A2C]
	(No symbol) [0x00007FF74B24A967]
	(No symbol) [0x00007FF74B22BCDF]
	(No symbol) [0x00007FF74B2481E2]
	(No symbol) [0x00007FF74B22BA43]
	(No symbol) [0x00007FF74B1FD438]
	(No symbol) [0x00007FF74B1FE4D1]
	GetHandleVerifier [0x00007FF74B716F8D+3711213]
	GetHandleVerifier [0x00007FF74B7704CD+4077101]
	GetHandleVerifier [0x00007FF74B76865F+4044735]
	GetHandleVerifier [0x00007FF74B439736+706710]
	(No symbol) [0x00007FF74B31B8DF]
	(No symbol) [0x00007FF74B316AC4]
	(No symbol) [0x00007FF74B316C1C]
	(No symbol) [0x00007FF74B3068D4]
	BaseThreadInitThunk [0x00007FFC367A257D+29]
	RtlUserThreadStart [0x00007FFC3736AA58+40]

2024-03-15 17:31:41,058 [ERROR] automation Element located by i0116 is not present. Message: no such element: Unable to locate element: {"method":"css selector","selector":"[id="i0116"]"}
  (Session info: chrome=122.0.6261.129); For documentation on this error, please visit: https://www.selenium.dev/documentation/webdriver/troubleshooting/errors#no-such-element-exception
Stacktrace:
	GetHandleVerifier [0x00007FF74B39AD02+56930]
	(No symbol) [0x00007FF74B30F602]
	(No symbol) [0x00007FF74B1C42E5]
	(No symbol) [0x00007FF74B2098ED]
	(No symbol) [0x00007FF74B209A2C]
	(No symbol) [0x00007FF74B24A967]
	(No symbol) [0x00007FF74B22BCDF]
	(No symbol) [0x00007FF74B2481E2]
	(No symbol) [0x00007FF74B22BA43]
	(No symbol) [0x00007FF74B1FD438]
	(No symbol) [0x00007FF74B1FE4D1]
	GetHandleVerifier [0x00007FF74B716F8D+3711213]
	GetHandleVerifier [0x00007FF74B7704CD+4077101]
	GetHandleVerifier [0x00007FF74B76865F+4044735]
	GetHandleVerifier [0x00007FF74B439736+706710]
	(No symbol) [0x00007FF74B31B8DF]
	(No symbol) [0x00007FF74B316AC4]
	(No symbol) [0x00007FF74B316C1C]
	(No symbol) [0x00007FF74B3068D4]
	BaseThreadInitThunk [0x00007FFC367A257D+29]
	RtlUserThreadStart [0x00007FFC3736AA58+40]

2024-03-15 17:31:41,123 [ERROR] automation Element located by i0116 is not present. Message: no such element: Unable to locate element: {"method":"css selector","selector":"[id="i0116"]"}
  (Session info: chrome=122.0.6261.129); For documentation on this error, please visit: https://www.selenium.dev/documentation/webdriver/troubleshooting/errors#no-such-element-exception
Stacktrace:
	GetHandleVerifier [0x00007FF74B39AD02+56930]
	(No symbol) [0x00007FF74B30F602]
	(No symbol) [0x00007FF74B1C42E5]
	(No symbol) [0x00007FF74B2098ED]
	(No symbol) [0x00007FF74B209A2C]
	(No symbol) [0x00007FF74B24A967]
	(No symbol) [0x00007FF74B22BCDF]
	(No symbol) [0x00007FF74B2481E2]
	(No symbol) [0x00007FF74B22BA43]
	(No symbol) [0x00007FF74B1FD438]
	(No symbol) [0x00007FF74B1FE4D1]
	GetHandleVerifier [0x00007FF74B716F8D+3711213]
	GetHandleVerifier [0x00007FF74B7704CD+4077101]
	GetHandleVerifier [0x00007FF74B76865F+4044735]
	GetHandleVerifier [0x00007FF74B439736+706710]
	(No symbol) [0x00007FF74B31B8DF]
	(No symbol) [0x00007FF74B316AC4]
	(No symbol) [0x00007FF74B316C1C]
	(No symbol) [0x00007FF74B3068D4]
	BaseThreadInitThunk [0x00007FFC367A257D+29]
	RtlUserThreadStart [0x00007FFC3736AA58+40]

2024-03-15 17:31:41,184 [ERROR] automation Element located by i0116 is not present. Message: no such element: Unable to locate element: {"method":"css selector","selector":"[id="i0116"]"}
  (Session info: chrome=122.0.6261.129); For documentation on this error, please visit: https://www.selenium.dev/documentation/webdriver/troubleshooting/errors#no-such-element-exception
Stacktrace:
	GetHandleVerifier [0x00007FF74B39AD02+56930]
	(No symbol) [0x00007FF74B30F602]
	(No symbol) [0x00007FF74B1C42E5]
	(No symbol) [0x00007FF74B2098ED]
	(No symbol) [0x00007FF74B209A2C]
	(No symbol) [0x00007FF74B24A967]
	(No symbol) [0x00007FF74B22BCDF]
	(No symbol) [0x00007FF74B2481E2]
	(No symbol) [0x00007FF74B22BA43]
	(No symbol) [0x00007FF74B1FD438]
	(No symbol) [0x00007FF74B1FE4D1]
	GetHandleVerifier [0x00007FF74B716F8D+3711213]
	GetHandleVerifier [0x00007FF74B7704CD+4077101]
	GetHandleVerifier [0x00007FF74B76865F+4044735]
	GetHandleVerifier [0x00007FF74B439736+706710]
	(No symbol) [0x00007FF74B31B8DF]
	(No symbol) [0x00007FF74B316AC4]
	(No symbol) [0x00007FF74B316C1C]
	(No symbol) [0x00007FF74B3068D4]
	BaseThreadInitThunk [0x00007FFC367A257D+29]
	RtlUserThreadStart [0x00007FFC3736AA58+40]

2024-03-15 17:31:41,348 [INFO] automation Element located by i0116 is present.
2024-03-15 17:31:54,186 [INFO] automation Element located by //div[@class='logo'] is present.
2024-03-15 17:32:00,308 [INFO] automation Element located by //div[@class='tableFixHead']/table/tbody/tr[contains(@class,'even_col')][1] is present.
2024-03-15 17:32:04,806 [INFO] automation Element located by notes is present.
2024-03-15 17:32:04,814 [INFO] automation Element located by notes is present.
2024-03-15 17:32:08,315 [ERROR] automation Element located by //div[@role='alert' and contains(text(),'success') or contains(text(),'Success')] is not present. Message: no such element: Unable to locate element: {"method":"xpath","selector":"//div[@role='alert' and contains(text(),'success') or contains(text(),'Success')]"}
  (Session info: chrome=122.0.6261.129); For documentation on this error, please visit: https://www.selenium.dev/documentation/webdriver/troubleshooting/errors#no-such-element-exception
Stacktrace:
	GetHandleVerifier [0x00007FF74B39AD02+56930]
	(No symbol) [0x00007FF74B30F602]
	(No symbol) [0x00007FF74B1C42E5]
	(No symbol) [0x00007FF74B2098ED]
	(No symbol) [0x00007FF74B209A2C]
	(No symbol) [0x00007FF74B24A967]
	(No symbol) [0x00007FF74B22BCDF]
	(No symbol) [0x00007FF74B2481E2]
	(No symbol) [0x00007FF74B22BA43]
	(No symbol) [0x00007FF74B1FD438]
	(No symbol) [0x00007FF74B1FE4D1]
	GetHandleVerifier [0x00007FF74B716F8D+3711213]
	GetHandleVerifier [0x00007FF74B7704CD+4077101]
	GetHandleVerifier [0x00007FF74B76865F+4044735]
	GetHandleVerifier [0x00007FF74B439736+706710]
	(No symbol) [0x00007FF74B31B8DF]
	(No symbol) [0x00007FF74B316AC4]
	(No symbol) [0x00007FF74B316C1C]
	(No symbol) [0x00007FF74B3068D4]
	BaseThreadInitThunk [0x00007FFC367A257D+29]
	RtlUserThreadStart [0x00007FFC3736AA58+40]

2024-03-15 17:32:08,462 [INFO] automation Element located by //div[@role='alert' and contains(text(),'success') or contains(text(),'Success')] is present.
2024-03-15 17:32:12,922 [INFO] automation Element located by firstname is present.
2024-03-15 17:32:16,283 [ERROR] automation Element located by //div[@role='alert' and contains(text(),'success') or contains(text(),'Success')] is not present. Message: no such element: Unable to locate element: {"method":"xpath","selector":"//div[@role='alert' and contains(text(),'success') or contains(text(),'Success')]"}
  (Session info: chrome=122.0.6261.129); For documentation on this error, please visit: https://www.selenium.dev/documentation/webdriver/troubleshooting/errors#no-such-element-exception
Stacktrace:
	GetHandleVerifier [0x00007FF74B39AD02+56930]
	(No symbol) [0x00007FF74B30F602]
	(No symbol) [0x00007FF74B1C42E5]
	(No symbol) [0x00007FF74B2098ED]
	(No symbol) [0x00007FF74B209A2C]
	(No symbol) [0x00007FF74B24A967]
	(No symbol) [0x00007FF74B22BCDF]
	(No symbol) [0x00007FF74B2481E2]
	(No symbol) [0x00007FF74B22BA43]
	(No symbol) [0x00007FF74B1FD438]
	(No symbol) [0x00007FF74B1FE4D1]
	GetHandleVerifier [0x00007FF74B716F8D+3711213]
	GetHandleVerifier [0x00007FF74B7704CD+4077101]
	GetHandleVerifier [0x00007FF74B76865F+4044735]
	GetHandleVerifier [0x00007FF74B439736+706710]
	(No symbol) [0x00007FF74B31B8DF]
	(No symbol) [0x00007FF74B316AC4]
	(No symbol) [0x00007FF74B316C1C]
	(No symbol) [0x00007FF74B3068D4]
	BaseThreadInitThunk [0x00007FFC367A257D+29]
	RtlUserThreadStart [0x00007FFC3736AA58+40]

2024-03-15 17:32:16,347 [ERROR] automation Element located by //div[@role='alert' and contains(text(),'success') or contains(text(),'Success')] is not present. Message: no such element: Unable to locate element: {"method":"xpath","selector":"//div[@role='alert' and contains(text(),'success') or contains(text(),'Success')]"}
  (Session info: chrome=122.0.6261.129); For documentation on this error, please visit: https://www.selenium.dev/documentation/webdriver/troubleshooting/errors#no-such-element-exception
Stacktrace:
	GetHandleVerifier [0x00007FF74B39AD02+56930]
	(No symbol) [0x00007FF74B30F602]
	(No symbol) [0x00007FF74B1C42E5]
	(No symbol) [0x00007FF74B2098ED]
	(No symbol) [0x00007FF74B209A2C]
	(No symbol) [0x00007FF74B24A967]
	(No symbol) [0x00007FF74B22BCDF]
	(No symbol) [0x00007FF74B2481E2]
	(No symbol) [0x00007FF74B22BA43]
	(No symbol) [0x00007FF74B1FD438]
	(No symbol) [0x00007FF74B1FE4D1]
	GetHandleVerifier [0x00007FF74B716F8D+3711213]
	GetHandleVerifier [0x00007FF74B7704CD+4077101]
	GetHandleVerifier [0x00007FF74B76865F+4044735]
	GetHandleVerifier [0x00007FF74B439736+706710]
	(No symbol) [0x00007FF74B31B8DF]
	(No symbol) [0x00007FF74B316AC4]
	(No symbol) [0x00007FF74B316C1C]
	(No symbol) [0x00007FF74B3068D4]
	BaseThreadInitThunk [0x00007FFC367A257D+29]
	RtlUserThreadStart [0x00007FFC3736AA58+40]

2024-03-15 17:32:16,416 [INFO] automation Element located by //div[@role='alert' and contains(text(),'success') or contains(text(),'Success')] is present.
2024-03-15 17:32:20,891 [INFO] automation Element located by fname is present.
2024-03-15 17:32:20,898 [INFO] automation Element located by fname is present.
2024-03-15 17:32:23,206 [INFO] automation Element located by //div[@class='tableFixHead']/table/tbody/tr[1]/td[contains(text(),'ContactFirstName1517315609ba')] is present.
2024-03-15 17:32:23,206 [INFO] automation Test passed.
