2024-03-29 12:27:17,066 [INFO] automation Test has started.
2024-03-29 12:27:17,067 [INFO] automation Navigating to the https://chorusqa.cogninelabs.com/
2024-03-29 12:27:22,782 [ERROR] automation Element located by i0116 is not present. Message: no such element: Unable to locate element: {"method":"css selector","selector":"[id="i0116"]"}
  (Session info: chrome=122.0.6261.131); For documentation on this error, please visit: https://www.selenium.dev/documentation/webdriver/troubleshooting/errors#no-such-element-exception
Stacktrace:
	GetHandleVerifier [0x00007FF70875AD02+56930]
	(No symbol) [0x00007FF7086CF602]
	(No symbol) [0x00007FF7085842E5]
	(No symbol) [0x00007FF7085C98ED]
	(No symbol) [0x00007FF7085C9A2C]
	(No symbol) [0x00007FF70860A967]
	(No symbol) [0x00007FF7085EBCDF]
	(No symbol) [0x00007FF7086081E2]
	(No symbol) [0x00007FF7085EBA43]
	(No symbol) [0x00007FF7085BD438]
	(No symbol) [0x00007FF7085BE4D1]
	GetHandleVerifier [0x00007FF708AD6F8D+3711213]
	GetHandleVerifier [0x00007FF708B304CD+4077101]
	GetHandleVerifier [0x00007FF708B2865F+4044735]
	GetHandleVerifier [0x00007FF7087F9736+706710]
	(No symbol) [0x00007FF7086DB8DF]
	(No symbol) [0x00007FF7086D6AC4]
	(No symbol) [0x00007FF7086D6C1C]
	(No symbol) [0x00007FF7086C68D4]
	BaseThreadInitThunk [0x00007FF9494C257D+29]
	RtlUserThreadStart [0x00007FF94AC4AA58+40]

2024-03-29 12:27:22,850 [ERROR] automation Element located by i0116 is not present. Message: no such element: Unable to locate element: {"method":"css selector","selector":"[id="i0116"]"}
  (Session info: chrome=122.0.6261.131); For documentation on this error, please visit: https://www.selenium.dev/documentation/webdriver/troubleshooting/errors#no-such-element-exception
Stacktrace:
	GetHandleVerifier [0x00007FF70875AD02+56930]
	(No symbol) [0x00007FF7086CF602]
	(No symbol) [0x00007FF7085842E5]
	(No symbol) [0x00007FF7085C98ED]
	(No symbol) [0x00007FF7085C9A2C]
	(No symbol) [0x00007FF70860A967]
	(No symbol) [0x00007FF7085EBCDF]
	(No symbol) [0x00007FF7086081E2]
	(No symbol) [0x00007FF7085EBA43]
	(No symbol) [0x00007FF7085BD438]
	(No symbol) [0x00007FF7085BE4D1]
	GetHandleVerifier [0x00007FF708AD6F8D+3711213]
	GetHandleVerifier [0x00007FF708B304CD+4077101]
	GetHandleVerifier [0x00007FF708B2865F+4044735]
	GetHandleVerifier [0x00007FF7087F9736+706710]
	(No symbol) [0x00007FF7086DB8DF]
	(No symbol) [0x00007FF7086D6AC4]
	(No symbol) [0x00007FF7086D6C1C]
	(No symbol) [0x00007FF7086C68D4]
	BaseThreadInitThunk [0x00007FF9494C257D+29]
	RtlUserThreadStart [0x00007FF94AC4AA58+40]

2024-03-29 12:27:22,919 [ERROR] automation Element located by i0116 is not present. Message: no such element: Unable to locate element: {"method":"css selector","selector":"[id="i0116"]"}
  (Session info: chrome=122.0.6261.131); For documentation on this error, please visit: https://www.selenium.dev/documentation/webdriver/troubleshooting/errors#no-such-element-exception
Stacktrace:
	GetHandleVerifier [0x00007FF70875AD02+56930]
	(No symbol) [0x00007FF7086CF602]
	(No symbol) [0x00007FF7085842E5]
	(No symbol) [0x00007FF7085C98ED]
	(No symbol) [0x00007FF7085C9A2C]
	(No symbol) [0x00007FF70860A967]
	(No symbol) [0x00007FF7085EBCDF]
	(No symbol) [0x00007FF7086081E2]
	(No symbol) [0x00007FF7085EBA43]
	(No symbol) [0x00007FF7085BD438]
	(No symbol) [0x00007FF7085BE4D1]
	GetHandleVerifier [0x00007FF708AD6F8D+3711213]
	GetHandleVerifier [0x00007FF708B304CD+4077101]
	GetHandleVerifier [0x00007FF708B2865F+4044735]
	GetHandleVerifier [0x00007FF7087F9736+706710]
	(No symbol) [0x00007FF7086DB8DF]
	(No symbol) [0x00007FF7086D6AC4]
	(No symbol) [0x00007FF7086D6C1C]
	(No symbol) [0x00007FF7086C68D4]
	BaseThreadInitThunk [0x00007FF9494C257D+29]
	RtlUserThreadStart [0x00007FF94AC4AA58+40]

2024-03-29 12:27:22,983 [ERROR] automation Element located by i0116 is not present. Message: no such element: Unable to locate element: {"method":"css selector","selector":"[id="i0116"]"}
  (Session info: chrome=122.0.6261.131); For documentation on this error, please visit: https://www.selenium.dev/documentation/webdriver/troubleshooting/errors#no-such-element-exception
Stacktrace:
	GetHandleVerifier [0x00007FF70875AD02+56930]
	(No symbol) [0x00007FF7086CF602]
	(No symbol) [0x00007FF7085842E5]
	(No symbol) [0x00007FF7085C98ED]
	(No symbol) [0x00007FF7085C9A2C]
	(No symbol) [0x00007FF70860A967]
	(No symbol) [0x00007FF7085EBCDF]
	(No symbol) [0x00007FF7086081E2]
	(No symbol) [0x00007FF7085EBA43]
	(No symbol) [0x00007FF7085BD438]
	(No symbol) [0x00007FF7085BE4D1]
	GetHandleVerifier [0x00007FF708AD6F8D+3711213]
	GetHandleVerifier [0x00007FF708B304CD+4077101]
	GetHandleVerifier [0x00007FF708B2865F+4044735]
	GetHandleVerifier [0x00007FF7087F9736+706710]
	(No symbol) [0x00007FF7086DB8DF]
	(No symbol) [0x00007FF7086D6AC4]
	(No symbol) [0x00007FF7086D6C1C]
	(No symbol) [0x00007FF7086C68D4]
	BaseThreadInitThunk [0x00007FF9494C257D+29]
	RtlUserThreadStart [0x00007FF94AC4AA58+40]

2024-03-29 12:27:23,042 [ERROR] automation Element located by i0116 is not present. Message: no such element: Unable to locate element: {"method":"css selector","selector":"[id="i0116"]"}
  (Session info: chrome=122.0.6261.131); For documentation on this error, please visit: https://www.selenium.dev/documentation/webdriver/troubleshooting/errors#no-such-element-exception
Stacktrace:
	GetHandleVerifier [0x00007FF70875AD02+56930]
	(No symbol) [0x00007FF7086CF602]
	(No symbol) [0x00007FF7085842E5]
	(No symbol) [0x00007FF7085C98ED]
	(No symbol) [0x00007FF7085C9A2C]
	(No symbol) [0x00007FF70860A967]
	(No symbol) [0x00007FF7085EBCDF]
	(No symbol) [0x00007FF7086081E2]
	(No symbol) [0x00007FF7085EBA43]
	(No symbol) [0x00007FF7085BD438]
	(No symbol) [0x00007FF7085BE4D1]
	GetHandleVerifier [0x00007FF708AD6F8D+3711213]
	GetHandleVerifier [0x00007FF708B304CD+4077101]
	GetHandleVerifier [0x00007FF708B2865F+4044735]
	GetHandleVerifier [0x00007FF7087F9736+706710]
	(No symbol) [0x00007FF7086DB8DF]
	(No symbol) [0x00007FF7086D6AC4]
	(No symbol) [0x00007FF7086D6C1C]
	(No symbol) [0x00007FF7086C68D4]
	BaseThreadInitThunk [0x00007FF9494C257D+29]
	RtlUserThreadStart [0x00007FF94AC4AA58+40]

2024-03-29 12:27:23,103 [ERROR] automation Element located by i0116 is not present. Message: no such element: Unable to locate element: {"method":"css selector","selector":"[id="i0116"]"}
  (Session info: chrome=122.0.6261.131); For documentation on this error, please visit: https://www.selenium.dev/documentation/webdriver/troubleshooting/errors#no-such-element-exception
Stacktrace:
	GetHandleVerifier [0x00007FF70875AD02+56930]
	(No symbol) [0x00007FF7086CF602]
	(No symbol) [0x00007FF7085842E5]
	(No symbol) [0x00007FF7085C98ED]
	(No symbol) [0x00007FF7085C9A2C]
	(No symbol) [0x00007FF70860A967]
	(No symbol) [0x00007FF7085EBCDF]
	(No symbol) [0x00007FF7086081E2]
	(No symbol) [0x00007FF7085EBA43]
	(No symbol) [0x00007FF7085BD438]
	(No symbol) [0x00007FF7085BE4D1]
	GetHandleVerifier [0x00007FF708AD6F8D+3711213]
	GetHandleVerifier [0x00007FF708B304CD+4077101]
	GetHandleVerifier [0x00007FF708B2865F+4044735]
	GetHandleVerifier [0x00007FF7087F9736+706710]
	(No symbol) [0x00007FF7086DB8DF]
	(No symbol) [0x00007FF7086D6AC4]
	(No symbol) [0x00007FF7086D6C1C]
	(No symbol) [0x00007FF7086C68D4]
	BaseThreadInitThunk [0x00007FF9494C257D+29]
	RtlUserThreadStart [0x00007FF94AC4AA58+40]

2024-03-29 12:27:23,843 [ERROR] automation Element located by i0116 is not present. Message: no such element: Unable to locate element: {"method":"css selector","selector":"[id="i0116"]"}
  (Session info: chrome=122.0.6261.131); For documentation on this error, please visit: https://www.selenium.dev/documentation/webdriver/troubleshooting/errors#no-such-element-exception
Stacktrace:
	GetHandleVerifier [0x00007FF70875AD02+56930]
	(No symbol) [0x00007FF7086CF602]
	(No symbol) [0x00007FF7085842E5]
	(No symbol) [0x00007FF7085C98ED]
	(No symbol) [0x00007FF7085C9A2C]
	(No symbol) [0x00007FF70860A967]
	(No symbol) [0x00007FF7085EBCDF]
	(No symbol) [0x00007FF7086081E2]
	(No symbol) [0x00007FF7085EBA43]
	(No symbol) [0x00007FF7085BD438]
	(No symbol) [0x00007FF7085BE4D1]
	GetHandleVerifier [0x00007FF708AD6F8D+3711213]
	GetHandleVerifier [0x00007FF708B304CD+4077101]
	GetHandleVerifier [0x00007FF708B2865F+4044735]
	GetHandleVerifier [0x00007FF7087F9736+706710]
	(No symbol) [0x00007FF7086DB8DF]
	(No symbol) [0x00007FF7086D6AC4]
	(No symbol) [0x00007FF7086D6C1C]
	(No symbol) [0x00007FF7086C68D4]
	BaseThreadInitThunk [0x00007FF9494C257D+29]
	RtlUserThreadStart [0x00007FF94AC4AA58+40]

2024-03-29 12:27:23,903 [ERROR] automation Element located by i0116 is not present. Message: no such element: Unable to locate element: {"method":"css selector","selector":"[id="i0116"]"}
  (Session info: chrome=122.0.6261.131); For documentation on this error, please visit: https://www.selenium.dev/documentation/webdriver/troubleshooting/errors#no-such-element-exception
Stacktrace:
	GetHandleVerifier [0x00007FF70875AD02+56930]
	(No symbol) [0x00007FF7086CF602]
	(No symbol) [0x00007FF7085842E5]
	(No symbol) [0x00007FF7085C98ED]
	(No symbol) [0x00007FF7085C9A2C]
	(No symbol) [0x00007FF70860A967]
	(No symbol) [0x00007FF7085EBCDF]
	(No symbol) [0x00007FF7086081E2]
	(No symbol) [0x00007FF7085EBA43]
	(No symbol) [0x00007FF7085BD438]
	(No symbol) [0x00007FF7085BE4D1]
	GetHandleVerifier [0x00007FF708AD6F8D+3711213]
	GetHandleVerifier [0x00007FF708B304CD+4077101]
	GetHandleVerifier [0x00007FF708B2865F+4044735]
	GetHandleVerifier [0x00007FF7087F9736+706710]
	(No symbol) [0x00007FF7086DB8DF]
	(No symbol) [0x00007FF7086D6AC4]
	(No symbol) [0x00007FF7086D6C1C]
	(No symbol) [0x00007FF7086C68D4]
	BaseThreadInitThunk [0x00007FF9494C257D+29]
	RtlUserThreadStart [0x00007FF94AC4AA58+40]

2024-03-29 12:27:23,973 [ERROR] automation Element located by i0116 is not present. Message: no such element: Unable to locate element: {"method":"css selector","selector":"[id="i0116"]"}
  (Session info: chrome=122.0.6261.131); For documentation on this error, please visit: https://www.selenium.dev/documentation/webdriver/troubleshooting/errors#no-such-element-exception
Stacktrace:
	GetHandleVerifier [0x00007FF70875AD02+56930]
	(No symbol) [0x00007FF7086CF602]
	(No symbol) [0x00007FF7085842E5]
	(No symbol) [0x00007FF7085C98ED]
	(No symbol) [0x00007FF7085C9A2C]
	(No symbol) [0x00007FF70860A967]
	(No symbol) [0x00007FF7085EBCDF]
	(No symbol) [0x00007FF7086081E2]
	(No symbol) [0x00007FF7085EBA43]
	(No symbol) [0x00007FF7085BD438]
	(No symbol) [0x00007FF7085BE4D1]
	GetHandleVerifier [0x00007FF708AD6F8D+3711213]
	GetHandleVerifier [0x00007FF708B304CD+4077101]
	GetHandleVerifier [0x00007FF708B2865F+4044735]
	GetHandleVerifier [0x00007FF7087F9736+706710]
	(No symbol) [0x00007FF7086DB8DF]
	(No symbol) [0x00007FF7086D6AC4]
	(No symbol) [0x00007FF7086D6C1C]
	(No symbol) [0x00007FF7086C68D4]
	BaseThreadInitThunk [0x00007FF9494C257D+29]
	RtlUserThreadStart [0x00007FF94AC4AA58+40]

2024-03-29 12:27:24,108 [ERROR] automation Element located by i0116 is not present. Message: no such element: Unable to locate element: {"method":"css selector","selector":"[id="i0116"]"}
  (Session info: chrome=122.0.6261.131); For documentation on this error, please visit: https://www.selenium.dev/documentation/webdriver/troubleshooting/errors#no-such-element-exception
Stacktrace:
	GetHandleVerifier [0x00007FF70875AD02+56930]
	(No symbol) [0x00007FF7086CF602]
	(No symbol) [0x00007FF7085842E5]
	(No symbol) [0x00007FF7085C98ED]
	(No symbol) [0x00007FF7085C9A2C]
	(No symbol) [0x00007FF70860A967]
	(No symbol) [0x00007FF7085EBCDF]
	(No symbol) [0x00007FF7086081E2]
	(No symbol) [0x00007FF7085EBA43]
	(No symbol) [0x00007FF7085BD438]
	(No symbol) [0x00007FF7085BE4D1]
	GetHandleVerifier [0x00007FF708AD6F8D+3711213]
	GetHandleVerifier [0x00007FF708B304CD+4077101]
	GetHandleVerifier [0x00007FF708B2865F+4044735]
	GetHandleVerifier [0x00007FF7087F9736+706710]
	(No symbol) [0x00007FF7086DB8DF]
	(No symbol) [0x00007FF7086D6AC4]
	(No symbol) [0x00007FF7086D6C1C]
	(No symbol) [0x00007FF7086C68D4]
	BaseThreadInitThunk [0x00007FF9494C257D+29]
	RtlUserThreadStart [0x00007FF94AC4AA58+40]

2024-03-29 12:27:24,167 [ERROR] automation Element located by i0116 is not present. Message: no such element: Unable to locate element: {"method":"css selector","selector":"[id="i0116"]"}
  (Session info: chrome=122.0.6261.131); For documentation on this error, please visit: https://www.selenium.dev/documentation/webdriver/troubleshooting/errors#no-such-element-exception
Stacktrace:
	GetHandleVerifier [0x00007FF70875AD02+56930]
	(No symbol) [0x00007FF7086CF602]
	(No symbol) [0x00007FF7085842E5]
	(No symbol) [0x00007FF7085C98ED]
	(No symbol) [0x00007FF7085C9A2C]
	(No symbol) [0x00007FF70860A967]
	(No symbol) [0x00007FF7085EBCDF]
	(No symbol) [0x00007FF7086081E2]
	(No symbol) [0x00007FF7085EBA43]
	(No symbol) [0x00007FF7085BD438]
	(No symbol) [0x00007FF7085BE4D1]
	GetHandleVerifier [0x00007FF708AD6F8D+3711213]
	GetHandleVerifier [0x00007FF708B304CD+4077101]
	GetHandleVerifier [0x00007FF708B2865F+4044735]
	GetHandleVerifier [0x00007FF7087F9736+706710]
	(No symbol) [0x00007FF7086DB8DF]
	(No symbol) [0x00007FF7086D6AC4]
	(No symbol) [0x00007FF7086D6C1C]
	(No symbol) [0x00007FF7086C68D4]
	BaseThreadInitThunk [0x00007FF9494C257D+29]
	RtlUserThreadStart [0x00007FF94AC4AA58+40]

2024-03-29 12:27:24,228 [ERROR] automation Element located by i0116 is not present. Message: no such element: Unable to locate element: {"method":"css selector","selector":"[id="i0116"]"}
  (Session info: chrome=122.0.6261.131); For documentation on this error, please visit: https://www.selenium.dev/documentation/webdriver/troubleshooting/errors#no-such-element-exception
Stacktrace:
	GetHandleVerifier [0x00007FF70875AD02+56930]
	(No symbol) [0x00007FF7086CF602]
	(No symbol) [0x00007FF7085842E5]
	(No symbol) [0x00007FF7085C98ED]
	(No symbol) [0x00007FF7085C9A2C]
	(No symbol) [0x00007FF70860A967]
	(No symbol) [0x00007FF7085EBCDF]
	(No symbol) [0x00007FF7086081E2]
	(No symbol) [0x00007FF7085EBA43]
	(No symbol) [0x00007FF7085BD438]
	(No symbol) [0x00007FF7085BE4D1]
	GetHandleVerifier [0x00007FF708AD6F8D+3711213]
	GetHandleVerifier [0x00007FF708B304CD+4077101]
	GetHandleVerifier [0x00007FF708B2865F+4044735]
	GetHandleVerifier [0x00007FF7087F9736+706710]
	(No symbol) [0x00007FF7086DB8DF]
	(No symbol) [0x00007FF7086D6AC4]
	(No symbol) [0x00007FF7086D6C1C]
	(No symbol) [0x00007FF7086C68D4]
	BaseThreadInitThunk [0x00007FF9494C257D+29]
	RtlUserThreadStart [0x00007FF94AC4AA58+40]

2024-03-29 12:27:24,404 [INFO] automation Element located by i0116 is present.
2024-03-29 12:27:31,380 [INFO] automation Element located by //div[@class='logo'] is present.
2024-03-29 12:27:36,469 [INFO] automation Element located by //div[@class='tableFixHead']/table/tbody/tr[contains(@class,'even_col')][1] is present.
2024-03-29 12:27:39,013 [INFO] automation Element located by //input[@formcontrolname='title'] is present.
2024-03-29 12:27:41,344 [INFO] automation CPU Percent: 7.4	Virtual Memory: svmem(total=12635017216, available=1473507328, percent=88.3, used=11161509888, free=1473507328)
2024-03-29 12:27:41,455 [INFO] automation screenshot logged as: C:\Users\Thanusha Kotaprolu\Automation Projects\cognine-crm-automation\RunExecutionScripts\common\logs\screenshots\test_crm_bulk_email_page_smoke_test__fail291227410960.png
2024-03-29 12:27:41,457 [ERROR] automation Test failed.
