2025-02-08 21:53:30,668 [INFO] automation Navigating to the https://chorusdev.cogninelabs.com/
2025-02-08 21:53:33,871 [ERROR] automation Element located by i0116 is not present. Message: no such element: Unable to locate element: {"method":"css selector","selector":"[id="i0116"]"}
  (Session info: chrome=133.0.6943.59); For documentation on this error, please visit: https://www.selenium.dev/documentation/webdriver/troubleshooting/errors#no-such-element-exception
Stacktrace:
	GetHandleVerifier [0x00007FF7B7712EC5+28789]
	(No symbol) [0x00007FF7B767F870]
	(No symbol) [0x00007FF7B7518F9A]
	(No symbol) [0x00007FF7B756F236]
	(No symbol) [0x00007FF7B756F46C]
	(No symbol) [0x00007FF7B75C29F7]
	(No symbol) [0x00007FF7B759725F]
	(No symbol) [0x00007FF7B75BF6C3]
	(No symbol) [0x00007FF7B7596FF3]
	(No symbol) [0x00007FF7B755FF0E]
	(No symbol) [0x00007FF7B7561193]
	GetHandleVerifier [0x00007FF7B7A5D5FD+3479469]
	GetHandleVerifier [0x00007FF7B7A771A3+3584851]
	GetHandleVerifier [0x00007FF7B7A6C44D+3540477]
	GetHandleVerifier [0x00007FF7B77D8B6A+838938]
	(No symbol) [0x00007FF7B768A4EF]
	(No symbol) [0x00007FF7B7686954]
	(No symbol) [0x00007FF7B7686AF6]
	(No symbol) [0x00007FF7B7676499]
	BaseThreadInitThunk [0x00007FFC615A7374+20]
	RtlUserThreadStart [0x00007FFC6263CC91+33]

2025-02-08 21:53:33,931 [ERROR] automation Element located by i0116 is not present. Message: no such element: Unable to locate element: {"method":"css selector","selector":"[id="i0116"]"}
  (Session info: chrome=133.0.6943.59); For documentation on this error, please visit: https://www.selenium.dev/documentation/webdriver/troubleshooting/errors#no-such-element-exception
Stacktrace:
	GetHandleVerifier [0x00007FF7B7712EC5+28789]
	(No symbol) [0x00007FF7B767F870]
	(No symbol) [0x00007FF7B7518F9A]
	(No symbol) [0x00007FF7B756F236]
	(No symbol) [0x00007FF7B756F46C]
	(No symbol) [0x00007FF7B75C29F7]
	(No symbol) [0x00007FF7B759725F]
	(No symbol) [0x00007FF7B75BF6C3]
	(No symbol) [0x00007FF7B7596FF3]
	(No symbol) [0x00007FF7B755FF0E]
	(No symbol) [0x00007FF7B7561193]
	GetHandleVerifier [0x00007FF7B7A5D5FD+3479469]
	GetHandleVerifier [0x00007FF7B7A771A3+3584851]
	GetHandleVerifier [0x00007FF7B7A6C44D+3540477]
	GetHandleVerifier [0x00007FF7B77D8B6A+838938]
	(No symbol) [0x00007FF7B768A4EF]
	(No symbol) [0x00007FF7B7686954]
	(No symbol) [0x00007FF7B7686AF6]
	(No symbol) [0x00007FF7B7676499]
	BaseThreadInitThunk [0x00007FFC615A7374+20]
	RtlUserThreadStart [0x00007FFC6263CC91+33]

2025-02-08 21:53:33,996 [ERROR] automation Element located by i0116 is not present. Message: no such element: Unable to locate element: {"method":"css selector","selector":"[id="i0116"]"}
  (Session info: chrome=133.0.6943.59); For documentation on this error, please visit: https://www.selenium.dev/documentation/webdriver/troubleshooting/errors#no-such-element-exception
Stacktrace:
	GetHandleVerifier [0x00007FF7B7712EC5+28789]
	(No symbol) [0x00007FF7B767F870]
	(No symbol) [0x00007FF7B7518F9A]
	(No symbol) [0x00007FF7B756F236]
	(No symbol) [0x00007FF7B756F46C]
	(No symbol) [0x00007FF7B75C29F7]
	(No symbol) [0x00007FF7B759725F]
	(No symbol) [0x00007FF7B75BF6C3]
	(No symbol) [0x00007FF7B7596FF3]
	(No symbol) [0x00007FF7B755FF0E]
	(No symbol) [0x00007FF7B7561193]
	GetHandleVerifier [0x00007FF7B7A5D5FD+3479469]
	GetHandleVerifier [0x00007FF7B7A771A3+3584851]
	GetHandleVerifier [0x00007FF7B7A6C44D+3540477]
	GetHandleVerifier [0x00007FF7B77D8B6A+838938]
	(No symbol) [0x00007FF7B768A4EF]
	(No symbol) [0x00007FF7B7686954]
	(No symbol) [0x00007FF7B7686AF6]
	(No symbol) [0x00007FF7B7676499]
	BaseThreadInitThunk [0x00007FFC615A7374+20]
	RtlUserThreadStart [0x00007FFC6263CC91+33]

2025-02-08 21:53:34,058 [ERROR] automation Element located by i0116 is not present. Message: no such element: Unable to locate element: {"method":"css selector","selector":"[id="i0116"]"}
  (Session info: chrome=133.0.6943.59); For documentation on this error, please visit: https://www.selenium.dev/documentation/webdriver/troubleshooting/errors#no-such-element-exception
Stacktrace:
	GetHandleVerifier [0x00007FF7B7712EC5+28789]
	(No symbol) [0x00007FF7B767F870]
	(No symbol) [0x00007FF7B7518F9A]
	(No symbol) [0x00007FF7B756F236]
	(No symbol) [0x00007FF7B756F46C]
	(No symbol) [0x00007FF7B75C29F7]
	(No symbol) [0x00007FF7B759725F]
	(No symbol) [0x00007FF7B75BF6C3]
	(No symbol) [0x00007FF7B7596FF3]
	(No symbol) [0x00007FF7B755FF0E]
	(No symbol) [0x00007FF7B7561193]
	GetHandleVerifier [0x00007FF7B7A5D5FD+3479469]
	GetHandleVerifier [0x00007FF7B7A771A3+3584851]
	GetHandleVerifier [0x00007FF7B7A6C44D+3540477]
	GetHandleVerifier [0x00007FF7B77D8B6A+838938]
	(No symbol) [0x00007FF7B768A4EF]
	(No symbol) [0x00007FF7B7686954]
	(No symbol) [0x00007FF7B7686AF6]
	(No symbol) [0x00007FF7B7676499]
	BaseThreadInitThunk [0x00007FFC615A7374+20]
	RtlUserThreadStart [0x00007FFC6263CC91+33]

2025-02-08 21:53:34,120 [ERROR] automation Element located by i0116 is not present. Message: no such element: Unable to locate element: {"method":"css selector","selector":"[id="i0116"]"}
  (Session info: chrome=133.0.6943.59); For documentation on this error, please visit: https://www.selenium.dev/documentation/webdriver/troubleshooting/errors#no-such-element-exception
Stacktrace:
	GetHandleVerifier [0x00007FF7B7712EC5+28789]
	(No symbol) [0x00007FF7B767F870]
	(No symbol) [0x00007FF7B7518F9A]
	(No symbol) [0x00007FF7B756F236]
	(No symbol) [0x00007FF7B756F46C]
	(No symbol) [0x00007FF7B75C29F7]
	(No symbol) [0x00007FF7B759725F]
	(No symbol) [0x00007FF7B75BF6C3]
	(No symbol) [0x00007FF7B7596FF3]
	(No symbol) [0x00007FF7B755FF0E]
	(No symbol) [0x00007FF7B7561193]
	GetHandleVerifier [0x00007FF7B7A5D5FD+3479469]
	GetHandleVerifier [0x00007FF7B7A771A3+3584851]
	GetHandleVerifier [0x00007FF7B7A6C44D+3540477]
	GetHandleVerifier [0x00007FF7B77D8B6A+838938]
	(No symbol) [0x00007FF7B768A4EF]
	(No symbol) [0x00007FF7B7686954]
	(No symbol) [0x00007FF7B7686AF6]
	(No symbol) [0x00007FF7B7676499]
	BaseThreadInitThunk [0x00007FFC615A7374+20]
	RtlUserThreadStart [0x00007FFC6263CC91+33]

2025-02-08 21:53:34,784 [ERROR] automation Element located by i0116 is not present. Message: no such element: Unable to locate element: {"method":"css selector","selector":"[id="i0116"]"}
  (Session info: chrome=133.0.6943.59); For documentation on this error, please visit: https://www.selenium.dev/documentation/webdriver/troubleshooting/errors#no-such-element-exception
Stacktrace:
	GetHandleVerifier [0x00007FF7B7712EC5+28789]
	(No symbol) [0x00007FF7B767F870]
	(No symbol) [0x00007FF7B7518F9A]
	(No symbol) [0x00007FF7B756F236]
	(No symbol) [0x00007FF7B756F46C]
	(No symbol) [0x00007FF7B75C29F7]
	(No symbol) [0x00007FF7B759725F]
	(No symbol) [0x00007FF7B75BF6C3]
	(No symbol) [0x00007FF7B7596FF3]
	(No symbol) [0x00007FF7B755FF0E]
	(No symbol) [0x00007FF7B7561193]
	GetHandleVerifier [0x00007FF7B7A5D5FD+3479469]
	GetHandleVerifier [0x00007FF7B7A771A3+3584851]
	GetHandleVerifier [0x00007FF7B7A6C44D+3540477]
	GetHandleVerifier [0x00007FF7B77D8B6A+838938]
	(No symbol) [0x00007FF7B768A4EF]
	(No symbol) [0x00007FF7B7686954]
	(No symbol) [0x00007FF7B7686AF6]
	(No symbol) [0x00007FF7B7676499]
	BaseThreadInitThunk [0x00007FFC615A7374+20]
	RtlUserThreadStart [0x00007FFC6263CC91+33]

2025-02-08 21:53:34,843 [INFO] automation Element located by i0116 is present.
2025-02-08 21:53:42,255 [INFO] automation Element located by //div[@class='logo'] is present.
2025-02-08 21:53:45,435 [INFO] automation Element located by //input[@placeholder='Select Project'] is present.
2025-02-08 21:53:45,441 [INFO] automation Element located by //input[@placeholder='Select Project'] is present.
