2024-03-15 17:24:01,280 [INFO] automation Test has started.
2024-03-15 17:24:01,280 [INFO] automation Navigating to the https://chorusqa.cogninelabs.com/
2024-03-15 17:24:06,216 [ERROR] automation Element located by i0116 is not present. Message: no such element: Unable to locate element: {"method":"css selector","selector":"[id="i0116"]"}
  (Session info: chrome=122.0.6261.129); For documentation on this error, please visit: https://www.selenium.dev/documentation/webdriver/troubleshooting/errors#no-such-element-exception
Stacktrace:
	GetHandleVerifier [0x00007FF74B39AD02+56930]
	(No symbol) [0x00007FF74B30F602]
	(No symbol) [0x00007FF74B1C42E5]
	(No symbol) [0x00007FF74B2098ED]
	(No symbol) [0x00007FF74B209A2C]
	(No symbol) [0x00007FF74B24A967]
	(No symbol) [0x00007FF74B22BCDF]
	(No symbol) [0x00007FF74B2481E2]
	(No symbol) [0x00007FF74B22BA43]
	(No symbol) [0x00007FF74B1FD438]
	(No symbol) [0x00007FF74B1FE4D1]
	GetHandleVerifier [0x00007FF74B716F8D+3711213]
	GetHandleVerifier [0x00007FF74B7704CD+4077101]
	GetHandleVerifier [0x00007FF74B76865F+4044735]
	GetHandleVerifier [0x00007FF74B439736+706710]
	(No symbol) [0x00007FF74B31B8DF]
	(No symbol) [0x00007FF74B316AC4]
	(No symbol) [0x00007FF74B316C1C]
	(No symbol) [0x00007FF74B3068D4]
	BaseThreadInitThunk [0x00007FFC367A257D+29]
	RtlUserThreadStart [0x00007FFC3736AA58+40]

2024-03-15 17:24:06,288 [ERROR] automation Element located by i0116 is not present. Message: no such element: Unable to locate element: {"method":"css selector","selector":"[id="i0116"]"}
  (Session info: chrome=122.0.6261.129); For documentation on this error, please visit: https://www.selenium.dev/documentation/webdriver/troubleshooting/errors#no-such-element-exception
Stacktrace:
	GetHandleVerifier [0x00007FF74B39AD02+56930]
	(No symbol) [0x00007FF74B30F602]
	(No symbol) [0x00007FF74B1C42E5]
	(No symbol) [0x00007FF74B2098ED]
	(No symbol) [0x00007FF74B209A2C]
	(No symbol) [0x00007FF74B24A967]
	(No symbol) [0x00007FF74B22BCDF]
	(No symbol) [0x00007FF74B2481E2]
	(No symbol) [0x00007FF74B22BA43]
	(No symbol) [0x00007FF74B1FD438]
	(No symbol) [0x00007FF74B1FE4D1]
	GetHandleVerifier [0x00007FF74B716F8D+3711213]
	GetHandleVerifier [0x00007FF74B7704CD+4077101]
	GetHandleVerifier [0x00007FF74B76865F+4044735]
	GetHandleVerifier [0x00007FF74B439736+706710]
	(No symbol) [0x00007FF74B31B8DF]
	(No symbol) [0x00007FF74B316AC4]
	(No symbol) [0x00007FF74B316C1C]
	(No symbol) [0x00007FF74B3068D4]
	BaseThreadInitThunk [0x00007FFC367A257D+29]
	RtlUserThreadStart [0x00007FFC3736AA58+40]

2024-03-15 17:24:06,354 [ERROR] automation Element located by i0116 is not present. Message: no such element: Unable to locate element: {"method":"css selector","selector":"[id="i0116"]"}
  (Session info: chrome=122.0.6261.129); For documentation on this error, please visit: https://www.selenium.dev/documentation/webdriver/troubleshooting/errors#no-such-element-exception
Stacktrace:
	GetHandleVerifier [0x00007FF74B39AD02+56930]
	(No symbol) [0x00007FF74B30F602]
	(No symbol) [0x00007FF74B1C42E5]
	(No symbol) [0x00007FF74B2098ED]
	(No symbol) [0x00007FF74B209A2C]
	(No symbol) [0x00007FF74B24A967]
	(No symbol) [0x00007FF74B22BCDF]
	(No symbol) [0x00007FF74B2481E2]
	(No symbol) [0x00007FF74B22BA43]
	(No symbol) [0x00007FF74B1FD438]
	(No symbol) [0x00007FF74B1FE4D1]
	GetHandleVerifier [0x00007FF74B716F8D+3711213]
	GetHandleVerifier [0x00007FF74B7704CD+4077101]
	GetHandleVerifier [0x00007FF74B76865F+4044735]
	GetHandleVerifier [0x00007FF74B439736+706710]
	(No symbol) [0x00007FF74B31B8DF]
	(No symbol) [0x00007FF74B316AC4]
	(No symbol) [0x00007FF74B316C1C]
	(No symbol) [0x00007FF74B3068D4]
	BaseThreadInitThunk [0x00007FFC367A257D+29]
	RtlUserThreadStart [0x00007FFC3736AA58+40]

2024-03-15 17:24:06,422 [ERROR] automation Element located by i0116 is not present. Message: no such element: Unable to locate element: {"method":"css selector","selector":"[id="i0116"]"}
  (Session info: chrome=122.0.6261.129); For documentation on this error, please visit: https://www.selenium.dev/documentation/webdriver/troubleshooting/errors#no-such-element-exception
Stacktrace:
	GetHandleVerifier [0x00007FF74B39AD02+56930]
	(No symbol) [0x00007FF74B30F602]
	(No symbol) [0x00007FF74B1C42E5]
	(No symbol) [0x00007FF74B2098ED]
	(No symbol) [0x00007FF74B209A2C]
	(No symbol) [0x00007FF74B24A967]
	(No symbol) [0x00007FF74B22BCDF]
	(No symbol) [0x00007FF74B2481E2]
	(No symbol) [0x00007FF74B22BA43]
	(No symbol) [0x00007FF74B1FD438]
	(No symbol) [0x00007FF74B1FE4D1]
	GetHandleVerifier [0x00007FF74B716F8D+3711213]
	GetHandleVerifier [0x00007FF74B7704CD+4077101]
	GetHandleVerifier [0x00007FF74B76865F+4044735]
	GetHandleVerifier [0x00007FF74B439736+706710]
	(No symbol) [0x00007FF74B31B8DF]
	(No symbol) [0x00007FF74B316AC4]
	(No symbol) [0x00007FF74B316C1C]
	(No symbol) [0x00007FF74B3068D4]
	BaseThreadInitThunk [0x00007FFC367A257D+29]
	RtlUserThreadStart [0x00007FFC3736AA58+40]

2024-03-15 17:24:06,491 [ERROR] automation Element located by i0116 is not present. Message: no such element: Unable to locate element: {"method":"css selector","selector":"[id="i0116"]"}
  (Session info: chrome=122.0.6261.129); For documentation on this error, please visit: https://www.selenium.dev/documentation/webdriver/troubleshooting/errors#no-such-element-exception
Stacktrace:
	GetHandleVerifier [0x00007FF74B39AD02+56930]
	(No symbol) [0x00007FF74B30F602]
	(No symbol) [0x00007FF74B1C42E5]
	(No symbol) [0x00007FF74B2098ED]
	(No symbol) [0x00007FF74B209A2C]
	(No symbol) [0x00007FF74B24A967]
	(No symbol) [0x00007FF74B22BCDF]
	(No symbol) [0x00007FF74B2481E2]
	(No symbol) [0x00007FF74B22BA43]
	(No symbol) [0x00007FF74B1FD438]
	(No symbol) [0x00007FF74B1FE4D1]
	GetHandleVerifier [0x00007FF74B716F8D+3711213]
	GetHandleVerifier [0x00007FF74B7704CD+4077101]
	GetHandleVerifier [0x00007FF74B76865F+4044735]
	GetHandleVerifier [0x00007FF74B439736+706710]
	(No symbol) [0x00007FF74B31B8DF]
	(No symbol) [0x00007FF74B316AC4]
	(No symbol) [0x00007FF74B316C1C]
	(No symbol) [0x00007FF74B3068D4]
	BaseThreadInitThunk [0x00007FFC367A257D+29]
	RtlUserThreadStart [0x00007FFC3736AA58+40]

2024-03-15 17:24:06,558 [ERROR] automation Element located by i0116 is not present. Message: no such element: Unable to locate element: {"method":"css selector","selector":"[id="i0116"]"}
  (Session info: chrome=122.0.6261.129); For documentation on this error, please visit: https://www.selenium.dev/documentation/webdriver/troubleshooting/errors#no-such-element-exception
Stacktrace:
	GetHandleVerifier [0x00007FF74B39AD02+56930]
	(No symbol) [0x00007FF74B30F602]
	(No symbol) [0x00007FF74B1C42E5]
	(No symbol) [0x00007FF74B2098ED]
	(No symbol) [0x00007FF74B209A2C]
	(No symbol) [0x00007FF74B24A967]
	(No symbol) [0x00007FF74B22BCDF]
	(No symbol) [0x00007FF74B2481E2]
	(No symbol) [0x00007FF74B22BA43]
	(No symbol) [0x00007FF74B1FD438]
	(No symbol) [0x00007FF74B1FE4D1]
	GetHandleVerifier [0x00007FF74B716F8D+3711213]
	GetHandleVerifier [0x00007FF74B7704CD+4077101]
	GetHandleVerifier [0x00007FF74B76865F+4044735]
	GetHandleVerifier [0x00007FF74B439736+706710]
	(No symbol) [0x00007FF74B31B8DF]
	(No symbol) [0x00007FF74B316AC4]
	(No symbol) [0x00007FF74B316C1C]
	(No symbol) [0x00007FF74B3068D4]
	BaseThreadInitThunk [0x00007FFC367A257D+29]
	RtlUserThreadStart [0x00007FFC3736AA58+40]

2024-03-15 17:24:07,329 [ERROR] automation Element located by i0116 is not present. Message: no such element: Unable to locate element: {"method":"css selector","selector":"[id="i0116"]"}
  (Session info: chrome=122.0.6261.129); For documentation on this error, please visit: https://www.selenium.dev/documentation/webdriver/troubleshooting/errors#no-such-element-exception
Stacktrace:
	GetHandleVerifier [0x00007FF74B39AD02+56930]
	(No symbol) [0x00007FF74B30F602]
	(No symbol) [0x00007FF74B1C42E5]
	(No symbol) [0x00007FF74B2098ED]
	(No symbol) [0x00007FF74B209A2C]
	(No symbol) [0x00007FF74B24A967]
	(No symbol) [0x00007FF74B22BCDF]
	(No symbol) [0x00007FF74B2481E2]
	(No symbol) [0x00007FF74B22BA43]
	(No symbol) [0x00007FF74B1FD438]
	(No symbol) [0x00007FF74B1FE4D1]
	GetHandleVerifier [0x00007FF74B716F8D+3711213]
	GetHandleVerifier [0x00007FF74B7704CD+4077101]
	GetHandleVerifier [0x00007FF74B76865F+4044735]
	GetHandleVerifier [0x00007FF74B439736+706710]
	(No symbol) [0x00007FF74B31B8DF]
	(No symbol) [0x00007FF74B316AC4]
	(No symbol) [0x00007FF74B316C1C]
	(No symbol) [0x00007FF74B3068D4]
	BaseThreadInitThunk [0x00007FFC367A257D+29]
	RtlUserThreadStart [0x00007FFC3736AA58+40]

2024-03-15 17:24:07,397 [ERROR] automation Element located by i0116 is not present. Message: no such element: Unable to locate element: {"method":"css selector","selector":"[id="i0116"]"}
  (Session info: chrome=122.0.6261.129); For documentation on this error, please visit: https://www.selenium.dev/documentation/webdriver/troubleshooting/errors#no-such-element-exception
Stacktrace:
	GetHandleVerifier [0x00007FF74B39AD02+56930]
	(No symbol) [0x00007FF74B30F602]
	(No symbol) [0x00007FF74B1C42E5]
	(No symbol) [0x00007FF74B2098ED]
	(No symbol) [0x00007FF74B209A2C]
	(No symbol) [0x00007FF74B24A967]
	(No symbol) [0x00007FF74B22BCDF]
	(No symbol) [0x00007FF74B2481E2]
	(No symbol) [0x00007FF74B22BA43]
	(No symbol) [0x00007FF74B1FD438]
	(No symbol) [0x00007FF74B1FE4D1]
	GetHandleVerifier [0x00007FF74B716F8D+3711213]
	GetHandleVerifier [0x00007FF74B7704CD+4077101]
	GetHandleVerifier [0x00007FF74B76865F+4044735]
	GetHandleVerifier [0x00007FF74B439736+706710]
	(No symbol) [0x00007FF74B31B8DF]
	(No symbol) [0x00007FF74B316AC4]
	(No symbol) [0x00007FF74B316C1C]
	(No symbol) [0x00007FF74B3068D4]
	BaseThreadInitThunk [0x00007FFC367A257D+29]
	RtlUserThreadStart [0x00007FFC3736AA58+40]

2024-03-15 17:24:07,465 [ERROR] automation Element located by i0116 is not present. Message: no such element: Unable to locate element: {"method":"css selector","selector":"[id="i0116"]"}
  (Session info: chrome=122.0.6261.129); For documentation on this error, please visit: https://www.selenium.dev/documentation/webdriver/troubleshooting/errors#no-such-element-exception
Stacktrace:
	GetHandleVerifier [0x00007FF74B39AD02+56930]
	(No symbol) [0x00007FF74B30F602]
	(No symbol) [0x00007FF74B1C42E5]
	(No symbol) [0x00007FF74B2098ED]
	(No symbol) [0x00007FF74B209A2C]
	(No symbol) [0x00007FF74B24A967]
	(No symbol) [0x00007FF74B22BCDF]
	(No symbol) [0x00007FF74B2481E2]
	(No symbol) [0x00007FF74B22BA43]
	(No symbol) [0x00007FF74B1FD438]
	(No symbol) [0x00007FF74B1FE4D1]
	GetHandleVerifier [0x00007FF74B716F8D+3711213]
	GetHandleVerifier [0x00007FF74B7704CD+4077101]
	GetHandleVerifier [0x00007FF74B76865F+4044735]
	GetHandleVerifier [0x00007FF74B439736+706710]
	(No symbol) [0x00007FF74B31B8DF]
	(No symbol) [0x00007FF74B316AC4]
	(No symbol) [0x00007FF74B316C1C]
	(No symbol) [0x00007FF74B3068D4]
	BaseThreadInitThunk [0x00007FFC367A257D+29]
	RtlUserThreadStart [0x00007FFC3736AA58+40]

2024-03-15 17:24:07,532 [ERROR] automation Element located by i0116 is not present. Message: no such element: Unable to locate element: {"method":"css selector","selector":"[id="i0116"]"}
  (Session info: chrome=122.0.6261.129); For documentation on this error, please visit: https://www.selenium.dev/documentation/webdriver/troubleshooting/errors#no-such-element-exception
Stacktrace:
	GetHandleVerifier [0x00007FF74B39AD02+56930]
	(No symbol) [0x00007FF74B30F602]
	(No symbol) [0x00007FF74B1C42E5]
	(No symbol) [0x00007FF74B2098ED]
	(No symbol) [0x00007FF74B209A2C]
	(No symbol) [0x00007FF74B24A967]
	(No symbol) [0x00007FF74B22BCDF]
	(No symbol) [0x00007FF74B2481E2]
	(No symbol) [0x00007FF74B22BA43]
	(No symbol) [0x00007FF74B1FD438]
	(No symbol) [0x00007FF74B1FE4D1]
	GetHandleVerifier [0x00007FF74B716F8D+3711213]
	GetHandleVerifier [0x00007FF74B7704CD+4077101]
	GetHandleVerifier [0x00007FF74B76865F+4044735]
	GetHandleVerifier [0x00007FF74B439736+706710]
	(No symbol) [0x00007FF74B31B8DF]
	(No symbol) [0x00007FF74B316AC4]
	(No symbol) [0x00007FF74B316C1C]
	(No symbol) [0x00007FF74B3068D4]
	BaseThreadInitThunk [0x00007FFC367A257D+29]
	RtlUserThreadStart [0x00007FFC3736AA58+40]

2024-03-15 17:24:07,627 [ERROR] automation Element located by i0116 is not present. Message: no such element: Unable to locate element: {"method":"css selector","selector":"[id="i0116"]"}
  (Session info: chrome=122.0.6261.129); For documentation on this error, please visit: https://www.selenium.dev/documentation/webdriver/troubleshooting/errors#no-such-element-exception
Stacktrace:
	GetHandleVerifier [0x00007FF74B39AD02+56930]
	(No symbol) [0x00007FF74B30F602]
	(No symbol) [0x00007FF74B1C42E5]
	(No symbol) [0x00007FF74B2098ED]
	(No symbol) [0x00007FF74B209A2C]
	(No symbol) [0x00007FF74B24A967]
	(No symbol) [0x00007FF74B22BCDF]
	(No symbol) [0x00007FF74B2481E2]
	(No symbol) [0x00007FF74B22BA43]
	(No symbol) [0x00007FF74B1FD438]
	(No symbol) [0x00007FF74B1FE4D1]
	GetHandleVerifier [0x00007FF74B716F8D+3711213]
	GetHandleVerifier [0x00007FF74B7704CD+4077101]
	GetHandleVerifier [0x00007FF74B76865F+4044735]
	GetHandleVerifier [0x00007FF74B439736+706710]
	(No symbol) [0x00007FF74B31B8DF]
	(No symbol) [0x00007FF74B316AC4]
	(No symbol) [0x00007FF74B316C1C]
	(No symbol) [0x00007FF74B3068D4]
	BaseThreadInitThunk [0x00007FFC367A257D+29]
	RtlUserThreadStart [0x00007FFC3736AA58+40]

2024-03-15 17:24:07,692 [ERROR] automation Element located by i0116 is not present. Message: no such element: Unable to locate element: {"method":"css selector","selector":"[id="i0116"]"}
  (Session info: chrome=122.0.6261.129); For documentation on this error, please visit: https://www.selenium.dev/documentation/webdriver/troubleshooting/errors#no-such-element-exception
Stacktrace:
	GetHandleVerifier [0x00007FF74B39AD02+56930]
	(No symbol) [0x00007FF74B30F602]
	(No symbol) [0x00007FF74B1C42E5]
	(No symbol) [0x00007FF74B2098ED]
	(No symbol) [0x00007FF74B209A2C]
	(No symbol) [0x00007FF74B24A967]
	(No symbol) [0x00007FF74B22BCDF]
	(No symbol) [0x00007FF74B2481E2]
	(No symbol) [0x00007FF74B22BA43]
	(No symbol) [0x00007FF74B1FD438]
	(No symbol) [0x00007FF74B1FE4D1]
	GetHandleVerifier [0x00007FF74B716F8D+3711213]
	GetHandleVerifier [0x00007FF74B7704CD+4077101]
	GetHandleVerifier [0x00007FF74B76865F+4044735]
	GetHandleVerifier [0x00007FF74B439736+706710]
	(No symbol) [0x00007FF74B31B8DF]
	(No symbol) [0x00007FF74B316AC4]
	(No symbol) [0x00007FF74B316C1C]
	(No symbol) [0x00007FF74B3068D4]
	BaseThreadInitThunk [0x00007FFC367A257D+29]
	RtlUserThreadStart [0x00007FFC3736AA58+40]

2024-03-15 17:24:07,760 [ERROR] automation Element located by i0116 is not present. Message: no such element: Unable to locate element: {"method":"css selector","selector":"[id="i0116"]"}
  (Session info: chrome=122.0.6261.129); For documentation on this error, please visit: https://www.selenium.dev/documentation/webdriver/troubleshooting/errors#no-such-element-exception
Stacktrace:
	GetHandleVerifier [0x00007FF74B39AD02+56930]
	(No symbol) [0x00007FF74B30F602]
	(No symbol) [0x00007FF74B1C42E5]
	(No symbol) [0x00007FF74B2098ED]
	(No symbol) [0x00007FF74B209A2C]
	(No symbol) [0x00007FF74B24A967]
	(No symbol) [0x00007FF74B22BCDF]
	(No symbol) [0x00007FF74B2481E2]
	(No symbol) [0x00007FF74B22BA43]
	(No symbol) [0x00007FF74B1FD438]
	(No symbol) [0x00007FF74B1FE4D1]
	GetHandleVerifier [0x00007FF74B716F8D+3711213]
	GetHandleVerifier [0x00007FF74B7704CD+4077101]
	GetHandleVerifier [0x00007FF74B76865F+4044735]
	GetHandleVerifier [0x00007FF74B439736+706710]
	(No symbol) [0x00007FF74B31B8DF]
	(No symbol) [0x00007FF74B316AC4]
	(No symbol) [0x00007FF74B316C1C]
	(No symbol) [0x00007FF74B3068D4]
	BaseThreadInitThunk [0x00007FFC367A257D+29]
	RtlUserThreadStart [0x00007FFC3736AA58+40]

2024-03-15 17:24:07,997 [INFO] automation Element located by i0116 is present.
2024-03-15 17:24:15,621 [INFO] automation Element located by //div[@class='logo'] is present.
2024-03-15 17:24:33,869 [ERROR] automation Element located by //div[@class='tableFixHead']/table/tbody/tr[contains(@class,'even_col')][1] is not present. Message: no such element: Unable to locate element: {"method":"xpath","selector":"//div[@class='tableFixHead']/table/tbody/tr[contains(@class,'even_col')][1]"}
  (Session info: chrome=122.0.6261.129); For documentation on this error, please visit: https://www.selenium.dev/documentation/webdriver/troubleshooting/errors#no-such-element-exception
Stacktrace:
	GetHandleVerifier [0x00007FF74B39AD02+56930]
	(No symbol) [0x00007FF74B30F602]
	(No symbol) [0x00007FF74B1C42E5]
	(No symbol) [0x00007FF74B2098ED]
	(No symbol) [0x00007FF74B209A2C]
	(No symbol) [0x00007FF74B24A967]
	(No symbol) [0x00007FF74B22BCDF]
	(No symbol) [0x00007FF74B2481E2]
	(No symbol) [0x00007FF74B22BA43]
	(No symbol) [0x00007FF74B1FD438]
	(No symbol) [0x00007FF74B1FE4D1]
	GetHandleVerifier [0x00007FF74B716F8D+3711213]
	GetHandleVerifier [0x00007FF74B7704CD+4077101]
	GetHandleVerifier [0x00007FF74B76865F+4044735]
	GetHandleVerifier [0x00007FF74B439736+706710]
	(No symbol) [0x00007FF74B31B8DF]
	(No symbol) [0x00007FF74B316AC4]
	(No symbol) [0x00007FF74B316C1C]
	(No symbol) [0x00007FF74B3068D4]
	BaseThreadInitThunk [0x00007FFC367A257D+29]
	RtlUserThreadStart [0x00007FFC3736AA58+40]

2024-03-15 17:24:33,984 [INFO] automation Element located by //div[@class='tableFixHead']/table/tbody/tr[contains(@class,'even_col')][1] is present.
2024-03-15 17:24:38,531 [INFO] automation Element located by notes is present.
2024-03-15 17:24:38,544 [INFO] automation Element located by notes is present.
2024-03-15 17:24:40,363 [ERROR] automation Element located by //div[@role='alert' and contains(text(),'success') or contains(text(),'Success')] is not present. Message: no such element: Unable to locate element: {"method":"xpath","selector":"//div[@role='alert' and contains(text(),'success') or contains(text(),'Success')]"}
  (Session info: chrome=122.0.6261.129); For documentation on this error, please visit: https://www.selenium.dev/documentation/webdriver/troubleshooting/errors#no-such-element-exception
Stacktrace:
	GetHandleVerifier [0x00007FF74B39AD02+56930]
	(No symbol) [0x00007FF74B30F602]
	(No symbol) [0x00007FF74B1C42E5]
	(No symbol) [0x00007FF74B2098ED]
	(No symbol) [0x00007FF74B209A2C]
	(No symbol) [0x00007FF74B24A967]
	(No symbol) [0x00007FF74B22BCDF]
	(No symbol) [0x00007FF74B2481E2]
	(No symbol) [0x00007FF74B22BA43]
	(No symbol) [0x00007FF74B1FD438]
	(No symbol) [0x00007FF74B1FE4D1]
	GetHandleVerifier [0x00007FF74B716F8D+3711213]
	GetHandleVerifier [0x00007FF74B7704CD+4077101]
	GetHandleVerifier [0x00007FF74B76865F+4044735]
	GetHandleVerifier [0x00007FF74B439736+706710]
	(No symbol) [0x00007FF74B31B8DF]
	(No symbol) [0x00007FF74B316AC4]
	(No symbol) [0x00007FF74B316C1C]
	(No symbol) [0x00007FF74B3068D4]
	BaseThreadInitThunk [0x00007FFC367A257D+29]
	RtlUserThreadStart [0x00007FFC3736AA58+40]

2024-03-15 17:24:40,566 [INFO] automation Element located by //div[@role='alert' and contains(text(),'success') or contains(text(),'Success')] is present.
2024-03-15 17:24:45,171 [INFO] automation Element located by firstname is present.
2024-03-15 17:24:46,733 [ERROR] automation Element located by //div[@role='alert' and contains(text(),'success') or contains(text(),'Success')] is not present. Message: no such element: Unable to locate element: {"method":"xpath","selector":"//div[@role='alert' and contains(text(),'success') or contains(text(),'Success')]"}
  (Session info: chrome=122.0.6261.129); For documentation on this error, please visit: https://www.selenium.dev/documentation/webdriver/troubleshooting/errors#no-such-element-exception
Stacktrace:
	GetHandleVerifier [0x00007FF74B39AD02+56930]
	(No symbol) [0x00007FF74B30F602]
	(No symbol) [0x00007FF74B1C42E5]
	(No symbol) [0x00007FF74B2098ED]
	(No symbol) [0x00007FF74B209A2C]
	(No symbol) [0x00007FF74B24A967]
	(No symbol) [0x00007FF74B22BCDF]
	(No symbol) [0x00007FF74B2481E2]
	(No symbol) [0x00007FF74B22BA43]
	(No symbol) [0x00007FF74B1FD438]
	(No symbol) [0x00007FF74B1FE4D1]
	GetHandleVerifier [0x00007FF74B716F8D+3711213]
	GetHandleVerifier [0x00007FF74B7704CD+4077101]
	GetHandleVerifier [0x00007FF74B76865F+4044735]
	GetHandleVerifier [0x00007FF74B439736+706710]
	(No symbol) [0x00007FF74B31B8DF]
	(No symbol) [0x00007FF74B316AC4]
	(No symbol) [0x00007FF74B316C1C]
	(No symbol) [0x00007FF74B3068D4]
	BaseThreadInitThunk [0x00007FFC367A257D+29]
	RtlUserThreadStart [0x00007FFC3736AA58+40]

2024-03-15 17:24:46,804 [ERROR] automation Element located by //div[@role='alert' and contains(text(),'success') or contains(text(),'Success')] is not present. Message: no such element: Unable to locate element: {"method":"xpath","selector":"//div[@role='alert' and contains(text(),'success') or contains(text(),'Success')]"}
  (Session info: chrome=122.0.6261.129); For documentation on this error, please visit: https://www.selenium.dev/documentation/webdriver/troubleshooting/errors#no-such-element-exception
Stacktrace:
	GetHandleVerifier [0x00007FF74B39AD02+56930]
	(No symbol) [0x00007FF74B30F602]
	(No symbol) [0x00007FF74B1C42E5]
	(No symbol) [0x00007FF74B2098ED]
	(No symbol) [0x00007FF74B209A2C]
	(No symbol) [0x00007FF74B24A967]
	(No symbol) [0x00007FF74B22BCDF]
	(No symbol) [0x00007FF74B2481E2]
	(No symbol) [0x00007FF74B22BA43]
	(No symbol) [0x00007FF74B1FD438]
	(No symbol) [0x00007FF74B1FE4D1]
	GetHandleVerifier [0x00007FF74B716F8D+3711213]
	GetHandleVerifier [0x00007FF74B7704CD+4077101]
	GetHandleVerifier [0x00007FF74B76865F+4044735]
	GetHandleVerifier [0x00007FF74B439736+706710]
	(No symbol) [0x00007FF74B31B8DF]
	(No symbol) [0x00007FF74B316AC4]
	(No symbol) [0x00007FF74B316C1C]
	(No symbol) [0x00007FF74B3068D4]
	BaseThreadInitThunk [0x00007FFC367A257D+29]
	RtlUserThreadStart [0x00007FFC3736AA58+40]

2024-03-15 17:24:46,896 [INFO] automation Element located by //div[@role='alert' and contains(text(),'success') or contains(text(),'Success')] is present.
2024-03-15 17:24:51,473 [INFO] automation Element located by fname is present.
2024-03-15 17:24:51,482 [INFO] automation Element located by fname is present.
2024-03-15 17:24:51,788 [INFO] automation Element located by //div[@class='tableFixHead']/table/tbody/tr[1]/td[contains(text(),'ContactFirstName151724173dca')] is present.
2024-03-15 17:24:51,788 [INFO] automation Test passed.
