2024-04-03 11:50:25,077 [INFO] automation Test has started.
2024-04-03 11:50:25,078 [INFO] automation Navigating to the https://chorusqa.cogninelabs.com/
2024-04-03 11:50:29,614 [ERROR] automation Element located by i0116 is not present. Message: no such element: Unable to locate element: {"method":"css selector","selector":"[id="i0116"]"}
  (Session info: chrome=122.0.6261.131); For documentation on this error, please visit: https://www.selenium.dev/documentation/webdriver/troubleshooting/errors#no-such-element-exception
Stacktrace:
	GetHandleVerifier [0x00007FF62CADAD02+56930]
	(No symbol) [0x00007FF62CA4F602]
	(No symbol) [0x00007FF62C9042E5]
	(No symbol) [0x00007FF62C9498ED]
	(No symbol) [0x00007FF62C949A2C]
	(No symbol) [0x00007FF62C98A967]
	(No symbol) [0x00007FF62C96BCDF]
	(No symbol) [0x00007FF62C9881E2]
	(No symbol) [0x00007FF62C96BA43]
	(No symbol) [0x00007FF62C93D438]
	(No symbol) [0x00007FF62C93E4D1]
	GetHandleVerifier [0x00007FF62CE56F8D+3711213]
	GetHandleVerifier [0x00007FF62CEB04CD+4077101]
	GetHandleVerifier [0x00007FF62CEA865F+4044735]
	GetHandleVerifier [0x00007FF62CB79736+706710]
	(No symbol) [0x00007FF62CA5B8DF]
	(No symbol) [0x00007FF62CA56AC4]
	(No symbol) [0x00007FF62CA56C1C]
	(No symbol) [0x00007FF62CA468D4]
	BaseThreadInitThunk [0x00007FF9494C257D+29]
	RtlUserThreadStart [0x00007FF94AC4AA58+40]

2024-04-03 11:50:29,682 [ERROR] automation Element located by i0116 is not present. Message: no such element: Unable to locate element: {"method":"css selector","selector":"[id="i0116"]"}
  (Session info: chrome=122.0.6261.131); For documentation on this error, please visit: https://www.selenium.dev/documentation/webdriver/troubleshooting/errors#no-such-element-exception
Stacktrace:
	GetHandleVerifier [0x00007FF62CADAD02+56930]
	(No symbol) [0x00007FF62CA4F602]
	(No symbol) [0x00007FF62C9042E5]
	(No symbol) [0x00007FF62C9498ED]
	(No symbol) [0x00007FF62C949A2C]
	(No symbol) [0x00007FF62C98A967]
	(No symbol) [0x00007FF62C96BCDF]
	(No symbol) [0x00007FF62C9881E2]
	(No symbol) [0x00007FF62C96BA43]
	(No symbol) [0x00007FF62C93D438]
	(No symbol) [0x00007FF62C93E4D1]
	GetHandleVerifier [0x00007FF62CE56F8D+3711213]
	GetHandleVerifier [0x00007FF62CEB04CD+4077101]
	GetHandleVerifier [0x00007FF62CEA865F+4044735]
	GetHandleVerifier [0x00007FF62CB79736+706710]
	(No symbol) [0x00007FF62CA5B8DF]
	(No symbol) [0x00007FF62CA56AC4]
	(No symbol) [0x00007FF62CA56C1C]
	(No symbol) [0x00007FF62CA468D4]
	BaseThreadInitThunk [0x00007FF9494C257D+29]
	RtlUserThreadStart [0x00007FF94AC4AA58+40]

2024-04-03 11:50:29,747 [ERROR] automation Element located by i0116 is not present. Message: no such element: Unable to locate element: {"method":"css selector","selector":"[id="i0116"]"}
  (Session info: chrome=122.0.6261.131); For documentation on this error, please visit: https://www.selenium.dev/documentation/webdriver/troubleshooting/errors#no-such-element-exception
Stacktrace:
	GetHandleVerifier [0x00007FF62CADAD02+56930]
	(No symbol) [0x00007FF62CA4F602]
	(No symbol) [0x00007FF62C9042E5]
	(No symbol) [0x00007FF62C9498ED]
	(No symbol) [0x00007FF62C949A2C]
	(No symbol) [0x00007FF62C98A967]
	(No symbol) [0x00007FF62C96BCDF]
	(No symbol) [0x00007FF62C9881E2]
	(No symbol) [0x00007FF62C96BA43]
	(No symbol) [0x00007FF62C93D438]
	(No symbol) [0x00007FF62C93E4D1]
	GetHandleVerifier [0x00007FF62CE56F8D+3711213]
	GetHandleVerifier [0x00007FF62CEB04CD+4077101]
	GetHandleVerifier [0x00007FF62CEA865F+4044735]
	GetHandleVerifier [0x00007FF62CB79736+706710]
	(No symbol) [0x00007FF62CA5B8DF]
	(No symbol) [0x00007FF62CA56AC4]
	(No symbol) [0x00007FF62CA56C1C]
	(No symbol) [0x00007FF62CA468D4]
	BaseThreadInitThunk [0x00007FF9494C257D+29]
	RtlUserThreadStart [0x00007FF94AC4AA58+40]

2024-04-03 11:50:29,813 [ERROR] automation Element located by i0116 is not present. Message: no such element: Unable to locate element: {"method":"css selector","selector":"[id="i0116"]"}
  (Session info: chrome=122.0.6261.131); For documentation on this error, please visit: https://www.selenium.dev/documentation/webdriver/troubleshooting/errors#no-such-element-exception
Stacktrace:
	GetHandleVerifier [0x00007FF62CADAD02+56930]
	(No symbol) [0x00007FF62CA4F602]
	(No symbol) [0x00007FF62C9042E5]
	(No symbol) [0x00007FF62C9498ED]
	(No symbol) [0x00007FF62C949A2C]
	(No symbol) [0x00007FF62C98A967]
	(No symbol) [0x00007FF62C96BCDF]
	(No symbol) [0x00007FF62C9881E2]
	(No symbol) [0x00007FF62C96BA43]
	(No symbol) [0x00007FF62C93D438]
	(No symbol) [0x00007FF62C93E4D1]
	GetHandleVerifier [0x00007FF62CE56F8D+3711213]
	GetHandleVerifier [0x00007FF62CEB04CD+4077101]
	GetHandleVerifier [0x00007FF62CEA865F+4044735]
	GetHandleVerifier [0x00007FF62CB79736+706710]
	(No symbol) [0x00007FF62CA5B8DF]
	(No symbol) [0x00007FF62CA56AC4]
	(No symbol) [0x00007FF62CA56C1C]
	(No symbol) [0x00007FF62CA468D4]
	BaseThreadInitThunk [0x00007FF9494C257D+29]
	RtlUserThreadStart [0x00007FF94AC4AA58+40]

2024-04-03 11:50:29,873 [ERROR] automation Element located by i0116 is not present. Message: no such element: Unable to locate element: {"method":"css selector","selector":"[id="i0116"]"}
  (Session info: chrome=122.0.6261.131); For documentation on this error, please visit: https://www.selenium.dev/documentation/webdriver/troubleshooting/errors#no-such-element-exception
Stacktrace:
	GetHandleVerifier [0x00007FF62CADAD02+56930]
	(No symbol) [0x00007FF62CA4F602]
	(No symbol) [0x00007FF62C9042E5]
	(No symbol) [0x00007FF62C9498ED]
	(No symbol) [0x00007FF62C949A2C]
	(No symbol) [0x00007FF62C98A967]
	(No symbol) [0x00007FF62C96BCDF]
	(No symbol) [0x00007FF62C9881E2]
	(No symbol) [0x00007FF62C96BA43]
	(No symbol) [0x00007FF62C93D438]
	(No symbol) [0x00007FF62C93E4D1]
	GetHandleVerifier [0x00007FF62CE56F8D+3711213]
	GetHandleVerifier [0x00007FF62CEB04CD+4077101]
	GetHandleVerifier [0x00007FF62CEA865F+4044735]
	GetHandleVerifier [0x00007FF62CB79736+706710]
	(No symbol) [0x00007FF62CA5B8DF]
	(No symbol) [0x00007FF62CA56AC4]
	(No symbol) [0x00007FF62CA56C1C]
	(No symbol) [0x00007FF62CA468D4]
	BaseThreadInitThunk [0x00007FF9494C257D+29]
	RtlUserThreadStart [0x00007FF94AC4AA58+40]

2024-04-03 11:50:29,934 [ERROR] automation Element located by i0116 is not present. Message: no such element: Unable to locate element: {"method":"css selector","selector":"[id="i0116"]"}
  (Session info: chrome=122.0.6261.131); For documentation on this error, please visit: https://www.selenium.dev/documentation/webdriver/troubleshooting/errors#no-such-element-exception
Stacktrace:
	GetHandleVerifier [0x00007FF62CADAD02+56930]
	(No symbol) [0x00007FF62CA4F602]
	(No symbol) [0x00007FF62C9042E5]
	(No symbol) [0x00007FF62C9498ED]
	(No symbol) [0x00007FF62C949A2C]
	(No symbol) [0x00007FF62C98A967]
	(No symbol) [0x00007FF62C96BCDF]
	(No symbol) [0x00007FF62C9881E2]
	(No symbol) [0x00007FF62C96BA43]
	(No symbol) [0x00007FF62C93D438]
	(No symbol) [0x00007FF62C93E4D1]
	GetHandleVerifier [0x00007FF62CE56F8D+3711213]
	GetHandleVerifier [0x00007FF62CEB04CD+4077101]
	GetHandleVerifier [0x00007FF62CEA865F+4044735]
	GetHandleVerifier [0x00007FF62CB79736+706710]
	(No symbol) [0x00007FF62CA5B8DF]
	(No symbol) [0x00007FF62CA56AC4]
	(No symbol) [0x00007FF62CA56C1C]
	(No symbol) [0x00007FF62CA468D4]
	BaseThreadInitThunk [0x00007FF9494C257D+29]
	RtlUserThreadStart [0x00007FF94AC4AA58+40]

2024-04-03 11:50:29,995 [ERROR] automation Element located by i0116 is not present. Message: no such element: Unable to locate element: {"method":"css selector","selector":"[id="i0116"]"}
  (Session info: chrome=122.0.6261.131); For documentation on this error, please visit: https://www.selenium.dev/documentation/webdriver/troubleshooting/errors#no-such-element-exception
Stacktrace:
	GetHandleVerifier [0x00007FF62CADAD02+56930]
	(No symbol) [0x00007FF62CA4F602]
	(No symbol) [0x00007FF62C9042E5]
	(No symbol) [0x00007FF62C9498ED]
	(No symbol) [0x00007FF62C949A2C]
	(No symbol) [0x00007FF62C98A967]
	(No symbol) [0x00007FF62C96BCDF]
	(No symbol) [0x00007FF62C9881E2]
	(No symbol) [0x00007FF62C96BA43]
	(No symbol) [0x00007FF62C93D438]
	(No symbol) [0x00007FF62C93E4D1]
	GetHandleVerifier [0x00007FF62CE56F8D+3711213]
	GetHandleVerifier [0x00007FF62CEB04CD+4077101]
	GetHandleVerifier [0x00007FF62CEA865F+4044735]
	GetHandleVerifier [0x00007FF62CB79736+706710]
	(No symbol) [0x00007FF62CA5B8DF]
	(No symbol) [0x00007FF62CA56AC4]
	(No symbol) [0x00007FF62CA56C1C]
	(No symbol) [0x00007FF62CA468D4]
	BaseThreadInitThunk [0x00007FF9494C257D+29]
	RtlUserThreadStart [0x00007FF94AC4AA58+40]

2024-04-03 11:50:30,059 [ERROR] automation Element located by i0116 is not present. Message: no such element: Unable to locate element: {"method":"css selector","selector":"[id="i0116"]"}
  (Session info: chrome=122.0.6261.131); For documentation on this error, please visit: https://www.selenium.dev/documentation/webdriver/troubleshooting/errors#no-such-element-exception
Stacktrace:
	GetHandleVerifier [0x00007FF62CADAD02+56930]
	(No symbol) [0x00007FF62CA4F602]
	(No symbol) [0x00007FF62C9042E5]
	(No symbol) [0x00007FF62C9498ED]
	(No symbol) [0x00007FF62C949A2C]
	(No symbol) [0x00007FF62C98A967]
	(No symbol) [0x00007FF62C96BCDF]
	(No symbol) [0x00007FF62C9881E2]
	(No symbol) [0x00007FF62C96BA43]
	(No symbol) [0x00007FF62C93D438]
	(No symbol) [0x00007FF62C93E4D1]
	GetHandleVerifier [0x00007FF62CE56F8D+3711213]
	GetHandleVerifier [0x00007FF62CEB04CD+4077101]
	GetHandleVerifier [0x00007FF62CEA865F+4044735]
	GetHandleVerifier [0x00007FF62CB79736+706710]
	(No symbol) [0x00007FF62CA5B8DF]
	(No symbol) [0x00007FF62CA56AC4]
	(No symbol) [0x00007FF62CA56C1C]
	(No symbol) [0x00007FF62CA468D4]
	BaseThreadInitThunk [0x00007FF9494C257D+29]
	RtlUserThreadStart [0x00007FF94AC4AA58+40]

2024-04-03 11:50:31,213 [ERROR] automation Element located by i0116 is not present. Message: no such element: Unable to locate element: {"method":"css selector","selector":"[id="i0116"]"}
  (Session info: chrome=122.0.6261.131); For documentation on this error, please visit: https://www.selenium.dev/documentation/webdriver/troubleshooting/errors#no-such-element-exception
Stacktrace:
	GetHandleVerifier [0x00007FF62CADAD02+56930]
	(No symbol) [0x00007FF62CA4F602]
	(No symbol) [0x00007FF62C9042E5]
	(No symbol) [0x00007FF62C9498ED]
	(No symbol) [0x00007FF62C949A2C]
	(No symbol) [0x00007FF62C98A967]
	(No symbol) [0x00007FF62C96BCDF]
	(No symbol) [0x00007FF62C9881E2]
	(No symbol) [0x00007FF62C96BA43]
	(No symbol) [0x00007FF62C93D438]
	(No symbol) [0x00007FF62C93E4D1]
	GetHandleVerifier [0x00007FF62CE56F8D+3711213]
	GetHandleVerifier [0x00007FF62CEB04CD+4077101]
	GetHandleVerifier [0x00007FF62CEA865F+4044735]
	GetHandleVerifier [0x00007FF62CB79736+706710]
	(No symbol) [0x00007FF62CA5B8DF]
	(No symbol) [0x00007FF62CA56AC4]
	(No symbol) [0x00007FF62CA56C1C]
	(No symbol) [0x00007FF62CA468D4]
	BaseThreadInitThunk [0x00007FF9494C257D+29]
	RtlUserThreadStart [0x00007FF94AC4AA58+40]

2024-04-03 11:50:31,277 [ERROR] automation Element located by i0116 is not present. Message: no such element: Unable to locate element: {"method":"css selector","selector":"[id="i0116"]"}
  (Session info: chrome=122.0.6261.131); For documentation on this error, please visit: https://www.selenium.dev/documentation/webdriver/troubleshooting/errors#no-such-element-exception
Stacktrace:
	GetHandleVerifier [0x00007FF62CADAD02+56930]
	(No symbol) [0x00007FF62CA4F602]
	(No symbol) [0x00007FF62C9042E5]
	(No symbol) [0x00007FF62C9498ED]
	(No symbol) [0x00007FF62C949A2C]
	(No symbol) [0x00007FF62C98A967]
	(No symbol) [0x00007FF62C96BCDF]
	(No symbol) [0x00007FF62C9881E2]
	(No symbol) [0x00007FF62C96BA43]
	(No symbol) [0x00007FF62C93D438]
	(No symbol) [0x00007FF62C93E4D1]
	GetHandleVerifier [0x00007FF62CE56F8D+3711213]
	GetHandleVerifier [0x00007FF62CEB04CD+4077101]
	GetHandleVerifier [0x00007FF62CEA865F+4044735]
	GetHandleVerifier [0x00007FF62CB79736+706710]
	(No symbol) [0x00007FF62CA5B8DF]
	(No symbol) [0x00007FF62CA56AC4]
	(No symbol) [0x00007FF62CA56C1C]
	(No symbol) [0x00007FF62CA468D4]
	BaseThreadInitThunk [0x00007FF9494C257D+29]
	RtlUserThreadStart [0x00007FF94AC4AA58+40]

2024-04-03 11:50:31,342 [ERROR] automation Element located by i0116 is not present. Message: no such element: Unable to locate element: {"method":"css selector","selector":"[id="i0116"]"}
  (Session info: chrome=122.0.6261.131); For documentation on this error, please visit: https://www.selenium.dev/documentation/webdriver/troubleshooting/errors#no-such-element-exception
Stacktrace:
	GetHandleVerifier [0x00007FF62CADAD02+56930]
	(No symbol) [0x00007FF62CA4F602]
	(No symbol) [0x00007FF62C9042E5]
	(No symbol) [0x00007FF62C9498ED]
	(No symbol) [0x00007FF62C949A2C]
	(No symbol) [0x00007FF62C98A967]
	(No symbol) [0x00007FF62C96BCDF]
	(No symbol) [0x00007FF62C9881E2]
	(No symbol) [0x00007FF62C96BA43]
	(No symbol) [0x00007FF62C93D438]
	(No symbol) [0x00007FF62C93E4D1]
	GetHandleVerifier [0x00007FF62CE56F8D+3711213]
	GetHandleVerifier [0x00007FF62CEB04CD+4077101]
	GetHandleVerifier [0x00007FF62CEA865F+4044735]
	GetHandleVerifier [0x00007FF62CB79736+706710]
	(No symbol) [0x00007FF62CA5B8DF]
	(No symbol) [0x00007FF62CA56AC4]
	(No symbol) [0x00007FF62CA56C1C]
	(No symbol) [0x00007FF62CA468D4]
	BaseThreadInitThunk [0x00007FF9494C257D+29]
	RtlUserThreadStart [0x00007FF94AC4AA58+40]

2024-04-03 11:50:31,517 [INFO] automation Element located by i0116 is present.
2024-04-03 11:50:38,775 [INFO] automation Element located by //div[@class='logo'] is present.
2024-04-03 11:50:42,920 [INFO] automation Element located by //div[@class='tableFixHead']/table/tbody/tr[contains(@class,'even_col')][1] is present.
2024-04-03 11:50:45,387 [INFO] automation Element located by //input[@formcontrolname='email'] is present.
2024-04-03 11:50:45,395 [INFO] automation Element located by //input[@formcontrolname='email'] is present.
2024-04-03 11:50:45,798 [ERROR] automation Element located by //span[contains(text(),'Email Address already exists')] is not present. Message: no such element: Unable to locate element: {"method":"xpath","selector":"//span[contains(text(),'Email Address already exists')]"}
  (Session info: chrome=122.0.6261.131); For documentation on this error, please visit: https://www.selenium.dev/documentation/webdriver/troubleshooting/errors#no-such-element-exception
Stacktrace:
	GetHandleVerifier [0x00007FF62CADAD02+56930]
	(No symbol) [0x00007FF62CA4F602]
	(No symbol) [0x00007FF62C9042E5]
	(No symbol) [0x00007FF62C9498ED]
	(No symbol) [0x00007FF62C949A2C]
	(No symbol) [0x00007FF62C98A967]
	(No symbol) [0x00007FF62C96BCDF]
	(No symbol) [0x00007FF62C9881E2]
	(No symbol) [0x00007FF62C96BA43]
	(No symbol) [0x00007FF62C93D438]
	(No symbol) [0x00007FF62C93E4D1]
	GetHandleVerifier [0x00007FF62CE56F8D+3711213]
	GetHandleVerifier [0x00007FF62CEB04CD+4077101]
	GetHandleVerifier [0x00007FF62CEA865F+4044735]
	GetHandleVerifier [0x00007FF62CB79736+706710]
	(No symbol) [0x00007FF62CA5B8DF]
	(No symbol) [0x00007FF62CA56AC4]
	(No symbol) [0x00007FF62CA56C1C]
	(No symbol) [0x00007FF62CA468D4]
	BaseThreadInitThunk [0x00007FF9494C257D+29]
	RtlUserThreadStart [0x00007FF94AC4AA58+40]

2024-04-03 11:50:45,807 [ERROR] automation Element located by //div[@role='alert' and contains(text(),'success') or contains(text(),'Success')] is not present. Message: no such element: Unable to locate element: {"method":"xpath","selector":"//div[@role='alert' and contains(text(),'success') or contains(text(),'Success')]"}
  (Session info: chrome=122.0.6261.131); For documentation on this error, please visit: https://www.selenium.dev/documentation/webdriver/troubleshooting/errors#no-such-element-exception
Stacktrace:
	GetHandleVerifier [0x00007FF62CADAD02+56930]
	(No symbol) [0x00007FF62CA4F602]
	(No symbol) [0x00007FF62C9042E5]
	(No symbol) [0x00007FF62C9498ED]
	(No symbol) [0x00007FF62C949A2C]
	(No symbol) [0x00007FF62C98A967]
	(No symbol) [0x00007FF62C96BCDF]
	(No symbol) [0x00007FF62C9881E2]
	(No symbol) [0x00007FF62C96BA43]
	(No symbol) [0x00007FF62C93D438]
	(No symbol) [0x00007FF62C93E4D1]
	GetHandleVerifier [0x00007FF62CE56F8D+3711213]
	GetHandleVerifier [0x00007FF62CEB04CD+4077101]
	GetHandleVerifier [0x00007FF62CEA865F+4044735]
	GetHandleVerifier [0x00007FF62CB79736+706710]
	(No symbol) [0x00007FF62CA5B8DF]
	(No symbol) [0x00007FF62CA56AC4]
	(No symbol) [0x00007FF62CA56C1C]
	(No symbol) [0x00007FF62CA468D4]
	BaseThreadInitThunk [0x00007FF9494C257D+29]
	RtlUserThreadStart [0x00007FF94AC4AA58+40]

2024-04-03 11:50:45,810 [INFO] automation Test passed.
2024-04-03 11:50:45,820 [INFO] automation Test has started.
2024-04-03 11:50:45,820 [INFO] automation Navigating to the https://chorusqa.cogninelabs.com/
2024-04-03 11:50:52,214 [ERROR] automation Element located by i0116 is not present. Message: no such element: Unable to locate element: {"method":"css selector","selector":"[id="i0116"]"}
  (Session info: chrome=122.0.6261.131); For documentation on this error, please visit: https://www.selenium.dev/documentation/webdriver/troubleshooting/errors#no-such-element-exception
Stacktrace:
	GetHandleVerifier [0x00007FF62CADAD02+56930]
	(No symbol) [0x00007FF62CA4F602]
	(No symbol) [0x00007FF62C9042E5]
	(No symbol) [0x00007FF62C9498ED]
	(No symbol) [0x00007FF62C949A2C]
	(No symbol) [0x00007FF62C98A967]
	(No symbol) [0x00007FF62C96BCDF]
	(No symbol) [0x00007FF62C9881E2]
	(No symbol) [0x00007FF62C96BA43]
	(No symbol) [0x00007FF62C93D438]
	(No symbol) [0x00007FF62C93E4D1]
	GetHandleVerifier [0x00007FF62CE56F8D+3711213]
	GetHandleVerifier [0x00007FF62CEB04CD+4077101]
	GetHandleVerifier [0x00007FF62CEA865F+4044735]
	GetHandleVerifier [0x00007FF62CB79736+706710]
	(No symbol) [0x00007FF62CA5B8DF]
	(No symbol) [0x00007FF62CA56AC4]
	(No symbol) [0x00007FF62CA56C1C]
	(No symbol) [0x00007FF62CA468D4]
	BaseThreadInitThunk [0x00007FF9494C257D+29]
	RtlUserThreadStart [0x00007FF94AC4AA58+40]

2024-04-03 11:50:52,277 [ERROR] automation Element located by i0116 is not present. Message: no such element: Unable to locate element: {"method":"css selector","selector":"[id="i0116"]"}
  (Session info: chrome=122.0.6261.131); For documentation on this error, please visit: https://www.selenium.dev/documentation/webdriver/troubleshooting/errors#no-such-element-exception
Stacktrace:
	GetHandleVerifier [0x00007FF62CADAD02+56930]
	(No symbol) [0x00007FF62CA4F602]
	(No symbol) [0x00007FF62C9042E5]
	(No symbol) [0x00007FF62C9498ED]
	(No symbol) [0x00007FF62C949A2C]
	(No symbol) [0x00007FF62C98A967]
	(No symbol) [0x00007FF62C96BCDF]
	(No symbol) [0x00007FF62C9881E2]
	(No symbol) [0x00007FF62C96BA43]
	(No symbol) [0x00007FF62C93D438]
	(No symbol) [0x00007FF62C93E4D1]
	GetHandleVerifier [0x00007FF62CE56F8D+3711213]
	GetHandleVerifier [0x00007FF62CEB04CD+4077101]
	GetHandleVerifier [0x00007FF62CEA865F+4044735]
	GetHandleVerifier [0x00007FF62CB79736+706710]
	(No symbol) [0x00007FF62CA5B8DF]
	(No symbol) [0x00007FF62CA56AC4]
	(No symbol) [0x00007FF62CA56C1C]
	(No symbol) [0x00007FF62CA468D4]
	BaseThreadInitThunk [0x00007FF9494C257D+29]
	RtlUserThreadStart [0x00007FF94AC4AA58+40]

2024-04-03 11:50:52,345 [ERROR] automation Element located by i0116 is not present. Message: no such element: Unable to locate element: {"method":"css selector","selector":"[id="i0116"]"}
  (Session info: chrome=122.0.6261.131); For documentation on this error, please visit: https://www.selenium.dev/documentation/webdriver/troubleshooting/errors#no-such-element-exception
Stacktrace:
	GetHandleVerifier [0x00007FF62CADAD02+56930]
	(No symbol) [0x00007FF62CA4F602]
	(No symbol) [0x00007FF62C9042E5]
	(No symbol) [0x00007FF62C9498ED]
	(No symbol) [0x00007FF62C949A2C]
	(No symbol) [0x00007FF62C98A967]
	(No symbol) [0x00007FF62C96BCDF]
	(No symbol) [0x00007FF62C9881E2]
	(No symbol) [0x00007FF62C96BA43]
	(No symbol) [0x00007FF62C93D438]
	(No symbol) [0x00007FF62C93E4D1]
	GetHandleVerifier [0x00007FF62CE56F8D+3711213]
	GetHandleVerifier [0x00007FF62CEB04CD+4077101]
	GetHandleVerifier [0x00007FF62CEA865F+4044735]
	GetHandleVerifier [0x00007FF62CB79736+706710]
	(No symbol) [0x00007FF62CA5B8DF]
	(No symbol) [0x00007FF62CA56AC4]
	(No symbol) [0x00007FF62CA56C1C]
	(No symbol) [0x00007FF62CA468D4]
	BaseThreadInitThunk [0x00007FF9494C257D+29]
	RtlUserThreadStart [0x00007FF94AC4AA58+40]

2024-04-03 11:50:52,413 [ERROR] automation Element located by i0116 is not present. Message: no such element: Unable to locate element: {"method":"css selector","selector":"[id="i0116"]"}
  (Session info: chrome=122.0.6261.131); For documentation on this error, please visit: https://www.selenium.dev/documentation/webdriver/troubleshooting/errors#no-such-element-exception
Stacktrace:
	GetHandleVerifier [0x00007FF62CADAD02+56930]
	(No symbol) [0x00007FF62CA4F602]
	(No symbol) [0x00007FF62C9042E5]
	(No symbol) [0x00007FF62C9498ED]
	(No symbol) [0x00007FF62C949A2C]
	(No symbol) [0x00007FF62C98A967]
	(No symbol) [0x00007FF62C96BCDF]
	(No symbol) [0x00007FF62C9881E2]
	(No symbol) [0x00007FF62C96BA43]
	(No symbol) [0x00007FF62C93D438]
	(No symbol) [0x00007FF62C93E4D1]
	GetHandleVerifier [0x00007FF62CE56F8D+3711213]
	GetHandleVerifier [0x00007FF62CEB04CD+4077101]
	GetHandleVerifier [0x00007FF62CEA865F+4044735]
	GetHandleVerifier [0x00007FF62CB79736+706710]
	(No symbol) [0x00007FF62CA5B8DF]
	(No symbol) [0x00007FF62CA56AC4]
	(No symbol) [0x00007FF62CA56C1C]
	(No symbol) [0x00007FF62CA468D4]
	BaseThreadInitThunk [0x00007FF9494C257D+29]
	RtlUserThreadStart [0x00007FF94AC4AA58+40]

2024-04-03 11:50:52,481 [ERROR] automation Element located by i0116 is not present. Message: no such element: Unable to locate element: {"method":"css selector","selector":"[id="i0116"]"}
  (Session info: chrome=122.0.6261.131); For documentation on this error, please visit: https://www.selenium.dev/documentation/webdriver/troubleshooting/errors#no-such-element-exception
Stacktrace:
	GetHandleVerifier [0x00007FF62CADAD02+56930]
	(No symbol) [0x00007FF62CA4F602]
	(No symbol) [0x00007FF62C9042E5]
	(No symbol) [0x00007FF62C9498ED]
	(No symbol) [0x00007FF62C949A2C]
	(No symbol) [0x00007FF62C98A967]
	(No symbol) [0x00007FF62C96BCDF]
	(No symbol) [0x00007FF62C9881E2]
	(No symbol) [0x00007FF62C96BA43]
	(No symbol) [0x00007FF62C93D438]
	(No symbol) [0x00007FF62C93E4D1]
	GetHandleVerifier [0x00007FF62CE56F8D+3711213]
	GetHandleVerifier [0x00007FF62CEB04CD+4077101]
	GetHandleVerifier [0x00007FF62CEA865F+4044735]
	GetHandleVerifier [0x00007FF62CB79736+706710]
	(No symbol) [0x00007FF62CA5B8DF]
	(No symbol) [0x00007FF62CA56AC4]
	(No symbol) [0x00007FF62CA56C1C]
	(No symbol) [0x00007FF62CA468D4]
	BaseThreadInitThunk [0x00007FF9494C257D+29]
	RtlUserThreadStart [0x00007FF94AC4AA58+40]

2024-04-03 11:50:52,545 [ERROR] automation Element located by i0116 is not present. Message: no such element: Unable to locate element: {"method":"css selector","selector":"[id="i0116"]"}
  (Session info: chrome=122.0.6261.131); For documentation on this error, please visit: https://www.selenium.dev/documentation/webdriver/troubleshooting/errors#no-such-element-exception
Stacktrace:
	GetHandleVerifier [0x00007FF62CADAD02+56930]
	(No symbol) [0x00007FF62CA4F602]
	(No symbol) [0x00007FF62C9042E5]
	(No symbol) [0x00007FF62C9498ED]
	(No symbol) [0x00007FF62C949A2C]
	(No symbol) [0x00007FF62C98A967]
	(No symbol) [0x00007FF62C96BCDF]
	(No symbol) [0x00007FF62C9881E2]
	(No symbol) [0x00007FF62C96BA43]
	(No symbol) [0x00007FF62C93D438]
	(No symbol) [0x00007FF62C93E4D1]
	GetHandleVerifier [0x00007FF62CE56F8D+3711213]
	GetHandleVerifier [0x00007FF62CEB04CD+4077101]
	GetHandleVerifier [0x00007FF62CEA865F+4044735]
	GetHandleVerifier [0x00007FF62CB79736+706710]
	(No symbol) [0x00007FF62CA5B8DF]
	(No symbol) [0x00007FF62CA56AC4]
	(No symbol) [0x00007FF62CA56C1C]
	(No symbol) [0x00007FF62CA468D4]
	BaseThreadInitThunk [0x00007FF9494C257D+29]
	RtlUserThreadStart [0x00007FF94AC4AA58+40]

2024-04-03 11:50:53,533 [ERROR] automation Element located by i0116 is not present. Message: no such element: Unable to locate element: {"method":"css selector","selector":"[id="i0116"]"}
  (Session info: chrome=122.0.6261.131); For documentation on this error, please visit: https://www.selenium.dev/documentation/webdriver/troubleshooting/errors#no-such-element-exception
Stacktrace:
	GetHandleVerifier [0x00007FF62CADAD02+56930]
	(No symbol) [0x00007FF62CA4F602]
	(No symbol) [0x00007FF62C9042E5]
	(No symbol) [0x00007FF62C9498ED]
	(No symbol) [0x00007FF62C949A2C]
	(No symbol) [0x00007FF62C98A967]
	(No symbol) [0x00007FF62C96BCDF]
	(No symbol) [0x00007FF62C9881E2]
	(No symbol) [0x00007FF62C96BA43]
	(No symbol) [0x00007FF62C93D438]
	(No symbol) [0x00007FF62C93E4D1]
	GetHandleVerifier [0x00007FF62CE56F8D+3711213]
	GetHandleVerifier [0x00007FF62CEB04CD+4077101]
	GetHandleVerifier [0x00007FF62CEA865F+4044735]
	GetHandleVerifier [0x00007FF62CB79736+706710]
	(No symbol) [0x00007FF62CA5B8DF]
	(No symbol) [0x00007FF62CA56AC4]
	(No symbol) [0x00007FF62CA56C1C]
	(No symbol) [0x00007FF62CA468D4]
	BaseThreadInitThunk [0x00007FF9494C257D+29]
	RtlUserThreadStart [0x00007FF94AC4AA58+40]

2024-04-03 11:50:53,599 [ERROR] automation Element located by i0116 is not present. Message: no such element: Unable to locate element: {"method":"css selector","selector":"[id="i0116"]"}
  (Session info: chrome=122.0.6261.131); For documentation on this error, please visit: https://www.selenium.dev/documentation/webdriver/troubleshooting/errors#no-such-element-exception
Stacktrace:
	GetHandleVerifier [0x00007FF62CADAD02+56930]
	(No symbol) [0x00007FF62CA4F602]
	(No symbol) [0x00007FF62C9042E5]
	(No symbol) [0x00007FF62C9498ED]
	(No symbol) [0x00007FF62C949A2C]
	(No symbol) [0x00007FF62C98A967]
	(No symbol) [0x00007FF62C96BCDF]
	(No symbol) [0x00007FF62C9881E2]
	(No symbol) [0x00007FF62C96BA43]
	(No symbol) [0x00007FF62C93D438]
	(No symbol) [0x00007FF62C93E4D1]
	GetHandleVerifier [0x00007FF62CE56F8D+3711213]
	GetHandleVerifier [0x00007FF62CEB04CD+4077101]
	GetHandleVerifier [0x00007FF62CEA865F+4044735]
	GetHandleVerifier [0x00007FF62CB79736+706710]
	(No symbol) [0x00007FF62CA5B8DF]
	(No symbol) [0x00007FF62CA56AC4]
	(No symbol) [0x00007FF62CA56C1C]
	(No symbol) [0x00007FF62CA468D4]
	BaseThreadInitThunk [0x00007FF9494C257D+29]
	RtlUserThreadStart [0x00007FF94AC4AA58+40]

2024-04-03 11:50:53,663 [ERROR] automation Element located by i0116 is not present. Message: no such element: Unable to locate element: {"method":"css selector","selector":"[id="i0116"]"}
  (Session info: chrome=122.0.6261.131); For documentation on this error, please visit: https://www.selenium.dev/documentation/webdriver/troubleshooting/errors#no-such-element-exception
Stacktrace:
	GetHandleVerifier [0x00007FF62CADAD02+56930]
	(No symbol) [0x00007FF62CA4F602]
	(No symbol) [0x00007FF62C9042E5]
	(No symbol) [0x00007FF62C9498ED]
	(No symbol) [0x00007FF62C949A2C]
	(No symbol) [0x00007FF62C98A967]
	(No symbol) [0x00007FF62C96BCDF]
	(No symbol) [0x00007FF62C9881E2]
	(No symbol) [0x00007FF62C96BA43]
	(No symbol) [0x00007FF62C93D438]
	(No symbol) [0x00007FF62C93E4D1]
	GetHandleVerifier [0x00007FF62CE56F8D+3711213]
	GetHandleVerifier [0x00007FF62CEB04CD+4077101]
	GetHandleVerifier [0x00007FF62CEA865F+4044735]
	GetHandleVerifier [0x00007FF62CB79736+706710]
	(No symbol) [0x00007FF62CA5B8DF]
	(No symbol) [0x00007FF62CA56AC4]
	(No symbol) [0x00007FF62CA56C1C]
	(No symbol) [0x00007FF62CA468D4]
	BaseThreadInitThunk [0x00007FF9494C257D+29]
	RtlUserThreadStart [0x00007FF94AC4AA58+40]

2024-04-03 11:50:53,839 [INFO] automation Element located by i0116 is present.
2024-04-03 11:51:01,634 [INFO] automation Element located by //div[@class='logo'] is present.
2024-04-03 11:51:04,145 [INFO] automation CPU Percent: 0.0	Virtual Memory: svmem(total=12635017216, available=791986176, percent=93.7, used=11843031040, free=791986176)
2024-04-03 11:51:04,262 [INFO] automation screenshot logged as: C:\Users\Thanusha Kotaprolu\Automation Projects\cognine-crm-automation\RunExecutionScripts\common\logs\screenshots\test_crm_bulk_email_page_smoke_test__fail03115104969c.png
2024-04-03 11:51:04,262 [ERROR] automation Test failed.
