2024-04-03 19:14:48,489 [INFO] automation Test has started.
2024-04-03 19:14:48,489 [INFO] automation Navigating to the https://chorusqa.cogninelabs.com/
2024-04-03 19:14:53,826 [ERROR] automation Element located by i0116 is not present. Message: no such element: Unable to locate element: {"method":"css selector","selector":"[id="i0116"]"}
  (Session info: chrome=122.0.6261.131); For documentation on this error, please visit: https://www.selenium.dev/documentation/webdriver/troubleshooting/errors#no-such-element-exception
Stacktrace:
	GetHandleVerifier [0x00007FF6C01FAD02+56930]
	(No symbol) [0x00007FF6C016F602]
	(No symbol) [0x00007FF6C00242E5]
	(No symbol) [0x00007FF6C00698ED]
	(No symbol) [0x00007FF6C0069A2C]
	(No symbol) [0x00007FF6C00AA967]
	(No symbol) [0x00007FF6C008BCDF]
	(No symbol) [0x00007FF6C00A81E2]
	(No symbol) [0x00007FF6C008BA43]
	(No symbol) [0x00007FF6C005D438]
	(No symbol) [0x00007FF6C005E4D1]
	GetHandleVerifier [0x00007FF6C0576F8D+3711213]
	GetHandleVerifier [0x00007FF6C05D04CD+4077101]
	GetHandleVerifier [0x00007FF6C05C865F+4044735]
	GetHandleVerifier [0x00007FF6C0299736+706710]
	(No symbol) [0x00007FF6C017B8DF]
	(No symbol) [0x00007FF6C0176AC4]
	(No symbol) [0x00007FF6C0176C1C]
	(No symbol) [0x00007FF6C01668D4]
	BaseThreadInitThunk [0x00007FF9494C257D+29]
	RtlUserThreadStart [0x00007FF94AC4AA58+40]

2024-04-03 19:14:53,889 [ERROR] automation Element located by i0116 is not present. Message: no such element: Unable to locate element: {"method":"css selector","selector":"[id="i0116"]"}
  (Session info: chrome=122.0.6261.131); For documentation on this error, please visit: https://www.selenium.dev/documentation/webdriver/troubleshooting/errors#no-such-element-exception
Stacktrace:
	GetHandleVerifier [0x00007FF6C01FAD02+56930]
	(No symbol) [0x00007FF6C016F602]
	(No symbol) [0x00007FF6C00242E5]
	(No symbol) [0x00007FF6C00698ED]
	(No symbol) [0x00007FF6C0069A2C]
	(No symbol) [0x00007FF6C00AA967]
	(No symbol) [0x00007FF6C008BCDF]
	(No symbol) [0x00007FF6C00A81E2]
	(No symbol) [0x00007FF6C008BA43]
	(No symbol) [0x00007FF6C005D438]
	(No symbol) [0x00007FF6C005E4D1]
	GetHandleVerifier [0x00007FF6C0576F8D+3711213]
	GetHandleVerifier [0x00007FF6C05D04CD+4077101]
	GetHandleVerifier [0x00007FF6C05C865F+4044735]
	GetHandleVerifier [0x00007FF6C0299736+706710]
	(No symbol) [0x00007FF6C017B8DF]
	(No symbol) [0x00007FF6C0176AC4]
	(No symbol) [0x00007FF6C0176C1C]
	(No symbol) [0x00007FF6C01668D4]
	BaseThreadInitThunk [0x00007FF9494C257D+29]
	RtlUserThreadStart [0x00007FF94AC4AA58+40]

2024-04-03 19:14:53,948 [ERROR] automation Element located by i0116 is not present. Message: no such element: Unable to locate element: {"method":"css selector","selector":"[id="i0116"]"}
  (Session info: chrome=122.0.6261.131); For documentation on this error, please visit: https://www.selenium.dev/documentation/webdriver/troubleshooting/errors#no-such-element-exception
Stacktrace:
	GetHandleVerifier [0x00007FF6C01FAD02+56930]
	(No symbol) [0x00007FF6C016F602]
	(No symbol) [0x00007FF6C00242E5]
	(No symbol) [0x00007FF6C00698ED]
	(No symbol) [0x00007FF6C0069A2C]
	(No symbol) [0x00007FF6C00AA967]
	(No symbol) [0x00007FF6C008BCDF]
	(No symbol) [0x00007FF6C00A81E2]
	(No symbol) [0x00007FF6C008BA43]
	(No symbol) [0x00007FF6C005D438]
	(No symbol) [0x00007FF6C005E4D1]
	GetHandleVerifier [0x00007FF6C0576F8D+3711213]
	GetHandleVerifier [0x00007FF6C05D04CD+4077101]
	GetHandleVerifier [0x00007FF6C05C865F+4044735]
	GetHandleVerifier [0x00007FF6C0299736+706710]
	(No symbol) [0x00007FF6C017B8DF]
	(No symbol) [0x00007FF6C0176AC4]
	(No symbol) [0x00007FF6C0176C1C]
	(No symbol) [0x00007FF6C01668D4]
	BaseThreadInitThunk [0x00007FF9494C257D+29]
	RtlUserThreadStart [0x00007FF94AC4AA58+40]

2024-04-03 19:14:54,008 [ERROR] automation Element located by i0116 is not present. Message: no such element: Unable to locate element: {"method":"css selector","selector":"[id="i0116"]"}
  (Session info: chrome=122.0.6261.131); For documentation on this error, please visit: https://www.selenium.dev/documentation/webdriver/troubleshooting/errors#no-such-element-exception
Stacktrace:
	GetHandleVerifier [0x00007FF6C01FAD02+56930]
	(No symbol) [0x00007FF6C016F602]
	(No symbol) [0x00007FF6C00242E5]
	(No symbol) [0x00007FF6C00698ED]
	(No symbol) [0x00007FF6C0069A2C]
	(No symbol) [0x00007FF6C00AA967]
	(No symbol) [0x00007FF6C008BCDF]
	(No symbol) [0x00007FF6C00A81E2]
	(No symbol) [0x00007FF6C008BA43]
	(No symbol) [0x00007FF6C005D438]
	(No symbol) [0x00007FF6C005E4D1]
	GetHandleVerifier [0x00007FF6C0576F8D+3711213]
	GetHandleVerifier [0x00007FF6C05D04CD+4077101]
	GetHandleVerifier [0x00007FF6C05C865F+4044735]
	GetHandleVerifier [0x00007FF6C0299736+706710]
	(No symbol) [0x00007FF6C017B8DF]
	(No symbol) [0x00007FF6C0176AC4]
	(No symbol) [0x00007FF6C0176C1C]
	(No symbol) [0x00007FF6C01668D4]
	BaseThreadInitThunk [0x00007FF9494C257D+29]
	RtlUserThreadStart [0x00007FF94AC4AA58+40]

2024-04-03 19:14:54,067 [ERROR] automation Element located by i0116 is not present. Message: no such element: Unable to locate element: {"method":"css selector","selector":"[id="i0116"]"}
  (Session info: chrome=122.0.6261.131); For documentation on this error, please visit: https://www.selenium.dev/documentation/webdriver/troubleshooting/errors#no-such-element-exception
Stacktrace:
	GetHandleVerifier [0x00007FF6C01FAD02+56930]
	(No symbol) [0x00007FF6C016F602]
	(No symbol) [0x00007FF6C00242E5]
	(No symbol) [0x00007FF6C00698ED]
	(No symbol) [0x00007FF6C0069A2C]
	(No symbol) [0x00007FF6C00AA967]
	(No symbol) [0x00007FF6C008BCDF]
	(No symbol) [0x00007FF6C00A81E2]
	(No symbol) [0x00007FF6C008BA43]
	(No symbol) [0x00007FF6C005D438]
	(No symbol) [0x00007FF6C005E4D1]
	GetHandleVerifier [0x00007FF6C0576F8D+3711213]
	GetHandleVerifier [0x00007FF6C05D04CD+4077101]
	GetHandleVerifier [0x00007FF6C05C865F+4044735]
	GetHandleVerifier [0x00007FF6C0299736+706710]
	(No symbol) [0x00007FF6C017B8DF]
	(No symbol) [0x00007FF6C0176AC4]
	(No symbol) [0x00007FF6C0176C1C]
	(No symbol) [0x00007FF6C01668D4]
	BaseThreadInitThunk [0x00007FF9494C257D+29]
	RtlUserThreadStart [0x00007FF94AC4AA58+40]

2024-04-03 19:14:54,130 [ERROR] automation Element located by i0116 is not present. Message: no such element: Unable to locate element: {"method":"css selector","selector":"[id="i0116"]"}
  (Session info: chrome=122.0.6261.131); For documentation on this error, please visit: https://www.selenium.dev/documentation/webdriver/troubleshooting/errors#no-such-element-exception
Stacktrace:
	GetHandleVerifier [0x00007FF6C01FAD02+56930]
	(No symbol) [0x00007FF6C016F602]
	(No symbol) [0x00007FF6C00242E5]
	(No symbol) [0x00007FF6C00698ED]
	(No symbol) [0x00007FF6C0069A2C]
	(No symbol) [0x00007FF6C00AA967]
	(No symbol) [0x00007FF6C008BCDF]
	(No symbol) [0x00007FF6C00A81E2]
	(No symbol) [0x00007FF6C008BA43]
	(No symbol) [0x00007FF6C005D438]
	(No symbol) [0x00007FF6C005E4D1]
	GetHandleVerifier [0x00007FF6C0576F8D+3711213]
	GetHandleVerifier [0x00007FF6C05D04CD+4077101]
	GetHandleVerifier [0x00007FF6C05C865F+4044735]
	GetHandleVerifier [0x00007FF6C0299736+706710]
	(No symbol) [0x00007FF6C017B8DF]
	(No symbol) [0x00007FF6C0176AC4]
	(No symbol) [0x00007FF6C0176C1C]
	(No symbol) [0x00007FF6C01668D4]
	BaseThreadInitThunk [0x00007FF9494C257D+29]
	RtlUserThreadStart [0x00007FF94AC4AA58+40]

2024-04-03 19:14:54,960 [ERROR] automation Element located by i0116 is not present. Message: no such element: Unable to locate element: {"method":"css selector","selector":"[id="i0116"]"}
  (Session info: chrome=122.0.6261.131); For documentation on this error, please visit: https://www.selenium.dev/documentation/webdriver/troubleshooting/errors#no-such-element-exception
Stacktrace:
	GetHandleVerifier [0x00007FF6C01FAD02+56930]
	(No symbol) [0x00007FF6C016F602]
	(No symbol) [0x00007FF6C00242E5]
	(No symbol) [0x00007FF6C00698ED]
	(No symbol) [0x00007FF6C0069A2C]
	(No symbol) [0x00007FF6C00AA967]
	(No symbol) [0x00007FF6C008BCDF]
	(No symbol) [0x00007FF6C00A81E2]
	(No symbol) [0x00007FF6C008BA43]
	(No symbol) [0x00007FF6C005D438]
	(No symbol) [0x00007FF6C005E4D1]
	GetHandleVerifier [0x00007FF6C0576F8D+3711213]
	GetHandleVerifier [0x00007FF6C05D04CD+4077101]
	GetHandleVerifier [0x00007FF6C05C865F+4044735]
	GetHandleVerifier [0x00007FF6C0299736+706710]
	(No symbol) [0x00007FF6C017B8DF]
	(No symbol) [0x00007FF6C0176AC4]
	(No symbol) [0x00007FF6C0176C1C]
	(No symbol) [0x00007FF6C01668D4]
	BaseThreadInitThunk [0x00007FF9494C257D+29]
	RtlUserThreadStart [0x00007FF94AC4AA58+40]

2024-04-03 19:14:55,020 [ERROR] automation Element located by i0116 is not present. Message: no such element: Unable to locate element: {"method":"css selector","selector":"[id="i0116"]"}
  (Session info: chrome=122.0.6261.131); For documentation on this error, please visit: https://www.selenium.dev/documentation/webdriver/troubleshooting/errors#no-such-element-exception
Stacktrace:
	GetHandleVerifier [0x00007FF6C01FAD02+56930]
	(No symbol) [0x00007FF6C016F602]
	(No symbol) [0x00007FF6C00242E5]
	(No symbol) [0x00007FF6C00698ED]
	(No symbol) [0x00007FF6C0069A2C]
	(No symbol) [0x00007FF6C00AA967]
	(No symbol) [0x00007FF6C008BCDF]
	(No symbol) [0x00007FF6C00A81E2]
	(No symbol) [0x00007FF6C008BA43]
	(No symbol) [0x00007FF6C005D438]
	(No symbol) [0x00007FF6C005E4D1]
	GetHandleVerifier [0x00007FF6C0576F8D+3711213]
	GetHandleVerifier [0x00007FF6C05D04CD+4077101]
	GetHandleVerifier [0x00007FF6C05C865F+4044735]
	GetHandleVerifier [0x00007FF6C0299736+706710]
	(No symbol) [0x00007FF6C017B8DF]
	(No symbol) [0x00007FF6C0176AC4]
	(No symbol) [0x00007FF6C0176C1C]
	(No symbol) [0x00007FF6C01668D4]
	BaseThreadInitThunk [0x00007FF9494C257D+29]
	RtlUserThreadStart [0x00007FF94AC4AA58+40]

2024-04-03 19:14:55,089 [ERROR] automation Element located by i0116 is not present. Message: no such element: Unable to locate element: {"method":"css selector","selector":"[id="i0116"]"}
  (Session info: chrome=122.0.6261.131); For documentation on this error, please visit: https://www.selenium.dev/documentation/webdriver/troubleshooting/errors#no-such-element-exception
Stacktrace:
	GetHandleVerifier [0x00007FF6C01FAD02+56930]
	(No symbol) [0x00007FF6C016F602]
	(No symbol) [0x00007FF6C00242E5]
	(No symbol) [0x00007FF6C00698ED]
	(No symbol) [0x00007FF6C0069A2C]
	(No symbol) [0x00007FF6C00AA967]
	(No symbol) [0x00007FF6C008BCDF]
	(No symbol) [0x00007FF6C00A81E2]
	(No symbol) [0x00007FF6C008BA43]
	(No symbol) [0x00007FF6C005D438]
	(No symbol) [0x00007FF6C005E4D1]
	GetHandleVerifier [0x00007FF6C0576F8D+3711213]
	GetHandleVerifier [0x00007FF6C05D04CD+4077101]
	GetHandleVerifier [0x00007FF6C05C865F+4044735]
	GetHandleVerifier [0x00007FF6C0299736+706710]
	(No symbol) [0x00007FF6C017B8DF]
	(No symbol) [0x00007FF6C0176AC4]
	(No symbol) [0x00007FF6C0176C1C]
	(No symbol) [0x00007FF6C01668D4]
	BaseThreadInitThunk [0x00007FF9494C257D+29]
	RtlUserThreadStart [0x00007FF94AC4AA58+40]

2024-04-03 19:14:55,149 [ERROR] automation Element located by i0116 is not present. Message: no such element: Unable to locate element: {"method":"css selector","selector":"[id="i0116"]"}
  (Session info: chrome=122.0.6261.131); For documentation on this error, please visit: https://www.selenium.dev/documentation/webdriver/troubleshooting/errors#no-such-element-exception
Stacktrace:
	GetHandleVerifier [0x00007FF6C01FAD02+56930]
	(No symbol) [0x00007FF6C016F602]
	(No symbol) [0x00007FF6C00242E5]
	(No symbol) [0x00007FF6C00698ED]
	(No symbol) [0x00007FF6C0069A2C]
	(No symbol) [0x00007FF6C00AA967]
	(No symbol) [0x00007FF6C008BCDF]
	(No symbol) [0x00007FF6C00A81E2]
	(No symbol) [0x00007FF6C008BA43]
	(No symbol) [0x00007FF6C005D438]
	(No symbol) [0x00007FF6C005E4D1]
	GetHandleVerifier [0x00007FF6C0576F8D+3711213]
	GetHandleVerifier [0x00007FF6C05D04CD+4077101]
	GetHandleVerifier [0x00007FF6C05C865F+4044735]
	GetHandleVerifier [0x00007FF6C0299736+706710]
	(No symbol) [0x00007FF6C017B8DF]
	(No symbol) [0x00007FF6C0176AC4]
	(No symbol) [0x00007FF6C0176C1C]
	(No symbol) [0x00007FF6C01668D4]
	BaseThreadInitThunk [0x00007FF9494C257D+29]
	RtlUserThreadStart [0x00007FF94AC4AA58+40]

2024-04-03 19:14:55,211 [ERROR] automation Element located by i0116 is not present. Message: no such element: Unable to locate element: {"method":"css selector","selector":"[id="i0116"]"}
  (Session info: chrome=122.0.6261.131); For documentation on this error, please visit: https://www.selenium.dev/documentation/webdriver/troubleshooting/errors#no-such-element-exception
Stacktrace:
	GetHandleVerifier [0x00007FF6C01FAD02+56930]
	(No symbol) [0x00007FF6C016F602]
	(No symbol) [0x00007FF6C00242E5]
	(No symbol) [0x00007FF6C00698ED]
	(No symbol) [0x00007FF6C0069A2C]
	(No symbol) [0x00007FF6C00AA967]
	(No symbol) [0x00007FF6C008BCDF]
	(No symbol) [0x00007FF6C00A81E2]
	(No symbol) [0x00007FF6C008BA43]
	(No symbol) [0x00007FF6C005D438]
	(No symbol) [0x00007FF6C005E4D1]
	GetHandleVerifier [0x00007FF6C0576F8D+3711213]
	GetHandleVerifier [0x00007FF6C05D04CD+4077101]
	GetHandleVerifier [0x00007FF6C05C865F+4044735]
	GetHandleVerifier [0x00007FF6C0299736+706710]
	(No symbol) [0x00007FF6C017B8DF]
	(No symbol) [0x00007FF6C0176AC4]
	(No symbol) [0x00007FF6C0176C1C]
	(No symbol) [0x00007FF6C01668D4]
	BaseThreadInitThunk [0x00007FF9494C257D+29]
	RtlUserThreadStart [0x00007FF94AC4AA58+40]

2024-04-03 19:14:55,350 [INFO] automation Element located by i0116 is present.
2024-04-03 19:15:02,386 [INFO] automation Element located by //div[@class='logo'] is present.
2024-04-03 19:15:06,509 [INFO] automation Element located by //div[@class='tableFixHead']/table/tbody/tr[contains(@class,'even_col')][1] is present.
2024-04-03 19:15:08,991 [INFO] automation Element located by //input[@formcontrolname='email'] is present.
2024-04-03 19:15:08,998 [INFO] automation Element located by //input[@formcontrolname='email'] is present.
2024-04-03 19:15:09,397 [ERROR] automation Element located by //span[contains(text(),'Email Address already exists')] is not present. Message: no such element: Unable to locate element: {"method":"xpath","selector":"//span[contains(text(),'Email Address already exists')]"}
  (Session info: chrome=122.0.6261.131); For documentation on this error, please visit: https://www.selenium.dev/documentation/webdriver/troubleshooting/errors#no-such-element-exception
Stacktrace:
	GetHandleVerifier [0x00007FF6C01FAD02+56930]
	(No symbol) [0x00007FF6C016F602]
	(No symbol) [0x00007FF6C00242E5]
	(No symbol) [0x00007FF6C00698ED]
	(No symbol) [0x00007FF6C0069A2C]
	(No symbol) [0x00007FF6C00AA967]
	(No symbol) [0x00007FF6C008BCDF]
	(No symbol) [0x00007FF6C00A81E2]
	(No symbol) [0x00007FF6C008BA43]
	(No symbol) [0x00007FF6C005D438]
	(No symbol) [0x00007FF6C005E4D1]
	GetHandleVerifier [0x00007FF6C0576F8D+3711213]
	GetHandleVerifier [0x00007FF6C05D04CD+4077101]
	GetHandleVerifier [0x00007FF6C05C865F+4044735]
	GetHandleVerifier [0x00007FF6C0299736+706710]
	(No symbol) [0x00007FF6C017B8DF]
	(No symbol) [0x00007FF6C0176AC4]
	(No symbol) [0x00007FF6C0176C1C]
	(No symbol) [0x00007FF6C01668D4]
	BaseThreadInitThunk [0x00007FF9494C257D+29]
	RtlUserThreadStart [0x00007FF94AC4AA58+40]

2024-04-03 19:15:09,410 [ERROR] automation Element located by //div[@role='alert' and contains(text(),'success') or contains(text(),'Success')] is not present. Message: no such element: Unable to locate element: {"method":"xpath","selector":"//div[@role='alert' and contains(text(),'success') or contains(text(),'Success')]"}
  (Session info: chrome=122.0.6261.131); For documentation on this error, please visit: https://www.selenium.dev/documentation/webdriver/troubleshooting/errors#no-such-element-exception
Stacktrace:
	GetHandleVerifier [0x00007FF6C01FAD02+56930]
	(No symbol) [0x00007FF6C016F602]
	(No symbol) [0x00007FF6C00242E5]
	(No symbol) [0x00007FF6C00698ED]
	(No symbol) [0x00007FF6C0069A2C]
	(No symbol) [0x00007FF6C00AA967]
	(No symbol) [0x00007FF6C008BCDF]
	(No symbol) [0x00007FF6C00A81E2]
	(No symbol) [0x00007FF6C008BA43]
	(No symbol) [0x00007FF6C005D438]
	(No symbol) [0x00007FF6C005E4D1]
	GetHandleVerifier [0x00007FF6C0576F8D+3711213]
	GetHandleVerifier [0x00007FF6C05D04CD+4077101]
	GetHandleVerifier [0x00007FF6C05C865F+4044735]
	GetHandleVerifier [0x00007FF6C0299736+706710]
	(No symbol) [0x00007FF6C017B8DF]
	(No symbol) [0x00007FF6C0176AC4]
	(No symbol) [0x00007FF6C0176C1C]
	(No symbol) [0x00007FF6C01668D4]
	BaseThreadInitThunk [0x00007FF9494C257D+29]
	RtlUserThreadStart [0x00007FF94AC4AA58+40]

2024-04-03 19:15:09,411 [INFO] automation Test passed.
2024-04-03 19:15:09,419 [INFO] automation Test has started.
2024-04-03 19:15:09,419 [INFO] automation Navigating to the https://chorusqa.cogninelabs.com/
2024-04-03 19:15:16,770 [ERROR] automation Element located by i0116 is not present. Message: no such element: Unable to locate element: {"method":"css selector","selector":"[id="i0116"]"}
  (Session info: chrome=122.0.6261.131); For documentation on this error, please visit: https://www.selenium.dev/documentation/webdriver/troubleshooting/errors#no-such-element-exception
Stacktrace:
	GetHandleVerifier [0x00007FF6C01FAD02+56930]
	(No symbol) [0x00007FF6C016F602]
	(No symbol) [0x00007FF6C00242E5]
	(No symbol) [0x00007FF6C00698ED]
	(No symbol) [0x00007FF6C0069A2C]
	(No symbol) [0x00007FF6C00AA967]
	(No symbol) [0x00007FF6C008BCDF]
	(No symbol) [0x00007FF6C00A81E2]
	(No symbol) [0x00007FF6C008BA43]
	(No symbol) [0x00007FF6C005D438]
	(No symbol) [0x00007FF6C005E4D1]
	GetHandleVerifier [0x00007FF6C0576F8D+3711213]
	GetHandleVerifier [0x00007FF6C05D04CD+4077101]
	GetHandleVerifier [0x00007FF6C05C865F+4044735]
	GetHandleVerifier [0x00007FF6C0299736+706710]
	(No symbol) [0x00007FF6C017B8DF]
	(No symbol) [0x00007FF6C0176AC4]
	(No symbol) [0x00007FF6C0176C1C]
	(No symbol) [0x00007FF6C01668D4]
	BaseThreadInitThunk [0x00007FF9494C257D+29]
	RtlUserThreadStart [0x00007FF94AC4AA58+40]

2024-04-03 19:15:16,837 [ERROR] automation Element located by i0116 is not present. Message: no such element: Unable to locate element: {"method":"css selector","selector":"[id="i0116"]"}
  (Session info: chrome=122.0.6261.131); For documentation on this error, please visit: https://www.selenium.dev/documentation/webdriver/troubleshooting/errors#no-such-element-exception
Stacktrace:
	GetHandleVerifier [0x00007FF6C01FAD02+56930]
	(No symbol) [0x00007FF6C016F602]
	(No symbol) [0x00007FF6C00242E5]
	(No symbol) [0x00007FF6C00698ED]
	(No symbol) [0x00007FF6C0069A2C]
	(No symbol) [0x00007FF6C00AA967]
	(No symbol) [0x00007FF6C008BCDF]
	(No symbol) [0x00007FF6C00A81E2]
	(No symbol) [0x00007FF6C008BA43]
	(No symbol) [0x00007FF6C005D438]
	(No symbol) [0x00007FF6C005E4D1]
	GetHandleVerifier [0x00007FF6C0576F8D+3711213]
	GetHandleVerifier [0x00007FF6C05D04CD+4077101]
	GetHandleVerifier [0x00007FF6C05C865F+4044735]
	GetHandleVerifier [0x00007FF6C0299736+706710]
	(No symbol) [0x00007FF6C017B8DF]
	(No symbol) [0x00007FF6C0176AC4]
	(No symbol) [0x00007FF6C0176C1C]
	(No symbol) [0x00007FF6C01668D4]
	BaseThreadInitThunk [0x00007FF9494C257D+29]
	RtlUserThreadStart [0x00007FF94AC4AA58+40]

2024-04-03 19:15:16,902 [ERROR] automation Element located by i0116 is not present. Message: no such element: Unable to locate element: {"method":"css selector","selector":"[id="i0116"]"}
  (Session info: chrome=122.0.6261.131); For documentation on this error, please visit: https://www.selenium.dev/documentation/webdriver/troubleshooting/errors#no-such-element-exception
Stacktrace:
	GetHandleVerifier [0x00007FF6C01FAD02+56930]
	(No symbol) [0x00007FF6C016F602]
	(No symbol) [0x00007FF6C00242E5]
	(No symbol) [0x00007FF6C00698ED]
	(No symbol) [0x00007FF6C0069A2C]
	(No symbol) [0x00007FF6C00AA967]
	(No symbol) [0x00007FF6C008BCDF]
	(No symbol) [0x00007FF6C00A81E2]
	(No symbol) [0x00007FF6C008BA43]
	(No symbol) [0x00007FF6C005D438]
	(No symbol) [0x00007FF6C005E4D1]
	GetHandleVerifier [0x00007FF6C0576F8D+3711213]
	GetHandleVerifier [0x00007FF6C05D04CD+4077101]
	GetHandleVerifier [0x00007FF6C05C865F+4044735]
	GetHandleVerifier [0x00007FF6C0299736+706710]
	(No symbol) [0x00007FF6C017B8DF]
	(No symbol) [0x00007FF6C0176AC4]
	(No symbol) [0x00007FF6C0176C1C]
	(No symbol) [0x00007FF6C01668D4]
	BaseThreadInitThunk [0x00007FF9494C257D+29]
	RtlUserThreadStart [0x00007FF94AC4AA58+40]

2024-04-03 19:15:16,968 [ERROR] automation Element located by i0116 is not present. Message: no such element: Unable to locate element: {"method":"css selector","selector":"[id="i0116"]"}
  (Session info: chrome=122.0.6261.131); For documentation on this error, please visit: https://www.selenium.dev/documentation/webdriver/troubleshooting/errors#no-such-element-exception
Stacktrace:
	GetHandleVerifier [0x00007FF6C01FAD02+56930]
	(No symbol) [0x00007FF6C016F602]
	(No symbol) [0x00007FF6C00242E5]
	(No symbol) [0x00007FF6C00698ED]
	(No symbol) [0x00007FF6C0069A2C]
	(No symbol) [0x00007FF6C00AA967]
	(No symbol) [0x00007FF6C008BCDF]
	(No symbol) [0x00007FF6C00A81E2]
	(No symbol) [0x00007FF6C008BA43]
	(No symbol) [0x00007FF6C005D438]
	(No symbol) [0x00007FF6C005E4D1]
	GetHandleVerifier [0x00007FF6C0576F8D+3711213]
	GetHandleVerifier [0x00007FF6C05D04CD+4077101]
	GetHandleVerifier [0x00007FF6C05C865F+4044735]
	GetHandleVerifier [0x00007FF6C0299736+706710]
	(No symbol) [0x00007FF6C017B8DF]
	(No symbol) [0x00007FF6C0176AC4]
	(No symbol) [0x00007FF6C0176C1C]
	(No symbol) [0x00007FF6C01668D4]
	BaseThreadInitThunk [0x00007FF9494C257D+29]
	RtlUserThreadStart [0x00007FF94AC4AA58+40]

2024-04-03 19:15:17,037 [ERROR] automation Element located by i0116 is not present. Message: no such element: Unable to locate element: {"method":"css selector","selector":"[id="i0116"]"}
  (Session info: chrome=122.0.6261.131); For documentation on this error, please visit: https://www.selenium.dev/documentation/webdriver/troubleshooting/errors#no-such-element-exception
Stacktrace:
	GetHandleVerifier [0x00007FF6C01FAD02+56930]
	(No symbol) [0x00007FF6C016F602]
	(No symbol) [0x00007FF6C00242E5]
	(No symbol) [0x00007FF6C00698ED]
	(No symbol) [0x00007FF6C0069A2C]
	(No symbol) [0x00007FF6C00AA967]
	(No symbol) [0x00007FF6C008BCDF]
	(No symbol) [0x00007FF6C00A81E2]
	(No symbol) [0x00007FF6C008BA43]
	(No symbol) [0x00007FF6C005D438]
	(No symbol) [0x00007FF6C005E4D1]
	GetHandleVerifier [0x00007FF6C0576F8D+3711213]
	GetHandleVerifier [0x00007FF6C05D04CD+4077101]
	GetHandleVerifier [0x00007FF6C05C865F+4044735]
	GetHandleVerifier [0x00007FF6C0299736+706710]
	(No symbol) [0x00007FF6C017B8DF]
	(No symbol) [0x00007FF6C0176AC4]
	(No symbol) [0x00007FF6C0176C1C]
	(No symbol) [0x00007FF6C01668D4]
	BaseThreadInitThunk [0x00007FF9494C257D+29]
	RtlUserThreadStart [0x00007FF94AC4AA58+40]

2024-04-03 19:15:17,102 [ERROR] automation Element located by i0116 is not present. Message: no such element: Unable to locate element: {"method":"css selector","selector":"[id="i0116"]"}
  (Session info: chrome=122.0.6261.131); For documentation on this error, please visit: https://www.selenium.dev/documentation/webdriver/troubleshooting/errors#no-such-element-exception
Stacktrace:
	GetHandleVerifier [0x00007FF6C01FAD02+56930]
	(No symbol) [0x00007FF6C016F602]
	(No symbol) [0x00007FF6C00242E5]
	(No symbol) [0x00007FF6C00698ED]
	(No symbol) [0x00007FF6C0069A2C]
	(No symbol) [0x00007FF6C00AA967]
	(No symbol) [0x00007FF6C008BCDF]
	(No symbol) [0x00007FF6C00A81E2]
	(No symbol) [0x00007FF6C008BA43]
	(No symbol) [0x00007FF6C005D438]
	(No symbol) [0x00007FF6C005E4D1]
	GetHandleVerifier [0x00007FF6C0576F8D+3711213]
	GetHandleVerifier [0x00007FF6C05D04CD+4077101]
	GetHandleVerifier [0x00007FF6C05C865F+4044735]
	GetHandleVerifier [0x00007FF6C0299736+706710]
	(No symbol) [0x00007FF6C017B8DF]
	(No symbol) [0x00007FF6C0176AC4]
	(No symbol) [0x00007FF6C0176C1C]
	(No symbol) [0x00007FF6C01668D4]
	BaseThreadInitThunk [0x00007FF9494C257D+29]
	RtlUserThreadStart [0x00007FF94AC4AA58+40]

2024-04-03 19:15:17,166 [ERROR] automation Element located by i0116 is not present. Message: no such element: Unable to locate element: {"method":"css selector","selector":"[id="i0116"]"}
  (Session info: chrome=122.0.6261.131); For documentation on this error, please visit: https://www.selenium.dev/documentation/webdriver/troubleshooting/errors#no-such-element-exception
Stacktrace:
	GetHandleVerifier [0x00007FF6C01FAD02+56930]
	(No symbol) [0x00007FF6C016F602]
	(No symbol) [0x00007FF6C00242E5]
	(No symbol) [0x00007FF6C00698ED]
	(No symbol) [0x00007FF6C0069A2C]
	(No symbol) [0x00007FF6C00AA967]
	(No symbol) [0x00007FF6C008BCDF]
	(No symbol) [0x00007FF6C00A81E2]
	(No symbol) [0x00007FF6C008BA43]
	(No symbol) [0x00007FF6C005D438]
	(No symbol) [0x00007FF6C005E4D1]
	GetHandleVerifier [0x00007FF6C0576F8D+3711213]
	GetHandleVerifier [0x00007FF6C05D04CD+4077101]
	GetHandleVerifier [0x00007FF6C05C865F+4044735]
	GetHandleVerifier [0x00007FF6C0299736+706710]
	(No symbol) [0x00007FF6C017B8DF]
	(No symbol) [0x00007FF6C0176AC4]
	(No symbol) [0x00007FF6C0176C1C]
	(No symbol) [0x00007FF6C01668D4]
	BaseThreadInitThunk [0x00007FF9494C257D+29]
	RtlUserThreadStart [0x00007FF94AC4AA58+40]

2024-04-03 19:15:17,809 [ERROR] automation Element located by i0116 is not present. Message: no such element: Unable to locate element: {"method":"css selector","selector":"[id="i0116"]"}
  (Session info: chrome=122.0.6261.131); For documentation on this error, please visit: https://www.selenium.dev/documentation/webdriver/troubleshooting/errors#no-such-element-exception
Stacktrace:
	GetHandleVerifier [0x00007FF6C01FAD02+56930]
	(No symbol) [0x00007FF6C016F602]
	(No symbol) [0x00007FF6C00242E5]
	(No symbol) [0x00007FF6C00698ED]
	(No symbol) [0x00007FF6C0069A2C]
	(No symbol) [0x00007FF6C00AA967]
	(No symbol) [0x00007FF6C008BCDF]
	(No symbol) [0x00007FF6C00A81E2]
	(No symbol) [0x00007FF6C008BA43]
	(No symbol) [0x00007FF6C005D438]
	(No symbol) [0x00007FF6C005E4D1]
	GetHandleVerifier [0x00007FF6C0576F8D+3711213]
	GetHandleVerifier [0x00007FF6C05D04CD+4077101]
	GetHandleVerifier [0x00007FF6C05C865F+4044735]
	GetHandleVerifier [0x00007FF6C0299736+706710]
	(No symbol) [0x00007FF6C017B8DF]
	(No symbol) [0x00007FF6C0176AC4]
	(No symbol) [0x00007FF6C0176C1C]
	(No symbol) [0x00007FF6C01668D4]
	BaseThreadInitThunk [0x00007FF9494C257D+29]
	RtlUserThreadStart [0x00007FF94AC4AA58+40]

2024-04-03 19:15:17,905 [ERROR] automation Element located by i0116 is not present. Message: no such element: Unable to locate element: {"method":"css selector","selector":"[id="i0116"]"}
  (Session info: chrome=122.0.6261.131); For documentation on this error, please visit: https://www.selenium.dev/documentation/webdriver/troubleshooting/errors#no-such-element-exception
Stacktrace:
	GetHandleVerifier [0x00007FF6C01FAD02+56930]
	(No symbol) [0x00007FF6C016F602]
	(No symbol) [0x00007FF6C00242E5]
	(No symbol) [0x00007FF6C00698ED]
	(No symbol) [0x00007FF6C0069A2C]
	(No symbol) [0x00007FF6C00AA967]
	(No symbol) [0x00007FF6C008BCDF]
	(No symbol) [0x00007FF6C00A81E2]
	(No symbol) [0x00007FF6C008BA43]
	(No symbol) [0x00007FF6C005D438]
	(No symbol) [0x00007FF6C005E4D1]
	GetHandleVerifier [0x00007FF6C0576F8D+3711213]
	GetHandleVerifier [0x00007FF6C05D04CD+4077101]
	GetHandleVerifier [0x00007FF6C05C865F+4044735]
	GetHandleVerifier [0x00007FF6C0299736+706710]
	(No symbol) [0x00007FF6C017B8DF]
	(No symbol) [0x00007FF6C0176AC4]
	(No symbol) [0x00007FF6C0176C1C]
	(No symbol) [0x00007FF6C01668D4]
	BaseThreadInitThunk [0x00007FF9494C257D+29]
	RtlUserThreadStart [0x00007FF94AC4AA58+40]

2024-04-03 19:15:17,970 [ERROR] automation Element located by i0116 is not present. Message: no such element: Unable to locate element: {"method":"css selector","selector":"[id="i0116"]"}
  (Session info: chrome=122.0.6261.131); For documentation on this error, please visit: https://www.selenium.dev/documentation/webdriver/troubleshooting/errors#no-such-element-exception
Stacktrace:
	GetHandleVerifier [0x00007FF6C01FAD02+56930]
	(No symbol) [0x00007FF6C016F602]
	(No symbol) [0x00007FF6C00242E5]
	(No symbol) [0x00007FF6C00698ED]
	(No symbol) [0x00007FF6C0069A2C]
	(No symbol) [0x00007FF6C00AA967]
	(No symbol) [0x00007FF6C008BCDF]
	(No symbol) [0x00007FF6C00A81E2]
	(No symbol) [0x00007FF6C008BA43]
	(No symbol) [0x00007FF6C005D438]
	(No symbol) [0x00007FF6C005E4D1]
	GetHandleVerifier [0x00007FF6C0576F8D+3711213]
	GetHandleVerifier [0x00007FF6C05D04CD+4077101]
	GetHandleVerifier [0x00007FF6C05C865F+4044735]
	GetHandleVerifier [0x00007FF6C0299736+706710]
	(No symbol) [0x00007FF6C017B8DF]
	(No symbol) [0x00007FF6C0176AC4]
	(No symbol) [0x00007FF6C0176C1C]
	(No symbol) [0x00007FF6C01668D4]
	BaseThreadInitThunk [0x00007FF9494C257D+29]
	RtlUserThreadStart [0x00007FF94AC4AA58+40]

2024-04-03 19:15:18,138 [INFO] automation Element located by i0116 is present.
2024-04-03 19:15:25,175 [INFO] automation Element located by //div[@class='logo'] is present.
2024-04-03 19:15:29,275 [INFO] automation Element located by //div[@class='tableFixHead']/table/tbody/tr[contains(@class,'even_col')][1] is present.
2024-04-03 19:15:31,851 [INFO] automation Element located by //input[@formcontrolname='title'] is present.
2024-04-03 19:15:31,862 [INFO] automation Element located by //input[@formcontrolname='title'] is present.
2024-04-03 19:15:34,443 [ERROR] automation Element located by //div[@role='alert' and contains(text(),'success') or contains(text(),'Success')] is not present. Message: no such element: Unable to locate element: {"method":"xpath","selector":"//div[@role='alert' and contains(text(),'success') or contains(text(),'Success')]"}
  (Session info: chrome=122.0.6261.131); For documentation on this error, please visit: https://www.selenium.dev/documentation/webdriver/troubleshooting/errors#no-such-element-exception
Stacktrace:
	GetHandleVerifier [0x00007FF6C01FAD02+56930]
	(No symbol) [0x00007FF6C016F602]
	(No symbol) [0x00007FF6C00242E5]
	(No symbol) [0x00007FF6C00698ED]
	(No symbol) [0x00007FF6C0069A2C]
	(No symbol) [0x00007FF6C00AA967]
	(No symbol) [0x00007FF6C008BCDF]
	(No symbol) [0x00007FF6C00A81E2]
	(No symbol) [0x00007FF6C008BA43]
	(No symbol) [0x00007FF6C005D438]
	(No symbol) [0x00007FF6C005E4D1]
	GetHandleVerifier [0x00007FF6C0576F8D+3711213]
	GetHandleVerifier [0x00007FF6C05D04CD+4077101]
	GetHandleVerifier [0x00007FF6C05C865F+4044735]
	GetHandleVerifier [0x00007FF6C0299736+706710]
	(No symbol) [0x00007FF6C017B8DF]
	(No symbol) [0x00007FF6C0176AC4]
	(No symbol) [0x00007FF6C0176C1C]
	(No symbol) [0x00007FF6C01668D4]
	BaseThreadInitThunk [0x00007FF9494C257D+29]
	RtlUserThreadStart [0x00007FF94AC4AA58+40]

2024-04-03 19:15:34,527 [INFO] automation Element located by //div[@role='alert' and contains(text(),'success') or contains(text(),'Success')] is present.
2024-04-03 19:15:34,530 [INFO] automation Test passed.
2024-04-03 19:15:34,535 [INFO] automation Test has started.
2024-04-03 19:15:34,535 [INFO] automation Navigating to the https://chorusqa.cogninelabs.com/
2024-04-03 19:15:40,784 [ERROR] automation Element located by i0116 is not present. Message: no such element: Unable to locate element: {"method":"css selector","selector":"[id="i0116"]"}
  (Session info: chrome=122.0.6261.131); For documentation on this error, please visit: https://www.selenium.dev/documentation/webdriver/troubleshooting/errors#no-such-element-exception
Stacktrace:
	GetHandleVerifier [0x00007FF6C01FAD02+56930]
	(No symbol) [0x00007FF6C016F602]
	(No symbol) [0x00007FF6C00242E5]
	(No symbol) [0x00007FF6C00698ED]
	(No symbol) [0x00007FF6C0069A2C]
	(No symbol) [0x00007FF6C00AA967]
	(No symbol) [0x00007FF6C008BCDF]
	(No symbol) [0x00007FF6C00A81E2]
	(No symbol) [0x00007FF6C008BA43]
	(No symbol) [0x00007FF6C005D438]
	(No symbol) [0x00007FF6C005E4D1]
	GetHandleVerifier [0x00007FF6C0576F8D+3711213]
	GetHandleVerifier [0x00007FF6C05D04CD+4077101]
	GetHandleVerifier [0x00007FF6C05C865F+4044735]
	GetHandleVerifier [0x00007FF6C0299736+706710]
	(No symbol) [0x00007FF6C017B8DF]
	(No symbol) [0x00007FF6C0176AC4]
	(No symbol) [0x00007FF6C0176C1C]
	(No symbol) [0x00007FF6C01668D4]
	BaseThreadInitThunk [0x00007FF9494C257D+29]
	RtlUserThreadStart [0x00007FF94AC4AA58+40]

2024-04-03 19:15:40,849 [ERROR] automation Element located by i0116 is not present. Message: no such element: Unable to locate element: {"method":"css selector","selector":"[id="i0116"]"}
  (Session info: chrome=122.0.6261.131); For documentation on this error, please visit: https://www.selenium.dev/documentation/webdriver/troubleshooting/errors#no-such-element-exception
Stacktrace:
	GetHandleVerifier [0x00007FF6C01FAD02+56930]
	(No symbol) [0x00007FF6C016F602]
	(No symbol) [0x00007FF6C00242E5]
	(No symbol) [0x00007FF6C00698ED]
	(No symbol) [0x00007FF6C0069A2C]
	(No symbol) [0x00007FF6C00AA967]
	(No symbol) [0x00007FF6C008BCDF]
	(No symbol) [0x00007FF6C00A81E2]
	(No symbol) [0x00007FF6C008BA43]
	(No symbol) [0x00007FF6C005D438]
	(No symbol) [0x00007FF6C005E4D1]
	GetHandleVerifier [0x00007FF6C0576F8D+3711213]
	GetHandleVerifier [0x00007FF6C05D04CD+4077101]
	GetHandleVerifier [0x00007FF6C05C865F+4044735]
	GetHandleVerifier [0x00007FF6C0299736+706710]
	(No symbol) [0x00007FF6C017B8DF]
	(No symbol) [0x00007FF6C0176AC4]
	(No symbol) [0x00007FF6C0176C1C]
	(No symbol) [0x00007FF6C01668D4]
	BaseThreadInitThunk [0x00007FF9494C257D+29]
	RtlUserThreadStart [0x00007FF94AC4AA58+40]

2024-04-03 19:15:40,917 [ERROR] automation Element located by i0116 is not present. Message: no such element: Unable to locate element: {"method":"css selector","selector":"[id="i0116"]"}
  (Session info: chrome=122.0.6261.131); For documentation on this error, please visit: https://www.selenium.dev/documentation/webdriver/troubleshooting/errors#no-such-element-exception
Stacktrace:
	GetHandleVerifier [0x00007FF6C01FAD02+56930]
	(No symbol) [0x00007FF6C016F602]
	(No symbol) [0x00007FF6C00242E5]
	(No symbol) [0x00007FF6C00698ED]
	(No symbol) [0x00007FF6C0069A2C]
	(No symbol) [0x00007FF6C00AA967]
	(No symbol) [0x00007FF6C008BCDF]
	(No symbol) [0x00007FF6C00A81E2]
	(No symbol) [0x00007FF6C008BA43]
	(No symbol) [0x00007FF6C005D438]
	(No symbol) [0x00007FF6C005E4D1]
	GetHandleVerifier [0x00007FF6C0576F8D+3711213]
	GetHandleVerifier [0x00007FF6C05D04CD+4077101]
	GetHandleVerifier [0x00007FF6C05C865F+4044735]
	GetHandleVerifier [0x00007FF6C0299736+706710]
	(No symbol) [0x00007FF6C017B8DF]
	(No symbol) [0x00007FF6C0176AC4]
	(No symbol) [0x00007FF6C0176C1C]
	(No symbol) [0x00007FF6C01668D4]
	BaseThreadInitThunk [0x00007FF9494C257D+29]
	RtlUserThreadStart [0x00007FF94AC4AA58+40]

2024-04-03 19:15:40,983 [ERROR] automation Element located by i0116 is not present. Message: no such element: Unable to locate element: {"method":"css selector","selector":"[id="i0116"]"}
  (Session info: chrome=122.0.6261.131); For documentation on this error, please visit: https://www.selenium.dev/documentation/webdriver/troubleshooting/errors#no-such-element-exception
Stacktrace:
	GetHandleVerifier [0x00007FF6C01FAD02+56930]
	(No symbol) [0x00007FF6C016F602]
	(No symbol) [0x00007FF6C00242E5]
	(No symbol) [0x00007FF6C00698ED]
	(No symbol) [0x00007FF6C0069A2C]
	(No symbol) [0x00007FF6C00AA967]
	(No symbol) [0x00007FF6C008BCDF]
	(No symbol) [0x00007FF6C00A81E2]
	(No symbol) [0x00007FF6C008BA43]
	(No symbol) [0x00007FF6C005D438]
	(No symbol) [0x00007FF6C005E4D1]
	GetHandleVerifier [0x00007FF6C0576F8D+3711213]
	GetHandleVerifier [0x00007FF6C05D04CD+4077101]
	GetHandleVerifier [0x00007FF6C05C865F+4044735]
	GetHandleVerifier [0x00007FF6C0299736+706710]
	(No symbol) [0x00007FF6C017B8DF]
	(No symbol) [0x00007FF6C0176AC4]
	(No symbol) [0x00007FF6C0176C1C]
	(No symbol) [0x00007FF6C01668D4]
	BaseThreadInitThunk [0x00007FF9494C257D+29]
	RtlUserThreadStart [0x00007FF94AC4AA58+40]

2024-04-03 19:15:41,048 [ERROR] automation Element located by i0116 is not present. Message: no such element: Unable to locate element: {"method":"css selector","selector":"[id="i0116"]"}
  (Session info: chrome=122.0.6261.131); For documentation on this error, please visit: https://www.selenium.dev/documentation/webdriver/troubleshooting/errors#no-such-element-exception
Stacktrace:
	GetHandleVerifier [0x00007FF6C01FAD02+56930]
	(No symbol) [0x00007FF6C016F602]
	(No symbol) [0x00007FF6C00242E5]
	(No symbol) [0x00007FF6C00698ED]
	(No symbol) [0x00007FF6C0069A2C]
	(No symbol) [0x00007FF6C00AA967]
	(No symbol) [0x00007FF6C008BCDF]
	(No symbol) [0x00007FF6C00A81E2]
	(No symbol) [0x00007FF6C008BA43]
	(No symbol) [0x00007FF6C005D438]
	(No symbol) [0x00007FF6C005E4D1]
	GetHandleVerifier [0x00007FF6C0576F8D+3711213]
	GetHandleVerifier [0x00007FF6C05D04CD+4077101]
	GetHandleVerifier [0x00007FF6C05C865F+4044735]
	GetHandleVerifier [0x00007FF6C0299736+706710]
	(No symbol) [0x00007FF6C017B8DF]
	(No symbol) [0x00007FF6C0176AC4]
	(No symbol) [0x00007FF6C0176C1C]
	(No symbol) [0x00007FF6C01668D4]
	BaseThreadInitThunk [0x00007FF9494C257D+29]
	RtlUserThreadStart [0x00007FF94AC4AA58+40]

2024-04-03 19:15:41,112 [ERROR] automation Element located by i0116 is not present. Message: no such element: Unable to locate element: {"method":"css selector","selector":"[id="i0116"]"}
  (Session info: chrome=122.0.6261.131); For documentation on this error, please visit: https://www.selenium.dev/documentation/webdriver/troubleshooting/errors#no-such-element-exception
Stacktrace:
	GetHandleVerifier [0x00007FF6C01FAD02+56930]
	(No symbol) [0x00007FF6C016F602]
	(No symbol) [0x00007FF6C00242E5]
	(No symbol) [0x00007FF6C00698ED]
	(No symbol) [0x00007FF6C0069A2C]
	(No symbol) [0x00007FF6C00AA967]
	(No symbol) [0x00007FF6C008BCDF]
	(No symbol) [0x00007FF6C00A81E2]
	(No symbol) [0x00007FF6C008BA43]
	(No symbol) [0x00007FF6C005D438]
	(No symbol) [0x00007FF6C005E4D1]
	GetHandleVerifier [0x00007FF6C0576F8D+3711213]
	GetHandleVerifier [0x00007FF6C05D04CD+4077101]
	GetHandleVerifier [0x00007FF6C05C865F+4044735]
	GetHandleVerifier [0x00007FF6C0299736+706710]
	(No symbol) [0x00007FF6C017B8DF]
	(No symbol) [0x00007FF6C0176AC4]
	(No symbol) [0x00007FF6C0176C1C]
	(No symbol) [0x00007FF6C01668D4]
	BaseThreadInitThunk [0x00007FF9494C257D+29]
	RtlUserThreadStart [0x00007FF94AC4AA58+40]

2024-04-03 19:15:41,175 [ERROR] automation Element located by i0116 is not present. Message: no such element: Unable to locate element: {"method":"css selector","selector":"[id="i0116"]"}
  (Session info: chrome=122.0.6261.131); For documentation on this error, please visit: https://www.selenium.dev/documentation/webdriver/troubleshooting/errors#no-such-element-exception
Stacktrace:
	GetHandleVerifier [0x00007FF6C01FAD02+56930]
	(No symbol) [0x00007FF6C016F602]
	(No symbol) [0x00007FF6C00242E5]
	(No symbol) [0x00007FF6C00698ED]
	(No symbol) [0x00007FF6C0069A2C]
	(No symbol) [0x00007FF6C00AA967]
	(No symbol) [0x00007FF6C008BCDF]
	(No symbol) [0x00007FF6C00A81E2]
	(No symbol) [0x00007FF6C008BA43]
	(No symbol) [0x00007FF6C005D438]
	(No symbol) [0x00007FF6C005E4D1]
	GetHandleVerifier [0x00007FF6C0576F8D+3711213]
	GetHandleVerifier [0x00007FF6C05D04CD+4077101]
	GetHandleVerifier [0x00007FF6C05C865F+4044735]
	GetHandleVerifier [0x00007FF6C0299736+706710]
	(No symbol) [0x00007FF6C017B8DF]
	(No symbol) [0x00007FF6C0176AC4]
	(No symbol) [0x00007FF6C0176C1C]
	(No symbol) [0x00007FF6C01668D4]
	BaseThreadInitThunk [0x00007FF9494C257D+29]
	RtlUserThreadStart [0x00007FF94AC4AA58+40]

2024-04-03 19:15:42,056 [ERROR] automation Element located by i0116 is not present. Message: no such element: Unable to locate element: {"method":"css selector","selector":"[id="i0116"]"}
  (Session info: chrome=122.0.6261.131); For documentation on this error, please visit: https://www.selenium.dev/documentation/webdriver/troubleshooting/errors#no-such-element-exception
Stacktrace:
	GetHandleVerifier [0x00007FF6C01FAD02+56930]
	(No symbol) [0x00007FF6C016F602]
	(No symbol) [0x00007FF6C00242E5]
	(No symbol) [0x00007FF6C00698ED]
	(No symbol) [0x00007FF6C0069A2C]
	(No symbol) [0x00007FF6C00AA967]
	(No symbol) [0x00007FF6C008BCDF]
	(No symbol) [0x00007FF6C00A81E2]
	(No symbol) [0x00007FF6C008BA43]
	(No symbol) [0x00007FF6C005D438]
	(No symbol) [0x00007FF6C005E4D1]
	GetHandleVerifier [0x00007FF6C0576F8D+3711213]
	GetHandleVerifier [0x00007FF6C05D04CD+4077101]
	GetHandleVerifier [0x00007FF6C05C865F+4044735]
	GetHandleVerifier [0x00007FF6C0299736+706710]
	(No symbol) [0x00007FF6C017B8DF]
	(No symbol) [0x00007FF6C0176AC4]
	(No symbol) [0x00007FF6C0176C1C]
	(No symbol) [0x00007FF6C01668D4]
	BaseThreadInitThunk [0x00007FF9494C257D+29]
	RtlUserThreadStart [0x00007FF94AC4AA58+40]

2024-04-03 19:15:42,120 [ERROR] automation Element located by i0116 is not present. Message: no such element: Unable to locate element: {"method":"css selector","selector":"[id="i0116"]"}
  (Session info: chrome=122.0.6261.131); For documentation on this error, please visit: https://www.selenium.dev/documentation/webdriver/troubleshooting/errors#no-such-element-exception
Stacktrace:
	GetHandleVerifier [0x00007FF6C01FAD02+56930]
	(No symbol) [0x00007FF6C016F602]
	(No symbol) [0x00007FF6C00242E5]
	(No symbol) [0x00007FF6C00698ED]
	(No symbol) [0x00007FF6C0069A2C]
	(No symbol) [0x00007FF6C00AA967]
	(No symbol) [0x00007FF6C008BCDF]
	(No symbol) [0x00007FF6C00A81E2]
	(No symbol) [0x00007FF6C008BA43]
	(No symbol) [0x00007FF6C005D438]
	(No symbol) [0x00007FF6C005E4D1]
	GetHandleVerifier [0x00007FF6C0576F8D+3711213]
	GetHandleVerifier [0x00007FF6C05D04CD+4077101]
	GetHandleVerifier [0x00007FF6C05C865F+4044735]
	GetHandleVerifier [0x00007FF6C0299736+706710]
	(No symbol) [0x00007FF6C017B8DF]
	(No symbol) [0x00007FF6C0176AC4]
	(No symbol) [0x00007FF6C0176C1C]
	(No symbol) [0x00007FF6C01668D4]
	BaseThreadInitThunk [0x00007FF9494C257D+29]
	RtlUserThreadStart [0x00007FF94AC4AA58+40]

2024-04-03 19:15:42,186 [ERROR] automation Element located by i0116 is not present. Message: no such element: Unable to locate element: {"method":"css selector","selector":"[id="i0116"]"}
  (Session info: chrome=122.0.6261.131); For documentation on this error, please visit: https://www.selenium.dev/documentation/webdriver/troubleshooting/errors#no-such-element-exception
Stacktrace:
	GetHandleVerifier [0x00007FF6C01FAD02+56930]
	(No symbol) [0x00007FF6C016F602]
	(No symbol) [0x00007FF6C00242E5]
	(No symbol) [0x00007FF6C00698ED]
	(No symbol) [0x00007FF6C0069A2C]
	(No symbol) [0x00007FF6C00AA967]
	(No symbol) [0x00007FF6C008BCDF]
	(No symbol) [0x00007FF6C00A81E2]
	(No symbol) [0x00007FF6C008BA43]
	(No symbol) [0x00007FF6C005D438]
	(No symbol) [0x00007FF6C005E4D1]
	GetHandleVerifier [0x00007FF6C0576F8D+3711213]
	GetHandleVerifier [0x00007FF6C05D04CD+4077101]
	GetHandleVerifier [0x00007FF6C05C865F+4044735]
	GetHandleVerifier [0x00007FF6C0299736+706710]
	(No symbol) [0x00007FF6C017B8DF]
	(No symbol) [0x00007FF6C0176AC4]
	(No symbol) [0x00007FF6C0176C1C]
	(No symbol) [0x00007FF6C01668D4]
	BaseThreadInitThunk [0x00007FF9494C257D+29]
	RtlUserThreadStart [0x00007FF94AC4AA58+40]

2024-04-03 19:15:42,322 [INFO] automation Element located by i0116 is present.
2024-04-03 19:15:49,552 [INFO] automation Element located by //div[@class='logo'] is present.
2024-04-03 19:15:53,681 [INFO] automation Element located by //div[@class='tableFixHead']/table/tbody/tr[contains(@class,'even_col')][1] is present.
2024-04-03 19:15:56,579 [INFO] automation CPU Percent: 10.7	Virtual Memory: svmem(total=12635017216, available=1311629312, percent=89.6, used=11323387904, free=1311629312)
2024-04-03 19:15:56,686 [INFO] automation screenshot logged as: C:\Users\Thanusha Kotaprolu\Automation Projects\cognine-crm-automation\RunExecutionScripts\common\logs\screenshots\test_crm_emaildraft_page_smoke_test__fail031915563a0f.png
2024-04-03 19:15:56,686 [ERROR] automation Test failed.
