2024-04-03 15:38:29,302 [INFO] automation Test has started.
2024-04-03 15:38:29,302 [INFO] automation Navigating to the https://chorusqa.cogninelabs.com/
2024-04-03 15:38:34,144 [ERROR] automation Element located by i0116 is not present. Message: no such element: Unable to locate element: {"method":"css selector","selector":"[id="i0116"]"}
  (Session info: chrome=122.0.6261.131); For documentation on this error, please visit: https://www.selenium.dev/documentation/webdriver/troubleshooting/errors#no-such-element-exception
Stacktrace:
	GetHandleVerifier [0x00007FF6321CAD02+56930]
	(No symbol) [0x00007FF63213F602]
	(No symbol) [0x00007FF631FF42E5]
	(No symbol) [0x00007FF6320398ED]
	(No symbol) [0x00007FF632039A2C]
	(No symbol) [0x00007FF63207A967]
	(No symbol) [0x00007FF63205BCDF]
	(No symbol) [0x00007FF6320781E2]
	(No symbol) [0x00007FF63205BA43]
	(No symbol) [0x00007FF63202D438]
	(No symbol) [0x00007FF63202E4D1]
	GetHandleVerifier [0x00007FF632546F8D+3711213]
	GetHandleVerifier [0x00007FF6325A04CD+4077101]
	GetHandleVerifier [0x00007FF63259865F+4044735]
	GetHandleVerifier [0x00007FF632269736+706710]
	(No symbol) [0x00007FF63214B8DF]
	(No symbol) [0x00007FF632146AC4]
	(No symbol) [0x00007FF632146C1C]
	(No symbol) [0x00007FF6321368D4]
	BaseThreadInitThunk [0x00007FF9494C257D+29]
	RtlUserThreadStart [0x00007FF94AC4AA58+40]

2024-04-03 15:38:34,203 [ERROR] automation Element located by i0116 is not present. Message: no such element: Unable to locate element: {"method":"css selector","selector":"[id="i0116"]"}
  (Session info: chrome=122.0.6261.131); For documentation on this error, please visit: https://www.selenium.dev/documentation/webdriver/troubleshooting/errors#no-such-element-exception
Stacktrace:
	GetHandleVerifier [0x00007FF6321CAD02+56930]
	(No symbol) [0x00007FF63213F602]
	(No symbol) [0x00007FF631FF42E5]
	(No symbol) [0x00007FF6320398ED]
	(No symbol) [0x00007FF632039A2C]
	(No symbol) [0x00007FF63207A967]
	(No symbol) [0x00007FF63205BCDF]
	(No symbol) [0x00007FF6320781E2]
	(No symbol) [0x00007FF63205BA43]
	(No symbol) [0x00007FF63202D438]
	(No symbol) [0x00007FF63202E4D1]
	GetHandleVerifier [0x00007FF632546F8D+3711213]
	GetHandleVerifier [0x00007FF6325A04CD+4077101]
	GetHandleVerifier [0x00007FF63259865F+4044735]
	GetHandleVerifier [0x00007FF632269736+706710]
	(No symbol) [0x00007FF63214B8DF]
	(No symbol) [0x00007FF632146AC4]
	(No symbol) [0x00007FF632146C1C]
	(No symbol) [0x00007FF6321368D4]
	BaseThreadInitThunk [0x00007FF9494C257D+29]
	RtlUserThreadStart [0x00007FF94AC4AA58+40]

2024-04-03 15:38:34,263 [ERROR] automation Element located by i0116 is not present. Message: no such element: Unable to locate element: {"method":"css selector","selector":"[id="i0116"]"}
  (Session info: chrome=122.0.6261.131); For documentation on this error, please visit: https://www.selenium.dev/documentation/webdriver/troubleshooting/errors#no-such-element-exception
Stacktrace:
	GetHandleVerifier [0x00007FF6321CAD02+56930]
	(No symbol) [0x00007FF63213F602]
	(No symbol) [0x00007FF631FF42E5]
	(No symbol) [0x00007FF6320398ED]
	(No symbol) [0x00007FF632039A2C]
	(No symbol) [0x00007FF63207A967]
	(No symbol) [0x00007FF63205BCDF]
	(No symbol) [0x00007FF6320781E2]
	(No symbol) [0x00007FF63205BA43]
	(No symbol) [0x00007FF63202D438]
	(No symbol) [0x00007FF63202E4D1]
	GetHandleVerifier [0x00007FF632546F8D+3711213]
	GetHandleVerifier [0x00007FF6325A04CD+4077101]
	GetHandleVerifier [0x00007FF63259865F+4044735]
	GetHandleVerifier [0x00007FF632269736+706710]
	(No symbol) [0x00007FF63214B8DF]
	(No symbol) [0x00007FF632146AC4]
	(No symbol) [0x00007FF632146C1C]
	(No symbol) [0x00007FF6321368D4]
	BaseThreadInitThunk [0x00007FF9494C257D+29]
	RtlUserThreadStart [0x00007FF94AC4AA58+40]

2024-04-03 15:38:34,318 [ERROR] automation Element located by i0116 is not present. Message: no such element: Unable to locate element: {"method":"css selector","selector":"[id="i0116"]"}
  (Session info: chrome=122.0.6261.131); For documentation on this error, please visit: https://www.selenium.dev/documentation/webdriver/troubleshooting/errors#no-such-element-exception
Stacktrace:
	GetHandleVerifier [0x00007FF6321CAD02+56930]
	(No symbol) [0x00007FF63213F602]
	(No symbol) [0x00007FF631FF42E5]
	(No symbol) [0x00007FF6320398ED]
	(No symbol) [0x00007FF632039A2C]
	(No symbol) [0x00007FF63207A967]
	(No symbol) [0x00007FF63205BCDF]
	(No symbol) [0x00007FF6320781E2]
	(No symbol) [0x00007FF63205BA43]
	(No symbol) [0x00007FF63202D438]
	(No symbol) [0x00007FF63202E4D1]
	GetHandleVerifier [0x00007FF632546F8D+3711213]
	GetHandleVerifier [0x00007FF6325A04CD+4077101]
	GetHandleVerifier [0x00007FF63259865F+4044735]
	GetHandleVerifier [0x00007FF632269736+706710]
	(No symbol) [0x00007FF63214B8DF]
	(No symbol) [0x00007FF632146AC4]
	(No symbol) [0x00007FF632146C1C]
	(No symbol) [0x00007FF6321368D4]
	BaseThreadInitThunk [0x00007FF9494C257D+29]
	RtlUserThreadStart [0x00007FF94AC4AA58+40]

2024-04-03 15:38:34,387 [ERROR] automation Element located by i0116 is not present. Message: no such element: Unable to locate element: {"method":"css selector","selector":"[id="i0116"]"}
  (Session info: chrome=122.0.6261.131); For documentation on this error, please visit: https://www.selenium.dev/documentation/webdriver/troubleshooting/errors#no-such-element-exception
Stacktrace:
	GetHandleVerifier [0x00007FF6321CAD02+56930]
	(No symbol) [0x00007FF63213F602]
	(No symbol) [0x00007FF631FF42E5]
	(No symbol) [0x00007FF6320398ED]
	(No symbol) [0x00007FF632039A2C]
	(No symbol) [0x00007FF63207A967]
	(No symbol) [0x00007FF63205BCDF]
	(No symbol) [0x00007FF6320781E2]
	(No symbol) [0x00007FF63205BA43]
	(No symbol) [0x00007FF63202D438]
	(No symbol) [0x00007FF63202E4D1]
	GetHandleVerifier [0x00007FF632546F8D+3711213]
	GetHandleVerifier [0x00007FF6325A04CD+4077101]
	GetHandleVerifier [0x00007FF63259865F+4044735]
	GetHandleVerifier [0x00007FF632269736+706710]
	(No symbol) [0x00007FF63214B8DF]
	(No symbol) [0x00007FF632146AC4]
	(No symbol) [0x00007FF632146C1C]
	(No symbol) [0x00007FF6321368D4]
	BaseThreadInitThunk [0x00007FF9494C257D+29]
	RtlUserThreadStart [0x00007FF94AC4AA58+40]

2024-04-03 15:38:34,452 [ERROR] automation Element located by i0116 is not present. Message: no such element: Unable to locate element: {"method":"css selector","selector":"[id="i0116"]"}
  (Session info: chrome=122.0.6261.131); For documentation on this error, please visit: https://www.selenium.dev/documentation/webdriver/troubleshooting/errors#no-such-element-exception
Stacktrace:
	GetHandleVerifier [0x00007FF6321CAD02+56930]
	(No symbol) [0x00007FF63213F602]
	(No symbol) [0x00007FF631FF42E5]
	(No symbol) [0x00007FF6320398ED]
	(No symbol) [0x00007FF632039A2C]
	(No symbol) [0x00007FF63207A967]
	(No symbol) [0x00007FF63205BCDF]
	(No symbol) [0x00007FF6320781E2]
	(No symbol) [0x00007FF63205BA43]
	(No symbol) [0x00007FF63202D438]
	(No symbol) [0x00007FF63202E4D1]
	GetHandleVerifier [0x00007FF632546F8D+3711213]
	GetHandleVerifier [0x00007FF6325A04CD+4077101]
	GetHandleVerifier [0x00007FF63259865F+4044735]
	GetHandleVerifier [0x00007FF632269736+706710]
	(No symbol) [0x00007FF63214B8DF]
	(No symbol) [0x00007FF632146AC4]
	(No symbol) [0x00007FF632146C1C]
	(No symbol) [0x00007FF6321368D4]
	BaseThreadInitThunk [0x00007FF9494C257D+29]
	RtlUserThreadStart [0x00007FF94AC4AA58+40]

2024-04-03 15:38:34,516 [ERROR] automation Element located by i0116 is not present. Message: no such element: Unable to locate element: {"method":"css selector","selector":"[id="i0116"]"}
  (Session info: chrome=122.0.6261.131); For documentation on this error, please visit: https://www.selenium.dev/documentation/webdriver/troubleshooting/errors#no-such-element-exception
Stacktrace:
	GetHandleVerifier [0x00007FF6321CAD02+56930]
	(No symbol) [0x00007FF63213F602]
	(No symbol) [0x00007FF631FF42E5]
	(No symbol) [0x00007FF6320398ED]
	(No symbol) [0x00007FF632039A2C]
	(No symbol) [0x00007FF63207A967]
	(No symbol) [0x00007FF63205BCDF]
	(No symbol) [0x00007FF6320781E2]
	(No symbol) [0x00007FF63205BA43]
	(No symbol) [0x00007FF63202D438]
	(No symbol) [0x00007FF63202E4D1]
	GetHandleVerifier [0x00007FF632546F8D+3711213]
	GetHandleVerifier [0x00007FF6325A04CD+4077101]
	GetHandleVerifier [0x00007FF63259865F+4044735]
	GetHandleVerifier [0x00007FF632269736+706710]
	(No symbol) [0x00007FF63214B8DF]
	(No symbol) [0x00007FF632146AC4]
	(No symbol) [0x00007FF632146C1C]
	(No symbol) [0x00007FF6321368D4]
	BaseThreadInitThunk [0x00007FF9494C257D+29]
	RtlUserThreadStart [0x00007FF94AC4AA58+40]

2024-04-03 15:38:35,381 [ERROR] automation Element located by i0116 is not present. Message: no such element: Unable to locate element: {"method":"css selector","selector":"[id="i0116"]"}
  (Session info: chrome=122.0.6261.131); For documentation on this error, please visit: https://www.selenium.dev/documentation/webdriver/troubleshooting/errors#no-such-element-exception
Stacktrace:
	GetHandleVerifier [0x00007FF6321CAD02+56930]
	(No symbol) [0x00007FF63213F602]
	(No symbol) [0x00007FF631FF42E5]
	(No symbol) [0x00007FF6320398ED]
	(No symbol) [0x00007FF632039A2C]
	(No symbol) [0x00007FF63207A967]
	(No symbol) [0x00007FF63205BCDF]
	(No symbol) [0x00007FF6320781E2]
	(No symbol) [0x00007FF63205BA43]
	(No symbol) [0x00007FF63202D438]
	(No symbol) [0x00007FF63202E4D1]
	GetHandleVerifier [0x00007FF632546F8D+3711213]
	GetHandleVerifier [0x00007FF6325A04CD+4077101]
	GetHandleVerifier [0x00007FF63259865F+4044735]
	GetHandleVerifier [0x00007FF632269736+706710]
	(No symbol) [0x00007FF63214B8DF]
	(No symbol) [0x00007FF632146AC4]
	(No symbol) [0x00007FF632146C1C]
	(No symbol) [0x00007FF6321368D4]
	BaseThreadInitThunk [0x00007FF9494C257D+29]
	RtlUserThreadStart [0x00007FF94AC4AA58+40]

2024-04-03 15:38:35,446 [ERROR] automation Element located by i0116 is not present. Message: no such element: Unable to locate element: {"method":"css selector","selector":"[id="i0116"]"}
  (Session info: chrome=122.0.6261.131); For documentation on this error, please visit: https://www.selenium.dev/documentation/webdriver/troubleshooting/errors#no-such-element-exception
Stacktrace:
	GetHandleVerifier [0x00007FF6321CAD02+56930]
	(No symbol) [0x00007FF63213F602]
	(No symbol) [0x00007FF631FF42E5]
	(No symbol) [0x00007FF6320398ED]
	(No symbol) [0x00007FF632039A2C]
	(No symbol) [0x00007FF63207A967]
	(No symbol) [0x00007FF63205BCDF]
	(No symbol) [0x00007FF6320781E2]
	(No symbol) [0x00007FF63205BA43]
	(No symbol) [0x00007FF63202D438]
	(No symbol) [0x00007FF63202E4D1]
	GetHandleVerifier [0x00007FF632546F8D+3711213]
	GetHandleVerifier [0x00007FF6325A04CD+4077101]
	GetHandleVerifier [0x00007FF63259865F+4044735]
	GetHandleVerifier [0x00007FF632269736+706710]
	(No symbol) [0x00007FF63214B8DF]
	(No symbol) [0x00007FF632146AC4]
	(No symbol) [0x00007FF632146C1C]
	(No symbol) [0x00007FF6321368D4]
	BaseThreadInitThunk [0x00007FF9494C257D+29]
	RtlUserThreadStart [0x00007FF94AC4AA58+40]

2024-04-03 15:38:35,517 [ERROR] automation Element located by i0116 is not present. Message: no such element: Unable to locate element: {"method":"css selector","selector":"[id="i0116"]"}
  (Session info: chrome=122.0.6261.131); For documentation on this error, please visit: https://www.selenium.dev/documentation/webdriver/troubleshooting/errors#no-such-element-exception
Stacktrace:
	GetHandleVerifier [0x00007FF6321CAD02+56930]
	(No symbol) [0x00007FF63213F602]
	(No symbol) [0x00007FF631FF42E5]
	(No symbol) [0x00007FF6320398ED]
	(No symbol) [0x00007FF632039A2C]
	(No symbol) [0x00007FF63207A967]
	(No symbol) [0x00007FF63205BCDF]
	(No symbol) [0x00007FF6320781E2]
	(No symbol) [0x00007FF63205BA43]
	(No symbol) [0x00007FF63202D438]
	(No symbol) [0x00007FF63202E4D1]
	GetHandleVerifier [0x00007FF632546F8D+3711213]
	GetHandleVerifier [0x00007FF6325A04CD+4077101]
	GetHandleVerifier [0x00007FF63259865F+4044735]
	GetHandleVerifier [0x00007FF632269736+706710]
	(No symbol) [0x00007FF63214B8DF]
	(No symbol) [0x00007FF632146AC4]
	(No symbol) [0x00007FF632146C1C]
	(No symbol) [0x00007FF6321368D4]
	BaseThreadInitThunk [0x00007FF9494C257D+29]
	RtlUserThreadStart [0x00007FF94AC4AA58+40]

2024-04-03 15:38:35,586 [ERROR] automation Element located by i0116 is not present. Message: no such element: Unable to locate element: {"method":"css selector","selector":"[id="i0116"]"}
  (Session info: chrome=122.0.6261.131); For documentation on this error, please visit: https://www.selenium.dev/documentation/webdriver/troubleshooting/errors#no-such-element-exception
Stacktrace:
	GetHandleVerifier [0x00007FF6321CAD02+56930]
	(No symbol) [0x00007FF63213F602]
	(No symbol) [0x00007FF631FF42E5]
	(No symbol) [0x00007FF6320398ED]
	(No symbol) [0x00007FF632039A2C]
	(No symbol) [0x00007FF63207A967]
	(No symbol) [0x00007FF63205BCDF]
	(No symbol) [0x00007FF6320781E2]
	(No symbol) [0x00007FF63205BA43]
	(No symbol) [0x00007FF63202D438]
	(No symbol) [0x00007FF63202E4D1]
	GetHandleVerifier [0x00007FF632546F8D+3711213]
	GetHandleVerifier [0x00007FF6325A04CD+4077101]
	GetHandleVerifier [0x00007FF63259865F+4044735]
	GetHandleVerifier [0x00007FF632269736+706710]
	(No symbol) [0x00007FF63214B8DF]
	(No symbol) [0x00007FF632146AC4]
	(No symbol) [0x00007FF632146C1C]
	(No symbol) [0x00007FF6321368D4]
	BaseThreadInitThunk [0x00007FF9494C257D+29]
	RtlUserThreadStart [0x00007FF94AC4AA58+40]

2024-04-03 15:38:35,739 [INFO] automation Element located by i0116 is present.
2024-04-03 15:38:42,659 [INFO] automation Element located by //div[@class='logo'] is present.
2024-04-03 15:38:46,771 [INFO] automation Element located by //div[@class='tableFixHead']/table/tbody/tr[contains(@class,'even_col')][1] is present.
2024-04-03 15:38:49,222 [INFO] automation Element located by //input[@formcontrolname='email'] is present.
2024-04-03 15:38:49,230 [INFO] automation Element located by //input[@formcontrolname='email'] is present.
2024-04-03 15:38:49,628 [ERROR] automation Element located by //span[contains(text(),'Email Address already exists')] is not present. Message: no such element: Unable to locate element: {"method":"xpath","selector":"//span[contains(text(),'Email Address already exists')]"}
  (Session info: chrome=122.0.6261.131); For documentation on this error, please visit: https://www.selenium.dev/documentation/webdriver/troubleshooting/errors#no-such-element-exception
Stacktrace:
	GetHandleVerifier [0x00007FF6321CAD02+56930]
	(No symbol) [0x00007FF63213F602]
	(No symbol) [0x00007FF631FF42E5]
	(No symbol) [0x00007FF6320398ED]
	(No symbol) [0x00007FF632039A2C]
	(No symbol) [0x00007FF63207A967]
	(No symbol) [0x00007FF63205BCDF]
	(No symbol) [0x00007FF6320781E2]
	(No symbol) [0x00007FF63205BA43]
	(No symbol) [0x00007FF63202D438]
	(No symbol) [0x00007FF63202E4D1]
	GetHandleVerifier [0x00007FF632546F8D+3711213]
	GetHandleVerifier [0x00007FF6325A04CD+4077101]
	GetHandleVerifier [0x00007FF63259865F+4044735]
	GetHandleVerifier [0x00007FF632269736+706710]
	(No symbol) [0x00007FF63214B8DF]
	(No symbol) [0x00007FF632146AC4]
	(No symbol) [0x00007FF632146C1C]
	(No symbol) [0x00007FF6321368D4]
	BaseThreadInitThunk [0x00007FF9494C257D+29]
	RtlUserThreadStart [0x00007FF94AC4AA58+40]

2024-04-03 15:38:49,642 [ERROR] automation Element located by //div[@role='alert' and contains(text(),'success') or contains(text(),'Success')] is not present. Message: no such element: Unable to locate element: {"method":"xpath","selector":"//div[@role='alert' and contains(text(),'success') or contains(text(),'Success')]"}
  (Session info: chrome=122.0.6261.131); For documentation on this error, please visit: https://www.selenium.dev/documentation/webdriver/troubleshooting/errors#no-such-element-exception
Stacktrace:
	GetHandleVerifier [0x00007FF6321CAD02+56930]
	(No symbol) [0x00007FF63213F602]
	(No symbol) [0x00007FF631FF42E5]
	(No symbol) [0x00007FF6320398ED]
	(No symbol) [0x00007FF632039A2C]
	(No symbol) [0x00007FF63207A967]
	(No symbol) [0x00007FF63205BCDF]
	(No symbol) [0x00007FF6320781E2]
	(No symbol) [0x00007FF63205BA43]
	(No symbol) [0x00007FF63202D438]
	(No symbol) [0x00007FF63202E4D1]
	GetHandleVerifier [0x00007FF632546F8D+3711213]
	GetHandleVerifier [0x00007FF6325A04CD+4077101]
	GetHandleVerifier [0x00007FF63259865F+4044735]
	GetHandleVerifier [0x00007FF632269736+706710]
	(No symbol) [0x00007FF63214B8DF]
	(No symbol) [0x00007FF632146AC4]
	(No symbol) [0x00007FF632146C1C]
	(No symbol) [0x00007FF6321368D4]
	BaseThreadInitThunk [0x00007FF9494C257D+29]
	RtlUserThreadStart [0x00007FF94AC4AA58+40]

2024-04-03 15:38:49,645 [INFO] automation Test passed.
2024-04-03 15:38:49,669 [INFO] automation Test has started.
2024-04-03 15:38:49,670 [INFO] automation Navigating to the https://chorusqa.cogninelabs.com/
2024-04-03 15:38:58,260 [ERROR] automation Element located by i0116 is not present. Message: no such element: Unable to locate element: {"method":"css selector","selector":"[id="i0116"]"}
  (Session info: chrome=122.0.6261.131); For documentation on this error, please visit: https://www.selenium.dev/documentation/webdriver/troubleshooting/errors#no-such-element-exception
Stacktrace:
	GetHandleVerifier [0x00007FF6321CAD02+56930]
	(No symbol) [0x00007FF63213F602]
	(No symbol) [0x00007FF631FF42E5]
	(No symbol) [0x00007FF6320398ED]
	(No symbol) [0x00007FF632039A2C]
	(No symbol) [0x00007FF63207A967]
	(No symbol) [0x00007FF63205BCDF]
	(No symbol) [0x00007FF6320781E2]
	(No symbol) [0x00007FF63205BA43]
	(No symbol) [0x00007FF63202D438]
	(No symbol) [0x00007FF63202E4D1]
	GetHandleVerifier [0x00007FF632546F8D+3711213]
	GetHandleVerifier [0x00007FF6325A04CD+4077101]
	GetHandleVerifier [0x00007FF63259865F+4044735]
	GetHandleVerifier [0x00007FF632269736+706710]
	(No symbol) [0x00007FF63214B8DF]
	(No symbol) [0x00007FF632146AC4]
	(No symbol) [0x00007FF632146C1C]
	(No symbol) [0x00007FF6321368D4]
	BaseThreadInitThunk [0x00007FF9494C257D+29]
	RtlUserThreadStart [0x00007FF94AC4AA58+40]

2024-04-03 15:38:58,320 [ERROR] automation Element located by i0116 is not present. Message: no such element: Unable to locate element: {"method":"css selector","selector":"[id="i0116"]"}
  (Session info: chrome=122.0.6261.131); For documentation on this error, please visit: https://www.selenium.dev/documentation/webdriver/troubleshooting/errors#no-such-element-exception
Stacktrace:
	GetHandleVerifier [0x00007FF6321CAD02+56930]
	(No symbol) [0x00007FF63213F602]
	(No symbol) [0x00007FF631FF42E5]
	(No symbol) [0x00007FF6320398ED]
	(No symbol) [0x00007FF632039A2C]
	(No symbol) [0x00007FF63207A967]
	(No symbol) [0x00007FF63205BCDF]
	(No symbol) [0x00007FF6320781E2]
	(No symbol) [0x00007FF63205BA43]
	(No symbol) [0x00007FF63202D438]
	(No symbol) [0x00007FF63202E4D1]
	GetHandleVerifier [0x00007FF632546F8D+3711213]
	GetHandleVerifier [0x00007FF6325A04CD+4077101]
	GetHandleVerifier [0x00007FF63259865F+4044735]
	GetHandleVerifier [0x00007FF632269736+706710]
	(No symbol) [0x00007FF63214B8DF]
	(No symbol) [0x00007FF632146AC4]
	(No symbol) [0x00007FF632146C1C]
	(No symbol) [0x00007FF6321368D4]
	BaseThreadInitThunk [0x00007FF9494C257D+29]
	RtlUserThreadStart [0x00007FF94AC4AA58+40]

2024-04-03 15:38:58,385 [ERROR] automation Element located by i0116 is not present. Message: no such element: Unable to locate element: {"method":"css selector","selector":"[id="i0116"]"}
  (Session info: chrome=122.0.6261.131); For documentation on this error, please visit: https://www.selenium.dev/documentation/webdriver/troubleshooting/errors#no-such-element-exception
Stacktrace:
	GetHandleVerifier [0x00007FF6321CAD02+56930]
	(No symbol) [0x00007FF63213F602]
	(No symbol) [0x00007FF631FF42E5]
	(No symbol) [0x00007FF6320398ED]
	(No symbol) [0x00007FF632039A2C]
	(No symbol) [0x00007FF63207A967]
	(No symbol) [0x00007FF63205BCDF]
	(No symbol) [0x00007FF6320781E2]
	(No symbol) [0x00007FF63205BA43]
	(No symbol) [0x00007FF63202D438]
	(No symbol) [0x00007FF63202E4D1]
	GetHandleVerifier [0x00007FF632546F8D+3711213]
	GetHandleVerifier [0x00007FF6325A04CD+4077101]
	GetHandleVerifier [0x00007FF63259865F+4044735]
	GetHandleVerifier [0x00007FF632269736+706710]
	(No symbol) [0x00007FF63214B8DF]
	(No symbol) [0x00007FF632146AC4]
	(No symbol) [0x00007FF632146C1C]
	(No symbol) [0x00007FF6321368D4]
	BaseThreadInitThunk [0x00007FF9494C257D+29]
	RtlUserThreadStart [0x00007FF94AC4AA58+40]

2024-04-03 15:38:58,452 [ERROR] automation Element located by i0116 is not present. Message: no such element: Unable to locate element: {"method":"css selector","selector":"[id="i0116"]"}
  (Session info: chrome=122.0.6261.131); For documentation on this error, please visit: https://www.selenium.dev/documentation/webdriver/troubleshooting/errors#no-such-element-exception
Stacktrace:
	GetHandleVerifier [0x00007FF6321CAD02+56930]
	(No symbol) [0x00007FF63213F602]
	(No symbol) [0x00007FF631FF42E5]
	(No symbol) [0x00007FF6320398ED]
	(No symbol) [0x00007FF632039A2C]
	(No symbol) [0x00007FF63207A967]
	(No symbol) [0x00007FF63205BCDF]
	(No symbol) [0x00007FF6320781E2]
	(No symbol) [0x00007FF63205BA43]
	(No symbol) [0x00007FF63202D438]
	(No symbol) [0x00007FF63202E4D1]
	GetHandleVerifier [0x00007FF632546F8D+3711213]
	GetHandleVerifier [0x00007FF6325A04CD+4077101]
	GetHandleVerifier [0x00007FF63259865F+4044735]
	GetHandleVerifier [0x00007FF632269736+706710]
	(No symbol) [0x00007FF63214B8DF]
	(No symbol) [0x00007FF632146AC4]
	(No symbol) [0x00007FF632146C1C]
	(No symbol) [0x00007FF6321368D4]
	BaseThreadInitThunk [0x00007FF9494C257D+29]
	RtlUserThreadStart [0x00007FF94AC4AA58+40]

2024-04-03 15:38:58,514 [ERROR] automation Element located by i0116 is not present. Message: no such element: Unable to locate element: {"method":"css selector","selector":"[id="i0116"]"}
  (Session info: chrome=122.0.6261.131); For documentation on this error, please visit: https://www.selenium.dev/documentation/webdriver/troubleshooting/errors#no-such-element-exception
Stacktrace:
	GetHandleVerifier [0x00007FF6321CAD02+56930]
	(No symbol) [0x00007FF63213F602]
	(No symbol) [0x00007FF631FF42E5]
	(No symbol) [0x00007FF6320398ED]
	(No symbol) [0x00007FF632039A2C]
	(No symbol) [0x00007FF63207A967]
	(No symbol) [0x00007FF63205BCDF]
	(No symbol) [0x00007FF6320781E2]
	(No symbol) [0x00007FF63205BA43]
	(No symbol) [0x00007FF63202D438]
	(No symbol) [0x00007FF63202E4D1]
	GetHandleVerifier [0x00007FF632546F8D+3711213]
	GetHandleVerifier [0x00007FF6325A04CD+4077101]
	GetHandleVerifier [0x00007FF63259865F+4044735]
	GetHandleVerifier [0x00007FF632269736+706710]
	(No symbol) [0x00007FF63214B8DF]
	(No symbol) [0x00007FF632146AC4]
	(No symbol) [0x00007FF632146C1C]
	(No symbol) [0x00007FF6321368D4]
	BaseThreadInitThunk [0x00007FF9494C257D+29]
	RtlUserThreadStart [0x00007FF94AC4AA58+40]

2024-04-03 15:38:58,575 [ERROR] automation Element located by i0116 is not present. Message: no such element: Unable to locate element: {"method":"css selector","selector":"[id="i0116"]"}
  (Session info: chrome=122.0.6261.131); For documentation on this error, please visit: https://www.selenium.dev/documentation/webdriver/troubleshooting/errors#no-such-element-exception
Stacktrace:
	GetHandleVerifier [0x00007FF6321CAD02+56930]
	(No symbol) [0x00007FF63213F602]
	(No symbol) [0x00007FF631FF42E5]
	(No symbol) [0x00007FF6320398ED]
	(No symbol) [0x00007FF632039A2C]
	(No symbol) [0x00007FF63207A967]
	(No symbol) [0x00007FF63205BCDF]
	(No symbol) [0x00007FF6320781E2]
	(No symbol) [0x00007FF63205BA43]
	(No symbol) [0x00007FF63202D438]
	(No symbol) [0x00007FF63202E4D1]
	GetHandleVerifier [0x00007FF632546F8D+3711213]
	GetHandleVerifier [0x00007FF6325A04CD+4077101]
	GetHandleVerifier [0x00007FF63259865F+4044735]
	GetHandleVerifier [0x00007FF632269736+706710]
	(No symbol) [0x00007FF63214B8DF]
	(No symbol) [0x00007FF632146AC4]
	(No symbol) [0x00007FF632146C1C]
	(No symbol) [0x00007FF6321368D4]
	BaseThreadInitThunk [0x00007FF9494C257D+29]
	RtlUserThreadStart [0x00007FF94AC4AA58+40]

2024-04-03 15:38:59,350 [ERROR] automation Element located by i0116 is not present. Message: no such element: Unable to locate element: {"method":"css selector","selector":"[id="i0116"]"}
  (Session info: chrome=122.0.6261.131); For documentation on this error, please visit: https://www.selenium.dev/documentation/webdriver/troubleshooting/errors#no-such-element-exception
Stacktrace:
	GetHandleVerifier [0x00007FF6321CAD02+56930]
	(No symbol) [0x00007FF63213F602]
	(No symbol) [0x00007FF631FF42E5]
	(No symbol) [0x00007FF6320398ED]
	(No symbol) [0x00007FF632039A2C]
	(No symbol) [0x00007FF63207A967]
	(No symbol) [0x00007FF63205BCDF]
	(No symbol) [0x00007FF6320781E2]
	(No symbol) [0x00007FF63205BA43]
	(No symbol) [0x00007FF63202D438]
	(No symbol) [0x00007FF63202E4D1]
	GetHandleVerifier [0x00007FF632546F8D+3711213]
	GetHandleVerifier [0x00007FF6325A04CD+4077101]
	GetHandleVerifier [0x00007FF63259865F+4044735]
	GetHandleVerifier [0x00007FF632269736+706710]
	(No symbol) [0x00007FF63214B8DF]
	(No symbol) [0x00007FF632146AC4]
	(No symbol) [0x00007FF632146C1C]
	(No symbol) [0x00007FF6321368D4]
	BaseThreadInitThunk [0x00007FF9494C257D+29]
	RtlUserThreadStart [0x00007FF94AC4AA58+40]

2024-04-03 15:38:59,415 [ERROR] automation Element located by i0116 is not present. Message: no such element: Unable to locate element: {"method":"css selector","selector":"[id="i0116"]"}
  (Session info: chrome=122.0.6261.131); For documentation on this error, please visit: https://www.selenium.dev/documentation/webdriver/troubleshooting/errors#no-such-element-exception
Stacktrace:
	GetHandleVerifier [0x00007FF6321CAD02+56930]
	(No symbol) [0x00007FF63213F602]
	(No symbol) [0x00007FF631FF42E5]
	(No symbol) [0x00007FF6320398ED]
	(No symbol) [0x00007FF632039A2C]
	(No symbol) [0x00007FF63207A967]
	(No symbol) [0x00007FF63205BCDF]
	(No symbol) [0x00007FF6320781E2]
	(No symbol) [0x00007FF63205BA43]
	(No symbol) [0x00007FF63202D438]
	(No symbol) [0x00007FF63202E4D1]
	GetHandleVerifier [0x00007FF632546F8D+3711213]
	GetHandleVerifier [0x00007FF6325A04CD+4077101]
	GetHandleVerifier [0x00007FF63259865F+4044735]
	GetHandleVerifier [0x00007FF632269736+706710]
	(No symbol) [0x00007FF63214B8DF]
	(No symbol) [0x00007FF632146AC4]
	(No symbol) [0x00007FF632146C1C]
	(No symbol) [0x00007FF6321368D4]
	BaseThreadInitThunk [0x00007FF9494C257D+29]
	RtlUserThreadStart [0x00007FF94AC4AA58+40]

2024-04-03 15:38:59,498 [ERROR] automation Element located by i0116 is not present. Message: no such element: Unable to locate element: {"method":"css selector","selector":"[id="i0116"]"}
  (Session info: chrome=122.0.6261.131); For documentation on this error, please visit: https://www.selenium.dev/documentation/webdriver/troubleshooting/errors#no-such-element-exception
Stacktrace:
	GetHandleVerifier [0x00007FF6321CAD02+56930]
	(No symbol) [0x00007FF63213F602]
	(No symbol) [0x00007FF631FF42E5]
	(No symbol) [0x00007FF6320398ED]
	(No symbol) [0x00007FF632039A2C]
	(No symbol) [0x00007FF63207A967]
	(No symbol) [0x00007FF63205BCDF]
	(No symbol) [0x00007FF6320781E2]
	(No symbol) [0x00007FF63205BA43]
	(No symbol) [0x00007FF63202D438]
	(No symbol) [0x00007FF63202E4D1]
	GetHandleVerifier [0x00007FF632546F8D+3711213]
	GetHandleVerifier [0x00007FF6325A04CD+4077101]
	GetHandleVerifier [0x00007FF63259865F+4044735]
	GetHandleVerifier [0x00007FF632269736+706710]
	(No symbol) [0x00007FF63214B8DF]
	(No symbol) [0x00007FF632146AC4]
	(No symbol) [0x00007FF632146C1C]
	(No symbol) [0x00007FF6321368D4]
	BaseThreadInitThunk [0x00007FF9494C257D+29]
	RtlUserThreadStart [0x00007FF94AC4AA58+40]

2024-04-03 15:38:59,560 [ERROR] automation Element located by i0116 is not present. Message: no such element: Unable to locate element: {"method":"css selector","selector":"[id="i0116"]"}
  (Session info: chrome=122.0.6261.131); For documentation on this error, please visit: https://www.selenium.dev/documentation/webdriver/troubleshooting/errors#no-such-element-exception
Stacktrace:
	GetHandleVerifier [0x00007FF6321CAD02+56930]
	(No symbol) [0x00007FF63213F602]
	(No symbol) [0x00007FF631FF42E5]
	(No symbol) [0x00007FF6320398ED]
	(No symbol) [0x00007FF632039A2C]
	(No symbol) [0x00007FF63207A967]
	(No symbol) [0x00007FF63205BCDF]
	(No symbol) [0x00007FF6320781E2]
	(No symbol) [0x00007FF63205BA43]
	(No symbol) [0x00007FF63202D438]
	(No symbol) [0x00007FF63202E4D1]
	GetHandleVerifier [0x00007FF632546F8D+3711213]
	GetHandleVerifier [0x00007FF6325A04CD+4077101]
	GetHandleVerifier [0x00007FF63259865F+4044735]
	GetHandleVerifier [0x00007FF632269736+706710]
	(No symbol) [0x00007FF63214B8DF]
	(No symbol) [0x00007FF632146AC4]
	(No symbol) [0x00007FF632146C1C]
	(No symbol) [0x00007FF6321368D4]
	BaseThreadInitThunk [0x00007FF9494C257D+29]
	RtlUserThreadStart [0x00007FF94AC4AA58+40]

2024-04-03 15:38:59,622 [ERROR] automation Element located by i0116 is not present. Message: no such element: Unable to locate element: {"method":"css selector","selector":"[id="i0116"]"}
  (Session info: chrome=122.0.6261.131); For documentation on this error, please visit: https://www.selenium.dev/documentation/webdriver/troubleshooting/errors#no-such-element-exception
Stacktrace:
	GetHandleVerifier [0x00007FF6321CAD02+56930]
	(No symbol) [0x00007FF63213F602]
	(No symbol) [0x00007FF631FF42E5]
	(No symbol) [0x00007FF6320398ED]
	(No symbol) [0x00007FF632039A2C]
	(No symbol) [0x00007FF63207A967]
	(No symbol) [0x00007FF63205BCDF]
	(No symbol) [0x00007FF6320781E2]
	(No symbol) [0x00007FF63205BA43]
	(No symbol) [0x00007FF63202D438]
	(No symbol) [0x00007FF63202E4D1]
	GetHandleVerifier [0x00007FF632546F8D+3711213]
	GetHandleVerifier [0x00007FF6325A04CD+4077101]
	GetHandleVerifier [0x00007FF63259865F+4044735]
	GetHandleVerifier [0x00007FF632269736+706710]
	(No symbol) [0x00007FF63214B8DF]
	(No symbol) [0x00007FF632146AC4]
	(No symbol) [0x00007FF632146C1C]
	(No symbol) [0x00007FF6321368D4]
	BaseThreadInitThunk [0x00007FF9494C257D+29]
	RtlUserThreadStart [0x00007FF94AC4AA58+40]

2024-04-03 15:38:59,765 [INFO] automation Element located by i0116 is present.
2024-04-03 15:39:06,766 [INFO] automation Element located by //div[@class='logo'] is present.
2024-04-03 15:39:11,342 [INFO] automation Element located by //div[@class='tableFixHead']/table/tbody/tr[contains(@class,'even_col')][1] is present.
2024-04-03 15:39:13,933 [INFO] automation Element located by //input[@formcontrolname='title'] is present.
2024-04-03 15:39:13,945 [INFO] automation Element located by //input[@formcontrolname='title'] is present.
2024-04-03 15:39:15,841 [ERROR] automation Element located by //div[@role='alert' and contains(text(),'success') or contains(text(),'Success')] is not present. Message: no such element: Unable to locate element: {"method":"xpath","selector":"//div[@role='alert' and contains(text(),'success') or contains(text(),'Success')]"}
  (Session info: chrome=122.0.6261.131); For documentation on this error, please visit: https://www.selenium.dev/documentation/webdriver/troubleshooting/errors#no-such-element-exception
Stacktrace:
	GetHandleVerifier [0x00007FF6321CAD02+56930]
	(No symbol) [0x00007FF63213F602]
	(No symbol) [0x00007FF631FF42E5]
	(No symbol) [0x00007FF6320398ED]
	(No symbol) [0x00007FF632039A2C]
	(No symbol) [0x00007FF63207A967]
	(No symbol) [0x00007FF63205BCDF]
	(No symbol) [0x00007FF6320781E2]
	(No symbol) [0x00007FF63205BA43]
	(No symbol) [0x00007FF63202D438]
	(No symbol) [0x00007FF63202E4D1]
	GetHandleVerifier [0x00007FF632546F8D+3711213]
	GetHandleVerifier [0x00007FF6325A04CD+4077101]
	GetHandleVerifier [0x00007FF63259865F+4044735]
	GetHandleVerifier [0x00007FF632269736+706710]
	(No symbol) [0x00007FF63214B8DF]
	(No symbol) [0x00007FF632146AC4]
	(No symbol) [0x00007FF632146C1C]
	(No symbol) [0x00007FF6321368D4]
	BaseThreadInitThunk [0x00007FF9494C257D+29]
	RtlUserThreadStart [0x00007FF94AC4AA58+40]

2024-04-03 15:39:15,905 [INFO] automation Element located by //div[@role='alert' and contains(text(),'success') or contains(text(),'Success')] is present.
2024-04-03 15:39:15,905 [INFO] automation Test passed.
