2024-04-03 16:34:56,474 [INFO] automation Test has started.
2024-04-03 16:34:56,475 [INFO] automation Navigating to the https://chorusqa.cogninelabs.com/
2024-04-03 16:35:01,758 [ERROR] automation Element located by i0116 is not present. Message: no such element: Unable to locate element: {"method":"css selector","selector":"[id="i0116"]"}
  (Session info: chrome=122.0.6261.131); For documentation on this error, please visit: https://www.selenium.dev/documentation/webdriver/troubleshooting/errors#no-such-element-exception
Stacktrace:
	GetHandleVerifier [0x00007FF68FD3AD02+56930]
	(No symbol) [0x00007FF68FCAF602]
	(No symbol) [0x00007FF68FB642E5]
	(No symbol) [0x00007FF68FBA98ED]
	(No symbol) [0x00007FF68FBA9A2C]
	(No symbol) [0x00007FF68FBEA967]
	(No symbol) [0x00007FF68FBCBCDF]
	(No symbol) [0x00007FF68FBE81E2]
	(No symbol) [0x00007FF68FBCBA43]
	(No symbol) [0x00007FF68FB9D438]
	(No symbol) [0x00007FF68FB9E4D1]
	GetHandleVerifier [0x00007FF6900B6F8D+3711213]
	GetHandleVerifier [0x00007FF6901104CD+4077101]
	GetHandleVerifier [0x00007FF69010865F+4044735]
	GetHandleVerifier [0x00007FF68FDD9736+706710]
	(No symbol) [0x00007FF68FCBB8DF]
	(No symbol) [0x00007FF68FCB6AC4]
	(No symbol) [0x00007FF68FCB6C1C]
	(No symbol) [0x00007FF68FCA68D4]
	BaseThreadInitThunk [0x00007FF9494C257D+29]
	RtlUserThreadStart [0x00007FF94AC4AA58+40]

2024-04-03 16:35:01,819 [ERROR] automation Element located by i0116 is not present. Message: no such element: Unable to locate element: {"method":"css selector","selector":"[id="i0116"]"}
  (Session info: chrome=122.0.6261.131); For documentation on this error, please visit: https://www.selenium.dev/documentation/webdriver/troubleshooting/errors#no-such-element-exception
Stacktrace:
	GetHandleVerifier [0x00007FF68FD3AD02+56930]
	(No symbol) [0x00007FF68FCAF602]
	(No symbol) [0x00007FF68FB642E5]
	(No symbol) [0x00007FF68FBA98ED]
	(No symbol) [0x00007FF68FBA9A2C]
	(No symbol) [0x00007FF68FBEA967]
	(No symbol) [0x00007FF68FBCBCDF]
	(No symbol) [0x00007FF68FBE81E2]
	(No symbol) [0x00007FF68FBCBA43]
	(No symbol) [0x00007FF68FB9D438]
	(No symbol) [0x00007FF68FB9E4D1]
	GetHandleVerifier [0x00007FF6900B6F8D+3711213]
	GetHandleVerifier [0x00007FF6901104CD+4077101]
	GetHandleVerifier [0x00007FF69010865F+4044735]
	GetHandleVerifier [0x00007FF68FDD9736+706710]
	(No symbol) [0x00007FF68FCBB8DF]
	(No symbol) [0x00007FF68FCB6AC4]
	(No symbol) [0x00007FF68FCB6C1C]
	(No symbol) [0x00007FF68FCA68D4]
	BaseThreadInitThunk [0x00007FF9494C257D+29]
	RtlUserThreadStart [0x00007FF94AC4AA58+40]

2024-04-03 16:35:01,876 [ERROR] automation Element located by i0116 is not present. Message: no such element: Unable to locate element: {"method":"css selector","selector":"[id="i0116"]"}
  (Session info: chrome=122.0.6261.131); For documentation on this error, please visit: https://www.selenium.dev/documentation/webdriver/troubleshooting/errors#no-such-element-exception
Stacktrace:
	GetHandleVerifier [0x00007FF68FD3AD02+56930]
	(No symbol) [0x00007FF68FCAF602]
	(No symbol) [0x00007FF68FB642E5]
	(No symbol) [0x00007FF68FBA98ED]
	(No symbol) [0x00007FF68FBA9A2C]
	(No symbol) [0x00007FF68FBEA967]
	(No symbol) [0x00007FF68FBCBCDF]
	(No symbol) [0x00007FF68FBE81E2]
	(No symbol) [0x00007FF68FBCBA43]
	(No symbol) [0x00007FF68FB9D438]
	(No symbol) [0x00007FF68FB9E4D1]
	GetHandleVerifier [0x00007FF6900B6F8D+3711213]
	GetHandleVerifier [0x00007FF6901104CD+4077101]
	GetHandleVerifier [0x00007FF69010865F+4044735]
	GetHandleVerifier [0x00007FF68FDD9736+706710]
	(No symbol) [0x00007FF68FCBB8DF]
	(No symbol) [0x00007FF68FCB6AC4]
	(No symbol) [0x00007FF68FCB6C1C]
	(No symbol) [0x00007FF68FCA68D4]
	BaseThreadInitThunk [0x00007FF9494C257D+29]
	RtlUserThreadStart [0x00007FF94AC4AA58+40]

2024-04-03 16:35:01,935 [ERROR] automation Element located by i0116 is not present. Message: no such element: Unable to locate element: {"method":"css selector","selector":"[id="i0116"]"}
  (Session info: chrome=122.0.6261.131); For documentation on this error, please visit: https://www.selenium.dev/documentation/webdriver/troubleshooting/errors#no-such-element-exception
Stacktrace:
	GetHandleVerifier [0x00007FF68FD3AD02+56930]
	(No symbol) [0x00007FF68FCAF602]
	(No symbol) [0x00007FF68FB642E5]
	(No symbol) [0x00007FF68FBA98ED]
	(No symbol) [0x00007FF68FBA9A2C]
	(No symbol) [0x00007FF68FBEA967]
	(No symbol) [0x00007FF68FBCBCDF]
	(No symbol) [0x00007FF68FBE81E2]
	(No symbol) [0x00007FF68FBCBA43]
	(No symbol) [0x00007FF68FB9D438]
	(No symbol) [0x00007FF68FB9E4D1]
	GetHandleVerifier [0x00007FF6900B6F8D+3711213]
	GetHandleVerifier [0x00007FF6901104CD+4077101]
	GetHandleVerifier [0x00007FF69010865F+4044735]
	GetHandleVerifier [0x00007FF68FDD9736+706710]
	(No symbol) [0x00007FF68FCBB8DF]
	(No symbol) [0x00007FF68FCB6AC4]
	(No symbol) [0x00007FF68FCB6C1C]
	(No symbol) [0x00007FF68FCA68D4]
	BaseThreadInitThunk [0x00007FF9494C257D+29]
	RtlUserThreadStart [0x00007FF94AC4AA58+40]

2024-04-03 16:35:01,993 [ERROR] automation Element located by i0116 is not present. Message: no such element: Unable to locate element: {"method":"css selector","selector":"[id="i0116"]"}
  (Session info: chrome=122.0.6261.131); For documentation on this error, please visit: https://www.selenium.dev/documentation/webdriver/troubleshooting/errors#no-such-element-exception
Stacktrace:
	GetHandleVerifier [0x00007FF68FD3AD02+56930]
	(No symbol) [0x00007FF68FCAF602]
	(No symbol) [0x00007FF68FB642E5]
	(No symbol) [0x00007FF68FBA98ED]
	(No symbol) [0x00007FF68FBA9A2C]
	(No symbol) [0x00007FF68FBEA967]
	(No symbol) [0x00007FF68FBCBCDF]
	(No symbol) [0x00007FF68FBE81E2]
	(No symbol) [0x00007FF68FBCBA43]
	(No symbol) [0x00007FF68FB9D438]
	(No symbol) [0x00007FF68FB9E4D1]
	GetHandleVerifier [0x00007FF6900B6F8D+3711213]
	GetHandleVerifier [0x00007FF6901104CD+4077101]
	GetHandleVerifier [0x00007FF69010865F+4044735]
	GetHandleVerifier [0x00007FF68FDD9736+706710]
	(No symbol) [0x00007FF68FCBB8DF]
	(No symbol) [0x00007FF68FCB6AC4]
	(No symbol) [0x00007FF68FCB6C1C]
	(No symbol) [0x00007FF68FCA68D4]
	BaseThreadInitThunk [0x00007FF9494C257D+29]
	RtlUserThreadStart [0x00007FF94AC4AA58+40]

2024-04-03 16:35:02,051 [ERROR] automation Element located by i0116 is not present. Message: no such element: Unable to locate element: {"method":"css selector","selector":"[id="i0116"]"}
  (Session info: chrome=122.0.6261.131); For documentation on this error, please visit: https://www.selenium.dev/documentation/webdriver/troubleshooting/errors#no-such-element-exception
Stacktrace:
	GetHandleVerifier [0x00007FF68FD3AD02+56930]
	(No symbol) [0x00007FF68FCAF602]
	(No symbol) [0x00007FF68FB642E5]
	(No symbol) [0x00007FF68FBA98ED]
	(No symbol) [0x00007FF68FBA9A2C]
	(No symbol) [0x00007FF68FBEA967]
	(No symbol) [0x00007FF68FBCBCDF]
	(No symbol) [0x00007FF68FBE81E2]
	(No symbol) [0x00007FF68FBCBA43]
	(No symbol) [0x00007FF68FB9D438]
	(No symbol) [0x00007FF68FB9E4D1]
	GetHandleVerifier [0x00007FF6900B6F8D+3711213]
	GetHandleVerifier [0x00007FF6901104CD+4077101]
	GetHandleVerifier [0x00007FF69010865F+4044735]
	GetHandleVerifier [0x00007FF68FDD9736+706710]
	(No symbol) [0x00007FF68FCBB8DF]
	(No symbol) [0x00007FF68FCB6AC4]
	(No symbol) [0x00007FF68FCB6C1C]
	(No symbol) [0x00007FF68FCA68D4]
	BaseThreadInitThunk [0x00007FF9494C257D+29]
	RtlUserThreadStart [0x00007FF94AC4AA58+40]

2024-04-03 16:35:02,110 [ERROR] automation Element located by i0116 is not present. Message: no such element: Unable to locate element: {"method":"css selector","selector":"[id="i0116"]"}
  (Session info: chrome=122.0.6261.131); For documentation on this error, please visit: https://www.selenium.dev/documentation/webdriver/troubleshooting/errors#no-such-element-exception
Stacktrace:
	GetHandleVerifier [0x00007FF68FD3AD02+56930]
	(No symbol) [0x00007FF68FCAF602]
	(No symbol) [0x00007FF68FB642E5]
	(No symbol) [0x00007FF68FBA98ED]
	(No symbol) [0x00007FF68FBA9A2C]
	(No symbol) [0x00007FF68FBEA967]
	(No symbol) [0x00007FF68FBCBCDF]
	(No symbol) [0x00007FF68FBE81E2]
	(No symbol) [0x00007FF68FBCBA43]
	(No symbol) [0x00007FF68FB9D438]
	(No symbol) [0x00007FF68FB9E4D1]
	GetHandleVerifier [0x00007FF6900B6F8D+3711213]
	GetHandleVerifier [0x00007FF6901104CD+4077101]
	GetHandleVerifier [0x00007FF69010865F+4044735]
	GetHandleVerifier [0x00007FF68FDD9736+706710]
	(No symbol) [0x00007FF68FCBB8DF]
	(No symbol) [0x00007FF68FCB6AC4]
	(No symbol) [0x00007FF68FCB6C1C]
	(No symbol) [0x00007FF68FCA68D4]
	BaseThreadInitThunk [0x00007FF9494C257D+29]
	RtlUserThreadStart [0x00007FF94AC4AA58+40]

2024-04-03 16:35:02,873 [ERROR] automation Element located by i0116 is not present. Message: no such element: Unable to locate element: {"method":"css selector","selector":"[id="i0116"]"}
  (Session info: chrome=122.0.6261.131); For documentation on this error, please visit: https://www.selenium.dev/documentation/webdriver/troubleshooting/errors#no-such-element-exception
Stacktrace:
	GetHandleVerifier [0x00007FF68FD3AD02+56930]
	(No symbol) [0x00007FF68FCAF602]
	(No symbol) [0x00007FF68FB642E5]
	(No symbol) [0x00007FF68FBA98ED]
	(No symbol) [0x00007FF68FBA9A2C]
	(No symbol) [0x00007FF68FBEA967]
	(No symbol) [0x00007FF68FBCBCDF]
	(No symbol) [0x00007FF68FBE81E2]
	(No symbol) [0x00007FF68FBCBA43]
	(No symbol) [0x00007FF68FB9D438]
	(No symbol) [0x00007FF68FB9E4D1]
	GetHandleVerifier [0x00007FF6900B6F8D+3711213]
	GetHandleVerifier [0x00007FF6901104CD+4077101]
	GetHandleVerifier [0x00007FF69010865F+4044735]
	GetHandleVerifier [0x00007FF68FDD9736+706710]
	(No symbol) [0x00007FF68FCBB8DF]
	(No symbol) [0x00007FF68FCB6AC4]
	(No symbol) [0x00007FF68FCB6C1C]
	(No symbol) [0x00007FF68FCA68D4]
	BaseThreadInitThunk [0x00007FF9494C257D+29]
	RtlUserThreadStart [0x00007FF94AC4AA58+40]

2024-04-03 16:35:02,929 [ERROR] automation Element located by i0116 is not present. Message: no such element: Unable to locate element: {"method":"css selector","selector":"[id="i0116"]"}
  (Session info: chrome=122.0.6261.131); For documentation on this error, please visit: https://www.selenium.dev/documentation/webdriver/troubleshooting/errors#no-such-element-exception
Stacktrace:
	GetHandleVerifier [0x00007FF68FD3AD02+56930]
	(No symbol) [0x00007FF68FCAF602]
	(No symbol) [0x00007FF68FB642E5]
	(No symbol) [0x00007FF68FBA98ED]
	(No symbol) [0x00007FF68FBA9A2C]
	(No symbol) [0x00007FF68FBEA967]
	(No symbol) [0x00007FF68FBCBCDF]
	(No symbol) [0x00007FF68FBE81E2]
	(No symbol) [0x00007FF68FBCBA43]
	(No symbol) [0x00007FF68FB9D438]
	(No symbol) [0x00007FF68FB9E4D1]
	GetHandleVerifier [0x00007FF6900B6F8D+3711213]
	GetHandleVerifier [0x00007FF6901104CD+4077101]
	GetHandleVerifier [0x00007FF69010865F+4044735]
	GetHandleVerifier [0x00007FF68FDD9736+706710]
	(No symbol) [0x00007FF68FCBB8DF]
	(No symbol) [0x00007FF68FCB6AC4]
	(No symbol) [0x00007FF68FCB6C1C]
	(No symbol) [0x00007FF68FCA68D4]
	BaseThreadInitThunk [0x00007FF9494C257D+29]
	RtlUserThreadStart [0x00007FF94AC4AA58+40]

2024-04-03 16:35:02,989 [ERROR] automation Element located by i0116 is not present. Message: no such element: Unable to locate element: {"method":"css selector","selector":"[id="i0116"]"}
  (Session info: chrome=122.0.6261.131); For documentation on this error, please visit: https://www.selenium.dev/documentation/webdriver/troubleshooting/errors#no-such-element-exception
Stacktrace:
	GetHandleVerifier [0x00007FF68FD3AD02+56930]
	(No symbol) [0x00007FF68FCAF602]
	(No symbol) [0x00007FF68FB642E5]
	(No symbol) [0x00007FF68FBA98ED]
	(No symbol) [0x00007FF68FBA9A2C]
	(No symbol) [0x00007FF68FBEA967]
	(No symbol) [0x00007FF68FBCBCDF]
	(No symbol) [0x00007FF68FBE81E2]
	(No symbol) [0x00007FF68FBCBA43]
	(No symbol) [0x00007FF68FB9D438]
	(No symbol) [0x00007FF68FB9E4D1]
	GetHandleVerifier [0x00007FF6900B6F8D+3711213]
	GetHandleVerifier [0x00007FF6901104CD+4077101]
	GetHandleVerifier [0x00007FF69010865F+4044735]
	GetHandleVerifier [0x00007FF68FDD9736+706710]
	(No symbol) [0x00007FF68FCBB8DF]
	(No symbol) [0x00007FF68FCB6AC4]
	(No symbol) [0x00007FF68FCB6C1C]
	(No symbol) [0x00007FF68FCA68D4]
	BaseThreadInitThunk [0x00007FF9494C257D+29]
	RtlUserThreadStart [0x00007FF94AC4AA58+40]

2024-04-03 16:35:03,054 [ERROR] automation Element located by i0116 is not present. Message: no such element: Unable to locate element: {"method":"css selector","selector":"[id="i0116"]"}
  (Session info: chrome=122.0.6261.131); For documentation on this error, please visit: https://www.selenium.dev/documentation/webdriver/troubleshooting/errors#no-such-element-exception
Stacktrace:
	GetHandleVerifier [0x00007FF68FD3AD02+56930]
	(No symbol) [0x00007FF68FCAF602]
	(No symbol) [0x00007FF68FB642E5]
	(No symbol) [0x00007FF68FBA98ED]
	(No symbol) [0x00007FF68FBA9A2C]
	(No symbol) [0x00007FF68FBEA967]
	(No symbol) [0x00007FF68FBCBCDF]
	(No symbol) [0x00007FF68FBE81E2]
	(No symbol) [0x00007FF68FBCBA43]
	(No symbol) [0x00007FF68FB9D438]
	(No symbol) [0x00007FF68FB9E4D1]
	GetHandleVerifier [0x00007FF6900B6F8D+3711213]
	GetHandleVerifier [0x00007FF6901104CD+4077101]
	GetHandleVerifier [0x00007FF69010865F+4044735]
	GetHandleVerifier [0x00007FF68FDD9736+706710]
	(No symbol) [0x00007FF68FCBB8DF]
	(No symbol) [0x00007FF68FCB6AC4]
	(No symbol) [0x00007FF68FCB6C1C]
	(No symbol) [0x00007FF68FCA68D4]
	BaseThreadInitThunk [0x00007FF9494C257D+29]
	RtlUserThreadStart [0x00007FF94AC4AA58+40]

2024-04-03 16:35:03,117 [ERROR] automation Element located by i0116 is not present. Message: no such element: Unable to locate element: {"method":"css selector","selector":"[id="i0116"]"}
  (Session info: chrome=122.0.6261.131); For documentation on this error, please visit: https://www.selenium.dev/documentation/webdriver/troubleshooting/errors#no-such-element-exception
Stacktrace:
	GetHandleVerifier [0x00007FF68FD3AD02+56930]
	(No symbol) [0x00007FF68FCAF602]
	(No symbol) [0x00007FF68FB642E5]
	(No symbol) [0x00007FF68FBA98ED]
	(No symbol) [0x00007FF68FBA9A2C]
	(No symbol) [0x00007FF68FBEA967]
	(No symbol) [0x00007FF68FBCBCDF]
	(No symbol) [0x00007FF68FBE81E2]
	(No symbol) [0x00007FF68FBCBA43]
	(No symbol) [0x00007FF68FB9D438]
	(No symbol) [0x00007FF68FB9E4D1]
	GetHandleVerifier [0x00007FF6900B6F8D+3711213]
	GetHandleVerifier [0x00007FF6901104CD+4077101]
	GetHandleVerifier [0x00007FF69010865F+4044735]
	GetHandleVerifier [0x00007FF68FDD9736+706710]
	(No symbol) [0x00007FF68FCBB8DF]
	(No symbol) [0x00007FF68FCB6AC4]
	(No symbol) [0x00007FF68FCB6C1C]
	(No symbol) [0x00007FF68FCA68D4]
	BaseThreadInitThunk [0x00007FF9494C257D+29]
	RtlUserThreadStart [0x00007FF94AC4AA58+40]

2024-04-03 16:35:03,185 [ERROR] automation Element located by i0116 is not present. Message: no such element: Unable to locate element: {"method":"css selector","selector":"[id="i0116"]"}
  (Session info: chrome=122.0.6261.131); For documentation on this error, please visit: https://www.selenium.dev/documentation/webdriver/troubleshooting/errors#no-such-element-exception
Stacktrace:
	GetHandleVerifier [0x00007FF68FD3AD02+56930]
	(No symbol) [0x00007FF68FCAF602]
	(No symbol) [0x00007FF68FB642E5]
	(No symbol) [0x00007FF68FBA98ED]
	(No symbol) [0x00007FF68FBA9A2C]
	(No symbol) [0x00007FF68FBEA967]
	(No symbol) [0x00007FF68FBCBCDF]
	(No symbol) [0x00007FF68FBE81E2]
	(No symbol) [0x00007FF68FBCBA43]
	(No symbol) [0x00007FF68FB9D438]
	(No symbol) [0x00007FF68FB9E4D1]
	GetHandleVerifier [0x00007FF6900B6F8D+3711213]
	GetHandleVerifier [0x00007FF6901104CD+4077101]
	GetHandleVerifier [0x00007FF69010865F+4044735]
	GetHandleVerifier [0x00007FF68FDD9736+706710]
	(No symbol) [0x00007FF68FCBB8DF]
	(No symbol) [0x00007FF68FCB6AC4]
	(No symbol) [0x00007FF68FCB6C1C]
	(No symbol) [0x00007FF68FCA68D4]
	BaseThreadInitThunk [0x00007FF9494C257D+29]
	RtlUserThreadStart [0x00007FF94AC4AA58+40]

2024-04-03 16:35:03,245 [ERROR] automation Element located by i0116 is not present. Message: no such element: Unable to locate element: {"method":"css selector","selector":"[id="i0116"]"}
  (Session info: chrome=122.0.6261.131); For documentation on this error, please visit: https://www.selenium.dev/documentation/webdriver/troubleshooting/errors#no-such-element-exception
Stacktrace:
	GetHandleVerifier [0x00007FF68FD3AD02+56930]
	(No symbol) [0x00007FF68FCAF602]
	(No symbol) [0x00007FF68FB642E5]
	(No symbol) [0x00007FF68FBA98ED]
	(No symbol) [0x00007FF68FBA9A2C]
	(No symbol) [0x00007FF68FBEA967]
	(No symbol) [0x00007FF68FBCBCDF]
	(No symbol) [0x00007FF68FBE81E2]
	(No symbol) [0x00007FF68FBCBA43]
	(No symbol) [0x00007FF68FB9D438]
	(No symbol) [0x00007FF68FB9E4D1]
	GetHandleVerifier [0x00007FF6900B6F8D+3711213]
	GetHandleVerifier [0x00007FF6901104CD+4077101]
	GetHandleVerifier [0x00007FF69010865F+4044735]
	GetHandleVerifier [0x00007FF68FDD9736+706710]
	(No symbol) [0x00007FF68FCBB8DF]
	(No symbol) [0x00007FF68FCB6AC4]
	(No symbol) [0x00007FF68FCB6C1C]
	(No symbol) [0x00007FF68FCA68D4]
	BaseThreadInitThunk [0x00007FF9494C257D+29]
	RtlUserThreadStart [0x00007FF94AC4AA58+40]

2024-04-03 16:35:03,305 [ERROR] automation Element located by i0116 is not present. Message: no such element: Unable to locate element: {"method":"css selector","selector":"[id="i0116"]"}
  (Session info: chrome=122.0.6261.131); For documentation on this error, please visit: https://www.selenium.dev/documentation/webdriver/troubleshooting/errors#no-such-element-exception
Stacktrace:
	GetHandleVerifier [0x00007FF68FD3AD02+56930]
	(No symbol) [0x00007FF68FCAF602]
	(No symbol) [0x00007FF68FB642E5]
	(No symbol) [0x00007FF68FBA98ED]
	(No symbol) [0x00007FF68FBA9A2C]
	(No symbol) [0x00007FF68FBEA967]
	(No symbol) [0x00007FF68FBCBCDF]
	(No symbol) [0x00007FF68FBE81E2]
	(No symbol) [0x00007FF68FBCBA43]
	(No symbol) [0x00007FF68FB9D438]
	(No symbol) [0x00007FF68FB9E4D1]
	GetHandleVerifier [0x00007FF6900B6F8D+3711213]
	GetHandleVerifier [0x00007FF6901104CD+4077101]
	GetHandleVerifier [0x00007FF69010865F+4044735]
	GetHandleVerifier [0x00007FF68FDD9736+706710]
	(No symbol) [0x00007FF68FCBB8DF]
	(No symbol) [0x00007FF68FCB6AC4]
	(No symbol) [0x00007FF68FCB6C1C]
	(No symbol) [0x00007FF68FCA68D4]
	BaseThreadInitThunk [0x00007FF9494C257D+29]
	RtlUserThreadStart [0x00007FF94AC4AA58+40]

2024-04-03 16:35:03,365 [ERROR] automation Element located by i0116 is not present. Message: no such element: Unable to locate element: {"method":"css selector","selector":"[id="i0116"]"}
  (Session info: chrome=122.0.6261.131); For documentation on this error, please visit: https://www.selenium.dev/documentation/webdriver/troubleshooting/errors#no-such-element-exception
Stacktrace:
	GetHandleVerifier [0x00007FF68FD3AD02+56930]
	(No symbol) [0x00007FF68FCAF602]
	(No symbol) [0x00007FF68FB642E5]
	(No symbol) [0x00007FF68FBA98ED]
	(No symbol) [0x00007FF68FBA9A2C]
	(No symbol) [0x00007FF68FBEA967]
	(No symbol) [0x00007FF68FBCBCDF]
	(No symbol) [0x00007FF68FBE81E2]
	(No symbol) [0x00007FF68FBCBA43]
	(No symbol) [0x00007FF68FB9D438]
	(No symbol) [0x00007FF68FB9E4D1]
	GetHandleVerifier [0x00007FF6900B6F8D+3711213]
	GetHandleVerifier [0x00007FF6901104CD+4077101]
	GetHandleVerifier [0x00007FF69010865F+4044735]
	GetHandleVerifier [0x00007FF68FDD9736+706710]
	(No symbol) [0x00007FF68FCBB8DF]
	(No symbol) [0x00007FF68FCB6AC4]
	(No symbol) [0x00007FF68FCB6C1C]
	(No symbol) [0x00007FF68FCA68D4]
	BaseThreadInitThunk [0x00007FF9494C257D+29]
	RtlUserThreadStart [0x00007FF94AC4AA58+40]

2024-04-03 16:35:03,607 [ERROR] automation Element located by i0116 is not present. Message: no such element: Unable to locate element: {"method":"css selector","selector":"[id="i0116"]"}
  (Session info: chrome=122.0.6261.131); For documentation on this error, please visit: https://www.selenium.dev/documentation/webdriver/troubleshooting/errors#no-such-element-exception
Stacktrace:
	GetHandleVerifier [0x00007FF68FD3AD02+56930]
	(No symbol) [0x00007FF68FCAF602]
	(No symbol) [0x00007FF68FB642E5]
	(No symbol) [0x00007FF68FBA98ED]
	(No symbol) [0x00007FF68FBA9A2C]
	(No symbol) [0x00007FF68FBEA967]
	(No symbol) [0x00007FF68FBCBCDF]
	(No symbol) [0x00007FF68FBE81E2]
	(No symbol) [0x00007FF68FBCBA43]
	(No symbol) [0x00007FF68FB9D438]
	(No symbol) [0x00007FF68FB9E4D1]
	GetHandleVerifier [0x00007FF6900B6F8D+3711213]
	GetHandleVerifier [0x00007FF6901104CD+4077101]
	GetHandleVerifier [0x00007FF69010865F+4044735]
	GetHandleVerifier [0x00007FF68FDD9736+706710]
	(No symbol) [0x00007FF68FCBB8DF]
	(No symbol) [0x00007FF68FCB6AC4]
	(No symbol) [0x00007FF68FCB6C1C]
	(No symbol) [0x00007FF68FCA68D4]
	BaseThreadInitThunk [0x00007FF9494C257D+29]
	RtlUserThreadStart [0x00007FF94AC4AA58+40]

2024-04-03 16:35:03,666 [INFO] automation Element located by i0116 is present.
2024-04-03 16:35:10,784 [INFO] automation Element located by //div[@class='logo'] is present.
2024-04-03 16:35:14,890 [INFO] automation Element located by //div[@class='tableFixHead']/table/tbody/tr[contains(@class,'even_col')][1] is present.
2024-04-03 16:35:17,331 [INFO] automation Element located by //input[@formcontrolname='email'] is present.
2024-04-03 16:35:17,337 [INFO] automation Element located by //input[@formcontrolname='email'] is present.
2024-04-03 16:35:17,719 [ERROR] automation Element located by //span[contains(text(),'Email Address already exists')] is not present. Message: no such element: Unable to locate element: {"method":"xpath","selector":"//span[contains(text(),'Email Address already exists')]"}
  (Session info: chrome=122.0.6261.131); For documentation on this error, please visit: https://www.selenium.dev/documentation/webdriver/troubleshooting/errors#no-such-element-exception
Stacktrace:
	GetHandleVerifier [0x00007FF68FD3AD02+56930]
	(No symbol) [0x00007FF68FCAF602]
	(No symbol) [0x00007FF68FB642E5]
	(No symbol) [0x00007FF68FBA98ED]
	(No symbol) [0x00007FF68FBA9A2C]
	(No symbol) [0x00007FF68FBEA967]
	(No symbol) [0x00007FF68FBCBCDF]
	(No symbol) [0x00007FF68FBE81E2]
	(No symbol) [0x00007FF68FBCBA43]
	(No symbol) [0x00007FF68FB9D438]
	(No symbol) [0x00007FF68FB9E4D1]
	GetHandleVerifier [0x00007FF6900B6F8D+3711213]
	GetHandleVerifier [0x00007FF6901104CD+4077101]
	GetHandleVerifier [0x00007FF69010865F+4044735]
	GetHandleVerifier [0x00007FF68FDD9736+706710]
	(No symbol) [0x00007FF68FCBB8DF]
	(No symbol) [0x00007FF68FCB6AC4]
	(No symbol) [0x00007FF68FCB6C1C]
	(No symbol) [0x00007FF68FCA68D4]
	BaseThreadInitThunk [0x00007FF9494C257D+29]
	RtlUserThreadStart [0x00007FF94AC4AA58+40]

2024-04-03 16:35:17,735 [ERROR] automation Element located by //div[@role='alert' and contains(text(),'success') or contains(text(),'Success')] is not present. Message: no such element: Unable to locate element: {"method":"xpath","selector":"//div[@role='alert' and contains(text(),'success') or contains(text(),'Success')]"}
  (Session info: chrome=122.0.6261.131); For documentation on this error, please visit: https://www.selenium.dev/documentation/webdriver/troubleshooting/errors#no-such-element-exception
Stacktrace:
	GetHandleVerifier [0x00007FF68FD3AD02+56930]
	(No symbol) [0x00007FF68FCAF602]
	(No symbol) [0x00007FF68FB642E5]
	(No symbol) [0x00007FF68FBA98ED]
	(No symbol) [0x00007FF68FBA9A2C]
	(No symbol) [0x00007FF68FBEA967]
	(No symbol) [0x00007FF68FBCBCDF]
	(No symbol) [0x00007FF68FBE81E2]
	(No symbol) [0x00007FF68FBCBA43]
	(No symbol) [0x00007FF68FB9D438]
	(No symbol) [0x00007FF68FB9E4D1]
	GetHandleVerifier [0x00007FF6900B6F8D+3711213]
	GetHandleVerifier [0x00007FF6901104CD+4077101]
	GetHandleVerifier [0x00007FF69010865F+4044735]
	GetHandleVerifier [0x00007FF68FDD9736+706710]
	(No symbol) [0x00007FF68FCBB8DF]
	(No symbol) [0x00007FF68FCB6AC4]
	(No symbol) [0x00007FF68FCB6C1C]
	(No symbol) [0x00007FF68FCA68D4]
	BaseThreadInitThunk [0x00007FF9494C257D+29]
	RtlUserThreadStart [0x00007FF94AC4AA58+40]

2024-04-03 16:35:17,735 [INFO] automation Test passed.
2024-04-03 16:35:17,752 [INFO] automation Test has started.
2024-04-03 16:35:17,752 [INFO] automation Navigating to the https://chorusqa.cogninelabs.com/
2024-04-03 16:35:24,957 [ERROR] automation Element located by i0116 is not present. Message: no such element: Unable to locate element: {"method":"css selector","selector":"[id="i0116"]"}
  (Session info: chrome=122.0.6261.131); For documentation on this error, please visit: https://www.selenium.dev/documentation/webdriver/troubleshooting/errors#no-such-element-exception
Stacktrace:
	GetHandleVerifier [0x00007FF68FD3AD02+56930]
	(No symbol) [0x00007FF68FCAF602]
	(No symbol) [0x00007FF68FB642E5]
	(No symbol) [0x00007FF68FBA98ED]
	(No symbol) [0x00007FF68FBA9A2C]
	(No symbol) [0x00007FF68FBEA967]
	(No symbol) [0x00007FF68FBCBCDF]
	(No symbol) [0x00007FF68FBE81E2]
	(No symbol) [0x00007FF68FBCBA43]
	(No symbol) [0x00007FF68FB9D438]
	(No symbol) [0x00007FF68FB9E4D1]
	GetHandleVerifier [0x00007FF6900B6F8D+3711213]
	GetHandleVerifier [0x00007FF6901104CD+4077101]
	GetHandleVerifier [0x00007FF69010865F+4044735]
	GetHandleVerifier [0x00007FF68FDD9736+706710]
	(No symbol) [0x00007FF68FCBB8DF]
	(No symbol) [0x00007FF68FCB6AC4]
	(No symbol) [0x00007FF68FCB6C1C]
	(No symbol) [0x00007FF68FCA68D4]
	BaseThreadInitThunk [0x00007FF9494C257D+29]
	RtlUserThreadStart [0x00007FF94AC4AA58+40]

2024-04-03 16:35:25,015 [ERROR] automation Element located by i0116 is not present. Message: no such element: Unable to locate element: {"method":"css selector","selector":"[id="i0116"]"}
  (Session info: chrome=122.0.6261.131); For documentation on this error, please visit: https://www.selenium.dev/documentation/webdriver/troubleshooting/errors#no-such-element-exception
Stacktrace:
	GetHandleVerifier [0x00007FF68FD3AD02+56930]
	(No symbol) [0x00007FF68FCAF602]
	(No symbol) [0x00007FF68FB642E5]
	(No symbol) [0x00007FF68FBA98ED]
	(No symbol) [0x00007FF68FBA9A2C]
	(No symbol) [0x00007FF68FBEA967]
	(No symbol) [0x00007FF68FBCBCDF]
	(No symbol) [0x00007FF68FBE81E2]
	(No symbol) [0x00007FF68FBCBA43]
	(No symbol) [0x00007FF68FB9D438]
	(No symbol) [0x00007FF68FB9E4D1]
	GetHandleVerifier [0x00007FF6900B6F8D+3711213]
	GetHandleVerifier [0x00007FF6901104CD+4077101]
	GetHandleVerifier [0x00007FF69010865F+4044735]
	GetHandleVerifier [0x00007FF68FDD9736+706710]
	(No symbol) [0x00007FF68FCBB8DF]
	(No symbol) [0x00007FF68FCB6AC4]
	(No symbol) [0x00007FF68FCB6C1C]
	(No symbol) [0x00007FF68FCA68D4]
	BaseThreadInitThunk [0x00007FF9494C257D+29]
	RtlUserThreadStart [0x00007FF94AC4AA58+40]

2024-04-03 16:35:25,073 [ERROR] automation Element located by i0116 is not present. Message: no such element: Unable to locate element: {"method":"css selector","selector":"[id="i0116"]"}
  (Session info: chrome=122.0.6261.131); For documentation on this error, please visit: https://www.selenium.dev/documentation/webdriver/troubleshooting/errors#no-such-element-exception
Stacktrace:
	GetHandleVerifier [0x00007FF68FD3AD02+56930]
	(No symbol) [0x00007FF68FCAF602]
	(No symbol) [0x00007FF68FB642E5]
	(No symbol) [0x00007FF68FBA98ED]
	(No symbol) [0x00007FF68FBA9A2C]
	(No symbol) [0x00007FF68FBEA967]
	(No symbol) [0x00007FF68FBCBCDF]
	(No symbol) [0x00007FF68FBE81E2]
	(No symbol) [0x00007FF68FBCBA43]
	(No symbol) [0x00007FF68FB9D438]
	(No symbol) [0x00007FF68FB9E4D1]
	GetHandleVerifier [0x00007FF6900B6F8D+3711213]
	GetHandleVerifier [0x00007FF6901104CD+4077101]
	GetHandleVerifier [0x00007FF69010865F+4044735]
	GetHandleVerifier [0x00007FF68FDD9736+706710]
	(No symbol) [0x00007FF68FCBB8DF]
	(No symbol) [0x00007FF68FCB6AC4]
	(No symbol) [0x00007FF68FCB6C1C]
	(No symbol) [0x00007FF68FCA68D4]
	BaseThreadInitThunk [0x00007FF9494C257D+29]
	RtlUserThreadStart [0x00007FF94AC4AA58+40]

2024-04-03 16:35:25,137 [ERROR] automation Element located by i0116 is not present. Message: no such element: Unable to locate element: {"method":"css selector","selector":"[id="i0116"]"}
  (Session info: chrome=122.0.6261.131); For documentation on this error, please visit: https://www.selenium.dev/documentation/webdriver/troubleshooting/errors#no-such-element-exception
Stacktrace:
	GetHandleVerifier [0x00007FF68FD3AD02+56930]
	(No symbol) [0x00007FF68FCAF602]
	(No symbol) [0x00007FF68FB642E5]
	(No symbol) [0x00007FF68FBA98ED]
	(No symbol) [0x00007FF68FBA9A2C]
	(No symbol) [0x00007FF68FBEA967]
	(No symbol) [0x00007FF68FBCBCDF]
	(No symbol) [0x00007FF68FBE81E2]
	(No symbol) [0x00007FF68FBCBA43]
	(No symbol) [0x00007FF68FB9D438]
	(No symbol) [0x00007FF68FB9E4D1]
	GetHandleVerifier [0x00007FF6900B6F8D+3711213]
	GetHandleVerifier [0x00007FF6901104CD+4077101]
	GetHandleVerifier [0x00007FF69010865F+4044735]
	GetHandleVerifier [0x00007FF68FDD9736+706710]
	(No symbol) [0x00007FF68FCBB8DF]
	(No symbol) [0x00007FF68FCB6AC4]
	(No symbol) [0x00007FF68FCB6C1C]
	(No symbol) [0x00007FF68FCA68D4]
	BaseThreadInitThunk [0x00007FF9494C257D+29]
	RtlUserThreadStart [0x00007FF94AC4AA58+40]

2024-04-03 16:35:25,200 [ERROR] automation Element located by i0116 is not present. Message: no such element: Unable to locate element: {"method":"css selector","selector":"[id="i0116"]"}
  (Session info: chrome=122.0.6261.131); For documentation on this error, please visit: https://www.selenium.dev/documentation/webdriver/troubleshooting/errors#no-such-element-exception
Stacktrace:
	GetHandleVerifier [0x00007FF68FD3AD02+56930]
	(No symbol) [0x00007FF68FCAF602]
	(No symbol) [0x00007FF68FB642E5]
	(No symbol) [0x00007FF68FBA98ED]
	(No symbol) [0x00007FF68FBA9A2C]
	(No symbol) [0x00007FF68FBEA967]
	(No symbol) [0x00007FF68FBCBCDF]
	(No symbol) [0x00007FF68FBE81E2]
	(No symbol) [0x00007FF68FBCBA43]
	(No symbol) [0x00007FF68FB9D438]
	(No symbol) [0x00007FF68FB9E4D1]
	GetHandleVerifier [0x00007FF6900B6F8D+3711213]
	GetHandleVerifier [0x00007FF6901104CD+4077101]
	GetHandleVerifier [0x00007FF69010865F+4044735]
	GetHandleVerifier [0x00007FF68FDD9736+706710]
	(No symbol) [0x00007FF68FCBB8DF]
	(No symbol) [0x00007FF68FCB6AC4]
	(No symbol) [0x00007FF68FCB6C1C]
	(No symbol) [0x00007FF68FCA68D4]
	BaseThreadInitThunk [0x00007FF9494C257D+29]
	RtlUserThreadStart [0x00007FF94AC4AA58+40]

2024-04-03 16:35:25,265 [ERROR] automation Element located by i0116 is not present. Message: no such element: Unable to locate element: {"method":"css selector","selector":"[id="i0116"]"}
  (Session info: chrome=122.0.6261.131); For documentation on this error, please visit: https://www.selenium.dev/documentation/webdriver/troubleshooting/errors#no-such-element-exception
Stacktrace:
	GetHandleVerifier [0x00007FF68FD3AD02+56930]
	(No symbol) [0x00007FF68FCAF602]
	(No symbol) [0x00007FF68FB642E5]
	(No symbol) [0x00007FF68FBA98ED]
	(No symbol) [0x00007FF68FBA9A2C]
	(No symbol) [0x00007FF68FBEA967]
	(No symbol) [0x00007FF68FBCBCDF]
	(No symbol) [0x00007FF68FBE81E2]
	(No symbol) [0x00007FF68FBCBA43]
	(No symbol) [0x00007FF68FB9D438]
	(No symbol) [0x00007FF68FB9E4D1]
	GetHandleVerifier [0x00007FF6900B6F8D+3711213]
	GetHandleVerifier [0x00007FF6901104CD+4077101]
	GetHandleVerifier [0x00007FF69010865F+4044735]
	GetHandleVerifier [0x00007FF68FDD9736+706710]
	(No symbol) [0x00007FF68FCBB8DF]
	(No symbol) [0x00007FF68FCB6AC4]
	(No symbol) [0x00007FF68FCB6C1C]
	(No symbol) [0x00007FF68FCA68D4]
	BaseThreadInitThunk [0x00007FF9494C257D+29]
	RtlUserThreadStart [0x00007FF94AC4AA58+40]

2024-04-03 16:35:26,095 [ERROR] automation Element located by i0116 is not present. Message: no such element: Unable to locate element: {"method":"css selector","selector":"[id="i0116"]"}
  (Session info: chrome=122.0.6261.131); For documentation on this error, please visit: https://www.selenium.dev/documentation/webdriver/troubleshooting/errors#no-such-element-exception
Stacktrace:
	GetHandleVerifier [0x00007FF68FD3AD02+56930]
	(No symbol) [0x00007FF68FCAF602]
	(No symbol) [0x00007FF68FB642E5]
	(No symbol) [0x00007FF68FBA98ED]
	(No symbol) [0x00007FF68FBA9A2C]
	(No symbol) [0x00007FF68FBEA967]
	(No symbol) [0x00007FF68FBCBCDF]
	(No symbol) [0x00007FF68FBE81E2]
	(No symbol) [0x00007FF68FBCBA43]
	(No symbol) [0x00007FF68FB9D438]
	(No symbol) [0x00007FF68FB9E4D1]
	GetHandleVerifier [0x00007FF6900B6F8D+3711213]
	GetHandleVerifier [0x00007FF6901104CD+4077101]
	GetHandleVerifier [0x00007FF69010865F+4044735]
	GetHandleVerifier [0x00007FF68FDD9736+706710]
	(No symbol) [0x00007FF68FCBB8DF]
	(No symbol) [0x00007FF68FCB6AC4]
	(No symbol) [0x00007FF68FCB6C1C]
	(No symbol) [0x00007FF68FCA68D4]
	BaseThreadInitThunk [0x00007FF9494C257D+29]
	RtlUserThreadStart [0x00007FF94AC4AA58+40]

2024-04-03 16:35:26,190 [ERROR] automation Element located by i0116 is not present. Message: no such element: Unable to locate element: {"method":"css selector","selector":"[id="i0116"]"}
  (Session info: chrome=122.0.6261.131); For documentation on this error, please visit: https://www.selenium.dev/documentation/webdriver/troubleshooting/errors#no-such-element-exception
Stacktrace:
	GetHandleVerifier [0x00007FF68FD3AD02+56930]
	(No symbol) [0x00007FF68FCAF602]
	(No symbol) [0x00007FF68FB642E5]
	(No symbol) [0x00007FF68FBA98ED]
	(No symbol) [0x00007FF68FBA9A2C]
	(No symbol) [0x00007FF68FBEA967]
	(No symbol) [0x00007FF68FBCBCDF]
	(No symbol) [0x00007FF68FBE81E2]
	(No symbol) [0x00007FF68FBCBA43]
	(No symbol) [0x00007FF68FB9D438]
	(No symbol) [0x00007FF68FB9E4D1]
	GetHandleVerifier [0x00007FF6900B6F8D+3711213]
	GetHandleVerifier [0x00007FF6901104CD+4077101]
	GetHandleVerifier [0x00007FF69010865F+4044735]
	GetHandleVerifier [0x00007FF68FDD9736+706710]
	(No symbol) [0x00007FF68FCBB8DF]
	(No symbol) [0x00007FF68FCB6AC4]
	(No symbol) [0x00007FF68FCB6C1C]
	(No symbol) [0x00007FF68FCA68D4]
	BaseThreadInitThunk [0x00007FF9494C257D+29]
	RtlUserThreadStart [0x00007FF94AC4AA58+40]

2024-04-03 16:35:26,254 [ERROR] automation Element located by i0116 is not present. Message: no such element: Unable to locate element: {"method":"css selector","selector":"[id="i0116"]"}
  (Session info: chrome=122.0.6261.131); For documentation on this error, please visit: https://www.selenium.dev/documentation/webdriver/troubleshooting/errors#no-such-element-exception
Stacktrace:
	GetHandleVerifier [0x00007FF68FD3AD02+56930]
	(No symbol) [0x00007FF68FCAF602]
	(No symbol) [0x00007FF68FB642E5]
	(No symbol) [0x00007FF68FBA98ED]
	(No symbol) [0x00007FF68FBA9A2C]
	(No symbol) [0x00007FF68FBEA967]
	(No symbol) [0x00007FF68FBCBCDF]
	(No symbol) [0x00007FF68FBE81E2]
	(No symbol) [0x00007FF68FBCBA43]
	(No symbol) [0x00007FF68FB9D438]
	(No symbol) [0x00007FF68FB9E4D1]
	GetHandleVerifier [0x00007FF6900B6F8D+3711213]
	GetHandleVerifier [0x00007FF6901104CD+4077101]
	GetHandleVerifier [0x00007FF69010865F+4044735]
	GetHandleVerifier [0x00007FF68FDD9736+706710]
	(No symbol) [0x00007FF68FCBB8DF]
	(No symbol) [0x00007FF68FCB6AC4]
	(No symbol) [0x00007FF68FCB6C1C]
	(No symbol) [0x00007FF68FCA68D4]
	BaseThreadInitThunk [0x00007FF9494C257D+29]
	RtlUserThreadStart [0x00007FF94AC4AA58+40]

2024-04-03 16:35:26,324 [ERROR] automation Element located by i0116 is not present. Message: no such element: Unable to locate element: {"method":"css selector","selector":"[id="i0116"]"}
  (Session info: chrome=122.0.6261.131); For documentation on this error, please visit: https://www.selenium.dev/documentation/webdriver/troubleshooting/errors#no-such-element-exception
Stacktrace:
	GetHandleVerifier [0x00007FF68FD3AD02+56930]
	(No symbol) [0x00007FF68FCAF602]
	(No symbol) [0x00007FF68FB642E5]
	(No symbol) [0x00007FF68FBA98ED]
	(No symbol) [0x00007FF68FBA9A2C]
	(No symbol) [0x00007FF68FBEA967]
	(No symbol) [0x00007FF68FBCBCDF]
	(No symbol) [0x00007FF68FBE81E2]
	(No symbol) [0x00007FF68FBCBA43]
	(No symbol) [0x00007FF68FB9D438]
	(No symbol) [0x00007FF68FB9E4D1]
	GetHandleVerifier [0x00007FF6900B6F8D+3711213]
	GetHandleVerifier [0x00007FF6901104CD+4077101]
	GetHandleVerifier [0x00007FF69010865F+4044735]
	GetHandleVerifier [0x00007FF68FDD9736+706710]
	(No symbol) [0x00007FF68FCBB8DF]
	(No symbol) [0x00007FF68FCB6AC4]
	(No symbol) [0x00007FF68FCB6C1C]
	(No symbol) [0x00007FF68FCA68D4]
	BaseThreadInitThunk [0x00007FF9494C257D+29]
	RtlUserThreadStart [0x00007FF94AC4AA58+40]

2024-04-03 16:35:26,458 [INFO] automation Element located by i0116 is present.
2024-04-03 16:35:33,744 [INFO] automation Element located by //div[@class='logo'] is present.
2024-04-03 16:35:37,849 [INFO] automation Element located by //div[@class='tableFixHead']/table/tbody/tr[contains(@class,'even_col')][1] is present.
2024-04-03 16:35:40,415 [INFO] automation Element located by //input[@formcontrolname='title'] is present.
2024-04-03 16:35:40,420 [INFO] automation Element located by //input[@formcontrolname='title'] is present.
2024-04-03 16:35:42,686 [ERROR] automation Element located by //div[@role='alert' and contains(text(),'success') or contains(text(),'Success')] is not present. Message: no such element: Unable to locate element: {"method":"xpath","selector":"//div[@role='alert' and contains(text(),'success') or contains(text(),'Success')]"}
  (Session info: chrome=122.0.6261.131); For documentation on this error, please visit: https://www.selenium.dev/documentation/webdriver/troubleshooting/errors#no-such-element-exception
Stacktrace:
	GetHandleVerifier [0x00007FF68FD3AD02+56930]
	(No symbol) [0x00007FF68FCAF602]
	(No symbol) [0x00007FF68FB642E5]
	(No symbol) [0x00007FF68FBA98ED]
	(No symbol) [0x00007FF68FBA9A2C]
	(No symbol) [0x00007FF68FBEA967]
	(No symbol) [0x00007FF68FBCBCDF]
	(No symbol) [0x00007FF68FBE81E2]
	(No symbol) [0x00007FF68FBCBA43]
	(No symbol) [0x00007FF68FB9D438]
	(No symbol) [0x00007FF68FB9E4D1]
	GetHandleVerifier [0x00007FF6900B6F8D+3711213]
	GetHandleVerifier [0x00007FF6901104CD+4077101]
	GetHandleVerifier [0x00007FF69010865F+4044735]
	GetHandleVerifier [0x00007FF68FDD9736+706710]
	(No symbol) [0x00007FF68FCBB8DF]
	(No symbol) [0x00007FF68FCB6AC4]
	(No symbol) [0x00007FF68FCB6C1C]
	(No symbol) [0x00007FF68FCA68D4]
	BaseThreadInitThunk [0x00007FF9494C257D+29]
	RtlUserThreadStart [0x00007FF94AC4AA58+40]

2024-04-03 16:35:42,747 [INFO] automation Element located by //div[@role='alert' and contains(text(),'success') or contains(text(),'Success')] is present.
2024-04-03 16:35:42,749 [INFO] automation Test passed.
