2024-04-03 16:51:01,864 [INFO] automation Test has started.
2024-04-03 16:51:01,865 [INFO] automation Navigating to the https://chorusqa.cogninelabs.com/
2024-04-03 16:51:06,491 [ERROR] automation Element located by i0116 is not present. Message: no such element: Unable to locate element: {"method":"css selector","selector":"[id="i0116"]"}
  (Session info: chrome=122.0.6261.131); For documentation on this error, please visit: https://www.selenium.dev/documentation/webdriver/troubleshooting/errors#no-such-element-exception
Stacktrace:
	GetHandleVerifier [0x00007FF68FD3AD02+56930]
	(No symbol) [0x00007FF68FCAF602]
	(No symbol) [0x00007FF68FB642E5]
	(No symbol) [0x00007FF68FBA98ED]
	(No symbol) [0x00007FF68FBA9A2C]
	(No symbol) [0x00007FF68FBEA967]
	(No symbol) [0x00007FF68FBCBCDF]
	(No symbol) [0x00007FF68FBE81E2]
	(No symbol) [0x00007FF68FBCBA43]
	(No symbol) [0x00007FF68FB9D438]
	(No symbol) [0x00007FF68FB9E4D1]
	GetHandleVerifier [0x00007FF6900B6F8D+3711213]
	GetHandleVerifier [0x00007FF6901104CD+4077101]
	GetHandleVerifier [0x00007FF69010865F+4044735]
	GetHandleVerifier [0x00007FF68FDD9736+706710]
	(No symbol) [0x00007FF68FCBB8DF]
	(No symbol) [0x00007FF68FCB6AC4]
	(No symbol) [0x00007FF68FCB6C1C]
	(No symbol) [0x00007FF68FCA68D4]
	BaseThreadInitThunk [0x00007FF9494C257D+29]
	RtlUserThreadStart [0x00007FF94AC4AA58+40]

2024-04-03 16:51:06,559 [ERROR] automation Element located by i0116 is not present. Message: no such element: Unable to locate element: {"method":"css selector","selector":"[id="i0116"]"}
  (Session info: chrome=122.0.6261.131); For documentation on this error, please visit: https://www.selenium.dev/documentation/webdriver/troubleshooting/errors#no-such-element-exception
Stacktrace:
	GetHandleVerifier [0x00007FF68FD3AD02+56930]
	(No symbol) [0x00007FF68FCAF602]
	(No symbol) [0x00007FF68FB642E5]
	(No symbol) [0x00007FF68FBA98ED]
	(No symbol) [0x00007FF68FBA9A2C]
	(No symbol) [0x00007FF68FBEA967]
	(No symbol) [0x00007FF68FBCBCDF]
	(No symbol) [0x00007FF68FBE81E2]
	(No symbol) [0x00007FF68FBCBA43]
	(No symbol) [0x00007FF68FB9D438]
	(No symbol) [0x00007FF68FB9E4D1]
	GetHandleVerifier [0x00007FF6900B6F8D+3711213]
	GetHandleVerifier [0x00007FF6901104CD+4077101]
	GetHandleVerifier [0x00007FF69010865F+4044735]
	GetHandleVerifier [0x00007FF68FDD9736+706710]
	(No symbol) [0x00007FF68FCBB8DF]
	(No symbol) [0x00007FF68FCB6AC4]
	(No symbol) [0x00007FF68FCB6C1C]
	(No symbol) [0x00007FF68FCA68D4]
	BaseThreadInitThunk [0x00007FF9494C257D+29]
	RtlUserThreadStart [0x00007FF94AC4AA58+40]

2024-04-03 16:51:06,626 [ERROR] automation Element located by i0116 is not present. Message: no such element: Unable to locate element: {"method":"css selector","selector":"[id="i0116"]"}
  (Session info: chrome=122.0.6261.131); For documentation on this error, please visit: https://www.selenium.dev/documentation/webdriver/troubleshooting/errors#no-such-element-exception
Stacktrace:
	GetHandleVerifier [0x00007FF68FD3AD02+56930]
	(No symbol) [0x00007FF68FCAF602]
	(No symbol) [0x00007FF68FB642E5]
	(No symbol) [0x00007FF68FBA98ED]
	(No symbol) [0x00007FF68FBA9A2C]
	(No symbol) [0x00007FF68FBEA967]
	(No symbol) [0x00007FF68FBCBCDF]
	(No symbol) [0x00007FF68FBE81E2]
	(No symbol) [0x00007FF68FBCBA43]
	(No symbol) [0x00007FF68FB9D438]
	(No symbol) [0x00007FF68FB9E4D1]
	GetHandleVerifier [0x00007FF6900B6F8D+3711213]
	GetHandleVerifier [0x00007FF6901104CD+4077101]
	GetHandleVerifier [0x00007FF69010865F+4044735]
	GetHandleVerifier [0x00007FF68FDD9736+706710]
	(No symbol) [0x00007FF68FCBB8DF]
	(No symbol) [0x00007FF68FCB6AC4]
	(No symbol) [0x00007FF68FCB6C1C]
	(No symbol) [0x00007FF68FCA68D4]
	BaseThreadInitThunk [0x00007FF9494C257D+29]
	RtlUserThreadStart [0x00007FF94AC4AA58+40]

2024-04-03 16:51:06,692 [ERROR] automation Element located by i0116 is not present. Message: no such element: Unable to locate element: {"method":"css selector","selector":"[id="i0116"]"}
  (Session info: chrome=122.0.6261.131); For documentation on this error, please visit: https://www.selenium.dev/documentation/webdriver/troubleshooting/errors#no-such-element-exception
Stacktrace:
	GetHandleVerifier [0x00007FF68FD3AD02+56930]
	(No symbol) [0x00007FF68FCAF602]
	(No symbol) [0x00007FF68FB642E5]
	(No symbol) [0x00007FF68FBA98ED]
	(No symbol) [0x00007FF68FBA9A2C]
	(No symbol) [0x00007FF68FBEA967]
	(No symbol) [0x00007FF68FBCBCDF]
	(No symbol) [0x00007FF68FBE81E2]
	(No symbol) [0x00007FF68FBCBA43]
	(No symbol) [0x00007FF68FB9D438]
	(No symbol) [0x00007FF68FB9E4D1]
	GetHandleVerifier [0x00007FF6900B6F8D+3711213]
	GetHandleVerifier [0x00007FF6901104CD+4077101]
	GetHandleVerifier [0x00007FF69010865F+4044735]
	GetHandleVerifier [0x00007FF68FDD9736+706710]
	(No symbol) [0x00007FF68FCBB8DF]
	(No symbol) [0x00007FF68FCB6AC4]
	(No symbol) [0x00007FF68FCB6C1C]
	(No symbol) [0x00007FF68FCA68D4]
	BaseThreadInitThunk [0x00007FF9494C257D+29]
	RtlUserThreadStart [0x00007FF94AC4AA58+40]

2024-04-03 16:51:06,759 [ERROR] automation Element located by i0116 is not present. Message: no such element: Unable to locate element: {"method":"css selector","selector":"[id="i0116"]"}
  (Session info: chrome=122.0.6261.131); For documentation on this error, please visit: https://www.selenium.dev/documentation/webdriver/troubleshooting/errors#no-such-element-exception
Stacktrace:
	GetHandleVerifier [0x00007FF68FD3AD02+56930]
	(No symbol) [0x00007FF68FCAF602]
	(No symbol) [0x00007FF68FB642E5]
	(No symbol) [0x00007FF68FBA98ED]
	(No symbol) [0x00007FF68FBA9A2C]
	(No symbol) [0x00007FF68FBEA967]
	(No symbol) [0x00007FF68FBCBCDF]
	(No symbol) [0x00007FF68FBE81E2]
	(No symbol) [0x00007FF68FBCBA43]
	(No symbol) [0x00007FF68FB9D438]
	(No symbol) [0x00007FF68FB9E4D1]
	GetHandleVerifier [0x00007FF6900B6F8D+3711213]
	GetHandleVerifier [0x00007FF6901104CD+4077101]
	GetHandleVerifier [0x00007FF69010865F+4044735]
	GetHandleVerifier [0x00007FF68FDD9736+706710]
	(No symbol) [0x00007FF68FCBB8DF]
	(No symbol) [0x00007FF68FCB6AC4]
	(No symbol) [0x00007FF68FCB6C1C]
	(No symbol) [0x00007FF68FCA68D4]
	BaseThreadInitThunk [0x00007FF9494C257D+29]
	RtlUserThreadStart [0x00007FF94AC4AA58+40]

2024-04-03 16:51:06,825 [ERROR] automation Element located by i0116 is not present. Message: no such element: Unable to locate element: {"method":"css selector","selector":"[id="i0116"]"}
  (Session info: chrome=122.0.6261.131); For documentation on this error, please visit: https://www.selenium.dev/documentation/webdriver/troubleshooting/errors#no-such-element-exception
Stacktrace:
	GetHandleVerifier [0x00007FF68FD3AD02+56930]
	(No symbol) [0x00007FF68FCAF602]
	(No symbol) [0x00007FF68FB642E5]
	(No symbol) [0x00007FF68FBA98ED]
	(No symbol) [0x00007FF68FBA9A2C]
	(No symbol) [0x00007FF68FBEA967]
	(No symbol) [0x00007FF68FBCBCDF]
	(No symbol) [0x00007FF68FBE81E2]
	(No symbol) [0x00007FF68FBCBA43]
	(No symbol) [0x00007FF68FB9D438]
	(No symbol) [0x00007FF68FB9E4D1]
	GetHandleVerifier [0x00007FF6900B6F8D+3711213]
	GetHandleVerifier [0x00007FF6901104CD+4077101]
	GetHandleVerifier [0x00007FF69010865F+4044735]
	GetHandleVerifier [0x00007FF68FDD9736+706710]
	(No symbol) [0x00007FF68FCBB8DF]
	(No symbol) [0x00007FF68FCB6AC4]
	(No symbol) [0x00007FF68FCB6C1C]
	(No symbol) [0x00007FF68FCA68D4]
	BaseThreadInitThunk [0x00007FF9494C257D+29]
	RtlUserThreadStart [0x00007FF94AC4AA58+40]

2024-04-03 16:51:06,893 [ERROR] automation Element located by i0116 is not present. Message: no such element: Unable to locate element: {"method":"css selector","selector":"[id="i0116"]"}
  (Session info: chrome=122.0.6261.131); For documentation on this error, please visit: https://www.selenium.dev/documentation/webdriver/troubleshooting/errors#no-such-element-exception
Stacktrace:
	GetHandleVerifier [0x00007FF68FD3AD02+56930]
	(No symbol) [0x00007FF68FCAF602]
	(No symbol) [0x00007FF68FB642E5]
	(No symbol) [0x00007FF68FBA98ED]
	(No symbol) [0x00007FF68FBA9A2C]
	(No symbol) [0x00007FF68FBEA967]
	(No symbol) [0x00007FF68FBCBCDF]
	(No symbol) [0x00007FF68FBE81E2]
	(No symbol) [0x00007FF68FBCBA43]
	(No symbol) [0x00007FF68FB9D438]
	(No symbol) [0x00007FF68FB9E4D1]
	GetHandleVerifier [0x00007FF6900B6F8D+3711213]
	GetHandleVerifier [0x00007FF6901104CD+4077101]
	GetHandleVerifier [0x00007FF69010865F+4044735]
	GetHandleVerifier [0x00007FF68FDD9736+706710]
	(No symbol) [0x00007FF68FCBB8DF]
	(No symbol) [0x00007FF68FCB6AC4]
	(No symbol) [0x00007FF68FCB6C1C]
	(No symbol) [0x00007FF68FCA68D4]
	BaseThreadInitThunk [0x00007FF9494C257D+29]
	RtlUserThreadStart [0x00007FF94AC4AA58+40]

2024-04-03 16:51:08,359 [ERROR] automation Element located by i0116 is not present. Message: no such element: Unable to locate element: {"method":"css selector","selector":"[id="i0116"]"}
  (Session info: chrome=122.0.6261.131); For documentation on this error, please visit: https://www.selenium.dev/documentation/webdriver/troubleshooting/errors#no-such-element-exception
Stacktrace:
	GetHandleVerifier [0x00007FF68FD3AD02+56930]
	(No symbol) [0x00007FF68FCAF602]
	(No symbol) [0x00007FF68FB642E5]
	(No symbol) [0x00007FF68FBA98ED]
	(No symbol) [0x00007FF68FBA9A2C]
	(No symbol) [0x00007FF68FBEA967]
	(No symbol) [0x00007FF68FBCBCDF]
	(No symbol) [0x00007FF68FBE81E2]
	(No symbol) [0x00007FF68FBCBA43]
	(No symbol) [0x00007FF68FB9D438]
	(No symbol) [0x00007FF68FB9E4D1]
	GetHandleVerifier [0x00007FF6900B6F8D+3711213]
	GetHandleVerifier [0x00007FF6901104CD+4077101]
	GetHandleVerifier [0x00007FF69010865F+4044735]
	GetHandleVerifier [0x00007FF68FDD9736+706710]
	(No symbol) [0x00007FF68FCBB8DF]
	(No symbol) [0x00007FF68FCB6AC4]
	(No symbol) [0x00007FF68FCB6C1C]
	(No symbol) [0x00007FF68FCA68D4]
	BaseThreadInitThunk [0x00007FF9494C257D+29]
	RtlUserThreadStart [0x00007FF94AC4AA58+40]

2024-04-03 16:51:08,418 [ERROR] automation Element located by i0116 is not present. Message: no such element: Unable to locate element: {"method":"css selector","selector":"[id="i0116"]"}
  (Session info: chrome=122.0.6261.131); For documentation on this error, please visit: https://www.selenium.dev/documentation/webdriver/troubleshooting/errors#no-such-element-exception
Stacktrace:
	GetHandleVerifier [0x00007FF68FD3AD02+56930]
	(No symbol) [0x00007FF68FCAF602]
	(No symbol) [0x00007FF68FB642E5]
	(No symbol) [0x00007FF68FBA98ED]
	(No symbol) [0x00007FF68FBA9A2C]
	(No symbol) [0x00007FF68FBEA967]
	(No symbol) [0x00007FF68FBCBCDF]
	(No symbol) [0x00007FF68FBE81E2]
	(No symbol) [0x00007FF68FBCBA43]
	(No symbol) [0x00007FF68FB9D438]
	(No symbol) [0x00007FF68FB9E4D1]
	GetHandleVerifier [0x00007FF6900B6F8D+3711213]
	GetHandleVerifier [0x00007FF6901104CD+4077101]
	GetHandleVerifier [0x00007FF69010865F+4044735]
	GetHandleVerifier [0x00007FF68FDD9736+706710]
	(No symbol) [0x00007FF68FCBB8DF]
	(No symbol) [0x00007FF68FCB6AC4]
	(No symbol) [0x00007FF68FCB6C1C]
	(No symbol) [0x00007FF68FCA68D4]
	BaseThreadInitThunk [0x00007FF9494C257D+29]
	RtlUserThreadStart [0x00007FF94AC4AA58+40]

2024-04-03 16:51:08,710 [INFO] automation Element located by i0116 is present.
2024-04-03 16:51:16,089 [INFO] automation Element located by //div[@class='logo'] is present.
2024-04-03 16:51:20,218 [INFO] automation Element located by //div[@class='tableFixHead']/table/tbody/tr[contains(@class,'even_col')][1] is present.
2024-04-03 16:51:22,816 [INFO] automation Element located by //input[@formcontrolname='email'] is present.
2024-04-03 16:51:22,826 [INFO] automation Element located by //input[@formcontrolname='email'] is present.
2024-04-03 16:51:23,303 [ERROR] automation Element located by //span[contains(text(),'Email Address already exists')] is not present. Message: no such element: Unable to locate element: {"method":"xpath","selector":"//span[contains(text(),'Email Address already exists')]"}
  (Session info: chrome=122.0.6261.131); For documentation on this error, please visit: https://www.selenium.dev/documentation/webdriver/troubleshooting/errors#no-such-element-exception
Stacktrace:
	GetHandleVerifier [0x00007FF68FD3AD02+56930]
	(No symbol) [0x00007FF68FCAF602]
	(No symbol) [0x00007FF68FB642E5]
	(No symbol) [0x00007FF68FBA98ED]
	(No symbol) [0x00007FF68FBA9A2C]
	(No symbol) [0x00007FF68FBEA967]
	(No symbol) [0x00007FF68FBCBCDF]
	(No symbol) [0x00007FF68FBE81E2]
	(No symbol) [0x00007FF68FBCBA43]
	(No symbol) [0x00007FF68FB9D438]
	(No symbol) [0x00007FF68FB9E4D1]
	GetHandleVerifier [0x00007FF6900B6F8D+3711213]
	GetHandleVerifier [0x00007FF6901104CD+4077101]
	GetHandleVerifier [0x00007FF69010865F+4044735]
	GetHandleVerifier [0x00007FF68FDD9736+706710]
	(No symbol) [0x00007FF68FCBB8DF]
	(No symbol) [0x00007FF68FCB6AC4]
	(No symbol) [0x00007FF68FCB6C1C]
	(No symbol) [0x00007FF68FCA68D4]
	BaseThreadInitThunk [0x00007FF9494C257D+29]
	RtlUserThreadStart [0x00007FF94AC4AA58+40]

2024-04-03 16:51:23,330 [ERROR] automation Element located by //div[@role='alert' and contains(text(),'success') or contains(text(),'Success')] is not present. Message: no such element: Unable to locate element: {"method":"xpath","selector":"//div[@role='alert' and contains(text(),'success') or contains(text(),'Success')]"}
  (Session info: chrome=122.0.6261.131); For documentation on this error, please visit: https://www.selenium.dev/documentation/webdriver/troubleshooting/errors#no-such-element-exception
Stacktrace:
	GetHandleVerifier [0x00007FF68FD3AD02+56930]
	(No symbol) [0x00007FF68FCAF602]
	(No symbol) [0x00007FF68FB642E5]
	(No symbol) [0x00007FF68FBA98ED]
	(No symbol) [0x00007FF68FBA9A2C]
	(No symbol) [0x00007FF68FBEA967]
	(No symbol) [0x00007FF68FBCBCDF]
	(No symbol) [0x00007FF68FBE81E2]
	(No symbol) [0x00007FF68FBCBA43]
	(No symbol) [0x00007FF68FB9D438]
	(No symbol) [0x00007FF68FB9E4D1]
	GetHandleVerifier [0x00007FF6900B6F8D+3711213]
	GetHandleVerifier [0x00007FF6901104CD+4077101]
	GetHandleVerifier [0x00007FF69010865F+4044735]
	GetHandleVerifier [0x00007FF68FDD9736+706710]
	(No symbol) [0x00007FF68FCBB8DF]
	(No symbol) [0x00007FF68FCB6AC4]
	(No symbol) [0x00007FF68FCB6C1C]
	(No symbol) [0x00007FF68FCA68D4]
	BaseThreadInitThunk [0x00007FF9494C257D+29]
	RtlUserThreadStart [0x00007FF94AC4AA58+40]

2024-04-03 16:51:23,330 [INFO] automation Test passed.
2024-04-03 16:51:23,346 [INFO] automation Test has started.
2024-04-03 16:51:23,346 [INFO] automation Navigating to the https://chorusqa.cogninelabs.com/
2024-04-03 16:51:32,060 [ERROR] automation Element located by i0116 is not present. Message: no such element: Unable to locate element: {"method":"css selector","selector":"[id="i0116"]"}
  (Session info: chrome=122.0.6261.131); For documentation on this error, please visit: https://www.selenium.dev/documentation/webdriver/troubleshooting/errors#no-such-element-exception
Stacktrace:
	GetHandleVerifier [0x00007FF68FD3AD02+56930]
	(No symbol) [0x00007FF68FCAF602]
	(No symbol) [0x00007FF68FB642E5]
	(No symbol) [0x00007FF68FBA98ED]
	(No symbol) [0x00007FF68FBA9A2C]
	(No symbol) [0x00007FF68FBEA967]
	(No symbol) [0x00007FF68FBCBCDF]
	(No symbol) [0x00007FF68FBE81E2]
	(No symbol) [0x00007FF68FBCBA43]
	(No symbol) [0x00007FF68FB9D438]
	(No symbol) [0x00007FF68FB9E4D1]
	GetHandleVerifier [0x00007FF6900B6F8D+3711213]
	GetHandleVerifier [0x00007FF6901104CD+4077101]
	GetHandleVerifier [0x00007FF69010865F+4044735]
	GetHandleVerifier [0x00007FF68FDD9736+706710]
	(No symbol) [0x00007FF68FCBB8DF]
	(No symbol) [0x00007FF68FCB6AC4]
	(No symbol) [0x00007FF68FCB6C1C]
	(No symbol) [0x00007FF68FCA68D4]
	BaseThreadInitThunk [0x00007FF9494C257D+29]
	RtlUserThreadStart [0x00007FF94AC4AA58+40]

2024-04-03 16:51:32,130 [ERROR] automation Element located by i0116 is not present. Message: no such element: Unable to locate element: {"method":"css selector","selector":"[id="i0116"]"}
  (Session info: chrome=122.0.6261.131); For documentation on this error, please visit: https://www.selenium.dev/documentation/webdriver/troubleshooting/errors#no-such-element-exception
Stacktrace:
	GetHandleVerifier [0x00007FF68FD3AD02+56930]
	(No symbol) [0x00007FF68FCAF602]
	(No symbol) [0x00007FF68FB642E5]
	(No symbol) [0x00007FF68FBA98ED]
	(No symbol) [0x00007FF68FBA9A2C]
	(No symbol) [0x00007FF68FBEA967]
	(No symbol) [0x00007FF68FBCBCDF]
	(No symbol) [0x00007FF68FBE81E2]
	(No symbol) [0x00007FF68FBCBA43]
	(No symbol) [0x00007FF68FB9D438]
	(No symbol) [0x00007FF68FB9E4D1]
	GetHandleVerifier [0x00007FF6900B6F8D+3711213]
	GetHandleVerifier [0x00007FF6901104CD+4077101]
	GetHandleVerifier [0x00007FF69010865F+4044735]
	GetHandleVerifier [0x00007FF68FDD9736+706710]
	(No symbol) [0x00007FF68FCBB8DF]
	(No symbol) [0x00007FF68FCB6AC4]
	(No symbol) [0x00007FF68FCB6C1C]
	(No symbol) [0x00007FF68FCA68D4]
	BaseThreadInitThunk [0x00007FF9494C257D+29]
	RtlUserThreadStart [0x00007FF94AC4AA58+40]

2024-04-03 16:51:32,195 [ERROR] automation Element located by i0116 is not present. Message: no such element: Unable to locate element: {"method":"css selector","selector":"[id="i0116"]"}
  (Session info: chrome=122.0.6261.131); For documentation on this error, please visit: https://www.selenium.dev/documentation/webdriver/troubleshooting/errors#no-such-element-exception
Stacktrace:
	GetHandleVerifier [0x00007FF68FD3AD02+56930]
	(No symbol) [0x00007FF68FCAF602]
	(No symbol) [0x00007FF68FB642E5]
	(No symbol) [0x00007FF68FBA98ED]
	(No symbol) [0x00007FF68FBA9A2C]
	(No symbol) [0x00007FF68FBEA967]
	(No symbol) [0x00007FF68FBCBCDF]
	(No symbol) [0x00007FF68FBE81E2]
	(No symbol) [0x00007FF68FBCBA43]
	(No symbol) [0x00007FF68FB9D438]
	(No symbol) [0x00007FF68FB9E4D1]
	GetHandleVerifier [0x00007FF6900B6F8D+3711213]
	GetHandleVerifier [0x00007FF6901104CD+4077101]
	GetHandleVerifier [0x00007FF69010865F+4044735]
	GetHandleVerifier [0x00007FF68FDD9736+706710]
	(No symbol) [0x00007FF68FCBB8DF]
	(No symbol) [0x00007FF68FCB6AC4]
	(No symbol) [0x00007FF68FCB6C1C]
	(No symbol) [0x00007FF68FCA68D4]
	BaseThreadInitThunk [0x00007FF9494C257D+29]
	RtlUserThreadStart [0x00007FF94AC4AA58+40]

2024-04-03 16:51:32,260 [ERROR] automation Element located by i0116 is not present. Message: no such element: Unable to locate element: {"method":"css selector","selector":"[id="i0116"]"}
  (Session info: chrome=122.0.6261.131); For documentation on this error, please visit: https://www.selenium.dev/documentation/webdriver/troubleshooting/errors#no-such-element-exception
Stacktrace:
	GetHandleVerifier [0x00007FF68FD3AD02+56930]
	(No symbol) [0x00007FF68FCAF602]
	(No symbol) [0x00007FF68FB642E5]
	(No symbol) [0x00007FF68FBA98ED]
	(No symbol) [0x00007FF68FBA9A2C]
	(No symbol) [0x00007FF68FBEA967]
	(No symbol) [0x00007FF68FBCBCDF]
	(No symbol) [0x00007FF68FBE81E2]
	(No symbol) [0x00007FF68FBCBA43]
	(No symbol) [0x00007FF68FB9D438]
	(No symbol) [0x00007FF68FB9E4D1]
	GetHandleVerifier [0x00007FF6900B6F8D+3711213]
	GetHandleVerifier [0x00007FF6901104CD+4077101]
	GetHandleVerifier [0x00007FF69010865F+4044735]
	GetHandleVerifier [0x00007FF68FDD9736+706710]
	(No symbol) [0x00007FF68FCBB8DF]
	(No symbol) [0x00007FF68FCB6AC4]
	(No symbol) [0x00007FF68FCB6C1C]
	(No symbol) [0x00007FF68FCA68D4]
	BaseThreadInitThunk [0x00007FF9494C257D+29]
	RtlUserThreadStart [0x00007FF94AC4AA58+40]

2024-04-03 16:51:32,326 [ERROR] automation Element located by i0116 is not present. Message: no such element: Unable to locate element: {"method":"css selector","selector":"[id="i0116"]"}
  (Session info: chrome=122.0.6261.131); For documentation on this error, please visit: https://www.selenium.dev/documentation/webdriver/troubleshooting/errors#no-such-element-exception
Stacktrace:
	GetHandleVerifier [0x00007FF68FD3AD02+56930]
	(No symbol) [0x00007FF68FCAF602]
	(No symbol) [0x00007FF68FB642E5]
	(No symbol) [0x00007FF68FBA98ED]
	(No symbol) [0x00007FF68FBA9A2C]
	(No symbol) [0x00007FF68FBEA967]
	(No symbol) [0x00007FF68FBCBCDF]
	(No symbol) [0x00007FF68FBE81E2]
	(No symbol) [0x00007FF68FBCBA43]
	(No symbol) [0x00007FF68FB9D438]
	(No symbol) [0x00007FF68FB9E4D1]
	GetHandleVerifier [0x00007FF6900B6F8D+3711213]
	GetHandleVerifier [0x00007FF6901104CD+4077101]
	GetHandleVerifier [0x00007FF69010865F+4044735]
	GetHandleVerifier [0x00007FF68FDD9736+706710]
	(No symbol) [0x00007FF68FCBB8DF]
	(No symbol) [0x00007FF68FCB6AC4]
	(No symbol) [0x00007FF68FCB6C1C]
	(No symbol) [0x00007FF68FCA68D4]
	BaseThreadInitThunk [0x00007FF9494C257D+29]
	RtlUserThreadStart [0x00007FF94AC4AA58+40]

2024-04-03 16:51:32,393 [ERROR] automation Element located by i0116 is not present. Message: no such element: Unable to locate element: {"method":"css selector","selector":"[id="i0116"]"}
  (Session info: chrome=122.0.6261.131); For documentation on this error, please visit: https://www.selenium.dev/documentation/webdriver/troubleshooting/errors#no-such-element-exception
Stacktrace:
	GetHandleVerifier [0x00007FF68FD3AD02+56930]
	(No symbol) [0x00007FF68FCAF602]
	(No symbol) [0x00007FF68FB642E5]
	(No symbol) [0x00007FF68FBA98ED]
	(No symbol) [0x00007FF68FBA9A2C]
	(No symbol) [0x00007FF68FBEA967]
	(No symbol) [0x00007FF68FBCBCDF]
	(No symbol) [0x00007FF68FBE81E2]
	(No symbol) [0x00007FF68FBCBA43]
	(No symbol) [0x00007FF68FB9D438]
	(No symbol) [0x00007FF68FB9E4D1]
	GetHandleVerifier [0x00007FF6900B6F8D+3711213]
	GetHandleVerifier [0x00007FF6901104CD+4077101]
	GetHandleVerifier [0x00007FF69010865F+4044735]
	GetHandleVerifier [0x00007FF68FDD9736+706710]
	(No symbol) [0x00007FF68FCBB8DF]
	(No symbol) [0x00007FF68FCB6AC4]
	(No symbol) [0x00007FF68FCB6C1C]
	(No symbol) [0x00007FF68FCA68D4]
	BaseThreadInitThunk [0x00007FF9494C257D+29]
	RtlUserThreadStart [0x00007FF94AC4AA58+40]

2024-04-03 16:51:32,459 [ERROR] automation Element located by i0116 is not present. Message: no such element: Unable to locate element: {"method":"css selector","selector":"[id="i0116"]"}
  (Session info: chrome=122.0.6261.131); For documentation on this error, please visit: https://www.selenium.dev/documentation/webdriver/troubleshooting/errors#no-such-element-exception
Stacktrace:
	GetHandleVerifier [0x00007FF68FD3AD02+56930]
	(No symbol) [0x00007FF68FCAF602]
	(No symbol) [0x00007FF68FB642E5]
	(No symbol) [0x00007FF68FBA98ED]
	(No symbol) [0x00007FF68FBA9A2C]
	(No symbol) [0x00007FF68FBEA967]
	(No symbol) [0x00007FF68FBCBCDF]
	(No symbol) [0x00007FF68FBE81E2]
	(No symbol) [0x00007FF68FBCBA43]
	(No symbol) [0x00007FF68FB9D438]
	(No symbol) [0x00007FF68FB9E4D1]
	GetHandleVerifier [0x00007FF6900B6F8D+3711213]
	GetHandleVerifier [0x00007FF6901104CD+4077101]
	GetHandleVerifier [0x00007FF69010865F+4044735]
	GetHandleVerifier [0x00007FF68FDD9736+706710]
	(No symbol) [0x00007FF68FCBB8DF]
	(No symbol) [0x00007FF68FCB6AC4]
	(No symbol) [0x00007FF68FCB6C1C]
	(No symbol) [0x00007FF68FCA68D4]
	BaseThreadInitThunk [0x00007FF9494C257D+29]
	RtlUserThreadStart [0x00007FF94AC4AA58+40]

2024-04-03 16:51:32,525 [ERROR] automation Element located by i0116 is not present. Message: no such element: Unable to locate element: {"method":"css selector","selector":"[id="i0116"]"}
  (Session info: chrome=122.0.6261.131); For documentation on this error, please visit: https://www.selenium.dev/documentation/webdriver/troubleshooting/errors#no-such-element-exception
Stacktrace:
	GetHandleVerifier [0x00007FF68FD3AD02+56930]
	(No symbol) [0x00007FF68FCAF602]
	(No symbol) [0x00007FF68FB642E5]
	(No symbol) [0x00007FF68FBA98ED]
	(No symbol) [0x00007FF68FBA9A2C]
	(No symbol) [0x00007FF68FBEA967]
	(No symbol) [0x00007FF68FBCBCDF]
	(No symbol) [0x00007FF68FBE81E2]
	(No symbol) [0x00007FF68FBCBA43]
	(No symbol) [0x00007FF68FB9D438]
	(No symbol) [0x00007FF68FB9E4D1]
	GetHandleVerifier [0x00007FF6900B6F8D+3711213]
	GetHandleVerifier [0x00007FF6901104CD+4077101]
	GetHandleVerifier [0x00007FF69010865F+4044735]
	GetHandleVerifier [0x00007FF68FDD9736+706710]
	(No symbol) [0x00007FF68FCBB8DF]
	(No symbol) [0x00007FF68FCB6AC4]
	(No symbol) [0x00007FF68FCB6C1C]
	(No symbol) [0x00007FF68FCA68D4]
	BaseThreadInitThunk [0x00007FF9494C257D+29]
	RtlUserThreadStart [0x00007FF94AC4AA58+40]

2024-04-03 16:51:34,084 [INFO] automation Element located by i0116 is present.
2024-04-03 16:51:41,269 [INFO] automation Element located by //div[@class='logo'] is present.
2024-04-03 16:51:45,377 [INFO] automation Element located by //div[@class='tableFixHead']/table/tbody/tr[contains(@class,'even_col')][1] is present.
2024-04-03 16:51:48,030 [INFO] automation Element located by //input[@formcontrolname='title'] is present.
2024-04-03 16:51:48,030 [INFO] automation Element located by //input[@formcontrolname='title'] is present.
2024-04-03 16:51:50,666 [ERROR] automation Element located by //div[@role='alert' and contains(text(),'success') or contains(text(),'Success')] is not present. Message: no such element: Unable to locate element: {"method":"xpath","selector":"//div[@role='alert' and contains(text(),'success') or contains(text(),'Success')]"}
  (Session info: chrome=122.0.6261.131); For documentation on this error, please visit: https://www.selenium.dev/documentation/webdriver/troubleshooting/errors#no-such-element-exception
Stacktrace:
	GetHandleVerifier [0x00007FF68FD3AD02+56930]
	(No symbol) [0x00007FF68FCAF602]
	(No symbol) [0x00007FF68FB642E5]
	(No symbol) [0x00007FF68FBA98ED]
	(No symbol) [0x00007FF68FBA9A2C]
	(No symbol) [0x00007FF68FBEA967]
	(No symbol) [0x00007FF68FBCBCDF]
	(No symbol) [0x00007FF68FBE81E2]
	(No symbol) [0x00007FF68FBCBA43]
	(No symbol) [0x00007FF68FB9D438]
	(No symbol) [0x00007FF68FB9E4D1]
	GetHandleVerifier [0x00007FF6900B6F8D+3711213]
	GetHandleVerifier [0x00007FF6901104CD+4077101]
	GetHandleVerifier [0x00007FF69010865F+4044735]
	GetHandleVerifier [0x00007FF68FDD9736+706710]
	(No symbol) [0x00007FF68FCBB8DF]
	(No symbol) [0x00007FF68FCB6AC4]
	(No symbol) [0x00007FF68FCB6C1C]
	(No symbol) [0x00007FF68FCA68D4]
	BaseThreadInitThunk [0x00007FF9494C257D+29]
	RtlUserThreadStart [0x00007FF94AC4AA58+40]

2024-04-03 16:51:50,765 [INFO] automation Element located by //div[@role='alert' and contains(text(),'success') or contains(text(),'Success')] is present.
2024-04-03 16:51:50,765 [INFO] automation Test passed.
