2024-04-03 16:36:26,856 [INFO] automation Test has started.
2024-04-03 16:36:26,857 [INFO] automation Navigating to the https://chorusqa.cogninelabs.com/
2024-04-03 16:36:32,825 [ERROR] automation Element located by i0116 is not present. Message: no such element: Unable to locate element: {"method":"css selector","selector":"[id="i0116"]"}
  (Session info: chrome=122.0.6261.131); For documentation on this error, please visit: https://www.selenium.dev/documentation/webdriver/troubleshooting/errors#no-such-element-exception
Stacktrace:
	GetHandleVerifier [0x00007FF68FD3AD02+56930]
	(No symbol) [0x00007FF68FCAF602]
	(No symbol) [0x00007FF68FB642E5]
	(No symbol) [0x00007FF68FBA98ED]
	(No symbol) [0x00007FF68FBA9A2C]
	(No symbol) [0x00007FF68FBEA967]
	(No symbol) [0x00007FF68FBCBCDF]
	(No symbol) [0x00007FF68FBE81E2]
	(No symbol) [0x00007FF68FBCBA43]
	(No symbol) [0x00007FF68FB9D438]
	(No symbol) [0x00007FF68FB9E4D1]
	GetHandleVerifier [0x00007FF6900B6F8D+3711213]
	GetHandleVerifier [0x00007FF6901104CD+4077101]
	GetHandleVerifier [0x00007FF69010865F+4044735]
	GetHandleVerifier [0x00007FF68FDD9736+706710]
	(No symbol) [0x00007FF68FCBB8DF]
	(No symbol) [0x00007FF68FCB6AC4]
	(No symbol) [0x00007FF68FCB6C1C]
	(No symbol) [0x00007FF68FCA68D4]
	BaseThreadInitThunk [0x00007FF9494C257D+29]
	RtlUserThreadStart [0x00007FF94AC4AA58+40]

2024-04-03 16:36:32,894 [ERROR] automation Element located by i0116 is not present. Message: no such element: Unable to locate element: {"method":"css selector","selector":"[id="i0116"]"}
  (Session info: chrome=122.0.6261.131); For documentation on this error, please visit: https://www.selenium.dev/documentation/webdriver/troubleshooting/errors#no-such-element-exception
Stacktrace:
	GetHandleVerifier [0x00007FF68FD3AD02+56930]
	(No symbol) [0x00007FF68FCAF602]
	(No symbol) [0x00007FF68FB642E5]
	(No symbol) [0x00007FF68FBA98ED]
	(No symbol) [0x00007FF68FBA9A2C]
	(No symbol) [0x00007FF68FBEA967]
	(No symbol) [0x00007FF68FBCBCDF]
	(No symbol) [0x00007FF68FBE81E2]
	(No symbol) [0x00007FF68FBCBA43]
	(No symbol) [0x00007FF68FB9D438]
	(No symbol) [0x00007FF68FB9E4D1]
	GetHandleVerifier [0x00007FF6900B6F8D+3711213]
	GetHandleVerifier [0x00007FF6901104CD+4077101]
	GetHandleVerifier [0x00007FF69010865F+4044735]
	GetHandleVerifier [0x00007FF68FDD9736+706710]
	(No symbol) [0x00007FF68FCBB8DF]
	(No symbol) [0x00007FF68FCB6AC4]
	(No symbol) [0x00007FF68FCB6C1C]
	(No symbol) [0x00007FF68FCA68D4]
	BaseThreadInitThunk [0x00007FF9494C257D+29]
	RtlUserThreadStart [0x00007FF94AC4AA58+40]

2024-04-03 16:36:32,961 [ERROR] automation Element located by i0116 is not present. Message: no such element: Unable to locate element: {"method":"css selector","selector":"[id="i0116"]"}
  (Session info: chrome=122.0.6261.131); For documentation on this error, please visit: https://www.selenium.dev/documentation/webdriver/troubleshooting/errors#no-such-element-exception
Stacktrace:
	GetHandleVerifier [0x00007FF68FD3AD02+56930]
	(No symbol) [0x00007FF68FCAF602]
	(No symbol) [0x00007FF68FB642E5]
	(No symbol) [0x00007FF68FBA98ED]
	(No symbol) [0x00007FF68FBA9A2C]
	(No symbol) [0x00007FF68FBEA967]
	(No symbol) [0x00007FF68FBCBCDF]
	(No symbol) [0x00007FF68FBE81E2]
	(No symbol) [0x00007FF68FBCBA43]
	(No symbol) [0x00007FF68FB9D438]
	(No symbol) [0x00007FF68FB9E4D1]
	GetHandleVerifier [0x00007FF6900B6F8D+3711213]
	GetHandleVerifier [0x00007FF6901104CD+4077101]
	GetHandleVerifier [0x00007FF69010865F+4044735]
	GetHandleVerifier [0x00007FF68FDD9736+706710]
	(No symbol) [0x00007FF68FCBB8DF]
	(No symbol) [0x00007FF68FCB6AC4]
	(No symbol) [0x00007FF68FCB6C1C]
	(No symbol) [0x00007FF68FCA68D4]
	BaseThreadInitThunk [0x00007FF9494C257D+29]
	RtlUserThreadStart [0x00007FF94AC4AA58+40]

2024-04-03 16:36:33,022 [ERROR] automation Element located by i0116 is not present. Message: no such element: Unable to locate element: {"method":"css selector","selector":"[id="i0116"]"}
  (Session info: chrome=122.0.6261.131); For documentation on this error, please visit: https://www.selenium.dev/documentation/webdriver/troubleshooting/errors#no-such-element-exception
Stacktrace:
	GetHandleVerifier [0x00007FF68FD3AD02+56930]
	(No symbol) [0x00007FF68FCAF602]
	(No symbol) [0x00007FF68FB642E5]
	(No symbol) [0x00007FF68FBA98ED]
	(No symbol) [0x00007FF68FBA9A2C]
	(No symbol) [0x00007FF68FBEA967]
	(No symbol) [0x00007FF68FBCBCDF]
	(No symbol) [0x00007FF68FBE81E2]
	(No symbol) [0x00007FF68FBCBA43]
	(No symbol) [0x00007FF68FB9D438]
	(No symbol) [0x00007FF68FB9E4D1]
	GetHandleVerifier [0x00007FF6900B6F8D+3711213]
	GetHandleVerifier [0x00007FF6901104CD+4077101]
	GetHandleVerifier [0x00007FF69010865F+4044735]
	GetHandleVerifier [0x00007FF68FDD9736+706710]
	(No symbol) [0x00007FF68FCBB8DF]
	(No symbol) [0x00007FF68FCB6AC4]
	(No symbol) [0x00007FF68FCB6C1C]
	(No symbol) [0x00007FF68FCA68D4]
	BaseThreadInitThunk [0x00007FF9494C257D+29]
	RtlUserThreadStart [0x00007FF94AC4AA58+40]

2024-04-03 16:36:33,082 [ERROR] automation Element located by i0116 is not present. Message: no such element: Unable to locate element: {"method":"css selector","selector":"[id="i0116"]"}
  (Session info: chrome=122.0.6261.131); For documentation on this error, please visit: https://www.selenium.dev/documentation/webdriver/troubleshooting/errors#no-such-element-exception
Stacktrace:
	GetHandleVerifier [0x00007FF68FD3AD02+56930]
	(No symbol) [0x00007FF68FCAF602]
	(No symbol) [0x00007FF68FB642E5]
	(No symbol) [0x00007FF68FBA98ED]
	(No symbol) [0x00007FF68FBA9A2C]
	(No symbol) [0x00007FF68FBEA967]
	(No symbol) [0x00007FF68FBCBCDF]
	(No symbol) [0x00007FF68FBE81E2]
	(No symbol) [0x00007FF68FBCBA43]
	(No symbol) [0x00007FF68FB9D438]
	(No symbol) [0x00007FF68FB9E4D1]
	GetHandleVerifier [0x00007FF6900B6F8D+3711213]
	GetHandleVerifier [0x00007FF6901104CD+4077101]
	GetHandleVerifier [0x00007FF69010865F+4044735]
	GetHandleVerifier [0x00007FF68FDD9736+706710]
	(No symbol) [0x00007FF68FCBB8DF]
	(No symbol) [0x00007FF68FCB6AC4]
	(No symbol) [0x00007FF68FCB6C1C]
	(No symbol) [0x00007FF68FCA68D4]
	BaseThreadInitThunk [0x00007FF9494C257D+29]
	RtlUserThreadStart [0x00007FF94AC4AA58+40]

2024-04-03 16:36:34,109 [ERROR] automation Element located by i0116 is not present. Message: no such element: Unable to locate element: {"method":"css selector","selector":"[id="i0116"]"}
  (Session info: chrome=122.0.6261.131); For documentation on this error, please visit: https://www.selenium.dev/documentation/webdriver/troubleshooting/errors#no-such-element-exception
Stacktrace:
	GetHandleVerifier [0x00007FF68FD3AD02+56930]
	(No symbol) [0x00007FF68FCAF602]
	(No symbol) [0x00007FF68FB642E5]
	(No symbol) [0x00007FF68FBA98ED]
	(No symbol) [0x00007FF68FBA9A2C]
	(No symbol) [0x00007FF68FBEA967]
	(No symbol) [0x00007FF68FBCBCDF]
	(No symbol) [0x00007FF68FBE81E2]
	(No symbol) [0x00007FF68FBCBA43]
	(No symbol) [0x00007FF68FB9D438]
	(No symbol) [0x00007FF68FB9E4D1]
	GetHandleVerifier [0x00007FF6900B6F8D+3711213]
	GetHandleVerifier [0x00007FF6901104CD+4077101]
	GetHandleVerifier [0x00007FF69010865F+4044735]
	GetHandleVerifier [0x00007FF68FDD9736+706710]
	(No symbol) [0x00007FF68FCBB8DF]
	(No symbol) [0x00007FF68FCB6AC4]
	(No symbol) [0x00007FF68FCB6C1C]
	(No symbol) [0x00007FF68FCA68D4]
	BaseThreadInitThunk [0x00007FF9494C257D+29]
	RtlUserThreadStart [0x00007FF94AC4AA58+40]

2024-04-03 16:36:34,171 [ERROR] automation Element located by i0116 is not present. Message: no such element: Unable to locate element: {"method":"css selector","selector":"[id="i0116"]"}
  (Session info: chrome=122.0.6261.131); For documentation on this error, please visit: https://www.selenium.dev/documentation/webdriver/troubleshooting/errors#no-such-element-exception
Stacktrace:
	GetHandleVerifier [0x00007FF68FD3AD02+56930]
	(No symbol) [0x00007FF68FCAF602]
	(No symbol) [0x00007FF68FB642E5]
	(No symbol) [0x00007FF68FBA98ED]
	(No symbol) [0x00007FF68FBA9A2C]
	(No symbol) [0x00007FF68FBEA967]
	(No symbol) [0x00007FF68FBCBCDF]
	(No symbol) [0x00007FF68FBE81E2]
	(No symbol) [0x00007FF68FBCBA43]
	(No symbol) [0x00007FF68FB9D438]
	(No symbol) [0x00007FF68FB9E4D1]
	GetHandleVerifier [0x00007FF6900B6F8D+3711213]
	GetHandleVerifier [0x00007FF6901104CD+4077101]
	GetHandleVerifier [0x00007FF69010865F+4044735]
	GetHandleVerifier [0x00007FF68FDD9736+706710]
	(No symbol) [0x00007FF68FCBB8DF]
	(No symbol) [0x00007FF68FCB6AC4]
	(No symbol) [0x00007FF68FCB6C1C]
	(No symbol) [0x00007FF68FCA68D4]
	BaseThreadInitThunk [0x00007FF9494C257D+29]
	RtlUserThreadStart [0x00007FF94AC4AA58+40]

2024-04-03 16:36:34,232 [ERROR] automation Element located by i0116 is not present. Message: no such element: Unable to locate element: {"method":"css selector","selector":"[id="i0116"]"}
  (Session info: chrome=122.0.6261.131); For documentation on this error, please visit: https://www.selenium.dev/documentation/webdriver/troubleshooting/errors#no-such-element-exception
Stacktrace:
	GetHandleVerifier [0x00007FF68FD3AD02+56930]
	(No symbol) [0x00007FF68FCAF602]
	(No symbol) [0x00007FF68FB642E5]
	(No symbol) [0x00007FF68FBA98ED]
	(No symbol) [0x00007FF68FBA9A2C]
	(No symbol) [0x00007FF68FBEA967]
	(No symbol) [0x00007FF68FBCBCDF]
	(No symbol) [0x00007FF68FBE81E2]
	(No symbol) [0x00007FF68FBCBA43]
	(No symbol) [0x00007FF68FB9D438]
	(No symbol) [0x00007FF68FB9E4D1]
	GetHandleVerifier [0x00007FF6900B6F8D+3711213]
	GetHandleVerifier [0x00007FF6901104CD+4077101]
	GetHandleVerifier [0x00007FF69010865F+4044735]
	GetHandleVerifier [0x00007FF68FDD9736+706710]
	(No symbol) [0x00007FF68FCBB8DF]
	(No symbol) [0x00007FF68FCB6AC4]
	(No symbol) [0x00007FF68FCB6C1C]
	(No symbol) [0x00007FF68FCA68D4]
	BaseThreadInitThunk [0x00007FF9494C257D+29]
	RtlUserThreadStart [0x00007FF94AC4AA58+40]

2024-04-03 16:36:34,307 [ERROR] automation Element located by i0116 is not present. Message: no such element: Unable to locate element: {"method":"css selector","selector":"[id="i0116"]"}
  (Session info: chrome=122.0.6261.131); For documentation on this error, please visit: https://www.selenium.dev/documentation/webdriver/troubleshooting/errors#no-such-element-exception
Stacktrace:
	GetHandleVerifier [0x00007FF68FD3AD02+56930]
	(No symbol) [0x00007FF68FCAF602]
	(No symbol) [0x00007FF68FB642E5]
	(No symbol) [0x00007FF68FBA98ED]
	(No symbol) [0x00007FF68FBA9A2C]
	(No symbol) [0x00007FF68FBEA967]
	(No symbol) [0x00007FF68FBCBCDF]
	(No symbol) [0x00007FF68FBE81E2]
	(No symbol) [0x00007FF68FBCBA43]
	(No symbol) [0x00007FF68FB9D438]
	(No symbol) [0x00007FF68FB9E4D1]
	GetHandleVerifier [0x00007FF6900B6F8D+3711213]
	GetHandleVerifier [0x00007FF6901104CD+4077101]
	GetHandleVerifier [0x00007FF69010865F+4044735]
	GetHandleVerifier [0x00007FF68FDD9736+706710]
	(No symbol) [0x00007FF68FCBB8DF]
	(No symbol) [0x00007FF68FCB6AC4]
	(No symbol) [0x00007FF68FCB6C1C]
	(No symbol) [0x00007FF68FCA68D4]
	BaseThreadInitThunk [0x00007FF9494C257D+29]
	RtlUserThreadStart [0x00007FF94AC4AA58+40]

2024-04-03 16:36:34,437 [INFO] automation Element located by i0116 is present.
2024-04-03 16:36:41,327 [INFO] automation Element located by //div[@class='logo'] is present.
2024-04-03 16:36:45,429 [INFO] automation Element located by //div[@class='tableFixHead']/table/tbody/tr[contains(@class,'even_col')][1] is present.
2024-04-03 16:36:47,871 [INFO] automation Element located by //input[@formcontrolname='email'] is present.
2024-04-03 16:36:47,880 [INFO] automation Element located by //input[@formcontrolname='email'] is present.
2024-04-03 16:36:48,270 [ERROR] automation Element located by //span[contains(text(),'Email Address already exists')] is not present. Message: no such element: Unable to locate element: {"method":"xpath","selector":"//span[contains(text(),'Email Address already exists')]"}
  (Session info: chrome=122.0.6261.131); For documentation on this error, please visit: https://www.selenium.dev/documentation/webdriver/troubleshooting/errors#no-such-element-exception
Stacktrace:
	GetHandleVerifier [0x00007FF68FD3AD02+56930]
	(No symbol) [0x00007FF68FCAF602]
	(No symbol) [0x00007FF68FB642E5]
	(No symbol) [0x00007FF68FBA98ED]
	(No symbol) [0x00007FF68FBA9A2C]
	(No symbol) [0x00007FF68FBEA967]
	(No symbol) [0x00007FF68FBCBCDF]
	(No symbol) [0x00007FF68FBE81E2]
	(No symbol) [0x00007FF68FBCBA43]
	(No symbol) [0x00007FF68FB9D438]
	(No symbol) [0x00007FF68FB9E4D1]
	GetHandleVerifier [0x00007FF6900B6F8D+3711213]
	GetHandleVerifier [0x00007FF6901104CD+4077101]
	GetHandleVerifier [0x00007FF69010865F+4044735]
	GetHandleVerifier [0x00007FF68FDD9736+706710]
	(No symbol) [0x00007FF68FCBB8DF]
	(No symbol) [0x00007FF68FCB6AC4]
	(No symbol) [0x00007FF68FCB6C1C]
	(No symbol) [0x00007FF68FCA68D4]
	BaseThreadInitThunk [0x00007FF9494C257D+29]
	RtlUserThreadStart [0x00007FF94AC4AA58+40]

2024-04-03 16:36:48,290 [ERROR] automation Element located by //div[@role='alert' and contains(text(),'success') or contains(text(),'Success')] is not present. Message: no such element: Unable to locate element: {"method":"xpath","selector":"//div[@role='alert' and contains(text(),'success') or contains(text(),'Success')]"}
  (Session info: chrome=122.0.6261.131); For documentation on this error, please visit: https://www.selenium.dev/documentation/webdriver/troubleshooting/errors#no-such-element-exception
Stacktrace:
	GetHandleVerifier [0x00007FF68FD3AD02+56930]
	(No symbol) [0x00007FF68FCAF602]
	(No symbol) [0x00007FF68FB642E5]
	(No symbol) [0x00007FF68FBA98ED]
	(No symbol) [0x00007FF68FBA9A2C]
	(No symbol) [0x00007FF68FBEA967]
	(No symbol) [0x00007FF68FBCBCDF]
	(No symbol) [0x00007FF68FBE81E2]
	(No symbol) [0x00007FF68FBCBA43]
	(No symbol) [0x00007FF68FB9D438]
	(No symbol) [0x00007FF68FB9E4D1]
	GetHandleVerifier [0x00007FF6900B6F8D+3711213]
	GetHandleVerifier [0x00007FF6901104CD+4077101]
	GetHandleVerifier [0x00007FF69010865F+4044735]
	GetHandleVerifier [0x00007FF68FDD9736+706710]
	(No symbol) [0x00007FF68FCBB8DF]
	(No symbol) [0x00007FF68FCB6AC4]
	(No symbol) [0x00007FF68FCB6C1C]
	(No symbol) [0x00007FF68FCA68D4]
	BaseThreadInitThunk [0x00007FF9494C257D+29]
	RtlUserThreadStart [0x00007FF94AC4AA58+40]

2024-04-03 16:36:48,290 [INFO] automation Test passed.
2024-04-03 16:36:48,298 [INFO] automation Test has started.
2024-04-03 16:36:48,298 [INFO] automation Navigating to the https://chorusqa.cogninelabs.com/
2024-04-03 16:36:55,656 [ERROR] automation Element located by i0116 is not present. Message: no such element: Unable to locate element: {"method":"css selector","selector":"[id="i0116"]"}
  (Session info: chrome=122.0.6261.131); For documentation on this error, please visit: https://www.selenium.dev/documentation/webdriver/troubleshooting/errors#no-such-element-exception
Stacktrace:
	GetHandleVerifier [0x00007FF68FD3AD02+56930]
	(No symbol) [0x00007FF68FCAF602]
	(No symbol) [0x00007FF68FB642E5]
	(No symbol) [0x00007FF68FBA98ED]
	(No symbol) [0x00007FF68FBA9A2C]
	(No symbol) [0x00007FF68FBEA967]
	(No symbol) [0x00007FF68FBCBCDF]
	(No symbol) [0x00007FF68FBE81E2]
	(No symbol) [0x00007FF68FBCBA43]
	(No symbol) [0x00007FF68FB9D438]
	(No symbol) [0x00007FF68FB9E4D1]
	GetHandleVerifier [0x00007FF6900B6F8D+3711213]
	GetHandleVerifier [0x00007FF6901104CD+4077101]
	GetHandleVerifier [0x00007FF69010865F+4044735]
	GetHandleVerifier [0x00007FF68FDD9736+706710]
	(No symbol) [0x00007FF68FCBB8DF]
	(No symbol) [0x00007FF68FCB6AC4]
	(No symbol) [0x00007FF68FCB6C1C]
	(No symbol) [0x00007FF68FCA68D4]
	BaseThreadInitThunk [0x00007FF9494C257D+29]
	RtlUserThreadStart [0x00007FF94AC4AA58+40]

2024-04-03 16:36:55,720 [ERROR] automation Element located by i0116 is not present. Message: no such element: Unable to locate element: {"method":"css selector","selector":"[id="i0116"]"}
  (Session info: chrome=122.0.6261.131); For documentation on this error, please visit: https://www.selenium.dev/documentation/webdriver/troubleshooting/errors#no-such-element-exception
Stacktrace:
	GetHandleVerifier [0x00007FF68FD3AD02+56930]
	(No symbol) [0x00007FF68FCAF602]
	(No symbol) [0x00007FF68FB642E5]
	(No symbol) [0x00007FF68FBA98ED]
	(No symbol) [0x00007FF68FBA9A2C]
	(No symbol) [0x00007FF68FBEA967]
	(No symbol) [0x00007FF68FBCBCDF]
	(No symbol) [0x00007FF68FBE81E2]
	(No symbol) [0x00007FF68FBCBA43]
	(No symbol) [0x00007FF68FB9D438]
	(No symbol) [0x00007FF68FB9E4D1]
	GetHandleVerifier [0x00007FF6900B6F8D+3711213]
	GetHandleVerifier [0x00007FF6901104CD+4077101]
	GetHandleVerifier [0x00007FF69010865F+4044735]
	GetHandleVerifier [0x00007FF68FDD9736+706710]
	(No symbol) [0x00007FF68FCBB8DF]
	(No symbol) [0x00007FF68FCB6AC4]
	(No symbol) [0x00007FF68FCB6C1C]
	(No symbol) [0x00007FF68FCA68D4]
	BaseThreadInitThunk [0x00007FF9494C257D+29]
	RtlUserThreadStart [0x00007FF94AC4AA58+40]

2024-04-03 16:36:55,782 [ERROR] automation Element located by i0116 is not present. Message: no such element: Unable to locate element: {"method":"css selector","selector":"[id="i0116"]"}
  (Session info: chrome=122.0.6261.131); For documentation on this error, please visit: https://www.selenium.dev/documentation/webdriver/troubleshooting/errors#no-such-element-exception
Stacktrace:
	GetHandleVerifier [0x00007FF68FD3AD02+56930]
	(No symbol) [0x00007FF68FCAF602]
	(No symbol) [0x00007FF68FB642E5]
	(No symbol) [0x00007FF68FBA98ED]
	(No symbol) [0x00007FF68FBA9A2C]
	(No symbol) [0x00007FF68FBEA967]
	(No symbol) [0x00007FF68FBCBCDF]
	(No symbol) [0x00007FF68FBE81E2]
	(No symbol) [0x00007FF68FBCBA43]
	(No symbol) [0x00007FF68FB9D438]
	(No symbol) [0x00007FF68FB9E4D1]
	GetHandleVerifier [0x00007FF6900B6F8D+3711213]
	GetHandleVerifier [0x00007FF6901104CD+4077101]
	GetHandleVerifier [0x00007FF69010865F+4044735]
	GetHandleVerifier [0x00007FF68FDD9736+706710]
	(No symbol) [0x00007FF68FCBB8DF]
	(No symbol) [0x00007FF68FCB6AC4]
	(No symbol) [0x00007FF68FCB6C1C]
	(No symbol) [0x00007FF68FCA68D4]
	BaseThreadInitThunk [0x00007FF9494C257D+29]
	RtlUserThreadStart [0x00007FF94AC4AA58+40]

2024-04-03 16:36:55,844 [ERROR] automation Element located by i0116 is not present. Message: no such element: Unable to locate element: {"method":"css selector","selector":"[id="i0116"]"}
  (Session info: chrome=122.0.6261.131); For documentation on this error, please visit: https://www.selenium.dev/documentation/webdriver/troubleshooting/errors#no-such-element-exception
Stacktrace:
	GetHandleVerifier [0x00007FF68FD3AD02+56930]
	(No symbol) [0x00007FF68FCAF602]
	(No symbol) [0x00007FF68FB642E5]
	(No symbol) [0x00007FF68FBA98ED]
	(No symbol) [0x00007FF68FBA9A2C]
	(No symbol) [0x00007FF68FBEA967]
	(No symbol) [0x00007FF68FBCBCDF]
	(No symbol) [0x00007FF68FBE81E2]
	(No symbol) [0x00007FF68FBCBA43]
	(No symbol) [0x00007FF68FB9D438]
	(No symbol) [0x00007FF68FB9E4D1]
	GetHandleVerifier [0x00007FF6900B6F8D+3711213]
	GetHandleVerifier [0x00007FF6901104CD+4077101]
	GetHandleVerifier [0x00007FF69010865F+4044735]
	GetHandleVerifier [0x00007FF68FDD9736+706710]
	(No symbol) [0x00007FF68FCBB8DF]
	(No symbol) [0x00007FF68FCB6AC4]
	(No symbol) [0x00007FF68FCB6C1C]
	(No symbol) [0x00007FF68FCA68D4]
	BaseThreadInitThunk [0x00007FF9494C257D+29]
	RtlUserThreadStart [0x00007FF94AC4AA58+40]

2024-04-03 16:36:55,910 [ERROR] automation Element located by i0116 is not present. Message: no such element: Unable to locate element: {"method":"css selector","selector":"[id="i0116"]"}
  (Session info: chrome=122.0.6261.131); For documentation on this error, please visit: https://www.selenium.dev/documentation/webdriver/troubleshooting/errors#no-such-element-exception
Stacktrace:
	GetHandleVerifier [0x00007FF68FD3AD02+56930]
	(No symbol) [0x00007FF68FCAF602]
	(No symbol) [0x00007FF68FB642E5]
	(No symbol) [0x00007FF68FBA98ED]
	(No symbol) [0x00007FF68FBA9A2C]
	(No symbol) [0x00007FF68FBEA967]
	(No symbol) [0x00007FF68FBCBCDF]
	(No symbol) [0x00007FF68FBE81E2]
	(No symbol) [0x00007FF68FBCBA43]
	(No symbol) [0x00007FF68FB9D438]
	(No symbol) [0x00007FF68FB9E4D1]
	GetHandleVerifier [0x00007FF6900B6F8D+3711213]
	GetHandleVerifier [0x00007FF6901104CD+4077101]
	GetHandleVerifier [0x00007FF69010865F+4044735]
	GetHandleVerifier [0x00007FF68FDD9736+706710]
	(No symbol) [0x00007FF68FCBB8DF]
	(No symbol) [0x00007FF68FCB6AC4]
	(No symbol) [0x00007FF68FCB6C1C]
	(No symbol) [0x00007FF68FCA68D4]
	BaseThreadInitThunk [0x00007FF9494C257D+29]
	RtlUserThreadStart [0x00007FF94AC4AA58+40]

2024-04-03 16:36:55,978 [ERROR] automation Element located by i0116 is not present. Message: no such element: Unable to locate element: {"method":"css selector","selector":"[id="i0116"]"}
  (Session info: chrome=122.0.6261.131); For documentation on this error, please visit: https://www.selenium.dev/documentation/webdriver/troubleshooting/errors#no-such-element-exception
Stacktrace:
	GetHandleVerifier [0x00007FF68FD3AD02+56930]
	(No symbol) [0x00007FF68FCAF602]
	(No symbol) [0x00007FF68FB642E5]
	(No symbol) [0x00007FF68FBA98ED]
	(No symbol) [0x00007FF68FBA9A2C]
	(No symbol) [0x00007FF68FBEA967]
	(No symbol) [0x00007FF68FBCBCDF]
	(No symbol) [0x00007FF68FBE81E2]
	(No symbol) [0x00007FF68FBCBA43]
	(No symbol) [0x00007FF68FB9D438]
	(No symbol) [0x00007FF68FB9E4D1]
	GetHandleVerifier [0x00007FF6900B6F8D+3711213]
	GetHandleVerifier [0x00007FF6901104CD+4077101]
	GetHandleVerifier [0x00007FF69010865F+4044735]
	GetHandleVerifier [0x00007FF68FDD9736+706710]
	(No symbol) [0x00007FF68FCBB8DF]
	(No symbol) [0x00007FF68FCB6AC4]
	(No symbol) [0x00007FF68FCB6C1C]
	(No symbol) [0x00007FF68FCA68D4]
	BaseThreadInitThunk [0x00007FF9494C257D+29]
	RtlUserThreadStart [0x00007FF94AC4AA58+40]

2024-04-03 16:36:56,683 [ERROR] automation Element located by i0116 is not present. Message: no such element: Unable to locate element: {"method":"css selector","selector":"[id="i0116"]"}
  (Session info: chrome=122.0.6261.131); For documentation on this error, please visit: https://www.selenium.dev/documentation/webdriver/troubleshooting/errors#no-such-element-exception
Stacktrace:
	GetHandleVerifier [0x00007FF68FD3AD02+56930]
	(No symbol) [0x00007FF68FCAF602]
	(No symbol) [0x00007FF68FB642E5]
	(No symbol) [0x00007FF68FBA98ED]
	(No symbol) [0x00007FF68FBA9A2C]
	(No symbol) [0x00007FF68FBEA967]
	(No symbol) [0x00007FF68FBCBCDF]
	(No symbol) [0x00007FF68FBE81E2]
	(No symbol) [0x00007FF68FBCBA43]
	(No symbol) [0x00007FF68FB9D438]
	(No symbol) [0x00007FF68FB9E4D1]
	GetHandleVerifier [0x00007FF6900B6F8D+3711213]
	GetHandleVerifier [0x00007FF6901104CD+4077101]
	GetHandleVerifier [0x00007FF69010865F+4044735]
	GetHandleVerifier [0x00007FF68FDD9736+706710]
	(No symbol) [0x00007FF68FCBB8DF]
	(No symbol) [0x00007FF68FCB6AC4]
	(No symbol) [0x00007FF68FCB6C1C]
	(No symbol) [0x00007FF68FCA68D4]
	BaseThreadInitThunk [0x00007FF9494C257D+29]
	RtlUserThreadStart [0x00007FF94AC4AA58+40]

2024-04-03 16:36:56,786 [ERROR] automation Element located by i0116 is not present. Message: no such element: Unable to locate element: {"method":"css selector","selector":"[id="i0116"]"}
  (Session info: chrome=122.0.6261.131); For documentation on this error, please visit: https://www.selenium.dev/documentation/webdriver/troubleshooting/errors#no-such-element-exception
Stacktrace:
	GetHandleVerifier [0x00007FF68FD3AD02+56930]
	(No symbol) [0x00007FF68FCAF602]
	(No symbol) [0x00007FF68FB642E5]
	(No symbol) [0x00007FF68FBA98ED]
	(No symbol) [0x00007FF68FBA9A2C]
	(No symbol) [0x00007FF68FBEA967]
	(No symbol) [0x00007FF68FBCBCDF]
	(No symbol) [0x00007FF68FBE81E2]
	(No symbol) [0x00007FF68FBCBA43]
	(No symbol) [0x00007FF68FB9D438]
	(No symbol) [0x00007FF68FB9E4D1]
	GetHandleVerifier [0x00007FF6900B6F8D+3711213]
	GetHandleVerifier [0x00007FF6901104CD+4077101]
	GetHandleVerifier [0x00007FF69010865F+4044735]
	GetHandleVerifier [0x00007FF68FDD9736+706710]
	(No symbol) [0x00007FF68FCBB8DF]
	(No symbol) [0x00007FF68FCB6AC4]
	(No symbol) [0x00007FF68FCB6C1C]
	(No symbol) [0x00007FF68FCA68D4]
	BaseThreadInitThunk [0x00007FF9494C257D+29]
	RtlUserThreadStart [0x00007FF94AC4AA58+40]

2024-04-03 16:36:56,849 [ERROR] automation Element located by i0116 is not present. Message: no such element: Unable to locate element: {"method":"css selector","selector":"[id="i0116"]"}
  (Session info: chrome=122.0.6261.131); For documentation on this error, please visit: https://www.selenium.dev/documentation/webdriver/troubleshooting/errors#no-such-element-exception
Stacktrace:
	GetHandleVerifier [0x00007FF68FD3AD02+56930]
	(No symbol) [0x00007FF68FCAF602]
	(No symbol) [0x00007FF68FB642E5]
	(No symbol) [0x00007FF68FBA98ED]
	(No symbol) [0x00007FF68FBA9A2C]
	(No symbol) [0x00007FF68FBEA967]
	(No symbol) [0x00007FF68FBCBCDF]
	(No symbol) [0x00007FF68FBE81E2]
	(No symbol) [0x00007FF68FBCBA43]
	(No symbol) [0x00007FF68FB9D438]
	(No symbol) [0x00007FF68FB9E4D1]
	GetHandleVerifier [0x00007FF6900B6F8D+3711213]
	GetHandleVerifier [0x00007FF6901104CD+4077101]
	GetHandleVerifier [0x00007FF69010865F+4044735]
	GetHandleVerifier [0x00007FF68FDD9736+706710]
	(No symbol) [0x00007FF68FCBB8DF]
	(No symbol) [0x00007FF68FCB6AC4]
	(No symbol) [0x00007FF68FCB6C1C]
	(No symbol) [0x00007FF68FCA68D4]
	BaseThreadInitThunk [0x00007FF9494C257D+29]
	RtlUserThreadStart [0x00007FF94AC4AA58+40]

2024-04-03 16:36:56,917 [ERROR] automation Element located by i0116 is not present. Message: no such element: Unable to locate element: {"method":"css selector","selector":"[id="i0116"]"}
  (Session info: chrome=122.0.6261.131); For documentation on this error, please visit: https://www.selenium.dev/documentation/webdriver/troubleshooting/errors#no-such-element-exception
Stacktrace:
	GetHandleVerifier [0x00007FF68FD3AD02+56930]
	(No symbol) [0x00007FF68FCAF602]
	(No symbol) [0x00007FF68FB642E5]
	(No symbol) [0x00007FF68FBA98ED]
	(No symbol) [0x00007FF68FBA9A2C]
	(No symbol) [0x00007FF68FBEA967]
	(No symbol) [0x00007FF68FBCBCDF]
	(No symbol) [0x00007FF68FBE81E2]
	(No symbol) [0x00007FF68FBCBA43]
	(No symbol) [0x00007FF68FB9D438]
	(No symbol) [0x00007FF68FB9E4D1]
	GetHandleVerifier [0x00007FF6900B6F8D+3711213]
	GetHandleVerifier [0x00007FF6901104CD+4077101]
	GetHandleVerifier [0x00007FF69010865F+4044735]
	GetHandleVerifier [0x00007FF68FDD9736+706710]
	(No symbol) [0x00007FF68FCBB8DF]
	(No symbol) [0x00007FF68FCB6AC4]
	(No symbol) [0x00007FF68FCB6C1C]
	(No symbol) [0x00007FF68FCA68D4]
	BaseThreadInitThunk [0x00007FF9494C257D+29]
	RtlUserThreadStart [0x00007FF94AC4AA58+40]

2024-04-03 16:36:56,987 [ERROR] automation Element located by i0116 is not present. Message: no such element: Unable to locate element: {"method":"css selector","selector":"[id="i0116"]"}
  (Session info: chrome=122.0.6261.131); For documentation on this error, please visit: https://www.selenium.dev/documentation/webdriver/troubleshooting/errors#no-such-element-exception
Stacktrace:
	GetHandleVerifier [0x00007FF68FD3AD02+56930]
	(No symbol) [0x00007FF68FCAF602]
	(No symbol) [0x00007FF68FB642E5]
	(No symbol) [0x00007FF68FBA98ED]
	(No symbol) [0x00007FF68FBA9A2C]
	(No symbol) [0x00007FF68FBEA967]
	(No symbol) [0x00007FF68FBCBCDF]
	(No symbol) [0x00007FF68FBE81E2]
	(No symbol) [0x00007FF68FBCBA43]
	(No symbol) [0x00007FF68FB9D438]
	(No symbol) [0x00007FF68FB9E4D1]
	GetHandleVerifier [0x00007FF6900B6F8D+3711213]
	GetHandleVerifier [0x00007FF6901104CD+4077101]
	GetHandleVerifier [0x00007FF69010865F+4044735]
	GetHandleVerifier [0x00007FF68FDD9736+706710]
	(No symbol) [0x00007FF68FCBB8DF]
	(No symbol) [0x00007FF68FCB6AC4]
	(No symbol) [0x00007FF68FCB6C1C]
	(No symbol) [0x00007FF68FCA68D4]
	BaseThreadInitThunk [0x00007FF9494C257D+29]
	RtlUserThreadStart [0x00007FF94AC4AA58+40]

2024-04-03 16:36:57,052 [ERROR] automation Element located by i0116 is not present. Message: no such element: Unable to locate element: {"method":"css selector","selector":"[id="i0116"]"}
  (Session info: chrome=122.0.6261.131); For documentation on this error, please visit: https://www.selenium.dev/documentation/webdriver/troubleshooting/errors#no-such-element-exception
Stacktrace:
	GetHandleVerifier [0x00007FF68FD3AD02+56930]
	(No symbol) [0x00007FF68FCAF602]
	(No symbol) [0x00007FF68FB642E5]
	(No symbol) [0x00007FF68FBA98ED]
	(No symbol) [0x00007FF68FBA9A2C]
	(No symbol) [0x00007FF68FBEA967]
	(No symbol) [0x00007FF68FBCBCDF]
	(No symbol) [0x00007FF68FBE81E2]
	(No symbol) [0x00007FF68FBCBA43]
	(No symbol) [0x00007FF68FB9D438]
	(No symbol) [0x00007FF68FB9E4D1]
	GetHandleVerifier [0x00007FF6900B6F8D+3711213]
	GetHandleVerifier [0x00007FF6901104CD+4077101]
	GetHandleVerifier [0x00007FF69010865F+4044735]
	GetHandleVerifier [0x00007FF68FDD9736+706710]
	(No symbol) [0x00007FF68FCBB8DF]
	(No symbol) [0x00007FF68FCB6AC4]
	(No symbol) [0x00007FF68FCB6C1C]
	(No symbol) [0x00007FF68FCA68D4]
	BaseThreadInitThunk [0x00007FF9494C257D+29]
	RtlUserThreadStart [0x00007FF94AC4AA58+40]

2024-04-03 16:36:57,118 [ERROR] automation Element located by i0116 is not present. Message: no such element: Unable to locate element: {"method":"css selector","selector":"[id="i0116"]"}
  (Session info: chrome=122.0.6261.131); For documentation on this error, please visit: https://www.selenium.dev/documentation/webdriver/troubleshooting/errors#no-such-element-exception
Stacktrace:
	GetHandleVerifier [0x00007FF68FD3AD02+56930]
	(No symbol) [0x00007FF68FCAF602]
	(No symbol) [0x00007FF68FB642E5]
	(No symbol) [0x00007FF68FBA98ED]
	(No symbol) [0x00007FF68FBA9A2C]
	(No symbol) [0x00007FF68FBEA967]
	(No symbol) [0x00007FF68FBCBCDF]
	(No symbol) [0x00007FF68FBE81E2]
	(No symbol) [0x00007FF68FBCBA43]
	(No symbol) [0x00007FF68FB9D438]
	(No symbol) [0x00007FF68FB9E4D1]
	GetHandleVerifier [0x00007FF6900B6F8D+3711213]
	GetHandleVerifier [0x00007FF6901104CD+4077101]
	GetHandleVerifier [0x00007FF69010865F+4044735]
	GetHandleVerifier [0x00007FF68FDD9736+706710]
	(No symbol) [0x00007FF68FCBB8DF]
	(No symbol) [0x00007FF68FCB6AC4]
	(No symbol) [0x00007FF68FCB6C1C]
	(No symbol) [0x00007FF68FCA68D4]
	BaseThreadInitThunk [0x00007FF9494C257D+29]
	RtlUserThreadStart [0x00007FF94AC4AA58+40]

2024-04-03 16:36:57,187 [ERROR] automation Element located by i0116 is not present. Message: no such element: Unable to locate element: {"method":"css selector","selector":"[id="i0116"]"}
  (Session info: chrome=122.0.6261.131); For documentation on this error, please visit: https://www.selenium.dev/documentation/webdriver/troubleshooting/errors#no-such-element-exception
Stacktrace:
	GetHandleVerifier [0x00007FF68FD3AD02+56930]
	(No symbol) [0x00007FF68FCAF602]
	(No symbol) [0x00007FF68FB642E5]
	(No symbol) [0x00007FF68FBA98ED]
	(No symbol) [0x00007FF68FBA9A2C]
	(No symbol) [0x00007FF68FBEA967]
	(No symbol) [0x00007FF68FBCBCDF]
	(No symbol) [0x00007FF68FBE81E2]
	(No symbol) [0x00007FF68FBCBA43]
	(No symbol) [0x00007FF68FB9D438]
	(No symbol) [0x00007FF68FB9E4D1]
	GetHandleVerifier [0x00007FF6900B6F8D+3711213]
	GetHandleVerifier [0x00007FF6901104CD+4077101]
	GetHandleVerifier [0x00007FF69010865F+4044735]
	GetHandleVerifier [0x00007FF68FDD9736+706710]
	(No symbol) [0x00007FF68FCBB8DF]
	(No symbol) [0x00007FF68FCB6AC4]
	(No symbol) [0x00007FF68FCB6C1C]
	(No symbol) [0x00007FF68FCA68D4]
	BaseThreadInitThunk [0x00007FF9494C257D+29]
	RtlUserThreadStart [0x00007FF94AC4AA58+40]

2024-04-03 16:36:57,250 [ERROR] automation Element located by i0116 is not present. Message: no such element: Unable to locate element: {"method":"css selector","selector":"[id="i0116"]"}
  (Session info: chrome=122.0.6261.131); For documentation on this error, please visit: https://www.selenium.dev/documentation/webdriver/troubleshooting/errors#no-such-element-exception
Stacktrace:
	GetHandleVerifier [0x00007FF68FD3AD02+56930]
	(No symbol) [0x00007FF68FCAF602]
	(No symbol) [0x00007FF68FB642E5]
	(No symbol) [0x00007FF68FBA98ED]
	(No symbol) [0x00007FF68FBA9A2C]
	(No symbol) [0x00007FF68FBEA967]
	(No symbol) [0x00007FF68FBCBCDF]
	(No symbol) [0x00007FF68FBE81E2]
	(No symbol) [0x00007FF68FBCBA43]
	(No symbol) [0x00007FF68FB9D438]
	(No symbol) [0x00007FF68FB9E4D1]
	GetHandleVerifier [0x00007FF6900B6F8D+3711213]
	GetHandleVerifier [0x00007FF6901104CD+4077101]
	GetHandleVerifier [0x00007FF69010865F+4044735]
	GetHandleVerifier [0x00007FF68FDD9736+706710]
	(No symbol) [0x00007FF68FCBB8DF]
	(No symbol) [0x00007FF68FCB6AC4]
	(No symbol) [0x00007FF68FCB6C1C]
	(No symbol) [0x00007FF68FCA68D4]
	BaseThreadInitThunk [0x00007FF9494C257D+29]
	RtlUserThreadStart [0x00007FF94AC4AA58+40]

2024-04-03 16:36:57,406 [INFO] automation Element located by i0116 is present.
2024-04-03 16:37:04,648 [INFO] automation Element located by //div[@class='logo'] is present.
2024-04-03 16:37:08,783 [ERROR] automation Element located by //div[@class='tableFixHead']/table/tbody/tr[contains(@class,'even_col')][1] is not present. Message: no such element: Unable to locate element: {"method":"xpath","selector":"//div[@class='tableFixHead']/table/tbody/tr[contains(@class,'even_col')][1]"}
  (Session info: chrome=122.0.6261.131); For documentation on this error, please visit: https://www.selenium.dev/documentation/webdriver/troubleshooting/errors#no-such-element-exception
Stacktrace:
	GetHandleVerifier [0x00007FF68FD3AD02+56930]
	(No symbol) [0x00007FF68FCAF602]
	(No symbol) [0x00007FF68FB642E5]
	(No symbol) [0x00007FF68FBA98ED]
	(No symbol) [0x00007FF68FBA9A2C]
	(No symbol) [0x00007FF68FBEA967]
	(No symbol) [0x00007FF68FBCBCDF]
	(No symbol) [0x00007FF68FBE81E2]
	(No symbol) [0x00007FF68FBCBA43]
	(No symbol) [0x00007FF68FB9D438]
	(No symbol) [0x00007FF68FB9E4D1]
	GetHandleVerifier [0x00007FF6900B6F8D+3711213]
	GetHandleVerifier [0x00007FF6901104CD+4077101]
	GetHandleVerifier [0x00007FF69010865F+4044735]
	GetHandleVerifier [0x00007FF68FDD9736+706710]
	(No symbol) [0x00007FF68FCBB8DF]
	(No symbol) [0x00007FF68FCB6AC4]
	(No symbol) [0x00007FF68FCB6C1C]
	(No symbol) [0x00007FF68FCA68D4]
	BaseThreadInitThunk [0x00007FF9494C257D+29]
	RtlUserThreadStart [0x00007FF94AC4AA58+40]

2024-04-03 16:37:08,928 [INFO] automation Element located by //div[@class='tableFixHead']/table/tbody/tr[contains(@class,'even_col')][1] is present.
2024-04-03 16:37:11,523 [INFO] automation Element located by //input[@formcontrolname='title'] is present.
2024-04-03 16:37:11,535 [INFO] automation Element located by //input[@formcontrolname='title'] is present.
2024-04-03 16:37:13,757 [ERROR] automation Element located by //div[@role='alert' and contains(text(),'success') or contains(text(),'Success')] is not present. Message: no such element: Unable to locate element: {"method":"xpath","selector":"//div[@role='alert' and contains(text(),'success') or contains(text(),'Success')]"}
  (Session info: chrome=122.0.6261.131); For documentation on this error, please visit: https://www.selenium.dev/documentation/webdriver/troubleshooting/errors#no-such-element-exception
Stacktrace:
	GetHandleVerifier [0x00007FF68FD3AD02+56930]
	(No symbol) [0x00007FF68FCAF602]
	(No symbol) [0x00007FF68FB642E5]
	(No symbol) [0x00007FF68FBA98ED]
	(No symbol) [0x00007FF68FBA9A2C]
	(No symbol) [0x00007FF68FBEA967]
	(No symbol) [0x00007FF68FBCBCDF]
	(No symbol) [0x00007FF68FBE81E2]
	(No symbol) [0x00007FF68FBCBA43]
	(No symbol) [0x00007FF68FB9D438]
	(No symbol) [0x00007FF68FB9E4D1]
	GetHandleVerifier [0x00007FF6900B6F8D+3711213]
	GetHandleVerifier [0x00007FF6901104CD+4077101]
	GetHandleVerifier [0x00007FF69010865F+4044735]
	GetHandleVerifier [0x00007FF68FDD9736+706710]
	(No symbol) [0x00007FF68FCBB8DF]
	(No symbol) [0x00007FF68FCB6AC4]
	(No symbol) [0x00007FF68FCB6C1C]
	(No symbol) [0x00007FF68FCA68D4]
	BaseThreadInitThunk [0x00007FF9494C257D+29]
	RtlUserThreadStart [0x00007FF94AC4AA58+40]

2024-04-03 16:37:13,834 [INFO] automation Element located by //div[@role='alert' and contains(text(),'success') or contains(text(),'Success')] is present.
2024-04-03 16:37:13,834 [INFO] automation Test passed.
