2024-04-03 16:58:28,925 [INFO] automation Test has started.
2024-04-03 16:58:28,927 [INFO] automation Navigating to the https://chorusqa.cogninelabs.com/
2024-04-03 16:58:34,835 [ERROR] automation Element located by i0116 is not present. Message: no such element: Unable to locate element: {"method":"css selector","selector":"[id="i0116"]"}
  (Session info: chrome=122.0.6261.131); For documentation on this error, please visit: https://www.selenium.dev/documentation/webdriver/troubleshooting/errors#no-such-element-exception
Stacktrace:
	GetHandleVerifier [0x00007FF68FD3AD02+56930]
	(No symbol) [0x00007FF68FCAF602]
	(No symbol) [0x00007FF68FB642E5]
	(No symbol) [0x00007FF68FBA98ED]
	(No symbol) [0x00007FF68FBA9A2C]
	(No symbol) [0x00007FF68FBEA967]
	(No symbol) [0x00007FF68FBCBCDF]
	(No symbol) [0x00007FF68FBE81E2]
	(No symbol) [0x00007FF68FBCBA43]
	(No symbol) [0x00007FF68FB9D438]
	(No symbol) [0x00007FF68FB9E4D1]
	GetHandleVerifier [0x00007FF6900B6F8D+3711213]
	GetHandleVerifier [0x00007FF6901104CD+4077101]
	GetHandleVerifier [0x00007FF69010865F+4044735]
	GetHandleVerifier [0x00007FF68FDD9736+706710]
	(No symbol) [0x00007FF68FCBB8DF]
	(No symbol) [0x00007FF68FCB6AC4]
	(No symbol) [0x00007FF68FCB6C1C]
	(No symbol) [0x00007FF68FCA68D4]
	BaseThreadInitThunk [0x00007FF9494C257D+29]
	RtlUserThreadStart [0x00007FF94AC4AA58+40]

2024-04-03 16:58:34,910 [ERROR] automation Element located by i0116 is not present. Message: no such element: Unable to locate element: {"method":"css selector","selector":"[id="i0116"]"}
  (Session info: chrome=122.0.6261.131); For documentation on this error, please visit: https://www.selenium.dev/documentation/webdriver/troubleshooting/errors#no-such-element-exception
Stacktrace:
	GetHandleVerifier [0x00007FF68FD3AD02+56930]
	(No symbol) [0x00007FF68FCAF602]
	(No symbol) [0x00007FF68FB642E5]
	(No symbol) [0x00007FF68FBA98ED]
	(No symbol) [0x00007FF68FBA9A2C]
	(No symbol) [0x00007FF68FBEA967]
	(No symbol) [0x00007FF68FBCBCDF]
	(No symbol) [0x00007FF68FBE81E2]
	(No symbol) [0x00007FF68FBCBA43]
	(No symbol) [0x00007FF68FB9D438]
	(No symbol) [0x00007FF68FB9E4D1]
	GetHandleVerifier [0x00007FF6900B6F8D+3711213]
	GetHandleVerifier [0x00007FF6901104CD+4077101]
	GetHandleVerifier [0x00007FF69010865F+4044735]
	GetHandleVerifier [0x00007FF68FDD9736+706710]
	(No symbol) [0x00007FF68FCBB8DF]
	(No symbol) [0x00007FF68FCB6AC4]
	(No symbol) [0x00007FF68FCB6C1C]
	(No symbol) [0x00007FF68FCA68D4]
	BaseThreadInitThunk [0x00007FF9494C257D+29]
	RtlUserThreadStart [0x00007FF94AC4AA58+40]

2024-04-03 16:58:34,977 [ERROR] automation Element located by i0116 is not present. Message: no such element: Unable to locate element: {"method":"css selector","selector":"[id="i0116"]"}
  (Session info: chrome=122.0.6261.131); For documentation on this error, please visit: https://www.selenium.dev/documentation/webdriver/troubleshooting/errors#no-such-element-exception
Stacktrace:
	GetHandleVerifier [0x00007FF68FD3AD02+56930]
	(No symbol) [0x00007FF68FCAF602]
	(No symbol) [0x00007FF68FB642E5]
	(No symbol) [0x00007FF68FBA98ED]
	(No symbol) [0x00007FF68FBA9A2C]
	(No symbol) [0x00007FF68FBEA967]
	(No symbol) [0x00007FF68FBCBCDF]
	(No symbol) [0x00007FF68FBE81E2]
	(No symbol) [0x00007FF68FBCBA43]
	(No symbol) [0x00007FF68FB9D438]
	(No symbol) [0x00007FF68FB9E4D1]
	GetHandleVerifier [0x00007FF6900B6F8D+3711213]
	GetHandleVerifier [0x00007FF6901104CD+4077101]
	GetHandleVerifier [0x00007FF69010865F+4044735]
	GetHandleVerifier [0x00007FF68FDD9736+706710]
	(No symbol) [0x00007FF68FCBB8DF]
	(No symbol) [0x00007FF68FCB6AC4]
	(No symbol) [0x00007FF68FCB6C1C]
	(No symbol) [0x00007FF68FCA68D4]
	BaseThreadInitThunk [0x00007FF9494C257D+29]
	RtlUserThreadStart [0x00007FF94AC4AA58+40]

2024-04-03 16:58:35,046 [ERROR] automation Element located by i0116 is not present. Message: no such element: Unable to locate element: {"method":"css selector","selector":"[id="i0116"]"}
  (Session info: chrome=122.0.6261.131); For documentation on this error, please visit: https://www.selenium.dev/documentation/webdriver/troubleshooting/errors#no-such-element-exception
Stacktrace:
	GetHandleVerifier [0x00007FF68FD3AD02+56930]
	(No symbol) [0x00007FF68FCAF602]
	(No symbol) [0x00007FF68FB642E5]
	(No symbol) [0x00007FF68FBA98ED]
	(No symbol) [0x00007FF68FBA9A2C]
	(No symbol) [0x00007FF68FBEA967]
	(No symbol) [0x00007FF68FBCBCDF]
	(No symbol) [0x00007FF68FBE81E2]
	(No symbol) [0x00007FF68FBCBA43]
	(No symbol) [0x00007FF68FB9D438]
	(No symbol) [0x00007FF68FB9E4D1]
	GetHandleVerifier [0x00007FF6900B6F8D+3711213]
	GetHandleVerifier [0x00007FF6901104CD+4077101]
	GetHandleVerifier [0x00007FF69010865F+4044735]
	GetHandleVerifier [0x00007FF68FDD9736+706710]
	(No symbol) [0x00007FF68FCBB8DF]
	(No symbol) [0x00007FF68FCB6AC4]
	(No symbol) [0x00007FF68FCB6C1C]
	(No symbol) [0x00007FF68FCA68D4]
	BaseThreadInitThunk [0x00007FF9494C257D+29]
	RtlUserThreadStart [0x00007FF94AC4AA58+40]

2024-04-03 16:58:35,114 [ERROR] automation Element located by i0116 is not present. Message: no such element: Unable to locate element: {"method":"css selector","selector":"[id="i0116"]"}
  (Session info: chrome=122.0.6261.131); For documentation on this error, please visit: https://www.selenium.dev/documentation/webdriver/troubleshooting/errors#no-such-element-exception
Stacktrace:
	GetHandleVerifier [0x00007FF68FD3AD02+56930]
	(No symbol) [0x00007FF68FCAF602]
	(No symbol) [0x00007FF68FB642E5]
	(No symbol) [0x00007FF68FBA98ED]
	(No symbol) [0x00007FF68FBA9A2C]
	(No symbol) [0x00007FF68FBEA967]
	(No symbol) [0x00007FF68FBCBCDF]
	(No symbol) [0x00007FF68FBE81E2]
	(No symbol) [0x00007FF68FBCBA43]
	(No symbol) [0x00007FF68FB9D438]
	(No symbol) [0x00007FF68FB9E4D1]
	GetHandleVerifier [0x00007FF6900B6F8D+3711213]
	GetHandleVerifier [0x00007FF6901104CD+4077101]
	GetHandleVerifier [0x00007FF69010865F+4044735]
	GetHandleVerifier [0x00007FF68FDD9736+706710]
	(No symbol) [0x00007FF68FCBB8DF]
	(No symbol) [0x00007FF68FCB6AC4]
	(No symbol) [0x00007FF68FCB6C1C]
	(No symbol) [0x00007FF68FCA68D4]
	BaseThreadInitThunk [0x00007FF9494C257D+29]
	RtlUserThreadStart [0x00007FF94AC4AA58+40]

2024-04-03 16:58:35,181 [ERROR] automation Element located by i0116 is not present. Message: no such element: Unable to locate element: {"method":"css selector","selector":"[id="i0116"]"}
  (Session info: chrome=122.0.6261.131); For documentation on this error, please visit: https://www.selenium.dev/documentation/webdriver/troubleshooting/errors#no-such-element-exception
Stacktrace:
	GetHandleVerifier [0x00007FF68FD3AD02+56930]
	(No symbol) [0x00007FF68FCAF602]
	(No symbol) [0x00007FF68FB642E5]
	(No symbol) [0x00007FF68FBA98ED]
	(No symbol) [0x00007FF68FBA9A2C]
	(No symbol) [0x00007FF68FBEA967]
	(No symbol) [0x00007FF68FBCBCDF]
	(No symbol) [0x00007FF68FBE81E2]
	(No symbol) [0x00007FF68FBCBA43]
	(No symbol) [0x00007FF68FB9D438]
	(No symbol) [0x00007FF68FB9E4D1]
	GetHandleVerifier [0x00007FF6900B6F8D+3711213]
	GetHandleVerifier [0x00007FF6901104CD+4077101]
	GetHandleVerifier [0x00007FF69010865F+4044735]
	GetHandleVerifier [0x00007FF68FDD9736+706710]
	(No symbol) [0x00007FF68FCBB8DF]
	(No symbol) [0x00007FF68FCB6AC4]
	(No symbol) [0x00007FF68FCB6C1C]
	(No symbol) [0x00007FF68FCA68D4]
	BaseThreadInitThunk [0x00007FF9494C257D+29]
	RtlUserThreadStart [0x00007FF94AC4AA58+40]

2024-04-03 16:58:35,245 [ERROR] automation Element located by i0116 is not present. Message: no such element: Unable to locate element: {"method":"css selector","selector":"[id="i0116"]"}
  (Session info: chrome=122.0.6261.131); For documentation on this error, please visit: https://www.selenium.dev/documentation/webdriver/troubleshooting/errors#no-such-element-exception
Stacktrace:
	GetHandleVerifier [0x00007FF68FD3AD02+56930]
	(No symbol) [0x00007FF68FCAF602]
	(No symbol) [0x00007FF68FB642E5]
	(No symbol) [0x00007FF68FBA98ED]
	(No symbol) [0x00007FF68FBA9A2C]
	(No symbol) [0x00007FF68FBEA967]
	(No symbol) [0x00007FF68FBCBCDF]
	(No symbol) [0x00007FF68FBE81E2]
	(No symbol) [0x00007FF68FBCBA43]
	(No symbol) [0x00007FF68FB9D438]
	(No symbol) [0x00007FF68FB9E4D1]
	GetHandleVerifier [0x00007FF6900B6F8D+3711213]
	GetHandleVerifier [0x00007FF6901104CD+4077101]
	GetHandleVerifier [0x00007FF69010865F+4044735]
	GetHandleVerifier [0x00007FF68FDD9736+706710]
	(No symbol) [0x00007FF68FCBB8DF]
	(No symbol) [0x00007FF68FCB6AC4]
	(No symbol) [0x00007FF68FCB6C1C]
	(No symbol) [0x00007FF68FCA68D4]
	BaseThreadInitThunk [0x00007FF9494C257D+29]
	RtlUserThreadStart [0x00007FF94AC4AA58+40]

2024-04-03 16:58:35,313 [ERROR] automation Element located by i0116 is not present. Message: no such element: Unable to locate element: {"method":"css selector","selector":"[id="i0116"]"}
  (Session info: chrome=122.0.6261.131); For documentation on this error, please visit: https://www.selenium.dev/documentation/webdriver/troubleshooting/errors#no-such-element-exception
Stacktrace:
	GetHandleVerifier [0x00007FF68FD3AD02+56930]
	(No symbol) [0x00007FF68FCAF602]
	(No symbol) [0x00007FF68FB642E5]
	(No symbol) [0x00007FF68FBA98ED]
	(No symbol) [0x00007FF68FBA9A2C]
	(No symbol) [0x00007FF68FBEA967]
	(No symbol) [0x00007FF68FBCBCDF]
	(No symbol) [0x00007FF68FBE81E2]
	(No symbol) [0x00007FF68FBCBA43]
	(No symbol) [0x00007FF68FB9D438]
	(No symbol) [0x00007FF68FB9E4D1]
	GetHandleVerifier [0x00007FF6900B6F8D+3711213]
	GetHandleVerifier [0x00007FF6901104CD+4077101]
	GetHandleVerifier [0x00007FF69010865F+4044735]
	GetHandleVerifier [0x00007FF68FDD9736+706710]
	(No symbol) [0x00007FF68FCBB8DF]
	(No symbol) [0x00007FF68FCB6AC4]
	(No symbol) [0x00007FF68FCB6C1C]
	(No symbol) [0x00007FF68FCA68D4]
	BaseThreadInitThunk [0x00007FF9494C257D+29]
	RtlUserThreadStart [0x00007FF94AC4AA58+40]

2024-04-03 16:58:36,549 [ERROR] automation Element located by i0116 is not present. Message: no such element: Unable to locate element: {"method":"css selector","selector":"[id="i0116"]"}
  (Session info: chrome=122.0.6261.131); For documentation on this error, please visit: https://www.selenium.dev/documentation/webdriver/troubleshooting/errors#no-such-element-exception
Stacktrace:
	GetHandleVerifier [0x00007FF68FD3AD02+56930]
	(No symbol) [0x00007FF68FCAF602]
	(No symbol) [0x00007FF68FB642E5]
	(No symbol) [0x00007FF68FBA98ED]
	(No symbol) [0x00007FF68FBA9A2C]
	(No symbol) [0x00007FF68FBEA967]
	(No symbol) [0x00007FF68FBCBCDF]
	(No symbol) [0x00007FF68FBE81E2]
	(No symbol) [0x00007FF68FBCBA43]
	(No symbol) [0x00007FF68FB9D438]
	(No symbol) [0x00007FF68FB9E4D1]
	GetHandleVerifier [0x00007FF6900B6F8D+3711213]
	GetHandleVerifier [0x00007FF6901104CD+4077101]
	GetHandleVerifier [0x00007FF69010865F+4044735]
	GetHandleVerifier [0x00007FF68FDD9736+706710]
	(No symbol) [0x00007FF68FCBB8DF]
	(No symbol) [0x00007FF68FCB6AC4]
	(No symbol) [0x00007FF68FCB6C1C]
	(No symbol) [0x00007FF68FCA68D4]
	BaseThreadInitThunk [0x00007FF9494C257D+29]
	RtlUserThreadStart [0x00007FF94AC4AA58+40]

2024-04-03 16:58:36,620 [ERROR] automation Element located by i0116 is not present. Message: no such element: Unable to locate element: {"method":"css selector","selector":"[id="i0116"]"}
  (Session info: chrome=122.0.6261.131); For documentation on this error, please visit: https://www.selenium.dev/documentation/webdriver/troubleshooting/errors#no-such-element-exception
Stacktrace:
	GetHandleVerifier [0x00007FF68FD3AD02+56930]
	(No symbol) [0x00007FF68FCAF602]
	(No symbol) [0x00007FF68FB642E5]
	(No symbol) [0x00007FF68FBA98ED]
	(No symbol) [0x00007FF68FBA9A2C]
	(No symbol) [0x00007FF68FBEA967]
	(No symbol) [0x00007FF68FBCBCDF]
	(No symbol) [0x00007FF68FBE81E2]
	(No symbol) [0x00007FF68FBCBA43]
	(No symbol) [0x00007FF68FB9D438]
	(No symbol) [0x00007FF68FB9E4D1]
	GetHandleVerifier [0x00007FF6900B6F8D+3711213]
	GetHandleVerifier [0x00007FF6901104CD+4077101]
	GetHandleVerifier [0x00007FF69010865F+4044735]
	GetHandleVerifier [0x00007FF68FDD9736+706710]
	(No symbol) [0x00007FF68FCBB8DF]
	(No symbol) [0x00007FF68FCB6AC4]
	(No symbol) [0x00007FF68FCB6C1C]
	(No symbol) [0x00007FF68FCA68D4]
	BaseThreadInitThunk [0x00007FF9494C257D+29]
	RtlUserThreadStart [0x00007FF94AC4AA58+40]

2024-04-03 16:58:36,781 [INFO] automation Element located by i0116 is present.
2024-04-03 16:58:44,654 [INFO] automation Element located by //div[@class='logo'] is present.
2024-04-03 16:58:48,793 [INFO] automation Element located by //div[@class='tableFixHead']/table/tbody/tr[contains(@class,'even_col')][1] is present.
2024-04-03 16:58:51,328 [INFO] automation Element located by //input[@formcontrolname='email'] is present.
2024-04-03 16:58:51,341 [INFO] automation Element located by //input[@formcontrolname='email'] is present.
2024-04-03 16:58:51,879 [ERROR] automation Element located by //span[contains(text(),'Email Address already exists')] is not present. Message: no such element: Unable to locate element: {"method":"xpath","selector":"//span[contains(text(),'Email Address already exists')]"}
  (Session info: chrome=122.0.6261.131); For documentation on this error, please visit: https://www.selenium.dev/documentation/webdriver/troubleshooting/errors#no-such-element-exception
Stacktrace:
	GetHandleVerifier [0x00007FF68FD3AD02+56930]
	(No symbol) [0x00007FF68FCAF602]
	(No symbol) [0x00007FF68FB642E5]
	(No symbol) [0x00007FF68FBA98ED]
	(No symbol) [0x00007FF68FBA9A2C]
	(No symbol) [0x00007FF68FBEA967]
	(No symbol) [0x00007FF68FBCBCDF]
	(No symbol) [0x00007FF68FBE81E2]
	(No symbol) [0x00007FF68FBCBA43]
	(No symbol) [0x00007FF68FB9D438]
	(No symbol) [0x00007FF68FB9E4D1]
	GetHandleVerifier [0x00007FF6900B6F8D+3711213]
	GetHandleVerifier [0x00007FF6901104CD+4077101]
	GetHandleVerifier [0x00007FF69010865F+4044735]
	GetHandleVerifier [0x00007FF68FDD9736+706710]
	(No symbol) [0x00007FF68FCBB8DF]
	(No symbol) [0x00007FF68FCB6AC4]
	(No symbol) [0x00007FF68FCB6C1C]
	(No symbol) [0x00007FF68FCA68D4]
	BaseThreadInitThunk [0x00007FF9494C257D+29]
	RtlUserThreadStart [0x00007FF94AC4AA58+40]

2024-04-03 16:58:51,898 [ERROR] automation Element located by //div[@role='alert' and contains(text(),'success') or contains(text(),'Success')] is not present. Message: no such element: Unable to locate element: {"method":"xpath","selector":"//div[@role='alert' and contains(text(),'success') or contains(text(),'Success')]"}
  (Session info: chrome=122.0.6261.131); For documentation on this error, please visit: https://www.selenium.dev/documentation/webdriver/troubleshooting/errors#no-such-element-exception
Stacktrace:
	GetHandleVerifier [0x00007FF68FD3AD02+56930]
	(No symbol) [0x00007FF68FCAF602]
	(No symbol) [0x00007FF68FB642E5]
	(No symbol) [0x00007FF68FBA98ED]
	(No symbol) [0x00007FF68FBA9A2C]
	(No symbol) [0x00007FF68FBEA967]
	(No symbol) [0x00007FF68FBCBCDF]
	(No symbol) [0x00007FF68FBE81E2]
	(No symbol) [0x00007FF68FBCBA43]
	(No symbol) [0x00007FF68FB9D438]
	(No symbol) [0x00007FF68FB9E4D1]
	GetHandleVerifier [0x00007FF6900B6F8D+3711213]
	GetHandleVerifier [0x00007FF6901104CD+4077101]
	GetHandleVerifier [0x00007FF69010865F+4044735]
	GetHandleVerifier [0x00007FF68FDD9736+706710]
	(No symbol) [0x00007FF68FCBB8DF]
	(No symbol) [0x00007FF68FCB6AC4]
	(No symbol) [0x00007FF68FCB6C1C]
	(No symbol) [0x00007FF68FCA68D4]
	BaseThreadInitThunk [0x00007FF9494C257D+29]
	RtlUserThreadStart [0x00007FF94AC4AA58+40]

2024-04-03 16:58:51,899 [INFO] automation Test passed.
2024-04-03 16:58:51,913 [INFO] automation Test has started.
2024-04-03 16:58:51,913 [INFO] automation Navigating to the https://chorusqa.cogninelabs.com/
2024-04-03 16:58:58,904 [ERROR] automation Element located by i0116 is not present. Message: no such element: Unable to locate element: {"method":"css selector","selector":"[id="i0116"]"}
  (Session info: chrome=122.0.6261.131); For documentation on this error, please visit: https://www.selenium.dev/documentation/webdriver/troubleshooting/errors#no-such-element-exception
Stacktrace:
	GetHandleVerifier [0x00007FF68FD3AD02+56930]
	(No symbol) [0x00007FF68FCAF602]
	(No symbol) [0x00007FF68FB642E5]
	(No symbol) [0x00007FF68FBA98ED]
	(No symbol) [0x00007FF68FBA9A2C]
	(No symbol) [0x00007FF68FBEA967]
	(No symbol) [0x00007FF68FBCBCDF]
	(No symbol) [0x00007FF68FBE81E2]
	(No symbol) [0x00007FF68FBCBA43]
	(No symbol) [0x00007FF68FB9D438]
	(No symbol) [0x00007FF68FB9E4D1]
	GetHandleVerifier [0x00007FF6900B6F8D+3711213]
	GetHandleVerifier [0x00007FF6901104CD+4077101]
	GetHandleVerifier [0x00007FF69010865F+4044735]
	GetHandleVerifier [0x00007FF68FDD9736+706710]
	(No symbol) [0x00007FF68FCBB8DF]
	(No symbol) [0x00007FF68FCB6AC4]
	(No symbol) [0x00007FF68FCB6C1C]
	(No symbol) [0x00007FF68FCA68D4]
	BaseThreadInitThunk [0x00007FF9494C257D+29]
	RtlUserThreadStart [0x00007FF94AC4AA58+40]

2024-04-03 16:58:58,964 [ERROR] automation Element located by i0116 is not present. Message: no such element: Unable to locate element: {"method":"css selector","selector":"[id="i0116"]"}
  (Session info: chrome=122.0.6261.131); For documentation on this error, please visit: https://www.selenium.dev/documentation/webdriver/troubleshooting/errors#no-such-element-exception
Stacktrace:
	GetHandleVerifier [0x00007FF68FD3AD02+56930]
	(No symbol) [0x00007FF68FCAF602]
	(No symbol) [0x00007FF68FB642E5]
	(No symbol) [0x00007FF68FBA98ED]
	(No symbol) [0x00007FF68FBA9A2C]
	(No symbol) [0x00007FF68FBEA967]
	(No symbol) [0x00007FF68FBCBCDF]
	(No symbol) [0x00007FF68FBE81E2]
	(No symbol) [0x00007FF68FBCBA43]
	(No symbol) [0x00007FF68FB9D438]
	(No symbol) [0x00007FF68FB9E4D1]
	GetHandleVerifier [0x00007FF6900B6F8D+3711213]
	GetHandleVerifier [0x00007FF6901104CD+4077101]
	GetHandleVerifier [0x00007FF69010865F+4044735]
	GetHandleVerifier [0x00007FF68FDD9736+706710]
	(No symbol) [0x00007FF68FCBB8DF]
	(No symbol) [0x00007FF68FCB6AC4]
	(No symbol) [0x00007FF68FCB6C1C]
	(No symbol) [0x00007FF68FCA68D4]
	BaseThreadInitThunk [0x00007FF9494C257D+29]
	RtlUserThreadStart [0x00007FF94AC4AA58+40]

2024-04-03 16:58:59,027 [ERROR] automation Element located by i0116 is not present. Message: no such element: Unable to locate element: {"method":"css selector","selector":"[id="i0116"]"}
  (Session info: chrome=122.0.6261.131); For documentation on this error, please visit: https://www.selenium.dev/documentation/webdriver/troubleshooting/errors#no-such-element-exception
Stacktrace:
	GetHandleVerifier [0x00007FF68FD3AD02+56930]
	(No symbol) [0x00007FF68FCAF602]
	(No symbol) [0x00007FF68FB642E5]
	(No symbol) [0x00007FF68FBA98ED]
	(No symbol) [0x00007FF68FBA9A2C]
	(No symbol) [0x00007FF68FBEA967]
	(No symbol) [0x00007FF68FBCBCDF]
	(No symbol) [0x00007FF68FBE81E2]
	(No symbol) [0x00007FF68FBCBA43]
	(No symbol) [0x00007FF68FB9D438]
	(No symbol) [0x00007FF68FB9E4D1]
	GetHandleVerifier [0x00007FF6900B6F8D+3711213]
	GetHandleVerifier [0x00007FF6901104CD+4077101]
	GetHandleVerifier [0x00007FF69010865F+4044735]
	GetHandleVerifier [0x00007FF68FDD9736+706710]
	(No symbol) [0x00007FF68FCBB8DF]
	(No symbol) [0x00007FF68FCB6AC4]
	(No symbol) [0x00007FF68FCB6C1C]
	(No symbol) [0x00007FF68FCA68D4]
	BaseThreadInitThunk [0x00007FF9494C257D+29]
	RtlUserThreadStart [0x00007FF94AC4AA58+40]

2024-04-03 16:58:59,089 [ERROR] automation Element located by i0116 is not present. Message: no such element: Unable to locate element: {"method":"css selector","selector":"[id="i0116"]"}
  (Session info: chrome=122.0.6261.131); For documentation on this error, please visit: https://www.selenium.dev/documentation/webdriver/troubleshooting/errors#no-such-element-exception
Stacktrace:
	GetHandleVerifier [0x00007FF68FD3AD02+56930]
	(No symbol) [0x00007FF68FCAF602]
	(No symbol) [0x00007FF68FB642E5]
	(No symbol) [0x00007FF68FBA98ED]
	(No symbol) [0x00007FF68FBA9A2C]
	(No symbol) [0x00007FF68FBEA967]
	(No symbol) [0x00007FF68FBCBCDF]
	(No symbol) [0x00007FF68FBE81E2]
	(No symbol) [0x00007FF68FBCBA43]
	(No symbol) [0x00007FF68FB9D438]
	(No symbol) [0x00007FF68FB9E4D1]
	GetHandleVerifier [0x00007FF6900B6F8D+3711213]
	GetHandleVerifier [0x00007FF6901104CD+4077101]
	GetHandleVerifier [0x00007FF69010865F+4044735]
	GetHandleVerifier [0x00007FF68FDD9736+706710]
	(No symbol) [0x00007FF68FCBB8DF]
	(No symbol) [0x00007FF68FCB6AC4]
	(No symbol) [0x00007FF68FCB6C1C]
	(No symbol) [0x00007FF68FCA68D4]
	BaseThreadInitThunk [0x00007FF9494C257D+29]
	RtlUserThreadStart [0x00007FF94AC4AA58+40]

2024-04-03 16:58:59,154 [ERROR] automation Element located by i0116 is not present. Message: no such element: Unable to locate element: {"method":"css selector","selector":"[id="i0116"]"}
  (Session info: chrome=122.0.6261.131); For documentation on this error, please visit: https://www.selenium.dev/documentation/webdriver/troubleshooting/errors#no-such-element-exception
Stacktrace:
	GetHandleVerifier [0x00007FF68FD3AD02+56930]
	(No symbol) [0x00007FF68FCAF602]
	(No symbol) [0x00007FF68FB642E5]
	(No symbol) [0x00007FF68FBA98ED]
	(No symbol) [0x00007FF68FBA9A2C]
	(No symbol) [0x00007FF68FBEA967]
	(No symbol) [0x00007FF68FBCBCDF]
	(No symbol) [0x00007FF68FBE81E2]
	(No symbol) [0x00007FF68FBCBA43]
	(No symbol) [0x00007FF68FB9D438]
	(No symbol) [0x00007FF68FB9E4D1]
	GetHandleVerifier [0x00007FF6900B6F8D+3711213]
	GetHandleVerifier [0x00007FF6901104CD+4077101]
	GetHandleVerifier [0x00007FF69010865F+4044735]
	GetHandleVerifier [0x00007FF68FDD9736+706710]
	(No symbol) [0x00007FF68FCBB8DF]
	(No symbol) [0x00007FF68FCB6AC4]
	(No symbol) [0x00007FF68FCB6C1C]
	(No symbol) [0x00007FF68FCA68D4]
	BaseThreadInitThunk [0x00007FF9494C257D+29]
	RtlUserThreadStart [0x00007FF94AC4AA58+40]

2024-04-03 16:59:00,256 [ERROR] automation Element located by i0116 is not present. Message: no such element: Unable to locate element: {"method":"css selector","selector":"[id="i0116"]"}
  (Session info: chrome=122.0.6261.131); For documentation on this error, please visit: https://www.selenium.dev/documentation/webdriver/troubleshooting/errors#no-such-element-exception
Stacktrace:
	GetHandleVerifier [0x00007FF68FD3AD02+56930]
	(No symbol) [0x00007FF68FCAF602]
	(No symbol) [0x00007FF68FB642E5]
	(No symbol) [0x00007FF68FBA98ED]
	(No symbol) [0x00007FF68FBA9A2C]
	(No symbol) [0x00007FF68FBEA967]
	(No symbol) [0x00007FF68FBCBCDF]
	(No symbol) [0x00007FF68FBE81E2]
	(No symbol) [0x00007FF68FBCBA43]
	(No symbol) [0x00007FF68FB9D438]
	(No symbol) [0x00007FF68FB9E4D1]
	GetHandleVerifier [0x00007FF6900B6F8D+3711213]
	GetHandleVerifier [0x00007FF6901104CD+4077101]
	GetHandleVerifier [0x00007FF69010865F+4044735]
	GetHandleVerifier [0x00007FF68FDD9736+706710]
	(No symbol) [0x00007FF68FCBB8DF]
	(No symbol) [0x00007FF68FCB6AC4]
	(No symbol) [0x00007FF68FCB6C1C]
	(No symbol) [0x00007FF68FCA68D4]
	BaseThreadInitThunk [0x00007FF9494C257D+29]
	RtlUserThreadStart [0x00007FF94AC4AA58+40]

2024-04-03 16:59:00,321 [ERROR] automation Element located by i0116 is not present. Message: no such element: Unable to locate element: {"method":"css selector","selector":"[id="i0116"]"}
  (Session info: chrome=122.0.6261.131); For documentation on this error, please visit: https://www.selenium.dev/documentation/webdriver/troubleshooting/errors#no-such-element-exception
Stacktrace:
	GetHandleVerifier [0x00007FF68FD3AD02+56930]
	(No symbol) [0x00007FF68FCAF602]
	(No symbol) [0x00007FF68FB642E5]
	(No symbol) [0x00007FF68FBA98ED]
	(No symbol) [0x00007FF68FBA9A2C]
	(No symbol) [0x00007FF68FBEA967]
	(No symbol) [0x00007FF68FBCBCDF]
	(No symbol) [0x00007FF68FBE81E2]
	(No symbol) [0x00007FF68FBCBA43]
	(No symbol) [0x00007FF68FB9D438]
	(No symbol) [0x00007FF68FB9E4D1]
	GetHandleVerifier [0x00007FF6900B6F8D+3711213]
	GetHandleVerifier [0x00007FF6901104CD+4077101]
	GetHandleVerifier [0x00007FF69010865F+4044735]
	GetHandleVerifier [0x00007FF68FDD9736+706710]
	(No symbol) [0x00007FF68FCBB8DF]
	(No symbol) [0x00007FF68FCB6AC4]
	(No symbol) [0x00007FF68FCB6C1C]
	(No symbol) [0x00007FF68FCA68D4]
	BaseThreadInitThunk [0x00007FF9494C257D+29]
	RtlUserThreadStart [0x00007FF94AC4AA58+40]

2024-04-03 16:59:00,388 [ERROR] automation Element located by i0116 is not present. Message: no such element: Unable to locate element: {"method":"css selector","selector":"[id="i0116"]"}
  (Session info: chrome=122.0.6261.131); For documentation on this error, please visit: https://www.selenium.dev/documentation/webdriver/troubleshooting/errors#no-such-element-exception
Stacktrace:
	GetHandleVerifier [0x00007FF68FD3AD02+56930]
	(No symbol) [0x00007FF68FCAF602]
	(No symbol) [0x00007FF68FB642E5]
	(No symbol) [0x00007FF68FBA98ED]
	(No symbol) [0x00007FF68FBA9A2C]
	(No symbol) [0x00007FF68FBEA967]
	(No symbol) [0x00007FF68FBCBCDF]
	(No symbol) [0x00007FF68FBE81E2]
	(No symbol) [0x00007FF68FBCBA43]
	(No symbol) [0x00007FF68FB9D438]
	(No symbol) [0x00007FF68FB9E4D1]
	GetHandleVerifier [0x00007FF6900B6F8D+3711213]
	GetHandleVerifier [0x00007FF6901104CD+4077101]
	GetHandleVerifier [0x00007FF69010865F+4044735]
	GetHandleVerifier [0x00007FF68FDD9736+706710]
	(No symbol) [0x00007FF68FCBB8DF]
	(No symbol) [0x00007FF68FCB6AC4]
	(No symbol) [0x00007FF68FCB6C1C]
	(No symbol) [0x00007FF68FCA68D4]
	BaseThreadInitThunk [0x00007FF9494C257D+29]
	RtlUserThreadStart [0x00007FF94AC4AA58+40]

2024-04-03 16:59:00,460 [ERROR] automation Element located by i0116 is not present. Message: no such element: Unable to locate element: {"method":"css selector","selector":"[id="i0116"]"}
  (Session info: chrome=122.0.6261.131); For documentation on this error, please visit: https://www.selenium.dev/documentation/webdriver/troubleshooting/errors#no-such-element-exception
Stacktrace:
	GetHandleVerifier [0x00007FF68FD3AD02+56930]
	(No symbol) [0x00007FF68FCAF602]
	(No symbol) [0x00007FF68FB642E5]
	(No symbol) [0x00007FF68FBA98ED]
	(No symbol) [0x00007FF68FBA9A2C]
	(No symbol) [0x00007FF68FBEA967]
	(No symbol) [0x00007FF68FBCBCDF]
	(No symbol) [0x00007FF68FBE81E2]
	(No symbol) [0x00007FF68FBCBA43]
	(No symbol) [0x00007FF68FB9D438]
	(No symbol) [0x00007FF68FB9E4D1]
	GetHandleVerifier [0x00007FF6900B6F8D+3711213]
	GetHandleVerifier [0x00007FF6901104CD+4077101]
	GetHandleVerifier [0x00007FF69010865F+4044735]
	GetHandleVerifier [0x00007FF68FDD9736+706710]
	(No symbol) [0x00007FF68FCBB8DF]
	(No symbol) [0x00007FF68FCB6AC4]
	(No symbol) [0x00007FF68FCB6C1C]
	(No symbol) [0x00007FF68FCA68D4]
	BaseThreadInitThunk [0x00007FF9494C257D+29]
	RtlUserThreadStart [0x00007FF94AC4AA58+40]

2024-04-03 16:59:00,520 [ERROR] automation Element located by i0116 is not present. Message: no such element: Unable to locate element: {"method":"css selector","selector":"[id="i0116"]"}
  (Session info: chrome=122.0.6261.131); For documentation on this error, please visit: https://www.selenium.dev/documentation/webdriver/troubleshooting/errors#no-such-element-exception
Stacktrace:
	GetHandleVerifier [0x00007FF68FD3AD02+56930]
	(No symbol) [0x00007FF68FCAF602]
	(No symbol) [0x00007FF68FB642E5]
	(No symbol) [0x00007FF68FBA98ED]
	(No symbol) [0x00007FF68FBA9A2C]
	(No symbol) [0x00007FF68FBEA967]
	(No symbol) [0x00007FF68FBCBCDF]
	(No symbol) [0x00007FF68FBE81E2]
	(No symbol) [0x00007FF68FBCBA43]
	(No symbol) [0x00007FF68FB9D438]
	(No symbol) [0x00007FF68FB9E4D1]
	GetHandleVerifier [0x00007FF6900B6F8D+3711213]
	GetHandleVerifier [0x00007FF6901104CD+4077101]
	GetHandleVerifier [0x00007FF69010865F+4044735]
	GetHandleVerifier [0x00007FF68FDD9736+706710]
	(No symbol) [0x00007FF68FCBB8DF]
	(No symbol) [0x00007FF68FCB6AC4]
	(No symbol) [0x00007FF68FCB6C1C]
	(No symbol) [0x00007FF68FCA68D4]
	BaseThreadInitThunk [0x00007FF9494C257D+29]
	RtlUserThreadStart [0x00007FF94AC4AA58+40]

2024-04-03 16:59:00,590 [ERROR] automation Element located by i0116 is not present. Message: no such element: Unable to locate element: {"method":"css selector","selector":"[id="i0116"]"}
  (Session info: chrome=122.0.6261.131); For documentation on this error, please visit: https://www.selenium.dev/documentation/webdriver/troubleshooting/errors#no-such-element-exception
Stacktrace:
	GetHandleVerifier [0x00007FF68FD3AD02+56930]
	(No symbol) [0x00007FF68FCAF602]
	(No symbol) [0x00007FF68FB642E5]
	(No symbol) [0x00007FF68FBA98ED]
	(No symbol) [0x00007FF68FBA9A2C]
	(No symbol) [0x00007FF68FBEA967]
	(No symbol) [0x00007FF68FBCBCDF]
	(No symbol) [0x00007FF68FBE81E2]
	(No symbol) [0x00007FF68FBCBA43]
	(No symbol) [0x00007FF68FB9D438]
	(No symbol) [0x00007FF68FB9E4D1]
	GetHandleVerifier [0x00007FF6900B6F8D+3711213]
	GetHandleVerifier [0x00007FF6901104CD+4077101]
	GetHandleVerifier [0x00007FF69010865F+4044735]
	GetHandleVerifier [0x00007FF68FDD9736+706710]
	(No symbol) [0x00007FF68FCBB8DF]
	(No symbol) [0x00007FF68FCB6AC4]
	(No symbol) [0x00007FF68FCB6C1C]
	(No symbol) [0x00007FF68FCA68D4]
	BaseThreadInitThunk [0x00007FF9494C257D+29]
	RtlUserThreadStart [0x00007FF94AC4AA58+40]

2024-04-03 16:59:00,796 [ERROR] automation Element located by i0116 is not present. Message: no such element: Unable to locate element: {"method":"css selector","selector":"[id="i0116"]"}
  (Session info: chrome=122.0.6261.131); For documentation on this error, please visit: https://www.selenium.dev/documentation/webdriver/troubleshooting/errors#no-such-element-exception
Stacktrace:
	GetHandleVerifier [0x00007FF68FD3AD02+56930]
	(No symbol) [0x00007FF68FCAF602]
	(No symbol) [0x00007FF68FB642E5]
	(No symbol) [0x00007FF68FBA98ED]
	(No symbol) [0x00007FF68FBA9A2C]
	(No symbol) [0x00007FF68FBEA967]
	(No symbol) [0x00007FF68FBCBCDF]
	(No symbol) [0x00007FF68FBE81E2]
	(No symbol) [0x00007FF68FBCBA43]
	(No symbol) [0x00007FF68FB9D438]
	(No symbol) [0x00007FF68FB9E4D1]
	GetHandleVerifier [0x00007FF6900B6F8D+3711213]
	GetHandleVerifier [0x00007FF6901104CD+4077101]
	GetHandleVerifier [0x00007FF69010865F+4044735]
	GetHandleVerifier [0x00007FF68FDD9736+706710]
	(No symbol) [0x00007FF68FCBB8DF]
	(No symbol) [0x00007FF68FCB6AC4]
	(No symbol) [0x00007FF68FCB6C1C]
	(No symbol) [0x00007FF68FCA68D4]
	BaseThreadInitThunk [0x00007FF9494C257D+29]
	RtlUserThreadStart [0x00007FF94AC4AA58+40]

2024-04-03 16:59:00,858 [INFO] automation Element located by i0116 is present.
2024-04-03 16:59:08,124 [INFO] automation Element located by //div[@class='logo'] is present.
2024-04-03 16:59:12,283 [INFO] automation Element located by //div[@class='tableFixHead']/table/tbody/tr[contains(@class,'even_col')][1] is present.
2024-04-03 16:59:14,957 [INFO] automation Element located by //input[@formcontrolname='title'] is present.
2024-04-03 16:59:14,965 [INFO] automation Element located by //input[@formcontrolname='title'] is present.
2024-04-03 16:59:17,482 [ERROR] automation Element located by //div[@role='alert' and contains(text(),'success') or contains(text(),'Success')] is not present. Message: no such element: Unable to locate element: {"method":"xpath","selector":"//div[@role='alert' and contains(text(),'success') or contains(text(),'Success')]"}
  (Session info: chrome=122.0.6261.131); For documentation on this error, please visit: https://www.selenium.dev/documentation/webdriver/troubleshooting/errors#no-such-element-exception
Stacktrace:
	GetHandleVerifier [0x00007FF68FD3AD02+56930]
	(No symbol) [0x00007FF68FCAF602]
	(No symbol) [0x00007FF68FB642E5]
	(No symbol) [0x00007FF68FBA98ED]
	(No symbol) [0x00007FF68FBA9A2C]
	(No symbol) [0x00007FF68FBEA967]
	(No symbol) [0x00007FF68FBCBCDF]
	(No symbol) [0x00007FF68FBE81E2]
	(No symbol) [0x00007FF68FBCBA43]
	(No symbol) [0x00007FF68FB9D438]
	(No symbol) [0x00007FF68FB9E4D1]
	GetHandleVerifier [0x00007FF6900B6F8D+3711213]
	GetHandleVerifier [0x00007FF6901104CD+4077101]
	GetHandleVerifier [0x00007FF69010865F+4044735]
	GetHandleVerifier [0x00007FF68FDD9736+706710]
	(No symbol) [0x00007FF68FCBB8DF]
	(No symbol) [0x00007FF68FCB6AC4]
	(No symbol) [0x00007FF68FCB6C1C]
	(No symbol) [0x00007FF68FCA68D4]
	BaseThreadInitThunk [0x00007FF9494C257D+29]
	RtlUserThreadStart [0x00007FF94AC4AA58+40]

2024-04-03 16:59:17,573 [INFO] automation Element located by //div[@role='alert' and contains(text(),'success') or contains(text(),'Success')] is present.
2024-04-03 16:59:17,573 [INFO] automation Test passed.
