2024-04-04 12:43:40,567 [INFO] automation Test has started.
2024-04-04 12:43:40,567 [INFO] automation Navigating to the https://chorusqa.cogninelabs.com/
2024-04-04 12:43:45,273 [ERROR] automation Element located by i0116 is not present. Message: no such element: Unable to locate element: {"method":"css selector","selector":"[id="i0116"]"}
  (Session info: chrome=122.0.6261.131); For documentation on this error, please visit: https://www.selenium.dev/documentation/webdriver/troubleshooting/errors#no-such-element-exception
Stacktrace:
	GetHandleVerifier [0x00007FF76D67AD02+56930]
	(No symbol) [0x00007FF76D5EF602]
	(No symbol) [0x00007FF76D4A42E5]
	(No symbol) [0x00007FF76D4E98ED]
	(No symbol) [0x00007FF76D4E9A2C]
	(No symbol) [0x00007FF76D52A967]
	(No symbol) [0x00007FF76D50BCDF]
	(No symbol) [0x00007FF76D5281E2]
	(No symbol) [0x00007FF76D50BA43]
	(No symbol) [0x00007FF76D4DD438]
	(No symbol) [0x00007FF76D4DE4D1]
	GetHandleVerifier [0x00007FF76D9F6F8D+3711213]
	GetHandleVerifier [0x00007FF76DA504CD+4077101]
	GetHandleVerifier [0x00007FF76DA4865F+4044735]
	GetHandleVerifier [0x00007FF76D719736+706710]
	(No symbol) [0x00007FF76D5FB8DF]
	(No symbol) [0x00007FF76D5F6AC4]
	(No symbol) [0x00007FF76D5F6C1C]
	(No symbol) [0x00007FF76D5E68D4]
	BaseThreadInitThunk [0x00007FF9494C257D+29]
	RtlUserThreadStart [0x00007FF94AC4AA58+40]

2024-04-04 12:43:45,341 [ERROR] automation Element located by i0116 is not present. Message: no such element: Unable to locate element: {"method":"css selector","selector":"[id="i0116"]"}
  (Session info: chrome=122.0.6261.131); For documentation on this error, please visit: https://www.selenium.dev/documentation/webdriver/troubleshooting/errors#no-such-element-exception
Stacktrace:
	GetHandleVerifier [0x00007FF76D67AD02+56930]
	(No symbol) [0x00007FF76D5EF602]
	(No symbol) [0x00007FF76D4A42E5]
	(No symbol) [0x00007FF76D4E98ED]
	(No symbol) [0x00007FF76D4E9A2C]
	(No symbol) [0x00007FF76D52A967]
	(No symbol) [0x00007FF76D50BCDF]
	(No symbol) [0x00007FF76D5281E2]
	(No symbol) [0x00007FF76D50BA43]
	(No symbol) [0x00007FF76D4DD438]
	(No symbol) [0x00007FF76D4DE4D1]
	GetHandleVerifier [0x00007FF76D9F6F8D+3711213]
	GetHandleVerifier [0x00007FF76DA504CD+4077101]
	GetHandleVerifier [0x00007FF76DA4865F+4044735]
	GetHandleVerifier [0x00007FF76D719736+706710]
	(No symbol) [0x00007FF76D5FB8DF]
	(No symbol) [0x00007FF76D5F6AC4]
	(No symbol) [0x00007FF76D5F6C1C]
	(No symbol) [0x00007FF76D5E68D4]
	BaseThreadInitThunk [0x00007FF9494C257D+29]
	RtlUserThreadStart [0x00007FF94AC4AA58+40]

2024-04-04 12:43:45,408 [ERROR] automation Element located by i0116 is not present. Message: no such element: Unable to locate element: {"method":"css selector","selector":"[id="i0116"]"}
  (Session info: chrome=122.0.6261.131); For documentation on this error, please visit: https://www.selenium.dev/documentation/webdriver/troubleshooting/errors#no-such-element-exception
Stacktrace:
	GetHandleVerifier [0x00007FF76D67AD02+56930]
	(No symbol) [0x00007FF76D5EF602]
	(No symbol) [0x00007FF76D4A42E5]
	(No symbol) [0x00007FF76D4E98ED]
	(No symbol) [0x00007FF76D4E9A2C]
	(No symbol) [0x00007FF76D52A967]
	(No symbol) [0x00007FF76D50BCDF]
	(No symbol) [0x00007FF76D5281E2]
	(No symbol) [0x00007FF76D50BA43]
	(No symbol) [0x00007FF76D4DD438]
	(No symbol) [0x00007FF76D4DE4D1]
	GetHandleVerifier [0x00007FF76D9F6F8D+3711213]
	GetHandleVerifier [0x00007FF76DA504CD+4077101]
	GetHandleVerifier [0x00007FF76DA4865F+4044735]
	GetHandleVerifier [0x00007FF76D719736+706710]
	(No symbol) [0x00007FF76D5FB8DF]
	(No symbol) [0x00007FF76D5F6AC4]
	(No symbol) [0x00007FF76D5F6C1C]
	(No symbol) [0x00007FF76D5E68D4]
	BaseThreadInitThunk [0x00007FF9494C257D+29]
	RtlUserThreadStart [0x00007FF94AC4AA58+40]

2024-04-04 12:43:45,474 [ERROR] automation Element located by i0116 is not present. Message: no such element: Unable to locate element: {"method":"css selector","selector":"[id="i0116"]"}
  (Session info: chrome=122.0.6261.131); For documentation on this error, please visit: https://www.selenium.dev/documentation/webdriver/troubleshooting/errors#no-such-element-exception
Stacktrace:
	GetHandleVerifier [0x00007FF76D67AD02+56930]
	(No symbol) [0x00007FF76D5EF602]
	(No symbol) [0x00007FF76D4A42E5]
	(No symbol) [0x00007FF76D4E98ED]
	(No symbol) [0x00007FF76D4E9A2C]
	(No symbol) [0x00007FF76D52A967]
	(No symbol) [0x00007FF76D50BCDF]
	(No symbol) [0x00007FF76D5281E2]
	(No symbol) [0x00007FF76D50BA43]
	(No symbol) [0x00007FF76D4DD438]
	(No symbol) [0x00007FF76D4DE4D1]
	GetHandleVerifier [0x00007FF76D9F6F8D+3711213]
	GetHandleVerifier [0x00007FF76DA504CD+4077101]
	GetHandleVerifier [0x00007FF76DA4865F+4044735]
	GetHandleVerifier [0x00007FF76D719736+706710]
	(No symbol) [0x00007FF76D5FB8DF]
	(No symbol) [0x00007FF76D5F6AC4]
	(No symbol) [0x00007FF76D5F6C1C]
	(No symbol) [0x00007FF76D5E68D4]
	BaseThreadInitThunk [0x00007FF9494C257D+29]
	RtlUserThreadStart [0x00007FF94AC4AA58+40]

2024-04-04 12:43:45,537 [ERROR] automation Element located by i0116 is not present. Message: no such element: Unable to locate element: {"method":"css selector","selector":"[id="i0116"]"}
  (Session info: chrome=122.0.6261.131); For documentation on this error, please visit: https://www.selenium.dev/documentation/webdriver/troubleshooting/errors#no-such-element-exception
Stacktrace:
	GetHandleVerifier [0x00007FF76D67AD02+56930]
	(No symbol) [0x00007FF76D5EF602]
	(No symbol) [0x00007FF76D4A42E5]
	(No symbol) [0x00007FF76D4E98ED]
	(No symbol) [0x00007FF76D4E9A2C]
	(No symbol) [0x00007FF76D52A967]
	(No symbol) [0x00007FF76D50BCDF]
	(No symbol) [0x00007FF76D5281E2]
	(No symbol) [0x00007FF76D50BA43]
	(No symbol) [0x00007FF76D4DD438]
	(No symbol) [0x00007FF76D4DE4D1]
	GetHandleVerifier [0x00007FF76D9F6F8D+3711213]
	GetHandleVerifier [0x00007FF76DA504CD+4077101]
	GetHandleVerifier [0x00007FF76DA4865F+4044735]
	GetHandleVerifier [0x00007FF76D719736+706710]
	(No symbol) [0x00007FF76D5FB8DF]
	(No symbol) [0x00007FF76D5F6AC4]
	(No symbol) [0x00007FF76D5F6C1C]
	(No symbol) [0x00007FF76D5E68D4]
	BaseThreadInitThunk [0x00007FF9494C257D+29]
	RtlUserThreadStart [0x00007FF94AC4AA58+40]

2024-04-04 12:43:46,208 [ERROR] automation Element located by i0116 is not present. Message: no such element: Unable to locate element: {"method":"css selector","selector":"[id="i0116"]"}
  (Session info: chrome=122.0.6261.131); For documentation on this error, please visit: https://www.selenium.dev/documentation/webdriver/troubleshooting/errors#no-such-element-exception
Stacktrace:
	GetHandleVerifier [0x00007FF76D67AD02+56930]
	(No symbol) [0x00007FF76D5EF602]
	(No symbol) [0x00007FF76D4A42E5]
	(No symbol) [0x00007FF76D4E98ED]
	(No symbol) [0x00007FF76D4E9A2C]
	(No symbol) [0x00007FF76D52A967]
	(No symbol) [0x00007FF76D50BCDF]
	(No symbol) [0x00007FF76D5281E2]
	(No symbol) [0x00007FF76D50BA43]
	(No symbol) [0x00007FF76D4DD438]
	(No symbol) [0x00007FF76D4DE4D1]
	GetHandleVerifier [0x00007FF76D9F6F8D+3711213]
	GetHandleVerifier [0x00007FF76DA504CD+4077101]
	GetHandleVerifier [0x00007FF76DA4865F+4044735]
	GetHandleVerifier [0x00007FF76D719736+706710]
	(No symbol) [0x00007FF76D5FB8DF]
	(No symbol) [0x00007FF76D5F6AC4]
	(No symbol) [0x00007FF76D5F6C1C]
	(No symbol) [0x00007FF76D5E68D4]
	BaseThreadInitThunk [0x00007FF9494C257D+29]
	RtlUserThreadStart [0x00007FF94AC4AA58+40]

2024-04-04 12:43:46,267 [ERROR] automation Element located by i0116 is not present. Message: no such element: Unable to locate element: {"method":"css selector","selector":"[id="i0116"]"}
  (Session info: chrome=122.0.6261.131); For documentation on this error, please visit: https://www.selenium.dev/documentation/webdriver/troubleshooting/errors#no-such-element-exception
Stacktrace:
	GetHandleVerifier [0x00007FF76D67AD02+56930]
	(No symbol) [0x00007FF76D5EF602]
	(No symbol) [0x00007FF76D4A42E5]
	(No symbol) [0x00007FF76D4E98ED]
	(No symbol) [0x00007FF76D4E9A2C]
	(No symbol) [0x00007FF76D52A967]
	(No symbol) [0x00007FF76D50BCDF]
	(No symbol) [0x00007FF76D5281E2]
	(No symbol) [0x00007FF76D50BA43]
	(No symbol) [0x00007FF76D4DD438]
	(No symbol) [0x00007FF76D4DE4D1]
	GetHandleVerifier [0x00007FF76D9F6F8D+3711213]
	GetHandleVerifier [0x00007FF76DA504CD+4077101]
	GetHandleVerifier [0x00007FF76DA4865F+4044735]
	GetHandleVerifier [0x00007FF76D719736+706710]
	(No symbol) [0x00007FF76D5FB8DF]
	(No symbol) [0x00007FF76D5F6AC4]
	(No symbol) [0x00007FF76D5F6C1C]
	(No symbol) [0x00007FF76D5E68D4]
	BaseThreadInitThunk [0x00007FF9494C257D+29]
	RtlUserThreadStart [0x00007FF94AC4AA58+40]

2024-04-04 12:43:46,328 [ERROR] automation Element located by i0116 is not present. Message: no such element: Unable to locate element: {"method":"css selector","selector":"[id="i0116"]"}
  (Session info: chrome=122.0.6261.131); For documentation on this error, please visit: https://www.selenium.dev/documentation/webdriver/troubleshooting/errors#no-such-element-exception
Stacktrace:
	GetHandleVerifier [0x00007FF76D67AD02+56930]
	(No symbol) [0x00007FF76D5EF602]
	(No symbol) [0x00007FF76D4A42E5]
	(No symbol) [0x00007FF76D4E98ED]
	(No symbol) [0x00007FF76D4E9A2C]
	(No symbol) [0x00007FF76D52A967]
	(No symbol) [0x00007FF76D50BCDF]
	(No symbol) [0x00007FF76D5281E2]
	(No symbol) [0x00007FF76D50BA43]
	(No symbol) [0x00007FF76D4DD438]
	(No symbol) [0x00007FF76D4DE4D1]
	GetHandleVerifier [0x00007FF76D9F6F8D+3711213]
	GetHandleVerifier [0x00007FF76DA504CD+4077101]
	GetHandleVerifier [0x00007FF76DA4865F+4044735]
	GetHandleVerifier [0x00007FF76D719736+706710]
	(No symbol) [0x00007FF76D5FB8DF]
	(No symbol) [0x00007FF76D5F6AC4]
	(No symbol) [0x00007FF76D5F6C1C]
	(No symbol) [0x00007FF76D5E68D4]
	BaseThreadInitThunk [0x00007FF9494C257D+29]
	RtlUserThreadStart [0x00007FF94AC4AA58+40]

2024-04-04 12:43:46,387 [ERROR] automation Element located by i0116 is not present. Message: no such element: Unable to locate element: {"method":"css selector","selector":"[id="i0116"]"}
  (Session info: chrome=122.0.6261.131); For documentation on this error, please visit: https://www.selenium.dev/documentation/webdriver/troubleshooting/errors#no-such-element-exception
Stacktrace:
	GetHandleVerifier [0x00007FF76D67AD02+56930]
	(No symbol) [0x00007FF76D5EF602]
	(No symbol) [0x00007FF76D4A42E5]
	(No symbol) [0x00007FF76D4E98ED]
	(No symbol) [0x00007FF76D4E9A2C]
	(No symbol) [0x00007FF76D52A967]
	(No symbol) [0x00007FF76D50BCDF]
	(No symbol) [0x00007FF76D5281E2]
	(No symbol) [0x00007FF76D50BA43]
	(No symbol) [0x00007FF76D4DD438]
	(No symbol) [0x00007FF76D4DE4D1]
	GetHandleVerifier [0x00007FF76D9F6F8D+3711213]
	GetHandleVerifier [0x00007FF76DA504CD+4077101]
	GetHandleVerifier [0x00007FF76DA4865F+4044735]
	GetHandleVerifier [0x00007FF76D719736+706710]
	(No symbol) [0x00007FF76D5FB8DF]
	(No symbol) [0x00007FF76D5F6AC4]
	(No symbol) [0x00007FF76D5F6C1C]
	(No symbol) [0x00007FF76D5E68D4]
	BaseThreadInitThunk [0x00007FF9494C257D+29]
	RtlUserThreadStart [0x00007FF94AC4AA58+40]

2024-04-04 12:43:46,446 [ERROR] automation Element located by i0116 is not present. Message: no such element: Unable to locate element: {"method":"css selector","selector":"[id="i0116"]"}
  (Session info: chrome=122.0.6261.131); For documentation on this error, please visit: https://www.selenium.dev/documentation/webdriver/troubleshooting/errors#no-such-element-exception
Stacktrace:
	GetHandleVerifier [0x00007FF76D67AD02+56930]
	(No symbol) [0x00007FF76D5EF602]
	(No symbol) [0x00007FF76D4A42E5]
	(No symbol) [0x00007FF76D4E98ED]
	(No symbol) [0x00007FF76D4E9A2C]
	(No symbol) [0x00007FF76D52A967]
	(No symbol) [0x00007FF76D50BCDF]
	(No symbol) [0x00007FF76D5281E2]
	(No symbol) [0x00007FF76D50BA43]
	(No symbol) [0x00007FF76D4DD438]
	(No symbol) [0x00007FF76D4DE4D1]
	GetHandleVerifier [0x00007FF76D9F6F8D+3711213]
	GetHandleVerifier [0x00007FF76DA504CD+4077101]
	GetHandleVerifier [0x00007FF76DA4865F+4044735]
	GetHandleVerifier [0x00007FF76D719736+706710]
	(No symbol) [0x00007FF76D5FB8DF]
	(No symbol) [0x00007FF76D5F6AC4]
	(No symbol) [0x00007FF76D5F6C1C]
	(No symbol) [0x00007FF76D5E68D4]
	BaseThreadInitThunk [0x00007FF9494C257D+29]
	RtlUserThreadStart [0x00007FF94AC4AA58+40]

2024-04-04 12:43:46,506 [ERROR] automation Element located by i0116 is not present. Message: no such element: Unable to locate element: {"method":"css selector","selector":"[id="i0116"]"}
  (Session info: chrome=122.0.6261.131); For documentation on this error, please visit: https://www.selenium.dev/documentation/webdriver/troubleshooting/errors#no-such-element-exception
Stacktrace:
	GetHandleVerifier [0x00007FF76D67AD02+56930]
	(No symbol) [0x00007FF76D5EF602]
	(No symbol) [0x00007FF76D4A42E5]
	(No symbol) [0x00007FF76D4E98ED]
	(No symbol) [0x00007FF76D4E9A2C]
	(No symbol) [0x00007FF76D52A967]
	(No symbol) [0x00007FF76D50BCDF]
	(No symbol) [0x00007FF76D5281E2]
	(No symbol) [0x00007FF76D50BA43]
	(No symbol) [0x00007FF76D4DD438]
	(No symbol) [0x00007FF76D4DE4D1]
	GetHandleVerifier [0x00007FF76D9F6F8D+3711213]
	GetHandleVerifier [0x00007FF76DA504CD+4077101]
	GetHandleVerifier [0x00007FF76DA4865F+4044735]
	GetHandleVerifier [0x00007FF76D719736+706710]
	(No symbol) [0x00007FF76D5FB8DF]
	(No symbol) [0x00007FF76D5F6AC4]
	(No symbol) [0x00007FF76D5F6C1C]
	(No symbol) [0x00007FF76D5E68D4]
	BaseThreadInitThunk [0x00007FF9494C257D+29]
	RtlUserThreadStart [0x00007FF94AC4AA58+40]

2024-04-04 12:43:46,566 [ERROR] automation Element located by i0116 is not present. Message: no such element: Unable to locate element: {"method":"css selector","selector":"[id="i0116"]"}
  (Session info: chrome=122.0.6261.131); For documentation on this error, please visit: https://www.selenium.dev/documentation/webdriver/troubleshooting/errors#no-such-element-exception
Stacktrace:
	GetHandleVerifier [0x00007FF76D67AD02+56930]
	(No symbol) [0x00007FF76D5EF602]
	(No symbol) [0x00007FF76D4A42E5]
	(No symbol) [0x00007FF76D4E98ED]
	(No symbol) [0x00007FF76D4E9A2C]
	(No symbol) [0x00007FF76D52A967]
	(No symbol) [0x00007FF76D50BCDF]
	(No symbol) [0x00007FF76D5281E2]
	(No symbol) [0x00007FF76D50BA43]
	(No symbol) [0x00007FF76D4DD438]
	(No symbol) [0x00007FF76D4DE4D1]
	GetHandleVerifier [0x00007FF76D9F6F8D+3711213]
	GetHandleVerifier [0x00007FF76DA504CD+4077101]
	GetHandleVerifier [0x00007FF76DA4865F+4044735]
	GetHandleVerifier [0x00007FF76D719736+706710]
	(No symbol) [0x00007FF76D5FB8DF]
	(No symbol) [0x00007FF76D5F6AC4]
	(No symbol) [0x00007FF76D5F6C1C]
	(No symbol) [0x00007FF76D5E68D4]
	BaseThreadInitThunk [0x00007FF9494C257D+29]
	RtlUserThreadStart [0x00007FF94AC4AA58+40]

2024-04-04 12:43:46,628 [ERROR] automation Element located by i0116 is not present. Message: no such element: Unable to locate element: {"method":"css selector","selector":"[id="i0116"]"}
  (Session info: chrome=122.0.6261.131); For documentation on this error, please visit: https://www.selenium.dev/documentation/webdriver/troubleshooting/errors#no-such-element-exception
Stacktrace:
	GetHandleVerifier [0x00007FF76D67AD02+56930]
	(No symbol) [0x00007FF76D5EF602]
	(No symbol) [0x00007FF76D4A42E5]
	(No symbol) [0x00007FF76D4E98ED]
	(No symbol) [0x00007FF76D4E9A2C]
	(No symbol) [0x00007FF76D52A967]
	(No symbol) [0x00007FF76D50BCDF]
	(No symbol) [0x00007FF76D5281E2]
	(No symbol) [0x00007FF76D50BA43]
	(No symbol) [0x00007FF76D4DD438]
	(No symbol) [0x00007FF76D4DE4D1]
	GetHandleVerifier [0x00007FF76D9F6F8D+3711213]
	GetHandleVerifier [0x00007FF76DA504CD+4077101]
	GetHandleVerifier [0x00007FF76DA4865F+4044735]
	GetHandleVerifier [0x00007FF76D719736+706710]
	(No symbol) [0x00007FF76D5FB8DF]
	(No symbol) [0x00007FF76D5F6AC4]
	(No symbol) [0x00007FF76D5F6C1C]
	(No symbol) [0x00007FF76D5E68D4]
	BaseThreadInitThunk [0x00007FF9494C257D+29]
	RtlUserThreadStart [0x00007FF94AC4AA58+40]

2024-04-04 12:43:46,716 [ERROR] automation Element located by i0116 is not present. Message: no such element: Unable to locate element: {"method":"css selector","selector":"[id="i0116"]"}
  (Session info: chrome=122.0.6261.131); For documentation on this error, please visit: https://www.selenium.dev/documentation/webdriver/troubleshooting/errors#no-such-element-exception
Stacktrace:
	GetHandleVerifier [0x00007FF76D67AD02+56930]
	(No symbol) [0x00007FF76D5EF602]
	(No symbol) [0x00007FF76D4A42E5]
	(No symbol) [0x00007FF76D4E98ED]
	(No symbol) [0x00007FF76D4E9A2C]
	(No symbol) [0x00007FF76D52A967]
	(No symbol) [0x00007FF76D50BCDF]
	(No symbol) [0x00007FF76D5281E2]
	(No symbol) [0x00007FF76D50BA43]
	(No symbol) [0x00007FF76D4DD438]
	(No symbol) [0x00007FF76D4DE4D1]
	GetHandleVerifier [0x00007FF76D9F6F8D+3711213]
	GetHandleVerifier [0x00007FF76DA504CD+4077101]
	GetHandleVerifier [0x00007FF76DA4865F+4044735]
	GetHandleVerifier [0x00007FF76D719736+706710]
	(No symbol) [0x00007FF76D5FB8DF]
	(No symbol) [0x00007FF76D5F6AC4]
	(No symbol) [0x00007FF76D5F6C1C]
	(No symbol) [0x00007FF76D5E68D4]
	BaseThreadInitThunk [0x00007FF9494C257D+29]
	RtlUserThreadStart [0x00007FF94AC4AA58+40]

2024-04-04 12:43:46,860 [INFO] automation Element located by i0116 is present.
2024-04-04 12:43:53,922 [INFO] automation Element located by //div[@class='logo'] is present.
2024-04-04 12:43:58,074 [INFO] automation Element located by //div[@class='tableFixHead']/table/tbody/tr[contains(@class,'even_col')][1] is present.
2024-04-04 12:44:00,519 [INFO] automation Element located by //input[@formcontrolname='email'] is present.
2024-04-04 12:44:00,527 [INFO] automation Element located by //input[@formcontrolname='email'] is present.
2024-04-04 12:44:00,869 [ERROR] automation Element located by //span[contains(text(),'Email Address already exists')] is not present. Message: no such element: Unable to locate element: {"method":"xpath","selector":"//span[contains(text(),'Email Address already exists')]"}
  (Session info: chrome=122.0.6261.131); For documentation on this error, please visit: https://www.selenium.dev/documentation/webdriver/troubleshooting/errors#no-such-element-exception
Stacktrace:
	GetHandleVerifier [0x00007FF76D67AD02+56930]
	(No symbol) [0x00007FF76D5EF602]
	(No symbol) [0x00007FF76D4A42E5]
	(No symbol) [0x00007FF76D4E98ED]
	(No symbol) [0x00007FF76D4E9A2C]
	(No symbol) [0x00007FF76D52A967]
	(No symbol) [0x00007FF76D50BCDF]
	(No symbol) [0x00007FF76D5281E2]
	(No symbol) [0x00007FF76D50BA43]
	(No symbol) [0x00007FF76D4DD438]
	(No symbol) [0x00007FF76D4DE4D1]
	GetHandleVerifier [0x00007FF76D9F6F8D+3711213]
	GetHandleVerifier [0x00007FF76DA504CD+4077101]
	GetHandleVerifier [0x00007FF76DA4865F+4044735]
	GetHandleVerifier [0x00007FF76D719736+706710]
	(No symbol) [0x00007FF76D5FB8DF]
	(No symbol) [0x00007FF76D5F6AC4]
	(No symbol) [0x00007FF76D5F6C1C]
	(No symbol) [0x00007FF76D5E68D4]
	BaseThreadInitThunk [0x00007FF9494C257D+29]
	RtlUserThreadStart [0x00007FF94AC4AA58+40]

2024-04-04 12:44:00,886 [ERROR] automation Element located by //div[@role='alert' and contains(text(),'success') or contains(text(),'Success')] is not present. Message: no such element: Unable to locate element: {"method":"xpath","selector":"//div[@role='alert' and contains(text(),'success') or contains(text(),'Success')]"}
  (Session info: chrome=122.0.6261.131); For documentation on this error, please visit: https://www.selenium.dev/documentation/webdriver/troubleshooting/errors#no-such-element-exception
Stacktrace:
	GetHandleVerifier [0x00007FF76D67AD02+56930]
	(No symbol) [0x00007FF76D5EF602]
	(No symbol) [0x00007FF76D4A42E5]
	(No symbol) [0x00007FF76D4E98ED]
	(No symbol) [0x00007FF76D4E9A2C]
	(No symbol) [0x00007FF76D52A967]
	(No symbol) [0x00007FF76D50BCDF]
	(No symbol) [0x00007FF76D5281E2]
	(No symbol) [0x00007FF76D50BA43]
	(No symbol) [0x00007FF76D4DD438]
	(No symbol) [0x00007FF76D4DE4D1]
	GetHandleVerifier [0x00007FF76D9F6F8D+3711213]
	GetHandleVerifier [0x00007FF76DA504CD+4077101]
	GetHandleVerifier [0x00007FF76DA4865F+4044735]
	GetHandleVerifier [0x00007FF76D719736+706710]
	(No symbol) [0x00007FF76D5FB8DF]
	(No symbol) [0x00007FF76D5F6AC4]
	(No symbol) [0x00007FF76D5F6C1C]
	(No symbol) [0x00007FF76D5E68D4]
	BaseThreadInitThunk [0x00007FF9494C257D+29]
	RtlUserThreadStart [0x00007FF94AC4AA58+40]

2024-04-04 12:44:00,887 [INFO] automation Test passed.
2024-04-04 12:44:00,898 [INFO] automation Test has started.
2024-04-04 12:44:00,899 [INFO] automation Navigating to the https://chorusqa.cogninelabs.com/
2024-04-04 12:44:08,120 [ERROR] automation Element located by i0116 is not present. Message: no such element: Unable to locate element: {"method":"css selector","selector":"[id="i0116"]"}
  (Session info: chrome=122.0.6261.131); For documentation on this error, please visit: https://www.selenium.dev/documentation/webdriver/troubleshooting/errors#no-such-element-exception
Stacktrace:
	GetHandleVerifier [0x00007FF76D67AD02+56930]
	(No symbol) [0x00007FF76D5EF602]
	(No symbol) [0x00007FF76D4A42E5]
	(No symbol) [0x00007FF76D4E98ED]
	(No symbol) [0x00007FF76D4E9A2C]
	(No symbol) [0x00007FF76D52A967]
	(No symbol) [0x00007FF76D50BCDF]
	(No symbol) [0x00007FF76D5281E2]
	(No symbol) [0x00007FF76D50BA43]
	(No symbol) [0x00007FF76D4DD438]
	(No symbol) [0x00007FF76D4DE4D1]
	GetHandleVerifier [0x00007FF76D9F6F8D+3711213]
	GetHandleVerifier [0x00007FF76DA504CD+4077101]
	GetHandleVerifier [0x00007FF76DA4865F+4044735]
	GetHandleVerifier [0x00007FF76D719736+706710]
	(No symbol) [0x00007FF76D5FB8DF]
	(No symbol) [0x00007FF76D5F6AC4]
	(No symbol) [0x00007FF76D5F6C1C]
	(No symbol) [0x00007FF76D5E68D4]
	BaseThreadInitThunk [0x00007FF9494C257D+29]
	RtlUserThreadStart [0x00007FF94AC4AA58+40]

2024-04-04 12:44:08,185 [ERROR] automation Element located by i0116 is not present. Message: no such element: Unable to locate element: {"method":"css selector","selector":"[id="i0116"]"}
  (Session info: chrome=122.0.6261.131); For documentation on this error, please visit: https://www.selenium.dev/documentation/webdriver/troubleshooting/errors#no-such-element-exception
Stacktrace:
	GetHandleVerifier [0x00007FF76D67AD02+56930]
	(No symbol) [0x00007FF76D5EF602]
	(No symbol) [0x00007FF76D4A42E5]
	(No symbol) [0x00007FF76D4E98ED]
	(No symbol) [0x00007FF76D4E9A2C]
	(No symbol) [0x00007FF76D52A967]
	(No symbol) [0x00007FF76D50BCDF]
	(No symbol) [0x00007FF76D5281E2]
	(No symbol) [0x00007FF76D50BA43]
	(No symbol) [0x00007FF76D4DD438]
	(No symbol) [0x00007FF76D4DE4D1]
	GetHandleVerifier [0x00007FF76D9F6F8D+3711213]
	GetHandleVerifier [0x00007FF76DA504CD+4077101]
	GetHandleVerifier [0x00007FF76DA4865F+4044735]
	GetHandleVerifier [0x00007FF76D719736+706710]
	(No symbol) [0x00007FF76D5FB8DF]
	(No symbol) [0x00007FF76D5F6AC4]
	(No symbol) [0x00007FF76D5F6C1C]
	(No symbol) [0x00007FF76D5E68D4]
	BaseThreadInitThunk [0x00007FF9494C257D+29]
	RtlUserThreadStart [0x00007FF94AC4AA58+40]

2024-04-04 12:44:08,250 [ERROR] automation Element located by i0116 is not present. Message: no such element: Unable to locate element: {"method":"css selector","selector":"[id="i0116"]"}
  (Session info: chrome=122.0.6261.131); For documentation on this error, please visit: https://www.selenium.dev/documentation/webdriver/troubleshooting/errors#no-such-element-exception
Stacktrace:
	GetHandleVerifier [0x00007FF76D67AD02+56930]
	(No symbol) [0x00007FF76D5EF602]
	(No symbol) [0x00007FF76D4A42E5]
	(No symbol) [0x00007FF76D4E98ED]
	(No symbol) [0x00007FF76D4E9A2C]
	(No symbol) [0x00007FF76D52A967]
	(No symbol) [0x00007FF76D50BCDF]
	(No symbol) [0x00007FF76D5281E2]
	(No symbol) [0x00007FF76D50BA43]
	(No symbol) [0x00007FF76D4DD438]
	(No symbol) [0x00007FF76D4DE4D1]
	GetHandleVerifier [0x00007FF76D9F6F8D+3711213]
	GetHandleVerifier [0x00007FF76DA504CD+4077101]
	GetHandleVerifier [0x00007FF76DA4865F+4044735]
	GetHandleVerifier [0x00007FF76D719736+706710]
	(No symbol) [0x00007FF76D5FB8DF]
	(No symbol) [0x00007FF76D5F6AC4]
	(No symbol) [0x00007FF76D5F6C1C]
	(No symbol) [0x00007FF76D5E68D4]
	BaseThreadInitThunk [0x00007FF9494C257D+29]
	RtlUserThreadStart [0x00007FF94AC4AA58+40]

2024-04-04 12:44:08,324 [ERROR] automation Element located by i0116 is not present. Message: no such element: Unable to locate element: {"method":"css selector","selector":"[id="i0116"]"}
  (Session info: chrome=122.0.6261.131); For documentation on this error, please visit: https://www.selenium.dev/documentation/webdriver/troubleshooting/errors#no-such-element-exception
Stacktrace:
	GetHandleVerifier [0x00007FF76D67AD02+56930]
	(No symbol) [0x00007FF76D5EF602]
	(No symbol) [0x00007FF76D4A42E5]
	(No symbol) [0x00007FF76D4E98ED]
	(No symbol) [0x00007FF76D4E9A2C]
	(No symbol) [0x00007FF76D52A967]
	(No symbol) [0x00007FF76D50BCDF]
	(No symbol) [0x00007FF76D5281E2]
	(No symbol) [0x00007FF76D50BA43]
	(No symbol) [0x00007FF76D4DD438]
	(No symbol) [0x00007FF76D4DE4D1]
	GetHandleVerifier [0x00007FF76D9F6F8D+3711213]
	GetHandleVerifier [0x00007FF76DA504CD+4077101]
	GetHandleVerifier [0x00007FF76DA4865F+4044735]
	GetHandleVerifier [0x00007FF76D719736+706710]
	(No symbol) [0x00007FF76D5FB8DF]
	(No symbol) [0x00007FF76D5F6AC4]
	(No symbol) [0x00007FF76D5F6C1C]
	(No symbol) [0x00007FF76D5E68D4]
	BaseThreadInitThunk [0x00007FF9494C257D+29]
	RtlUserThreadStart [0x00007FF94AC4AA58+40]

2024-04-04 12:44:08,383 [ERROR] automation Element located by i0116 is not present. Message: no such element: Unable to locate element: {"method":"css selector","selector":"[id="i0116"]"}
  (Session info: chrome=122.0.6261.131); For documentation on this error, please visit: https://www.selenium.dev/documentation/webdriver/troubleshooting/errors#no-such-element-exception
Stacktrace:
	GetHandleVerifier [0x00007FF76D67AD02+56930]
	(No symbol) [0x00007FF76D5EF602]
	(No symbol) [0x00007FF76D4A42E5]
	(No symbol) [0x00007FF76D4E98ED]
	(No symbol) [0x00007FF76D4E9A2C]
	(No symbol) [0x00007FF76D52A967]
	(No symbol) [0x00007FF76D50BCDF]
	(No symbol) [0x00007FF76D5281E2]
	(No symbol) [0x00007FF76D50BA43]
	(No symbol) [0x00007FF76D4DD438]
	(No symbol) [0x00007FF76D4DE4D1]
	GetHandleVerifier [0x00007FF76D9F6F8D+3711213]
	GetHandleVerifier [0x00007FF76DA504CD+4077101]
	GetHandleVerifier [0x00007FF76DA4865F+4044735]
	GetHandleVerifier [0x00007FF76D719736+706710]
	(No symbol) [0x00007FF76D5FB8DF]
	(No symbol) [0x00007FF76D5F6AC4]
	(No symbol) [0x00007FF76D5F6C1C]
	(No symbol) [0x00007FF76D5E68D4]
	BaseThreadInitThunk [0x00007FF9494C257D+29]
	RtlUserThreadStart [0x00007FF94AC4AA58+40]

2024-04-04 12:44:08,449 [ERROR] automation Element located by i0116 is not present. Message: no such element: Unable to locate element: {"method":"css selector","selector":"[id="i0116"]"}
  (Session info: chrome=122.0.6261.131); For documentation on this error, please visit: https://www.selenium.dev/documentation/webdriver/troubleshooting/errors#no-such-element-exception
Stacktrace:
	GetHandleVerifier [0x00007FF76D67AD02+56930]
	(No symbol) [0x00007FF76D5EF602]
	(No symbol) [0x00007FF76D4A42E5]
	(No symbol) [0x00007FF76D4E98ED]
	(No symbol) [0x00007FF76D4E9A2C]
	(No symbol) [0x00007FF76D52A967]
	(No symbol) [0x00007FF76D50BCDF]
	(No symbol) [0x00007FF76D5281E2]
	(No symbol) [0x00007FF76D50BA43]
	(No symbol) [0x00007FF76D4DD438]
	(No symbol) [0x00007FF76D4DE4D1]
	GetHandleVerifier [0x00007FF76D9F6F8D+3711213]
	GetHandleVerifier [0x00007FF76DA504CD+4077101]
	GetHandleVerifier [0x00007FF76DA4865F+4044735]
	GetHandleVerifier [0x00007FF76D719736+706710]
	(No symbol) [0x00007FF76D5FB8DF]
	(No symbol) [0x00007FF76D5F6AC4]
	(No symbol) [0x00007FF76D5F6C1C]
	(No symbol) [0x00007FF76D5E68D4]
	BaseThreadInitThunk [0x00007FF9494C257D+29]
	RtlUserThreadStart [0x00007FF94AC4AA58+40]

2024-04-04 12:44:09,177 [ERROR] automation Element located by i0116 is not present. Message: no such element: Unable to locate element: {"method":"css selector","selector":"[id="i0116"]"}
  (Session info: chrome=122.0.6261.131); For documentation on this error, please visit: https://www.selenium.dev/documentation/webdriver/troubleshooting/errors#no-such-element-exception
Stacktrace:
	GetHandleVerifier [0x00007FF76D67AD02+56930]
	(No symbol) [0x00007FF76D5EF602]
	(No symbol) [0x00007FF76D4A42E5]
	(No symbol) [0x00007FF76D4E98ED]
	(No symbol) [0x00007FF76D4E9A2C]
	(No symbol) [0x00007FF76D52A967]
	(No symbol) [0x00007FF76D50BCDF]
	(No symbol) [0x00007FF76D5281E2]
	(No symbol) [0x00007FF76D50BA43]
	(No symbol) [0x00007FF76D4DD438]
	(No symbol) [0x00007FF76D4DE4D1]
	GetHandleVerifier [0x00007FF76D9F6F8D+3711213]
	GetHandleVerifier [0x00007FF76DA504CD+4077101]
	GetHandleVerifier [0x00007FF76DA4865F+4044735]
	GetHandleVerifier [0x00007FF76D719736+706710]
	(No symbol) [0x00007FF76D5FB8DF]
	(No symbol) [0x00007FF76D5F6AC4]
	(No symbol) [0x00007FF76D5F6C1C]
	(No symbol) [0x00007FF76D5E68D4]
	BaseThreadInitThunk [0x00007FF9494C257D+29]
	RtlUserThreadStart [0x00007FF94AC4AA58+40]

2024-04-04 12:44:09,274 [ERROR] automation Element located by i0116 is not present. Message: no such element: Unable to locate element: {"method":"css selector","selector":"[id="i0116"]"}
  (Session info: chrome=122.0.6261.131); For documentation on this error, please visit: https://www.selenium.dev/documentation/webdriver/troubleshooting/errors#no-such-element-exception
Stacktrace:
	GetHandleVerifier [0x00007FF76D67AD02+56930]
	(No symbol) [0x00007FF76D5EF602]
	(No symbol) [0x00007FF76D4A42E5]
	(No symbol) [0x00007FF76D4E98ED]
	(No symbol) [0x00007FF76D4E9A2C]
	(No symbol) [0x00007FF76D52A967]
	(No symbol) [0x00007FF76D50BCDF]
	(No symbol) [0x00007FF76D5281E2]
	(No symbol) [0x00007FF76D50BA43]
	(No symbol) [0x00007FF76D4DD438]
	(No symbol) [0x00007FF76D4DE4D1]
	GetHandleVerifier [0x00007FF76D9F6F8D+3711213]
	GetHandleVerifier [0x00007FF76DA504CD+4077101]
	GetHandleVerifier [0x00007FF76DA4865F+4044735]
	GetHandleVerifier [0x00007FF76D719736+706710]
	(No symbol) [0x00007FF76D5FB8DF]
	(No symbol) [0x00007FF76D5F6AC4]
	(No symbol) [0x00007FF76D5F6C1C]
	(No symbol) [0x00007FF76D5E68D4]
	BaseThreadInitThunk [0x00007FF9494C257D+29]
	RtlUserThreadStart [0x00007FF94AC4AA58+40]

2024-04-04 12:44:09,341 [ERROR] automation Element located by i0116 is not present. Message: no such element: Unable to locate element: {"method":"css selector","selector":"[id="i0116"]"}
  (Session info: chrome=122.0.6261.131); For documentation on this error, please visit: https://www.selenium.dev/documentation/webdriver/troubleshooting/errors#no-such-element-exception
Stacktrace:
	GetHandleVerifier [0x00007FF76D67AD02+56930]
	(No symbol) [0x00007FF76D5EF602]
	(No symbol) [0x00007FF76D4A42E5]
	(No symbol) [0x00007FF76D4E98ED]
	(No symbol) [0x00007FF76D4E9A2C]
	(No symbol) [0x00007FF76D52A967]
	(No symbol) [0x00007FF76D50BCDF]
	(No symbol) [0x00007FF76D5281E2]
	(No symbol) [0x00007FF76D50BA43]
	(No symbol) [0x00007FF76D4DD438]
	(No symbol) [0x00007FF76D4DE4D1]
	GetHandleVerifier [0x00007FF76D9F6F8D+3711213]
	GetHandleVerifier [0x00007FF76DA504CD+4077101]
	GetHandleVerifier [0x00007FF76DA4865F+4044735]
	GetHandleVerifier [0x00007FF76D719736+706710]
	(No symbol) [0x00007FF76D5FB8DF]
	(No symbol) [0x00007FF76D5F6AC4]
	(No symbol) [0x00007FF76D5F6C1C]
	(No symbol) [0x00007FF76D5E68D4]
	BaseThreadInitThunk [0x00007FF9494C257D+29]
	RtlUserThreadStart [0x00007FF94AC4AA58+40]

2024-04-04 12:44:09,493 [INFO] automation Element located by i0116 is present.
2024-04-04 12:44:16,906 [INFO] automation Element located by //div[@class='logo'] is present.
2024-04-04 12:44:21,021 [INFO] automation Element located by //div[@class='tableFixHead']/table/tbody/tr[contains(@class,'even_col')][1] is present.
2024-04-04 12:44:23,564 [INFO] automation Element located by //input[@formcontrolname='title'] is present.
2024-04-04 12:44:23,572 [INFO] automation Element located by //input[@formcontrolname='title'] is present.
2024-04-04 12:44:27,229 [INFO] automation CPU Percent: 3.6	Virtual Memory: svmem(total=12635017216, available=1319161856, percent=89.6, used=11315855360, free=1319161856)
2024-04-04 12:44:27,324 [INFO] automation screenshot logged as: C:\Users\Thanusha Kotaprolu\Automation Projects\cognine-crm-automation\RunExecutionScripts\common\logs\screenshots\test_crm_bulk_email_page_smoke_test__fail04124427b696.png
2024-04-04 12:44:27,325 [ERROR] automation Test failed.
