2024-04-03 11:35:41,120 [INFO] automation Test has started.
2024-04-03 11:35:41,121 [INFO] automation Navigating to the https://chorusqa.cogninelabs.com/
2024-04-03 11:35:46,205 [ERROR] automation Element located by i0116 is not present. Message: no such element: Unable to locate element: {"method":"css selector","selector":"[id="i0116"]"}
  (Session info: chrome=122.0.6261.131); For documentation on this error, please visit: https://www.selenium.dev/documentation/webdriver/troubleshooting/errors#no-such-element-exception
Stacktrace:
	GetHandleVerifier [0x00007FF62CADAD02+56930]
	(No symbol) [0x00007FF62CA4F602]
	(No symbol) [0x00007FF62C9042E5]
	(No symbol) [0x00007FF62C9498ED]
	(No symbol) [0x00007FF62C949A2C]
	(No symbol) [0x00007FF62C98A967]
	(No symbol) [0x00007FF62C96BCDF]
	(No symbol) [0x00007FF62C9881E2]
	(No symbol) [0x00007FF62C96BA43]
	(No symbol) [0x00007FF62C93D438]
	(No symbol) [0x00007FF62C93E4D1]
	GetHandleVerifier [0x00007FF62CE56F8D+3711213]
	GetHandleVerifier [0x00007FF62CEB04CD+4077101]
	GetHandleVerifier [0x00007FF62CEA865F+4044735]
	GetHandleVerifier [0x00007FF62CB79736+706710]
	(No symbol) [0x00007FF62CA5B8DF]
	(No symbol) [0x00007FF62CA56AC4]
	(No symbol) [0x00007FF62CA56C1C]
	(No symbol) [0x00007FF62CA468D4]
	BaseThreadInitThunk [0x00007FF9494C257D+29]
	RtlUserThreadStart [0x00007FF94AC4AA58+40]

2024-04-03 11:35:46,265 [ERROR] automation Element located by i0116 is not present. Message: no such element: Unable to locate element: {"method":"css selector","selector":"[id="i0116"]"}
  (Session info: chrome=122.0.6261.131); For documentation on this error, please visit: https://www.selenium.dev/documentation/webdriver/troubleshooting/errors#no-such-element-exception
Stacktrace:
	GetHandleVerifier [0x00007FF62CADAD02+56930]
	(No symbol) [0x00007FF62CA4F602]
	(No symbol) [0x00007FF62C9042E5]
	(No symbol) [0x00007FF62C9498ED]
	(No symbol) [0x00007FF62C949A2C]
	(No symbol) [0x00007FF62C98A967]
	(No symbol) [0x00007FF62C96BCDF]
	(No symbol) [0x00007FF62C9881E2]
	(No symbol) [0x00007FF62C96BA43]
	(No symbol) [0x00007FF62C93D438]
	(No symbol) [0x00007FF62C93E4D1]
	GetHandleVerifier [0x00007FF62CE56F8D+3711213]
	GetHandleVerifier [0x00007FF62CEB04CD+4077101]
	GetHandleVerifier [0x00007FF62CEA865F+4044735]
	GetHandleVerifier [0x00007FF62CB79736+706710]
	(No symbol) [0x00007FF62CA5B8DF]
	(No symbol) [0x00007FF62CA56AC4]
	(No symbol) [0x00007FF62CA56C1C]
	(No symbol) [0x00007FF62CA468D4]
	BaseThreadInitThunk [0x00007FF9494C257D+29]
	RtlUserThreadStart [0x00007FF94AC4AA58+40]

2024-04-03 11:35:46,326 [ERROR] automation Element located by i0116 is not present. Message: no such element: Unable to locate element: {"method":"css selector","selector":"[id="i0116"]"}
  (Session info: chrome=122.0.6261.131); For documentation on this error, please visit: https://www.selenium.dev/documentation/webdriver/troubleshooting/errors#no-such-element-exception
Stacktrace:
	GetHandleVerifier [0x00007FF62CADAD02+56930]
	(No symbol) [0x00007FF62CA4F602]
	(No symbol) [0x00007FF62C9042E5]
	(No symbol) [0x00007FF62C9498ED]
	(No symbol) [0x00007FF62C949A2C]
	(No symbol) [0x00007FF62C98A967]
	(No symbol) [0x00007FF62C96BCDF]
	(No symbol) [0x00007FF62C9881E2]
	(No symbol) [0x00007FF62C96BA43]
	(No symbol) [0x00007FF62C93D438]
	(No symbol) [0x00007FF62C93E4D1]
	GetHandleVerifier [0x00007FF62CE56F8D+3711213]
	GetHandleVerifier [0x00007FF62CEB04CD+4077101]
	GetHandleVerifier [0x00007FF62CEA865F+4044735]
	GetHandleVerifier [0x00007FF62CB79736+706710]
	(No symbol) [0x00007FF62CA5B8DF]
	(No symbol) [0x00007FF62CA56AC4]
	(No symbol) [0x00007FF62CA56C1C]
	(No symbol) [0x00007FF62CA468D4]
	BaseThreadInitThunk [0x00007FF9494C257D+29]
	RtlUserThreadStart [0x00007FF94AC4AA58+40]

2024-04-03 11:35:46,386 [ERROR] automation Element located by i0116 is not present. Message: no such element: Unable to locate element: {"method":"css selector","selector":"[id="i0116"]"}
  (Session info: chrome=122.0.6261.131); For documentation on this error, please visit: https://www.selenium.dev/documentation/webdriver/troubleshooting/errors#no-such-element-exception
Stacktrace:
	GetHandleVerifier [0x00007FF62CADAD02+56930]
	(No symbol) [0x00007FF62CA4F602]
	(No symbol) [0x00007FF62C9042E5]
	(No symbol) [0x00007FF62C9498ED]
	(No symbol) [0x00007FF62C949A2C]
	(No symbol) [0x00007FF62C98A967]
	(No symbol) [0x00007FF62C96BCDF]
	(No symbol) [0x00007FF62C9881E2]
	(No symbol) [0x00007FF62C96BA43]
	(No symbol) [0x00007FF62C93D438]
	(No symbol) [0x00007FF62C93E4D1]
	GetHandleVerifier [0x00007FF62CE56F8D+3711213]
	GetHandleVerifier [0x00007FF62CEB04CD+4077101]
	GetHandleVerifier [0x00007FF62CEA865F+4044735]
	GetHandleVerifier [0x00007FF62CB79736+706710]
	(No symbol) [0x00007FF62CA5B8DF]
	(No symbol) [0x00007FF62CA56AC4]
	(No symbol) [0x00007FF62CA56C1C]
	(No symbol) [0x00007FF62CA468D4]
	BaseThreadInitThunk [0x00007FF9494C257D+29]
	RtlUserThreadStart [0x00007FF94AC4AA58+40]

2024-04-03 11:35:46,447 [ERROR] automation Element located by i0116 is not present. Message: no such element: Unable to locate element: {"method":"css selector","selector":"[id="i0116"]"}
  (Session info: chrome=122.0.6261.131); For documentation on this error, please visit: https://www.selenium.dev/documentation/webdriver/troubleshooting/errors#no-such-element-exception
Stacktrace:
	GetHandleVerifier [0x00007FF62CADAD02+56930]
	(No symbol) [0x00007FF62CA4F602]
	(No symbol) [0x00007FF62C9042E5]
	(No symbol) [0x00007FF62C9498ED]
	(No symbol) [0x00007FF62C949A2C]
	(No symbol) [0x00007FF62C98A967]
	(No symbol) [0x00007FF62C96BCDF]
	(No symbol) [0x00007FF62C9881E2]
	(No symbol) [0x00007FF62C96BA43]
	(No symbol) [0x00007FF62C93D438]
	(No symbol) [0x00007FF62C93E4D1]
	GetHandleVerifier [0x00007FF62CE56F8D+3711213]
	GetHandleVerifier [0x00007FF62CEB04CD+4077101]
	GetHandleVerifier [0x00007FF62CEA865F+4044735]
	GetHandleVerifier [0x00007FF62CB79736+706710]
	(No symbol) [0x00007FF62CA5B8DF]
	(No symbol) [0x00007FF62CA56AC4]
	(No symbol) [0x00007FF62CA56C1C]
	(No symbol) [0x00007FF62CA468D4]
	BaseThreadInitThunk [0x00007FF9494C257D+29]
	RtlUserThreadStart [0x00007FF94AC4AA58+40]

2024-04-03 11:35:46,513 [ERROR] automation Element located by i0116 is not present. Message: no such element: Unable to locate element: {"method":"css selector","selector":"[id="i0116"]"}
  (Session info: chrome=122.0.6261.131); For documentation on this error, please visit: https://www.selenium.dev/documentation/webdriver/troubleshooting/errors#no-such-element-exception
Stacktrace:
	GetHandleVerifier [0x00007FF62CADAD02+56930]
	(No symbol) [0x00007FF62CA4F602]
	(No symbol) [0x00007FF62C9042E5]
	(No symbol) [0x00007FF62C9498ED]
	(No symbol) [0x00007FF62C949A2C]
	(No symbol) [0x00007FF62C98A967]
	(No symbol) [0x00007FF62C96BCDF]
	(No symbol) [0x00007FF62C9881E2]
	(No symbol) [0x00007FF62C96BA43]
	(No symbol) [0x00007FF62C93D438]
	(No symbol) [0x00007FF62C93E4D1]
	GetHandleVerifier [0x00007FF62CE56F8D+3711213]
	GetHandleVerifier [0x00007FF62CEB04CD+4077101]
	GetHandleVerifier [0x00007FF62CEA865F+4044735]
	GetHandleVerifier [0x00007FF62CB79736+706710]
	(No symbol) [0x00007FF62CA5B8DF]
	(No symbol) [0x00007FF62CA56AC4]
	(No symbol) [0x00007FF62CA56C1C]
	(No symbol) [0x00007FF62CA468D4]
	BaseThreadInitThunk [0x00007FF9494C257D+29]
	RtlUserThreadStart [0x00007FF94AC4AA58+40]

2024-04-03 11:35:46,582 [ERROR] automation Element located by i0116 is not present. Message: no such element: Unable to locate element: {"method":"css selector","selector":"[id="i0116"]"}
  (Session info: chrome=122.0.6261.131); For documentation on this error, please visit: https://www.selenium.dev/documentation/webdriver/troubleshooting/errors#no-such-element-exception
Stacktrace:
	GetHandleVerifier [0x00007FF62CADAD02+56930]
	(No symbol) [0x00007FF62CA4F602]
	(No symbol) [0x00007FF62C9042E5]
	(No symbol) [0x00007FF62C9498ED]
	(No symbol) [0x00007FF62C949A2C]
	(No symbol) [0x00007FF62C98A967]
	(No symbol) [0x00007FF62C96BCDF]
	(No symbol) [0x00007FF62C9881E2]
	(No symbol) [0x00007FF62C96BA43]
	(No symbol) [0x00007FF62C93D438]
	(No symbol) [0x00007FF62C93E4D1]
	GetHandleVerifier [0x00007FF62CE56F8D+3711213]
	GetHandleVerifier [0x00007FF62CEB04CD+4077101]
	GetHandleVerifier [0x00007FF62CEA865F+4044735]
	GetHandleVerifier [0x00007FF62CB79736+706710]
	(No symbol) [0x00007FF62CA5B8DF]
	(No symbol) [0x00007FF62CA56AC4]
	(No symbol) [0x00007FF62CA56C1C]
	(No symbol) [0x00007FF62CA468D4]
	BaseThreadInitThunk [0x00007FF9494C257D+29]
	RtlUserThreadStart [0x00007FF94AC4AA58+40]

2024-04-03 11:35:46,643 [ERROR] automation Element located by i0116 is not present. Message: no such element: Unable to locate element: {"method":"css selector","selector":"[id="i0116"]"}
  (Session info: chrome=122.0.6261.131); For documentation on this error, please visit: https://www.selenium.dev/documentation/webdriver/troubleshooting/errors#no-such-element-exception
Stacktrace:
	GetHandleVerifier [0x00007FF62CADAD02+56930]
	(No symbol) [0x00007FF62CA4F602]
	(No symbol) [0x00007FF62C9042E5]
	(No symbol) [0x00007FF62C9498ED]
	(No symbol) [0x00007FF62C949A2C]
	(No symbol) [0x00007FF62C98A967]
	(No symbol) [0x00007FF62C96BCDF]
	(No symbol) [0x00007FF62C9881E2]
	(No symbol) [0x00007FF62C96BA43]
	(No symbol) [0x00007FF62C93D438]
	(No symbol) [0x00007FF62C93E4D1]
	GetHandleVerifier [0x00007FF62CE56F8D+3711213]
	GetHandleVerifier [0x00007FF62CEB04CD+4077101]
	GetHandleVerifier [0x00007FF62CEA865F+4044735]
	GetHandleVerifier [0x00007FF62CB79736+706710]
	(No symbol) [0x00007FF62CA5B8DF]
	(No symbol) [0x00007FF62CA56AC4]
	(No symbol) [0x00007FF62CA56C1C]
	(No symbol) [0x00007FF62CA468D4]
	BaseThreadInitThunk [0x00007FF9494C257D+29]
	RtlUserThreadStart [0x00007FF94AC4AA58+40]

2024-04-03 11:35:47,957 [ERROR] automation Element located by i0116 is not present. Message: no such element: Unable to locate element: {"method":"css selector","selector":"[id="i0116"]"}
  (Session info: chrome=122.0.6261.131); For documentation on this error, please visit: https://www.selenium.dev/documentation/webdriver/troubleshooting/errors#no-such-element-exception
Stacktrace:
	GetHandleVerifier [0x00007FF62CADAD02+56930]
	(No symbol) [0x00007FF62CA4F602]
	(No symbol) [0x00007FF62C9042E5]
	(No symbol) [0x00007FF62C9498ED]
	(No symbol) [0x00007FF62C949A2C]
	(No symbol) [0x00007FF62C98A967]
	(No symbol) [0x00007FF62C96BCDF]
	(No symbol) [0x00007FF62C9881E2]
	(No symbol) [0x00007FF62C96BA43]
	(No symbol) [0x00007FF62C93D438]
	(No symbol) [0x00007FF62C93E4D1]
	GetHandleVerifier [0x00007FF62CE56F8D+3711213]
	GetHandleVerifier [0x00007FF62CEB04CD+4077101]
	GetHandleVerifier [0x00007FF62CEA865F+4044735]
	GetHandleVerifier [0x00007FF62CB79736+706710]
	(No symbol) [0x00007FF62CA5B8DF]
	(No symbol) [0x00007FF62CA56AC4]
	(No symbol) [0x00007FF62CA56C1C]
	(No symbol) [0x00007FF62CA468D4]
	BaseThreadInitThunk [0x00007FF9494C257D+29]
	RtlUserThreadStart [0x00007FF94AC4AA58+40]

2024-04-03 11:35:48,016 [ERROR] automation Element located by i0116 is not present. Message: no such element: Unable to locate element: {"method":"css selector","selector":"[id="i0116"]"}
  (Session info: chrome=122.0.6261.131); For documentation on this error, please visit: https://www.selenium.dev/documentation/webdriver/troubleshooting/errors#no-such-element-exception
Stacktrace:
	GetHandleVerifier [0x00007FF62CADAD02+56930]
	(No symbol) [0x00007FF62CA4F602]
	(No symbol) [0x00007FF62C9042E5]
	(No symbol) [0x00007FF62C9498ED]
	(No symbol) [0x00007FF62C949A2C]
	(No symbol) [0x00007FF62C98A967]
	(No symbol) [0x00007FF62C96BCDF]
	(No symbol) [0x00007FF62C9881E2]
	(No symbol) [0x00007FF62C96BA43]
	(No symbol) [0x00007FF62C93D438]
	(No symbol) [0x00007FF62C93E4D1]
	GetHandleVerifier [0x00007FF62CE56F8D+3711213]
	GetHandleVerifier [0x00007FF62CEB04CD+4077101]
	GetHandleVerifier [0x00007FF62CEA865F+4044735]
	GetHandleVerifier [0x00007FF62CB79736+706710]
	(No symbol) [0x00007FF62CA5B8DF]
	(No symbol) [0x00007FF62CA56AC4]
	(No symbol) [0x00007FF62CA56C1C]
	(No symbol) [0x00007FF62CA468D4]
	BaseThreadInitThunk [0x00007FF9494C257D+29]
	RtlUserThreadStart [0x00007FF94AC4AA58+40]

2024-04-03 11:35:48,077 [ERROR] automation Element located by i0116 is not present. Message: no such element: Unable to locate element: {"method":"css selector","selector":"[id="i0116"]"}
  (Session info: chrome=122.0.6261.131); For documentation on this error, please visit: https://www.selenium.dev/documentation/webdriver/troubleshooting/errors#no-such-element-exception
Stacktrace:
	GetHandleVerifier [0x00007FF62CADAD02+56930]
	(No symbol) [0x00007FF62CA4F602]
	(No symbol) [0x00007FF62C9042E5]
	(No symbol) [0x00007FF62C9498ED]
	(No symbol) [0x00007FF62C949A2C]
	(No symbol) [0x00007FF62C98A967]
	(No symbol) [0x00007FF62C96BCDF]
	(No symbol) [0x00007FF62C9881E2]
	(No symbol) [0x00007FF62C96BA43]
	(No symbol) [0x00007FF62C93D438]
	(No symbol) [0x00007FF62C93E4D1]
	GetHandleVerifier [0x00007FF62CE56F8D+3711213]
	GetHandleVerifier [0x00007FF62CEB04CD+4077101]
	GetHandleVerifier [0x00007FF62CEA865F+4044735]
	GetHandleVerifier [0x00007FF62CB79736+706710]
	(No symbol) [0x00007FF62CA5B8DF]
	(No symbol) [0x00007FF62CA56AC4]
	(No symbol) [0x00007FF62CA56C1C]
	(No symbol) [0x00007FF62CA468D4]
	BaseThreadInitThunk [0x00007FF9494C257D+29]
	RtlUserThreadStart [0x00007FF94AC4AA58+40]

2024-04-03 11:35:48,250 [INFO] automation Element located by i0116 is present.
2024-04-03 11:35:55,604 [INFO] automation Element located by //div[@class='logo'] is present.
2024-04-03 11:35:59,733 [INFO] automation Element located by //div[@class='tableFixHead']/table/tbody/tr[contains(@class,'even_col')][1] is present.
2024-04-03 11:36:02,207 [INFO] automation Element located by //input[@formcontrolname='email'] is present.
2024-04-03 11:36:02,218 [INFO] automation Element located by //input[@formcontrolname='email'] is present.
2024-04-03 11:36:02,646 [ERROR] automation Element located by //span[contains(text(),'Email Address already exists')] is not present. Message: no such element: Unable to locate element: {"method":"xpath","selector":"//span[contains(text(),'Email Address already exists')]"}
  (Session info: chrome=122.0.6261.131); For documentation on this error, please visit: https://www.selenium.dev/documentation/webdriver/troubleshooting/errors#no-such-element-exception
Stacktrace:
	GetHandleVerifier [0x00007FF62CADAD02+56930]
	(No symbol) [0x00007FF62CA4F602]
	(No symbol) [0x00007FF62C9042E5]
	(No symbol) [0x00007FF62C9498ED]
	(No symbol) [0x00007FF62C949A2C]
	(No symbol) [0x00007FF62C98A967]
	(No symbol) [0x00007FF62C96BCDF]
	(No symbol) [0x00007FF62C9881E2]
	(No symbol) [0x00007FF62C96BA43]
	(No symbol) [0x00007FF62C93D438]
	(No symbol) [0x00007FF62C93E4D1]
	GetHandleVerifier [0x00007FF62CE56F8D+3711213]
	GetHandleVerifier [0x00007FF62CEB04CD+4077101]
	GetHandleVerifier [0x00007FF62CEA865F+4044735]
	GetHandleVerifier [0x00007FF62CB79736+706710]
	(No symbol) [0x00007FF62CA5B8DF]
	(No symbol) [0x00007FF62CA56AC4]
	(No symbol) [0x00007FF62CA56C1C]
	(No symbol) [0x00007FF62CA468D4]
	BaseThreadInitThunk [0x00007FF9494C257D+29]
	RtlUserThreadStart [0x00007FF94AC4AA58+40]

2024-04-03 11:36:02,658 [ERROR] automation Element located by //div[@role='alert' and contains(text(),'success') or contains(text(),'Success')] is not present. Message: no such element: Unable to locate element: {"method":"xpath","selector":"//div[@role='alert' and contains(text(),'success') or contains(text(),'Success')]"}
  (Session info: chrome=122.0.6261.131); For documentation on this error, please visit: https://www.selenium.dev/documentation/webdriver/troubleshooting/errors#no-such-element-exception
Stacktrace:
	GetHandleVerifier [0x00007FF62CADAD02+56930]
	(No symbol) [0x00007FF62CA4F602]
	(No symbol) [0x00007FF62C9042E5]
	(No symbol) [0x00007FF62C9498ED]
	(No symbol) [0x00007FF62C949A2C]
	(No symbol) [0x00007FF62C98A967]
	(No symbol) [0x00007FF62C96BCDF]
	(No symbol) [0x00007FF62C9881E2]
	(No symbol) [0x00007FF62C96BA43]
	(No symbol) [0x00007FF62C93D438]
	(No symbol) [0x00007FF62C93E4D1]
	GetHandleVerifier [0x00007FF62CE56F8D+3711213]
	GetHandleVerifier [0x00007FF62CEB04CD+4077101]
	GetHandleVerifier [0x00007FF62CEA865F+4044735]
	GetHandleVerifier [0x00007FF62CB79736+706710]
	(No symbol) [0x00007FF62CA5B8DF]
	(No symbol) [0x00007FF62CA56AC4]
	(No symbol) [0x00007FF62CA56C1C]
	(No symbol) [0x00007FF62CA468D4]
	BaseThreadInitThunk [0x00007FF9494C257D+29]
	RtlUserThreadStart [0x00007FF94AC4AA58+40]

2024-04-03 11:36:02,658 [INFO] automation Test passed.
2024-04-03 11:36:02,679 [INFO] automation Test has started.
2024-04-03 11:36:02,679 [INFO] automation Navigating to the https://chorusqa.cogninelabs.com/
2024-04-03 11:36:10,476 [ERROR] automation Element located by i0116 is not present. Message: no such element: Unable to locate element: {"method":"css selector","selector":"[id="i0116"]"}
  (Session info: chrome=122.0.6261.131); For documentation on this error, please visit: https://www.selenium.dev/documentation/webdriver/troubleshooting/errors#no-such-element-exception
Stacktrace:
	GetHandleVerifier [0x00007FF62CADAD02+56930]
	(No symbol) [0x00007FF62CA4F602]
	(No symbol) [0x00007FF62C9042E5]
	(No symbol) [0x00007FF62C9498ED]
	(No symbol) [0x00007FF62C949A2C]
	(No symbol) [0x00007FF62C98A967]
	(No symbol) [0x00007FF62C96BCDF]
	(No symbol) [0x00007FF62C9881E2]
	(No symbol) [0x00007FF62C96BA43]
	(No symbol) [0x00007FF62C93D438]
	(No symbol) [0x00007FF62C93E4D1]
	GetHandleVerifier [0x00007FF62CE56F8D+3711213]
	GetHandleVerifier [0x00007FF62CEB04CD+4077101]
	GetHandleVerifier [0x00007FF62CEA865F+4044735]
	GetHandleVerifier [0x00007FF62CB79736+706710]
	(No symbol) [0x00007FF62CA5B8DF]
	(No symbol) [0x00007FF62CA56AC4]
	(No symbol) [0x00007FF62CA56C1C]
	(No symbol) [0x00007FF62CA468D4]
	BaseThreadInitThunk [0x00007FF9494C257D+29]
	RtlUserThreadStart [0x00007FF94AC4AA58+40]

2024-04-03 11:36:10,536 [ERROR] automation Element located by i0116 is not present. Message: no such element: Unable to locate element: {"method":"css selector","selector":"[id="i0116"]"}
  (Session info: chrome=122.0.6261.131); For documentation on this error, please visit: https://www.selenium.dev/documentation/webdriver/troubleshooting/errors#no-such-element-exception
Stacktrace:
	GetHandleVerifier [0x00007FF62CADAD02+56930]
	(No symbol) [0x00007FF62CA4F602]
	(No symbol) [0x00007FF62C9042E5]
	(No symbol) [0x00007FF62C9498ED]
	(No symbol) [0x00007FF62C949A2C]
	(No symbol) [0x00007FF62C98A967]
	(No symbol) [0x00007FF62C96BCDF]
	(No symbol) [0x00007FF62C9881E2]
	(No symbol) [0x00007FF62C96BA43]
	(No symbol) [0x00007FF62C93D438]
	(No symbol) [0x00007FF62C93E4D1]
	GetHandleVerifier [0x00007FF62CE56F8D+3711213]
	GetHandleVerifier [0x00007FF62CEB04CD+4077101]
	GetHandleVerifier [0x00007FF62CEA865F+4044735]
	GetHandleVerifier [0x00007FF62CB79736+706710]
	(No symbol) [0x00007FF62CA5B8DF]
	(No symbol) [0x00007FF62CA56AC4]
	(No symbol) [0x00007FF62CA56C1C]
	(No symbol) [0x00007FF62CA468D4]
	BaseThreadInitThunk [0x00007FF9494C257D+29]
	RtlUserThreadStart [0x00007FF94AC4AA58+40]

2024-04-03 11:36:10,596 [ERROR] automation Element located by i0116 is not present. Message: no such element: Unable to locate element: {"method":"css selector","selector":"[id="i0116"]"}
  (Session info: chrome=122.0.6261.131); For documentation on this error, please visit: https://www.selenium.dev/documentation/webdriver/troubleshooting/errors#no-such-element-exception
Stacktrace:
	GetHandleVerifier [0x00007FF62CADAD02+56930]
	(No symbol) [0x00007FF62CA4F602]
	(No symbol) [0x00007FF62C9042E5]
	(No symbol) [0x00007FF62C9498ED]
	(No symbol) [0x00007FF62C949A2C]
	(No symbol) [0x00007FF62C98A967]
	(No symbol) [0x00007FF62C96BCDF]
	(No symbol) [0x00007FF62C9881E2]
	(No symbol) [0x00007FF62C96BA43]
	(No symbol) [0x00007FF62C93D438]
	(No symbol) [0x00007FF62C93E4D1]
	GetHandleVerifier [0x00007FF62CE56F8D+3711213]
	GetHandleVerifier [0x00007FF62CEB04CD+4077101]
	GetHandleVerifier [0x00007FF62CEA865F+4044735]
	GetHandleVerifier [0x00007FF62CB79736+706710]
	(No symbol) [0x00007FF62CA5B8DF]
	(No symbol) [0x00007FF62CA56AC4]
	(No symbol) [0x00007FF62CA56C1C]
	(No symbol) [0x00007FF62CA468D4]
	BaseThreadInitThunk [0x00007FF9494C257D+29]
	RtlUserThreadStart [0x00007FF94AC4AA58+40]

2024-04-03 11:36:10,661 [ERROR] automation Element located by i0116 is not present. Message: no such element: Unable to locate element: {"method":"css selector","selector":"[id="i0116"]"}
  (Session info: chrome=122.0.6261.131); For documentation on this error, please visit: https://www.selenium.dev/documentation/webdriver/troubleshooting/errors#no-such-element-exception
Stacktrace:
	GetHandleVerifier [0x00007FF62CADAD02+56930]
	(No symbol) [0x00007FF62CA4F602]
	(No symbol) [0x00007FF62C9042E5]
	(No symbol) [0x00007FF62C9498ED]
	(No symbol) [0x00007FF62C949A2C]
	(No symbol) [0x00007FF62C98A967]
	(No symbol) [0x00007FF62C96BCDF]
	(No symbol) [0x00007FF62C9881E2]
	(No symbol) [0x00007FF62C96BA43]
	(No symbol) [0x00007FF62C93D438]
	(No symbol) [0x00007FF62C93E4D1]
	GetHandleVerifier [0x00007FF62CE56F8D+3711213]
	GetHandleVerifier [0x00007FF62CEB04CD+4077101]
	GetHandleVerifier [0x00007FF62CEA865F+4044735]
	GetHandleVerifier [0x00007FF62CB79736+706710]
	(No symbol) [0x00007FF62CA5B8DF]
	(No symbol) [0x00007FF62CA56AC4]
	(No symbol) [0x00007FF62CA56C1C]
	(No symbol) [0x00007FF62CA468D4]
	BaseThreadInitThunk [0x00007FF9494C257D+29]
	RtlUserThreadStart [0x00007FF94AC4AA58+40]

2024-04-03 11:36:10,727 [ERROR] automation Element located by i0116 is not present. Message: no such element: Unable to locate element: {"method":"css selector","selector":"[id="i0116"]"}
  (Session info: chrome=122.0.6261.131); For documentation on this error, please visit: https://www.selenium.dev/documentation/webdriver/troubleshooting/errors#no-such-element-exception
Stacktrace:
	GetHandleVerifier [0x00007FF62CADAD02+56930]
	(No symbol) [0x00007FF62CA4F602]
	(No symbol) [0x00007FF62C9042E5]
	(No symbol) [0x00007FF62C9498ED]
	(No symbol) [0x00007FF62C949A2C]
	(No symbol) [0x00007FF62C98A967]
	(No symbol) [0x00007FF62C96BCDF]
	(No symbol) [0x00007FF62C9881E2]
	(No symbol) [0x00007FF62C96BA43]
	(No symbol) [0x00007FF62C93D438]
	(No symbol) [0x00007FF62C93E4D1]
	GetHandleVerifier [0x00007FF62CE56F8D+3711213]
	GetHandleVerifier [0x00007FF62CEB04CD+4077101]
	GetHandleVerifier [0x00007FF62CEA865F+4044735]
	GetHandleVerifier [0x00007FF62CB79736+706710]
	(No symbol) [0x00007FF62CA5B8DF]
	(No symbol) [0x00007FF62CA56AC4]
	(No symbol) [0x00007FF62CA56C1C]
	(No symbol) [0x00007FF62CA468D4]
	BaseThreadInitThunk [0x00007FF9494C257D+29]
	RtlUserThreadStart [0x00007FF94AC4AA58+40]

2024-04-03 11:36:10,791 [ERROR] automation Element located by i0116 is not present. Message: no such element: Unable to locate element: {"method":"css selector","selector":"[id="i0116"]"}
  (Session info: chrome=122.0.6261.131); For documentation on this error, please visit: https://www.selenium.dev/documentation/webdriver/troubleshooting/errors#no-such-element-exception
Stacktrace:
	GetHandleVerifier [0x00007FF62CADAD02+56930]
	(No symbol) [0x00007FF62CA4F602]
	(No symbol) [0x00007FF62C9042E5]
	(No symbol) [0x00007FF62C9498ED]
	(No symbol) [0x00007FF62C949A2C]
	(No symbol) [0x00007FF62C98A967]
	(No symbol) [0x00007FF62C96BCDF]
	(No symbol) [0x00007FF62C9881E2]
	(No symbol) [0x00007FF62C96BA43]
	(No symbol) [0x00007FF62C93D438]
	(No symbol) [0x00007FF62C93E4D1]
	GetHandleVerifier [0x00007FF62CE56F8D+3711213]
	GetHandleVerifier [0x00007FF62CEB04CD+4077101]
	GetHandleVerifier [0x00007FF62CEA865F+4044735]
	GetHandleVerifier [0x00007FF62CB79736+706710]
	(No symbol) [0x00007FF62CA5B8DF]
	(No symbol) [0x00007FF62CA56AC4]
	(No symbol) [0x00007FF62CA56C1C]
	(No symbol) [0x00007FF62CA468D4]
	BaseThreadInitThunk [0x00007FF9494C257D+29]
	RtlUserThreadStart [0x00007FF94AC4AA58+40]

2024-04-03 11:36:11,164 [ERROR] automation Element located by i0116 is not present. Message: no such element: Unable to locate element: {"method":"css selector","selector":"[id="i0116"]"}
  (Session info: chrome=122.0.6261.131); For documentation on this error, please visit: https://www.selenium.dev/documentation/webdriver/troubleshooting/errors#no-such-element-exception
Stacktrace:
	GetHandleVerifier [0x00007FF62CADAD02+56930]
	(No symbol) [0x00007FF62CA4F602]
	(No symbol) [0x00007FF62C9042E5]
	(No symbol) [0x00007FF62C9498ED]
	(No symbol) [0x00007FF62C949A2C]
	(No symbol) [0x00007FF62C98A967]
	(No symbol) [0x00007FF62C96BCDF]
	(No symbol) [0x00007FF62C9881E2]
	(No symbol) [0x00007FF62C96BA43]
	(No symbol) [0x00007FF62C93D438]
	(No symbol) [0x00007FF62C93E4D1]
	GetHandleVerifier [0x00007FF62CE56F8D+3711213]
	GetHandleVerifier [0x00007FF62CEB04CD+4077101]
	GetHandleVerifier [0x00007FF62CEA865F+4044735]
	GetHandleVerifier [0x00007FF62CB79736+706710]
	(No symbol) [0x00007FF62CA5B8DF]
	(No symbol) [0x00007FF62CA56AC4]
	(No symbol) [0x00007FF62CA56C1C]
	(No symbol) [0x00007FF62CA468D4]
	BaseThreadInitThunk [0x00007FF9494C257D+29]
	RtlUserThreadStart [0x00007FF94AC4AA58+40]

2024-04-03 11:36:11,616 [ERROR] automation Element located by i0116 is not present. Message: no such element: Unable to locate element: {"method":"css selector","selector":"[id="i0116"]"}
  (Session info: chrome=122.0.6261.131); For documentation on this error, please visit: https://www.selenium.dev/documentation/webdriver/troubleshooting/errors#no-such-element-exception
Stacktrace:
	GetHandleVerifier [0x00007FF62CADAD02+56930]
	(No symbol) [0x00007FF62CA4F602]
	(No symbol) [0x00007FF62C9042E5]
	(No symbol) [0x00007FF62C9498ED]
	(No symbol) [0x00007FF62C949A2C]
	(No symbol) [0x00007FF62C98A967]
	(No symbol) [0x00007FF62C96BCDF]
	(No symbol) [0x00007FF62C9881E2]
	(No symbol) [0x00007FF62C96BA43]
	(No symbol) [0x00007FF62C93D438]
	(No symbol) [0x00007FF62C93E4D1]
	GetHandleVerifier [0x00007FF62CE56F8D+3711213]
	GetHandleVerifier [0x00007FF62CEB04CD+4077101]
	GetHandleVerifier [0x00007FF62CEA865F+4044735]
	GetHandleVerifier [0x00007FF62CB79736+706710]
	(No symbol) [0x00007FF62CA5B8DF]
	(No symbol) [0x00007FF62CA56AC4]
	(No symbol) [0x00007FF62CA56C1C]
	(No symbol) [0x00007FF62CA468D4]
	BaseThreadInitThunk [0x00007FF9494C257D+29]
	RtlUserThreadStart [0x00007FF94AC4AA58+40]

2024-04-03 11:36:11,680 [ERROR] automation Element located by i0116 is not present. Message: no such element: Unable to locate element: {"method":"css selector","selector":"[id="i0116"]"}
  (Session info: chrome=122.0.6261.131); For documentation on this error, please visit: https://www.selenium.dev/documentation/webdriver/troubleshooting/errors#no-such-element-exception
Stacktrace:
	GetHandleVerifier [0x00007FF62CADAD02+56930]
	(No symbol) [0x00007FF62CA4F602]
	(No symbol) [0x00007FF62C9042E5]
	(No symbol) [0x00007FF62C9498ED]
	(No symbol) [0x00007FF62C949A2C]
	(No symbol) [0x00007FF62C98A967]
	(No symbol) [0x00007FF62C96BCDF]
	(No symbol) [0x00007FF62C9881E2]
	(No symbol) [0x00007FF62C96BA43]
	(No symbol) [0x00007FF62C93D438]
	(No symbol) [0x00007FF62C93E4D1]
	GetHandleVerifier [0x00007FF62CE56F8D+3711213]
	GetHandleVerifier [0x00007FF62CEB04CD+4077101]
	GetHandleVerifier [0x00007FF62CEA865F+4044735]
	GetHandleVerifier [0x00007FF62CB79736+706710]
	(No symbol) [0x00007FF62CA5B8DF]
	(No symbol) [0x00007FF62CA56AC4]
	(No symbol) [0x00007FF62CA56C1C]
	(No symbol) [0x00007FF62CA468D4]
	BaseThreadInitThunk [0x00007FF9494C257D+29]
	RtlUserThreadStart [0x00007FF94AC4AA58+40]

2024-04-03 11:36:11,747 [ERROR] automation Element located by i0116 is not present. Message: no such element: Unable to locate element: {"method":"css selector","selector":"[id="i0116"]"}
  (Session info: chrome=122.0.6261.131); For documentation on this error, please visit: https://www.selenium.dev/documentation/webdriver/troubleshooting/errors#no-such-element-exception
Stacktrace:
	GetHandleVerifier [0x00007FF62CADAD02+56930]
	(No symbol) [0x00007FF62CA4F602]
	(No symbol) [0x00007FF62C9042E5]
	(No symbol) [0x00007FF62C9498ED]
	(No symbol) [0x00007FF62C949A2C]
	(No symbol) [0x00007FF62C98A967]
	(No symbol) [0x00007FF62C96BCDF]
	(No symbol) [0x00007FF62C9881E2]
	(No symbol) [0x00007FF62C96BA43]
	(No symbol) [0x00007FF62C93D438]
	(No symbol) [0x00007FF62C93E4D1]
	GetHandleVerifier [0x00007FF62CE56F8D+3711213]
	GetHandleVerifier [0x00007FF62CEB04CD+4077101]
	GetHandleVerifier [0x00007FF62CEA865F+4044735]
	GetHandleVerifier [0x00007FF62CB79736+706710]
	(No symbol) [0x00007FF62CA5B8DF]
	(No symbol) [0x00007FF62CA56AC4]
	(No symbol) [0x00007FF62CA56C1C]
	(No symbol) [0x00007FF62CA468D4]
	BaseThreadInitThunk [0x00007FF9494C257D+29]
	RtlUserThreadStart [0x00007FF94AC4AA58+40]

2024-04-03 11:36:11,817 [ERROR] automation Element located by i0116 is not present. Message: no such element: Unable to locate element: {"method":"css selector","selector":"[id="i0116"]"}
  (Session info: chrome=122.0.6261.131); For documentation on this error, please visit: https://www.selenium.dev/documentation/webdriver/troubleshooting/errors#no-such-element-exception
Stacktrace:
	GetHandleVerifier [0x00007FF62CADAD02+56930]
	(No symbol) [0x00007FF62CA4F602]
	(No symbol) [0x00007FF62C9042E5]
	(No symbol) [0x00007FF62C9498ED]
	(No symbol) [0x00007FF62C949A2C]
	(No symbol) [0x00007FF62C98A967]
	(No symbol) [0x00007FF62C96BCDF]
	(No symbol) [0x00007FF62C9881E2]
	(No symbol) [0x00007FF62C96BA43]
	(No symbol) [0x00007FF62C93D438]
	(No symbol) [0x00007FF62C93E4D1]
	GetHandleVerifier [0x00007FF62CE56F8D+3711213]
	GetHandleVerifier [0x00007FF62CEB04CD+4077101]
	GetHandleVerifier [0x00007FF62CEA865F+4044735]
	GetHandleVerifier [0x00007FF62CB79736+706710]
	(No symbol) [0x00007FF62CA5B8DF]
	(No symbol) [0x00007FF62CA56AC4]
	(No symbol) [0x00007FF62CA56C1C]
	(No symbol) [0x00007FF62CA468D4]
	BaseThreadInitThunk [0x00007FF9494C257D+29]
	RtlUserThreadStart [0x00007FF94AC4AA58+40]

2024-04-03 11:36:11,882 [ERROR] automation Element located by i0116 is not present. Message: no such element: Unable to locate element: {"method":"css selector","selector":"[id="i0116"]"}
  (Session info: chrome=122.0.6261.131); For documentation on this error, please visit: https://www.selenium.dev/documentation/webdriver/troubleshooting/errors#no-such-element-exception
Stacktrace:
	GetHandleVerifier [0x00007FF62CADAD02+56930]
	(No symbol) [0x00007FF62CA4F602]
	(No symbol) [0x00007FF62C9042E5]
	(No symbol) [0x00007FF62C9498ED]
	(No symbol) [0x00007FF62C949A2C]
	(No symbol) [0x00007FF62C98A967]
	(No symbol) [0x00007FF62C96BCDF]
	(No symbol) [0x00007FF62C9881E2]
	(No symbol) [0x00007FF62C96BA43]
	(No symbol) [0x00007FF62C93D438]
	(No symbol) [0x00007FF62C93E4D1]
	GetHandleVerifier [0x00007FF62CE56F8D+3711213]
	GetHandleVerifier [0x00007FF62CEB04CD+4077101]
	GetHandleVerifier [0x00007FF62CEA865F+4044735]
	GetHandleVerifier [0x00007FF62CB79736+706710]
	(No symbol) [0x00007FF62CA5B8DF]
	(No symbol) [0x00007FF62CA56AC4]
	(No symbol) [0x00007FF62CA56C1C]
	(No symbol) [0x00007FF62CA468D4]
	BaseThreadInitThunk [0x00007FF9494C257D+29]
	RtlUserThreadStart [0x00007FF94AC4AA58+40]

2024-04-03 11:36:11,945 [ERROR] automation Element located by i0116 is not present. Message: no such element: Unable to locate element: {"method":"css selector","selector":"[id="i0116"]"}
  (Session info: chrome=122.0.6261.131); For documentation on this error, please visit: https://www.selenium.dev/documentation/webdriver/troubleshooting/errors#no-such-element-exception
Stacktrace:
	GetHandleVerifier [0x00007FF62CADAD02+56930]
	(No symbol) [0x00007FF62CA4F602]
	(No symbol) [0x00007FF62C9042E5]
	(No symbol) [0x00007FF62C9498ED]
	(No symbol) [0x00007FF62C949A2C]
	(No symbol) [0x00007FF62C98A967]
	(No symbol) [0x00007FF62C96BCDF]
	(No symbol) [0x00007FF62C9881E2]
	(No symbol) [0x00007FF62C96BA43]
	(No symbol) [0x00007FF62C93D438]
	(No symbol) [0x00007FF62C93E4D1]
	GetHandleVerifier [0x00007FF62CE56F8D+3711213]
	GetHandleVerifier [0x00007FF62CEB04CD+4077101]
	GetHandleVerifier [0x00007FF62CEA865F+4044735]
	GetHandleVerifier [0x00007FF62CB79736+706710]
	(No symbol) [0x00007FF62CA5B8DF]
	(No symbol) [0x00007FF62CA56AC4]
	(No symbol) [0x00007FF62CA56C1C]
	(No symbol) [0x00007FF62CA468D4]
	BaseThreadInitThunk [0x00007FF9494C257D+29]
	RtlUserThreadStart [0x00007FF94AC4AA58+40]

2024-04-03 11:36:12,005 [ERROR] automation Element located by i0116 is not present. Message: no such element: Unable to locate element: {"method":"css selector","selector":"[id="i0116"]"}
  (Session info: chrome=122.0.6261.131); For documentation on this error, please visit: https://www.selenium.dev/documentation/webdriver/troubleshooting/errors#no-such-element-exception
Stacktrace:
	GetHandleVerifier [0x00007FF62CADAD02+56930]
	(No symbol) [0x00007FF62CA4F602]
	(No symbol) [0x00007FF62C9042E5]
	(No symbol) [0x00007FF62C9498ED]
	(No symbol) [0x00007FF62C949A2C]
	(No symbol) [0x00007FF62C98A967]
	(No symbol) [0x00007FF62C96BCDF]
	(No symbol) [0x00007FF62C9881E2]
	(No symbol) [0x00007FF62C96BA43]
	(No symbol) [0x00007FF62C93D438]
	(No symbol) [0x00007FF62C93E4D1]
	GetHandleVerifier [0x00007FF62CE56F8D+3711213]
	GetHandleVerifier [0x00007FF62CEB04CD+4077101]
	GetHandleVerifier [0x00007FF62CEA865F+4044735]
	GetHandleVerifier [0x00007FF62CB79736+706710]
	(No symbol) [0x00007FF62CA5B8DF]
	(No symbol) [0x00007FF62CA56AC4]
	(No symbol) [0x00007FF62CA56C1C]
	(No symbol) [0x00007FF62CA468D4]
	BaseThreadInitThunk [0x00007FF9494C257D+29]
	RtlUserThreadStart [0x00007FF94AC4AA58+40]

2024-04-03 11:36:12,072 [ERROR] automation Element located by i0116 is not present. Message: no such element: Unable to locate element: {"method":"css selector","selector":"[id="i0116"]"}
  (Session info: chrome=122.0.6261.131); For documentation on this error, please visit: https://www.selenium.dev/documentation/webdriver/troubleshooting/errors#no-such-element-exception
Stacktrace:
	GetHandleVerifier [0x00007FF62CADAD02+56930]
	(No symbol) [0x00007FF62CA4F602]
	(No symbol) [0x00007FF62C9042E5]
	(No symbol) [0x00007FF62C9498ED]
	(No symbol) [0x00007FF62C949A2C]
	(No symbol) [0x00007FF62C98A967]
	(No symbol) [0x00007FF62C96BCDF]
	(No symbol) [0x00007FF62C9881E2]
	(No symbol) [0x00007FF62C96BA43]
	(No symbol) [0x00007FF62C93D438]
	(No symbol) [0x00007FF62C93E4D1]
	GetHandleVerifier [0x00007FF62CE56F8D+3711213]
	GetHandleVerifier [0x00007FF62CEB04CD+4077101]
	GetHandleVerifier [0x00007FF62CEA865F+4044735]
	GetHandleVerifier [0x00007FF62CB79736+706710]
	(No symbol) [0x00007FF62CA5B8DF]
	(No symbol) [0x00007FF62CA56AC4]
	(No symbol) [0x00007FF62CA56C1C]
	(No symbol) [0x00007FF62CA468D4]
	BaseThreadInitThunk [0x00007FF9494C257D+29]
	RtlUserThreadStart [0x00007FF94AC4AA58+40]

2024-04-03 11:36:12,216 [ERROR] automation Element located by i0116 is not present. Message: no such element: Unable to locate element: {"method":"css selector","selector":"[id="i0116"]"}
  (Session info: chrome=122.0.6261.131); For documentation on this error, please visit: https://www.selenium.dev/documentation/webdriver/troubleshooting/errors#no-such-element-exception
Stacktrace:
	GetHandleVerifier [0x00007FF62CADAD02+56930]
	(No symbol) [0x00007FF62CA4F602]
	(No symbol) [0x00007FF62C9042E5]
	(No symbol) [0x00007FF62C9498ED]
	(No symbol) [0x00007FF62C949A2C]
	(No symbol) [0x00007FF62C98A967]
	(No symbol) [0x00007FF62C96BCDF]
	(No symbol) [0x00007FF62C9881E2]
	(No symbol) [0x00007FF62C96BA43]
	(No symbol) [0x00007FF62C93D438]
	(No symbol) [0x00007FF62C93E4D1]
	GetHandleVerifier [0x00007FF62CE56F8D+3711213]
	GetHandleVerifier [0x00007FF62CEB04CD+4077101]
	GetHandleVerifier [0x00007FF62CEA865F+4044735]
	GetHandleVerifier [0x00007FF62CB79736+706710]
	(No symbol) [0x00007FF62CA5B8DF]
	(No symbol) [0x00007FF62CA56AC4]
	(No symbol) [0x00007FF62CA56C1C]
	(No symbol) [0x00007FF62CA468D4]
	BaseThreadInitThunk [0x00007FF9494C257D+29]
	RtlUserThreadStart [0x00007FF94AC4AA58+40]

2024-04-03 11:36:12,356 [INFO] automation Element located by i0116 is present.
2024-04-03 11:36:19,488 [INFO] automation Element located by //div[@class='logo'] is present.
2024-04-03 11:36:23,611 [INFO] automation Element located by //div[@class='tableFixHead']/table/tbody/tr[contains(@class,'even_col')][1] is present.
2024-04-03 11:36:26,573 [INFO] automation CPU Percent: 0.0	Virtual Memory: svmem(total=12635017216, available=1004949504, percent=92.0, used=11630067712, free=1004949504)
2024-04-03 11:36:26,674 [INFO] automation screenshot logged as: C:\Users\Thanusha Kotaprolu\Automation Projects\cognine-crm-automation\RunExecutionScripts\common\logs\screenshots\test_crm_bulk_email_page_smoke_test__fail031136267fa3.png
2024-04-03 11:36:26,674 [ERROR] automation Test failed.
