2024-04-01 16:10:55,527 [INFO] automation Test has started.
2024-04-01 16:10:55,528 [INFO] automation Navigating to the https://chorusqa.cogninelabs.com/
2024-04-01 16:11:00,481 [ERROR] automation Element located by i0116 is not present. Message: no such element: Unable to locate element: {"method":"css selector","selector":"[id="i0116"]"}
  (Session info: chrome=122.0.6261.131); For documentation on this error, please visit: https://www.selenium.dev/documentation/webdriver/troubleshooting/errors#no-such-element-exception
Stacktrace:
	GetHandleVerifier [0x00007FF77484AD02+56930]
	(No symbol) [0x00007FF7747BF602]
	(No symbol) [0x00007FF7746742E5]
	(No symbol) [0x00007FF7746B98ED]
	(No symbol) [0x00007FF7746B9A2C]
	(No symbol) [0x00007FF7746FA967]
	(No symbol) [0x00007FF7746DBCDF]
	(No symbol) [0x00007FF7746F81E2]
	(No symbol) [0x00007FF7746DBA43]
	(No symbol) [0x00007FF7746AD438]
	(No symbol) [0x00007FF7746AE4D1]
	GetHandleVerifier [0x00007FF774BC6F8D+3711213]
	GetHandleVerifier [0x00007FF774C204CD+4077101]
	GetHandleVerifier [0x00007FF774C1865F+4044735]
	GetHandleVerifier [0x00007FF7748E9736+706710]
	(No symbol) [0x00007FF7747CB8DF]
	(No symbol) [0x00007FF7747C6AC4]
	(No symbol) [0x00007FF7747C6C1C]
	(No symbol) [0x00007FF7747B68D4]
	BaseThreadInitThunk [0x00007FF9494C257D+29]
	RtlUserThreadStart [0x00007FF94AC4AA58+40]

2024-04-01 16:11:00,540 [ERROR] automation Element located by i0116 is not present. Message: no such element: Unable to locate element: {"method":"css selector","selector":"[id="i0116"]"}
  (Session info: chrome=122.0.6261.131); For documentation on this error, please visit: https://www.selenium.dev/documentation/webdriver/troubleshooting/errors#no-such-element-exception
Stacktrace:
	GetHandleVerifier [0x00007FF77484AD02+56930]
	(No symbol) [0x00007FF7747BF602]
	(No symbol) [0x00007FF7746742E5]
	(No symbol) [0x00007FF7746B98ED]
	(No symbol) [0x00007FF7746B9A2C]
	(No symbol) [0x00007FF7746FA967]
	(No symbol) [0x00007FF7746DBCDF]
	(No symbol) [0x00007FF7746F81E2]
	(No symbol) [0x00007FF7746DBA43]
	(No symbol) [0x00007FF7746AD438]
	(No symbol) [0x00007FF7746AE4D1]
	GetHandleVerifier [0x00007FF774BC6F8D+3711213]
	GetHandleVerifier [0x00007FF774C204CD+4077101]
	GetHandleVerifier [0x00007FF774C1865F+4044735]
	GetHandleVerifier [0x00007FF7748E9736+706710]
	(No symbol) [0x00007FF7747CB8DF]
	(No symbol) [0x00007FF7747C6AC4]
	(No symbol) [0x00007FF7747C6C1C]
	(No symbol) [0x00007FF7747B68D4]
	BaseThreadInitThunk [0x00007FF9494C257D+29]
	RtlUserThreadStart [0x00007FF94AC4AA58+40]

2024-04-01 16:11:00,605 [ERROR] automation Element located by i0116 is not present. Message: no such element: Unable to locate element: {"method":"css selector","selector":"[id="i0116"]"}
  (Session info: chrome=122.0.6261.131); For documentation on this error, please visit: https://www.selenium.dev/documentation/webdriver/troubleshooting/errors#no-such-element-exception
Stacktrace:
	GetHandleVerifier [0x00007FF77484AD02+56930]
	(No symbol) [0x00007FF7747BF602]
	(No symbol) [0x00007FF7746742E5]
	(No symbol) [0x00007FF7746B98ED]
	(No symbol) [0x00007FF7746B9A2C]
	(No symbol) [0x00007FF7746FA967]
	(No symbol) [0x00007FF7746DBCDF]
	(No symbol) [0x00007FF7746F81E2]
	(No symbol) [0x00007FF7746DBA43]
	(No symbol) [0x00007FF7746AD438]
	(No symbol) [0x00007FF7746AE4D1]
	GetHandleVerifier [0x00007FF774BC6F8D+3711213]
	GetHandleVerifier [0x00007FF774C204CD+4077101]
	GetHandleVerifier [0x00007FF774C1865F+4044735]
	GetHandleVerifier [0x00007FF7748E9736+706710]
	(No symbol) [0x00007FF7747CB8DF]
	(No symbol) [0x00007FF7747C6AC4]
	(No symbol) [0x00007FF7747C6C1C]
	(No symbol) [0x00007FF7747B68D4]
	BaseThreadInitThunk [0x00007FF9494C257D+29]
	RtlUserThreadStart [0x00007FF94AC4AA58+40]

2024-04-01 16:11:00,674 [ERROR] automation Element located by i0116 is not present. Message: no such element: Unable to locate element: {"method":"css selector","selector":"[id="i0116"]"}
  (Session info: chrome=122.0.6261.131); For documentation on this error, please visit: https://www.selenium.dev/documentation/webdriver/troubleshooting/errors#no-such-element-exception
Stacktrace:
	GetHandleVerifier [0x00007FF77484AD02+56930]
	(No symbol) [0x00007FF7747BF602]
	(No symbol) [0x00007FF7746742E5]
	(No symbol) [0x00007FF7746B98ED]
	(No symbol) [0x00007FF7746B9A2C]
	(No symbol) [0x00007FF7746FA967]
	(No symbol) [0x00007FF7746DBCDF]
	(No symbol) [0x00007FF7746F81E2]
	(No symbol) [0x00007FF7746DBA43]
	(No symbol) [0x00007FF7746AD438]
	(No symbol) [0x00007FF7746AE4D1]
	GetHandleVerifier [0x00007FF774BC6F8D+3711213]
	GetHandleVerifier [0x00007FF774C204CD+4077101]
	GetHandleVerifier [0x00007FF774C1865F+4044735]
	GetHandleVerifier [0x00007FF7748E9736+706710]
	(No symbol) [0x00007FF7747CB8DF]
	(No symbol) [0x00007FF7747C6AC4]
	(No symbol) [0x00007FF7747C6C1C]
	(No symbol) [0x00007FF7747B68D4]
	BaseThreadInitThunk [0x00007FF9494C257D+29]
	RtlUserThreadStart [0x00007FF94AC4AA58+40]

2024-04-01 16:11:00,749 [ERROR] automation Element located by i0116 is not present. Message: no such element: Unable to locate element: {"method":"css selector","selector":"[id="i0116"]"}
  (Session info: chrome=122.0.6261.131); For documentation on this error, please visit: https://www.selenium.dev/documentation/webdriver/troubleshooting/errors#no-such-element-exception
Stacktrace:
	GetHandleVerifier [0x00007FF77484AD02+56930]
	(No symbol) [0x00007FF7747BF602]
	(No symbol) [0x00007FF7746742E5]
	(No symbol) [0x00007FF7746B98ED]
	(No symbol) [0x00007FF7746B9A2C]
	(No symbol) [0x00007FF7746FA967]
	(No symbol) [0x00007FF7746DBCDF]
	(No symbol) [0x00007FF7746F81E2]
	(No symbol) [0x00007FF7746DBA43]
	(No symbol) [0x00007FF7746AD438]
	(No symbol) [0x00007FF7746AE4D1]
	GetHandleVerifier [0x00007FF774BC6F8D+3711213]
	GetHandleVerifier [0x00007FF774C204CD+4077101]
	GetHandleVerifier [0x00007FF774C1865F+4044735]
	GetHandleVerifier [0x00007FF7748E9736+706710]
	(No symbol) [0x00007FF7747CB8DF]
	(No symbol) [0x00007FF7747C6AC4]
	(No symbol) [0x00007FF7747C6C1C]
	(No symbol) [0x00007FF7747B68D4]
	BaseThreadInitThunk [0x00007FF9494C257D+29]
	RtlUserThreadStart [0x00007FF94AC4AA58+40]

2024-04-01 16:11:00,815 [ERROR] automation Element located by i0116 is not present. Message: no such element: Unable to locate element: {"method":"css selector","selector":"[id="i0116"]"}
  (Session info: chrome=122.0.6261.131); For documentation on this error, please visit: https://www.selenium.dev/documentation/webdriver/troubleshooting/errors#no-such-element-exception
Stacktrace:
	GetHandleVerifier [0x00007FF77484AD02+56930]
	(No symbol) [0x00007FF7747BF602]
	(No symbol) [0x00007FF7746742E5]
	(No symbol) [0x00007FF7746B98ED]
	(No symbol) [0x00007FF7746B9A2C]
	(No symbol) [0x00007FF7746FA967]
	(No symbol) [0x00007FF7746DBCDF]
	(No symbol) [0x00007FF7746F81E2]
	(No symbol) [0x00007FF7746DBA43]
	(No symbol) [0x00007FF7746AD438]
	(No symbol) [0x00007FF7746AE4D1]
	GetHandleVerifier [0x00007FF774BC6F8D+3711213]
	GetHandleVerifier [0x00007FF774C204CD+4077101]
	GetHandleVerifier [0x00007FF774C1865F+4044735]
	GetHandleVerifier [0x00007FF7748E9736+706710]
	(No symbol) [0x00007FF7747CB8DF]
	(No symbol) [0x00007FF7747C6AC4]
	(No symbol) [0x00007FF7747C6C1C]
	(No symbol) [0x00007FF7747B68D4]
	BaseThreadInitThunk [0x00007FF9494C257D+29]
	RtlUserThreadStart [0x00007FF94AC4AA58+40]

2024-04-01 16:11:02,120 [ERROR] automation Element located by i0116 is not present. Message: no such element: Unable to locate element: {"method":"css selector","selector":"[id="i0116"]"}
  (Session info: chrome=122.0.6261.131); For documentation on this error, please visit: https://www.selenium.dev/documentation/webdriver/troubleshooting/errors#no-such-element-exception
Stacktrace:
	GetHandleVerifier [0x00007FF77484AD02+56930]
	(No symbol) [0x00007FF7747BF602]
	(No symbol) [0x00007FF7746742E5]
	(No symbol) [0x00007FF7746B98ED]
	(No symbol) [0x00007FF7746B9A2C]
	(No symbol) [0x00007FF7746FA967]
	(No symbol) [0x00007FF7746DBCDF]
	(No symbol) [0x00007FF7746F81E2]
	(No symbol) [0x00007FF7746DBA43]
	(No symbol) [0x00007FF7746AD438]
	(No symbol) [0x00007FF7746AE4D1]
	GetHandleVerifier [0x00007FF774BC6F8D+3711213]
	GetHandleVerifier [0x00007FF774C204CD+4077101]
	GetHandleVerifier [0x00007FF774C1865F+4044735]
	GetHandleVerifier [0x00007FF7748E9736+706710]
	(No symbol) [0x00007FF7747CB8DF]
	(No symbol) [0x00007FF7747C6AC4]
	(No symbol) [0x00007FF7747C6C1C]
	(No symbol) [0x00007FF7747B68D4]
	BaseThreadInitThunk [0x00007FF9494C257D+29]
	RtlUserThreadStart [0x00007FF94AC4AA58+40]

2024-04-01 16:11:02,333 [ERROR] automation Element located by i0116 is not present. Message: no such element: Unable to locate element: {"method":"css selector","selector":"[id="i0116"]"}
  (Session info: chrome=122.0.6261.131); For documentation on this error, please visit: https://www.selenium.dev/documentation/webdriver/troubleshooting/errors#no-such-element-exception
Stacktrace:
	GetHandleVerifier [0x00007FF77484AD02+56930]
	(No symbol) [0x00007FF7747BF602]
	(No symbol) [0x00007FF7746742E5]
	(No symbol) [0x00007FF7746B98ED]
	(No symbol) [0x00007FF7746B9A2C]
	(No symbol) [0x00007FF7746FA967]
	(No symbol) [0x00007FF7746DBCDF]
	(No symbol) [0x00007FF7746F81E2]
	(No symbol) [0x00007FF7746DBA43]
	(No symbol) [0x00007FF7746AD438]
	(No symbol) [0x00007FF7746AE4D1]
	GetHandleVerifier [0x00007FF774BC6F8D+3711213]
	GetHandleVerifier [0x00007FF774C204CD+4077101]
	GetHandleVerifier [0x00007FF774C1865F+4044735]
	GetHandleVerifier [0x00007FF7748E9736+706710]
	(No symbol) [0x00007FF7747CB8DF]
	(No symbol) [0x00007FF7747C6AC4]
	(No symbol) [0x00007FF7747C6C1C]
	(No symbol) [0x00007FF7747B68D4]
	BaseThreadInitThunk [0x00007FF9494C257D+29]
	RtlUserThreadStart [0x00007FF94AC4AA58+40]

2024-04-01 16:11:02,394 [INFO] automation Element located by i0116 is present.
2024-04-01 16:11:10,073 [INFO] automation Element located by //div[@class='logo'] is present.
2024-04-01 16:11:14,259 [INFO] automation Element located by //div[@class='tableFixHead']/table/tbody/tr[contains(@class,'even_col')][1] is present.
2024-04-01 16:11:16,782 [INFO] automation Element located by //input[@formcontrolname='title'] is present.
2024-04-01 16:11:16,782 [INFO] automation Element located by //input[@formcontrolname='title'] is present.
2024-04-01 16:11:18,653 [ERROR] automation Element located by //div[@role='alert' and contains(text(),'success') or contains(text(),'Success')] is not present. Message: no such element: Unable to locate element: {"method":"xpath","selector":"//div[@role='alert' and contains(text(),'success') or contains(text(),'Success')]"}
  (Session info: chrome=122.0.6261.131); For documentation on this error, please visit: https://www.selenium.dev/documentation/webdriver/troubleshooting/errors#no-such-element-exception
Stacktrace:
	GetHandleVerifier [0x00007FF77484AD02+56930]
	(No symbol) [0x00007FF7747BF602]
	(No symbol) [0x00007FF7746742E5]
	(No symbol) [0x00007FF7746B98ED]
	(No symbol) [0x00007FF7746B9A2C]
	(No symbol) [0x00007FF7746FA967]
	(No symbol) [0x00007FF7746DBCDF]
	(No symbol) [0x00007FF7746F81E2]
	(No symbol) [0x00007FF7746DBA43]
	(No symbol) [0x00007FF7746AD438]
	(No symbol) [0x00007FF7746AE4D1]
	GetHandleVerifier [0x00007FF774BC6F8D+3711213]
	GetHandleVerifier [0x00007FF774C204CD+4077101]
	GetHandleVerifier [0x00007FF774C1865F+4044735]
	GetHandleVerifier [0x00007FF7748E9736+706710]
	(No symbol) [0x00007FF7747CB8DF]
	(No symbol) [0x00007FF7747C6AC4]
	(No symbol) [0x00007FF7747C6C1C]
	(No symbol) [0x00007FF7747B68D4]
	BaseThreadInitThunk [0x00007FF9494C257D+29]
	RtlUserThreadStart [0x00007FF94AC4AA58+40]

2024-04-01 16:11:18,725 [INFO] automation Element located by //div[@role='alert' and contains(text(),'success') or contains(text(),'Success')] is present.
2024-04-01 16:11:18,726 [INFO] automation Element located by //input[@formcontrolname='title'] is present.
2024-04-01 16:11:20,526 [INFO] automation Element located by //div[@role='alert' and contains(text(),'success') or contains(text(),'Success')] is present.
2024-04-01 16:11:20,526 [INFO] automation Element located by //input[@formcontrolname='title'] is present.
2024-04-01 16:11:21,524 [INFO] automation CPU Percent: 3.7	Virtual Memory: svmem(total=12635017216, available=1616064512, percent=87.2, used=11018952704, free=1616064512)
2024-04-01 16:11:21,653 [INFO] automation screenshot logged as: C:\Users\Thanusha Kotaprolu\Automation Projects\cognine-crm-automation\RunExecutionScripts\common\logs\screenshots\test_crm_bulk_email_page_smoke_test__fail0116112104c3.png
2024-04-01 16:11:21,653 [ERROR] automation Test failed.
