2025-02-05 07:01:04,551 [INFO] automation Navigating to the https://chorusqa.cogninelabs.com/
2025-02-05 07:01:12,636 [ERROR] automation Element located by i0116 is not present. Message: no such element: Unable to locate element: {"method":"css selector","selector":"[id="i0116"]"}
  (Session info: chrome=132.0.6834.160); For documentation on this error, please visit: https://www.selenium.dev/documentation/webdriver/troubleshooting/errors#no-such-element-exception
Stacktrace:
	GetHandleVerifier [0x00007FF6421F02F5+28725]
	(No symbol) [0x00007FF642152AE0]
	(No symbol) [0x00007FF641FE510A]
	(No symbol) [0x00007FF6420393D2]
	(No symbol) [0x00007FF6420395FC]
	(No symbol) [0x00007FF642083407]
	(No symbol) [0x00007FF64205FFEF]
	(No symbol) [0x00007FF642080181]
	(No symbol) [0x00007FF64205FD53]
	(No symbol) [0x00007FF64202A0E3]
	(No symbol) [0x00007FF64202B471]
	GetHandleVerifier [0x00007FF64251F30D+3366989]
	GetHandleVerifier [0x00007FF6425312F0+3440688]
	GetHandleVerifier [0x00007FF6425278FD+3401277]
	GetHandleVerifier [0x00007FF6422BAAAB+858091]
	(No symbol) [0x00007FF64215E74F]
	(No symbol) [0x00007FF64215A304]
	(No symbol) [0x00007FF64215A49D]
	(No symbol) [0x00007FF642148B69]
	BaseThreadInitThunk [0x00007FFC615A7374+20]
	RtlUserThreadStart [0x00007FFC6263CC91+33]

2025-02-05 07:01:12,695 [ERROR] automation Element located by i0116 is not present. Message: no such element: Unable to locate element: {"method":"css selector","selector":"[id="i0116"]"}
  (Session info: chrome=132.0.6834.160); For documentation on this error, please visit: https://www.selenium.dev/documentation/webdriver/troubleshooting/errors#no-such-element-exception
Stacktrace:
	GetHandleVerifier [0x00007FF6421F02F5+28725]
	(No symbol) [0x00007FF642152AE0]
	(No symbol) [0x00007FF641FE510A]
	(No symbol) [0x00007FF6420393D2]
	(No symbol) [0x00007FF6420395FC]
	(No symbol) [0x00007FF642083407]
	(No symbol) [0x00007FF64205FFEF]
	(No symbol) [0x00007FF642080181]
	(No symbol) [0x00007FF64205FD53]
	(No symbol) [0x00007FF64202A0E3]
	(No symbol) [0x00007FF64202B471]
	GetHandleVerifier [0x00007FF64251F30D+3366989]
	GetHandleVerifier [0x00007FF6425312F0+3440688]
	GetHandleVerifier [0x00007FF6425278FD+3401277]
	GetHandleVerifier [0x00007FF6422BAAAB+858091]
	(No symbol) [0x00007FF64215E74F]
	(No symbol) [0x00007FF64215A304]
	(No symbol) [0x00007FF64215A49D]
	(No symbol) [0x00007FF642148B69]
	BaseThreadInitThunk [0x00007FFC615A7374+20]
	RtlUserThreadStart [0x00007FFC6263CC91+33]

2025-02-05 07:01:12,754 [ERROR] automation Element located by i0116 is not present. Message: no such element: Unable to locate element: {"method":"css selector","selector":"[id="i0116"]"}
  (Session info: chrome=132.0.6834.160); For documentation on this error, please visit: https://www.selenium.dev/documentation/webdriver/troubleshooting/errors#no-such-element-exception
Stacktrace:
	GetHandleVerifier [0x00007FF6421F02F5+28725]
	(No symbol) [0x00007FF642152AE0]
	(No symbol) [0x00007FF641FE510A]
	(No symbol) [0x00007FF6420393D2]
	(No symbol) [0x00007FF6420395FC]
	(No symbol) [0x00007FF642083407]
	(No symbol) [0x00007FF64205FFEF]
	(No symbol) [0x00007FF642080181]
	(No symbol) [0x00007FF64205FD53]
	(No symbol) [0x00007FF64202A0E3]
	(No symbol) [0x00007FF64202B471]
	GetHandleVerifier [0x00007FF64251F30D+3366989]
	GetHandleVerifier [0x00007FF6425312F0+3440688]
	GetHandleVerifier [0x00007FF6425278FD+3401277]
	GetHandleVerifier [0x00007FF6422BAAAB+858091]
	(No symbol) [0x00007FF64215E74F]
	(No symbol) [0x00007FF64215A304]
	(No symbol) [0x00007FF64215A49D]
	(No symbol) [0x00007FF642148B69]
	BaseThreadInitThunk [0x00007FFC615A7374+20]
	RtlUserThreadStart [0x00007FFC6263CC91+33]

2025-02-05 07:01:12,811 [ERROR] automation Element located by i0116 is not present. Message: no such element: Unable to locate element: {"method":"css selector","selector":"[id="i0116"]"}
  (Session info: chrome=132.0.6834.160); For documentation on this error, please visit: https://www.selenium.dev/documentation/webdriver/troubleshooting/errors#no-such-element-exception
Stacktrace:
	GetHandleVerifier [0x00007FF6421F02F5+28725]
	(No symbol) [0x00007FF642152AE0]
	(No symbol) [0x00007FF641FE510A]
	(No symbol) [0x00007FF6420393D2]
	(No symbol) [0x00007FF6420395FC]
	(No symbol) [0x00007FF642083407]
	(No symbol) [0x00007FF64205FFEF]
	(No symbol) [0x00007FF642080181]
	(No symbol) [0x00007FF64205FD53]
	(No symbol) [0x00007FF64202A0E3]
	(No symbol) [0x00007FF64202B471]
	GetHandleVerifier [0x00007FF64251F30D+3366989]
	GetHandleVerifier [0x00007FF6425312F0+3440688]
	GetHandleVerifier [0x00007FF6425278FD+3401277]
	GetHandleVerifier [0x00007FF6422BAAAB+858091]
	(No symbol) [0x00007FF64215E74F]
	(No symbol) [0x00007FF64215A304]
	(No symbol) [0x00007FF64215A49D]
	(No symbol) [0x00007FF642148B69]
	BaseThreadInitThunk [0x00007FFC615A7374+20]
	RtlUserThreadStart [0x00007FFC6263CC91+33]

2025-02-05 07:01:12,869 [ERROR] automation Element located by i0116 is not present. Message: no such element: Unable to locate element: {"method":"css selector","selector":"[id="i0116"]"}
  (Session info: chrome=132.0.6834.160); For documentation on this error, please visit: https://www.selenium.dev/documentation/webdriver/troubleshooting/errors#no-such-element-exception
Stacktrace:
	GetHandleVerifier [0x00007FF6421F02F5+28725]
	(No symbol) [0x00007FF642152AE0]
	(No symbol) [0x00007FF641FE510A]
	(No symbol) [0x00007FF6420393D2]
	(No symbol) [0x00007FF6420395FC]
	(No symbol) [0x00007FF642083407]
	(No symbol) [0x00007FF64205FFEF]
	(No symbol) [0x00007FF642080181]
	(No symbol) [0x00007FF64205FD53]
	(No symbol) [0x00007FF64202A0E3]
	(No symbol) [0x00007FF64202B471]
	GetHandleVerifier [0x00007FF64251F30D+3366989]
	GetHandleVerifier [0x00007FF6425312F0+3440688]
	GetHandleVerifier [0x00007FF6425278FD+3401277]
	GetHandleVerifier [0x00007FF6422BAAAB+858091]
	(No symbol) [0x00007FF64215E74F]
	(No symbol) [0x00007FF64215A304]
	(No symbol) [0x00007FF64215A49D]
	(No symbol) [0x00007FF642148B69]
	BaseThreadInitThunk [0x00007FFC615A7374+20]
	RtlUserThreadStart [0x00007FFC6263CC91+33]

2025-02-05 07:01:12,925 [ERROR] automation Element located by i0116 is not present. Message: no such element: Unable to locate element: {"method":"css selector","selector":"[id="i0116"]"}
  (Session info: chrome=132.0.6834.160); For documentation on this error, please visit: https://www.selenium.dev/documentation/webdriver/troubleshooting/errors#no-such-element-exception
Stacktrace:
	GetHandleVerifier [0x00007FF6421F02F5+28725]
	(No symbol) [0x00007FF642152AE0]
	(No symbol) [0x00007FF641FE510A]
	(No symbol) [0x00007FF6420393D2]
	(No symbol) [0x00007FF6420395FC]
	(No symbol) [0x00007FF642083407]
	(No symbol) [0x00007FF64205FFEF]
	(No symbol) [0x00007FF642080181]
	(No symbol) [0x00007FF64205FD53]
	(No symbol) [0x00007FF64202A0E3]
	(No symbol) [0x00007FF64202B471]
	GetHandleVerifier [0x00007FF64251F30D+3366989]
	GetHandleVerifier [0x00007FF6425312F0+3440688]
	GetHandleVerifier [0x00007FF6425278FD+3401277]
	GetHandleVerifier [0x00007FF6422BAAAB+858091]
	(No symbol) [0x00007FF64215E74F]
	(No symbol) [0x00007FF64215A304]
	(No symbol) [0x00007FF64215A49D]
	(No symbol) [0x00007FF642148B69]
	BaseThreadInitThunk [0x00007FFC615A7374+20]
	RtlUserThreadStart [0x00007FFC6263CC91+33]

2025-02-05 07:01:13,420 [ERROR] automation Element located by i0116 is not present. Message: no such element: Unable to locate element: {"method":"css selector","selector":"[id="i0116"]"}
  (Session info: chrome=132.0.6834.160); For documentation on this error, please visit: https://www.selenium.dev/documentation/webdriver/troubleshooting/errors#no-such-element-exception
Stacktrace:
	GetHandleVerifier [0x00007FF6421F02F5+28725]
	(No symbol) [0x00007FF642152AE0]
	(No symbol) [0x00007FF641FE510A]
	(No symbol) [0x00007FF6420393D2]
	(No symbol) [0x00007FF6420395FC]
	(No symbol) [0x00007FF642083407]
	(No symbol) [0x00007FF64205FFEF]
	(No symbol) [0x00007FF642080181]
	(No symbol) [0x00007FF64205FD53]
	(No symbol) [0x00007FF64202A0E3]
	(No symbol) [0x00007FF64202B471]
	GetHandleVerifier [0x00007FF64251F30D+3366989]
	GetHandleVerifier [0x00007FF6425312F0+3440688]
	GetHandleVerifier [0x00007FF6425278FD+3401277]
	GetHandleVerifier [0x00007FF6422BAAAB+858091]
	(No symbol) [0x00007FF64215E74F]
	(No symbol) [0x00007FF64215A304]
	(No symbol) [0x00007FF64215A49D]
	(No symbol) [0x00007FF642148B69]
	BaseThreadInitThunk [0x00007FFC615A7374+20]
	RtlUserThreadStart [0x00007FFC6263CC91+33]

2025-02-05 07:01:13,479 [ERROR] automation Element located by i0116 is not present. Message: no such element: Unable to locate element: {"method":"css selector","selector":"[id="i0116"]"}
  (Session info: chrome=132.0.6834.160); For documentation on this error, please visit: https://www.selenium.dev/documentation/webdriver/troubleshooting/errors#no-such-element-exception
Stacktrace:
	GetHandleVerifier [0x00007FF6421F02F5+28725]
	(No symbol) [0x00007FF642152AE0]
	(No symbol) [0x00007FF641FE510A]
	(No symbol) [0x00007FF6420393D2]
	(No symbol) [0x00007FF6420395FC]
	(No symbol) [0x00007FF642083407]
	(No symbol) [0x00007FF64205FFEF]
	(No symbol) [0x00007FF642080181]
	(No symbol) [0x00007FF64205FD53]
	(No symbol) [0x00007FF64202A0E3]
	(No symbol) [0x00007FF64202B471]
	GetHandleVerifier [0x00007FF64251F30D+3366989]
	GetHandleVerifier [0x00007FF6425312F0+3440688]
	GetHandleVerifier [0x00007FF6425278FD+3401277]
	GetHandleVerifier [0x00007FF6422BAAAB+858091]
	(No symbol) [0x00007FF64215E74F]
	(No symbol) [0x00007FF64215A304]
	(No symbol) [0x00007FF64215A49D]
	(No symbol) [0x00007FF642148B69]
	BaseThreadInitThunk [0x00007FFC615A7374+20]
	RtlUserThreadStart [0x00007FFC6263CC91+33]

2025-02-05 07:01:13,539 [ERROR] automation Element located by i0116 is not present. Message: no such element: Unable to locate element: {"method":"css selector","selector":"[id="i0116"]"}
  (Session info: chrome=132.0.6834.160); For documentation on this error, please visit: https://www.selenium.dev/documentation/webdriver/troubleshooting/errors#no-such-element-exception
Stacktrace:
	GetHandleVerifier [0x00007FF6421F02F5+28725]
	(No symbol) [0x00007FF642152AE0]
	(No symbol) [0x00007FF641FE510A]
	(No symbol) [0x00007FF6420393D2]
	(No symbol) [0x00007FF6420395FC]
	(No symbol) [0x00007FF642083407]
	(No symbol) [0x00007FF64205FFEF]
	(No symbol) [0x00007FF642080181]
	(No symbol) [0x00007FF64205FD53]
	(No symbol) [0x00007FF64202A0E3]
	(No symbol) [0x00007FF64202B471]
	GetHandleVerifier [0x00007FF64251F30D+3366989]
	GetHandleVerifier [0x00007FF6425312F0+3440688]
	GetHandleVerifier [0x00007FF6425278FD+3401277]
	GetHandleVerifier [0x00007FF6422BAAAB+858091]
	(No symbol) [0x00007FF64215E74F]
	(No symbol) [0x00007FF64215A304]
	(No symbol) [0x00007FF64215A49D]
	(No symbol) [0x00007FF642148B69]
	BaseThreadInitThunk [0x00007FFC615A7374+20]
	RtlUserThreadStart [0x00007FFC6263CC91+33]

2025-02-05 07:01:13,602 [ERROR] automation Element located by i0116 is not present. Message: no such element: Unable to locate element: {"method":"css selector","selector":"[id="i0116"]"}
  (Session info: chrome=132.0.6834.160); For documentation on this error, please visit: https://www.selenium.dev/documentation/webdriver/troubleshooting/errors#no-such-element-exception
Stacktrace:
	GetHandleVerifier [0x00007FF6421F02F5+28725]
	(No symbol) [0x00007FF642152AE0]
	(No symbol) [0x00007FF641FE510A]
	(No symbol) [0x00007FF6420393D2]
	(No symbol) [0x00007FF6420395FC]
	(No symbol) [0x00007FF642083407]
	(No symbol) [0x00007FF64205FFEF]
	(No symbol) [0x00007FF642080181]
	(No symbol) [0x00007FF64205FD53]
	(No symbol) [0x00007FF64202A0E3]
	(No symbol) [0x00007FF64202B471]
	GetHandleVerifier [0x00007FF64251F30D+3366989]
	GetHandleVerifier [0x00007FF6425312F0+3440688]
	GetHandleVerifier [0x00007FF6425278FD+3401277]
	GetHandleVerifier [0x00007FF6422BAAAB+858091]
	(No symbol) [0x00007FF64215E74F]
	(No symbol) [0x00007FF64215A304]
	(No symbol) [0x00007FF64215A49D]
	(No symbol) [0x00007FF642148B69]
	BaseThreadInitThunk [0x00007FFC615A7374+20]
	RtlUserThreadStart [0x00007FFC6263CC91+33]

2025-02-05 07:01:13,661 [ERROR] automation Element located by i0116 is not present. Message: no such element: Unable to locate element: {"method":"css selector","selector":"[id="i0116"]"}
  (Session info: chrome=132.0.6834.160); For documentation on this error, please visit: https://www.selenium.dev/documentation/webdriver/troubleshooting/errors#no-such-element-exception
Stacktrace:
	GetHandleVerifier [0x00007FF6421F02F5+28725]
	(No symbol) [0x00007FF642152AE0]
	(No symbol) [0x00007FF641FE510A]
	(No symbol) [0x00007FF6420393D2]
	(No symbol) [0x00007FF6420395FC]
	(No symbol) [0x00007FF642083407]
	(No symbol) [0x00007FF64205FFEF]
	(No symbol) [0x00007FF642080181]
	(No symbol) [0x00007FF64205FD53]
	(No symbol) [0x00007FF64202A0E3]
	(No symbol) [0x00007FF64202B471]
	GetHandleVerifier [0x00007FF64251F30D+3366989]
	GetHandleVerifier [0x00007FF6425312F0+3440688]
	GetHandleVerifier [0x00007FF6425278FD+3401277]
	GetHandleVerifier [0x00007FF6422BAAAB+858091]
	(No symbol) [0x00007FF64215E74F]
	(No symbol) [0x00007FF64215A304]
	(No symbol) [0x00007FF64215A49D]
	(No symbol) [0x00007FF642148B69]
	BaseThreadInitThunk [0x00007FFC615A7374+20]
	RtlUserThreadStart [0x00007FFC6263CC91+33]

2025-02-05 07:01:13,721 [ERROR] automation Element located by i0116 is not present. Message: no such element: Unable to locate element: {"method":"css selector","selector":"[id="i0116"]"}
  (Session info: chrome=132.0.6834.160); For documentation on this error, please visit: https://www.selenium.dev/documentation/webdriver/troubleshooting/errors#no-such-element-exception
Stacktrace:
	GetHandleVerifier [0x00007FF6421F02F5+28725]
	(No symbol) [0x00007FF642152AE0]
	(No symbol) [0x00007FF641FE510A]
	(No symbol) [0x00007FF6420393D2]
	(No symbol) [0x00007FF6420395FC]
	(No symbol) [0x00007FF642083407]
	(No symbol) [0x00007FF64205FFEF]
	(No symbol) [0x00007FF642080181]
	(No symbol) [0x00007FF64205FD53]
	(No symbol) [0x00007FF64202A0E3]
	(No symbol) [0x00007FF64202B471]
	GetHandleVerifier [0x00007FF64251F30D+3366989]
	GetHandleVerifier [0x00007FF6425312F0+3440688]
	GetHandleVerifier [0x00007FF6425278FD+3401277]
	GetHandleVerifier [0x00007FF6422BAAAB+858091]
	(No symbol) [0x00007FF64215E74F]
	(No symbol) [0x00007FF64215A304]
	(No symbol) [0x00007FF64215A49D]
	(No symbol) [0x00007FF642148B69]
	BaseThreadInitThunk [0x00007FFC615A7374+20]
	RtlUserThreadStart [0x00007FFC6263CC91+33]

2025-02-05 07:01:13,781 [ERROR] automation Element located by i0116 is not present. Message: no such element: Unable to locate element: {"method":"css selector","selector":"[id="i0116"]"}
  (Session info: chrome=132.0.6834.160); For documentation on this error, please visit: https://www.selenium.dev/documentation/webdriver/troubleshooting/errors#no-such-element-exception
Stacktrace:
	GetHandleVerifier [0x00007FF6421F02F5+28725]
	(No symbol) [0x00007FF642152AE0]
	(No symbol) [0x00007FF641FE510A]
	(No symbol) [0x00007FF6420393D2]
	(No symbol) [0x00007FF6420395FC]
	(No symbol) [0x00007FF642083407]
	(No symbol) [0x00007FF64205FFEF]
	(No symbol) [0x00007FF642080181]
	(No symbol) [0x00007FF64205FD53]
	(No symbol) [0x00007FF64202A0E3]
	(No symbol) [0x00007FF64202B471]
	GetHandleVerifier [0x00007FF64251F30D+3366989]
	GetHandleVerifier [0x00007FF6425312F0+3440688]
	GetHandleVerifier [0x00007FF6425278FD+3401277]
	GetHandleVerifier [0x00007FF6422BAAAB+858091]
	(No symbol) [0x00007FF64215E74F]
	(No symbol) [0x00007FF64215A304]
	(No symbol) [0x00007FF64215A49D]
	(No symbol) [0x00007FF642148B69]
	BaseThreadInitThunk [0x00007FFC615A7374+20]
	RtlUserThreadStart [0x00007FFC6263CC91+33]

2025-02-05 07:01:13,965 [ERROR] automation Element located by i0116 is not present. Message: no such element: Unable to locate element: {"method":"css selector","selector":"[id="i0116"]"}
  (Session info: chrome=132.0.6834.160); For documentation on this error, please visit: https://www.selenium.dev/documentation/webdriver/troubleshooting/errors#no-such-element-exception
Stacktrace:
	GetHandleVerifier [0x00007FF6421F02F5+28725]
	(No symbol) [0x00007FF642152AE0]
	(No symbol) [0x00007FF641FE510A]
	(No symbol) [0x00007FF6420393D2]
	(No symbol) [0x00007FF6420395FC]
	(No symbol) [0x00007FF642083407]
	(No symbol) [0x00007FF64205FFEF]
	(No symbol) [0x00007FF642080181]
	(No symbol) [0x00007FF64205FD53]
	(No symbol) [0x00007FF64202A0E3]
	(No symbol) [0x00007FF64202B471]
	GetHandleVerifier [0x00007FF64251F30D+3366989]
	GetHandleVerifier [0x00007FF6425312F0+3440688]
	GetHandleVerifier [0x00007FF6425278FD+3401277]
	GetHandleVerifier [0x00007FF6422BAAAB+858091]
	(No symbol) [0x00007FF64215E74F]
	(No symbol) [0x00007FF64215A304]
	(No symbol) [0x00007FF64215A49D]
	(No symbol) [0x00007FF642148B69]
	BaseThreadInitThunk [0x00007FFC615A7374+20]
	RtlUserThreadStart [0x00007FFC6263CC91+33]

2025-02-05 07:01:14,025 [INFO] automation Element located by i0116 is present.
2025-02-05 07:01:21,864 [INFO] automation Element located by //div[@class='logo'] is present.
