2025-02-07 18:19:33,349 [INFO] automation Navigating to the https://chorusqa.cogninelabs.com/
2025-02-07 18:19:37,905 [ERROR] automation Element located by i0116 is not present. Message: no such element: Unable to locate element: {"method":"css selector","selector":"[id="i0116"]"}
  (Session info: chrome=132.0.6834.160); For documentation on this error, please visit: https://www.selenium.dev/documentation/webdriver/troubleshooting/errors#no-such-element-exception
Stacktrace:
	GetHandleVerifier [0x00007FF7575802F5+28725]
	(No symbol) [0x00007FF7574E2AE0]
	(No symbol) [0x00007FF75737510A]
	(No symbol) [0x00007FF7573C93D2]
	(No symbol) [0x00007FF7573C95FC]
	(No symbol) [0x00007FF757413407]
	(No symbol) [0x00007FF7573EFFEF]
	(No symbol) [0x00007FF757410181]
	(No symbol) [0x00007FF7573EFD53]
	(No symbol) [0x00007FF7573BA0E3]
	(No symbol) [0x00007FF7573BB471]
	GetHandleVerifier [0x00007FF7578AF30D+3366989]
	GetHandleVerifier [0x00007FF7578C12F0+3440688]
	GetHandleVerifier [0x00007FF7578B78FD+3401277]
	GetHandleVerifier [0x00007FF75764AAAB+858091]
	(No symbol) [0x00007FF7574EE74F]
	(No symbol) [0x00007FF7574EA304]
	(No symbol) [0x00007FF7574EA49D]
	(No symbol) [0x00007FF7574D8B69]
	BaseThreadInitThunk [0x00007FFC615A7374+20]
	RtlUserThreadStart [0x00007FFC6263CC91+33]

2025-02-07 18:19:37,962 [ERROR] automation Element located by i0116 is not present. Message: no such element: Unable to locate element: {"method":"css selector","selector":"[id="i0116"]"}
  (Session info: chrome=132.0.6834.160); For documentation on this error, please visit: https://www.selenium.dev/documentation/webdriver/troubleshooting/errors#no-such-element-exception
Stacktrace:
	GetHandleVerifier [0x00007FF7575802F5+28725]
	(No symbol) [0x00007FF7574E2AE0]
	(No symbol) [0x00007FF75737510A]
	(No symbol) [0x00007FF7573C93D2]
	(No symbol) [0x00007FF7573C95FC]
	(No symbol) [0x00007FF757413407]
	(No symbol) [0x00007FF7573EFFEF]
	(No symbol) [0x00007FF757410181]
	(No symbol) [0x00007FF7573EFD53]
	(No symbol) [0x00007FF7573BA0E3]
	(No symbol) [0x00007FF7573BB471]
	GetHandleVerifier [0x00007FF7578AF30D+3366989]
	GetHandleVerifier [0x00007FF7578C12F0+3440688]
	GetHandleVerifier [0x00007FF7578B78FD+3401277]
	GetHandleVerifier [0x00007FF75764AAAB+858091]
	(No symbol) [0x00007FF7574EE74F]
	(No symbol) [0x00007FF7574EA304]
	(No symbol) [0x00007FF7574EA49D]
	(No symbol) [0x00007FF7574D8B69]
	BaseThreadInitThunk [0x00007FFC615A7374+20]
	RtlUserThreadStart [0x00007FFC6263CC91+33]

2025-02-07 18:19:38,028 [ERROR] automation Element located by i0116 is not present. Message: no such element: Unable to locate element: {"method":"css selector","selector":"[id="i0116"]"}
  (Session info: chrome=132.0.6834.160); For documentation on this error, please visit: https://www.selenium.dev/documentation/webdriver/troubleshooting/errors#no-such-element-exception
Stacktrace:
	GetHandleVerifier [0x00007FF7575802F5+28725]
	(No symbol) [0x00007FF7574E2AE0]
	(No symbol) [0x00007FF75737510A]
	(No symbol) [0x00007FF7573C93D2]
	(No symbol) [0x00007FF7573C95FC]
	(No symbol) [0x00007FF757413407]
	(No symbol) [0x00007FF7573EFFEF]
	(No symbol) [0x00007FF757410181]
	(No symbol) [0x00007FF7573EFD53]
	(No symbol) [0x00007FF7573BA0E3]
	(No symbol) [0x00007FF7573BB471]
	GetHandleVerifier [0x00007FF7578AF30D+3366989]
	GetHandleVerifier [0x00007FF7578C12F0+3440688]
	GetHandleVerifier [0x00007FF7578B78FD+3401277]
	GetHandleVerifier [0x00007FF75764AAAB+858091]
	(No symbol) [0x00007FF7574EE74F]
	(No symbol) [0x00007FF7574EA304]
	(No symbol) [0x00007FF7574EA49D]
	(No symbol) [0x00007FF7574D8B69]
	BaseThreadInitThunk [0x00007FFC615A7374+20]
	RtlUserThreadStart [0x00007FFC6263CC91+33]

2025-02-07 18:19:38,093 [ERROR] automation Element located by i0116 is not present. Message: no such element: Unable to locate element: {"method":"css selector","selector":"[id="i0116"]"}
  (Session info: chrome=132.0.6834.160); For documentation on this error, please visit: https://www.selenium.dev/documentation/webdriver/troubleshooting/errors#no-such-element-exception
Stacktrace:
	GetHandleVerifier [0x00007FF7575802F5+28725]
	(No symbol) [0x00007FF7574E2AE0]
	(No symbol) [0x00007FF75737510A]
	(No symbol) [0x00007FF7573C93D2]
	(No symbol) [0x00007FF7573C95FC]
	(No symbol) [0x00007FF757413407]
	(No symbol) [0x00007FF7573EFFEF]
	(No symbol) [0x00007FF757410181]
	(No symbol) [0x00007FF7573EFD53]
	(No symbol) [0x00007FF7573BA0E3]
	(No symbol) [0x00007FF7573BB471]
	GetHandleVerifier [0x00007FF7578AF30D+3366989]
	GetHandleVerifier [0x00007FF7578C12F0+3440688]
	GetHandleVerifier [0x00007FF7578B78FD+3401277]
	GetHandleVerifier [0x00007FF75764AAAB+858091]
	(No symbol) [0x00007FF7574EE74F]
	(No symbol) [0x00007FF7574EA304]
	(No symbol) [0x00007FF7574EA49D]
	(No symbol) [0x00007FF7574D8B69]
	BaseThreadInitThunk [0x00007FFC615A7374+20]
	RtlUserThreadStart [0x00007FFC6263CC91+33]

2025-02-07 18:19:38,153 [ERROR] automation Element located by i0116 is not present. Message: no such element: Unable to locate element: {"method":"css selector","selector":"[id="i0116"]"}
  (Session info: chrome=132.0.6834.160); For documentation on this error, please visit: https://www.selenium.dev/documentation/webdriver/troubleshooting/errors#no-such-element-exception
Stacktrace:
	GetHandleVerifier [0x00007FF7575802F5+28725]
	(No symbol) [0x00007FF7574E2AE0]
	(No symbol) [0x00007FF75737510A]
	(No symbol) [0x00007FF7573C93D2]
	(No symbol) [0x00007FF7573C95FC]
	(No symbol) [0x00007FF757413407]
	(No symbol) [0x00007FF7573EFFEF]
	(No symbol) [0x00007FF757410181]
	(No symbol) [0x00007FF7573EFD53]
	(No symbol) [0x00007FF7573BA0E3]
	(No symbol) [0x00007FF7573BB471]
	GetHandleVerifier [0x00007FF7578AF30D+3366989]
	GetHandleVerifier [0x00007FF7578C12F0+3440688]
	GetHandleVerifier [0x00007FF7578B78FD+3401277]
	GetHandleVerifier [0x00007FF75764AAAB+858091]
	(No symbol) [0x00007FF7574EE74F]
	(No symbol) [0x00007FF7574EA304]
	(No symbol) [0x00007FF7574EA49D]
	(No symbol) [0x00007FF7574D8B69]
	BaseThreadInitThunk [0x00007FFC615A7374+20]
	RtlUserThreadStart [0x00007FFC6263CC91+33]

2025-02-07 18:19:38,212 [ERROR] automation Element located by i0116 is not present. Message: no such element: Unable to locate element: {"method":"css selector","selector":"[id="i0116"]"}
  (Session info: chrome=132.0.6834.160); For documentation on this error, please visit: https://www.selenium.dev/documentation/webdriver/troubleshooting/errors#no-such-element-exception
Stacktrace:
	GetHandleVerifier [0x00007FF7575802F5+28725]
	(No symbol) [0x00007FF7574E2AE0]
	(No symbol) [0x00007FF75737510A]
	(No symbol) [0x00007FF7573C93D2]
	(No symbol) [0x00007FF7573C95FC]
	(No symbol) [0x00007FF757413407]
	(No symbol) [0x00007FF7573EFFEF]
	(No symbol) [0x00007FF757410181]
	(No symbol) [0x00007FF7573EFD53]
	(No symbol) [0x00007FF7573BA0E3]
	(No symbol) [0x00007FF7573BB471]
	GetHandleVerifier [0x00007FF7578AF30D+3366989]
	GetHandleVerifier [0x00007FF7578C12F0+3440688]
	GetHandleVerifier [0x00007FF7578B78FD+3401277]
	GetHandleVerifier [0x00007FF75764AAAB+858091]
	(No symbol) [0x00007FF7574EE74F]
	(No symbol) [0x00007FF7574EA304]
	(No symbol) [0x00007FF7574EA49D]
	(No symbol) [0x00007FF7574D8B69]
	BaseThreadInitThunk [0x00007FFC615A7374+20]
	RtlUserThreadStart [0x00007FFC6263CC91+33]

2025-02-07 18:19:38,279 [ERROR] automation Element located by i0116 is not present. Message: no such element: Unable to locate element: {"method":"css selector","selector":"[id="i0116"]"}
  (Session info: chrome=132.0.6834.160); For documentation on this error, please visit: https://www.selenium.dev/documentation/webdriver/troubleshooting/errors#no-such-element-exception
Stacktrace:
	GetHandleVerifier [0x00007FF7575802F5+28725]
	(No symbol) [0x00007FF7574E2AE0]
	(No symbol) [0x00007FF75737510A]
	(No symbol) [0x00007FF7573C93D2]
	(No symbol) [0x00007FF7573C95FC]
	(No symbol) [0x00007FF757413407]
	(No symbol) [0x00007FF7573EFFEF]
	(No symbol) [0x00007FF757410181]
	(No symbol) [0x00007FF7573EFD53]
	(No symbol) [0x00007FF7573BA0E3]
	(No symbol) [0x00007FF7573BB471]
	GetHandleVerifier [0x00007FF7578AF30D+3366989]
	GetHandleVerifier [0x00007FF7578C12F0+3440688]
	GetHandleVerifier [0x00007FF7578B78FD+3401277]
	GetHandleVerifier [0x00007FF75764AAAB+858091]
	(No symbol) [0x00007FF7574EE74F]
	(No symbol) [0x00007FF7574EA304]
	(No symbol) [0x00007FF7574EA49D]
	(No symbol) [0x00007FF7574D8B69]
	BaseThreadInitThunk [0x00007FFC615A7374+20]
	RtlUserThreadStart [0x00007FFC6263CC91+33]

2025-02-07 18:19:39,012 [ERROR] automation Element located by i0116 is not present. Message: no such element: Unable to locate element: {"method":"css selector","selector":"[id="i0116"]"}
  (Session info: chrome=132.0.6834.160); For documentation on this error, please visit: https://www.selenium.dev/documentation/webdriver/troubleshooting/errors#no-such-element-exception
Stacktrace:
	GetHandleVerifier [0x00007FF7575802F5+28725]
	(No symbol) [0x00007FF7574E2AE0]
	(No symbol) [0x00007FF75737510A]
	(No symbol) [0x00007FF7573C93D2]
	(No symbol) [0x00007FF7573C95FC]
	(No symbol) [0x00007FF757413407]
	(No symbol) [0x00007FF7573EFFEF]
	(No symbol) [0x00007FF757410181]
	(No symbol) [0x00007FF7573EFD53]
	(No symbol) [0x00007FF7573BA0E3]
	(No symbol) [0x00007FF7573BB471]
	GetHandleVerifier [0x00007FF7578AF30D+3366989]
	GetHandleVerifier [0x00007FF7578C12F0+3440688]
	GetHandleVerifier [0x00007FF7578B78FD+3401277]
	GetHandleVerifier [0x00007FF75764AAAB+858091]
	(No symbol) [0x00007FF7574EE74F]
	(No symbol) [0x00007FF7574EA304]
	(No symbol) [0x00007FF7574EA49D]
	(No symbol) [0x00007FF7574D8B69]
	BaseThreadInitThunk [0x00007FFC615A7374+20]
	RtlUserThreadStart [0x00007FFC6263CC91+33]

2025-02-07 18:19:39,072 [ERROR] automation Element located by i0116 is not present. Message: no such element: Unable to locate element: {"method":"css selector","selector":"[id="i0116"]"}
  (Session info: chrome=132.0.6834.160); For documentation on this error, please visit: https://www.selenium.dev/documentation/webdriver/troubleshooting/errors#no-such-element-exception
Stacktrace:
	GetHandleVerifier [0x00007FF7575802F5+28725]
	(No symbol) [0x00007FF7574E2AE0]
	(No symbol) [0x00007FF75737510A]
	(No symbol) [0x00007FF7573C93D2]
	(No symbol) [0x00007FF7573C95FC]
	(No symbol) [0x00007FF757413407]
	(No symbol) [0x00007FF7573EFFEF]
	(No symbol) [0x00007FF757410181]
	(No symbol) [0x00007FF7573EFD53]
	(No symbol) [0x00007FF7573BA0E3]
	(No symbol) [0x00007FF7573BB471]
	GetHandleVerifier [0x00007FF7578AF30D+3366989]
	GetHandleVerifier [0x00007FF7578C12F0+3440688]
	GetHandleVerifier [0x00007FF7578B78FD+3401277]
	GetHandleVerifier [0x00007FF75764AAAB+858091]
	(No symbol) [0x00007FF7574EE74F]
	(No symbol) [0x00007FF7574EA304]
	(No symbol) [0x00007FF7574EA49D]
	(No symbol) [0x00007FF7574D8B69]
	BaseThreadInitThunk [0x00007FFC615A7374+20]
	RtlUserThreadStart [0x00007FFC6263CC91+33]

2025-02-07 18:19:39,166 [ERROR] automation Element located by i0116 is not present. Message: no such element: Unable to locate element: {"method":"css selector","selector":"[id="i0116"]"}
  (Session info: chrome=132.0.6834.160); For documentation on this error, please visit: https://www.selenium.dev/documentation/webdriver/troubleshooting/errors#no-such-element-exception
Stacktrace:
	GetHandleVerifier [0x00007FF7575802F5+28725]
	(No symbol) [0x00007FF7574E2AE0]
	(No symbol) [0x00007FF75737510A]
	(No symbol) [0x00007FF7573C93D2]
	(No symbol) [0x00007FF7573C95FC]
	(No symbol) [0x00007FF757413407]
	(No symbol) [0x00007FF7573EFFEF]
	(No symbol) [0x00007FF757410181]
	(No symbol) [0x00007FF7573EFD53]
	(No symbol) [0x00007FF7573BA0E3]
	(No symbol) [0x00007FF7573BB471]
	GetHandleVerifier [0x00007FF7578AF30D+3366989]
	GetHandleVerifier [0x00007FF7578C12F0+3440688]
	GetHandleVerifier [0x00007FF7578B78FD+3401277]
	GetHandleVerifier [0x00007FF75764AAAB+858091]
	(No symbol) [0x00007FF7574EE74F]
	(No symbol) [0x00007FF7574EA304]
	(No symbol) [0x00007FF7574EA49D]
	(No symbol) [0x00007FF7574D8B69]
	BaseThreadInitThunk [0x00007FFC615A7374+20]
	RtlUserThreadStart [0x00007FFC6263CC91+33]

2025-02-07 18:19:39,289 [INFO] automation Element located by i0116 is present.
2025-02-07 18:19:47,362 [INFO] automation Element located by //div[@class='logo'] is present.
