2025-02-07 18:33:20,680 [INFO] automation Navigating to the https://chorusqa.cogninelabs.com/
2025-02-07 18:33:24,889 [ERROR] automation Element located by i0116 is not present. Message: no such element: Unable to locate element: {"method":"css selector","selector":"[id="i0116"]"}
  (Session info: chrome=132.0.6834.160); For documentation on this error, please visit: https://www.selenium.dev/documentation/webdriver/troubleshooting/errors#no-such-element-exception
Stacktrace:
	GetHandleVerifier [0x00007FF7575802F5+28725]
	(No symbol) [0x00007FF7574E2AE0]
	(No symbol) [0x00007FF75737510A]
	(No symbol) [0x00007FF7573C93D2]
	(No symbol) [0x00007FF7573C95FC]
	(No symbol) [0x00007FF757413407]
	(No symbol) [0x00007FF7573EFFEF]
	(No symbol) [0x00007FF757410181]
	(No symbol) [0x00007FF7573EFD53]
	(No symbol) [0x00007FF7573BA0E3]
	(No symbol) [0x00007FF7573BB471]
	GetHandleVerifier [0x00007FF7578AF30D+3366989]
	GetHandleVerifier [0x00007FF7578C12F0+3440688]
	GetHandleVerifier [0x00007FF7578B78FD+3401277]
	GetHandleVerifier [0x00007FF75764AAAB+858091]
	(No symbol) [0x00007FF7574EE74F]
	(No symbol) [0x00007FF7574EA304]
	(No symbol) [0x00007FF7574EA49D]
	(No symbol) [0x00007FF7574D8B69]
	BaseThreadInitThunk [0x00007FFC615A7374+20]
	RtlUserThreadStart [0x00007FFC6263CC91+33]

2025-02-07 18:33:24,951 [ERROR] automation Element located by i0116 is not present. Message: no such element: Unable to locate element: {"method":"css selector","selector":"[id="i0116"]"}
  (Session info: chrome=132.0.6834.160); For documentation on this error, please visit: https://www.selenium.dev/documentation/webdriver/troubleshooting/errors#no-such-element-exception
Stacktrace:
	GetHandleVerifier [0x00007FF7575802F5+28725]
	(No symbol) [0x00007FF7574E2AE0]
	(No symbol) [0x00007FF75737510A]
	(No symbol) [0x00007FF7573C93D2]
	(No symbol) [0x00007FF7573C95FC]
	(No symbol) [0x00007FF757413407]
	(No symbol) [0x00007FF7573EFFEF]
	(No symbol) [0x00007FF757410181]
	(No symbol) [0x00007FF7573EFD53]
	(No symbol) [0x00007FF7573BA0E3]
	(No symbol) [0x00007FF7573BB471]
	GetHandleVerifier [0x00007FF7578AF30D+3366989]
	GetHandleVerifier [0x00007FF7578C12F0+3440688]
	GetHandleVerifier [0x00007FF7578B78FD+3401277]
	GetHandleVerifier [0x00007FF75764AAAB+858091]
	(No symbol) [0x00007FF7574EE74F]
	(No symbol) [0x00007FF7574EA304]
	(No symbol) [0x00007FF7574EA49D]
	(No symbol) [0x00007FF7574D8B69]
	BaseThreadInitThunk [0x00007FFC615A7374+20]
	RtlUserThreadStart [0x00007FFC6263CC91+33]

2025-02-07 18:33:25,006 [ERROR] automation Element located by i0116 is not present. Message: no such element: Unable to locate element: {"method":"css selector","selector":"[id="i0116"]"}
  (Session info: chrome=132.0.6834.160); For documentation on this error, please visit: https://www.selenium.dev/documentation/webdriver/troubleshooting/errors#no-such-element-exception
Stacktrace:
	GetHandleVerifier [0x00007FF7575802F5+28725]
	(No symbol) [0x00007FF7574E2AE0]
	(No symbol) [0x00007FF75737510A]
	(No symbol) [0x00007FF7573C93D2]
	(No symbol) [0x00007FF7573C95FC]
	(No symbol) [0x00007FF757413407]
	(No symbol) [0x00007FF7573EFFEF]
	(No symbol) [0x00007FF757410181]
	(No symbol) [0x00007FF7573EFD53]
	(No symbol) [0x00007FF7573BA0E3]
	(No symbol) [0x00007FF7573BB471]
	GetHandleVerifier [0x00007FF7578AF30D+3366989]
	GetHandleVerifier [0x00007FF7578C12F0+3440688]
	GetHandleVerifier [0x00007FF7578B78FD+3401277]
	GetHandleVerifier [0x00007FF75764AAAB+858091]
	(No symbol) [0x00007FF7574EE74F]
	(No symbol) [0x00007FF7574EA304]
	(No symbol) [0x00007FF7574EA49D]
	(No symbol) [0x00007FF7574D8B69]
	BaseThreadInitThunk [0x00007FFC615A7374+20]
	RtlUserThreadStart [0x00007FFC6263CC91+33]

2025-02-07 18:33:25,064 [ERROR] automation Element located by i0116 is not present. Message: no such element: Unable to locate element: {"method":"css selector","selector":"[id="i0116"]"}
  (Session info: chrome=132.0.6834.160); For documentation on this error, please visit: https://www.selenium.dev/documentation/webdriver/troubleshooting/errors#no-such-element-exception
Stacktrace:
	GetHandleVerifier [0x00007FF7575802F5+28725]
	(No symbol) [0x00007FF7574E2AE0]
	(No symbol) [0x00007FF75737510A]
	(No symbol) [0x00007FF7573C93D2]
	(No symbol) [0x00007FF7573C95FC]
	(No symbol) [0x00007FF757413407]
	(No symbol) [0x00007FF7573EFFEF]
	(No symbol) [0x00007FF757410181]
	(No symbol) [0x00007FF7573EFD53]
	(No symbol) [0x00007FF7573BA0E3]
	(No symbol) [0x00007FF7573BB471]
	GetHandleVerifier [0x00007FF7578AF30D+3366989]
	GetHandleVerifier [0x00007FF7578C12F0+3440688]
	GetHandleVerifier [0x00007FF7578B78FD+3401277]
	GetHandleVerifier [0x00007FF75764AAAB+858091]
	(No symbol) [0x00007FF7574EE74F]
	(No symbol) [0x00007FF7574EA304]
	(No symbol) [0x00007FF7574EA49D]
	(No symbol) [0x00007FF7574D8B69]
	BaseThreadInitThunk [0x00007FFC615A7374+20]
	RtlUserThreadStart [0x00007FFC6263CC91+33]

2025-02-07 18:33:25,130 [ERROR] automation Element located by i0116 is not present. Message: no such element: Unable to locate element: {"method":"css selector","selector":"[id="i0116"]"}
  (Session info: chrome=132.0.6834.160); For documentation on this error, please visit: https://www.selenium.dev/documentation/webdriver/troubleshooting/errors#no-such-element-exception
Stacktrace:
	GetHandleVerifier [0x00007FF7575802F5+28725]
	(No symbol) [0x00007FF7574E2AE0]
	(No symbol) [0x00007FF75737510A]
	(No symbol) [0x00007FF7573C93D2]
	(No symbol) [0x00007FF7573C95FC]
	(No symbol) [0x00007FF757413407]
	(No symbol) [0x00007FF7573EFFEF]
	(No symbol) [0x00007FF757410181]
	(No symbol) [0x00007FF7573EFD53]
	(No symbol) [0x00007FF7573BA0E3]
	(No symbol) [0x00007FF7573BB471]
	GetHandleVerifier [0x00007FF7578AF30D+3366989]
	GetHandleVerifier [0x00007FF7578C12F0+3440688]
	GetHandleVerifier [0x00007FF7578B78FD+3401277]
	GetHandleVerifier [0x00007FF75764AAAB+858091]
	(No symbol) [0x00007FF7574EE74F]
	(No symbol) [0x00007FF7574EA304]
	(No symbol) [0x00007FF7574EA49D]
	(No symbol) [0x00007FF7574D8B69]
	BaseThreadInitThunk [0x00007FFC615A7374+20]
	RtlUserThreadStart [0x00007FFC6263CC91+33]

2025-02-07 18:33:25,190 [ERROR] automation Element located by i0116 is not present. Message: no such element: Unable to locate element: {"method":"css selector","selector":"[id="i0116"]"}
  (Session info: chrome=132.0.6834.160); For documentation on this error, please visit: https://www.selenium.dev/documentation/webdriver/troubleshooting/errors#no-such-element-exception
Stacktrace:
	GetHandleVerifier [0x00007FF7575802F5+28725]
	(No symbol) [0x00007FF7574E2AE0]
	(No symbol) [0x00007FF75737510A]
	(No symbol) [0x00007FF7573C93D2]
	(No symbol) [0x00007FF7573C95FC]
	(No symbol) [0x00007FF757413407]
	(No symbol) [0x00007FF7573EFFEF]
	(No symbol) [0x00007FF757410181]
	(No symbol) [0x00007FF7573EFD53]
	(No symbol) [0x00007FF7573BA0E3]
	(No symbol) [0x00007FF7573BB471]
	GetHandleVerifier [0x00007FF7578AF30D+3366989]
	GetHandleVerifier [0x00007FF7578C12F0+3440688]
	GetHandleVerifier [0x00007FF7578B78FD+3401277]
	GetHandleVerifier [0x00007FF75764AAAB+858091]
	(No symbol) [0x00007FF7574EE74F]
	(No symbol) [0x00007FF7574EA304]
	(No symbol) [0x00007FF7574EA49D]
	(No symbol) [0x00007FF7574D8B69]
	BaseThreadInitThunk [0x00007FFC615A7374+20]
	RtlUserThreadStart [0x00007FFC6263CC91+33]

2025-02-07 18:33:25,258 [ERROR] automation Element located by i0116 is not present. Message: no such element: Unable to locate element: {"method":"css selector","selector":"[id="i0116"]"}
  (Session info: chrome=132.0.6834.160); For documentation on this error, please visit: https://www.selenium.dev/documentation/webdriver/troubleshooting/errors#no-such-element-exception
Stacktrace:
	GetHandleVerifier [0x00007FF7575802F5+28725]
	(No symbol) [0x00007FF7574E2AE0]
	(No symbol) [0x00007FF75737510A]
	(No symbol) [0x00007FF7573C93D2]
	(No symbol) [0x00007FF7573C95FC]
	(No symbol) [0x00007FF757413407]
	(No symbol) [0x00007FF7573EFFEF]
	(No symbol) [0x00007FF757410181]
	(No symbol) [0x00007FF7573EFD53]
	(No symbol) [0x00007FF7573BA0E3]
	(No symbol) [0x00007FF7573BB471]
	GetHandleVerifier [0x00007FF7578AF30D+3366989]
	GetHandleVerifier [0x00007FF7578C12F0+3440688]
	GetHandleVerifier [0x00007FF7578B78FD+3401277]
	GetHandleVerifier [0x00007FF75764AAAB+858091]
	(No symbol) [0x00007FF7574EE74F]
	(No symbol) [0x00007FF7574EA304]
	(No symbol) [0x00007FF7574EA49D]
	(No symbol) [0x00007FF7574D8B69]
	BaseThreadInitThunk [0x00007FFC615A7374+20]
	RtlUserThreadStart [0x00007FFC6263CC91+33]

2025-02-07 18:33:25,983 [ERROR] automation Element located by i0116 is not present. Message: no such element: Unable to locate element: {"method":"css selector","selector":"[id="i0116"]"}
  (Session info: chrome=132.0.6834.160); For documentation on this error, please visit: https://www.selenium.dev/documentation/webdriver/troubleshooting/errors#no-such-element-exception
Stacktrace:
	GetHandleVerifier [0x00007FF7575802F5+28725]
	(No symbol) [0x00007FF7574E2AE0]
	(No symbol) [0x00007FF75737510A]
	(No symbol) [0x00007FF7573C93D2]
	(No symbol) [0x00007FF7573C95FC]
	(No symbol) [0x00007FF757413407]
	(No symbol) [0x00007FF7573EFFEF]
	(No symbol) [0x00007FF757410181]
	(No symbol) [0x00007FF7573EFD53]
	(No symbol) [0x00007FF7573BA0E3]
	(No symbol) [0x00007FF7573BB471]
	GetHandleVerifier [0x00007FF7578AF30D+3366989]
	GetHandleVerifier [0x00007FF7578C12F0+3440688]
	GetHandleVerifier [0x00007FF7578B78FD+3401277]
	GetHandleVerifier [0x00007FF75764AAAB+858091]
	(No symbol) [0x00007FF7574EE74F]
	(No symbol) [0x00007FF7574EA304]
	(No symbol) [0x00007FF7574EA49D]
	(No symbol) [0x00007FF7574D8B69]
	BaseThreadInitThunk [0x00007FFC615A7374+20]
	RtlUserThreadStart [0x00007FFC6263CC91+33]

2025-02-07 18:33:26,043 [ERROR] automation Element located by i0116 is not present. Message: no such element: Unable to locate element: {"method":"css selector","selector":"[id="i0116"]"}
  (Session info: chrome=132.0.6834.160); For documentation on this error, please visit: https://www.selenium.dev/documentation/webdriver/troubleshooting/errors#no-such-element-exception
Stacktrace:
	GetHandleVerifier [0x00007FF7575802F5+28725]
	(No symbol) [0x00007FF7574E2AE0]
	(No symbol) [0x00007FF75737510A]
	(No symbol) [0x00007FF7573C93D2]
	(No symbol) [0x00007FF7573C95FC]
	(No symbol) [0x00007FF757413407]
	(No symbol) [0x00007FF7573EFFEF]
	(No symbol) [0x00007FF757410181]
	(No symbol) [0x00007FF7573EFD53]
	(No symbol) [0x00007FF7573BA0E3]
	(No symbol) [0x00007FF7573BB471]
	GetHandleVerifier [0x00007FF7578AF30D+3366989]
	GetHandleVerifier [0x00007FF7578C12F0+3440688]
	GetHandleVerifier [0x00007FF7578B78FD+3401277]
	GetHandleVerifier [0x00007FF75764AAAB+858091]
	(No symbol) [0x00007FF7574EE74F]
	(No symbol) [0x00007FF7574EA304]
	(No symbol) [0x00007FF7574EA49D]
	(No symbol) [0x00007FF7574D8B69]
	BaseThreadInitThunk [0x00007FFC615A7374+20]
	RtlUserThreadStart [0x00007FFC6263CC91+33]

2025-02-07 18:33:26,107 [ERROR] automation Element located by i0116 is not present. Message: no such element: Unable to locate element: {"method":"css selector","selector":"[id="i0116"]"}
  (Session info: chrome=132.0.6834.160); For documentation on this error, please visit: https://www.selenium.dev/documentation/webdriver/troubleshooting/errors#no-such-element-exception
Stacktrace:
	GetHandleVerifier [0x00007FF7575802F5+28725]
	(No symbol) [0x00007FF7574E2AE0]
	(No symbol) [0x00007FF75737510A]
	(No symbol) [0x00007FF7573C93D2]
	(No symbol) [0x00007FF7573C95FC]
	(No symbol) [0x00007FF757413407]
	(No symbol) [0x00007FF7573EFFEF]
	(No symbol) [0x00007FF757410181]
	(No symbol) [0x00007FF7573EFD53]
	(No symbol) [0x00007FF7573BA0E3]
	(No symbol) [0x00007FF7573BB471]
	GetHandleVerifier [0x00007FF7578AF30D+3366989]
	GetHandleVerifier [0x00007FF7578C12F0+3440688]
	GetHandleVerifier [0x00007FF7578B78FD+3401277]
	GetHandleVerifier [0x00007FF75764AAAB+858091]
	(No symbol) [0x00007FF7574EE74F]
	(No symbol) [0x00007FF7574EA304]
	(No symbol) [0x00007FF7574EA49D]
	(No symbol) [0x00007FF7574D8B69]
	BaseThreadInitThunk [0x00007FFC615A7374+20]
	RtlUserThreadStart [0x00007FFC6263CC91+33]

2025-02-07 18:33:26,192 [ERROR] automation Element located by i0116 is not present. Message: no such element: Unable to locate element: {"method":"css selector","selector":"[id="i0116"]"}
  (Session info: chrome=132.0.6834.160); For documentation on this error, please visit: https://www.selenium.dev/documentation/webdriver/troubleshooting/errors#no-such-element-exception
Stacktrace:
	GetHandleVerifier [0x00007FF7575802F5+28725]
	(No symbol) [0x00007FF7574E2AE0]
	(No symbol) [0x00007FF75737510A]
	(No symbol) [0x00007FF7573C93D2]
	(No symbol) [0x00007FF7573C95FC]
	(No symbol) [0x00007FF757413407]
	(No symbol) [0x00007FF7573EFFEF]
	(No symbol) [0x00007FF757410181]
	(No symbol) [0x00007FF7573EFD53]
	(No symbol) [0x00007FF7573BA0E3]
	(No symbol) [0x00007FF7573BB471]
	GetHandleVerifier [0x00007FF7578AF30D+3366989]
	GetHandleVerifier [0x00007FF7578C12F0+3440688]
	GetHandleVerifier [0x00007FF7578B78FD+3401277]
	GetHandleVerifier [0x00007FF75764AAAB+858091]
	(No symbol) [0x00007FF7574EE74F]
	(No symbol) [0x00007FF7574EA304]
	(No symbol) [0x00007FF7574EA49D]
	(No symbol) [0x00007FF7574D8B69]
	BaseThreadInitThunk [0x00007FFC615A7374+20]
	RtlUserThreadStart [0x00007FFC6263CC91+33]

2025-02-07 18:33:26,306 [INFO] automation Element located by i0116 is present.
2025-02-07 18:33:34,357 [INFO] automation Element located by //div[@class='logo'] is present.
2025-02-07 18:33:37,585 [INFO] automation Element located by //select[@class='selectproject'] is present.
2025-02-07 18:33:37,590 [INFO] automation Element located by //select[@class='selectproject'] is present.
