2024-04-03 15:39:21,332 [INFO] automation Test has started.
2024-04-03 15:39:21,333 [INFO] automation Navigating to the https://chorusqa.cogninelabs.com/
2024-04-03 15:39:25,928 [ERROR] automation Element located by i0116 is not present. Message: no such element: Unable to locate element: {"method":"css selector","selector":"[id="i0116"]"}
  (Session info: chrome=122.0.6261.131); For documentation on this error, please visit: https://www.selenium.dev/documentation/webdriver/troubleshooting/errors#no-such-element-exception
Stacktrace:
	GetHandleVerifier [0x00007FF6321CAD02+56930]
	(No symbol) [0x00007FF63213F602]
	(No symbol) [0x00007FF631FF42E5]
	(No symbol) [0x00007FF6320398ED]
	(No symbol) [0x00007FF632039A2C]
	(No symbol) [0x00007FF63207A967]
	(No symbol) [0x00007FF63205BCDF]
	(No symbol) [0x00007FF6320781E2]
	(No symbol) [0x00007FF63205BA43]
	(No symbol) [0x00007FF63202D438]
	(No symbol) [0x00007FF63202E4D1]
	GetHandleVerifier [0x00007FF632546F8D+3711213]
	GetHandleVerifier [0x00007FF6325A04CD+4077101]
	GetHandleVerifier [0x00007FF63259865F+4044735]
	GetHandleVerifier [0x00007FF632269736+706710]
	(No symbol) [0x00007FF63214B8DF]
	(No symbol) [0x00007FF632146AC4]
	(No symbol) [0x00007FF632146C1C]
	(No symbol) [0x00007FF6321368D4]
	BaseThreadInitThunk [0x00007FF9494C257D+29]
	RtlUserThreadStart [0x00007FF94AC4AA58+40]

2024-04-03 15:39:25,996 [ERROR] automation Element located by i0116 is not present. Message: no such element: Unable to locate element: {"method":"css selector","selector":"[id="i0116"]"}
  (Session info: chrome=122.0.6261.131); For documentation on this error, please visit: https://www.selenium.dev/documentation/webdriver/troubleshooting/errors#no-such-element-exception
Stacktrace:
	GetHandleVerifier [0x00007FF6321CAD02+56930]
	(No symbol) [0x00007FF63213F602]
	(No symbol) [0x00007FF631FF42E5]
	(No symbol) [0x00007FF6320398ED]
	(No symbol) [0x00007FF632039A2C]
	(No symbol) [0x00007FF63207A967]
	(No symbol) [0x00007FF63205BCDF]
	(No symbol) [0x00007FF6320781E2]
	(No symbol) [0x00007FF63205BA43]
	(No symbol) [0x00007FF63202D438]
	(No symbol) [0x00007FF63202E4D1]
	GetHandleVerifier [0x00007FF632546F8D+3711213]
	GetHandleVerifier [0x00007FF6325A04CD+4077101]
	GetHandleVerifier [0x00007FF63259865F+4044735]
	GetHandleVerifier [0x00007FF632269736+706710]
	(No symbol) [0x00007FF63214B8DF]
	(No symbol) [0x00007FF632146AC4]
	(No symbol) [0x00007FF632146C1C]
	(No symbol) [0x00007FF6321368D4]
	BaseThreadInitThunk [0x00007FF9494C257D+29]
	RtlUserThreadStart [0x00007FF94AC4AA58+40]

2024-04-03 15:39:26,060 [ERROR] automation Element located by i0116 is not present. Message: no such element: Unable to locate element: {"method":"css selector","selector":"[id="i0116"]"}
  (Session info: chrome=122.0.6261.131); For documentation on this error, please visit: https://www.selenium.dev/documentation/webdriver/troubleshooting/errors#no-such-element-exception
Stacktrace:
	GetHandleVerifier [0x00007FF6321CAD02+56930]
	(No symbol) [0x00007FF63213F602]
	(No symbol) [0x00007FF631FF42E5]
	(No symbol) [0x00007FF6320398ED]
	(No symbol) [0x00007FF632039A2C]
	(No symbol) [0x00007FF63207A967]
	(No symbol) [0x00007FF63205BCDF]
	(No symbol) [0x00007FF6320781E2]
	(No symbol) [0x00007FF63205BA43]
	(No symbol) [0x00007FF63202D438]
	(No symbol) [0x00007FF63202E4D1]
	GetHandleVerifier [0x00007FF632546F8D+3711213]
	GetHandleVerifier [0x00007FF6325A04CD+4077101]
	GetHandleVerifier [0x00007FF63259865F+4044735]
	GetHandleVerifier [0x00007FF632269736+706710]
	(No symbol) [0x00007FF63214B8DF]
	(No symbol) [0x00007FF632146AC4]
	(No symbol) [0x00007FF632146C1C]
	(No symbol) [0x00007FF6321368D4]
	BaseThreadInitThunk [0x00007FF9494C257D+29]
	RtlUserThreadStart [0x00007FF94AC4AA58+40]

2024-04-03 15:39:26,125 [ERROR] automation Element located by i0116 is not present. Message: no such element: Unable to locate element: {"method":"css selector","selector":"[id="i0116"]"}
  (Session info: chrome=122.0.6261.131); For documentation on this error, please visit: https://www.selenium.dev/documentation/webdriver/troubleshooting/errors#no-such-element-exception
Stacktrace:
	GetHandleVerifier [0x00007FF6321CAD02+56930]
	(No symbol) [0x00007FF63213F602]
	(No symbol) [0x00007FF631FF42E5]
	(No symbol) [0x00007FF6320398ED]
	(No symbol) [0x00007FF632039A2C]
	(No symbol) [0x00007FF63207A967]
	(No symbol) [0x00007FF63205BCDF]
	(No symbol) [0x00007FF6320781E2]
	(No symbol) [0x00007FF63205BA43]
	(No symbol) [0x00007FF63202D438]
	(No symbol) [0x00007FF63202E4D1]
	GetHandleVerifier [0x00007FF632546F8D+3711213]
	GetHandleVerifier [0x00007FF6325A04CD+4077101]
	GetHandleVerifier [0x00007FF63259865F+4044735]
	GetHandleVerifier [0x00007FF632269736+706710]
	(No symbol) [0x00007FF63214B8DF]
	(No symbol) [0x00007FF632146AC4]
	(No symbol) [0x00007FF632146C1C]
	(No symbol) [0x00007FF6321368D4]
	BaseThreadInitThunk [0x00007FF9494C257D+29]
	RtlUserThreadStart [0x00007FF94AC4AA58+40]

2024-04-03 15:39:26,190 [ERROR] automation Element located by i0116 is not present. Message: no such element: Unable to locate element: {"method":"css selector","selector":"[id="i0116"]"}
  (Session info: chrome=122.0.6261.131); For documentation on this error, please visit: https://www.selenium.dev/documentation/webdriver/troubleshooting/errors#no-such-element-exception
Stacktrace:
	GetHandleVerifier [0x00007FF6321CAD02+56930]
	(No symbol) [0x00007FF63213F602]
	(No symbol) [0x00007FF631FF42E5]
	(No symbol) [0x00007FF6320398ED]
	(No symbol) [0x00007FF632039A2C]
	(No symbol) [0x00007FF63207A967]
	(No symbol) [0x00007FF63205BCDF]
	(No symbol) [0x00007FF6320781E2]
	(No symbol) [0x00007FF63205BA43]
	(No symbol) [0x00007FF63202D438]
	(No symbol) [0x00007FF63202E4D1]
	GetHandleVerifier [0x00007FF632546F8D+3711213]
	GetHandleVerifier [0x00007FF6325A04CD+4077101]
	GetHandleVerifier [0x00007FF63259865F+4044735]
	GetHandleVerifier [0x00007FF632269736+706710]
	(No symbol) [0x00007FF63214B8DF]
	(No symbol) [0x00007FF632146AC4]
	(No symbol) [0x00007FF632146C1C]
	(No symbol) [0x00007FF6321368D4]
	BaseThreadInitThunk [0x00007FF9494C257D+29]
	RtlUserThreadStart [0x00007FF94AC4AA58+40]

2024-04-03 15:39:26,253 [ERROR] automation Element located by i0116 is not present. Message: no such element: Unable to locate element: {"method":"css selector","selector":"[id="i0116"]"}
  (Session info: chrome=122.0.6261.131); For documentation on this error, please visit: https://www.selenium.dev/documentation/webdriver/troubleshooting/errors#no-such-element-exception
Stacktrace:
	GetHandleVerifier [0x00007FF6321CAD02+56930]
	(No symbol) [0x00007FF63213F602]
	(No symbol) [0x00007FF631FF42E5]
	(No symbol) [0x00007FF6320398ED]
	(No symbol) [0x00007FF632039A2C]
	(No symbol) [0x00007FF63207A967]
	(No symbol) [0x00007FF63205BCDF]
	(No symbol) [0x00007FF6320781E2]
	(No symbol) [0x00007FF63205BA43]
	(No symbol) [0x00007FF63202D438]
	(No symbol) [0x00007FF63202E4D1]
	GetHandleVerifier [0x00007FF632546F8D+3711213]
	GetHandleVerifier [0x00007FF6325A04CD+4077101]
	GetHandleVerifier [0x00007FF63259865F+4044735]
	GetHandleVerifier [0x00007FF632269736+706710]
	(No symbol) [0x00007FF63214B8DF]
	(No symbol) [0x00007FF632146AC4]
	(No symbol) [0x00007FF632146C1C]
	(No symbol) [0x00007FF6321368D4]
	BaseThreadInitThunk [0x00007FF9494C257D+29]
	RtlUserThreadStart [0x00007FF94AC4AA58+40]

2024-04-03 15:39:26,317 [ERROR] automation Element located by i0116 is not present. Message: no such element: Unable to locate element: {"method":"css selector","selector":"[id="i0116"]"}
  (Session info: chrome=122.0.6261.131); For documentation on this error, please visit: https://www.selenium.dev/documentation/webdriver/troubleshooting/errors#no-such-element-exception
Stacktrace:
	GetHandleVerifier [0x00007FF6321CAD02+56930]
	(No symbol) [0x00007FF63213F602]
	(No symbol) [0x00007FF631FF42E5]
	(No symbol) [0x00007FF6320398ED]
	(No symbol) [0x00007FF632039A2C]
	(No symbol) [0x00007FF63207A967]
	(No symbol) [0x00007FF63205BCDF]
	(No symbol) [0x00007FF6320781E2]
	(No symbol) [0x00007FF63205BA43]
	(No symbol) [0x00007FF63202D438]
	(No symbol) [0x00007FF63202E4D1]
	GetHandleVerifier [0x00007FF632546F8D+3711213]
	GetHandleVerifier [0x00007FF6325A04CD+4077101]
	GetHandleVerifier [0x00007FF63259865F+4044735]
	GetHandleVerifier [0x00007FF632269736+706710]
	(No symbol) [0x00007FF63214B8DF]
	(No symbol) [0x00007FF632146AC4]
	(No symbol) [0x00007FF632146C1C]
	(No symbol) [0x00007FF6321368D4]
	BaseThreadInitThunk [0x00007FF9494C257D+29]
	RtlUserThreadStart [0x00007FF94AC4AA58+40]

2024-04-03 15:39:27,187 [ERROR] automation Element located by i0116 is not present. Message: no such element: Unable to locate element: {"method":"css selector","selector":"[id="i0116"]"}
  (Session info: chrome=122.0.6261.131); For documentation on this error, please visit: https://www.selenium.dev/documentation/webdriver/troubleshooting/errors#no-such-element-exception
Stacktrace:
	GetHandleVerifier [0x00007FF6321CAD02+56930]
	(No symbol) [0x00007FF63213F602]
	(No symbol) [0x00007FF631FF42E5]
	(No symbol) [0x00007FF6320398ED]
	(No symbol) [0x00007FF632039A2C]
	(No symbol) [0x00007FF63207A967]
	(No symbol) [0x00007FF63205BCDF]
	(No symbol) [0x00007FF6320781E2]
	(No symbol) [0x00007FF63205BA43]
	(No symbol) [0x00007FF63202D438]
	(No symbol) [0x00007FF63202E4D1]
	GetHandleVerifier [0x00007FF632546F8D+3711213]
	GetHandleVerifier [0x00007FF6325A04CD+4077101]
	GetHandleVerifier [0x00007FF63259865F+4044735]
	GetHandleVerifier [0x00007FF632269736+706710]
	(No symbol) [0x00007FF63214B8DF]
	(No symbol) [0x00007FF632146AC4]
	(No symbol) [0x00007FF632146C1C]
	(No symbol) [0x00007FF6321368D4]
	BaseThreadInitThunk [0x00007FF9494C257D+29]
	RtlUserThreadStart [0x00007FF94AC4AA58+40]

2024-04-03 15:39:27,284 [ERROR] automation Element located by i0116 is not present. Message: no such element: Unable to locate element: {"method":"css selector","selector":"[id="i0116"]"}
  (Session info: chrome=122.0.6261.131); For documentation on this error, please visit: https://www.selenium.dev/documentation/webdriver/troubleshooting/errors#no-such-element-exception
Stacktrace:
	GetHandleVerifier [0x00007FF6321CAD02+56930]
	(No symbol) [0x00007FF63213F602]
	(No symbol) [0x00007FF631FF42E5]
	(No symbol) [0x00007FF6320398ED]
	(No symbol) [0x00007FF632039A2C]
	(No symbol) [0x00007FF63207A967]
	(No symbol) [0x00007FF63205BCDF]
	(No symbol) [0x00007FF6320781E2]
	(No symbol) [0x00007FF63205BA43]
	(No symbol) [0x00007FF63202D438]
	(No symbol) [0x00007FF63202E4D1]
	GetHandleVerifier [0x00007FF632546F8D+3711213]
	GetHandleVerifier [0x00007FF6325A04CD+4077101]
	GetHandleVerifier [0x00007FF63259865F+4044735]
	GetHandleVerifier [0x00007FF632269736+706710]
	(No symbol) [0x00007FF63214B8DF]
	(No symbol) [0x00007FF632146AC4]
	(No symbol) [0x00007FF632146C1C]
	(No symbol) [0x00007FF6321368D4]
	BaseThreadInitThunk [0x00007FF9494C257D+29]
	RtlUserThreadStart [0x00007FF94AC4AA58+40]

2024-04-03 15:39:27,342 [ERROR] automation Element located by i0116 is not present. Message: no such element: Unable to locate element: {"method":"css selector","selector":"[id="i0116"]"}
  (Session info: chrome=122.0.6261.131); For documentation on this error, please visit: https://www.selenium.dev/documentation/webdriver/troubleshooting/errors#no-such-element-exception
Stacktrace:
	GetHandleVerifier [0x00007FF6321CAD02+56930]
	(No symbol) [0x00007FF63213F602]
	(No symbol) [0x00007FF631FF42E5]
	(No symbol) [0x00007FF6320398ED]
	(No symbol) [0x00007FF632039A2C]
	(No symbol) [0x00007FF63207A967]
	(No symbol) [0x00007FF63205BCDF]
	(No symbol) [0x00007FF6320781E2]
	(No symbol) [0x00007FF63205BA43]
	(No symbol) [0x00007FF63202D438]
	(No symbol) [0x00007FF63202E4D1]
	GetHandleVerifier [0x00007FF632546F8D+3711213]
	GetHandleVerifier [0x00007FF6325A04CD+4077101]
	GetHandleVerifier [0x00007FF63259865F+4044735]
	GetHandleVerifier [0x00007FF632269736+706710]
	(No symbol) [0x00007FF63214B8DF]
	(No symbol) [0x00007FF632146AC4]
	(No symbol) [0x00007FF632146C1C]
	(No symbol) [0x00007FF6321368D4]
	BaseThreadInitThunk [0x00007FF9494C257D+29]
	RtlUserThreadStart [0x00007FF94AC4AA58+40]

2024-04-03 15:39:27,408 [ERROR] automation Element located by i0116 is not present. Message: no such element: Unable to locate element: {"method":"css selector","selector":"[id="i0116"]"}
  (Session info: chrome=122.0.6261.131); For documentation on this error, please visit: https://www.selenium.dev/documentation/webdriver/troubleshooting/errors#no-such-element-exception
Stacktrace:
	GetHandleVerifier [0x00007FF6321CAD02+56930]
	(No symbol) [0x00007FF63213F602]
	(No symbol) [0x00007FF631FF42E5]
	(No symbol) [0x00007FF6320398ED]
	(No symbol) [0x00007FF632039A2C]
	(No symbol) [0x00007FF63207A967]
	(No symbol) [0x00007FF63205BCDF]
	(No symbol) [0x00007FF6320781E2]
	(No symbol) [0x00007FF63205BA43]
	(No symbol) [0x00007FF63202D438]
	(No symbol) [0x00007FF63202E4D1]
	GetHandleVerifier [0x00007FF632546F8D+3711213]
	GetHandleVerifier [0x00007FF6325A04CD+4077101]
	GetHandleVerifier [0x00007FF63259865F+4044735]
	GetHandleVerifier [0x00007FF632269736+706710]
	(No symbol) [0x00007FF63214B8DF]
	(No symbol) [0x00007FF632146AC4]
	(No symbol) [0x00007FF632146C1C]
	(No symbol) [0x00007FF6321368D4]
	BaseThreadInitThunk [0x00007FF9494C257D+29]
	RtlUserThreadStart [0x00007FF94AC4AA58+40]

2024-04-03 15:39:27,579 [INFO] automation Element located by i0116 is present.
2024-04-03 15:39:34,367 [INFO] automation Element located by //div[@class='logo'] is present.
2024-04-03 15:39:43,634 [INFO] automation Element located by //div[@class='tableFixHead']/table/tbody/tr[contains(@class,'even_col')][1] is present.
2024-04-03 15:39:46,074 [INFO] automation Element located by //input[@formcontrolname='email'] is present.
2024-04-03 15:39:46,083 [INFO] automation Element located by //input[@formcontrolname='email'] is present.
2024-04-03 15:39:46,458 [ERROR] automation Element located by //span[contains(text(),'Email Address already exists')] is not present. Message: no such element: Unable to locate element: {"method":"xpath","selector":"//span[contains(text(),'Email Address already exists')]"}
  (Session info: chrome=122.0.6261.131); For documentation on this error, please visit: https://www.selenium.dev/documentation/webdriver/troubleshooting/errors#no-such-element-exception
Stacktrace:
	GetHandleVerifier [0x00007FF6321CAD02+56930]
	(No symbol) [0x00007FF63213F602]
	(No symbol) [0x00007FF631FF42E5]
	(No symbol) [0x00007FF6320398ED]
	(No symbol) [0x00007FF632039A2C]
	(No symbol) [0x00007FF63207A967]
	(No symbol) [0x00007FF63205BCDF]
	(No symbol) [0x00007FF6320781E2]
	(No symbol) [0x00007FF63205BA43]
	(No symbol) [0x00007FF63202D438]
	(No symbol) [0x00007FF63202E4D1]
	GetHandleVerifier [0x00007FF632546F8D+3711213]
	GetHandleVerifier [0x00007FF6325A04CD+4077101]
	GetHandleVerifier [0x00007FF63259865F+4044735]
	GetHandleVerifier [0x00007FF632269736+706710]
	(No symbol) [0x00007FF63214B8DF]
	(No symbol) [0x00007FF632146AC4]
	(No symbol) [0x00007FF632146C1C]
	(No symbol) [0x00007FF6321368D4]
	BaseThreadInitThunk [0x00007FF9494C257D+29]
	RtlUserThreadStart [0x00007FF94AC4AA58+40]

2024-04-03 15:39:46,471 [ERROR] automation Element located by //div[@role='alert' and contains(text(),'success') or contains(text(),'Success')] is not present. Message: no such element: Unable to locate element: {"method":"xpath","selector":"//div[@role='alert' and contains(text(),'success') or contains(text(),'Success')]"}
  (Session info: chrome=122.0.6261.131); For documentation on this error, please visit: https://www.selenium.dev/documentation/webdriver/troubleshooting/errors#no-such-element-exception
Stacktrace:
	GetHandleVerifier [0x00007FF6321CAD02+56930]
	(No symbol) [0x00007FF63213F602]
	(No symbol) [0x00007FF631FF42E5]
	(No symbol) [0x00007FF6320398ED]
	(No symbol) [0x00007FF632039A2C]
	(No symbol) [0x00007FF63207A967]
	(No symbol) [0x00007FF63205BCDF]
	(No symbol) [0x00007FF6320781E2]
	(No symbol) [0x00007FF63205BA43]
	(No symbol) [0x00007FF63202D438]
	(No symbol) [0x00007FF63202E4D1]
	GetHandleVerifier [0x00007FF632546F8D+3711213]
	GetHandleVerifier [0x00007FF6325A04CD+4077101]
	GetHandleVerifier [0x00007FF63259865F+4044735]
	GetHandleVerifier [0x00007FF632269736+706710]
	(No symbol) [0x00007FF63214B8DF]
	(No symbol) [0x00007FF632146AC4]
	(No symbol) [0x00007FF632146C1C]
	(No symbol) [0x00007FF6321368D4]
	BaseThreadInitThunk [0x00007FF9494C257D+29]
	RtlUserThreadStart [0x00007FF94AC4AA58+40]

2024-04-03 15:39:46,471 [INFO] automation Test passed.
2024-04-03 15:39:46,486 [INFO] automation Test has started.
2024-04-03 15:39:46,487 [INFO] automation Navigating to the https://chorusqa.cogninelabs.com/
2024-04-03 15:39:53,105 [ERROR] automation Element located by i0116 is not present. Message: no such element: Unable to locate element: {"method":"css selector","selector":"[id="i0116"]"}
  (Session info: chrome=122.0.6261.131); For documentation on this error, please visit: https://www.selenium.dev/documentation/webdriver/troubleshooting/errors#no-such-element-exception
Stacktrace:
	GetHandleVerifier [0x00007FF6321CAD02+56930]
	(No symbol) [0x00007FF63213F602]
	(No symbol) [0x00007FF631FF42E5]
	(No symbol) [0x00007FF6320398ED]
	(No symbol) [0x00007FF632039A2C]
	(No symbol) [0x00007FF63207A967]
	(No symbol) [0x00007FF63205BCDF]
	(No symbol) [0x00007FF6320781E2]
	(No symbol) [0x00007FF63205BA43]
	(No symbol) [0x00007FF63202D438]
	(No symbol) [0x00007FF63202E4D1]
	GetHandleVerifier [0x00007FF632546F8D+3711213]
	GetHandleVerifier [0x00007FF6325A04CD+4077101]
	GetHandleVerifier [0x00007FF63259865F+4044735]
	GetHandleVerifier [0x00007FF632269736+706710]
	(No symbol) [0x00007FF63214B8DF]
	(No symbol) [0x00007FF632146AC4]
	(No symbol) [0x00007FF632146C1C]
	(No symbol) [0x00007FF6321368D4]
	BaseThreadInitThunk [0x00007FF9494C257D+29]
	RtlUserThreadStart [0x00007FF94AC4AA58+40]

2024-04-03 15:39:53,169 [ERROR] automation Element located by i0116 is not present. Message: no such element: Unable to locate element: {"method":"css selector","selector":"[id="i0116"]"}
  (Session info: chrome=122.0.6261.131); For documentation on this error, please visit: https://www.selenium.dev/documentation/webdriver/troubleshooting/errors#no-such-element-exception
Stacktrace:
	GetHandleVerifier [0x00007FF6321CAD02+56930]
	(No symbol) [0x00007FF63213F602]
	(No symbol) [0x00007FF631FF42E5]
	(No symbol) [0x00007FF6320398ED]
	(No symbol) [0x00007FF632039A2C]
	(No symbol) [0x00007FF63207A967]
	(No symbol) [0x00007FF63205BCDF]
	(No symbol) [0x00007FF6320781E2]
	(No symbol) [0x00007FF63205BA43]
	(No symbol) [0x00007FF63202D438]
	(No symbol) [0x00007FF63202E4D1]
	GetHandleVerifier [0x00007FF632546F8D+3711213]
	GetHandleVerifier [0x00007FF6325A04CD+4077101]
	GetHandleVerifier [0x00007FF63259865F+4044735]
	GetHandleVerifier [0x00007FF632269736+706710]
	(No symbol) [0x00007FF63214B8DF]
	(No symbol) [0x00007FF632146AC4]
	(No symbol) [0x00007FF632146C1C]
	(No symbol) [0x00007FF6321368D4]
	BaseThreadInitThunk [0x00007FF9494C257D+29]
	RtlUserThreadStart [0x00007FF94AC4AA58+40]

2024-04-03 15:39:53,236 [ERROR] automation Element located by i0116 is not present. Message: no such element: Unable to locate element: {"method":"css selector","selector":"[id="i0116"]"}
  (Session info: chrome=122.0.6261.131); For documentation on this error, please visit: https://www.selenium.dev/documentation/webdriver/troubleshooting/errors#no-such-element-exception
Stacktrace:
	GetHandleVerifier [0x00007FF6321CAD02+56930]
	(No symbol) [0x00007FF63213F602]
	(No symbol) [0x00007FF631FF42E5]
	(No symbol) [0x00007FF6320398ED]
	(No symbol) [0x00007FF632039A2C]
	(No symbol) [0x00007FF63207A967]
	(No symbol) [0x00007FF63205BCDF]
	(No symbol) [0x00007FF6320781E2]
	(No symbol) [0x00007FF63205BA43]
	(No symbol) [0x00007FF63202D438]
	(No symbol) [0x00007FF63202E4D1]
	GetHandleVerifier [0x00007FF632546F8D+3711213]
	GetHandleVerifier [0x00007FF6325A04CD+4077101]
	GetHandleVerifier [0x00007FF63259865F+4044735]
	GetHandleVerifier [0x00007FF632269736+706710]
	(No symbol) [0x00007FF63214B8DF]
	(No symbol) [0x00007FF632146AC4]
	(No symbol) [0x00007FF632146C1C]
	(No symbol) [0x00007FF6321368D4]
	BaseThreadInitThunk [0x00007FF9494C257D+29]
	RtlUserThreadStart [0x00007FF94AC4AA58+40]

2024-04-03 15:39:53,304 [ERROR] automation Element located by i0116 is not present. Message: no such element: Unable to locate element: {"method":"css selector","selector":"[id="i0116"]"}
  (Session info: chrome=122.0.6261.131); For documentation on this error, please visit: https://www.selenium.dev/documentation/webdriver/troubleshooting/errors#no-such-element-exception
Stacktrace:
	GetHandleVerifier [0x00007FF6321CAD02+56930]
	(No symbol) [0x00007FF63213F602]
	(No symbol) [0x00007FF631FF42E5]
	(No symbol) [0x00007FF6320398ED]
	(No symbol) [0x00007FF632039A2C]
	(No symbol) [0x00007FF63207A967]
	(No symbol) [0x00007FF63205BCDF]
	(No symbol) [0x00007FF6320781E2]
	(No symbol) [0x00007FF63205BA43]
	(No symbol) [0x00007FF63202D438]
	(No symbol) [0x00007FF63202E4D1]
	GetHandleVerifier [0x00007FF632546F8D+3711213]
	GetHandleVerifier [0x00007FF6325A04CD+4077101]
	GetHandleVerifier [0x00007FF63259865F+4044735]
	GetHandleVerifier [0x00007FF632269736+706710]
	(No symbol) [0x00007FF63214B8DF]
	(No symbol) [0x00007FF632146AC4]
	(No symbol) [0x00007FF632146C1C]
	(No symbol) [0x00007FF6321368D4]
	BaseThreadInitThunk [0x00007FF9494C257D+29]
	RtlUserThreadStart [0x00007FF94AC4AA58+40]

2024-04-03 15:39:53,370 [ERROR] automation Element located by i0116 is not present. Message: no such element: Unable to locate element: {"method":"css selector","selector":"[id="i0116"]"}
  (Session info: chrome=122.0.6261.131); For documentation on this error, please visit: https://www.selenium.dev/documentation/webdriver/troubleshooting/errors#no-such-element-exception
Stacktrace:
	GetHandleVerifier [0x00007FF6321CAD02+56930]
	(No symbol) [0x00007FF63213F602]
	(No symbol) [0x00007FF631FF42E5]
	(No symbol) [0x00007FF6320398ED]
	(No symbol) [0x00007FF632039A2C]
	(No symbol) [0x00007FF63207A967]
	(No symbol) [0x00007FF63205BCDF]
	(No symbol) [0x00007FF6320781E2]
	(No symbol) [0x00007FF63205BA43]
	(No symbol) [0x00007FF63202D438]
	(No symbol) [0x00007FF63202E4D1]
	GetHandleVerifier [0x00007FF632546F8D+3711213]
	GetHandleVerifier [0x00007FF6325A04CD+4077101]
	GetHandleVerifier [0x00007FF63259865F+4044735]
	GetHandleVerifier [0x00007FF632269736+706710]
	(No symbol) [0x00007FF63214B8DF]
	(No symbol) [0x00007FF632146AC4]
	(No symbol) [0x00007FF632146C1C]
	(No symbol) [0x00007FF6321368D4]
	BaseThreadInitThunk [0x00007FF9494C257D+29]
	RtlUserThreadStart [0x00007FF94AC4AA58+40]

2024-04-03 15:39:53,436 [ERROR] automation Element located by i0116 is not present. Message: no such element: Unable to locate element: {"method":"css selector","selector":"[id="i0116"]"}
  (Session info: chrome=122.0.6261.131); For documentation on this error, please visit: https://www.selenium.dev/documentation/webdriver/troubleshooting/errors#no-such-element-exception
Stacktrace:
	GetHandleVerifier [0x00007FF6321CAD02+56930]
	(No symbol) [0x00007FF63213F602]
	(No symbol) [0x00007FF631FF42E5]
	(No symbol) [0x00007FF6320398ED]
	(No symbol) [0x00007FF632039A2C]
	(No symbol) [0x00007FF63207A967]
	(No symbol) [0x00007FF63205BCDF]
	(No symbol) [0x00007FF6320781E2]
	(No symbol) [0x00007FF63205BA43]
	(No symbol) [0x00007FF63202D438]
	(No symbol) [0x00007FF63202E4D1]
	GetHandleVerifier [0x00007FF632546F8D+3711213]
	GetHandleVerifier [0x00007FF6325A04CD+4077101]
	GetHandleVerifier [0x00007FF63259865F+4044735]
	GetHandleVerifier [0x00007FF632269736+706710]
	(No symbol) [0x00007FF63214B8DF]
	(No symbol) [0x00007FF632146AC4]
	(No symbol) [0x00007FF632146C1C]
	(No symbol) [0x00007FF6321368D4]
	BaseThreadInitThunk [0x00007FF9494C257D+29]
	RtlUserThreadStart [0x00007FF94AC4AA58+40]

2024-04-03 15:39:54,645 [ERROR] automation Element located by i0116 is not present. Message: no such element: Unable to locate element: {"method":"css selector","selector":"[id="i0116"]"}
  (Session info: chrome=122.0.6261.131); For documentation on this error, please visit: https://www.selenium.dev/documentation/webdriver/troubleshooting/errors#no-such-element-exception
Stacktrace:
	GetHandleVerifier [0x00007FF6321CAD02+56930]
	(No symbol) [0x00007FF63213F602]
	(No symbol) [0x00007FF631FF42E5]
	(No symbol) [0x00007FF6320398ED]
	(No symbol) [0x00007FF632039A2C]
	(No symbol) [0x00007FF63207A967]
	(No symbol) [0x00007FF63205BCDF]
	(No symbol) [0x00007FF6320781E2]
	(No symbol) [0x00007FF63205BA43]
	(No symbol) [0x00007FF63202D438]
	(No symbol) [0x00007FF63202E4D1]
	GetHandleVerifier [0x00007FF632546F8D+3711213]
	GetHandleVerifier [0x00007FF6325A04CD+4077101]
	GetHandleVerifier [0x00007FF63259865F+4044735]
	GetHandleVerifier [0x00007FF632269736+706710]
	(No symbol) [0x00007FF63214B8DF]
	(No symbol) [0x00007FF632146AC4]
	(No symbol) [0x00007FF632146C1C]
	(No symbol) [0x00007FF6321368D4]
	BaseThreadInitThunk [0x00007FF9494C257D+29]
	RtlUserThreadStart [0x00007FF94AC4AA58+40]

2024-04-03 15:39:54,709 [ERROR] automation Element located by i0116 is not present. Message: no such element: Unable to locate element: {"method":"css selector","selector":"[id="i0116"]"}
  (Session info: chrome=122.0.6261.131); For documentation on this error, please visit: https://www.selenium.dev/documentation/webdriver/troubleshooting/errors#no-such-element-exception
Stacktrace:
	GetHandleVerifier [0x00007FF6321CAD02+56930]
	(No symbol) [0x00007FF63213F602]
	(No symbol) [0x00007FF631FF42E5]
	(No symbol) [0x00007FF6320398ED]
	(No symbol) [0x00007FF632039A2C]
	(No symbol) [0x00007FF63207A967]
	(No symbol) [0x00007FF63205BCDF]
	(No symbol) [0x00007FF6320781E2]
	(No symbol) [0x00007FF63205BA43]
	(No symbol) [0x00007FF63202D438]
	(No symbol) [0x00007FF63202E4D1]
	GetHandleVerifier [0x00007FF632546F8D+3711213]
	GetHandleVerifier [0x00007FF6325A04CD+4077101]
	GetHandleVerifier [0x00007FF63259865F+4044735]
	GetHandleVerifier [0x00007FF632269736+706710]
	(No symbol) [0x00007FF63214B8DF]
	(No symbol) [0x00007FF632146AC4]
	(No symbol) [0x00007FF632146C1C]
	(No symbol) [0x00007FF6321368D4]
	BaseThreadInitThunk [0x00007FF9494C257D+29]
	RtlUserThreadStart [0x00007FF94AC4AA58+40]

2024-04-03 15:39:54,887 [INFO] automation Element located by i0116 is present.
2024-04-03 15:40:02,150 [INFO] automation Element located by //div[@class='logo'] is present.
2024-04-03 15:40:06,268 [INFO] automation Element located by //div[@class='tableFixHead']/table/tbody/tr[contains(@class,'even_col')][1] is present.
2024-04-03 15:40:08,873 [INFO] automation Element located by //input[@formcontrolname='title'] is present.
2024-04-03 15:40:08,881 [INFO] automation Element located by //input[@formcontrolname='title'] is present.
2024-04-03 15:40:12,421 [INFO] automation CPU Percent: 3.7	Virtual Memory: svmem(total=12635017216, available=1465257984, percent=88.4, used=11169759232, free=1465257984)
2024-04-03 15:40:12,538 [INFO] automation screenshot logged as: C:\Users\Thanusha Kotaprolu\Automation Projects\cognine-crm-automation\RunExecutionScripts\common\logs\screenshots\test_crm_bulk_email_page_smoke_test__fail031540120a2e.png
2024-04-03 15:40:12,538 [ERROR] automation Test failed.
