2024-04-04 12:25:43,163 [INFO] automation Test has started.
2024-04-04 12:25:43,164 [INFO] automation Navigating to the https://chorusqa.cogninelabs.com/
2024-04-04 12:25:49,759 [ERROR] automation Element located by i0116 is not present. Message: no such element: Unable to locate element: {"method":"css selector","selector":"[id="i0116"]"}
  (Session info: chrome=122.0.6261.131); For documentation on this error, please visit: https://www.selenium.dev/documentation/webdriver/troubleshooting/errors#no-such-element-exception
Stacktrace:
	GetHandleVerifier [0x00007FF76D67AD02+56930]
	(No symbol) [0x00007FF76D5EF602]
	(No symbol) [0x00007FF76D4A42E5]
	(No symbol) [0x00007FF76D4E98ED]
	(No symbol) [0x00007FF76D4E9A2C]
	(No symbol) [0x00007FF76D52A967]
	(No symbol) [0x00007FF76D50BCDF]
	(No symbol) [0x00007FF76D5281E2]
	(No symbol) [0x00007FF76D50BA43]
	(No symbol) [0x00007FF76D4DD438]
	(No symbol) [0x00007FF76D4DE4D1]
	GetHandleVerifier [0x00007FF76D9F6F8D+3711213]
	GetHandleVerifier [0x00007FF76DA504CD+4077101]
	GetHandleVerifier [0x00007FF76DA4865F+4044735]
	GetHandleVerifier [0x00007FF76D719736+706710]
	(No symbol) [0x00007FF76D5FB8DF]
	(No symbol) [0x00007FF76D5F6AC4]
	(No symbol) [0x00007FF76D5F6C1C]
	(No symbol) [0x00007FF76D5E68D4]
	BaseThreadInitThunk [0x00007FF9494C257D+29]
	RtlUserThreadStart [0x00007FF94AC4AA58+40]

2024-04-04 12:25:49,824 [ERROR] automation Element located by i0116 is not present. Message: no such element: Unable to locate element: {"method":"css selector","selector":"[id="i0116"]"}
  (Session info: chrome=122.0.6261.131); For documentation on this error, please visit: https://www.selenium.dev/documentation/webdriver/troubleshooting/errors#no-such-element-exception
Stacktrace:
	GetHandleVerifier [0x00007FF76D67AD02+56930]
	(No symbol) [0x00007FF76D5EF602]
	(No symbol) [0x00007FF76D4A42E5]
	(No symbol) [0x00007FF76D4E98ED]
	(No symbol) [0x00007FF76D4E9A2C]
	(No symbol) [0x00007FF76D52A967]
	(No symbol) [0x00007FF76D50BCDF]
	(No symbol) [0x00007FF76D5281E2]
	(No symbol) [0x00007FF76D50BA43]
	(No symbol) [0x00007FF76D4DD438]
	(No symbol) [0x00007FF76D4DE4D1]
	GetHandleVerifier [0x00007FF76D9F6F8D+3711213]
	GetHandleVerifier [0x00007FF76DA504CD+4077101]
	GetHandleVerifier [0x00007FF76DA4865F+4044735]
	GetHandleVerifier [0x00007FF76D719736+706710]
	(No symbol) [0x00007FF76D5FB8DF]
	(No symbol) [0x00007FF76D5F6AC4]
	(No symbol) [0x00007FF76D5F6C1C]
	(No symbol) [0x00007FF76D5E68D4]
	BaseThreadInitThunk [0x00007FF9494C257D+29]
	RtlUserThreadStart [0x00007FF94AC4AA58+40]

2024-04-04 12:25:49,885 [ERROR] automation Element located by i0116 is not present. Message: no such element: Unable to locate element: {"method":"css selector","selector":"[id="i0116"]"}
  (Session info: chrome=122.0.6261.131); For documentation on this error, please visit: https://www.selenium.dev/documentation/webdriver/troubleshooting/errors#no-such-element-exception
Stacktrace:
	GetHandleVerifier [0x00007FF76D67AD02+56930]
	(No symbol) [0x00007FF76D5EF602]
	(No symbol) [0x00007FF76D4A42E5]
	(No symbol) [0x00007FF76D4E98ED]
	(No symbol) [0x00007FF76D4E9A2C]
	(No symbol) [0x00007FF76D52A967]
	(No symbol) [0x00007FF76D50BCDF]
	(No symbol) [0x00007FF76D5281E2]
	(No symbol) [0x00007FF76D50BA43]
	(No symbol) [0x00007FF76D4DD438]
	(No symbol) [0x00007FF76D4DE4D1]
	GetHandleVerifier [0x00007FF76D9F6F8D+3711213]
	GetHandleVerifier [0x00007FF76DA504CD+4077101]
	GetHandleVerifier [0x00007FF76DA4865F+4044735]
	GetHandleVerifier [0x00007FF76D719736+706710]
	(No symbol) [0x00007FF76D5FB8DF]
	(No symbol) [0x00007FF76D5F6AC4]
	(No symbol) [0x00007FF76D5F6C1C]
	(No symbol) [0x00007FF76D5E68D4]
	BaseThreadInitThunk [0x00007FF9494C257D+29]
	RtlUserThreadStart [0x00007FF94AC4AA58+40]

2024-04-04 12:25:49,945 [ERROR] automation Element located by i0116 is not present. Message: no such element: Unable to locate element: {"method":"css selector","selector":"[id="i0116"]"}
  (Session info: chrome=122.0.6261.131); For documentation on this error, please visit: https://www.selenium.dev/documentation/webdriver/troubleshooting/errors#no-such-element-exception
Stacktrace:
	GetHandleVerifier [0x00007FF76D67AD02+56930]
	(No symbol) [0x00007FF76D5EF602]
	(No symbol) [0x00007FF76D4A42E5]
	(No symbol) [0x00007FF76D4E98ED]
	(No symbol) [0x00007FF76D4E9A2C]
	(No symbol) [0x00007FF76D52A967]
	(No symbol) [0x00007FF76D50BCDF]
	(No symbol) [0x00007FF76D5281E2]
	(No symbol) [0x00007FF76D50BA43]
	(No symbol) [0x00007FF76D4DD438]
	(No symbol) [0x00007FF76D4DE4D1]
	GetHandleVerifier [0x00007FF76D9F6F8D+3711213]
	GetHandleVerifier [0x00007FF76DA504CD+4077101]
	GetHandleVerifier [0x00007FF76DA4865F+4044735]
	GetHandleVerifier [0x00007FF76D719736+706710]
	(No symbol) [0x00007FF76D5FB8DF]
	(No symbol) [0x00007FF76D5F6AC4]
	(No symbol) [0x00007FF76D5F6C1C]
	(No symbol) [0x00007FF76D5E68D4]
	BaseThreadInitThunk [0x00007FF9494C257D+29]
	RtlUserThreadStart [0x00007FF94AC4AA58+40]

2024-04-04 12:25:50,008 [ERROR] automation Element located by i0116 is not present. Message: no such element: Unable to locate element: {"method":"css selector","selector":"[id="i0116"]"}
  (Session info: chrome=122.0.6261.131); For documentation on this error, please visit: https://www.selenium.dev/documentation/webdriver/troubleshooting/errors#no-such-element-exception
Stacktrace:
	GetHandleVerifier [0x00007FF76D67AD02+56930]
	(No symbol) [0x00007FF76D5EF602]
	(No symbol) [0x00007FF76D4A42E5]
	(No symbol) [0x00007FF76D4E98ED]
	(No symbol) [0x00007FF76D4E9A2C]
	(No symbol) [0x00007FF76D52A967]
	(No symbol) [0x00007FF76D50BCDF]
	(No symbol) [0x00007FF76D5281E2]
	(No symbol) [0x00007FF76D50BA43]
	(No symbol) [0x00007FF76D4DD438]
	(No symbol) [0x00007FF76D4DE4D1]
	GetHandleVerifier [0x00007FF76D9F6F8D+3711213]
	GetHandleVerifier [0x00007FF76DA504CD+4077101]
	GetHandleVerifier [0x00007FF76DA4865F+4044735]
	GetHandleVerifier [0x00007FF76D719736+706710]
	(No symbol) [0x00007FF76D5FB8DF]
	(No symbol) [0x00007FF76D5F6AC4]
	(No symbol) [0x00007FF76D5F6C1C]
	(No symbol) [0x00007FF76D5E68D4]
	BaseThreadInitThunk [0x00007FF9494C257D+29]
	RtlUserThreadStart [0x00007FF94AC4AA58+40]

2024-04-04 12:25:50,072 [ERROR] automation Element located by i0116 is not present. Message: no such element: Unable to locate element: {"method":"css selector","selector":"[id="i0116"]"}
  (Session info: chrome=122.0.6261.131); For documentation on this error, please visit: https://www.selenium.dev/documentation/webdriver/troubleshooting/errors#no-such-element-exception
Stacktrace:
	GetHandleVerifier [0x00007FF76D67AD02+56930]
	(No symbol) [0x00007FF76D5EF602]
	(No symbol) [0x00007FF76D4A42E5]
	(No symbol) [0x00007FF76D4E98ED]
	(No symbol) [0x00007FF76D4E9A2C]
	(No symbol) [0x00007FF76D52A967]
	(No symbol) [0x00007FF76D50BCDF]
	(No symbol) [0x00007FF76D5281E2]
	(No symbol) [0x00007FF76D50BA43]
	(No symbol) [0x00007FF76D4DD438]
	(No symbol) [0x00007FF76D4DE4D1]
	GetHandleVerifier [0x00007FF76D9F6F8D+3711213]
	GetHandleVerifier [0x00007FF76DA504CD+4077101]
	GetHandleVerifier [0x00007FF76DA4865F+4044735]
	GetHandleVerifier [0x00007FF76D719736+706710]
	(No symbol) [0x00007FF76D5FB8DF]
	(No symbol) [0x00007FF76D5F6AC4]
	(No symbol) [0x00007FF76D5F6C1C]
	(No symbol) [0x00007FF76D5E68D4]
	BaseThreadInitThunk [0x00007FF9494C257D+29]
	RtlUserThreadStart [0x00007FF94AC4AA58+40]

2024-04-04 12:25:50,135 [ERROR] automation Element located by i0116 is not present. Message: no such element: Unable to locate element: {"method":"css selector","selector":"[id="i0116"]"}
  (Session info: chrome=122.0.6261.131); For documentation on this error, please visit: https://www.selenium.dev/documentation/webdriver/troubleshooting/errors#no-such-element-exception
Stacktrace:
	GetHandleVerifier [0x00007FF76D67AD02+56930]
	(No symbol) [0x00007FF76D5EF602]
	(No symbol) [0x00007FF76D4A42E5]
	(No symbol) [0x00007FF76D4E98ED]
	(No symbol) [0x00007FF76D4E9A2C]
	(No symbol) [0x00007FF76D52A967]
	(No symbol) [0x00007FF76D50BCDF]
	(No symbol) [0x00007FF76D5281E2]
	(No symbol) [0x00007FF76D50BA43]
	(No symbol) [0x00007FF76D4DD438]
	(No symbol) [0x00007FF76D4DE4D1]
	GetHandleVerifier [0x00007FF76D9F6F8D+3711213]
	GetHandleVerifier [0x00007FF76DA504CD+4077101]
	GetHandleVerifier [0x00007FF76DA4865F+4044735]
	GetHandleVerifier [0x00007FF76D719736+706710]
	(No symbol) [0x00007FF76D5FB8DF]
	(No symbol) [0x00007FF76D5F6AC4]
	(No symbol) [0x00007FF76D5F6C1C]
	(No symbol) [0x00007FF76D5E68D4]
	BaseThreadInitThunk [0x00007FF9494C257D+29]
	RtlUserThreadStart [0x00007FF94AC4AA58+40]

2024-04-04 12:25:51,023 [ERROR] automation Element located by i0116 is not present. Message: no such element: Unable to locate element: {"method":"css selector","selector":"[id="i0116"]"}
  (Session info: chrome=122.0.6261.131); For documentation on this error, please visit: https://www.selenium.dev/documentation/webdriver/troubleshooting/errors#no-such-element-exception
Stacktrace:
	GetHandleVerifier [0x00007FF76D67AD02+56930]
	(No symbol) [0x00007FF76D5EF602]
	(No symbol) [0x00007FF76D4A42E5]
	(No symbol) [0x00007FF76D4E98ED]
	(No symbol) [0x00007FF76D4E9A2C]
	(No symbol) [0x00007FF76D52A967]
	(No symbol) [0x00007FF76D50BCDF]
	(No symbol) [0x00007FF76D5281E2]
	(No symbol) [0x00007FF76D50BA43]
	(No symbol) [0x00007FF76D4DD438]
	(No symbol) [0x00007FF76D4DE4D1]
	GetHandleVerifier [0x00007FF76D9F6F8D+3711213]
	GetHandleVerifier [0x00007FF76DA504CD+4077101]
	GetHandleVerifier [0x00007FF76DA4865F+4044735]
	GetHandleVerifier [0x00007FF76D719736+706710]
	(No symbol) [0x00007FF76D5FB8DF]
	(No symbol) [0x00007FF76D5F6AC4]
	(No symbol) [0x00007FF76D5F6C1C]
	(No symbol) [0x00007FF76D5E68D4]
	BaseThreadInitThunk [0x00007FF9494C257D+29]
	RtlUserThreadStart [0x00007FF94AC4AA58+40]

2024-04-04 12:25:51,083 [ERROR] automation Element located by i0116 is not present. Message: no such element: Unable to locate element: {"method":"css selector","selector":"[id="i0116"]"}
  (Session info: chrome=122.0.6261.131); For documentation on this error, please visit: https://www.selenium.dev/documentation/webdriver/troubleshooting/errors#no-such-element-exception
Stacktrace:
	GetHandleVerifier [0x00007FF76D67AD02+56930]
	(No symbol) [0x00007FF76D5EF602]
	(No symbol) [0x00007FF76D4A42E5]
	(No symbol) [0x00007FF76D4E98ED]
	(No symbol) [0x00007FF76D4E9A2C]
	(No symbol) [0x00007FF76D52A967]
	(No symbol) [0x00007FF76D50BCDF]
	(No symbol) [0x00007FF76D5281E2]
	(No symbol) [0x00007FF76D50BA43]
	(No symbol) [0x00007FF76D4DD438]
	(No symbol) [0x00007FF76D4DE4D1]
	GetHandleVerifier [0x00007FF76D9F6F8D+3711213]
	GetHandleVerifier [0x00007FF76DA504CD+4077101]
	GetHandleVerifier [0x00007FF76DA4865F+4044735]
	GetHandleVerifier [0x00007FF76D719736+706710]
	(No symbol) [0x00007FF76D5FB8DF]
	(No symbol) [0x00007FF76D5F6AC4]
	(No symbol) [0x00007FF76D5F6C1C]
	(No symbol) [0x00007FF76D5E68D4]
	BaseThreadInitThunk [0x00007FF9494C257D+29]
	RtlUserThreadStart [0x00007FF94AC4AA58+40]

2024-04-04 12:25:51,276 [ERROR] automation Element located by i0116 is not present. Message: no such element: Unable to locate element: {"method":"css selector","selector":"[id="i0116"]"}
  (Session info: chrome=122.0.6261.131); For documentation on this error, please visit: https://www.selenium.dev/documentation/webdriver/troubleshooting/errors#no-such-element-exception
Stacktrace:
	GetHandleVerifier [0x00007FF76D67AD02+56930]
	(No symbol) [0x00007FF76D5EF602]
	(No symbol) [0x00007FF76D4A42E5]
	(No symbol) [0x00007FF76D4E98ED]
	(No symbol) [0x00007FF76D4E9A2C]
	(No symbol) [0x00007FF76D52A967]
	(No symbol) [0x00007FF76D50BCDF]
	(No symbol) [0x00007FF76D5281E2]
	(No symbol) [0x00007FF76D50BA43]
	(No symbol) [0x00007FF76D4DD438]
	(No symbol) [0x00007FF76D4DE4D1]
	GetHandleVerifier [0x00007FF76D9F6F8D+3711213]
	GetHandleVerifier [0x00007FF76DA504CD+4077101]
	GetHandleVerifier [0x00007FF76DA4865F+4044735]
	GetHandleVerifier [0x00007FF76D719736+706710]
	(No symbol) [0x00007FF76D5FB8DF]
	(No symbol) [0x00007FF76D5F6AC4]
	(No symbol) [0x00007FF76D5F6C1C]
	(No symbol) [0x00007FF76D5E68D4]
	BaseThreadInitThunk [0x00007FF9494C257D+29]
	RtlUserThreadStart [0x00007FF94AC4AA58+40]

2024-04-04 12:25:51,342 [INFO] automation Element located by i0116 is present.
2024-04-04 12:25:58,769 [INFO] automation Element located by //div[@class='logo'] is present.
2024-04-04 12:26:12,455 [INFO] automation Element located by //div[@class='tableFixHead']/table/tbody/tr[contains(@class,'even_col')][1] is present.
2024-04-04 12:26:14,897 [INFO] automation Element located by //input[@formcontrolname='email'] is present.
2024-04-04 12:26:14,907 [INFO] automation Element located by //input[@formcontrolname='email'] is present.
2024-04-04 12:26:15,290 [ERROR] automation Element located by //span[contains(text(),'Email Address already exists')] is not present. Message: no such element: Unable to locate element: {"method":"xpath","selector":"//span[contains(text(),'Email Address already exists')]"}
  (Session info: chrome=122.0.6261.131); For documentation on this error, please visit: https://www.selenium.dev/documentation/webdriver/troubleshooting/errors#no-such-element-exception
Stacktrace:
	GetHandleVerifier [0x00007FF76D67AD02+56930]
	(No symbol) [0x00007FF76D5EF602]
	(No symbol) [0x00007FF76D4A42E5]
	(No symbol) [0x00007FF76D4E98ED]
	(No symbol) [0x00007FF76D4E9A2C]
	(No symbol) [0x00007FF76D52A967]
	(No symbol) [0x00007FF76D50BCDF]
	(No symbol) [0x00007FF76D5281E2]
	(No symbol) [0x00007FF76D50BA43]
	(No symbol) [0x00007FF76D4DD438]
	(No symbol) [0x00007FF76D4DE4D1]
	GetHandleVerifier [0x00007FF76D9F6F8D+3711213]
	GetHandleVerifier [0x00007FF76DA504CD+4077101]
	GetHandleVerifier [0x00007FF76DA4865F+4044735]
	GetHandleVerifier [0x00007FF76D719736+706710]
	(No symbol) [0x00007FF76D5FB8DF]
	(No symbol) [0x00007FF76D5F6AC4]
	(No symbol) [0x00007FF76D5F6C1C]
	(No symbol) [0x00007FF76D5E68D4]
	BaseThreadInitThunk [0x00007FF9494C257D+29]
	RtlUserThreadStart [0x00007FF94AC4AA58+40]

2024-04-04 12:26:15,303 [ERROR] automation Element located by //div[@role='alert' and contains(text(),'success') or contains(text(),'Success')] is not present. Message: no such element: Unable to locate element: {"method":"xpath","selector":"//div[@role='alert' and contains(text(),'success') or contains(text(),'Success')]"}
  (Session info: chrome=122.0.6261.131); For documentation on this error, please visit: https://www.selenium.dev/documentation/webdriver/troubleshooting/errors#no-such-element-exception
Stacktrace:
	GetHandleVerifier [0x00007FF76D67AD02+56930]
	(No symbol) [0x00007FF76D5EF602]
	(No symbol) [0x00007FF76D4A42E5]
	(No symbol) [0x00007FF76D4E98ED]
	(No symbol) [0x00007FF76D4E9A2C]
	(No symbol) [0x00007FF76D52A967]
	(No symbol) [0x00007FF76D50BCDF]
	(No symbol) [0x00007FF76D5281E2]
	(No symbol) [0x00007FF76D50BA43]
	(No symbol) [0x00007FF76D4DD438]
	(No symbol) [0x00007FF76D4DE4D1]
	GetHandleVerifier [0x00007FF76D9F6F8D+3711213]
	GetHandleVerifier [0x00007FF76DA504CD+4077101]
	GetHandleVerifier [0x00007FF76DA4865F+4044735]
	GetHandleVerifier [0x00007FF76D719736+706710]
	(No symbol) [0x00007FF76D5FB8DF]
	(No symbol) [0x00007FF76D5F6AC4]
	(No symbol) [0x00007FF76D5F6C1C]
	(No symbol) [0x00007FF76D5E68D4]
	BaseThreadInitThunk [0x00007FF9494C257D+29]
	RtlUserThreadStart [0x00007FF94AC4AA58+40]

2024-04-04 12:26:15,304 [INFO] automation Test passed.
2024-04-04 12:26:15,313 [INFO] automation Test has started.
2024-04-04 12:26:15,314 [INFO] automation Navigating to the https://chorusqa.cogninelabs.com/
2024-04-04 12:26:23,655 [ERROR] automation Element located by i0116 is not present. Message: no such element: Unable to locate element: {"method":"css selector","selector":"[id="i0116"]"}
  (Session info: chrome=122.0.6261.131); For documentation on this error, please visit: https://www.selenium.dev/documentation/webdriver/troubleshooting/errors#no-such-element-exception
Stacktrace:
	GetHandleVerifier [0x00007FF76D67AD02+56930]
	(No symbol) [0x00007FF76D5EF602]
	(No symbol) [0x00007FF76D4A42E5]
	(No symbol) [0x00007FF76D4E98ED]
	(No symbol) [0x00007FF76D4E9A2C]
	(No symbol) [0x00007FF76D52A967]
	(No symbol) [0x00007FF76D50BCDF]
	(No symbol) [0x00007FF76D5281E2]
	(No symbol) [0x00007FF76D50BA43]
	(No symbol) [0x00007FF76D4DD438]
	(No symbol) [0x00007FF76D4DE4D1]
	GetHandleVerifier [0x00007FF76D9F6F8D+3711213]
	GetHandleVerifier [0x00007FF76DA504CD+4077101]
	GetHandleVerifier [0x00007FF76DA4865F+4044735]
	GetHandleVerifier [0x00007FF76D719736+706710]
	(No symbol) [0x00007FF76D5FB8DF]
	(No symbol) [0x00007FF76D5F6AC4]
	(No symbol) [0x00007FF76D5F6C1C]
	(No symbol) [0x00007FF76D5E68D4]
	BaseThreadInitThunk [0x00007FF9494C257D+29]
	RtlUserThreadStart [0x00007FF94AC4AA58+40]

2024-04-04 12:26:23,721 [ERROR] automation Element located by i0116 is not present. Message: no such element: Unable to locate element: {"method":"css selector","selector":"[id="i0116"]"}
  (Session info: chrome=122.0.6261.131); For documentation on this error, please visit: https://www.selenium.dev/documentation/webdriver/troubleshooting/errors#no-such-element-exception
Stacktrace:
	GetHandleVerifier [0x00007FF76D67AD02+56930]
	(No symbol) [0x00007FF76D5EF602]
	(No symbol) [0x00007FF76D4A42E5]
	(No symbol) [0x00007FF76D4E98ED]
	(No symbol) [0x00007FF76D4E9A2C]
	(No symbol) [0x00007FF76D52A967]
	(No symbol) [0x00007FF76D50BCDF]
	(No symbol) [0x00007FF76D5281E2]
	(No symbol) [0x00007FF76D50BA43]
	(No symbol) [0x00007FF76D4DD438]
	(No symbol) [0x00007FF76D4DE4D1]
	GetHandleVerifier [0x00007FF76D9F6F8D+3711213]
	GetHandleVerifier [0x00007FF76DA504CD+4077101]
	GetHandleVerifier [0x00007FF76DA4865F+4044735]
	GetHandleVerifier [0x00007FF76D719736+706710]
	(No symbol) [0x00007FF76D5FB8DF]
	(No symbol) [0x00007FF76D5F6AC4]
	(No symbol) [0x00007FF76D5F6C1C]
	(No symbol) [0x00007FF76D5E68D4]
	BaseThreadInitThunk [0x00007FF9494C257D+29]
	RtlUserThreadStart [0x00007FF94AC4AA58+40]

2024-04-04 12:26:23,784 [ERROR] automation Element located by i0116 is not present. Message: no such element: Unable to locate element: {"method":"css selector","selector":"[id="i0116"]"}
  (Session info: chrome=122.0.6261.131); For documentation on this error, please visit: https://www.selenium.dev/documentation/webdriver/troubleshooting/errors#no-such-element-exception
Stacktrace:
	GetHandleVerifier [0x00007FF76D67AD02+56930]
	(No symbol) [0x00007FF76D5EF602]
	(No symbol) [0x00007FF76D4A42E5]
	(No symbol) [0x00007FF76D4E98ED]
	(No symbol) [0x00007FF76D4E9A2C]
	(No symbol) [0x00007FF76D52A967]
	(No symbol) [0x00007FF76D50BCDF]
	(No symbol) [0x00007FF76D5281E2]
	(No symbol) [0x00007FF76D50BA43]
	(No symbol) [0x00007FF76D4DD438]
	(No symbol) [0x00007FF76D4DE4D1]
	GetHandleVerifier [0x00007FF76D9F6F8D+3711213]
	GetHandleVerifier [0x00007FF76DA504CD+4077101]
	GetHandleVerifier [0x00007FF76DA4865F+4044735]
	GetHandleVerifier [0x00007FF76D719736+706710]
	(No symbol) [0x00007FF76D5FB8DF]
	(No symbol) [0x00007FF76D5F6AC4]
	(No symbol) [0x00007FF76D5F6C1C]
	(No symbol) [0x00007FF76D5E68D4]
	BaseThreadInitThunk [0x00007FF9494C257D+29]
	RtlUserThreadStart [0x00007FF94AC4AA58+40]

2024-04-04 12:26:23,844 [ERROR] automation Element located by i0116 is not present. Message: no such element: Unable to locate element: {"method":"css selector","selector":"[id="i0116"]"}
  (Session info: chrome=122.0.6261.131); For documentation on this error, please visit: https://www.selenium.dev/documentation/webdriver/troubleshooting/errors#no-such-element-exception
Stacktrace:
	GetHandleVerifier [0x00007FF76D67AD02+56930]
	(No symbol) [0x00007FF76D5EF602]
	(No symbol) [0x00007FF76D4A42E5]
	(No symbol) [0x00007FF76D4E98ED]
	(No symbol) [0x00007FF76D4E9A2C]
	(No symbol) [0x00007FF76D52A967]
	(No symbol) [0x00007FF76D50BCDF]
	(No symbol) [0x00007FF76D5281E2]
	(No symbol) [0x00007FF76D50BA43]
	(No symbol) [0x00007FF76D4DD438]
	(No symbol) [0x00007FF76D4DE4D1]
	GetHandleVerifier [0x00007FF76D9F6F8D+3711213]
	GetHandleVerifier [0x00007FF76DA504CD+4077101]
	GetHandleVerifier [0x00007FF76DA4865F+4044735]
	GetHandleVerifier [0x00007FF76D719736+706710]
	(No symbol) [0x00007FF76D5FB8DF]
	(No symbol) [0x00007FF76D5F6AC4]
	(No symbol) [0x00007FF76D5F6C1C]
	(No symbol) [0x00007FF76D5E68D4]
	BaseThreadInitThunk [0x00007FF9494C257D+29]
	RtlUserThreadStart [0x00007FF94AC4AA58+40]

2024-04-04 12:26:23,905 [ERROR] automation Element located by i0116 is not present. Message: no such element: Unable to locate element: {"method":"css selector","selector":"[id="i0116"]"}
  (Session info: chrome=122.0.6261.131); For documentation on this error, please visit: https://www.selenium.dev/documentation/webdriver/troubleshooting/errors#no-such-element-exception
Stacktrace:
	GetHandleVerifier [0x00007FF76D67AD02+56930]
	(No symbol) [0x00007FF76D5EF602]
	(No symbol) [0x00007FF76D4A42E5]
	(No symbol) [0x00007FF76D4E98ED]
	(No symbol) [0x00007FF76D4E9A2C]
	(No symbol) [0x00007FF76D52A967]
	(No symbol) [0x00007FF76D50BCDF]
	(No symbol) [0x00007FF76D5281E2]
	(No symbol) [0x00007FF76D50BA43]
	(No symbol) [0x00007FF76D4DD438]
	(No symbol) [0x00007FF76D4DE4D1]
	GetHandleVerifier [0x00007FF76D9F6F8D+3711213]
	GetHandleVerifier [0x00007FF76DA504CD+4077101]
	GetHandleVerifier [0x00007FF76DA4865F+4044735]
	GetHandleVerifier [0x00007FF76D719736+706710]
	(No symbol) [0x00007FF76D5FB8DF]
	(No symbol) [0x00007FF76D5F6AC4]
	(No symbol) [0x00007FF76D5F6C1C]
	(No symbol) [0x00007FF76D5E68D4]
	BaseThreadInitThunk [0x00007FF9494C257D+29]
	RtlUserThreadStart [0x00007FF94AC4AA58+40]

2024-04-04 12:26:23,966 [ERROR] automation Element located by i0116 is not present. Message: no such element: Unable to locate element: {"method":"css selector","selector":"[id="i0116"]"}
  (Session info: chrome=122.0.6261.131); For documentation on this error, please visit: https://www.selenium.dev/documentation/webdriver/troubleshooting/errors#no-such-element-exception
Stacktrace:
	GetHandleVerifier [0x00007FF76D67AD02+56930]
	(No symbol) [0x00007FF76D5EF602]
	(No symbol) [0x00007FF76D4A42E5]
	(No symbol) [0x00007FF76D4E98ED]
	(No symbol) [0x00007FF76D4E9A2C]
	(No symbol) [0x00007FF76D52A967]
	(No symbol) [0x00007FF76D50BCDF]
	(No symbol) [0x00007FF76D5281E2]
	(No symbol) [0x00007FF76D50BA43]
	(No symbol) [0x00007FF76D4DD438]
	(No symbol) [0x00007FF76D4DE4D1]
	GetHandleVerifier [0x00007FF76D9F6F8D+3711213]
	GetHandleVerifier [0x00007FF76DA504CD+4077101]
	GetHandleVerifier [0x00007FF76DA4865F+4044735]
	GetHandleVerifier [0x00007FF76D719736+706710]
	(No symbol) [0x00007FF76D5FB8DF]
	(No symbol) [0x00007FF76D5F6AC4]
	(No symbol) [0x00007FF76D5F6C1C]
	(No symbol) [0x00007FF76D5E68D4]
	BaseThreadInitThunk [0x00007FF9494C257D+29]
	RtlUserThreadStart [0x00007FF94AC4AA58+40]

2024-04-04 12:26:24,030 [ERROR] automation Element located by i0116 is not present. Message: no such element: Unable to locate element: {"method":"css selector","selector":"[id="i0116"]"}
  (Session info: chrome=122.0.6261.131); For documentation on this error, please visit: https://www.selenium.dev/documentation/webdriver/troubleshooting/errors#no-such-element-exception
Stacktrace:
	GetHandleVerifier [0x00007FF76D67AD02+56930]
	(No symbol) [0x00007FF76D5EF602]
	(No symbol) [0x00007FF76D4A42E5]
	(No symbol) [0x00007FF76D4E98ED]
	(No symbol) [0x00007FF76D4E9A2C]
	(No symbol) [0x00007FF76D52A967]
	(No symbol) [0x00007FF76D50BCDF]
	(No symbol) [0x00007FF76D5281E2]
	(No symbol) [0x00007FF76D50BA43]
	(No symbol) [0x00007FF76D4DD438]
	(No symbol) [0x00007FF76D4DE4D1]
	GetHandleVerifier [0x00007FF76D9F6F8D+3711213]
	GetHandleVerifier [0x00007FF76DA504CD+4077101]
	GetHandleVerifier [0x00007FF76DA4865F+4044735]
	GetHandleVerifier [0x00007FF76D719736+706710]
	(No symbol) [0x00007FF76D5FB8DF]
	(No symbol) [0x00007FF76D5F6AC4]
	(No symbol) [0x00007FF76D5F6C1C]
	(No symbol) [0x00007FF76D5E68D4]
	BaseThreadInitThunk [0x00007FF9494C257D+29]
	RtlUserThreadStart [0x00007FF94AC4AA58+40]

2024-04-04 12:26:24,098 [ERROR] automation Element located by i0116 is not present. Message: no such element: Unable to locate element: {"method":"css selector","selector":"[id="i0116"]"}
  (Session info: chrome=122.0.6261.131); For documentation on this error, please visit: https://www.selenium.dev/documentation/webdriver/troubleshooting/errors#no-such-element-exception
Stacktrace:
	GetHandleVerifier [0x00007FF76D67AD02+56930]
	(No symbol) [0x00007FF76D5EF602]
	(No symbol) [0x00007FF76D4A42E5]
	(No symbol) [0x00007FF76D4E98ED]
	(No symbol) [0x00007FF76D4E9A2C]
	(No symbol) [0x00007FF76D52A967]
	(No symbol) [0x00007FF76D50BCDF]
	(No symbol) [0x00007FF76D5281E2]
	(No symbol) [0x00007FF76D50BA43]
	(No symbol) [0x00007FF76D4DD438]
	(No symbol) [0x00007FF76D4DE4D1]
	GetHandleVerifier [0x00007FF76D9F6F8D+3711213]
	GetHandleVerifier [0x00007FF76DA504CD+4077101]
	GetHandleVerifier [0x00007FF76DA4865F+4044735]
	GetHandleVerifier [0x00007FF76D719736+706710]
	(No symbol) [0x00007FF76D5FB8DF]
	(No symbol) [0x00007FF76D5F6AC4]
	(No symbol) [0x00007FF76D5F6C1C]
	(No symbol) [0x00007FF76D5E68D4]
	BaseThreadInitThunk [0x00007FF9494C257D+29]
	RtlUserThreadStart [0x00007FF94AC4AA58+40]

2024-04-04 12:26:25,211 [ERROR] automation Element located by i0116 is not present. Message: no such element: Unable to locate element: {"method":"css selector","selector":"[id="i0116"]"}
  (Session info: chrome=122.0.6261.131); For documentation on this error, please visit: https://www.selenium.dev/documentation/webdriver/troubleshooting/errors#no-such-element-exception
Stacktrace:
	GetHandleVerifier [0x00007FF76D67AD02+56930]
	(No symbol) [0x00007FF76D5EF602]
	(No symbol) [0x00007FF76D4A42E5]
	(No symbol) [0x00007FF76D4E98ED]
	(No symbol) [0x00007FF76D4E9A2C]
	(No symbol) [0x00007FF76D52A967]
	(No symbol) [0x00007FF76D50BCDF]
	(No symbol) [0x00007FF76D5281E2]
	(No symbol) [0x00007FF76D50BA43]
	(No symbol) [0x00007FF76D4DD438]
	(No symbol) [0x00007FF76D4DE4D1]
	GetHandleVerifier [0x00007FF76D9F6F8D+3711213]
	GetHandleVerifier [0x00007FF76DA504CD+4077101]
	GetHandleVerifier [0x00007FF76DA4865F+4044735]
	GetHandleVerifier [0x00007FF76D719736+706710]
	(No symbol) [0x00007FF76D5FB8DF]
	(No symbol) [0x00007FF76D5F6AC4]
	(No symbol) [0x00007FF76D5F6C1C]
	(No symbol) [0x00007FF76D5E68D4]
	BaseThreadInitThunk [0x00007FF9494C257D+29]
	RtlUserThreadStart [0x00007FF94AC4AA58+40]

2024-04-04 12:26:25,272 [ERROR] automation Element located by i0116 is not present. Message: no such element: Unable to locate element: {"method":"css selector","selector":"[id="i0116"]"}
  (Session info: chrome=122.0.6261.131); For documentation on this error, please visit: https://www.selenium.dev/documentation/webdriver/troubleshooting/errors#no-such-element-exception
Stacktrace:
	GetHandleVerifier [0x00007FF76D67AD02+56930]
	(No symbol) [0x00007FF76D5EF602]
	(No symbol) [0x00007FF76D4A42E5]
	(No symbol) [0x00007FF76D4E98ED]
	(No symbol) [0x00007FF76D4E9A2C]
	(No symbol) [0x00007FF76D52A967]
	(No symbol) [0x00007FF76D50BCDF]
	(No symbol) [0x00007FF76D5281E2]
	(No symbol) [0x00007FF76D50BA43]
	(No symbol) [0x00007FF76D4DD438]
	(No symbol) [0x00007FF76D4DE4D1]
	GetHandleVerifier [0x00007FF76D9F6F8D+3711213]
	GetHandleVerifier [0x00007FF76DA504CD+4077101]
	GetHandleVerifier [0x00007FF76DA4865F+4044735]
	GetHandleVerifier [0x00007FF76D719736+706710]
	(No symbol) [0x00007FF76D5FB8DF]
	(No symbol) [0x00007FF76D5F6AC4]
	(No symbol) [0x00007FF76D5F6C1C]
	(No symbol) [0x00007FF76D5E68D4]
	BaseThreadInitThunk [0x00007FF9494C257D+29]
	RtlUserThreadStart [0x00007FF94AC4AA58+40]

2024-04-04 12:26:25,334 [ERROR] automation Element located by i0116 is not present. Message: no such element: Unable to locate element: {"method":"css selector","selector":"[id="i0116"]"}
  (Session info: chrome=122.0.6261.131); For documentation on this error, please visit: https://www.selenium.dev/documentation/webdriver/troubleshooting/errors#no-such-element-exception
Stacktrace:
	GetHandleVerifier [0x00007FF76D67AD02+56930]
	(No symbol) [0x00007FF76D5EF602]
	(No symbol) [0x00007FF76D4A42E5]
	(No symbol) [0x00007FF76D4E98ED]
	(No symbol) [0x00007FF76D4E9A2C]
	(No symbol) [0x00007FF76D52A967]
	(No symbol) [0x00007FF76D50BCDF]
	(No symbol) [0x00007FF76D5281E2]
	(No symbol) [0x00007FF76D50BA43]
	(No symbol) [0x00007FF76D4DD438]
	(No symbol) [0x00007FF76D4DE4D1]
	GetHandleVerifier [0x00007FF76D9F6F8D+3711213]
	GetHandleVerifier [0x00007FF76DA504CD+4077101]
	GetHandleVerifier [0x00007FF76DA4865F+4044735]
	GetHandleVerifier [0x00007FF76D719736+706710]
	(No symbol) [0x00007FF76D5FB8DF]
	(No symbol) [0x00007FF76D5F6AC4]
	(No symbol) [0x00007FF76D5F6C1C]
	(No symbol) [0x00007FF76D5E68D4]
	BaseThreadInitThunk [0x00007FF9494C257D+29]
	RtlUserThreadStart [0x00007FF94AC4AA58+40]

2024-04-04 12:26:25,496 [INFO] automation Element located by i0116 is present.
2024-04-04 12:26:32,630 [INFO] automation Element located by //div[@class='logo'] is present.
2024-04-04 12:26:41,296 [INFO] automation Element located by //div[@class='tableFixHead']/table/tbody/tr[contains(@class,'even_col')][1] is present.
2024-04-04 12:26:43,876 [INFO] automation Element located by //input[@formcontrolname='title'] is present.
2024-04-04 12:26:43,885 [INFO] automation Element located by //input[@formcontrolname='title'] is present.
2024-04-04 12:26:47,671 [INFO] automation CPU Percent: 4.0	Virtual Memory: svmem(total=12635017216, available=1369247744, percent=89.2, used=11265769472, free=1369247744)
2024-04-04 12:26:47,794 [INFO] automation screenshot logged as: C:\Users\Thanusha Kotaprolu\Automation Projects\cognine-crm-automation\RunExecutionScripts\common\logs\screenshots\test_crm_bulk_email_page_smoke_test__fail041226478514.png
2024-04-04 12:26:47,794 [ERROR] automation Test failed.
