2024-04-03 11:57:01,901 [INFO] automation Test has started.
2024-04-03 11:57:01,902 [INFO] automation Navigating to the https://chorusqa.cogninelabs.com/
2024-04-03 11:57:07,725 [ERROR] automation Element located by i0116 is not present. Message: no such element: Unable to locate element: {"method":"css selector","selector":"[id="i0116"]"}
  (Session info: chrome=122.0.6261.131); For documentation on this error, please visit: https://www.selenium.dev/documentation/webdriver/troubleshooting/errors#no-such-element-exception
Stacktrace:
	GetHandleVerifier [0x00007FF62CADAD02+56930]
	(No symbol) [0x00007FF62CA4F602]
	(No symbol) [0x00007FF62C9042E5]
	(No symbol) [0x00007FF62C9498ED]
	(No symbol) [0x00007FF62C949A2C]
	(No symbol) [0x00007FF62C98A967]
	(No symbol) [0x00007FF62C96BCDF]
	(No symbol) [0x00007FF62C9881E2]
	(No symbol) [0x00007FF62C96BA43]
	(No symbol) [0x00007FF62C93D438]
	(No symbol) [0x00007FF62C93E4D1]
	GetHandleVerifier [0x00007FF62CE56F8D+3711213]
	GetHandleVerifier [0x00007FF62CEB04CD+4077101]
	GetHandleVerifier [0x00007FF62CEA865F+4044735]
	GetHandleVerifier [0x00007FF62CB79736+706710]
	(No symbol) [0x00007FF62CA5B8DF]
	(No symbol) [0x00007FF62CA56AC4]
	(No symbol) [0x00007FF62CA56C1C]
	(No symbol) [0x00007FF62CA468D4]
	BaseThreadInitThunk [0x00007FF9494C257D+29]
	RtlUserThreadStart [0x00007FF94AC4AA58+40]

2024-04-03 11:57:07,810 [ERROR] automation Element located by i0116 is not present. Message: no such element: Unable to locate element: {"method":"css selector","selector":"[id="i0116"]"}
  (Session info: chrome=122.0.6261.131); For documentation on this error, please visit: https://www.selenium.dev/documentation/webdriver/troubleshooting/errors#no-such-element-exception
Stacktrace:
	GetHandleVerifier [0x00007FF62CADAD02+56930]
	(No symbol) [0x00007FF62CA4F602]
	(No symbol) [0x00007FF62C9042E5]
	(No symbol) [0x00007FF62C9498ED]
	(No symbol) [0x00007FF62C949A2C]
	(No symbol) [0x00007FF62C98A967]
	(No symbol) [0x00007FF62C96BCDF]
	(No symbol) [0x00007FF62C9881E2]
	(No symbol) [0x00007FF62C96BA43]
	(No symbol) [0x00007FF62C93D438]
	(No symbol) [0x00007FF62C93E4D1]
	GetHandleVerifier [0x00007FF62CE56F8D+3711213]
	GetHandleVerifier [0x00007FF62CEB04CD+4077101]
	GetHandleVerifier [0x00007FF62CEA865F+4044735]
	GetHandleVerifier [0x00007FF62CB79736+706710]
	(No symbol) [0x00007FF62CA5B8DF]
	(No symbol) [0x00007FF62CA56AC4]
	(No symbol) [0x00007FF62CA56C1C]
	(No symbol) [0x00007FF62CA468D4]
	BaseThreadInitThunk [0x00007FF9494C257D+29]
	RtlUserThreadStart [0x00007FF94AC4AA58+40]

2024-04-03 11:57:07,881 [ERROR] automation Element located by i0116 is not present. Message: no such element: Unable to locate element: {"method":"css selector","selector":"[id="i0116"]"}
  (Session info: chrome=122.0.6261.131); For documentation on this error, please visit: https://www.selenium.dev/documentation/webdriver/troubleshooting/errors#no-such-element-exception
Stacktrace:
	GetHandleVerifier [0x00007FF62CADAD02+56930]
	(No symbol) [0x00007FF62CA4F602]
	(No symbol) [0x00007FF62C9042E5]
	(No symbol) [0x00007FF62C9498ED]
	(No symbol) [0x00007FF62C949A2C]
	(No symbol) [0x00007FF62C98A967]
	(No symbol) [0x00007FF62C96BCDF]
	(No symbol) [0x00007FF62C9881E2]
	(No symbol) [0x00007FF62C96BA43]
	(No symbol) [0x00007FF62C93D438]
	(No symbol) [0x00007FF62C93E4D1]
	GetHandleVerifier [0x00007FF62CE56F8D+3711213]
	GetHandleVerifier [0x00007FF62CEB04CD+4077101]
	GetHandleVerifier [0x00007FF62CEA865F+4044735]
	GetHandleVerifier [0x00007FF62CB79736+706710]
	(No symbol) [0x00007FF62CA5B8DF]
	(No symbol) [0x00007FF62CA56AC4]
	(No symbol) [0x00007FF62CA56C1C]
	(No symbol) [0x00007FF62CA468D4]
	BaseThreadInitThunk [0x00007FF9494C257D+29]
	RtlUserThreadStart [0x00007FF94AC4AA58+40]

2024-04-03 11:57:07,939 [ERROR] automation Element located by i0116 is not present. Message: no such element: Unable to locate element: {"method":"css selector","selector":"[id="i0116"]"}
  (Session info: chrome=122.0.6261.131); For documentation on this error, please visit: https://www.selenium.dev/documentation/webdriver/troubleshooting/errors#no-such-element-exception
Stacktrace:
	GetHandleVerifier [0x00007FF62CADAD02+56930]
	(No symbol) [0x00007FF62CA4F602]
	(No symbol) [0x00007FF62C9042E5]
	(No symbol) [0x00007FF62C9498ED]
	(No symbol) [0x00007FF62C949A2C]
	(No symbol) [0x00007FF62C98A967]
	(No symbol) [0x00007FF62C96BCDF]
	(No symbol) [0x00007FF62C9881E2]
	(No symbol) [0x00007FF62C96BA43]
	(No symbol) [0x00007FF62C93D438]
	(No symbol) [0x00007FF62C93E4D1]
	GetHandleVerifier [0x00007FF62CE56F8D+3711213]
	GetHandleVerifier [0x00007FF62CEB04CD+4077101]
	GetHandleVerifier [0x00007FF62CEA865F+4044735]
	GetHandleVerifier [0x00007FF62CB79736+706710]
	(No symbol) [0x00007FF62CA5B8DF]
	(No symbol) [0x00007FF62CA56AC4]
	(No symbol) [0x00007FF62CA56C1C]
	(No symbol) [0x00007FF62CA468D4]
	BaseThreadInitThunk [0x00007FF9494C257D+29]
	RtlUserThreadStart [0x00007FF94AC4AA58+40]

2024-04-03 11:57:08,000 [ERROR] automation Element located by i0116 is not present. Message: no such element: Unable to locate element: {"method":"css selector","selector":"[id="i0116"]"}
  (Session info: chrome=122.0.6261.131); For documentation on this error, please visit: https://www.selenium.dev/documentation/webdriver/troubleshooting/errors#no-such-element-exception
Stacktrace:
	GetHandleVerifier [0x00007FF62CADAD02+56930]
	(No symbol) [0x00007FF62CA4F602]
	(No symbol) [0x00007FF62C9042E5]
	(No symbol) [0x00007FF62C9498ED]
	(No symbol) [0x00007FF62C949A2C]
	(No symbol) [0x00007FF62C98A967]
	(No symbol) [0x00007FF62C96BCDF]
	(No symbol) [0x00007FF62C9881E2]
	(No symbol) [0x00007FF62C96BA43]
	(No symbol) [0x00007FF62C93D438]
	(No symbol) [0x00007FF62C93E4D1]
	GetHandleVerifier [0x00007FF62CE56F8D+3711213]
	GetHandleVerifier [0x00007FF62CEB04CD+4077101]
	GetHandleVerifier [0x00007FF62CEA865F+4044735]
	GetHandleVerifier [0x00007FF62CB79736+706710]
	(No symbol) [0x00007FF62CA5B8DF]
	(No symbol) [0x00007FF62CA56AC4]
	(No symbol) [0x00007FF62CA56C1C]
	(No symbol) [0x00007FF62CA468D4]
	BaseThreadInitThunk [0x00007FF9494C257D+29]
	RtlUserThreadStart [0x00007FF94AC4AA58+40]

2024-04-03 11:57:08,059 [ERROR] automation Element located by i0116 is not present. Message: no such element: Unable to locate element: {"method":"css selector","selector":"[id="i0116"]"}
  (Session info: chrome=122.0.6261.131); For documentation on this error, please visit: https://www.selenium.dev/documentation/webdriver/troubleshooting/errors#no-such-element-exception
Stacktrace:
	GetHandleVerifier [0x00007FF62CADAD02+56930]
	(No symbol) [0x00007FF62CA4F602]
	(No symbol) [0x00007FF62C9042E5]
	(No symbol) [0x00007FF62C9498ED]
	(No symbol) [0x00007FF62C949A2C]
	(No symbol) [0x00007FF62C98A967]
	(No symbol) [0x00007FF62C96BCDF]
	(No symbol) [0x00007FF62C9881E2]
	(No symbol) [0x00007FF62C96BA43]
	(No symbol) [0x00007FF62C93D438]
	(No symbol) [0x00007FF62C93E4D1]
	GetHandleVerifier [0x00007FF62CE56F8D+3711213]
	GetHandleVerifier [0x00007FF62CEB04CD+4077101]
	GetHandleVerifier [0x00007FF62CEA865F+4044735]
	GetHandleVerifier [0x00007FF62CB79736+706710]
	(No symbol) [0x00007FF62CA5B8DF]
	(No symbol) [0x00007FF62CA56AC4]
	(No symbol) [0x00007FF62CA56C1C]
	(No symbol) [0x00007FF62CA468D4]
	BaseThreadInitThunk [0x00007FF9494C257D+29]
	RtlUserThreadStart [0x00007FF94AC4AA58+40]

2024-04-03 11:57:08,117 [ERROR] automation Element located by i0116 is not present. Message: no such element: Unable to locate element: {"method":"css selector","selector":"[id="i0116"]"}
  (Session info: chrome=122.0.6261.131); For documentation on this error, please visit: https://www.selenium.dev/documentation/webdriver/troubleshooting/errors#no-such-element-exception
Stacktrace:
	GetHandleVerifier [0x00007FF62CADAD02+56930]
	(No symbol) [0x00007FF62CA4F602]
	(No symbol) [0x00007FF62C9042E5]
	(No symbol) [0x00007FF62C9498ED]
	(No symbol) [0x00007FF62C949A2C]
	(No symbol) [0x00007FF62C98A967]
	(No symbol) [0x00007FF62C96BCDF]
	(No symbol) [0x00007FF62C9881E2]
	(No symbol) [0x00007FF62C96BA43]
	(No symbol) [0x00007FF62C93D438]
	(No symbol) [0x00007FF62C93E4D1]
	GetHandleVerifier [0x00007FF62CE56F8D+3711213]
	GetHandleVerifier [0x00007FF62CEB04CD+4077101]
	GetHandleVerifier [0x00007FF62CEA865F+4044735]
	GetHandleVerifier [0x00007FF62CB79736+706710]
	(No symbol) [0x00007FF62CA5B8DF]
	(No symbol) [0x00007FF62CA56AC4]
	(No symbol) [0x00007FF62CA56C1C]
	(No symbol) [0x00007FF62CA468D4]
	BaseThreadInitThunk [0x00007FF9494C257D+29]
	RtlUserThreadStart [0x00007FF94AC4AA58+40]

2024-04-03 11:57:09,389 [ERROR] automation Element located by i0116 is not present. Message: no such element: Unable to locate element: {"method":"css selector","selector":"[id="i0116"]"}
  (Session info: chrome=122.0.6261.131); For documentation on this error, please visit: https://www.selenium.dev/documentation/webdriver/troubleshooting/errors#no-such-element-exception
Stacktrace:
	GetHandleVerifier [0x00007FF62CADAD02+56930]
	(No symbol) [0x00007FF62CA4F602]
	(No symbol) [0x00007FF62C9042E5]
	(No symbol) [0x00007FF62C9498ED]
	(No symbol) [0x00007FF62C949A2C]
	(No symbol) [0x00007FF62C98A967]
	(No symbol) [0x00007FF62C96BCDF]
	(No symbol) [0x00007FF62C9881E2]
	(No symbol) [0x00007FF62C96BA43]
	(No symbol) [0x00007FF62C93D438]
	(No symbol) [0x00007FF62C93E4D1]
	GetHandleVerifier [0x00007FF62CE56F8D+3711213]
	GetHandleVerifier [0x00007FF62CEB04CD+4077101]
	GetHandleVerifier [0x00007FF62CEA865F+4044735]
	GetHandleVerifier [0x00007FF62CB79736+706710]
	(No symbol) [0x00007FF62CA5B8DF]
	(No symbol) [0x00007FF62CA56AC4]
	(No symbol) [0x00007FF62CA56C1C]
	(No symbol) [0x00007FF62CA468D4]
	BaseThreadInitThunk [0x00007FF9494C257D+29]
	RtlUserThreadStart [0x00007FF94AC4AA58+40]

2024-04-03 11:57:09,455 [ERROR] automation Element located by i0116 is not present. Message: no such element: Unable to locate element: {"method":"css selector","selector":"[id="i0116"]"}
  (Session info: chrome=122.0.6261.131); For documentation on this error, please visit: https://www.selenium.dev/documentation/webdriver/troubleshooting/errors#no-such-element-exception
Stacktrace:
	GetHandleVerifier [0x00007FF62CADAD02+56930]
	(No symbol) [0x00007FF62CA4F602]
	(No symbol) [0x00007FF62C9042E5]
	(No symbol) [0x00007FF62C9498ED]
	(No symbol) [0x00007FF62C949A2C]
	(No symbol) [0x00007FF62C98A967]
	(No symbol) [0x00007FF62C96BCDF]
	(No symbol) [0x00007FF62C9881E2]
	(No symbol) [0x00007FF62C96BA43]
	(No symbol) [0x00007FF62C93D438]
	(No symbol) [0x00007FF62C93E4D1]
	GetHandleVerifier [0x00007FF62CE56F8D+3711213]
	GetHandleVerifier [0x00007FF62CEB04CD+4077101]
	GetHandleVerifier [0x00007FF62CEA865F+4044735]
	GetHandleVerifier [0x00007FF62CB79736+706710]
	(No symbol) [0x00007FF62CA5B8DF]
	(No symbol) [0x00007FF62CA56AC4]
	(No symbol) [0x00007FF62CA56C1C]
	(No symbol) [0x00007FF62CA468D4]
	BaseThreadInitThunk [0x00007FF9494C257D+29]
	RtlUserThreadStart [0x00007FF94AC4AA58+40]

2024-04-03 11:57:09,519 [ERROR] automation Element located by i0116 is not present. Message: no such element: Unable to locate element: {"method":"css selector","selector":"[id="i0116"]"}
  (Session info: chrome=122.0.6261.131); For documentation on this error, please visit: https://www.selenium.dev/documentation/webdriver/troubleshooting/errors#no-such-element-exception
Stacktrace:
	GetHandleVerifier [0x00007FF62CADAD02+56930]
	(No symbol) [0x00007FF62CA4F602]
	(No symbol) [0x00007FF62C9042E5]
	(No symbol) [0x00007FF62C9498ED]
	(No symbol) [0x00007FF62C949A2C]
	(No symbol) [0x00007FF62C98A967]
	(No symbol) [0x00007FF62C96BCDF]
	(No symbol) [0x00007FF62C9881E2]
	(No symbol) [0x00007FF62C96BA43]
	(No symbol) [0x00007FF62C93D438]
	(No symbol) [0x00007FF62C93E4D1]
	GetHandleVerifier [0x00007FF62CE56F8D+3711213]
	GetHandleVerifier [0x00007FF62CEB04CD+4077101]
	GetHandleVerifier [0x00007FF62CEA865F+4044735]
	GetHandleVerifier [0x00007FF62CB79736+706710]
	(No symbol) [0x00007FF62CA5B8DF]
	(No symbol) [0x00007FF62CA56AC4]
	(No symbol) [0x00007FF62CA56C1C]
	(No symbol) [0x00007FF62CA468D4]
	BaseThreadInitThunk [0x00007FF9494C257D+29]
	RtlUserThreadStart [0x00007FF94AC4AA58+40]

2024-04-03 11:57:09,584 [ERROR] automation Element located by i0116 is not present. Message: no such element: Unable to locate element: {"method":"css selector","selector":"[id="i0116"]"}
  (Session info: chrome=122.0.6261.131); For documentation on this error, please visit: https://www.selenium.dev/documentation/webdriver/troubleshooting/errors#no-such-element-exception
Stacktrace:
	GetHandleVerifier [0x00007FF62CADAD02+56930]
	(No symbol) [0x00007FF62CA4F602]
	(No symbol) [0x00007FF62C9042E5]
	(No symbol) [0x00007FF62C9498ED]
	(No symbol) [0x00007FF62C949A2C]
	(No symbol) [0x00007FF62C98A967]
	(No symbol) [0x00007FF62C96BCDF]
	(No symbol) [0x00007FF62C9881E2]
	(No symbol) [0x00007FF62C96BA43]
	(No symbol) [0x00007FF62C93D438]
	(No symbol) [0x00007FF62C93E4D1]
	GetHandleVerifier [0x00007FF62CE56F8D+3711213]
	GetHandleVerifier [0x00007FF62CEB04CD+4077101]
	GetHandleVerifier [0x00007FF62CEA865F+4044735]
	GetHandleVerifier [0x00007FF62CB79736+706710]
	(No symbol) [0x00007FF62CA5B8DF]
	(No symbol) [0x00007FF62CA56AC4]
	(No symbol) [0x00007FF62CA56C1C]
	(No symbol) [0x00007FF62CA468D4]
	BaseThreadInitThunk [0x00007FF9494C257D+29]
	RtlUserThreadStart [0x00007FF94AC4AA58+40]

2024-04-03 11:57:09,655 [ERROR] automation Element located by i0116 is not present. Message: no such element: Unable to locate element: {"method":"css selector","selector":"[id="i0116"]"}
  (Session info: chrome=122.0.6261.131); For documentation on this error, please visit: https://www.selenium.dev/documentation/webdriver/troubleshooting/errors#no-such-element-exception
Stacktrace:
	GetHandleVerifier [0x00007FF62CADAD02+56930]
	(No symbol) [0x00007FF62CA4F602]
	(No symbol) [0x00007FF62C9042E5]
	(No symbol) [0x00007FF62C9498ED]
	(No symbol) [0x00007FF62C949A2C]
	(No symbol) [0x00007FF62C98A967]
	(No symbol) [0x00007FF62C96BCDF]
	(No symbol) [0x00007FF62C9881E2]
	(No symbol) [0x00007FF62C96BA43]
	(No symbol) [0x00007FF62C93D438]
	(No symbol) [0x00007FF62C93E4D1]
	GetHandleVerifier [0x00007FF62CE56F8D+3711213]
	GetHandleVerifier [0x00007FF62CEB04CD+4077101]
	GetHandleVerifier [0x00007FF62CEA865F+4044735]
	GetHandleVerifier [0x00007FF62CB79736+706710]
	(No symbol) [0x00007FF62CA5B8DF]
	(No symbol) [0x00007FF62CA56AC4]
	(No symbol) [0x00007FF62CA56C1C]
	(No symbol) [0x00007FF62CA468D4]
	BaseThreadInitThunk [0x00007FF9494C257D+29]
	RtlUserThreadStart [0x00007FF94AC4AA58+40]

2024-04-03 11:57:09,854 [INFO] automation Element located by i0116 is present.
2024-04-03 11:57:17,048 [INFO] automation Element located by //div[@class='logo'] is present.
2024-04-03 11:57:22,077 [INFO] automation Element located by //div[@class='tableFixHead']/table/tbody/tr[contains(@class,'even_col')][1] is present.
2024-04-03 11:57:24,522 [INFO] automation Element located by //input[@formcontrolname='email'] is present.
2024-04-03 11:57:24,529 [INFO] automation Element located by //input[@formcontrolname='email'] is present.
2024-04-03 11:57:24,930 [ERROR] automation Element located by //span[contains(text(),'Email Address already exists')] is not present. Message: no such element: Unable to locate element: {"method":"xpath","selector":"//span[contains(text(),'Email Address already exists')]"}
  (Session info: chrome=122.0.6261.131); For documentation on this error, please visit: https://www.selenium.dev/documentation/webdriver/troubleshooting/errors#no-such-element-exception
Stacktrace:
	GetHandleVerifier [0x00007FF62CADAD02+56930]
	(No symbol) [0x00007FF62CA4F602]
	(No symbol) [0x00007FF62C9042E5]
	(No symbol) [0x00007FF62C9498ED]
	(No symbol) [0x00007FF62C949A2C]
	(No symbol) [0x00007FF62C98A967]
	(No symbol) [0x00007FF62C96BCDF]
	(No symbol) [0x00007FF62C9881E2]
	(No symbol) [0x00007FF62C96BA43]
	(No symbol) [0x00007FF62C93D438]
	(No symbol) [0x00007FF62C93E4D1]
	GetHandleVerifier [0x00007FF62CE56F8D+3711213]
	GetHandleVerifier [0x00007FF62CEB04CD+4077101]
	GetHandleVerifier [0x00007FF62CEA865F+4044735]
	GetHandleVerifier [0x00007FF62CB79736+706710]
	(No symbol) [0x00007FF62CA5B8DF]
	(No symbol) [0x00007FF62CA56AC4]
	(No symbol) [0x00007FF62CA56C1C]
	(No symbol) [0x00007FF62CA468D4]
	BaseThreadInitThunk [0x00007FF9494C257D+29]
	RtlUserThreadStart [0x00007FF94AC4AA58+40]

2024-04-03 11:57:24,943 [ERROR] automation Element located by //div[@role='alert' and contains(text(),'success') or contains(text(),'Success')] is not present. Message: no such element: Unable to locate element: {"method":"xpath","selector":"//div[@role='alert' and contains(text(),'success') or contains(text(),'Success')]"}
  (Session info: chrome=122.0.6261.131); For documentation on this error, please visit: https://www.selenium.dev/documentation/webdriver/troubleshooting/errors#no-such-element-exception
Stacktrace:
	GetHandleVerifier [0x00007FF62CADAD02+56930]
	(No symbol) [0x00007FF62CA4F602]
	(No symbol) [0x00007FF62C9042E5]
	(No symbol) [0x00007FF62C9498ED]
	(No symbol) [0x00007FF62C949A2C]
	(No symbol) [0x00007FF62C98A967]
	(No symbol) [0x00007FF62C96BCDF]
	(No symbol) [0x00007FF62C9881E2]
	(No symbol) [0x00007FF62C96BA43]
	(No symbol) [0x00007FF62C93D438]
	(No symbol) [0x00007FF62C93E4D1]
	GetHandleVerifier [0x00007FF62CE56F8D+3711213]
	GetHandleVerifier [0x00007FF62CEB04CD+4077101]
	GetHandleVerifier [0x00007FF62CEA865F+4044735]
	GetHandleVerifier [0x00007FF62CB79736+706710]
	(No symbol) [0x00007FF62CA5B8DF]
	(No symbol) [0x00007FF62CA56AC4]
	(No symbol) [0x00007FF62CA56C1C]
	(No symbol) [0x00007FF62CA468D4]
	BaseThreadInitThunk [0x00007FF9494C257D+29]
	RtlUserThreadStart [0x00007FF94AC4AA58+40]

2024-04-03 11:57:24,944 [INFO] automation Test passed.
2024-04-03 11:57:24,960 [INFO] automation Test has started.
2024-04-03 11:57:24,960 [INFO] automation Navigating to the https://chorusqa.cogninelabs.com/
2024-04-03 11:57:32,580 [ERROR] automation Element located by i0116 is not present. Message: no such element: Unable to locate element: {"method":"css selector","selector":"[id="i0116"]"}
  (Session info: chrome=122.0.6261.131); For documentation on this error, please visit: https://www.selenium.dev/documentation/webdriver/troubleshooting/errors#no-such-element-exception
Stacktrace:
	GetHandleVerifier [0x00007FF62CADAD02+56930]
	(No symbol) [0x00007FF62CA4F602]
	(No symbol) [0x00007FF62C9042E5]
	(No symbol) [0x00007FF62C9498ED]
	(No symbol) [0x00007FF62C949A2C]
	(No symbol) [0x00007FF62C98A967]
	(No symbol) [0x00007FF62C96BCDF]
	(No symbol) [0x00007FF62C9881E2]
	(No symbol) [0x00007FF62C96BA43]
	(No symbol) [0x00007FF62C93D438]
	(No symbol) [0x00007FF62C93E4D1]
	GetHandleVerifier [0x00007FF62CE56F8D+3711213]
	GetHandleVerifier [0x00007FF62CEB04CD+4077101]
	GetHandleVerifier [0x00007FF62CEA865F+4044735]
	GetHandleVerifier [0x00007FF62CB79736+706710]
	(No symbol) [0x00007FF62CA5B8DF]
	(No symbol) [0x00007FF62CA56AC4]
	(No symbol) [0x00007FF62CA56C1C]
	(No symbol) [0x00007FF62CA468D4]
	BaseThreadInitThunk [0x00007FF9494C257D+29]
	RtlUserThreadStart [0x00007FF94AC4AA58+40]

2024-04-03 11:57:32,642 [ERROR] automation Element located by i0116 is not present. Message: no such element: Unable to locate element: {"method":"css selector","selector":"[id="i0116"]"}
  (Session info: chrome=122.0.6261.131); For documentation on this error, please visit: https://www.selenium.dev/documentation/webdriver/troubleshooting/errors#no-such-element-exception
Stacktrace:
	GetHandleVerifier [0x00007FF62CADAD02+56930]
	(No symbol) [0x00007FF62CA4F602]
	(No symbol) [0x00007FF62C9042E5]
	(No symbol) [0x00007FF62C9498ED]
	(No symbol) [0x00007FF62C949A2C]
	(No symbol) [0x00007FF62C98A967]
	(No symbol) [0x00007FF62C96BCDF]
	(No symbol) [0x00007FF62C9881E2]
	(No symbol) [0x00007FF62C96BA43]
	(No symbol) [0x00007FF62C93D438]
	(No symbol) [0x00007FF62C93E4D1]
	GetHandleVerifier [0x00007FF62CE56F8D+3711213]
	GetHandleVerifier [0x00007FF62CEB04CD+4077101]
	GetHandleVerifier [0x00007FF62CEA865F+4044735]
	GetHandleVerifier [0x00007FF62CB79736+706710]
	(No symbol) [0x00007FF62CA5B8DF]
	(No symbol) [0x00007FF62CA56AC4]
	(No symbol) [0x00007FF62CA56C1C]
	(No symbol) [0x00007FF62CA468D4]
	BaseThreadInitThunk [0x00007FF9494C257D+29]
	RtlUserThreadStart [0x00007FF94AC4AA58+40]

2024-04-03 11:57:32,701 [ERROR] automation Element located by i0116 is not present. Message: no such element: Unable to locate element: {"method":"css selector","selector":"[id="i0116"]"}
  (Session info: chrome=122.0.6261.131); For documentation on this error, please visit: https://www.selenium.dev/documentation/webdriver/troubleshooting/errors#no-such-element-exception
Stacktrace:
	GetHandleVerifier [0x00007FF62CADAD02+56930]
	(No symbol) [0x00007FF62CA4F602]
	(No symbol) [0x00007FF62C9042E5]
	(No symbol) [0x00007FF62C9498ED]
	(No symbol) [0x00007FF62C949A2C]
	(No symbol) [0x00007FF62C98A967]
	(No symbol) [0x00007FF62C96BCDF]
	(No symbol) [0x00007FF62C9881E2]
	(No symbol) [0x00007FF62C96BA43]
	(No symbol) [0x00007FF62C93D438]
	(No symbol) [0x00007FF62C93E4D1]
	GetHandleVerifier [0x00007FF62CE56F8D+3711213]
	GetHandleVerifier [0x00007FF62CEB04CD+4077101]
	GetHandleVerifier [0x00007FF62CEA865F+4044735]
	GetHandleVerifier [0x00007FF62CB79736+706710]
	(No symbol) [0x00007FF62CA5B8DF]
	(No symbol) [0x00007FF62CA56AC4]
	(No symbol) [0x00007FF62CA56C1C]
	(No symbol) [0x00007FF62CA468D4]
	BaseThreadInitThunk [0x00007FF9494C257D+29]
	RtlUserThreadStart [0x00007FF94AC4AA58+40]

2024-04-03 11:57:32,765 [ERROR] automation Element located by i0116 is not present. Message: no such element: Unable to locate element: {"method":"css selector","selector":"[id="i0116"]"}
  (Session info: chrome=122.0.6261.131); For documentation on this error, please visit: https://www.selenium.dev/documentation/webdriver/troubleshooting/errors#no-such-element-exception
Stacktrace:
	GetHandleVerifier [0x00007FF62CADAD02+56930]
	(No symbol) [0x00007FF62CA4F602]
	(No symbol) [0x00007FF62C9042E5]
	(No symbol) [0x00007FF62C9498ED]
	(No symbol) [0x00007FF62C949A2C]
	(No symbol) [0x00007FF62C98A967]
	(No symbol) [0x00007FF62C96BCDF]
	(No symbol) [0x00007FF62C9881E2]
	(No symbol) [0x00007FF62C96BA43]
	(No symbol) [0x00007FF62C93D438]
	(No symbol) [0x00007FF62C93E4D1]
	GetHandleVerifier [0x00007FF62CE56F8D+3711213]
	GetHandleVerifier [0x00007FF62CEB04CD+4077101]
	GetHandleVerifier [0x00007FF62CEA865F+4044735]
	GetHandleVerifier [0x00007FF62CB79736+706710]
	(No symbol) [0x00007FF62CA5B8DF]
	(No symbol) [0x00007FF62CA56AC4]
	(No symbol) [0x00007FF62CA56C1C]
	(No symbol) [0x00007FF62CA468D4]
	BaseThreadInitThunk [0x00007FF9494C257D+29]
	RtlUserThreadStart [0x00007FF94AC4AA58+40]

2024-04-03 11:57:32,833 [ERROR] automation Element located by i0116 is not present. Message: no such element: Unable to locate element: {"method":"css selector","selector":"[id="i0116"]"}
  (Session info: chrome=122.0.6261.131); For documentation on this error, please visit: https://www.selenium.dev/documentation/webdriver/troubleshooting/errors#no-such-element-exception
Stacktrace:
	GetHandleVerifier [0x00007FF62CADAD02+56930]
	(No symbol) [0x00007FF62CA4F602]
	(No symbol) [0x00007FF62C9042E5]
	(No symbol) [0x00007FF62C9498ED]
	(No symbol) [0x00007FF62C949A2C]
	(No symbol) [0x00007FF62C98A967]
	(No symbol) [0x00007FF62C96BCDF]
	(No symbol) [0x00007FF62C9881E2]
	(No symbol) [0x00007FF62C96BA43]
	(No symbol) [0x00007FF62C93D438]
	(No symbol) [0x00007FF62C93E4D1]
	GetHandleVerifier [0x00007FF62CE56F8D+3711213]
	GetHandleVerifier [0x00007FF62CEB04CD+4077101]
	GetHandleVerifier [0x00007FF62CEA865F+4044735]
	GetHandleVerifier [0x00007FF62CB79736+706710]
	(No symbol) [0x00007FF62CA5B8DF]
	(No symbol) [0x00007FF62CA56AC4]
	(No symbol) [0x00007FF62CA56C1C]
	(No symbol) [0x00007FF62CA468D4]
	BaseThreadInitThunk [0x00007FF9494C257D+29]
	RtlUserThreadStart [0x00007FF94AC4AA58+40]

2024-04-03 11:57:32,899 [ERROR] automation Element located by i0116 is not present. Message: no such element: Unable to locate element: {"method":"css selector","selector":"[id="i0116"]"}
  (Session info: chrome=122.0.6261.131); For documentation on this error, please visit: https://www.selenium.dev/documentation/webdriver/troubleshooting/errors#no-such-element-exception
Stacktrace:
	GetHandleVerifier [0x00007FF62CADAD02+56930]
	(No symbol) [0x00007FF62CA4F602]
	(No symbol) [0x00007FF62C9042E5]
	(No symbol) [0x00007FF62C9498ED]
	(No symbol) [0x00007FF62C949A2C]
	(No symbol) [0x00007FF62C98A967]
	(No symbol) [0x00007FF62C96BCDF]
	(No symbol) [0x00007FF62C9881E2]
	(No symbol) [0x00007FF62C96BA43]
	(No symbol) [0x00007FF62C93D438]
	(No symbol) [0x00007FF62C93E4D1]
	GetHandleVerifier [0x00007FF62CE56F8D+3711213]
	GetHandleVerifier [0x00007FF62CEB04CD+4077101]
	GetHandleVerifier [0x00007FF62CEA865F+4044735]
	GetHandleVerifier [0x00007FF62CB79736+706710]
	(No symbol) [0x00007FF62CA5B8DF]
	(No symbol) [0x00007FF62CA56AC4]
	(No symbol) [0x00007FF62CA56C1C]
	(No symbol) [0x00007FF62CA468D4]
	BaseThreadInitThunk [0x00007FF9494C257D+29]
	RtlUserThreadStart [0x00007FF94AC4AA58+40]

2024-04-03 11:57:33,810 [ERROR] automation Element located by i0116 is not present. Message: no such element: Unable to locate element: {"method":"css selector","selector":"[id="i0116"]"}
  (Session info: chrome=122.0.6261.131); For documentation on this error, please visit: https://www.selenium.dev/documentation/webdriver/troubleshooting/errors#no-such-element-exception
Stacktrace:
	GetHandleVerifier [0x00007FF62CADAD02+56930]
	(No symbol) [0x00007FF62CA4F602]
	(No symbol) [0x00007FF62C9042E5]
	(No symbol) [0x00007FF62C9498ED]
	(No symbol) [0x00007FF62C949A2C]
	(No symbol) [0x00007FF62C98A967]
	(No symbol) [0x00007FF62C96BCDF]
	(No symbol) [0x00007FF62C9881E2]
	(No symbol) [0x00007FF62C96BA43]
	(No symbol) [0x00007FF62C93D438]
	(No symbol) [0x00007FF62C93E4D1]
	GetHandleVerifier [0x00007FF62CE56F8D+3711213]
	GetHandleVerifier [0x00007FF62CEB04CD+4077101]
	GetHandleVerifier [0x00007FF62CEA865F+4044735]
	GetHandleVerifier [0x00007FF62CB79736+706710]
	(No symbol) [0x00007FF62CA5B8DF]
	(No symbol) [0x00007FF62CA56AC4]
	(No symbol) [0x00007FF62CA56C1C]
	(No symbol) [0x00007FF62CA468D4]
	BaseThreadInitThunk [0x00007FF9494C257D+29]
	RtlUserThreadStart [0x00007FF94AC4AA58+40]

2024-04-03 11:57:33,903 [ERROR] automation Element located by i0116 is not present. Message: no such element: Unable to locate element: {"method":"css selector","selector":"[id="i0116"]"}
  (Session info: chrome=122.0.6261.131); For documentation on this error, please visit: https://www.selenium.dev/documentation/webdriver/troubleshooting/errors#no-such-element-exception
Stacktrace:
	GetHandleVerifier [0x00007FF62CADAD02+56930]
	(No symbol) [0x00007FF62CA4F602]
	(No symbol) [0x00007FF62C9042E5]
	(No symbol) [0x00007FF62C9498ED]
	(No symbol) [0x00007FF62C949A2C]
	(No symbol) [0x00007FF62C98A967]
	(No symbol) [0x00007FF62C96BCDF]
	(No symbol) [0x00007FF62C9881E2]
	(No symbol) [0x00007FF62C96BA43]
	(No symbol) [0x00007FF62C93D438]
	(No symbol) [0x00007FF62C93E4D1]
	GetHandleVerifier [0x00007FF62CE56F8D+3711213]
	GetHandleVerifier [0x00007FF62CEB04CD+4077101]
	GetHandleVerifier [0x00007FF62CEA865F+4044735]
	GetHandleVerifier [0x00007FF62CB79736+706710]
	(No symbol) [0x00007FF62CA5B8DF]
	(No symbol) [0x00007FF62CA56AC4]
	(No symbol) [0x00007FF62CA56C1C]
	(No symbol) [0x00007FF62CA468D4]
	BaseThreadInitThunk [0x00007FF9494C257D+29]
	RtlUserThreadStart [0x00007FF94AC4AA58+40]

2024-04-03 11:57:33,962 [ERROR] automation Element located by i0116 is not present. Message: no such element: Unable to locate element: {"method":"css selector","selector":"[id="i0116"]"}
  (Session info: chrome=122.0.6261.131); For documentation on this error, please visit: https://www.selenium.dev/documentation/webdriver/troubleshooting/errors#no-such-element-exception
Stacktrace:
	GetHandleVerifier [0x00007FF62CADAD02+56930]
	(No symbol) [0x00007FF62CA4F602]
	(No symbol) [0x00007FF62C9042E5]
	(No symbol) [0x00007FF62C9498ED]
	(No symbol) [0x00007FF62C949A2C]
	(No symbol) [0x00007FF62C98A967]
	(No symbol) [0x00007FF62C96BCDF]
	(No symbol) [0x00007FF62C9881E2]
	(No symbol) [0x00007FF62C96BA43]
	(No symbol) [0x00007FF62C93D438]
	(No symbol) [0x00007FF62C93E4D1]
	GetHandleVerifier [0x00007FF62CE56F8D+3711213]
	GetHandleVerifier [0x00007FF62CEB04CD+4077101]
	GetHandleVerifier [0x00007FF62CEA865F+4044735]
	GetHandleVerifier [0x00007FF62CB79736+706710]
	(No symbol) [0x00007FF62CA5B8DF]
	(No symbol) [0x00007FF62CA56AC4]
	(No symbol) [0x00007FF62CA56C1C]
	(No symbol) [0x00007FF62CA468D4]
	BaseThreadInitThunk [0x00007FF9494C257D+29]
	RtlUserThreadStart [0x00007FF94AC4AA58+40]

2024-04-03 11:57:34,023 [ERROR] automation Element located by i0116 is not present. Message: no such element: Unable to locate element: {"method":"css selector","selector":"[id="i0116"]"}
  (Session info: chrome=122.0.6261.131); For documentation on this error, please visit: https://www.selenium.dev/documentation/webdriver/troubleshooting/errors#no-such-element-exception
Stacktrace:
	GetHandleVerifier [0x00007FF62CADAD02+56930]
	(No symbol) [0x00007FF62CA4F602]
	(No symbol) [0x00007FF62C9042E5]
	(No symbol) [0x00007FF62C9498ED]
	(No symbol) [0x00007FF62C949A2C]
	(No symbol) [0x00007FF62C98A967]
	(No symbol) [0x00007FF62C96BCDF]
	(No symbol) [0x00007FF62C9881E2]
	(No symbol) [0x00007FF62C96BA43]
	(No symbol) [0x00007FF62C93D438]
	(No symbol) [0x00007FF62C93E4D1]
	GetHandleVerifier [0x00007FF62CE56F8D+3711213]
	GetHandleVerifier [0x00007FF62CEB04CD+4077101]
	GetHandleVerifier [0x00007FF62CEA865F+4044735]
	GetHandleVerifier [0x00007FF62CB79736+706710]
	(No symbol) [0x00007FF62CA5B8DF]
	(No symbol) [0x00007FF62CA56AC4]
	(No symbol) [0x00007FF62CA56C1C]
	(No symbol) [0x00007FF62CA468D4]
	BaseThreadInitThunk [0x00007FF9494C257D+29]
	RtlUserThreadStart [0x00007FF94AC4AA58+40]

2024-04-03 11:57:34,105 [ERROR] automation Element located by i0116 is not present. Message: no such element: Unable to locate element: {"method":"css selector","selector":"[id="i0116"]"}
  (Session info: chrome=122.0.6261.131); For documentation on this error, please visit: https://www.selenium.dev/documentation/webdriver/troubleshooting/errors#no-such-element-exception
Stacktrace:
	GetHandleVerifier [0x00007FF62CADAD02+56930]
	(No symbol) [0x00007FF62CA4F602]
	(No symbol) [0x00007FF62C9042E5]
	(No symbol) [0x00007FF62C9498ED]
	(No symbol) [0x00007FF62C949A2C]
	(No symbol) [0x00007FF62C98A967]
	(No symbol) [0x00007FF62C96BCDF]
	(No symbol) [0x00007FF62C9881E2]
	(No symbol) [0x00007FF62C96BA43]
	(No symbol) [0x00007FF62C93D438]
	(No symbol) [0x00007FF62C93E4D1]
	GetHandleVerifier [0x00007FF62CE56F8D+3711213]
	GetHandleVerifier [0x00007FF62CEB04CD+4077101]
	GetHandleVerifier [0x00007FF62CEA865F+4044735]
	GetHandleVerifier [0x00007FF62CB79736+706710]
	(No symbol) [0x00007FF62CA5B8DF]
	(No symbol) [0x00007FF62CA56AC4]
	(No symbol) [0x00007FF62CA56C1C]
	(No symbol) [0x00007FF62CA468D4]
	BaseThreadInitThunk [0x00007FF9494C257D+29]
	RtlUserThreadStart [0x00007FF94AC4AA58+40]

2024-04-03 11:57:34,282 [INFO] automation Element located by i0116 is present.
2024-04-03 11:57:42,203 [INFO] automation Element located by //div[@class='logo'] is present.
2024-04-03 11:57:46,791 [INFO] automation CPU Percent: 8.0	Virtual Memory: svmem(total=12635017216, available=697487360, percent=94.5, used=11937529856, free=697487360)
2024-04-03 11:57:46,898 [INFO] automation screenshot logged as: C:\Users\Thanusha Kotaprolu\Automation Projects\cognine-crm-automation\RunExecutionScripts\common\logs\screenshots\test_crm_bulk_email_page_smoke_test__fail031157461f3f.png
2024-04-03 11:57:46,898 [ERROR] automation Test failed.
