2024-03-15 17:30:35,962 [INFO] automation Test has started.
2024-03-15 17:30:35,963 [INFO] automation Navigating to the https://chorusqa.cogninelabs.com/
2024-03-15 17:30:41,508 [ERROR] automation Element located by i0116 is not present. Message: no such element: Unable to locate element: {"method":"css selector","selector":"[id="i0116"]"}
  (Session info: chrome=122.0.6261.129); For documentation on this error, please visit: https://www.selenium.dev/documentation/webdriver/troubleshooting/errors#no-such-element-exception
Stacktrace:
	GetHandleVerifier [0x00007FF74B39AD02+56930]
	(No symbol) [0x00007FF74B30F602]
	(No symbol) [0x00007FF74B1C42E5]
	(No symbol) [0x00007FF74B2098ED]
	(No symbol) [0x00007FF74B209A2C]
	(No symbol) [0x00007FF74B24A967]
	(No symbol) [0x00007FF74B22BCDF]
	(No symbol) [0x00007FF74B2481E2]
	(No symbol) [0x00007FF74B22BA43]
	(No symbol) [0x00007FF74B1FD438]
	(No symbol) [0x00007FF74B1FE4D1]
	GetHandleVerifier [0x00007FF74B716F8D+3711213]
	GetHandleVerifier [0x00007FF74B7704CD+4077101]
	GetHandleVerifier [0x00007FF74B76865F+4044735]
	GetHandleVerifier [0x00007FF74B439736+706710]
	(No symbol) [0x00007FF74B31B8DF]
	(No symbol) [0x00007FF74B316AC4]
	(No symbol) [0x00007FF74B316C1C]
	(No symbol) [0x00007FF74B3068D4]
	BaseThreadInitThunk [0x00007FFC367A257D+29]
	RtlUserThreadStart [0x00007FFC3736AA58+40]

2024-03-15 17:30:41,578 [ERROR] automation Element located by i0116 is not present. Message: no such element: Unable to locate element: {"method":"css selector","selector":"[id="i0116"]"}
  (Session info: chrome=122.0.6261.129); For documentation on this error, please visit: https://www.selenium.dev/documentation/webdriver/troubleshooting/errors#no-such-element-exception
Stacktrace:
	GetHandleVerifier [0x00007FF74B39AD02+56930]
	(No symbol) [0x00007FF74B30F602]
	(No symbol) [0x00007FF74B1C42E5]
	(No symbol) [0x00007FF74B2098ED]
	(No symbol) [0x00007FF74B209A2C]
	(No symbol) [0x00007FF74B24A967]
	(No symbol) [0x00007FF74B22BCDF]
	(No symbol) [0x00007FF74B2481E2]
	(No symbol) [0x00007FF74B22BA43]
	(No symbol) [0x00007FF74B1FD438]
	(No symbol) [0x00007FF74B1FE4D1]
	GetHandleVerifier [0x00007FF74B716F8D+3711213]
	GetHandleVerifier [0x00007FF74B7704CD+4077101]
	GetHandleVerifier [0x00007FF74B76865F+4044735]
	GetHandleVerifier [0x00007FF74B439736+706710]
	(No symbol) [0x00007FF74B31B8DF]
	(No symbol) [0x00007FF74B316AC4]
	(No symbol) [0x00007FF74B316C1C]
	(No symbol) [0x00007FF74B3068D4]
	BaseThreadInitThunk [0x00007FFC367A257D+29]
	RtlUserThreadStart [0x00007FFC3736AA58+40]

2024-03-15 17:30:41,642 [ERROR] automation Element located by i0116 is not present. Message: no such element: Unable to locate element: {"method":"css selector","selector":"[id="i0116"]"}
  (Session info: chrome=122.0.6261.129); For documentation on this error, please visit: https://www.selenium.dev/documentation/webdriver/troubleshooting/errors#no-such-element-exception
Stacktrace:
	GetHandleVerifier [0x00007FF74B39AD02+56930]
	(No symbol) [0x00007FF74B30F602]
	(No symbol) [0x00007FF74B1C42E5]
	(No symbol) [0x00007FF74B2098ED]
	(No symbol) [0x00007FF74B209A2C]
	(No symbol) [0x00007FF74B24A967]
	(No symbol) [0x00007FF74B22BCDF]
	(No symbol) [0x00007FF74B2481E2]
	(No symbol) [0x00007FF74B22BA43]
	(No symbol) [0x00007FF74B1FD438]
	(No symbol) [0x00007FF74B1FE4D1]
	GetHandleVerifier [0x00007FF74B716F8D+3711213]
	GetHandleVerifier [0x00007FF74B7704CD+4077101]
	GetHandleVerifier [0x00007FF74B76865F+4044735]
	GetHandleVerifier [0x00007FF74B439736+706710]
	(No symbol) [0x00007FF74B31B8DF]
	(No symbol) [0x00007FF74B316AC4]
	(No symbol) [0x00007FF74B316C1C]
	(No symbol) [0x00007FF74B3068D4]
	BaseThreadInitThunk [0x00007FFC367A257D+29]
	RtlUserThreadStart [0x00007FFC3736AA58+40]

2024-03-15 17:30:41,709 [ERROR] automation Element located by i0116 is not present. Message: no such element: Unable to locate element: {"method":"css selector","selector":"[id="i0116"]"}
  (Session info: chrome=122.0.6261.129); For documentation on this error, please visit: https://www.selenium.dev/documentation/webdriver/troubleshooting/errors#no-such-element-exception
Stacktrace:
	GetHandleVerifier [0x00007FF74B39AD02+56930]
	(No symbol) [0x00007FF74B30F602]
	(No symbol) [0x00007FF74B1C42E5]
	(No symbol) [0x00007FF74B2098ED]
	(No symbol) [0x00007FF74B209A2C]
	(No symbol) [0x00007FF74B24A967]
	(No symbol) [0x00007FF74B22BCDF]
	(No symbol) [0x00007FF74B2481E2]
	(No symbol) [0x00007FF74B22BA43]
	(No symbol) [0x00007FF74B1FD438]
	(No symbol) [0x00007FF74B1FE4D1]
	GetHandleVerifier [0x00007FF74B716F8D+3711213]
	GetHandleVerifier [0x00007FF74B7704CD+4077101]
	GetHandleVerifier [0x00007FF74B76865F+4044735]
	GetHandleVerifier [0x00007FF74B439736+706710]
	(No symbol) [0x00007FF74B31B8DF]
	(No symbol) [0x00007FF74B316AC4]
	(No symbol) [0x00007FF74B316C1C]
	(No symbol) [0x00007FF74B3068D4]
	BaseThreadInitThunk [0x00007FFC367A257D+29]
	RtlUserThreadStart [0x00007FFC3736AA58+40]

2024-03-15 17:30:41,778 [ERROR] automation Element located by i0116 is not present. Message: no such element: Unable to locate element: {"method":"css selector","selector":"[id="i0116"]"}
  (Session info: chrome=122.0.6261.129); For documentation on this error, please visit: https://www.selenium.dev/documentation/webdriver/troubleshooting/errors#no-such-element-exception
Stacktrace:
	GetHandleVerifier [0x00007FF74B39AD02+56930]
	(No symbol) [0x00007FF74B30F602]
	(No symbol) [0x00007FF74B1C42E5]
	(No symbol) [0x00007FF74B2098ED]
	(No symbol) [0x00007FF74B209A2C]
	(No symbol) [0x00007FF74B24A967]
	(No symbol) [0x00007FF74B22BCDF]
	(No symbol) [0x00007FF74B2481E2]
	(No symbol) [0x00007FF74B22BA43]
	(No symbol) [0x00007FF74B1FD438]
	(No symbol) [0x00007FF74B1FE4D1]
	GetHandleVerifier [0x00007FF74B716F8D+3711213]
	GetHandleVerifier [0x00007FF74B7704CD+4077101]
	GetHandleVerifier [0x00007FF74B76865F+4044735]
	GetHandleVerifier [0x00007FF74B439736+706710]
	(No symbol) [0x00007FF74B31B8DF]
	(No symbol) [0x00007FF74B316AC4]
	(No symbol) [0x00007FF74B316C1C]
	(No symbol) [0x00007FF74B3068D4]
	BaseThreadInitThunk [0x00007FFC367A257D+29]
	RtlUserThreadStart [0x00007FFC3736AA58+40]

2024-03-15 17:30:41,836 [ERROR] automation Element located by i0116 is not present. Message: no such element: Unable to locate element: {"method":"css selector","selector":"[id="i0116"]"}
  (Session info: chrome=122.0.6261.129); For documentation on this error, please visit: https://www.selenium.dev/documentation/webdriver/troubleshooting/errors#no-such-element-exception
Stacktrace:
	GetHandleVerifier [0x00007FF74B39AD02+56930]
	(No symbol) [0x00007FF74B30F602]
	(No symbol) [0x00007FF74B1C42E5]
	(No symbol) [0x00007FF74B2098ED]
	(No symbol) [0x00007FF74B209A2C]
	(No symbol) [0x00007FF74B24A967]
	(No symbol) [0x00007FF74B22BCDF]
	(No symbol) [0x00007FF74B2481E2]
	(No symbol) [0x00007FF74B22BA43]
	(No symbol) [0x00007FF74B1FD438]
	(No symbol) [0x00007FF74B1FE4D1]
	GetHandleVerifier [0x00007FF74B716F8D+3711213]
	GetHandleVerifier [0x00007FF74B7704CD+4077101]
	GetHandleVerifier [0x00007FF74B76865F+4044735]
	GetHandleVerifier [0x00007FF74B439736+706710]
	(No symbol) [0x00007FF74B31B8DF]
	(No symbol) [0x00007FF74B316AC4]
	(No symbol) [0x00007FF74B316C1C]
	(No symbol) [0x00007FF74B3068D4]
	BaseThreadInitThunk [0x00007FFC367A257D+29]
	RtlUserThreadStart [0x00007FFC3736AA58+40]

2024-03-15 17:30:41,900 [ERROR] automation Element located by i0116 is not present. Message: no such element: Unable to locate element: {"method":"css selector","selector":"[id="i0116"]"}
  (Session info: chrome=122.0.6261.129); For documentation on this error, please visit: https://www.selenium.dev/documentation/webdriver/troubleshooting/errors#no-such-element-exception
Stacktrace:
	GetHandleVerifier [0x00007FF74B39AD02+56930]
	(No symbol) [0x00007FF74B30F602]
	(No symbol) [0x00007FF74B1C42E5]
	(No symbol) [0x00007FF74B2098ED]
	(No symbol) [0x00007FF74B209A2C]
	(No symbol) [0x00007FF74B24A967]
	(No symbol) [0x00007FF74B22BCDF]
	(No symbol) [0x00007FF74B2481E2]
	(No symbol) [0x00007FF74B22BA43]
	(No symbol) [0x00007FF74B1FD438]
	(No symbol) [0x00007FF74B1FE4D1]
	GetHandleVerifier [0x00007FF74B716F8D+3711213]
	GetHandleVerifier [0x00007FF74B7704CD+4077101]
	GetHandleVerifier [0x00007FF74B76865F+4044735]
	GetHandleVerifier [0x00007FF74B439736+706710]
	(No symbol) [0x00007FF74B31B8DF]
	(No symbol) [0x00007FF74B316AC4]
	(No symbol) [0x00007FF74B316C1C]
	(No symbol) [0x00007FF74B3068D4]
	BaseThreadInitThunk [0x00007FFC367A257D+29]
	RtlUserThreadStart [0x00007FFC3736AA58+40]

2024-03-15 17:30:42,921 [ERROR] automation Element located by i0116 is not present. Message: no such element: Unable to locate element: {"method":"css selector","selector":"[id="i0116"]"}
  (Session info: chrome=122.0.6261.129); For documentation on this error, please visit: https://www.selenium.dev/documentation/webdriver/troubleshooting/errors#no-such-element-exception
Stacktrace:
	GetHandleVerifier [0x00007FF74B39AD02+56930]
	(No symbol) [0x00007FF74B30F602]
	(No symbol) [0x00007FF74B1C42E5]
	(No symbol) [0x00007FF74B2098ED]
	(No symbol) [0x00007FF74B209A2C]
	(No symbol) [0x00007FF74B24A967]
	(No symbol) [0x00007FF74B22BCDF]
	(No symbol) [0x00007FF74B2481E2]
	(No symbol) [0x00007FF74B22BA43]
	(No symbol) [0x00007FF74B1FD438]
	(No symbol) [0x00007FF74B1FE4D1]
	GetHandleVerifier [0x00007FF74B716F8D+3711213]
	GetHandleVerifier [0x00007FF74B7704CD+4077101]
	GetHandleVerifier [0x00007FF74B76865F+4044735]
	GetHandleVerifier [0x00007FF74B439736+706710]
	(No symbol) [0x00007FF74B31B8DF]
	(No symbol) [0x00007FF74B316AC4]
	(No symbol) [0x00007FF74B316C1C]
	(No symbol) [0x00007FF74B3068D4]
	BaseThreadInitThunk [0x00007FFC367A257D+29]
	RtlUserThreadStart [0x00007FFC3736AA58+40]

2024-03-15 17:30:42,984 [ERROR] automation Element located by i0116 is not present. Message: no such element: Unable to locate element: {"method":"css selector","selector":"[id="i0116"]"}
  (Session info: chrome=122.0.6261.129); For documentation on this error, please visit: https://www.selenium.dev/documentation/webdriver/troubleshooting/errors#no-such-element-exception
Stacktrace:
	GetHandleVerifier [0x00007FF74B39AD02+56930]
	(No symbol) [0x00007FF74B30F602]
	(No symbol) [0x00007FF74B1C42E5]
	(No symbol) [0x00007FF74B2098ED]
	(No symbol) [0x00007FF74B209A2C]
	(No symbol) [0x00007FF74B24A967]
	(No symbol) [0x00007FF74B22BCDF]
	(No symbol) [0x00007FF74B2481E2]
	(No symbol) [0x00007FF74B22BA43]
	(No symbol) [0x00007FF74B1FD438]
	(No symbol) [0x00007FF74B1FE4D1]
	GetHandleVerifier [0x00007FF74B716F8D+3711213]
	GetHandleVerifier [0x00007FF74B7704CD+4077101]
	GetHandleVerifier [0x00007FF74B76865F+4044735]
	GetHandleVerifier [0x00007FF74B439736+706710]
	(No symbol) [0x00007FF74B31B8DF]
	(No symbol) [0x00007FF74B316AC4]
	(No symbol) [0x00007FF74B316C1C]
	(No symbol) [0x00007FF74B3068D4]
	BaseThreadInitThunk [0x00007FFC367A257D+29]
	RtlUserThreadStart [0x00007FFC3736AA58+40]

2024-03-15 17:30:43,045 [ERROR] automation Element located by i0116 is not present. Message: no such element: Unable to locate element: {"method":"css selector","selector":"[id="i0116"]"}
  (Session info: chrome=122.0.6261.129); For documentation on this error, please visit: https://www.selenium.dev/documentation/webdriver/troubleshooting/errors#no-such-element-exception
Stacktrace:
	GetHandleVerifier [0x00007FF74B39AD02+56930]
	(No symbol) [0x00007FF74B30F602]
	(No symbol) [0x00007FF74B1C42E5]
	(No symbol) [0x00007FF74B2098ED]
	(No symbol) [0x00007FF74B209A2C]
	(No symbol) [0x00007FF74B24A967]
	(No symbol) [0x00007FF74B22BCDF]
	(No symbol) [0x00007FF74B2481E2]
	(No symbol) [0x00007FF74B22BA43]
	(No symbol) [0x00007FF74B1FD438]
	(No symbol) [0x00007FF74B1FE4D1]
	GetHandleVerifier [0x00007FF74B716F8D+3711213]
	GetHandleVerifier [0x00007FF74B7704CD+4077101]
	GetHandleVerifier [0x00007FF74B76865F+4044735]
	GetHandleVerifier [0x00007FF74B439736+706710]
	(No symbol) [0x00007FF74B31B8DF]
	(No symbol) [0x00007FF74B316AC4]
	(No symbol) [0x00007FF74B316C1C]
	(No symbol) [0x00007FF74B3068D4]
	BaseThreadInitThunk [0x00007FFC367A257D+29]
	RtlUserThreadStart [0x00007FFC3736AA58+40]

2024-03-15 17:30:43,101 [ERROR] automation Element located by i0116 is not present. Message: no such element: Unable to locate element: {"method":"css selector","selector":"[id="i0116"]"}
  (Session info: chrome=122.0.6261.129); For documentation on this error, please visit: https://www.selenium.dev/documentation/webdriver/troubleshooting/errors#no-such-element-exception
Stacktrace:
	GetHandleVerifier [0x00007FF74B39AD02+56930]
	(No symbol) [0x00007FF74B30F602]
	(No symbol) [0x00007FF74B1C42E5]
	(No symbol) [0x00007FF74B2098ED]
	(No symbol) [0x00007FF74B209A2C]
	(No symbol) [0x00007FF74B24A967]
	(No symbol) [0x00007FF74B22BCDF]
	(No symbol) [0x00007FF74B2481E2]
	(No symbol) [0x00007FF74B22BA43]
	(No symbol) [0x00007FF74B1FD438]
	(No symbol) [0x00007FF74B1FE4D1]
	GetHandleVerifier [0x00007FF74B716F8D+3711213]
	GetHandleVerifier [0x00007FF74B7704CD+4077101]
	GetHandleVerifier [0x00007FF74B76865F+4044735]
	GetHandleVerifier [0x00007FF74B439736+706710]
	(No symbol) [0x00007FF74B31B8DF]
	(No symbol) [0x00007FF74B316AC4]
	(No symbol) [0x00007FF74B316C1C]
	(No symbol) [0x00007FF74B3068D4]
	BaseThreadInitThunk [0x00007FFC367A257D+29]
	RtlUserThreadStart [0x00007FFC3736AA58+40]

2024-03-15 17:30:43,240 [INFO] automation Element located by i0116 is present.
2024-03-15 17:30:56,556 [INFO] automation Element located by //div[@class='logo'] is present.
2024-03-15 17:31:02,799 [INFO] automation Element located by //div[@class='tableFixHead']/table/tbody/tr[contains(@class,'even_col')][1] is present.
2024-03-15 17:31:07,273 [INFO] automation Element located by notes is present.
2024-03-15 17:31:07,281 [INFO] automation Element located by notes is present.
2024-03-15 17:31:10,783 [ERROR] automation Element located by //div[@role='alert' and contains(text(),'success') or contains(text(),'Success')] is not present. Message: no such element: Unable to locate element: {"method":"xpath","selector":"//div[@role='alert' and contains(text(),'success') or contains(text(),'Success')]"}
  (Session info: chrome=122.0.6261.129); For documentation on this error, please visit: https://www.selenium.dev/documentation/webdriver/troubleshooting/errors#no-such-element-exception
Stacktrace:
	GetHandleVerifier [0x00007FF74B39AD02+56930]
	(No symbol) [0x00007FF74B30F602]
	(No symbol) [0x00007FF74B1C42E5]
	(No symbol) [0x00007FF74B2098ED]
	(No symbol) [0x00007FF74B209A2C]
	(No symbol) [0x00007FF74B24A967]
	(No symbol) [0x00007FF74B22BCDF]
	(No symbol) [0x00007FF74B2481E2]
	(No symbol) [0x00007FF74B22BA43]
	(No symbol) [0x00007FF74B1FD438]
	(No symbol) [0x00007FF74B1FE4D1]
	GetHandleVerifier [0x00007FF74B716F8D+3711213]
	GetHandleVerifier [0x00007FF74B7704CD+4077101]
	GetHandleVerifier [0x00007FF74B76865F+4044735]
	GetHandleVerifier [0x00007FF74B439736+706710]
	(No symbol) [0x00007FF74B31B8DF]
	(No symbol) [0x00007FF74B316AC4]
	(No symbol) [0x00007FF74B316C1C]
	(No symbol) [0x00007FF74B3068D4]
	BaseThreadInitThunk [0x00007FFC367A257D+29]
	RtlUserThreadStart [0x00007FFC3736AA58+40]

2024-03-15 17:31:10,938 [INFO] automation Element located by //div[@role='alert' and contains(text(),'success') or contains(text(),'Success')] is present.
2024-03-15 17:31:15,416 [INFO] automation Element located by firstname is present.
2024-03-15 17:31:18,643 [ERROR] automation Element located by //div[@role='alert' and contains(text(),'success') or contains(text(),'Success')] is not present. Message: no such element: Unable to locate element: {"method":"xpath","selector":"//div[@role='alert' and contains(text(),'success') or contains(text(),'Success')]"}
  (Session info: chrome=122.0.6261.129); For documentation on this error, please visit: https://www.selenium.dev/documentation/webdriver/troubleshooting/errors#no-such-element-exception
Stacktrace:
	GetHandleVerifier [0x00007FF74B39AD02+56930]
	(No symbol) [0x00007FF74B30F602]
	(No symbol) [0x00007FF74B1C42E5]
	(No symbol) [0x00007FF74B2098ED]
	(No symbol) [0x00007FF74B209A2C]
	(No symbol) [0x00007FF74B24A967]
	(No symbol) [0x00007FF74B22BCDF]
	(No symbol) [0x00007FF74B2481E2]
	(No symbol) [0x00007FF74B22BA43]
	(No symbol) [0x00007FF74B1FD438]
	(No symbol) [0x00007FF74B1FE4D1]
	GetHandleVerifier [0x00007FF74B716F8D+3711213]
	GetHandleVerifier [0x00007FF74B7704CD+4077101]
	GetHandleVerifier [0x00007FF74B76865F+4044735]
	GetHandleVerifier [0x00007FF74B439736+706710]
	(No symbol) [0x00007FF74B31B8DF]
	(No symbol) [0x00007FF74B316AC4]
	(No symbol) [0x00007FF74B316C1C]
	(No symbol) [0x00007FF74B3068D4]
	BaseThreadInitThunk [0x00007FFC367A257D+29]
	RtlUserThreadStart [0x00007FFC3736AA58+40]

2024-03-15 17:31:18,704 [ERROR] automation Element located by //div[@role='alert' and contains(text(),'success') or contains(text(),'Success')] is not present. Message: no such element: Unable to locate element: {"method":"xpath","selector":"//div[@role='alert' and contains(text(),'success') or contains(text(),'Success')]"}
  (Session info: chrome=122.0.6261.129); For documentation on this error, please visit: https://www.selenium.dev/documentation/webdriver/troubleshooting/errors#no-such-element-exception
Stacktrace:
	GetHandleVerifier [0x00007FF74B39AD02+56930]
	(No symbol) [0x00007FF74B30F602]
	(No symbol) [0x00007FF74B1C42E5]
	(No symbol) [0x00007FF74B2098ED]
	(No symbol) [0x00007FF74B209A2C]
	(No symbol) [0x00007FF74B24A967]
	(No symbol) [0x00007FF74B22BCDF]
	(No symbol) [0x00007FF74B2481E2]
	(No symbol) [0x00007FF74B22BA43]
	(No symbol) [0x00007FF74B1FD438]
	(No symbol) [0x00007FF74B1FE4D1]
	GetHandleVerifier [0x00007FF74B716F8D+3711213]
	GetHandleVerifier [0x00007FF74B7704CD+4077101]
	GetHandleVerifier [0x00007FF74B76865F+4044735]
	GetHandleVerifier [0x00007FF74B439736+706710]
	(No symbol) [0x00007FF74B31B8DF]
	(No symbol) [0x00007FF74B316AC4]
	(No symbol) [0x00007FF74B316C1C]
	(No symbol) [0x00007FF74B3068D4]
	BaseThreadInitThunk [0x00007FFC367A257D+29]
	RtlUserThreadStart [0x00007FFC3736AA58+40]

2024-03-15 17:31:18,769 [INFO] automation Element located by //div[@role='alert' and contains(text(),'success') or contains(text(),'Success')] is present.
2024-03-15 17:31:23,293 [INFO] automation Element located by fname is present.
2024-03-15 17:31:23,296 [INFO] automation Element located by fname is present.
2024-03-15 17:31:25,523 [INFO] automation Element located by //div[@class='tableFixHead']/table/tbody/tr[1]/td[contains(text(),'ContactFirstName15173058195c')] is present.
2024-03-15 17:31:25,524 [INFO] automation Test passed.
