2024-04-04 14:28:27,956 [INFO] automation Test has started.
2024-04-04 14:28:27,957 [INFO] automation Navigating to the https://chorusqa.cogninelabs.com/
2024-04-04 14:28:33,936 [ERROR] automation Element located by i0116 is not present. Message: no such element: Unable to locate element: {"method":"css selector","selector":"[id="i0116"]"}
  (Session info: chrome=122.0.6261.131); For documentation on this error, please visit: https://www.selenium.dev/documentation/webdriver/troubleshooting/errors#no-such-element-exception
Stacktrace:
	GetHandleVerifier [0x00007FF7D2E4AD02+56930]
	(No symbol) [0x00007FF7D2DBF602]
	(No symbol) [0x00007FF7D2C742E5]
	(No symbol) [0x00007FF7D2CB98ED]
	(No symbol) [0x00007FF7D2CB9A2C]
	(No symbol) [0x00007FF7D2CFA967]
	(No symbol) [0x00007FF7D2CDBCDF]
	(No symbol) [0x00007FF7D2CF81E2]
	(No symbol) [0x00007FF7D2CDBA43]
	(No symbol) [0x00007FF7D2CAD438]
	(No symbol) [0x00007FF7D2CAE4D1]
	GetHandleVerifier [0x00007FF7D31C6F8D+3711213]
	GetHandleVerifier [0x00007FF7D32204CD+4077101]
	GetHandleVerifier [0x00007FF7D321865F+4044735]
	GetHandleVerifier [0x00007FF7D2EE9736+706710]
	(No symbol) [0x00007FF7D2DCB8DF]
	(No symbol) [0x00007FF7D2DC6AC4]
	(No symbol) [0x00007FF7D2DC6C1C]
	(No symbol) [0x00007FF7D2DB68D4]
	BaseThreadInitThunk [0x00007FF9494C257D+29]
	RtlUserThreadStart [0x00007FF94AC4AA58+40]

2024-04-04 14:28:33,998 [ERROR] automation Element located by i0116 is not present. Message: no such element: Unable to locate element: {"method":"css selector","selector":"[id="i0116"]"}
  (Session info: chrome=122.0.6261.131); For documentation on this error, please visit: https://www.selenium.dev/documentation/webdriver/troubleshooting/errors#no-such-element-exception
Stacktrace:
	GetHandleVerifier [0x00007FF7D2E4AD02+56930]
	(No symbol) [0x00007FF7D2DBF602]
	(No symbol) [0x00007FF7D2C742E5]
	(No symbol) [0x00007FF7D2CB98ED]
	(No symbol) [0x00007FF7D2CB9A2C]
	(No symbol) [0x00007FF7D2CFA967]
	(No symbol) [0x00007FF7D2CDBCDF]
	(No symbol) [0x00007FF7D2CF81E2]
	(No symbol) [0x00007FF7D2CDBA43]
	(No symbol) [0x00007FF7D2CAD438]
	(No symbol) [0x00007FF7D2CAE4D1]
	GetHandleVerifier [0x00007FF7D31C6F8D+3711213]
	GetHandleVerifier [0x00007FF7D32204CD+4077101]
	GetHandleVerifier [0x00007FF7D321865F+4044735]
	GetHandleVerifier [0x00007FF7D2EE9736+706710]
	(No symbol) [0x00007FF7D2DCB8DF]
	(No symbol) [0x00007FF7D2DC6AC4]
	(No symbol) [0x00007FF7D2DC6C1C]
	(No symbol) [0x00007FF7D2DB68D4]
	BaseThreadInitThunk [0x00007FF9494C257D+29]
	RtlUserThreadStart [0x00007FF94AC4AA58+40]

2024-04-04 14:28:34,063 [ERROR] automation Element located by i0116 is not present. Message: no such element: Unable to locate element: {"method":"css selector","selector":"[id="i0116"]"}
  (Session info: chrome=122.0.6261.131); For documentation on this error, please visit: https://www.selenium.dev/documentation/webdriver/troubleshooting/errors#no-such-element-exception
Stacktrace:
	GetHandleVerifier [0x00007FF7D2E4AD02+56930]
	(No symbol) [0x00007FF7D2DBF602]
	(No symbol) [0x00007FF7D2C742E5]
	(No symbol) [0x00007FF7D2CB98ED]
	(No symbol) [0x00007FF7D2CB9A2C]
	(No symbol) [0x00007FF7D2CFA967]
	(No symbol) [0x00007FF7D2CDBCDF]
	(No symbol) [0x00007FF7D2CF81E2]
	(No symbol) [0x00007FF7D2CDBA43]
	(No symbol) [0x00007FF7D2CAD438]
	(No symbol) [0x00007FF7D2CAE4D1]
	GetHandleVerifier [0x00007FF7D31C6F8D+3711213]
	GetHandleVerifier [0x00007FF7D32204CD+4077101]
	GetHandleVerifier [0x00007FF7D321865F+4044735]
	GetHandleVerifier [0x00007FF7D2EE9736+706710]
	(No symbol) [0x00007FF7D2DCB8DF]
	(No symbol) [0x00007FF7D2DC6AC4]
	(No symbol) [0x00007FF7D2DC6C1C]
	(No symbol) [0x00007FF7D2DB68D4]
	BaseThreadInitThunk [0x00007FF9494C257D+29]
	RtlUserThreadStart [0x00007FF94AC4AA58+40]

2024-04-04 14:28:34,134 [ERROR] automation Element located by i0116 is not present. Message: no such element: Unable to locate element: {"method":"css selector","selector":"[id="i0116"]"}
  (Session info: chrome=122.0.6261.131); For documentation on this error, please visit: https://www.selenium.dev/documentation/webdriver/troubleshooting/errors#no-such-element-exception
Stacktrace:
	GetHandleVerifier [0x00007FF7D2E4AD02+56930]
	(No symbol) [0x00007FF7D2DBF602]
	(No symbol) [0x00007FF7D2C742E5]
	(No symbol) [0x00007FF7D2CB98ED]
	(No symbol) [0x00007FF7D2CB9A2C]
	(No symbol) [0x00007FF7D2CFA967]
	(No symbol) [0x00007FF7D2CDBCDF]
	(No symbol) [0x00007FF7D2CF81E2]
	(No symbol) [0x00007FF7D2CDBA43]
	(No symbol) [0x00007FF7D2CAD438]
	(No symbol) [0x00007FF7D2CAE4D1]
	GetHandleVerifier [0x00007FF7D31C6F8D+3711213]
	GetHandleVerifier [0x00007FF7D32204CD+4077101]
	GetHandleVerifier [0x00007FF7D321865F+4044735]
	GetHandleVerifier [0x00007FF7D2EE9736+706710]
	(No symbol) [0x00007FF7D2DCB8DF]
	(No symbol) [0x00007FF7D2DC6AC4]
	(No symbol) [0x00007FF7D2DC6C1C]
	(No symbol) [0x00007FF7D2DB68D4]
	BaseThreadInitThunk [0x00007FF9494C257D+29]
	RtlUserThreadStart [0x00007FF94AC4AA58+40]

2024-04-04 14:28:34,194 [ERROR] automation Element located by i0116 is not present. Message: no such element: Unable to locate element: {"method":"css selector","selector":"[id="i0116"]"}
  (Session info: chrome=122.0.6261.131); For documentation on this error, please visit: https://www.selenium.dev/documentation/webdriver/troubleshooting/errors#no-such-element-exception
Stacktrace:
	GetHandleVerifier [0x00007FF7D2E4AD02+56930]
	(No symbol) [0x00007FF7D2DBF602]
	(No symbol) [0x00007FF7D2C742E5]
	(No symbol) [0x00007FF7D2CB98ED]
	(No symbol) [0x00007FF7D2CB9A2C]
	(No symbol) [0x00007FF7D2CFA967]
	(No symbol) [0x00007FF7D2CDBCDF]
	(No symbol) [0x00007FF7D2CF81E2]
	(No symbol) [0x00007FF7D2CDBA43]
	(No symbol) [0x00007FF7D2CAD438]
	(No symbol) [0x00007FF7D2CAE4D1]
	GetHandleVerifier [0x00007FF7D31C6F8D+3711213]
	GetHandleVerifier [0x00007FF7D32204CD+4077101]
	GetHandleVerifier [0x00007FF7D321865F+4044735]
	GetHandleVerifier [0x00007FF7D2EE9736+706710]
	(No symbol) [0x00007FF7D2DCB8DF]
	(No symbol) [0x00007FF7D2DC6AC4]
	(No symbol) [0x00007FF7D2DC6C1C]
	(No symbol) [0x00007FF7D2DB68D4]
	BaseThreadInitThunk [0x00007FF9494C257D+29]
	RtlUserThreadStart [0x00007FF94AC4AA58+40]

2024-04-04 14:28:34,252 [ERROR] automation Element located by i0116 is not present. Message: no such element: Unable to locate element: {"method":"css selector","selector":"[id="i0116"]"}
  (Session info: chrome=122.0.6261.131); For documentation on this error, please visit: https://www.selenium.dev/documentation/webdriver/troubleshooting/errors#no-such-element-exception
Stacktrace:
	GetHandleVerifier [0x00007FF7D2E4AD02+56930]
	(No symbol) [0x00007FF7D2DBF602]
	(No symbol) [0x00007FF7D2C742E5]
	(No symbol) [0x00007FF7D2CB98ED]
	(No symbol) [0x00007FF7D2CB9A2C]
	(No symbol) [0x00007FF7D2CFA967]
	(No symbol) [0x00007FF7D2CDBCDF]
	(No symbol) [0x00007FF7D2CF81E2]
	(No symbol) [0x00007FF7D2CDBA43]
	(No symbol) [0x00007FF7D2CAD438]
	(No symbol) [0x00007FF7D2CAE4D1]
	GetHandleVerifier [0x00007FF7D31C6F8D+3711213]
	GetHandleVerifier [0x00007FF7D32204CD+4077101]
	GetHandleVerifier [0x00007FF7D321865F+4044735]
	GetHandleVerifier [0x00007FF7D2EE9736+706710]
	(No symbol) [0x00007FF7D2DCB8DF]
	(No symbol) [0x00007FF7D2DC6AC4]
	(No symbol) [0x00007FF7D2DC6C1C]
	(No symbol) [0x00007FF7D2DB68D4]
	BaseThreadInitThunk [0x00007FF9494C257D+29]
	RtlUserThreadStart [0x00007FF94AC4AA58+40]

2024-04-04 14:28:36,129 [ERROR] automation Element located by i0116 is not present. Message: no such element: Unable to locate element: {"method":"css selector","selector":"[id="i0116"]"}
  (Session info: chrome=122.0.6261.131); For documentation on this error, please visit: https://www.selenium.dev/documentation/webdriver/troubleshooting/errors#no-such-element-exception
Stacktrace:
	GetHandleVerifier [0x00007FF7D2E4AD02+56930]
	(No symbol) [0x00007FF7D2DBF602]
	(No symbol) [0x00007FF7D2C742E5]
	(No symbol) [0x00007FF7D2CB98ED]
	(No symbol) [0x00007FF7D2CB9A2C]
	(No symbol) [0x00007FF7D2CFA967]
	(No symbol) [0x00007FF7D2CDBCDF]
	(No symbol) [0x00007FF7D2CF81E2]
	(No symbol) [0x00007FF7D2CDBA43]
	(No symbol) [0x00007FF7D2CAD438]
	(No symbol) [0x00007FF7D2CAE4D1]
	GetHandleVerifier [0x00007FF7D31C6F8D+3711213]
	GetHandleVerifier [0x00007FF7D32204CD+4077101]
	GetHandleVerifier [0x00007FF7D321865F+4044735]
	GetHandleVerifier [0x00007FF7D2EE9736+706710]
	(No symbol) [0x00007FF7D2DCB8DF]
	(No symbol) [0x00007FF7D2DC6AC4]
	(No symbol) [0x00007FF7D2DC6C1C]
	(No symbol) [0x00007FF7D2DB68D4]
	BaseThreadInitThunk [0x00007FF9494C257D+29]
	RtlUserThreadStart [0x00007FF94AC4AA58+40]

2024-04-04 14:28:36,285 [INFO] automation Element located by i0116 is present.
2024-04-04 14:28:43,624 [INFO] automation Element located by //div[@class='logo'] is present.
2024-04-04 14:28:48,824 [INFO] automation Element located by //div[@class='tableFixHead']/table/tbody/tr[contains(@class,'even_col')][1] is present.
2024-04-04 14:28:51,271 [INFO] automation Element located by //input[@formcontrolname='email'] is present.
2024-04-04 14:28:51,276 [INFO] automation Element located by //input[@formcontrolname='email'] is present.
2024-04-04 14:28:51,649 [ERROR] automation Element located by //span[contains(text(),'Email Address already exists')] is not present. Message: no such element: Unable to locate element: {"method":"xpath","selector":"//span[contains(text(),'Email Address already exists')]"}
  (Session info: chrome=122.0.6261.131); For documentation on this error, please visit: https://www.selenium.dev/documentation/webdriver/troubleshooting/errors#no-such-element-exception
Stacktrace:
	GetHandleVerifier [0x00007FF7D2E4AD02+56930]
	(No symbol) [0x00007FF7D2DBF602]
	(No symbol) [0x00007FF7D2C742E5]
	(No symbol) [0x00007FF7D2CB98ED]
	(No symbol) [0x00007FF7D2CB9A2C]
	(No symbol) [0x00007FF7D2CFA967]
	(No symbol) [0x00007FF7D2CDBCDF]
	(No symbol) [0x00007FF7D2CF81E2]
	(No symbol) [0x00007FF7D2CDBA43]
	(No symbol) [0x00007FF7D2CAD438]
	(No symbol) [0x00007FF7D2CAE4D1]
	GetHandleVerifier [0x00007FF7D31C6F8D+3711213]
	GetHandleVerifier [0x00007FF7D32204CD+4077101]
	GetHandleVerifier [0x00007FF7D321865F+4044735]
	GetHandleVerifier [0x00007FF7D2EE9736+706710]
	(No symbol) [0x00007FF7D2DCB8DF]
	(No symbol) [0x00007FF7D2DC6AC4]
	(No symbol) [0x00007FF7D2DC6C1C]
	(No symbol) [0x00007FF7D2DB68D4]
	BaseThreadInitThunk [0x00007FF9494C257D+29]
	RtlUserThreadStart [0x00007FF94AC4AA58+40]

2024-04-04 14:28:51,660 [ERROR] automation Element located by //div[@role='alert' and contains(text(),'success') or contains(text(),'Success')] is not present. Message: no such element: Unable to locate element: {"method":"xpath","selector":"//div[@role='alert' and contains(text(),'success') or contains(text(),'Success')]"}
  (Session info: chrome=122.0.6261.131); For documentation on this error, please visit: https://www.selenium.dev/documentation/webdriver/troubleshooting/errors#no-such-element-exception
Stacktrace:
	GetHandleVerifier [0x00007FF7D2E4AD02+56930]
	(No symbol) [0x00007FF7D2DBF602]
	(No symbol) [0x00007FF7D2C742E5]
	(No symbol) [0x00007FF7D2CB98ED]
	(No symbol) [0x00007FF7D2CB9A2C]
	(No symbol) [0x00007FF7D2CFA967]
	(No symbol) [0x00007FF7D2CDBCDF]
	(No symbol) [0x00007FF7D2CF81E2]
	(No symbol) [0x00007FF7D2CDBA43]
	(No symbol) [0x00007FF7D2CAD438]
	(No symbol) [0x00007FF7D2CAE4D1]
	GetHandleVerifier [0x00007FF7D31C6F8D+3711213]
	GetHandleVerifier [0x00007FF7D32204CD+4077101]
	GetHandleVerifier [0x00007FF7D321865F+4044735]
	GetHandleVerifier [0x00007FF7D2EE9736+706710]
	(No symbol) [0x00007FF7D2DCB8DF]
	(No symbol) [0x00007FF7D2DC6AC4]
	(No symbol) [0x00007FF7D2DC6C1C]
	(No symbol) [0x00007FF7D2DB68D4]
	BaseThreadInitThunk [0x00007FF9494C257D+29]
	RtlUserThreadStart [0x00007FF94AC4AA58+40]

2024-04-04 14:28:51,660 [INFO] automation Test passed.
2024-04-04 14:28:51,670 [INFO] automation Test has started.
2024-04-04 14:28:51,670 [INFO] automation Navigating to the https://chorusqa.cogninelabs.com/
2024-04-04 14:28:59,989 [ERROR] automation Element located by i0116 is not present. Message: no such element: Unable to locate element: {"method":"css selector","selector":"[id="i0116"]"}
  (Session info: chrome=122.0.6261.131); For documentation on this error, please visit: https://www.selenium.dev/documentation/webdriver/troubleshooting/errors#no-such-element-exception
Stacktrace:
	GetHandleVerifier [0x00007FF7D2E4AD02+56930]
	(No symbol) [0x00007FF7D2DBF602]
	(No symbol) [0x00007FF7D2C742E5]
	(No symbol) [0x00007FF7D2CB98ED]
	(No symbol) [0x00007FF7D2CB9A2C]
	(No symbol) [0x00007FF7D2CFA967]
	(No symbol) [0x00007FF7D2CDBCDF]
	(No symbol) [0x00007FF7D2CF81E2]
	(No symbol) [0x00007FF7D2CDBA43]
	(No symbol) [0x00007FF7D2CAD438]
	(No symbol) [0x00007FF7D2CAE4D1]
	GetHandleVerifier [0x00007FF7D31C6F8D+3711213]
	GetHandleVerifier [0x00007FF7D32204CD+4077101]
	GetHandleVerifier [0x00007FF7D321865F+4044735]
	GetHandleVerifier [0x00007FF7D2EE9736+706710]
	(No symbol) [0x00007FF7D2DCB8DF]
	(No symbol) [0x00007FF7D2DC6AC4]
	(No symbol) [0x00007FF7D2DC6C1C]
	(No symbol) [0x00007FF7D2DB68D4]
	BaseThreadInitThunk [0x00007FF9494C257D+29]
	RtlUserThreadStart [0x00007FF94AC4AA58+40]

2024-04-04 14:29:00,050 [ERROR] automation Element located by i0116 is not present. Message: no such element: Unable to locate element: {"method":"css selector","selector":"[id="i0116"]"}
  (Session info: chrome=122.0.6261.131); For documentation on this error, please visit: https://www.selenium.dev/documentation/webdriver/troubleshooting/errors#no-such-element-exception
Stacktrace:
	GetHandleVerifier [0x00007FF7D2E4AD02+56930]
	(No symbol) [0x00007FF7D2DBF602]
	(No symbol) [0x00007FF7D2C742E5]
	(No symbol) [0x00007FF7D2CB98ED]
	(No symbol) [0x00007FF7D2CB9A2C]
	(No symbol) [0x00007FF7D2CFA967]
	(No symbol) [0x00007FF7D2CDBCDF]
	(No symbol) [0x00007FF7D2CF81E2]
	(No symbol) [0x00007FF7D2CDBA43]
	(No symbol) [0x00007FF7D2CAD438]
	(No symbol) [0x00007FF7D2CAE4D1]
	GetHandleVerifier [0x00007FF7D31C6F8D+3711213]
	GetHandleVerifier [0x00007FF7D32204CD+4077101]
	GetHandleVerifier [0x00007FF7D321865F+4044735]
	GetHandleVerifier [0x00007FF7D2EE9736+706710]
	(No symbol) [0x00007FF7D2DCB8DF]
	(No symbol) [0x00007FF7D2DC6AC4]
	(No symbol) [0x00007FF7D2DC6C1C]
	(No symbol) [0x00007FF7D2DB68D4]
	BaseThreadInitThunk [0x00007FF9494C257D+29]
	RtlUserThreadStart [0x00007FF94AC4AA58+40]

2024-04-04 14:29:00,108 [ERROR] automation Element located by i0116 is not present. Message: no such element: Unable to locate element: {"method":"css selector","selector":"[id="i0116"]"}
  (Session info: chrome=122.0.6261.131); For documentation on this error, please visit: https://www.selenium.dev/documentation/webdriver/troubleshooting/errors#no-such-element-exception
Stacktrace:
	GetHandleVerifier [0x00007FF7D2E4AD02+56930]
	(No symbol) [0x00007FF7D2DBF602]
	(No symbol) [0x00007FF7D2C742E5]
	(No symbol) [0x00007FF7D2CB98ED]
	(No symbol) [0x00007FF7D2CB9A2C]
	(No symbol) [0x00007FF7D2CFA967]
	(No symbol) [0x00007FF7D2CDBCDF]
	(No symbol) [0x00007FF7D2CF81E2]
	(No symbol) [0x00007FF7D2CDBA43]
	(No symbol) [0x00007FF7D2CAD438]
	(No symbol) [0x00007FF7D2CAE4D1]
	GetHandleVerifier [0x00007FF7D31C6F8D+3711213]
	GetHandleVerifier [0x00007FF7D32204CD+4077101]
	GetHandleVerifier [0x00007FF7D321865F+4044735]
	GetHandleVerifier [0x00007FF7D2EE9736+706710]
	(No symbol) [0x00007FF7D2DCB8DF]
	(No symbol) [0x00007FF7D2DC6AC4]
	(No symbol) [0x00007FF7D2DC6C1C]
	(No symbol) [0x00007FF7D2DB68D4]
	BaseThreadInitThunk [0x00007FF9494C257D+29]
	RtlUserThreadStart [0x00007FF94AC4AA58+40]

2024-04-04 14:29:00,170 [ERROR] automation Element located by i0116 is not present. Message: no such element: Unable to locate element: {"method":"css selector","selector":"[id="i0116"]"}
  (Session info: chrome=122.0.6261.131); For documentation on this error, please visit: https://www.selenium.dev/documentation/webdriver/troubleshooting/errors#no-such-element-exception
Stacktrace:
	GetHandleVerifier [0x00007FF7D2E4AD02+56930]
	(No symbol) [0x00007FF7D2DBF602]
	(No symbol) [0x00007FF7D2C742E5]
	(No symbol) [0x00007FF7D2CB98ED]
	(No symbol) [0x00007FF7D2CB9A2C]
	(No symbol) [0x00007FF7D2CFA967]
	(No symbol) [0x00007FF7D2CDBCDF]
	(No symbol) [0x00007FF7D2CF81E2]
	(No symbol) [0x00007FF7D2CDBA43]
	(No symbol) [0x00007FF7D2CAD438]
	(No symbol) [0x00007FF7D2CAE4D1]
	GetHandleVerifier [0x00007FF7D31C6F8D+3711213]
	GetHandleVerifier [0x00007FF7D32204CD+4077101]
	GetHandleVerifier [0x00007FF7D321865F+4044735]
	GetHandleVerifier [0x00007FF7D2EE9736+706710]
	(No symbol) [0x00007FF7D2DCB8DF]
	(No symbol) [0x00007FF7D2DC6AC4]
	(No symbol) [0x00007FF7D2DC6C1C]
	(No symbol) [0x00007FF7D2DB68D4]
	BaseThreadInitThunk [0x00007FF9494C257D+29]
	RtlUserThreadStart [0x00007FF94AC4AA58+40]

2024-04-04 14:29:00,231 [ERROR] automation Element located by i0116 is not present. Message: no such element: Unable to locate element: {"method":"css selector","selector":"[id="i0116"]"}
  (Session info: chrome=122.0.6261.131); For documentation on this error, please visit: https://www.selenium.dev/documentation/webdriver/troubleshooting/errors#no-such-element-exception
Stacktrace:
	GetHandleVerifier [0x00007FF7D2E4AD02+56930]
	(No symbol) [0x00007FF7D2DBF602]
	(No symbol) [0x00007FF7D2C742E5]
	(No symbol) [0x00007FF7D2CB98ED]
	(No symbol) [0x00007FF7D2CB9A2C]
	(No symbol) [0x00007FF7D2CFA967]
	(No symbol) [0x00007FF7D2CDBCDF]
	(No symbol) [0x00007FF7D2CF81E2]
	(No symbol) [0x00007FF7D2CDBA43]
	(No symbol) [0x00007FF7D2CAD438]
	(No symbol) [0x00007FF7D2CAE4D1]
	GetHandleVerifier [0x00007FF7D31C6F8D+3711213]
	GetHandleVerifier [0x00007FF7D32204CD+4077101]
	GetHandleVerifier [0x00007FF7D321865F+4044735]
	GetHandleVerifier [0x00007FF7D2EE9736+706710]
	(No symbol) [0x00007FF7D2DCB8DF]
	(No symbol) [0x00007FF7D2DC6AC4]
	(No symbol) [0x00007FF7D2DC6C1C]
	(No symbol) [0x00007FF7D2DB68D4]
	BaseThreadInitThunk [0x00007FF9494C257D+29]
	RtlUserThreadStart [0x00007FF94AC4AA58+40]

2024-04-04 14:29:00,295 [ERROR] automation Element located by i0116 is not present. Message: no such element: Unable to locate element: {"method":"css selector","selector":"[id="i0116"]"}
  (Session info: chrome=122.0.6261.131); For documentation on this error, please visit: https://www.selenium.dev/documentation/webdriver/troubleshooting/errors#no-such-element-exception
Stacktrace:
	GetHandleVerifier [0x00007FF7D2E4AD02+56930]
	(No symbol) [0x00007FF7D2DBF602]
	(No symbol) [0x00007FF7D2C742E5]
	(No symbol) [0x00007FF7D2CB98ED]
	(No symbol) [0x00007FF7D2CB9A2C]
	(No symbol) [0x00007FF7D2CFA967]
	(No symbol) [0x00007FF7D2CDBCDF]
	(No symbol) [0x00007FF7D2CF81E2]
	(No symbol) [0x00007FF7D2CDBA43]
	(No symbol) [0x00007FF7D2CAD438]
	(No symbol) [0x00007FF7D2CAE4D1]
	GetHandleVerifier [0x00007FF7D31C6F8D+3711213]
	GetHandleVerifier [0x00007FF7D32204CD+4077101]
	GetHandleVerifier [0x00007FF7D321865F+4044735]
	GetHandleVerifier [0x00007FF7D2EE9736+706710]
	(No symbol) [0x00007FF7D2DCB8DF]
	(No symbol) [0x00007FF7D2DC6AC4]
	(No symbol) [0x00007FF7D2DC6C1C]
	(No symbol) [0x00007FF7D2DB68D4]
	BaseThreadInitThunk [0x00007FF9494C257D+29]
	RtlUserThreadStart [0x00007FF94AC4AA58+40]

2024-04-04 14:29:00,359 [ERROR] automation Element located by i0116 is not present. Message: no such element: Unable to locate element: {"method":"css selector","selector":"[id="i0116"]"}
  (Session info: chrome=122.0.6261.131); For documentation on this error, please visit: https://www.selenium.dev/documentation/webdriver/troubleshooting/errors#no-such-element-exception
Stacktrace:
	GetHandleVerifier [0x00007FF7D2E4AD02+56930]
	(No symbol) [0x00007FF7D2DBF602]
	(No symbol) [0x00007FF7D2C742E5]
	(No symbol) [0x00007FF7D2CB98ED]
	(No symbol) [0x00007FF7D2CB9A2C]
	(No symbol) [0x00007FF7D2CFA967]
	(No symbol) [0x00007FF7D2CDBCDF]
	(No symbol) [0x00007FF7D2CF81E2]
	(No symbol) [0x00007FF7D2CDBA43]
	(No symbol) [0x00007FF7D2CAD438]
	(No symbol) [0x00007FF7D2CAE4D1]
	GetHandleVerifier [0x00007FF7D31C6F8D+3711213]
	GetHandleVerifier [0x00007FF7D32204CD+4077101]
	GetHandleVerifier [0x00007FF7D321865F+4044735]
	GetHandleVerifier [0x00007FF7D2EE9736+706710]
	(No symbol) [0x00007FF7D2DCB8DF]
	(No symbol) [0x00007FF7D2DC6AC4]
	(No symbol) [0x00007FF7D2DC6C1C]
	(No symbol) [0x00007FF7D2DB68D4]
	BaseThreadInitThunk [0x00007FF9494C257D+29]
	RtlUserThreadStart [0x00007FF94AC4AA58+40]

2024-04-04 14:29:00,412 [ERROR] automation Element located by i0116 is not present. Message: no such element: Unable to locate element: {"method":"css selector","selector":"[id="i0116"]"}
  (Session info: chrome=122.0.6261.131); For documentation on this error, please visit: https://www.selenium.dev/documentation/webdriver/troubleshooting/errors#no-such-element-exception
Stacktrace:
	GetHandleVerifier [0x00007FF7D2E4AD02+56930]
	(No symbol) [0x00007FF7D2DBF602]
	(No symbol) [0x00007FF7D2C742E5]
	(No symbol) [0x00007FF7D2CB98ED]
	(No symbol) [0x00007FF7D2CB9A2C]
	(No symbol) [0x00007FF7D2CFA967]
	(No symbol) [0x00007FF7D2CDBCDF]
	(No symbol) [0x00007FF7D2CF81E2]
	(No symbol) [0x00007FF7D2CDBA43]
	(No symbol) [0x00007FF7D2CAD438]
	(No symbol) [0x00007FF7D2CAE4D1]
	GetHandleVerifier [0x00007FF7D31C6F8D+3711213]
	GetHandleVerifier [0x00007FF7D32204CD+4077101]
	GetHandleVerifier [0x00007FF7D321865F+4044735]
	GetHandleVerifier [0x00007FF7D2EE9736+706710]
	(No symbol) [0x00007FF7D2DCB8DF]
	(No symbol) [0x00007FF7D2DC6AC4]
	(No symbol) [0x00007FF7D2DC6C1C]
	(No symbol) [0x00007FF7D2DB68D4]
	BaseThreadInitThunk [0x00007FF9494C257D+29]
	RtlUserThreadStart [0x00007FF94AC4AA58+40]

2024-04-04 14:29:00,476 [ERROR] automation Element located by i0116 is not present. Message: no such element: Unable to locate element: {"method":"css selector","selector":"[id="i0116"]"}
  (Session info: chrome=122.0.6261.131); For documentation on this error, please visit: https://www.selenium.dev/documentation/webdriver/troubleshooting/errors#no-such-element-exception
Stacktrace:
	GetHandleVerifier [0x00007FF7D2E4AD02+56930]
	(No symbol) [0x00007FF7D2DBF602]
	(No symbol) [0x00007FF7D2C742E5]
	(No symbol) [0x00007FF7D2CB98ED]
	(No symbol) [0x00007FF7D2CB9A2C]
	(No symbol) [0x00007FF7D2CFA967]
	(No symbol) [0x00007FF7D2CDBCDF]
	(No symbol) [0x00007FF7D2CF81E2]
	(No symbol) [0x00007FF7D2CDBA43]
	(No symbol) [0x00007FF7D2CAD438]
	(No symbol) [0x00007FF7D2CAE4D1]
	GetHandleVerifier [0x00007FF7D31C6F8D+3711213]
	GetHandleVerifier [0x00007FF7D32204CD+4077101]
	GetHandleVerifier [0x00007FF7D321865F+4044735]
	GetHandleVerifier [0x00007FF7D2EE9736+706710]
	(No symbol) [0x00007FF7D2DCB8DF]
	(No symbol) [0x00007FF7D2DC6AC4]
	(No symbol) [0x00007FF7D2DC6C1C]
	(No symbol) [0x00007FF7D2DB68D4]
	BaseThreadInitThunk [0x00007FF9494C257D+29]
	RtlUserThreadStart [0x00007FF94AC4AA58+40]

2024-04-04 14:29:01,348 [ERROR] automation Element located by i0116 is not present. Message: no such element: Unable to locate element: {"method":"css selector","selector":"[id="i0116"]"}
  (Session info: chrome=122.0.6261.131); For documentation on this error, please visit: https://www.selenium.dev/documentation/webdriver/troubleshooting/errors#no-such-element-exception
Stacktrace:
	GetHandleVerifier [0x00007FF7D2E4AD02+56930]
	(No symbol) [0x00007FF7D2DBF602]
	(No symbol) [0x00007FF7D2C742E5]
	(No symbol) [0x00007FF7D2CB98ED]
	(No symbol) [0x00007FF7D2CB9A2C]
	(No symbol) [0x00007FF7D2CFA967]
	(No symbol) [0x00007FF7D2CDBCDF]
	(No symbol) [0x00007FF7D2CF81E2]
	(No symbol) [0x00007FF7D2CDBA43]
	(No symbol) [0x00007FF7D2CAD438]
	(No symbol) [0x00007FF7D2CAE4D1]
	GetHandleVerifier [0x00007FF7D31C6F8D+3711213]
	GetHandleVerifier [0x00007FF7D32204CD+4077101]
	GetHandleVerifier [0x00007FF7D321865F+4044735]
	GetHandleVerifier [0x00007FF7D2EE9736+706710]
	(No symbol) [0x00007FF7D2DCB8DF]
	(No symbol) [0x00007FF7D2DC6AC4]
	(No symbol) [0x00007FF7D2DC6C1C]
	(No symbol) [0x00007FF7D2DB68D4]
	BaseThreadInitThunk [0x00007FF9494C257D+29]
	RtlUserThreadStart [0x00007FF94AC4AA58+40]

2024-04-04 14:29:01,414 [ERROR] automation Element located by i0116 is not present. Message: no such element: Unable to locate element: {"method":"css selector","selector":"[id="i0116"]"}
  (Session info: chrome=122.0.6261.131); For documentation on this error, please visit: https://www.selenium.dev/documentation/webdriver/troubleshooting/errors#no-such-element-exception
Stacktrace:
	GetHandleVerifier [0x00007FF7D2E4AD02+56930]
	(No symbol) [0x00007FF7D2DBF602]
	(No symbol) [0x00007FF7D2C742E5]
	(No symbol) [0x00007FF7D2CB98ED]
	(No symbol) [0x00007FF7D2CB9A2C]
	(No symbol) [0x00007FF7D2CFA967]
	(No symbol) [0x00007FF7D2CDBCDF]
	(No symbol) [0x00007FF7D2CF81E2]
	(No symbol) [0x00007FF7D2CDBA43]
	(No symbol) [0x00007FF7D2CAD438]
	(No symbol) [0x00007FF7D2CAE4D1]
	GetHandleVerifier [0x00007FF7D31C6F8D+3711213]
	GetHandleVerifier [0x00007FF7D32204CD+4077101]
	GetHandleVerifier [0x00007FF7D321865F+4044735]
	GetHandleVerifier [0x00007FF7D2EE9736+706710]
	(No symbol) [0x00007FF7D2DCB8DF]
	(No symbol) [0x00007FF7D2DC6AC4]
	(No symbol) [0x00007FF7D2DC6C1C]
	(No symbol) [0x00007FF7D2DB68D4]
	BaseThreadInitThunk [0x00007FF9494C257D+29]
	RtlUserThreadStart [0x00007FF94AC4AA58+40]

2024-04-04 14:29:01,612 [INFO] automation Element located by i0116 is present.
2024-04-04 14:29:09,039 [INFO] automation Element located by //div[@class='logo'] is present.
2024-04-04 14:29:13,509 [INFO] automation Element located by //div[@class='tableFixHead']/table/tbody/tr[contains(@class,'even_col')][1] is present.
2024-04-04 14:29:16,097 [INFO] automation Element located by //input[@formcontrolname='title'] is present.
2024-04-04 14:29:16,097 [INFO] automation Element located by //input[@formcontrolname='title'] is present.
2024-04-04 14:29:19,969 [INFO] automation CPU Percent: 24.1	Virtual Memory: svmem(total=12635017216, available=651313152, percent=94.8, used=11983704064, free=651313152)
2024-04-04 14:29:20,081 [INFO] automation screenshot logged as: C:\Users\Thanusha Kotaprolu\Automation Projects\cognine-crm-automation\RunExecutionScripts\common\logs\screenshots\test_crm_bulk_email_page_smoke_test__fail0414291987b4.png
2024-04-04 14:29:20,081 [ERROR] automation Test failed.
